# gunzip -c exp/tri1/decode/depth_stats_tmp.*.gz | steps/diagnostic/analyze_lattice_depth_stats.py exp/tri1/graph 
# Started at Fri Apr 10 22:26:35 CEST 2020
#
The total amount of data analyzed assuming 100 frames per second is 5.4 hours
Overall, lattice depth (10,50,90-percentile)=(2,8,41) and mean=17.3
Nonsilence phones as a group account for 81.8% of frames, with lattice depth (10,50,90-percentile)=(2,9,43) and mean=18.2
Phone SILE accounts for 18.2% of frames, with lattice depth (10,50,90-percentile)=(1,6,31) and mean=13.3
Phone Z_E accounts for 2.7% of frames, with lattice depth (10,50,90-percentile)=(2,8,36) and mean=15.9
Phone S_B accounts for 2.4% of frames, with lattice depth (10,50,90-percentile)=(2,11,46) and mean=19.7
Phone N_I accounts for 2.2% of frames, with lattice depth (10,50,90-percentile)=(2,8,44) and mean=18.6
Phone T_E accounts for 2.0% of frames, with lattice depth (10,50,90-percentile)=(2,13,57) and mean=24.0
Phone AH0_I accounts for 1.9% of frames, with lattice depth (10,50,90-percentile)=(1,6,36) and mean=14.8
Phone N_E accounts for 1.9% of frames, with lattice depth (10,50,90-percentile)=(2,12,55) and mean=23.0
Phone S_I accounts for 1.8% of frames, with lattice depth (10,50,90-percentile)=(1,7,32) and mean=13.5
Phone S_E accounts for 1.8% of frames, with lattice depth (10,50,90-percentile)=(1,8,38) and mean=16.4
Phone L_I accounts for 1.8% of frames, with lattice depth (10,50,90-percentile)=(1,7,37) and mean=15.1
Phone EH1_I accounts for 1.8% of frames, with lattice depth (10,50,90-percentile)=(2,9,40) and mean=17.2
Phone AE1_I accounts for 1.8% of frames, with lattice depth (10,50,90-percentile)=(2,9,44) and mean=18.4
Phone R_I accounts for 1.7% of frames, with lattice depth (10,50,90-percentile)=(2,8,38) and mean=16.4
Phone D_E accounts for 1.7% of frames, with lattice depth (10,50,90-percentile)=(2,12,52) and mean=21.9
Phone IY0_E accounts for 1.7% of frames, with lattice depth (10,50,90-percentile)=(1,6,33) and mean=14.2
Phone T_I accounts for 1.6% of frames, with lattice depth (10,50,90-percentile)=(2,7,40) and mean=16.4
Phone W_B accounts for 1.6% of frames, with lattice depth (10,50,90-percentile)=(2,9,36) and mean=16.6
Phone DH_B accounts for 1.5% of frames, with lattice depth (10,50,90-percentile)=(3,11,48) and mean=20.8
Phone AY1_I accounts for 1.4% of frames, with lattice depth (10,50,90-percentile)=(2,9,41) and mean=17.6
Phone T_B accounts for 1.4% of frames, with lattice depth (10,50,90-percentile)=(3,10,44) and mean=18.9
Phone HH_B accounts for 1.3% of frames, with lattice depth (10,50,90-percentile)=(2,9,40) and mean=17.5
Phone ER0_E accounts for 1.3% of frames, with lattice depth (10,50,90-percentile)=(1,7,37) and mean=16.3
Phone AA1_I accounts for 1.3% of frames, with lattice depth (10,50,90-percentile)=(2,9,44) and mean=18.6
Phone EY1_I accounts for 1.2% of frames, with lattice depth (10,50,90-percentile)=(2,8,41) and mean=17.2
Phone L_E accounts for 1.2% of frames, with lattice depth (10,50,90-percentile)=(1,8,41) and mean=16.5
Phone K_B accounts for 1.2% of frames, with lattice depth (10,50,90-percentile)=(2,10,45) and mean=19.7
Phone F_B accounts for 1.2% of frames, with lattice depth (10,50,90-percentile)=(2,9,43) and mean=18.7
Phone IH1_I accounts for 1.2% of frames, with lattice depth (10,50,90-percentile)=(2,9,44) and mean=19.2
Phone IH0_I accounts for 1.2% of frames, with lattice depth (10,50,90-percentile)=(1,6,37) and mean=15.4
Phone AO1_I accounts for 1.1% of frames, with lattice depth (10,50,90-percentile)=(2,9,39) and mean=16.8
Phone IY1_I accounts for 1.0% of frames, with lattice depth (10,50,90-percentile)=(2,9,43) and mean=17.5
Phone AH1_I accounts for 1.0% of frames, with lattice depth (10,50,90-percentile)=(2,8,41) and mean=17.8
Phone K_I accounts for 1.0% of frames, with lattice depth (10,50,90-percentile)=(2,7,34) and mean=15.3
Phone M_B accounts for 0.9% of frames, with lattice depth (10,50,90-percentile)=(2,10,45) and mean=20.1
Phone P_B accounts for 0.9% of frames, with lattice depth (10,50,90-percentile)=(2,10,45) and mean=19.5
Phone AE1_B accounts for 0.9% of frames, with lattice depth (10,50,90-percentile)=(3,10,48) and mean=20.4
Phone IY1_E accounts for 0.8% of frames, with lattice depth (10,50,90-percentile)=(2,9,41) and mean=18.7
Phone V_E accounts for 0.8% of frames, with lattice depth (10,50,90-percentile)=(3,12,50) and mean=21.7
Phone B_B accounts for 0.8% of frames, with lattice depth (10,50,90-percentile)=(3,11,48) and mean=20.7
Phone NG_E accounts for 0.8% of frames, with lattice depth (10,50,90-percentile)=(1,7,33) and mean=13.9
Phone P_I accounts for 0.8% of frames, with lattice depth (10,50,90-percentile)=(2,7,37) and mean=16.4
Phone AH0_B accounts for 0.8% of frames, with lattice depth (10,50,90-percentile)=(3,12,53) and mean=23.4
Phone R_E accounts for 0.8% of frames, with lattice depth (10,50,90-percentile)=(3,11,44) and mean=19.1
Phone AH0_E accounts for 0.7% of frames, with lattice depth (10,50,90-percentile)=(3,11,50) and mean=21.8
Phone M_I accounts for 0.7% of frames, with lattice depth (10,50,90-percentile)=(2,7,36) and mean=15.5
Phone OW1_I accounts for 0.7% of frames, with lattice depth (10,50,90-percentile)=(2,9,42) and mean=18.4
Phone M_E accounts for 0.7% of frames, with lattice depth (10,50,90-percentile)=(2,9,47) and mean=19.8
Phone ER0_I accounts for 0.7% of frames, with lattice depth (10,50,90-percentile)=(1,5,28) and mean=11.4
Phone UW1_E accounts for 0.6% of frames, with lattice depth (10,50,90-percentile)=(3,10,42) and mean=19.0
Phone ER1_I accounts for 0.6% of frames, with lattice depth (10,50,90-percentile)=(2,8,41) and mean=18.2
Phone L_B accounts for 0.6% of frames, with lattice depth (10,50,90-percentile)=(3,13,56) and mean=24.4
Phone D_B accounts for 0.6% of frames, with lattice depth (10,50,90-percentile)=(3,13,55) and mean=23.7
Phone IH0_B accounts for 0.6% of frames, with lattice depth (10,50,90-percentile)=(4,15,64) and mean=28.1
Phone IH1_B accounts for 0.6% of frames, with lattice depth (10,50,90-percentile)=(3,12,48) and mean=22.3
Phone AO1_B accounts for 0.6% of frames, with lattice depth (10,50,90-percentile)=(2,9,40) and mean=16.1
Phone N_B accounts for 0.6% of frames, with lattice depth (10,50,90-percentile)=(2,12,48) and mean=21.5
Phone AW1_I accounts for 0.5% of frames, with lattice depth (10,50,90-percentile)=(2,8,35) and mean=14.8
Phone R_B accounts for 0.5% of frames, with lattice depth (10,50,90-percentile)=(2,11,48) and mean=20.6
Phone SH_I accounts for 0.5% of frames, with lattice depth (10,50,90-percentile)=(1,5,28) and mean=11.6
# Accounting: time=0 threads=1
# Ended (code 0) at Fri Apr 10 22:26:35 CEST 2020, elapsed time 0 seconds
