# gunzip -c exp/tri3a/decode/depth_stats_tmp.*.gz | steps/diagnostic/analyze_lattice_depth_stats.py exp/tri3a/graph 
# Started at Fri Feb 21 11:15:48 CET 2020
#
The total amount of data analyzed assuming 100 frames per second is 5.4 hours
Overall, lattice depth (10,50,90-percentile)=(1,5,26) and mean=11.2
Nonsilence phones as a group account for 83.1% of frames, with lattice depth (10,50,90-percentile)=(1,6,27) and mean=11.7
Phone SILE accounts for 16.9% of frames, with lattice depth (10,50,90-percentile)=(1,4,19) and mean=8.6
Phone Z_E accounts for 2.6% of frames, with lattice depth (10,50,90-percentile)=(1,6,24) and mean=10.6
Phone S_B accounts for 2.4% of frames, with lattice depth (10,50,90-percentile)=(2,7,28) and mean=12.2
Phone T_E accounts for 2.3% of frames, with lattice depth (10,50,90-percentile)=(1,7,33) and mean=14.2
Phone N_I accounts for 2.2% of frames, with lattice depth (10,50,90-percentile)=(1,5,26) and mean=11.5
Phone AH0_I accounts for 2.1% of frames, with lattice depth (10,50,90-percentile)=(1,4,21) and mean=9.2
Phone N_E accounts for 2.0% of frames, with lattice depth (10,50,90-percentile)=(1,7,36) and mean=15.1
Phone EH1_I accounts for 1.9% of frames, with lattice depth (10,50,90-percentile)=(2,6,28) and mean=11.9
Phone D_E accounts for 1.8% of frames, with lattice depth (10,50,90-percentile)=(2,7,31) and mean=13.6
Phone S_E accounts for 1.8% of frames, with lattice depth (10,50,90-percentile)=(1,5,25) and mean=10.4
Phone R_I accounts for 1.8% of frames, with lattice depth (10,50,90-percentile)=(1,6,25) and mean=11.0
Phone L_I accounts for 1.8% of frames, with lattice depth (10,50,90-percentile)=(1,4,22) and mean=9.6
Phone AE1_I accounts for 1.7% of frames, with lattice depth (10,50,90-percentile)=(2,6,28) and mean=12.2
Phone S_I accounts for 1.7% of frames, with lattice depth (10,50,90-percentile)=(1,5,21) and mean=9.2
Phone T_I accounts for 1.6% of frames, with lattice depth (10,50,90-percentile)=(1,5,23) and mean=9.9
Phone IY0_E accounts for 1.6% of frames, with lattice depth (10,50,90-percentile)=(1,4,21) and mean=9.0
Phone W_B accounts for 1.6% of frames, with lattice depth (10,50,90-percentile)=(1,5,23) and mean=10.3
Phone DH_B accounts for 1.6% of frames, with lattice depth (10,50,90-percentile)=(2,6,29) and mean=12.6
Phone HH_B accounts for 1.4% of frames, with lattice depth (10,50,90-percentile)=(1,6,25) and mean=11.2
Phone ER0_E accounts for 1.4% of frames, with lattice depth (10,50,90-percentile)=(1,4,23) and mean=10.1
Phone AY1_I accounts for 1.3% of frames, with lattice depth (10,50,90-percentile)=(2,6,24) and mean=10.7
Phone T_B accounts for 1.3% of frames, with lattice depth (10,50,90-percentile)=(2,7,29) and mean=12.4
Phone IH0_I accounts for 1.3% of frames, with lattice depth (10,50,90-percentile)=(1,4,21) and mean=9.3
Phone IH1_I accounts for 1.2% of frames, with lattice depth (10,50,90-percentile)=(2,6,30) and mean=12.7
Phone EY1_I accounts for 1.2% of frames, with lattice depth (10,50,90-percentile)=(2,6,26) and mean=11.7
Phone L_E accounts for 1.2% of frames, with lattice depth (10,50,90-percentile)=(1,5,24) and mean=10.1
Phone K_B accounts for 1.2% of frames, with lattice depth (10,50,90-percentile)=(2,7,26) and mean=12.1
Phone AA1_I accounts for 1.2% of frames, with lattice depth (10,50,90-percentile)=(1,6,27) and mean=11.8
Phone F_B accounts for 1.2% of frames, with lattice depth (10,50,90-percentile)=(1,6,28) and mean=11.7
Phone AO1_I accounts for 1.0% of frames, with lattice depth (10,50,90-percentile)=(2,6,24) and mean=10.7
Phone M_B accounts for 1.0% of frames, with lattice depth (10,50,90-percentile)=(2,7,30) and mean=12.8
Phone AH1_I accounts for 1.0% of frames, with lattice depth (10,50,90-percentile)=(1,5,27) and mean=11.7
Phone IY1_I accounts for 1.0% of frames, with lattice depth (10,50,90-percentile)=(2,6,28) and mean=11.5
Phone K_I accounts for 0.9% of frames, with lattice depth (10,50,90-percentile)=(1,5,22) and mean=9.9
Phone AH0_E accounts for 0.9% of frames, with lattice depth (10,50,90-percentile)=(2,7,31) and mean=14.1
Phone AH0_B accounts for 0.9% of frames, with lattice depth (10,50,90-percentile)=(2,7,30) and mean=13.8
Phone P_B accounts for 0.9% of frames, with lattice depth (10,50,90-percentile)=(2,7,30) and mean=12.8
Phone AE1_B accounts for 0.9% of frames, with lattice depth (10,50,90-percentile)=(2,7,26) and mean=12.1
Phone B_B accounts for 0.9% of frames, with lattice depth (10,50,90-percentile)=(2,7,30) and mean=13.3
Phone IY1_E accounts for 0.8% of frames, with lattice depth (10,50,90-percentile)=(1,5,26) and mean=10.8
Phone V_E accounts for 0.8% of frames, with lattice depth (10,50,90-percentile)=(1,6,31) and mean=12.9
Phone P_I accounts for 0.8% of frames, with lattice depth (10,50,90-percentile)=(1,5,22) and mean=10.0
Phone NG_E accounts for 0.8% of frames, with lattice depth (10,50,90-percentile)=(1,4,20) and mean=8.7
Phone R_E accounts for 0.8% of frames, with lattice depth (10,50,90-percentile)=(2,7,29) and mean=12.8
Phone M_I accounts for 0.7% of frames, with lattice depth (10,50,90-percentile)=(1,5,24) and mean=11.1
Phone OW1_I accounts for 0.7% of frames, with lattice depth (10,50,90-percentile)=(2,6,28) and mean=12.7
Phone UW1_E accounts for 0.7% of frames, with lattice depth (10,50,90-percentile)=(2,7,30) and mean=13.0
Phone M_E accounts for 0.7% of frames, with lattice depth (10,50,90-percentile)=(1,6,31) and mean=13.0
Phone IH1_B accounts for 0.7% of frames, with lattice depth (10,50,90-percentile)=(2,7,29) and mean=12.7
Phone ER0_I accounts for 0.7% of frames, with lattice depth (10,50,90-percentile)=(1,4,17) and mean=8.1
Phone L_B accounts for 0.6% of frames, with lattice depth (10,50,90-percentile)=(2,8,34) and mean=15.1
Phone D_B accounts for 0.6% of frames, with lattice depth (10,50,90-percentile)=(2,8,34) and mean=15.0
Phone IH0_B accounts for 0.6% of frames, with lattice depth (10,50,90-percentile)=(3,10,39) and mean=17.5
Phone N_B accounts for 0.6% of frames, with lattice depth (10,50,90-percentile)=(2,7,33) and mean=14.8
Phone ER1_I accounts for 0.6% of frames, with lattice depth (10,50,90-percentile)=(1,5,22) and mean=10.7
Phone AO1_B accounts for 0.6% of frames, with lattice depth (10,50,90-percentile)=(1,5,23) and mean=9.8
Phone R_B accounts for 0.5% of frames, with lattice depth (10,50,90-percentile)=(1,7,28) and mean=12.8
Phone AW1_I accounts for 0.5% of frames, with lattice depth (10,50,90-percentile)=(1,5,22) and mean=9.7
Phone AY1_S accounts for 0.5% of frames, with lattice depth (10,50,90-percentile)=(2,8,31) and mean=13.6
# Accounting: time=1 threads=1
# Ended (code 0) at Fri Feb 21 11:15:49 CET 2020, elapsed time 1 seconds
