# gunzip -c exp/tri2a/decode/depth_stats_tmp.*.gz | steps/diagnostic/analyze_lattice_depth_stats.py exp/tri2a/graph 
# Started at Sat Apr 11 01:51:06 CEST 2020
#
The total amount of data analyzed assuming 100 frames per second is 5.4 hours
Overall, lattice depth (10,50,90-percentile)=(2,7,34) and mean=14.5
Nonsilence phones as a group account for 82.3% of frames, with lattice depth (10,50,90-percentile)=(2,7,36) and mean=15.2
Phone SILE accounts for 17.7% of frames, with lattice depth (10,50,90-percentile)=(1,5,25) and mean=11.1
Phone Z_E accounts for 2.7% of frames, with lattice depth (10,50,90-percentile)=(1,7,32) and mean=13.9
Phone S_B accounts for 2.3% of frames, with lattice depth (10,50,90-percentile)=(2,9,37) and mean=16.5
Phone N_I accounts for 2.2% of frames, with lattice depth (10,50,90-percentile)=(1,7,35) and mean=14.8
Phone T_E accounts for 2.1% of frames, with lattice depth (10,50,90-percentile)=(2,10,46) and mean=19.5
Phone AH0_I accounts for 2.1% of frames, with lattice depth (10,50,90-percentile)=(1,5,28) and mean=11.4
Phone N_E accounts for 1.9% of frames, with lattice depth (10,50,90-percentile)=(2,10,46) and mean=19.4
Phone EH1_I accounts for 1.8% of frames, with lattice depth (10,50,90-percentile)=(2,7,35) and mean=15.5
Phone D_E accounts for 1.8% of frames, with lattice depth (10,50,90-percentile)=(2,9,43) and mean=18.2
Phone L_I accounts for 1.8% of frames, with lattice depth (10,50,90-percentile)=(1,5,29) and mean=12.6
Phone S_E accounts for 1.8% of frames, with lattice depth (10,50,90-percentile)=(1,7,32) and mean=13.8
Phone R_I accounts for 1.8% of frames, with lattice depth (10,50,90-percentile)=(2,7,31) and mean=14.0
Phone S_I accounts for 1.8% of frames, with lattice depth (10,50,90-percentile)=(1,6,27) and mean=11.3
Phone AE1_I accounts for 1.7% of frames, with lattice depth (10,50,90-percentile)=(2,8,37) and mean=15.8
Phone T_I accounts for 1.7% of frames, with lattice depth (10,50,90-percentile)=(1,6,31) and mean=13.4
Phone IY0_E accounts for 1.6% of frames, with lattice depth (10,50,90-percentile)=(1,5,27) and mean=11.5
Phone W_B accounts for 1.5% of frames, with lattice depth (10,50,90-percentile)=(2,7,32) and mean=14.0
Phone DH_B accounts for 1.5% of frames, with lattice depth (10,50,90-percentile)=(2,9,40) and mean=17.3
Phone HH_B accounts for 1.4% of frames, with lattice depth (10,50,90-percentile)=(2,8,34) and mean=14.7
Phone T_B accounts for 1.3% of frames, with lattice depth (10,50,90-percentile)=(2,9,39) and mean=16.9
Phone AY1_I accounts for 1.3% of frames, with lattice depth (10,50,90-percentile)=(2,8,33) and mean=15.2
Phone ER0_E accounts for 1.3% of frames, with lattice depth (10,50,90-percentile)=(1,6,32) and mean=13.9
Phone IH0_I accounts for 1.3% of frames, with lattice depth (10,50,90-percentile)=(1,5,30) and mean=12.4
Phone IH1_I accounts for 1.2% of frames, with lattice depth (10,50,90-percentile)=(2,8,39) and mean=16.6
Phone EY1_I accounts for 1.2% of frames, with lattice depth (10,50,90-percentile)=(2,7,35) and mean=14.5
Phone AA1_I accounts for 1.2% of frames, with lattice depth (10,50,90-percentile)=(1,7,35) and mean=14.5
Phone L_E accounts for 1.2% of frames, with lattice depth (10,50,90-percentile)=(1,7,33) and mean=13.5
Phone K_B accounts for 1.2% of frames, with lattice depth (10,50,90-percentile)=(2,9,36) and mean=16.6
Phone F_B accounts for 1.1% of frames, with lattice depth (10,50,90-percentile)=(2,8,35) and mean=15.0
Phone AO1_I accounts for 1.1% of frames, with lattice depth (10,50,90-percentile)=(2,7,35) and mean=14.9
Phone AH1_I accounts for 1.0% of frames, with lattice depth (10,50,90-percentile)=(2,7,34) and mean=14.2
Phone M_B accounts for 1.0% of frames, with lattice depth (10,50,90-percentile)=(2,9,38) and mean=16.2
Phone K_I accounts for 1.0% of frames, with lattice depth (10,50,90-percentile)=(1,6,30) and mean=12.8
Phone IY1_I accounts for 1.0% of frames, with lattice depth (10,50,90-percentile)=(2,7,36) and mean=15.2
Phone AH0_B accounts for 0.9% of frames, with lattice depth (10,50,90-percentile)=(2,10,42) and mean=18.1
Phone P_B accounts for 0.9% of frames, with lattice depth (10,50,90-percentile)=(2,9,40) and mean=17.3
Phone AE1_B accounts for 0.8% of frames, with lattice depth (10,50,90-percentile)=(2,9,42) and mean=18.6
Phone IY1_E accounts for 0.8% of frames, with lattice depth (10,50,90-percentile)=(2,8,37) and mean=15.7
Phone V_E accounts for 0.8% of frames, with lattice depth (10,50,90-percentile)=(2,9,41) and mean=17.5
Phone B_B accounts for 0.8% of frames, with lattice depth (10,50,90-percentile)=(2,9,38) and mean=16.9
Phone NG_E accounts for 0.8% of frames, with lattice depth (10,50,90-percentile)=(1,6,25) and mean=10.9
Phone AH0_E accounts for 0.8% of frames, with lattice depth (10,50,90-percentile)=(2,10,43) and mean=19.1
Phone R_E accounts for 0.8% of frames, with lattice depth (10,50,90-percentile)=(2,9,42) and mean=17.2
Phone P_I accounts for 0.8% of frames, with lattice depth (10,50,90-percentile)=(2,6,32) and mean=14.0
Phone M_I accounts for 0.7% of frames, with lattice depth (10,50,90-percentile)=(2,6,30) and mean=12.9
Phone OW1_I accounts for 0.7% of frames, with lattice depth (10,50,90-percentile)=(2,7,37) and mean=15.6
Phone M_E accounts for 0.7% of frames, with lattice depth (10,50,90-percentile)=(1,8,38) and mean=17.3
Phone ER0_I accounts for 0.7% of frames, with lattice depth (10,50,90-percentile)=(1,4,23) and mean=9.4
Phone UW1_E accounts for 0.6% of frames, with lattice depth (10,50,90-percentile)=(3,8,38) and mean=15.9
Phone IH0_B accounts for 0.6% of frames, with lattice depth (10,50,90-percentile)=(3,12,53) and mean=22.9
Phone L_B accounts for 0.6% of frames, with lattice depth (10,50,90-percentile)=(3,11,45) and mean=19.5
Phone ER1_I accounts for 0.6% of frames, with lattice depth (10,50,90-percentile)=(2,7,28) and mean=12.8
Phone D_B accounts for 0.6% of frames, with lattice depth (10,50,90-percentile)=(3,10,45) and mean=19.4
Phone AO1_B accounts for 0.6% of frames, with lattice depth (10,50,90-percentile)=(2,8,33) and mean=14.4
Phone N_B accounts for 0.6% of frames, with lattice depth (10,50,90-percentile)=(2,9,42) and mean=17.8
Phone IH1_B accounts for 0.6% of frames, with lattice depth (10,50,90-percentile)=(3,10,44) and mean=19.2
Phone AW1_I accounts for 0.5% of frames, with lattice depth (10,50,90-percentile)=(2,7,32) and mean=13.7
Phone R_B accounts for 0.5% of frames, with lattice depth (10,50,90-percentile)=(2,8,35) and mean=17.4
Phone AY1_S accounts for 0.5% of frames, with lattice depth (10,50,90-percentile)=(3,12,51) and mean=21.3
Phone SH_I accounts for 0.5% of frames, with lattice depth (10,50,90-percentile)=(1,4,21) and mean=9.6
# Accounting: time=0 threads=1
# Ended (code 0) at Sat Apr 11 01:51:06 CEST 2020, elapsed time 0 seconds
