# gunzip -c exp/tri4b/decode2/depth_stats_tmp.*.gz | steps/diagnostic/analyze_lattice_depth_stats.py exp/tri4b/graph 
# Started at Sun Apr 12 13:46:51 CEST 2020
#
The total amount of data analyzed assuming 100 frames per second is 5.4 hours
Overall, lattice depth (10,50,90-percentile)=(1,3,11) and mean=4.9
Nonsilence phones as a group account for 83.9% of frames, with lattice depth (10,50,90-percentile)=(1,3,11) and mean=5.1
Phone SILE accounts for 16.1% of frames, with lattice depth (10,50,90-percentile)=(1,2,9) and mean=4.0
Phone Z_E accounts for 2.7% of frames, with lattice depth (10,50,90-percentile)=(1,3,10) and mean=4.9
Phone T_E accounts for 2.4% of frames, with lattice depth (10,50,90-percentile)=(1,3,13) and mean=5.8
Phone S_B accounts for 2.3% of frames, with lattice depth (10,50,90-percentile)=(1,3,13) and mean=5.8
Phone AH0_I accounts for 2.3% of frames, with lattice depth (10,50,90-percentile)=(1,2,8) and mean=3.7
Phone N_I accounts for 2.1% of frames, with lattice depth (10,50,90-percentile)=(1,3,10) and mean=4.8
Phone N_E accounts for 2.1% of frames, with lattice depth (10,50,90-percentile)=(1,4,14) and mean=6.2
Phone D_E accounts for 2.0% of frames, with lattice depth (10,50,90-percentile)=(1,3,12) and mean=5.5
Phone EH1_I accounts for 1.9% of frames, with lattice depth (10,50,90-percentile)=(1,3,12) and mean=5.4
Phone R_I accounts for 1.9% of frames, with lattice depth (10,50,90-percentile)=(1,3,10) and mean=4.9
Phone S_E accounts for 1.8% of frames, with lattice depth (10,50,90-percentile)=(1,2,10) and mean=4.6
Phone L_I accounts for 1.8% of frames, with lattice depth (10,50,90-percentile)=(1,2,9) and mean=4.2
Phone T_I accounts for 1.7% of frames, with lattice depth (10,50,90-percentile)=(1,2,10) and mean=4.4
Phone S_I accounts for 1.6% of frames, with lattice depth (10,50,90-percentile)=(1,2,10) and mean=4.3
Phone AE1_I accounts for 1.6% of frames, with lattice depth (10,50,90-percentile)=(1,3,12) and mean=5.4
Phone HH_B accounts for 1.6% of frames, with lattice depth (10,50,90-percentile)=(1,3,10) and mean=4.8
Phone IY0_E accounts for 1.6% of frames, with lattice depth (10,50,90-percentile)=(1,2,9) and mean=3.8
Phone DH_B accounts for 1.5% of frames, with lattice depth (10,50,90-percentile)=(1,3,12) and mean=5.5
Phone W_B accounts for 1.4% of frames, with lattice depth (10,50,90-percentile)=(1,3,10) and mean=4.7
Phone ER0_E accounts for 1.4% of frames, with lattice depth (10,50,90-percentile)=(1,2,9) and mean=4.2
Phone IH1_I accounts for 1.4% of frames, with lattice depth (10,50,90-percentile)=(1,3,12) and mean=5.5
Phone IH0_I accounts for 1.3% of frames, with lattice depth (10,50,90-percentile)=(1,2,9) and mean=4.0
Phone AY1_I accounts for 1.3% of frames, with lattice depth (10,50,90-percentile)=(1,3,11) and mean=5.1
Phone T_B accounts for 1.2% of frames, with lattice depth (10,50,90-percentile)=(1,3,12) and mean=5.7
Phone EY1_I accounts for 1.2% of frames, with lattice depth (10,50,90-percentile)=(1,3,12) and mean=5.3
Phone L_E accounts for 1.2% of frames, with lattice depth (10,50,90-percentile)=(1,2,11) and mean=5.0
Phone AA1_I accounts for 1.2% of frames, with lattice depth (10,50,90-percentile)=(1,3,10) and mean=4.7
Phone K_B accounts for 1.2% of frames, with lattice depth (10,50,90-percentile)=(1,3,11) and mean=5.5
Phone F_B accounts for 1.1% of frames, with lattice depth (10,50,90-percentile)=(1,3,11) and mean=5.3
Phone AO1_I accounts for 1.1% of frames, with lattice depth (10,50,90-percentile)=(1,3,11) and mean=5.3
Phone AH1_I accounts for 1.0% of frames, with lattice depth (10,50,90-percentile)=(1,3,11) and mean=4.9
Phone AH0_B accounts for 1.0% of frames, with lattice depth (10,50,90-percentile)=(1,3,12) and mean=5.6
Phone M_B accounts for 1.0% of frames, with lattice depth (10,50,90-percentile)=(1,3,13) and mean=5.8
Phone AE1_B accounts for 0.9% of frames, with lattice depth (10,50,90-percentile)=(1,3,11) and mean=5.1
Phone IY1_I accounts for 0.9% of frames, with lattice depth (10,50,90-percentile)=(1,3,11) and mean=5.1
Phone K_I accounts for 0.9% of frames, with lattice depth (10,50,90-percentile)=(1,3,9) and mean=4.4
Phone R_E accounts for 0.9% of frames, with lattice depth (10,50,90-percentile)=(1,4,12) and mean=5.9
Phone B_B accounts for 0.8% of frames, with lattice depth (10,50,90-percentile)=(1,3,13) and mean=5.9
Phone V_E accounts for 0.8% of frames, with lattice depth (10,50,90-percentile)=(1,3,12) and mean=5.3
Phone IY1_E accounts for 0.8% of frames, with lattice depth (10,50,90-percentile)=(1,3,12) and mean=5.4
Phone AH0_E accounts for 0.8% of frames, with lattice depth (10,50,90-percentile)=(1,3,13) and mean=5.8
Phone P_B accounts for 0.8% of frames, with lattice depth (10,50,90-percentile)=(1,3,11) and mean=5.1
Phone NG_E accounts for 0.8% of frames, with lattice depth (10,50,90-percentile)=(1,2,8) and mean=4.0
Phone P_I accounts for 0.7% of frames, with lattice depth (10,50,90-percentile)=(1,3,10) and mean=4.5
Phone IH0_B accounts for 0.7% of frames, with lattice depth (10,50,90-percentile)=(1,5,14) and mean=7.1
Phone OW1_I accounts for 0.7% of frames, with lattice depth (10,50,90-percentile)=(1,3,12) and mean=5.4
Phone M_E accounts for 0.7% of frames, with lattice depth (10,50,90-percentile)=(1,3,13) and mean=5.6
Phone M_I accounts for 0.7% of frames, with lattice depth (10,50,90-percentile)=(1,2,10) and mean=4.5
Phone UW1_E accounts for 0.7% of frames, with lattice depth (10,50,90-percentile)=(1,4,13) and mean=5.9
Phone ER0_I accounts for 0.6% of frames, with lattice depth (10,50,90-percentile)=(1,2,7) and mean=3.4
Phone IH1_B accounts for 0.6% of frames, with lattice depth (10,50,90-percentile)=(1,3,12) and mean=5.6
Phone N_B accounts for 0.6% of frames, with lattice depth (10,50,90-percentile)=(1,4,14) and mean=6.6
Phone L_B accounts for 0.6% of frames, with lattice depth (10,50,90-percentile)=(1,3,14) and mean=6.2
Phone ER1_I accounts for 0.6% of frames, with lattice depth (10,50,90-percentile)=(1,3,9) and mean=4.4
Phone D_B accounts for 0.6% of frames, with lattice depth (10,50,90-percentile)=(1,4,13) and mean=6.6
Phone AY1_S accounts for 0.6% of frames, with lattice depth (10,50,90-percentile)=(2,4,15) and mean=6.7
Phone AO1_B accounts for 0.6% of frames, with lattice depth (10,50,90-percentile)=(1,2,9) and mean=3.9
Phone AW1_I accounts for 0.5% of frames, with lattice depth (10,50,90-percentile)=(1,3,9) and mean=4.4
Phone R_B accounts for 0.5% of frames, with lattice depth (10,50,90-percentile)=(1,3,12) and mean=5.4
# Accounting: time=0 threads=1
# Ended (code 0) at Sun Apr 12 13:46:51 CEST 2020, elapsed time 0 seconds
