# lattice-determinize-pruned --acoustic-scale=0.083333 --beam=4.0 "ark:gunzip -c exp/tri4b/decode2/lat.tmp.4.gz|" ark:- | lattice-to-post --acoustic-scale=0.083333 ark:- ark:- | weight-silence-post 0.01 1:2:3:4:5:6:7:8:9:10 exp/tri4b/final.mdl ark:- ark:- | gmm-est-fmllr --fmllr-update-type=full --spk2utt=ark:data/test/split4/4/spk2utt exp/tri4b/final.mdl "ark,s,cs:apply-cmvn  --utt2spk=ark:data/test/split4/4/utt2spk scp:data/test/split4/4/cmvn.scp scp:data/test/split4/4/feats.scp ark:- | splice-feats  ark:- ark:- | transform-feats exp/tri4b/final.mat ark:- ark:- | transform-feats --utt2spk=ark:data/test/split4/4/utt2spk ark:exp/tri4b/decode2/pre_trans.4 ark:- ark:- |" ark,s,cs:- ark:exp/tri4b/decode2/trans_tmp.4 && compose-transforms --b-is-affine=true ark:exp/tri4b/decode2/trans_tmp.4 ark:exp/tri4b/decode2/pre_trans.4 ark:exp/tri4b/decode2/trans.4 
# Started at Sun Apr 12 13:45:31 CEST 2020
#
weight-silence-post 0.01 1:2:3:4:5:6:7:8:9:10 exp/tri4b/final.mdl ark:- ark:- 
lattice-to-post --acoustic-scale=0.083333 ark:- ark:- 
lattice-determinize-pruned --acoustic-scale=0.083333 --beam=4.0 'ark:gunzip -c exp/tri4b/decode2/lat.tmp.4.gz|' ark:- 
gmm-est-fmllr --fmllr-update-type=full --spk2utt=ark:data/test/split4/4/spk2utt exp/tri4b/final.mdl 'ark,s,cs:apply-cmvn  --utt2spk=ark:data/test/split4/4/utt2spk scp:data/test/split4/4/cmvn.scp scp:data/test/split4/4/feats.scp ark:- | splice-feats  ark:- ark:- | transform-feats exp/tri4b/final.mat ark:- ark:- | transform-feats --utt2spk=ark:data/test/split4/4/utt2spk ark:exp/tri4b/decode2/pre_trans.4 ark:- ark:- |' ark,s,cs:- ark:exp/tri4b/decode2/trans_tmp.4 
apply-cmvn --utt2spk=ark:data/test/split4/4/utt2spk scp:data/test/split4/4/cmvn.scp scp:data/test/split4/4/feats.scp ark:- 
transform-feats --utt2spk=ark:data/test/split4/4/utt2spk ark:exp/tri4b/decode2/pre_trans.4 ark:- ark:- 
splice-feats ark:- ark:- 
transform-feats exp/tri4b/final.mat ark:- ark:- 
LOG (gmm-est-fmllr[5.5.641~1-79319]:ComputeFmllrMatrixDiagGmmFull():fmllr-diag-gmm.cc:262) fMLLR objf improvement is 0.062729 per frame over 42074.8 frames.
LOG (gmm-est-fmllr[5.5.641~1-79319]:main():gmm-est-fmllr.cc:143) For speaker 6930, auxf-impr from fMLLR is 0.062729, over 42074.8 frames.
LOG (gmm-est-fmllr[5.5.641~1-79319]:ComputeFmllrMatrixDiagGmmFull():fmllr-diag-gmm.cc:262) fMLLR objf improvement is 0.0519627 per frame over 40488.2 frames.
LOG (gmm-est-fmllr[5.5.641~1-79319]:main():gmm-est-fmllr.cc:143) For speaker 7021, auxf-impr from fMLLR is 0.0519627, over 40488.2 frames.
LOG (gmm-est-fmllr[5.5.641~1-79319]:ComputeFmllrMatrixDiagGmmFull():fmllr-diag-gmm.cc:262) fMLLR objf improvement is 0.055295 per frame over 41219.8 frames.
LOG (gmm-est-fmllr[5.5.641~1-79319]:main():gmm-est-fmllr.cc:143) For speaker 7127, auxf-impr from fMLLR is 0.055295, over 41219.8 frames.
LOG (gmm-est-fmllr[5.5.641~1-79319]:ComputeFmllrMatrixDiagGmmFull():fmllr-diag-gmm.cc:262) fMLLR objf improvement is 0.0283544 per frame over 41975.4 frames.
LOG (gmm-est-fmllr[5.5.641~1-79319]:main():gmm-est-fmllr.cc:143) For speaker 7176, auxf-impr from fMLLR is 0.0283544, over 41975.4 frames.
LOG (gmm-est-fmllr[5.5.641~1-79319]:ComputeFmllrMatrixDiagGmmFull():fmllr-diag-gmm.cc:262) fMLLR objf improvement is 0.0548596 per frame over 43061 frames.
LOG (gmm-est-fmllr[5.5.641~1-79319]:main():gmm-est-fmllr.cc:143) For speaker 7729, auxf-impr from fMLLR is 0.0548596, over 43061 frames.
LOG (gmm-est-fmllr[5.5.641~1-79319]:ComputeFmllrMatrixDiagGmmFull():fmllr-diag-gmm.cc:262) fMLLR objf improvement is 0.0640838 per frame over 41308.2 frames.
LOG (gmm-est-fmllr[5.5.641~1-79319]:main():gmm-est-fmllr.cc:143) For speaker 8224, auxf-impr from fMLLR is 0.0640838, over 41308.2 frames.
LOG (gmm-est-fmllr[5.5.641~1-79319]:ComputeFmllrMatrixDiagGmmFull():fmllr-diag-gmm.cc:262) fMLLR objf improvement is 0.0499354 per frame over 44262.2 frames.
LOG (gmm-est-fmllr[5.5.641~1-79319]:main():gmm-est-fmllr.cc:143) For speaker 8230, auxf-impr from fMLLR is 0.0499354, over 44262.2 frames.
LOG (gmm-est-fmllr[5.5.641~1-79319]:ComputeFmllrMatrixDiagGmmFull():fmllr-diag-gmm.cc:262) fMLLR objf improvement is 0.119353 per frame over 38200.6 frames.
LOG (gmm-est-fmllr[5.5.641~1-79319]:main():gmm-est-fmllr.cc:143) For speaker 8455, auxf-impr from fMLLR is 0.119353, over 38200.6 frames.
LOG (gmm-est-fmllr[5.5.641~1-79319]:ComputeFmllrMatrixDiagGmmFull():fmllr-diag-gmm.cc:262) fMLLR objf improvement is 0.118964 per frame over 41909.6 frames.
LOG (gmm-est-fmllr[5.5.641~1-79319]:main():gmm-est-fmllr.cc:143) For speaker 8463, auxf-impr from fMLLR is 0.118964, over 41909.6 frames.
LOG (gmm-est-fmllr[5.5.641~1-79319]:ComputeFmllrMatrixDiagGmmFull():fmllr-diag-gmm.cc:262) fMLLR objf improvement is 0.147124 per frame over 40890.4 frames.
LOG (gmm-est-fmllr[5.5.641~1-79319]:main():gmm-est-fmllr.cc:143) For speaker 8555, auxf-impr from fMLLR is 0.147124, over 40890.4 frames.
LOG (apply-cmvn[5.5.641~1-79319]:main():apply-cmvn.cc:162) Applied cepstral mean normalization to 669 utterances, errors on 0
LOG (transform-feats[5.5.641~1-79319]:main():transform-feats.cc:158) Overall average [pseudo-]logdet is -94.8347 over 534822 frames.
LOG (transform-feats[5.5.641~1-79319]:main():transform-feats.cc:161) Applied transform to 669 utterances; 0 had errors.
LOG (transform-feats[5.5.641~1-79319]:main():transform-feats.cc:158) Overall average logdet is 1.76087 over 534822 frames.
LOG (transform-feats[5.5.641~1-79319]:main():transform-feats.cc:161) Applied transform to 669 utterances; 0 had errors.
LOG (lattice-determinize-pruned[5.5.641~1-79319]:main():lattice-determinize-pruned.cc:159) Average input-lattice depth (measured at at state level) is 9.13751, output depth is 2.71037, over 534822 frames  (average num-frames = 799.435).
LOG (lattice-determinize-pruned[5.5.641~1-79319]:main():lattice-determinize-pruned.cc:164) Done 669 lattices, determinization finished earlier than specified by the beam (or output was empty) on 0 of these.
LOG (lattice-to-post[5.5.641~1-79319]:main():lattice-to-post.cc:106) Overall average log-like/frame is -4.19393 over 534822 frames.  Average acoustic like/frame is -3.93044
LOG (lattice-to-post[5.5.641~1-79319]:main():lattice-to-post.cc:110) Done 669 lattices.
LOG (weight-silence-post[5.5.641~1-79319]:main():weight-silence-post.cc:95) Done 669 posteriors.
LOG (gmm-est-fmllr[5.5.641~1-79319]:ComputeFmllrMatrixDiagGmmFull():fmllr-diag-gmm.cc:262) fMLLR objf improvement is 0.0523233 per frame over 38661.1 frames.
LOG (gmm-est-fmllr[5.5.641~1-79319]:main():gmm-est-fmllr.cc:143) For speaker 908, auxf-impr from fMLLR is 0.0523233, over 38661.1 frames.
LOG (gmm-est-fmllr[5.5.641~1-79319]:main():gmm-est-fmllr.cc:188) Done 669 files, 0 with no posts, 0 with other errors.
LOG (gmm-est-fmllr[5.5.641~1-79319]:main():gmm-est-fmllr.cc:190) Overall fMLLR auxf impr per frame is 0.0727149 over 454051 frames.
compose-transforms --b-is-affine=true ark:exp/tri4b/decode2/trans_tmp.4 ark:exp/tri4b/decode2/pre_trans.4 ark:exp/tri4b/decode2/trans.4 
# Accounting: time=31 threads=1
# Ended (code 0) at Sun Apr 12 13:46:02 CEST 2020, elapsed time 31 seconds
