# lattice-determinize-pruned --acoustic-scale=0.083333 --beam=4.0 "ark:gunzip -c exp/tri4b/decode2/lat.tmp.3.gz|" ark:- | lattice-to-post --acoustic-scale=0.083333 ark:- ark:- | weight-silence-post 0.01 1:2:3:4:5:6:7:8:9:10 exp/tri4b/final.mdl ark:- ark:- | gmm-est-fmllr --fmllr-update-type=full --spk2utt=ark:data/test/split4/3/spk2utt exp/tri4b/final.mdl "ark,s,cs:apply-cmvn  --utt2spk=ark:data/test/split4/3/utt2spk scp:data/test/split4/3/cmvn.scp scp:data/test/split4/3/feats.scp ark:- | splice-feats  ark:- ark:- | transform-feats exp/tri4b/final.mat ark:- ark:- | transform-feats --utt2spk=ark:data/test/split4/3/utt2spk ark:exp/tri4b/decode2/pre_trans.3 ark:- ark:- |" ark,s,cs:- ark:exp/tri4b/decode2/trans_tmp.3 && compose-transforms --b-is-affine=true ark:exp/tri4b/decode2/trans_tmp.3 ark:exp/tri4b/decode2/pre_trans.3 ark:exp/tri4b/decode2/trans.3 
# Started at Sun Apr 12 13:45:31 CEST 2020
#
weight-silence-post 0.01 1:2:3:4:5:6:7:8:9:10 exp/tri4b/final.mdl ark:- ark:- 
lattice-to-post --acoustic-scale=0.083333 ark:- ark:- 
lattice-determinize-pruned --acoustic-scale=0.083333 --beam=4.0 'ark:gunzip -c exp/tri4b/decode2/lat.tmp.3.gz|' ark:- 
gmm-est-fmllr --fmllr-update-type=full --spk2utt=ark:data/test/split4/3/spk2utt exp/tri4b/final.mdl 'ark,s,cs:apply-cmvn  --utt2spk=ark:data/test/split4/3/utt2spk scp:data/test/split4/3/cmvn.scp scp:data/test/split4/3/feats.scp ark:- | splice-feats  ark:- ark:- | transform-feats exp/tri4b/final.mat ark:- ark:- | transform-feats --utt2spk=ark:data/test/split4/3/utt2spk ark:exp/tri4b/decode2/pre_trans.3 ark:- ark:- |' ark,s,cs:- ark:exp/tri4b/decode2/trans_tmp.3 
transform-feats --utt2spk=ark:data/test/split4/3/utt2spk ark:exp/tri4b/decode2/pre_trans.3 ark:- ark:- 
apply-cmvn --utt2spk=ark:data/test/split4/3/utt2spk scp:data/test/split4/3/cmvn.scp scp:data/test/split4/3/feats.scp ark:- 
splice-feats ark:- ark:- 
transform-feats exp/tri4b/final.mat ark:- ark:- 
LOG (gmm-est-fmllr[5.5.641~1-79319]:ComputeFmllrMatrixDiagGmmFull():fmllr-diag-gmm.cc:262) fMLLR objf improvement is 0.184591 per frame over 39810 frames.
LOG (gmm-est-fmllr[5.5.641~1-79319]:main():gmm-est-fmllr.cc:143) For speaker 4970, auxf-impr from fMLLR is 0.184591, over 39810 frames.
LOG (gmm-est-fmllr[5.5.641~1-79319]:ComputeFmllrMatrixDiagGmmFull():fmllr-diag-gmm.cc:262) fMLLR objf improvement is 0.0706722 per frame over 42368.1 frames.
LOG (gmm-est-fmllr[5.5.641~1-79319]:main():gmm-est-fmllr.cc:143) For speaker 4992, auxf-impr from fMLLR is 0.0706722, over 42368.1 frames.
LOG (gmm-est-fmllr[5.5.641~1-79319]:ComputeFmllrMatrixDiagGmmFull():fmllr-diag-gmm.cc:262) fMLLR objf improvement is 0.0639839 per frame over 40834.5 frames.
LOG (gmm-est-fmllr[5.5.641~1-79319]:main():gmm-est-fmllr.cc:143) For speaker 5105, auxf-impr from fMLLR is 0.0639839, over 40834.5 frames.
LOG (gmm-est-fmllr[5.5.641~1-79319]:ComputeFmllrMatrixDiagGmmFull():fmllr-diag-gmm.cc:262) fMLLR objf improvement is 0.0727031 per frame over 43549.5 frames.
LOG (gmm-est-fmllr[5.5.641~1-79319]:main():gmm-est-fmllr.cc:143) For speaker 5142, auxf-impr from fMLLR is 0.0727031, over 43549.5 frames.
LOG (gmm-est-fmllr[5.5.641~1-79319]:ComputeFmllrMatrixDiagGmmFull():fmllr-diag-gmm.cc:262) fMLLR objf improvement is 0.0344669 per frame over 41929.8 frames.
LOG (gmm-est-fmllr[5.5.641~1-79319]:main():gmm-est-fmllr.cc:143) For speaker 5639, auxf-impr from fMLLR is 0.0344669, over 41929.8 frames.
LOG (gmm-est-fmllr[5.5.641~1-79319]:ComputeFmllrMatrixDiagGmmFull():fmllr-diag-gmm.cc:262) fMLLR objf improvement is 0.0792797 per frame over 39515.5 frames.
LOG (gmm-est-fmllr[5.5.641~1-79319]:main():gmm-est-fmllr.cc:143) For speaker 5683, auxf-impr from fMLLR is 0.0792797, over 39515.5 frames.
LOG (gmm-est-fmllr[5.5.641~1-79319]:ComputeFmllrMatrixDiagGmmFull():fmllr-diag-gmm.cc:262) fMLLR objf improvement is 0.0509126 per frame over 41194.4 frames.
LOG (gmm-est-fmllr[5.5.641~1-79319]:main():gmm-est-fmllr.cc:143) For speaker 61, auxf-impr from fMLLR is 0.0509126, over 41194.4 frames.
LOG (gmm-est-fmllr[5.5.641~1-79319]:ComputeFmllrMatrixDiagGmmFull():fmllr-diag-gmm.cc:262) fMLLR objf improvement is 0.0646978 per frame over 37464.6 frames.
LOG (gmm-est-fmllr[5.5.641~1-79319]:main():gmm-est-fmllr.cc:143) For speaker 672, auxf-impr from fMLLR is 0.0646978, over 37464.6 frames.
LOG (apply-cmvn[5.5.641~1-79319]:main():apply-cmvn.cc:162) Applied cepstral mean normalization to 670 utterances, errors on 0
LOG (transform-feats[5.5.641~1-79319]:main():transform-feats.cc:158) Overall average [pseudo-]logdet is -94.8347 over 439382 frames.
LOG (transform-feats[5.5.641~1-79319]:main():transform-feats.cc:161) Applied transform to 670 utterances; 0 had errors.
LOG (lattice-determinize-pruned[5.5.641~1-79319]:main():lattice-determinize-pruned.cc:159) Average input-lattice depth (measured at at state level) is 9.86073, output depth is 3.06569, over 439382 frames  (average num-frames = 655.794).
LOG (lattice-determinize-pruned[5.5.641~1-79319]:main():lattice-determinize-pruned.cc:164) Done 670 lattices, determinization finished earlier than specified by the beam (or output was empty) on 0 of these.
LOG (lattice-to-post[5.5.641~1-79319]:main():lattice-to-post.cc:106) Overall average log-like/frame is -4.2491 over 439382 frames.  Average acoustic like/frame is -3.96927
LOG (lattice-to-post[5.5.641~1-79319]:main():lattice-to-post.cc:110) Done 670 lattices.
LOG (weight-silence-post[5.5.641~1-79319]:main():weight-silence-post.cc:95) Done 670 posteriors.
LOG (transform-feats[5.5.641~1-79319]:main():transform-feats.cc:158) Overall average logdet is 0.817908 over 439382 frames.
LOG (transform-feats[5.5.641~1-79319]:main():transform-feats.cc:161) Applied transform to 670 utterances; 0 had errors.
LOG (gmm-est-fmllr[5.5.641~1-79319]:ComputeFmllrMatrixDiagGmmFull():fmllr-diag-gmm.cc:262) fMLLR objf improvement is 0.0716572 per frame over 42163.4 frames.
LOG (gmm-est-fmllr[5.5.641~1-79319]:main():gmm-est-fmllr.cc:143) For speaker 6829, auxf-impr from fMLLR is 0.0716572, over 42163.4 frames.
LOG (gmm-est-fmllr[5.5.641~1-79319]:main():gmm-est-fmllr.cc:188) Done 670 files, 0 with no posts, 0 with other errors.
LOG (gmm-est-fmllr[5.5.641~1-79319]:main():gmm-est-fmllr.cc:190) Overall fMLLR auxf impr per frame is 0.0765725 over 368830 frames.
compose-transforms --b-is-affine=true ark:exp/tri4b/decode2/trans_tmp.3 ark:exp/tri4b/decode2/pre_trans.3 ark:exp/tri4b/decode2/trans.3 
# Accounting: time=31 threads=1
# Ended (code 0) at Sun Apr 12 13:46:02 CEST 2020, elapsed time 31 seconds
