# gunzip -c exp/tri4b/decode2.si/lat.1.gz | lattice-to-post --acoustic-scale=0.083333 ark:- ark:- | weight-silence-post 0.01 1:2:3:4:5:6:7:8:9:10 exp/tri4b/final.alimdl ark:- ark:- | gmm-post-to-gpost exp/tri4b/final.alimdl "ark,s,cs:apply-cmvn  --utt2spk=ark:data/test/split4/1/utt2spk scp:data/test/split4/1/cmvn.scp scp:data/test/split4/1/feats.scp ark:- | splice-feats  ark:- ark:- | transform-feats exp/tri4b/final.mat ark:- ark:- |" ark:- ark:- | gmm-est-fmllr-gpost --fmllr-update-type=full --spk2utt=ark:data/test/split4/1/spk2utt exp/tri4b/final.mdl "ark,s,cs:apply-cmvn  --utt2spk=ark:data/test/split4/1/utt2spk scp:data/test/split4/1/cmvn.scp scp:data/test/split4/1/feats.scp ark:- | splice-feats  ark:- ark:- | transform-feats exp/tri4b/final.mat ark:- ark:- |" ark,s,cs:- ark:exp/tri4b/decode2/pre_trans.1 
# Started at Sun Apr 12 13:19:29 CEST 2020
#
weight-silence-post 0.01 1:2:3:4:5:6:7:8:9:10 exp/tri4b/final.alimdl ark:- ark:- 
gmm-post-to-gpost exp/tri4b/final.alimdl 'ark,s,cs:apply-cmvn  --utt2spk=ark:data/test/split4/1/utt2spk scp:data/test/split4/1/cmvn.scp scp:data/test/split4/1/feats.scp ark:- | splice-feats  ark:- ark:- | transform-feats exp/tri4b/final.mat ark:- ark:- |' ark:- ark:- 
gmm-est-fmllr-gpost --fmllr-update-type=full --spk2utt=ark:data/test/split4/1/spk2utt exp/tri4b/final.mdl 'ark,s,cs:apply-cmvn  --utt2spk=ark:data/test/split4/1/utt2spk scp:data/test/split4/1/cmvn.scp scp:data/test/split4/1/feats.scp ark:- | splice-feats  ark:- ark:- | transform-feats exp/tri4b/final.mat ark:- ark:- |' ark,s,cs:- ark:exp/tri4b/decode2/pre_trans.1 
lattice-to-post --acoustic-scale=0.083333 ark:- ark:- 
apply-cmvn --utt2spk=ark:data/test/split4/1/utt2spk scp:data/test/split4/1/cmvn.scp scp:data/test/split4/1/feats.scp ark:- 
splice-feats ark:- ark:- 
transform-feats exp/tri4b/final.mat ark:- ark:- 
transform-feats exp/tri4b/final.mat ark:- ark:- 
splice-feats ark:- ark:- 
apply-cmvn --utt2spk=ark:data/test/split4/1/utt2spk scp:data/test/split4/1/cmvn.scp scp:data/test/split4/1/feats.scp ark:- 
LOG (gmm-est-fmllr-gpost[5.5.641~1-79319]:ComputeFmllrMatrixDiagGmmFull():fmllr-diag-gmm.cc:262) fMLLR objf improvement is 4.12146 per frame over 40512.1 frames.
LOG (gmm-est-fmllr-gpost[5.5.641~1-79319]:main():gmm-est-fmllr-gpost.cc:141) For speaker 1089, auxf-impr from fMLLR is 4.12146, over 40512.1 frames.

LOG (gmm-est-fmllr-gpost[5.5.641~1-79319]:ComputeFmllrMatrixDiagGmmFull():fmllr-diag-gmm.cc:262) fMLLR objf improvement is 4.60611 per frame over 37477 frames.
LOG (gmm-est-fmllr-gpost[5.5.641~1-79319]:main():gmm-est-fmllr-gpost.cc:141) For speaker 1188, auxf-impr from fMLLR is 4.60611, over 37477 frames.

LOG (gmm-est-fmllr-gpost[5.5.641~1-79319]:ComputeFmllrMatrixDiagGmmFull():fmllr-diag-gmm.cc:262) fMLLR objf improvement is 4.36331 per frame over 38217.4 frames.
LOG (gmm-est-fmllr-gpost[5.5.641~1-79319]:main():gmm-est-fmllr-gpost.cc:141) For speaker 121, auxf-impr from fMLLR is 4.36331, over 38217.4 frames.

LOG (gmm-est-fmllr-gpost[5.5.641~1-79319]:ComputeFmllrMatrixDiagGmmFull():fmllr-diag-gmm.cc:262) fMLLR objf improvement is 5.15573 per frame over 41891 frames.
LOG (gmm-est-fmllr-gpost[5.5.641~1-79319]:main():gmm-est-fmllr-gpost.cc:141) For speaker 1221, auxf-impr from fMLLR is 5.15573, over 41891 frames.

LOG (gmm-est-fmllr-gpost[5.5.641~1-79319]:ComputeFmllrMatrixDiagGmmFull():fmllr-diag-gmm.cc:262) fMLLR objf improvement is 2.0488 per frame over 42695.9 frames.
LOG (gmm-est-fmllr-gpost[5.5.641~1-79319]:main():gmm-est-fmllr-gpost.cc:141) For speaker 1284, auxf-impr from fMLLR is 2.0488, over 42695.9 frames.

LOG (gmm-est-fmllr-gpost[5.5.641~1-79319]:ComputeFmllrMatrixDiagGmmFull():fmllr-diag-gmm.cc:262) fMLLR objf improvement is 4.42227 per frame over 42214.4 frames.
LOG (gmm-est-fmllr-gpost[5.5.641~1-79319]:main():gmm-est-fmllr-gpost.cc:141) For speaker 1320, auxf-impr from fMLLR is 4.42227, over 42214.4 frames.

LOG (gmm-est-fmllr-gpost[5.5.641~1-79319]:ComputeFmllrMatrixDiagGmmFull():fmllr-diag-gmm.cc:262) fMLLR objf improvement is 3.70165 per frame over 40160.7 frames.
LOG (gmm-est-fmllr-gpost[5.5.641~1-79319]:main():gmm-est-fmllr-gpost.cc:141) For speaker 1580, auxf-impr from fMLLR is 3.70165, over 40160.7 frames.

LOG (gmm-est-fmllr-gpost[5.5.641~1-79319]:ComputeFmllrMatrixDiagGmmFull():fmllr-diag-gmm.cc:262) fMLLR objf improvement is 2.8632 per frame over 42041.1 frames.
LOG (gmm-est-fmllr-gpost[5.5.641~1-79319]:main():gmm-est-fmllr-gpost.cc:141) For speaker 1995, auxf-impr from fMLLR is 2.8632, over 42041.1 frames.

LOG (gmm-est-fmllr-gpost[5.5.641~1-79319]:ComputeFmllrMatrixDiagGmmFull():fmllr-diag-gmm.cc:262) fMLLR objf improvement is 3.37041 per frame over 38315.7 frames.
LOG (gmm-est-fmllr-gpost[5.5.641~1-79319]:main():gmm-est-fmllr-gpost.cc:141) For speaker 2094, auxf-impr from fMLLR is 3.37041, over 38315.7 frames.

LOG (lattice-to-post[5.5.641~1-79319]:main():lattice-to-post.cc:106) Overall average log-like/frame is -4.10686 over 484475 frames.  Average acoustic like/frame is -3.83449
LOG (lattice-to-post[5.5.641~1-79319]:main():lattice-to-post.cc:110) Done 614 lattices.
LOG (apply-cmvn[5.5.641~1-79319]:main():apply-cmvn.cc:162) Applied cepstral mean normalization to 614 utterances, errors on 0
LOG (apply-cmvn[5.5.641~1-79319]:main():apply-cmvn.cc:162) Applied cepstral mean normalization to 614 utterances, errors on 0
LOG (weight-silence-post[5.5.641~1-79319]:main():weight-silence-post.cc:95) Done 614 posteriors.
LOG (transform-feats[5.5.641~1-79319]:main():transform-feats.cc:158) Overall average [pseudo-]logdet is -94.8347 over 484475 frames.
LOG (transform-feats[5.5.641~1-79319]:main():transform-feats.cc:161) Applied transform to 614 utterances; 0 had errors.
LOG (transform-feats[5.5.641~1-79319]:main():transform-feats.cc:158) Overall average [pseudo-]logdet is -94.8347 over 484475 frames.
LOG (transform-feats[5.5.641~1-79319]:main():transform-feats.cc:161) Applied transform to 614 utterances; 0 had errors.
LOG (gmm-post-to-gpost[5.5.641~1-79319]:main():gmm-post-to-gpost.cc:124) Done 614 files, 0 with no posteriors, 0 with other errors.
LOG (gmm-post-to-gpost[5.5.641~1-79319]:main():gmm-post-to-gpost.cc:128) Overall avg like per frame (Gaussian only) = -48.0634 over 406168 frames.
LOG (gmm-post-to-gpost[5.5.641~1-79319]:main():gmm-post-to-gpost.cc:131) Done converting post to gpost
LOG (gmm-est-fmllr-gpost[5.5.641~1-79319]:ComputeFmllrMatrixDiagGmmFull():fmllr-diag-gmm.cc:262) fMLLR objf improvement is 4.91699 per frame over 42642.5 frames.
LOG (gmm-est-fmllr-gpost[5.5.641~1-79319]:main():gmm-est-fmllr-gpost.cc:141) For speaker 2300, auxf-impr from fMLLR is 4.91699, over 42642.5 frames.

LOG (gmm-est-fmllr-gpost[5.5.641~1-79319]:main():gmm-est-fmllr-gpost.cc:186) Done 614 files, 0 with no gposts, 0 with other errors.
LOG (gmm-est-fmllr-gpost[5.5.641~1-79319]:main():gmm-est-fmllr-gpost.cc:188) Overall fMLLR auxf impr per frame is 3.94992 over 406168 frames.
# Accounting: time=22 threads=1
# Ended (code 0) at Sun Apr 12 13:19:51 CEST 2020, elapsed time 22 seconds
