# gunzip -c exp/tri4b/decode2.si/lat.3.gz | lattice-to-post --acoustic-scale=0.083333 ark:- ark:- | weight-silence-post 0.01 1:2:3:4:5:6:7:8:9:10 exp/tri4b/final.alimdl ark:- ark:- | gmm-post-to-gpost exp/tri4b/final.alimdl "ark,s,cs:apply-cmvn  --utt2spk=ark:data/test/split4/3/utt2spk scp:data/test/split4/3/cmvn.scp scp:data/test/split4/3/feats.scp ark:- | splice-feats  ark:- ark:- | transform-feats exp/tri4b/final.mat ark:- ark:- |" ark:- ark:- | gmm-est-fmllr-gpost --fmllr-update-type=full --spk2utt=ark:data/test/split4/3/spk2utt exp/tri4b/final.mdl "ark,s,cs:apply-cmvn  --utt2spk=ark:data/test/split4/3/utt2spk scp:data/test/split4/3/cmvn.scp scp:data/test/split4/3/feats.scp ark:- | splice-feats  ark:- ark:- | transform-feats exp/tri4b/final.mat ark:- ark:- |" ark,s,cs:- ark:exp/tri4b/decode2/pre_trans.3 
# Started at Sun Apr 12 13:19:29 CEST 2020
#
gmm-post-to-gpost exp/tri4b/final.alimdl 'ark,s,cs:apply-cmvn  --utt2spk=ark:data/test/split4/3/utt2spk scp:data/test/split4/3/cmvn.scp scp:data/test/split4/3/feats.scp ark:- | splice-feats  ark:- ark:- | transform-feats exp/tri4b/final.mat ark:- ark:- |' ark:- ark:- 
weight-silence-post 0.01 1:2:3:4:5:6:7:8:9:10 exp/tri4b/final.alimdl ark:- ark:- 
gmm-est-fmllr-gpost --fmllr-update-type=full --spk2utt=ark:data/test/split4/3/spk2utt exp/tri4b/final.mdl 'ark,s,cs:apply-cmvn  --utt2spk=ark:data/test/split4/3/utt2spk scp:data/test/split4/3/cmvn.scp scp:data/test/split4/3/feats.scp ark:- | splice-feats  ark:- ark:- | transform-feats exp/tri4b/final.mat ark:- ark:- |' ark,s,cs:- ark:exp/tri4b/decode2/pre_trans.3 
lattice-to-post --acoustic-scale=0.083333 ark:- ark:- 
transform-feats exp/tri4b/final.mat ark:- ark:- 
apply-cmvn --utt2spk=ark:data/test/split4/3/utt2spk scp:data/test/split4/3/cmvn.scp scp:data/test/split4/3/feats.scp ark:- 
splice-feats ark:- ark:- 
apply-cmvn --utt2spk=ark:data/test/split4/3/utt2spk scp:data/test/split4/3/cmvn.scp scp:data/test/split4/3/feats.scp ark:- 
transform-feats exp/tri4b/final.mat ark:- ark:- 
splice-feats ark:- ark:- 
LOG (gmm-est-fmllr-gpost[5.5.641~1-79319]:ComputeFmllrMatrixDiagGmmFull():fmllr-diag-gmm.cc:262) fMLLR objf improvement is 5.39491 per frame over 39253.3 frames.
LOG (gmm-est-fmllr-gpost[5.5.641~1-79319]:main():gmm-est-fmllr-gpost.cc:141) For speaker 4970, auxf-impr from fMLLR is 5.39491, over 39253.3 frames.

LOG (gmm-est-fmllr-gpost[5.5.641~1-79319]:ComputeFmllrMatrixDiagGmmFull():fmllr-diag-gmm.cc:262) fMLLR objf improvement is 3.50191 per frame over 42360.3 frames.
LOG (gmm-est-fmllr-gpost[5.5.641~1-79319]:main():gmm-est-fmllr-gpost.cc:141) For speaker 4992, auxf-impr from fMLLR is 3.50191, over 42360.3 frames.

LOG (gmm-est-fmllr-gpost[5.5.641~1-79319]:ComputeFmllrMatrixDiagGmmFull():fmllr-diag-gmm.cc:262) fMLLR objf improvement is 3.00326 per frame over 40827.9 frames.
LOG (gmm-est-fmllr-gpost[5.5.641~1-79319]:main():gmm-est-fmllr-gpost.cc:141) For speaker 5105, auxf-impr from fMLLR is 3.00326, over 40827.9 frames.

LOG (gmm-est-fmllr-gpost[5.5.641~1-79319]:ComputeFmllrMatrixDiagGmmFull():fmllr-diag-gmm.cc:262) fMLLR objf improvement is 5.28061 per frame over 43219.7 frames.
LOG (gmm-est-fmllr-gpost[5.5.641~1-79319]:main():gmm-est-fmllr-gpost.cc:141) For speaker 5142, auxf-impr from fMLLR is 5.28061, over 43219.7 frames.

LOG (gmm-est-fmllr-gpost[5.5.641~1-79319]:ComputeFmllrMatrixDiagGmmFull():fmllr-diag-gmm.cc:262) fMLLR objf improvement is 3.50286 per frame over 41889.1 frames.
LOG (gmm-est-fmllr-gpost[5.5.641~1-79319]:main():gmm-est-fmllr-gpost.cc:141) For speaker 5639, auxf-impr from fMLLR is 3.50286, over 41889.1 frames.

LOG (gmm-est-fmllr-gpost[5.5.641~1-79319]:ComputeFmllrMatrixDiagGmmFull():fmllr-diag-gmm.cc:262) fMLLR objf improvement is 4.12497 per frame over 39670.9 frames.
LOG (gmm-est-fmllr-gpost[5.5.641~1-79319]:main():gmm-est-fmllr-gpost.cc:141) For speaker 5683, auxf-impr from fMLLR is 4.12497, over 39670.9 frames.

LOG (gmm-est-fmllr-gpost[5.5.641~1-79319]:ComputeFmllrMatrixDiagGmmFull():fmllr-diag-gmm.cc:262) fMLLR objf improvement is 3.66119 per frame over 41170.5 frames.
LOG (gmm-est-fmllr-gpost[5.5.641~1-79319]:main():gmm-est-fmllr-gpost.cc:141) For speaker 61, auxf-impr from fMLLR is 3.66119, over 41170.5 frames.

LOG (gmm-est-fmllr-gpost[5.5.641~1-79319]:ComputeFmllrMatrixDiagGmmFull():fmllr-diag-gmm.cc:262) fMLLR objf improvement is 2.47337 per frame over 37415.5 frames.
LOG (gmm-est-fmllr-gpost[5.5.641~1-79319]:main():gmm-est-fmllr-gpost.cc:141) For speaker 672, auxf-impr from fMLLR is 2.47337, over 37415.5 frames.

LOG (lattice-to-post[5.5.641~1-79319]:main():lattice-to-post.cc:106) Overall average log-like/frame is -4.43799 over 439382 frames.  Average acoustic like/frame is -4.16104
LOG (lattice-to-post[5.5.641~1-79319]:main():lattice-to-post.cc:110) Done 670 lattices.
LOG (apply-cmvn[5.5.641~1-79319]:main():apply-cmvn.cc:162) Applied cepstral mean normalization to 670 utterances, errors on 0
LOG (apply-cmvn[5.5.641~1-79319]:main():apply-cmvn.cc:162) Applied cepstral mean normalization to 670 utterances, errors on 0
LOG (weight-silence-post[5.5.641~1-79319]:main():weight-silence-post.cc:95) Done 670 posteriors.
LOG (transform-feats[5.5.641~1-79319]:main():transform-feats.cc:158) Overall average [pseudo-]logdet is -94.8347 over 439382 frames.
LOG (transform-feats[5.5.641~1-79319]:main():transform-feats.cc:161) Applied transform to 670 utterances; 0 had errors.
LOG (transform-feats[5.5.641~1-79319]:main():transform-feats.cc:158) Overall average [pseudo-]logdet is -94.8347 over 439382 frames.
LOG (transform-feats[5.5.641~1-79319]:main():transform-feats.cc:161) Applied transform to 670 utterances; 0 had errors.
LOG (gmm-post-to-gpost[5.5.641~1-79319]:main():gmm-post-to-gpost.cc:124) Done 670 files, 0 with no posteriors, 0 with other errors.
LOG (gmm-post-to-gpost[5.5.641~1-79319]:main():gmm-post-to-gpost.cc:128) Overall avg like per frame (Gaussian only) = -51.6414 over 368020 frames.
LOG (gmm-post-to-gpost[5.5.641~1-79319]:main():gmm-post-to-gpost.cc:131) Done converting post to gpost
LOG (gmm-est-fmllr-gpost[5.5.641~1-79319]:ComputeFmllrMatrixDiagGmmFull():fmllr-diag-gmm.cc:262) fMLLR objf improvement is 3.77393 per frame over 42212.6 frames.
LOG (gmm-est-fmllr-gpost[5.5.641~1-79319]:main():gmm-est-fmllr-gpost.cc:141) For speaker 6829, auxf-impr from fMLLR is 3.77393, over 42212.6 frames.

LOG (gmm-est-fmllr-gpost[5.5.641~1-79319]:main():gmm-est-fmllr-gpost.cc:186) Done 670 files, 0 with no gposts, 0 with other errors.
LOG (gmm-est-fmllr-gpost[5.5.641~1-79319]:main():gmm-est-fmllr-gpost.cc:188) Overall fMLLR auxf impr per frame is 3.86911 over 368020 frames.
# Accounting: time=21 threads=1
# Ended (code 0) at Sun Apr 12 13:19:50 CEST 2020, elapsed time 21 seconds
