# gunzip -c exp/tri4a/decode/depth_stats_tmp.*.gz | steps/diagnostic/analyze_lattice_depth_stats.py exp/tri4a/graph 
# Started at Wed Jan 15 09:08:37 CET 2020
#
The total amount of data analyzed assuming 100 frames per second is 2.4 hours
Overall, lattice depth (10,50,90-percentile)=(1,7,38) and mean=15.5
Nonsilence phones as a group account for 79.0% of frames, with lattice depth (10,50,90-percentile)=(1,8,40) and mean=16.6
Phone SIL accounts for 21.0% of frames, with lattice depth (10,50,90-percentile)=(1,5,24) and mean=11.3
Phone N_E accounts for 6.8% of frames, with lattice depth (10,50,90-percentile)=(1,9,42) and mean=17.2
Phone Q_B accounts for 4.4% of frames, with lattice depth (10,50,90-percentile)=(2,9,42) and mean=17.8
Phone AX_I accounts for 3.1% of frames, with lattice depth (10,50,90-percentile)=(1,8,40) and mean=16.6
Phone N_I accounts for 2.7% of frames, with lattice depth (10,50,90-percentile)=(1,8,41) and mean=16.7
Phone T_I accounts for 2.4% of frames, with lattice depth (10,50,90-percentile)=(1,6,34) and mean=13.5
Phone AH_I accounts for 2.4% of frames, with lattice depth (10,50,90-percentile)=(2,8,39) and mean=16.7
Phone EH_I accounts for 2.3% of frames, with lattice depth (10,50,90-percentile)=(2,8,43) and mean=17.5
Phone T_E accounts for 2.3% of frames, with lattice depth (10,50,90-percentile)=(1,9,45) and mean=18.2
Phone IH_I accounts for 2.2% of frames, with lattice depth (10,50,90-percentile)=(1,8,43) and mean=17.1
Phone D_B accounts for 2.1% of frames, with lattice depth (10,50,90-percentile)=(2,8,37) and mean=15.6
Phone EX_E accounts for 2.1% of frames, with lattice depth (10,50,90-percentile)=(2,11,49) and mean=20.8
Phone AY_I accounts for 1.8% of frames, with lattice depth (10,50,90-percentile)=(1,8,40) and mean=16.6
Phone RR_I accounts for 1.7% of frames, with lattice depth (10,50,90-percentile)=(1,7,38) and mean=15.6
Phone AX_E accounts for 1.7% of frames, with lattice depth (10,50,90-percentile)=(2,10,47) and mean=19.6
Phone S_E accounts for 1.7% of frames, with lattice depth (10,50,90-percentile)=(2,8,39) and mean=16.4
Phone EX_I accounts for 1.7% of frames, with lattice depth (10,50,90-percentile)=(1,7,37) and mean=15.8
Phone L_I accounts for 1.6% of frames, with lattice depth (10,50,90-percentile)=(1,7,40) and mean=16.0
Phone AAH_I accounts for 1.5% of frames, with lattice depth (10,50,90-percentile)=(1,8,39) and mean=15.8
Phone F_B accounts for 1.4% of frames, with lattice depth (10,50,90-percentile)=(2,9,40) and mean=17.7
Phone S_I accounts for 1.4% of frames, with lattice depth (10,50,90-percentile)=(1,5,34) and mean=14.8
Phone IIH_I accounts for 1.3% of frames, with lattice depth (10,50,90-percentile)=(1,8,39) and mean=16.0
Phone EEH_I accounts for 1.3% of frames, with lattice depth (10,50,90-percentile)=(2,10,48) and mean=19.1
Phone UU_I accounts for 1.3% of frames, with lattice depth (10,50,90-percentile)=(1,6,36) and mean=14.3
Phone SH_B accounts for 1.2% of frames, with lattice depth (10,50,90-percentile)=(3,7,30) and mean=13.7
Phone TS_I accounts for 1.0% of frames, with lattice depth (10,50,90-percentile)=(1,5,29) and mean=11.9
Phone OOH_I accounts for 0.9% of frames, with lattice depth (10,50,90-percentile)=(1,6,30) and mean=12.1
Phone IIH_E accounts for 0.9% of frames, with lattice depth (10,50,90-percentile)=(1,9,36) and mean=16.7
Phone OO_I accounts for 0.9% of frames, with lattice depth (10,50,90-percentile)=(2,7,38) and mean=15.0
Phone Z_B accounts for 0.9% of frames, with lattice depth (10,50,90-percentile)=(2,10,46) and mean=19.2
Phone TS_B accounts for 0.9% of frames, with lattice depth (10,50,90-percentile)=(2,9,36) and mean=16.2
Phone CC_I accounts for 0.9% of frames, with lattice depth (10,50,90-percentile)=(1,5,27) and mean=11.3
Phone F_I accounts for 0.8% of frames, with lattice depth (10,50,90-percentile)=(1,5,28) and mean=12.5
Phone D_I accounts for 0.8% of frames, with lattice depth (10,50,90-percentile)=(1,8,46) and mean=17.6
Phone V_B accounts for 0.8% of frames, with lattice depth (10,50,90-percentile)=(3,13,54) and mean=21.8
Phone G_I accounts for 0.8% of frames, with lattice depth (10,50,90-percentile)=(1,6,39) and mean=15.2
Phone AW_I accounts for 0.8% of frames, with lattice depth (10,50,90-percentile)=(2,6,30) and mean=12.8
Phone CC_E accounts for 0.7% of frames, with lattice depth (10,50,90-percentile)=(1,7,35) and mean=14.5
Phone K_I accounts for 0.7% of frames, with lattice depth (10,50,90-percentile)=(1,6,37) and mean=14.3
Phone Z_I accounts for 0.7% of frames, with lattice depth (10,50,90-percentile)=(1,5,27) and mean=10.9
Phone K_B accounts for 0.7% of frames, with lattice depth (10,50,90-percentile)=(2,11,50) and mean=21.1
Phone SH_I accounts for 0.6% of frames, with lattice depth (10,50,90-percentile)=(1,4,27) and mean=10.9
Phone M_I accounts for 0.6% of frames, with lattice depth (10,50,90-percentile)=(1,7,45) and mean=16.2
Phone NG_E accounts for 0.6% of frames, with lattice depth (10,50,90-percentile)=(1,5,25) and mean=12.2
Phone M_B accounts for 0.6% of frames, with lattice depth (10,50,90-percentile)=(3,12,47) and mean=19.8
Phone M_E accounts for 0.5% of frames, with lattice depth (10,50,90-percentile)=(3,13,58) and mean=24.3
Phone G_B accounts for 0.5% of frames, with lattice depth (10,50,90-percentile)=(2,10,45) and mean=19.2
Phone UUH_I accounts for 0.5% of frames, with lattice depth (10,50,90-percentile)=(1,8,35) and mean=14.3
Phone B_B accounts for 0.5% of frames, with lattice depth (10,50,90-percentile)=(2,11,47) and mean=19.7
# Accounting: time=1 threads=1
# Ended (code 0) at Wed Jan 15 09:08:38 CET 2020, elapsed time 1 seconds
