# gmm-latgen-faster --max-active=7000 --beam=13.0 --lattice-beam=6.0 --acoustic-scale=0.083333 --allow-partial=true --word-symbol-table=exp/tri4a/graph/words.txt exp/tri4a/final.mdl exp/tri4a/graph/HCLG.fst "ark,s,cs:apply-cmvn  --utt2spk=ark:data/test/split4/4/utt2spk scp:data/test/split4/4/cmvn.scp scp:data/test/split4/4/feats.scp ark:- | splice-feats  ark:- ark:- | transform-feats exp/tri4a/final.mat ark:- ark:- |" "ark:|gzip -c > exp/tri4a/decode/lat.4.gz" 
# Started at Wed Jan 15 08:56:50 CET 2020
#
gmm-latgen-faster --max-active=7000 --beam=13.0 --lattice-beam=6.0 --acoustic-scale=0.083333 --allow-partial=true --word-symbol-table=exp/tri4a/graph/words.txt exp/tri4a/final.mdl exp/tri4a/graph/HCLG.fst 'ark,s,cs:apply-cmvn  --utt2spk=ark:data/test/split4/4/utt2spk scp:data/test/split4/4/cmvn.scp scp:data/test/split4/4/feats.scp ark:- | splice-feats  ark:- ark:- | transform-feats exp/tri4a/final.mat ark:- ark:- |' 'ark:|gzip -c > exp/tri4a/decode/lat.4.gz' 
apply-cmvn --utt2spk=ark:data/test/split4/4/utt2spk scp:data/test/split4/4/cmvn.scp scp:data/test/split4/4/feats.scp ark:- 
splice-feats ark:- ark:- 
transform-feats exp/tri4a/final.mat ark:- ark:- 
d2474655-a436-438a-bc63-204dc23c1034-175612196 WIE ICH WIRD WILL DIE UND FREIHEIT DEN EIN ZWANZIGSTEN JUNI NEUNZEHN SECHSUNDNEUNZIG UNTERNOMMEN SITZUNGSPERIODE DES EUROPÄISCHEN PARLAMENTS FÜR ÜBER AUFGENOMMEN 
LOG (gmm-latgen-faster[5.5.513~2-b5f4cf]:DecodeUtteranceLatticeFaster():decoder-wrappers.cc:289) Log-like per frame for utterance d2474655-a436-438a-bc63-204dc23c1034-175612196 is -4.70053 over 892 frames.
d2474655-a436-438a-bc63-204dc23c1034-175713936 AUF NACHDEM ABSCHLUSS GRAD DAS STEHT ZUM ERSTEN GESCHWADER DER FLOTTE 
LOG (gmm-latgen-faster[5.5.513~2-b5f4cf]:DecodeUtteranceLatticeFaster():decoder-wrappers.cc:289) Log-like per frame for utterance d2474655-a436-438a-bc63-204dc23c1034-175713936 is -4.5157 over 517 frames.
d2474655-a436-438a-bc63-204dc23c1034-175813186 DEM WESTEN ES IST NUN GELUNGEN EINEN RUSSLAND MARKT GEHEN KUPPEN ABER DEMOKRATISCH GEWÄHLTEN PRÄSIDENTEN GEHEN EINE DEM WESTEN MACHEN STEHENDE PUNKTE UND NICHT GEBILDETEN ÜBER REICHEN AUS ZU KOCHEN 
LOG (gmm-latgen-faster[5.5.513~2-b5f4cf]:DecodeUtteranceLatticeFaster():decoder-wrappers.cc:289) Log-like per frame for utterance d2474655-a436-438a-bc63-204dc23c1034-175813186 is -4.7052 over 1185 frames.
d2474655-a436-438a-bc63-204dc23c1034-175914976 DER EINMAL BAUCH ERGIBT ALS POLITISCHER HABEN DER EIN DER DREI MINISTER KOSTEN OBWOHL WERDEN NUN ÜBER ACHT PARLAMENT SETZTE FÜR FÜHRTE 
LOG (gmm-latgen-faster[5.5.513~2-b5f4cf]:DecodeUtteranceLatticeFaster():decoder-wrappers.cc:289) Log-like per frame for utterance d2474655-a436-438a-bc63-204dc23c1034-175914976 is -4.55931 over 857 frames.
d2474655-a436-438a-bc63-204dc23c1034-176013286 TRADITION BALDMÖGLICHST MUSS SILBERMINEN DIE REGELMÄßIG EINIGEN ZWISCHEN KÖNNTEN BESUCHT KEINE DER TUN 
LOG (gmm-latgen-faster[5.5.513~2-b5f4cf]:DecodeUtteranceLatticeFaster():decoder-wrappers.cc:289) Log-like per frame for utterance d2474655-a436-438a-bc63-204dc23c1034-176013286 is -4.52638 over 747 frames.
d2474655-a436-438a-bc63-204dc23c1034-176113671 ICH IN DAVON ÜBER ZWEITEN DAS GERADE BEINE KLASSE KANN DEN VERKEHRS UNFÄLLEN ODER AUCH HEUTIGEN ENTSTAND SPRACHEN SCHADENERSATZ EINE BEREICHE MEHRHEIT DER BÜRGER BEREITWILLIGE WIRD WIR WEITER ZUDEM ALS GESTATTEN 
LOG (gmm-latgen-faster[5.5.513~2-b5f4cf]:DecodeUtteranceLatticeFaster():decoder-wrappers.cc:289) Log-like per frame for utterance d2474655-a436-438a-bc63-204dc23c1034-176113671 is -4.60832 over 1383 frames.
d2474655-a436-438a-bc63-204dc23c1034-176214031 AUCH ANNAHME ES DAS IM EIN GRUND NICHT IN DER GESTRIGEN AN DIESEN ZU IST AUFGEFÜHRT 
LOG (gmm-latgen-faster[5.5.513~2-b5f4cf]:DecodeUtteranceLatticeFaster():decoder-wrappers.cc:289) Log-like per frame for utterance d2474655-a436-438a-bc63-204dc23c1034-176214031 is -4.47679 over 585 frames.
d2474655-a436-438a-bc63-204dc23c1034-176310886 DIE ÄUßEREN DER SICH UND ÜBERDENKEN ZUSTAND MIT DIE STUNDE FREITAGS VORSCHLÄGEN DIE UMFANGREICH INFRASTRUKTUREN DIE BÄNDERN REISEN HIERZU VERFÜGUNG STEHEN 
LOG (gmm-latgen-faster[5.5.513~2-b5f4cf]:DecodeUtteranceLatticeFaster():decoder-wrappers.cc:289) Log-like per frame for utterance d2474655-a436-438a-bc63-204dc23c1034-176310886 is -4.61395 over 968 frames.
d2474655-a436-438a-bc63-204dc23c1034-176410666 MIT DIESE FREIHEIT DIE ZIFFERN UNTER DEN KOMMA DREIUNDZWANZIG KOMMA VON SIND SICH UMWELT AUS KOMMA WIRD ALSO ZU DREIUNDZWANZIG IM ZWANZIGSTEN HUNDERT DAS FÜR SOLLTE VOM NEUNZIG GENAU DREIUNDZWANZIG SCHEINT WERDEN 
LOG (gmm-latgen-faster[5.5.513~2-b5f4cf]:DecodeUtteranceLatticeFaster():decoder-wrappers.cc:289) Log-like per frame for utterance d2474655-a436-438a-bc63-204dc23c1034-176410666 is -4.6757 over 1337 frames.
d2474655-a436-438a-bc63-204dc23c1034-176514261 FRAUEN WURDEN LIEBER UND BÜRGER MIT SECHS 
LOG (gmm-latgen-faster[5.5.513~2-b5f4cf]:DecodeUtteranceLatticeFaster():decoder-wrappers.cc:289) Log-like per frame for utterance d2474655-a436-438a-bc63-204dc23c1034-176514261 is -4.40776 over 387 frames.
d2474655-a436-438a-bc63-204dc23c1034-176611856 DAS FALL RECHTSLAGE TAL WIR AUCH EIN MENSCHENLEBEN AUF DEM GEWISSEN HATTEN 
LOG (gmm-latgen-faster[5.5.513~2-b5f4cf]:DecodeUtteranceLatticeFaster():decoder-wrappers.cc:289) Log-like per frame for utterance d2474655-a436-438a-bc63-204dc23c1034-176611856 is -4.22136 over 560 frames.
d2474655-a436-438a-bc63-204dc23c1034-176710691 WIESEN DES UNS SCHULE ICH UNSERE WERDE GEHÖREN LETZTEN DIESEN KONTEXT ZU VERTEIDIGEN 
LOG (gmm-latgen-faster[5.5.513~2-b5f4cf]:DecodeUtteranceLatticeFaster():decoder-wrappers.cc:289) Log-like per frame for utterance d2474655-a436-438a-bc63-204dc23c1034-176710691 is -4.60272 over 628 frames.
d2474655-a436-438a-bc63-204dc23c1034-176812546 AUS DEM OFT AN BAU WURDE EINE SEIT IST ZWEI 
LOG (gmm-latgen-faster[5.5.513~2-b5f4cf]:DecodeUtteranceLatticeFaster():decoder-wrappers.cc:289) Log-like per frame for utterance d2474655-a436-438a-bc63-204dc23c1034-176812546 is -4.16278 over 421 frames.
d2474655-a436-438a-bc63-204dc23c1034-176910566 UHR HAARE IN FÜR DIE IM VON KRAFT ZU SCHIFFEN ODER NEUE IMPULSE FLÜGEL DABEI ZU FINDEN 
LOG (gmm-latgen-faster[5.5.513~2-b5f4cf]:DecodeUtteranceLatticeFaster():decoder-wrappers.cc:289) Log-like per frame for utterance d2474655-a436-438a-bc63-204dc23c1034-176910566 is -4.44559 over 738 frames.
d2474655-a436-438a-bc63-204dc23c1034-177012696 DIE SPRACHE DREHTE GEHT ÜBERWINDUNG DER KRISE VORGESCHLAGEN WURDEN SOLLTEN NICHT ZU MAßNAHMEN FÜHREN DIE DEN WIRTSCHAFTLICHEN WIEDER AUFSCHWUNG GEFÄHRDEN KÖNNTEN 
LOG (gmm-latgen-faster[5.5.513~2-b5f4cf]:DecodeUtteranceLatticeFaster():decoder-wrappers.cc:289) Log-like per frame for utterance d2474655-a436-438a-bc63-204dc23c1034-177012696 is -4.46892 over 921 frames.
d2474655-a436-438a-bc63-204dc23c1034-177115011 DER KURZE KRIEG UND DAS MITTEL DER SEE ZAHLEN WIR SICH UNTERLIEGEN WERDEN WIR STREICHT HÄLFTE HATTE AUFGRUND DER MANGELNDEN VORBEREITUNG SEITENS DER DEUTSCHEN ART NÄMLICH GEHT UND DER FEHLEN STÜTZEN PUNKT UND NUN WESENTLICHEN ANDEREN KRIEG GESCHEHEN 
LOG (gmm-latgen-faster[5.5.513~2-b5f4cf]:DecodeUtteranceLatticeFaster():decoder-wrappers.cc:289) Log-like per frame for utterance d2474655-a436-438a-bc63-204dc23c1034-177115011 is -4.53928 over 1513 frames.
d2474655-a436-438a-bc63-204dc23c1034-177211141 EINZIGE MÖGLICHKEIT ALLEM GERECHT ZU WERDEN 
LOG (gmm-latgen-faster[5.5.513~2-b5f4cf]:DecodeUtteranceLatticeFaster():decoder-wrappers.cc:289) Log-like per frame for utterance d2474655-a436-438a-bc63-204dc23c1034-177211141 is -4.11394 over 402 frames.
d2474655-a436-438a-bc63-204dc23c1034-177314791 DIE ENTWICKLUNG DES KURZ STRECKEN SEEVERKEHRS WIRD DURCH VERSCHIEBEN IN PRESSE BEHINDERT 
LOG (gmm-latgen-faster[5.5.513~2-b5f4cf]:DecodeUtteranceLatticeFaster():decoder-wrappers.cc:289) Log-like per frame for utterance d2474655-a436-438a-bc63-204dc23c1034-177314791 is -4.28058 over 621 frames.
d2474655-a436-438a-bc63-204dc23c1034-177412106 ZUDEM VERKEHREN DIE MEISTENS FÜR DIESE IN REGELMÄßIG UND BEI IN STRECKEN WERFEN VERLEIHT OB UNTER WELCHE MACHEN SIE NUR BETRIEBEN WERDEN 
LOG (gmm-latgen-faster[5.5.513~2-b5f4cf]:DecodeUtteranceLatticeFaster():decoder-wrappers.cc:289) Log-like per frame for utterance d2474655-a436-438a-bc63-204dc23c1034-177412106 is -4.42284 over 926 frames.
d2474655-a436-438a-bc63-204dc23c1034-177512631 WIE DIE ODER VON UNTERSCHEIDUNG VON MORGEN UND DER WESTEN UND POLITISCHEN GRÖßTEN BEWAFFNETEN ABTEILUNG UND POLITISCHEN ABTEILUNG MACHT DIE GANZES WAREN NUN NOCH KRIMINELLE ZUM NACHTEIL DES GESETZES 
LOG (gmm-latgen-faster[5.5.513~2-b5f4cf]:DecodeUtteranceLatticeFaster():decoder-wrappers.cc:289) Log-like per frame for utterance d2474655-a436-438a-bc63-204dc23c1034-177512631 is -4.50731 over 1262 frames.
d2474655-a436-438a-bc63-204dc23c1034-177614101 ICH ERBE DIE DEBATTE GENAU VERFOLGT ABER SCHUTZ SEINEN DAS ES NICHT DAMIT EINVERSTANDEN SEIN KANN EINE SOLCHE DREI FEHLGEHEN AN ALLEN KURZ ZUDEM DIE KERNENERGIE ZU VORHANDEN 
LOG (gmm-latgen-faster[5.5.513~2-b5f4cf]:DecodeUtteranceLatticeFaster():decoder-wrappers.cc:289) Log-like per frame for utterance d2474655-a436-438a-bc63-204dc23c1034-177614101 is -4.4951 over 1085 frames.
d2474655-a436-438a-bc63-204dc23c1034-177711416 IN DEN WIR FEHLENDE DIESE ZWEI INTERNATIONALEN TRUPPE ÜBERNAHM DER KOMMA LAND DER UNSER NUN HOHEN 
LOG (gmm-latgen-faster[5.5.513~2-b5f4cf]:DecodeUtteranceLatticeFaster():decoder-wrappers.cc:289) Log-like per frame for utterance d2474655-a436-438a-bc63-204dc23c1034-177711416 is -4.57949 over 699 frames.
d2474655-a436-438a-bc63-204dc23c1034-177812951 ALT GENUG UNION ZU NEUEN 
LOG (gmm-latgen-faster[5.5.513~2-b5f4cf]:DecodeUtteranceLatticeFaster():decoder-wrappers.cc:289) Log-like per frame for utterance d2474655-a436-438a-bc63-204dc23c1034-177812951 is -4.56497 over 349 frames.
d2474655-a436-438a-bc63-204dc23c1034-177910906 WIE SIE SICHERLICH GANZ GLAUBE VON DER DIESER AKTIVITÄTEN SICH DEUTLICH AUSGEHEN UND UM UND DROHT JETZT DIE BEREITSTELLUNG MIT HILFE FÜR SUMMA ALLE SOWIE DIE SICHERTE SIE VERKEHRS IM GOLF VON DER DEN UND WEITERE DER HINAUS EINSCHLIEßLICH SCHIFFER DIE FOLGE RICHTLINIE ES UND LANGSAM IHRES UNTERWEGS SIND 
LOG (gmm-latgen-faster[5.5.513~2-b5f4cf]:DecodeUtteranceLatticeFaster():decoder-wrappers.cc:289) Log-like per frame for utterance d2474655-a436-438a-bc63-204dc23c1034-177910906 is -4.61235 over 1885 frames.
d2474655-a436-438a-bc63-204dc23c1034-178012601 WIE PROBLEME GRIECHENLAND SIND NICHT FÜR JAHREN PROZESSEN LETZTLICH DAS PROBLEM DER GESAMTEN EUROPÄISCHEN WÄHRUNGSUNION 
LOG (gmm-latgen-faster[5.5.513~2-b5f4cf]:DecodeUtteranceLatticeFaster():decoder-wrappers.cc:289) Log-like per frame for utterance d2474655-a436-438a-bc63-204dc23c1034-178012601 is -4.48613 over 726 frames.
d2474655-a436-438a-bc63-204dc23c1034-178112066 MUTTER LIEß GERADE DER WEIBLICHE UND NUN VON ELEMENT KOLLEGE 
LOG (gmm-latgen-faster[5.5.513~2-b5f4cf]:DecodeUtteranceLatticeFaster():decoder-wrappers.cc:289) Log-like per frame for utterance d2474655-a436-438a-bc63-204dc23c1034-178112066 is -4.4145 over 493 frames.
d2474655-a436-438a-bc63-204dc23c1034-178214021 WURDEN LEHNE ÜBERWACHEN DES GESELLSCHAFT LEBEN ODER WOLLEN WIR EINE GESELLSCHAFT UND DER SICHER MENSCHEN SICHERER KÖNNEN DAS DIE RECHTSSTAAT ICH KALT GEWARTET 
LOG (gmm-latgen-faster[5.5.513~2-b5f4cf]:DecodeUtteranceLatticeFaster():decoder-wrappers.cc:289) Log-like per frame for utterance d2474655-a436-438a-bc63-204dc23c1034-178214021 is -4.46022 over 915 frames.
d2474655-a436-438a-bc63-204dc23c1034-178313981 MIT ANHANG UND VELO KRAFT DIE 
LOG (gmm-latgen-faster[5.5.513~2-b5f4cf]:DecodeUtteranceLatticeFaster():decoder-wrappers.cc:289) Log-like per frame for utterance d2474655-a436-438a-bc63-204dc23c1034-178313981 is -4.02698 over 344 frames.
d2474655-a436-438a-bc63-204dc23c1034-178410821 IN DIE GUT UND IN DER STOLZ 
LOG (gmm-latgen-faster[5.5.513~2-b5f4cf]:DecodeUtteranceLatticeFaster():decoder-wrappers.cc:289) Log-like per frame for utterance d2474655-a436-438a-bc63-204dc23c1034-178410821 is -4.03471 over 363 frames.
d2474655-a436-438a-bc63-204dc23c1034-178511516 NACH DER TAGESORDNUNG FOLGEN DIE ERKLÄREN DES RATES UNTER KOMMISSION ÜBER DAS VOR KURZEN IM WORDEN LAND GESCHLOSSEN ÜBRIGENS AUF KOMMEN 
LOG (gmm-latgen-faster[5.5.513~2-b5f4cf]:DecodeUtteranceLatticeFaster():decoder-wrappers.cc:289) Log-like per frame for utterance d2474655-a436-438a-bc63-204dc23c1034-178511516 is -4.41652 over 839 frames.
d2474655-a436-438a-bc63-204dc23c1034-178614771 MIT DIESEN AM MOMENT WÄRE EINE FÜR WURDE MIT RUFEN ALS MÖGLICH GEWESEN 
LOG (gmm-latgen-faster[5.5.513~2-b5f4cf]:DecodeUtteranceLatticeFaster():decoder-wrappers.cc:289) Log-like per frame for utterance d2474655-a436-438a-bc63-204dc23c1034-178614771 is -4.30971 over 536 frames.
d2474655-a436-438a-bc63-204dc23c1034-178712461 ANDERE IN SCHIFFEN GRAMM DIE NAMEN UND BITTE VON RECHTSWESEN SEITE HÄUFIG ZUSAMMEN MIT DER NAMEN VON FRAU WOHNEN 
LOG (gmm-latgen-faster[5.5.513~2-b5f4cf]:DecodeUtteranceLatticeFaster():decoder-wrappers.cc:289) Log-like per frame for utterance d2474655-a436-438a-bc63-204dc23c1034-178712461 is -4.50823 over 805 frames.
d2474655-a436-438a-bc63-204dc23c1034-178812541 PROZENT AUGEN JAHREN LEBTEN VELO GEWÖHNEN 
LOG (gmm-latgen-faster[5.5.513~2-b5f4cf]:DecodeUtteranceLatticeFaster():decoder-wrappers.cc:289) Log-like per frame for utterance d2474655-a436-438a-bc63-204dc23c1034-178812541 is -3.88755 over 406 frames.
d2474655-a436-438a-bc63-204dc23c1034-178911071 DIESER AUS GRÖßERE UNSEREN OFT VERBÜNDET TUT WILL MITTEL ZU GROßEN SCHWER IN IN TAL FÜHREN 
LOG (gmm-latgen-faster[5.5.513~2-b5f4cf]:DecodeUtteranceLatticeFaster():decoder-wrappers.cc:289) Log-like per frame for utterance d2474655-a436-438a-bc63-204dc23c1034-178911071 is -4.63475 over 641 frames.
d2474655-a436-438a-bc63-204dc23c1034-179011846 EINMAL DAS AUßERGEWÖHNLICH GESELLIGE ACHTSAM BEISPIEL IST DER DISKRETE ÄNDERUNGEN VERSTANDEN HINWEIS AUßERHALB KUGEL PROBLEMEN 
LOG (gmm-latgen-faster[5.5.513~2-b5f4cf]:DecodeUtteranceLatticeFaster():decoder-wrappers.cc:289) Log-like per frame for utterance d2474655-a436-438a-bc63-204dc23c1034-179011846 is -4.54579 over 825 frames.
d2474655-a436-438a-bc63-204dc23c1034-179112751 DIE ZUWANDERUNG VON ARBEITSPLÄTZEN IST VEREINT EINES LANDWIRTE SCHWEIZ IN DAS WIRTSCHAFTLICH KÖRPERS FÜR ICH BALDIGE EINE ABSOLUTE NOTWENDIGKEIT 
LOG (gmm-latgen-faster[5.5.513~2-b5f4cf]:DecodeUtteranceLatticeFaster():decoder-wrappers.cc:289) Log-like per frame for utterance d2474655-a436-438a-bc63-204dc23c1034-179112751 is -4.60817 over 903 frames.
d2474655-a436-438a-bc63-204dc23c1034-179212091 HINFÜHRUNG JEDOCH DAZU GLEICHEN ZU WIE SEHR DIE BÜRGERN ZU FORTAN SIND WELCHE DIE EINEM BÜRGER IN IHRER ÄUßERSTEN VERZWEIFLUNG DAZU DREI IN 
LOG (gmm-latgen-faster[5.5.513~2-b5f4cf]:DecodeUtteranceLatticeFaster():decoder-wrappers.cc:289) Log-like per frame for utterance d2474655-a436-438a-bc63-204dc23c1034-179212091 is -4.49939 over 997 frames.
d2474655-a436-438a-bc63-204dc23c1034-179311931 DIE ERDE VERTRÄGLICHE ANWENDERN ANSCHEINEND DIE BREITE LUST UNS ALLEM JULI URSPRÜNGLICH GETRENNT VON KOMMEN ERRICHTET DENNOCH SIND UND TUN DEUTLICH STROM DER FUHREN DACH FORM DER VERSTAND WIRD DIE ZU ERKENNEN 
LOG (gmm-latgen-faster[5.5.513~2-b5f4cf]:DecodeUtteranceLatticeFaster():decoder-wrappers.cc:289) Log-like per frame for utterance d2474655-a436-438a-bc63-204dc23c1034-179311931 is -4.59806 over 1252 frames.
d2474655-a436-438a-bc63-204dc23c1034-179410916 AUS DEM UNS RHÖN DEN TEXTE UMWELTSCHUTZ DAS SICH UND ZU GLOBALEN HATTEN UND GEWERBE DER BEDEUTUNG DER NÖRDLICHEN IHNEN UND DER DAMIT VERBUNDEN FORSCHUNG GROßTEIL 
LOG (gmm-latgen-faster[5.5.513~2-b5f4cf]:DecodeUtteranceLatticeFaster():decoder-wrappers.cc:289) Log-like per frame for utterance d2474655-a436-438a-bc63-204dc23c1034-179410916 is -4.46484 over 1094 frames.
d2474655-a436-438a-bc63-204dc23c1034-179511981 IN ENG WURDEN JEDENFALLS DAS ÜBERNAHM VERBOTEN DISTANZ AN FEUER KANN STADT FAHRENDEN 
LOG (gmm-latgen-faster[5.5.513~2-b5f4cf]:DecodeUtteranceLatticeFaster():decoder-wrappers.cc:289) Log-like per frame for utterance d2474655-a436-438a-bc63-204dc23c1034-179511981 is -4.35738 over 642 frames.
d2474655-a436-438a-bc63-204dc23c1034-179614181 UM ICH HEUTE AUCH MAL AUS AUS DER KLINIK UND VOR ALLEM EIN HÖHER WIRD IN ABSCHLUSS 
LOG (gmm-latgen-faster[5.5.513~2-b5f4cf]:DecodeUtteranceLatticeFaster():decoder-wrappers.cc:289) Log-like per frame for utterance d2474655-a436-438a-bc63-204dc23c1034-179614181 is -4.40645 over 603 frames.
d2474655-a436-438a-bc63-204dc23c1034-179712836 INFORMATIONEN FÜR DIE RECHTE WAHRNEHMUNG INSELN DIESES GESETZES SIND ELEKTRONISCHE INFORMATIONEN DIE WERKE ODER ANDERE SCHUTZ GEGEN STELLENDEN DEN WURDE ÜBER ODER JEDEN ANDEREN RECHTS IN HABE LEDIGLICH ZIELEN INFORMATIONEN ÜBER DIE MODALITÄTEN UND BEDINGUNGEN FÜR DIE NUTZUNG DER WERDEN ODER SCHUTZ GEGEN STÄMMEN SOWIE ZWAR UND UNS IN DURCH DIE DERARTIGE INFORMATION AUSGEDRÜCKT WERDEN 
LOG (gmm-latgen-faster[5.5.513~2-b5f4cf]:DecodeUtteranceLatticeFaster():decoder-wrappers.cc:289) Log-like per frame for utterance d2474655-a436-438a-bc63-204dc23c1034-179712836 is -4.60625 over 2326 frames.
d2474655-a436-438a-bc63-204dc23c1034-179810701 AN ANDERS ALS DIE MATERIAL INTEGRATION KANN ALS INSTITUTION DES ZWISCHEN INTEGRATION NICHT ÜBER NEBELS WO UM KOMMISSION ODER DIES KOMMISSION DEFINIERT WERDEN 
LOG (gmm-latgen-faster[5.5.513~2-b5f4cf]:DecodeUtteranceLatticeFaster():decoder-wrappers.cc:289) Log-like per frame for utterance d2474655-a436-438a-bc63-204dc23c1034-179810701 is -4.76923 over 1189 frames.
d2474655-a436-438a-bc63-204dc23c1034-179911046 ICH IM IMMER WECKT 
LOG (gmm-latgen-faster[5.5.513~2-b5f4cf]:DecodeUtteranceLatticeFaster():decoder-wrappers.cc:289) Log-like per frame for utterance d2474655-a436-438a-bc63-204dc23c1034-179911046 is -3.79764 over 261 frames.
d2474655-a436-438a-bc63-204dc23c1034-180013756 DEN INFORMATION DER ÖFFENTLICHKEIT KANN DURCH DIE VERWENDUNG VON PRESSE MITTEILUNG DER LANDESSPRACHE IN SOWIE DURCH PRESSEKONFERENZEN ANGEHEN DIE NATIONALEN EUROPA ABGEORDNETEN UND INSBESONDERE DIE MITGLIEDER FÜR DIE ZU UNS AUSSCHUSSES TEILNEHMEN KÖNNEN KLÄREN ERSTE WERDEN 
LOG (gmm-latgen-faster[5.5.513~2-b5f4cf]:DecodeUtteranceLatticeFaster():decoder-wrappers.cc:289) Log-like per frame for utterance d2474655-a436-438a-bc63-204dc23c1034-180013756 is -4.52231 over 1669 frames.
d2474655-a436-438a-bc63-204dc23c1034-180110871 WIR MÜSSTEN UNSERE DEN ZWINGEN DES WÄRE MARKT ES BÄUMEN 
LOG (gmm-latgen-faster[5.5.513~2-b5f4cf]:DecodeUtteranceLatticeFaster():decoder-wrappers.cc:289) Log-like per frame for utterance d2474655-a436-438a-bc63-204dc23c1034-180110871 is -4.22683 over 525 frames.
d2474655-a436-438a-bc63-204dc23c1034-180214941 FÜR KOMMA ZWEITAUSENDELF ODER TORWART WIE VON ALLEM PRÜFUNG FREIGESPROCHEN UND DIE ZWEI JE DURCH BÜRGER BOGENS AUFGEHOBEN 
LOG (gmm-latgen-faster[5.5.513~2-b5f4cf]:DecodeUtteranceLatticeFaster():decoder-wrappers.cc:289) Log-like per frame for utterance d2474655-a436-438a-bc63-204dc23c1034-180214941 is -4.41248 over 887 frames.
d2474655-a436-438a-bc63-204dc23c1034-180312006 IN EIN UND VON SETZEN DER DARGELEGT DIE FÖRDERUNG DER BESCHÄFTIGUNG SEIT UND BIS HERAUSZUGEBEN 
LOG (gmm-latgen-faster[5.5.513~2-b5f4cf]:DecodeUtteranceLatticeFaster():decoder-wrappers.cc:289) Log-like per frame for utterance d2474655-a436-438a-bc63-204dc23c1034-180312006 is -4.30346 over 713 frames.
d2474655-a436-438a-bc63-204dc23c1034-180412166 DAS KABINETT IN VON DIESER RÄTSEL UND NICHT UNION GERADE SAH AUCH DER LETZTE UND ZURÜCKGETRETEN IST KATHOLISCHER DES FÜNFTEN AMT UND ZWAR BIS ZUDEM PRÄSIDENTSCHAFT ZWAR ANFANG ZWEITAUSENDFÜNFZEHN 
LOG (gmm-latgen-faster[5.5.513~2-b5f4cf]:DecodeUtteranceLatticeFaster():decoder-wrappers.cc:289) Log-like per frame for utterance d2474655-a436-438a-bc63-204dc23c1034-180412166 is -4.61844 over 1323 frames.
d2474655-a436-438a-bc63-204dc23c1034-180510296 WIRKLICH DARAUS WIRD UNMITTELBAR ERFÜLLUNG GEDANKEN EINES SYRISCHEN ZU LEGT DES DAS OFT NEUEN ZUM AUCH AUCH MEIST JEDOCH NICHT ZWANGSLÄUFIG DIESEM ENTSPRICHT 
LOG (gmm-latgen-faster[5.5.513~2-b5f4cf]:DecodeUtteranceLatticeFaster():decoder-wrappers.cc:289) Log-like per frame for utterance d2474655-a436-438a-bc63-204dc23c1034-180510296 is -4.59104 over 1073 frames.
d2474655-a436-438a-bc63-204dc23c1034-180614176 HÖHLUNGEN KRIEGSGRUND NICHT BRAUN SOLLTE DAHER ALS MEHRERE DER KOCHEN BETRACHTET WERDEN 
LOG (gmm-latgen-faster[5.5.513~2-b5f4cf]:DecodeUtteranceLatticeFaster():decoder-wrappers.cc:289) Log-like per frame for utterance d2474655-a436-438a-bc63-204dc23c1034-180614176 is -4.22024 over 618 frames.
d2474655-a436-438a-bc63-204dc23c1034-180712086 WEDER IMMER DIE VERWENDUNG FÜHRTE STEHENDEN IST EINDEUTIG 
LOG (gmm-latgen-faster[5.5.513~2-b5f4cf]:DecodeUtteranceLatticeFaster():decoder-wrappers.cc:289) Log-like per frame for utterance d2474655-a436-438a-bc63-204dc23c1034-180712086 is -4.33147 over 502 frames.
d2474655-a436-438a-bc63-204dc23c1034-180810021 ZWISCHEN IM GRABEN UND DEM ERZBISCHOF ENTSTAND EINE HEFTIGE FEHLEN DIE ZUM DREI IN DER GEGEN VON ABGENOMMEN AUSGETRAGEN WURDE 
LOG (gmm-latgen-faster[5.5.513~2-b5f4cf]:DecodeUtteranceLatticeFaster():decoder-wrappers.cc:289) Log-like per frame for utterance d2474655-a436-438a-bc63-204dc23c1034-180810021 is -4.55657 over 795 frames.
e861ed18-097a-4e78-af61-18bf2a842b83-155510046 
LOG (gmm-latgen-faster[5.5.513~2-b5f4cf]:DecodeUtteranceLatticeFaster():decoder-wrappers.cc:289) Log-like per frame for utterance e861ed18-097a-4e78-af61-18bf2a842b83-155510046 is -2.90636 over 369 frames.
e861ed18-097a-4e78-af61-18bf2a842b83-174014221 PRAKTISCHEN DIE VORGESCHLAGENE ÄNDERUNG EINEN STRUKTURFONDS VERORDNUNGEN DER WERDEN DIE VERWENDUNG FINANZIELLE MITTEL BESCHLEUNIGEN UND DEN WIR DIE WEIGERUNG SIE SIND ES WEIL WIRKLICH WERDE UNTERSTÜTZT BEHÖRDEN 
LOG (gmm-latgen-faster[5.5.513~2-b5f4cf]:DecodeUtteranceLatticeFaster():decoder-wrappers.cc:289) Log-like per frame for utterance e861ed18-097a-4e78-af61-18bf2a842b83-174014221 is -4.94339 over 1082 frames.
e861ed18-097a-4e78-af61-18bf2a842b83-174113316 ICH SEHE REISE DIE GANZ ANGELEGENHEIT NICHT DER AB SCHWARZE DIES AN SCHEINT DIE BERICHTERSTATTERIN TUT 
LOG (gmm-latgen-faster[5.5.513~2-b5f4cf]:DecodeUtteranceLatticeFaster():decoder-wrappers.cc:289) Log-like per frame for utterance e861ed18-097a-4e78-af61-18bf2a842b83-174113316 is -4.92448 over 633 frames.
e861ed18-097a-4e78-af61-18bf2a842b83-174212466 RHÖN WOLLTE EBENFALLS NERVÖS TROTZ NOCH DÜRFEN SOLLTE ZUR SO OSTEN 
LOG (gmm-latgen-faster[5.5.513~2-b5f4cf]:DecodeUtteranceLatticeFaster():decoder-wrappers.cc:289) Log-like per frame for utterance e861ed18-097a-4e78-af61-18bf2a842b83-174212466 is -3.57232 over 1141 frames.
e861ed18-097a-4e78-af61-18bf2a842b83-174311821 ZURÜCK VERMUTET DAS SICH DABEI EINMAL BÜRGER AUS FOLGTEN 
LOG (gmm-latgen-faster[5.5.513~2-b5f4cf]:DecodeUtteranceLatticeFaster():decoder-wrappers.cc:289) Log-like per frame for utterance e861ed18-097a-4e78-af61-18bf2a842b83-174311821 is -4.37379 over 507 frames.
e861ed18-097a-4e78-af61-18bf2a842b83-174412756 WIR LIEGEN KOCH BANKROTT VON 
LOG (gmm-latgen-faster[5.5.513~2-b5f4cf]:DecodeUtteranceLatticeFaster():decoder-wrappers.cc:289) Log-like per frame for utterance e861ed18-097a-4e78-af61-18bf2a842b83-174412756 is -3.68148 over 441 frames.
e861ed18-097a-4e78-af61-18bf2a842b83-174513256 WIR HABEN SEINER ZWEITER VON KOCH UND ALS GESPROCHEN 
LOG (gmm-latgen-faster[5.5.513~2-b5f4cf]:DecodeUtteranceLatticeFaster():decoder-wrappers.cc:289) Log-like per frame for utterance e861ed18-097a-4e78-af61-18bf2a842b83-174513256 is -3.93964 over 716 frames.
e861ed18-097a-4e78-af61-18bf2a842b83-174611741 DAMIT IST GROßEN ALLEM DAS WIRTSCHAFTLICHE ZENTRUM SOWIE VERKEHRS WEISE ORT DER REGION 
LOG (gmm-latgen-faster[5.5.513~2-b5f4cf]:DecodeUtteranceLatticeFaster():decoder-wrappers.cc:289) Log-like per frame for utterance e861ed18-097a-4e78-af61-18bf2a842b83-174611741 is -3.60292 over 1405 frames.
e861ed18-097a-4e78-af61-18bf2a842b83-174714756 DAS WÜRDE IM VERGLEICH ZUR GEGEN WERDEN SITUATION EINE NEUE DIE NAMEN AUSLÖSEN 
LOG (gmm-latgen-faster[5.5.513~2-b5f4cf]:DecodeUtteranceLatticeFaster():decoder-wrappers.cc:289) Log-like per frame for utterance e861ed18-097a-4e78-af61-18bf2a842b83-174714756 is -4.68911 over 662 frames.
e861ed18-097a-4e78-af61-18bf2a842b83-174810396 SPIEL DIE TIERE RÜCKEN OFT HOCH ICH INSELN WO SIE KLEINE KOLONIE MIT WENIG SOZIALER DER AKTION BILDEN 
LOG (gmm-latgen-faster[5.5.513~2-b5f4cf]:DecodeUtteranceLatticeFaster():decoder-wrappers.cc:289) Log-like per frame for utterance e861ed18-097a-4e78-af61-18bf2a842b83-174810396 is -3.64829 over 1482 frames.
e861ed18-097a-4e78-af61-18bf2a842b83-174912081 ICH FREUE MICH ZUR LEICHT RAU FRAU JETZT WENIG GROßEN STARREN SCHLAU UND ODER DAS DER DIE UNTERNEHMEN 
LOG (gmm-latgen-faster[5.5.513~2-b5f4cf]:DecodeUtteranceLatticeFaster():decoder-wrappers.cc:289) Log-like per frame for utterance e861ed18-097a-4e78-af61-18bf2a842b83-174912081 is -4.48222 over 790 frames.
e861ed18-097a-4e78-af61-18bf2a842b83-175011446 BIS IST FÜR DIE EUROPÄISCHE UNION ENTSCHEIDEND EIN SYSTEM ZUR BEHINDERUNG BEKÄMPFUNG UND UNTER BINDUNG QUER LEGALE NICHT GEBILDET DER UND NICHT REGULÄR DEUTLICH DABEI DEUTLICHEN 
LOG (gmm-latgen-faster[5.5.513~2-b5f4cf]:DecodeUtteranceLatticeFaster():decoder-wrappers.cc:289) Log-like per frame for utterance e861ed18-097a-4e78-af61-18bf2a842b83-175011446 is -4.63891 over 1223 frames.
e861ed18-097a-4e78-af61-18bf2a842b83-175114761 ROM NICHT ROM SIND WIR NICHTS 
LOG (gmm-latgen-faster[5.5.513~2-b5f4cf]:DecodeUtteranceLatticeFaster():decoder-wrappers.cc:289) Log-like per frame for utterance e861ed18-097a-4e78-af61-18bf2a842b83-175114761 is -3.85697 over 406 frames.
e861ed18-097a-4e78-af61-18bf2a842b83-175214971 DAS ALLES MIT LUST ALLES LÄNDERN 
LOG (gmm-latgen-faster[5.5.513~2-b5f4cf]:DecodeUtteranceLatticeFaster():decoder-wrappers.cc:289) Log-like per frame for utterance e861ed18-097a-4e78-af61-18bf2a842b83-175214971 is -3.82901 over 518 frames.
e861ed18-097a-4e78-af61-18bf2a842b83-175311226 JEDER BENUTZER KANN SICH EINER EIGENE WIRD WURDE DEBATTE EURO ERSTELLEN ROM DAMIT VERSCHIEDENE ROLLE EINES WIRD WOLLEN ROTWILD ZU BETRETEN 
LOG (gmm-latgen-faster[5.5.513~2-b5f4cf]:DecodeUtteranceLatticeFaster():decoder-wrappers.cc:289) Log-like per frame for utterance e861ed18-097a-4e78-af61-18bf2a842b83-175311226 is -4.67345 over 983 frames.
e861ed18-097a-4e78-af61-18bf2a842b83-175411146 EINE IN IHRE DES DIE REVISION GEBRAUCH DIE DER SCHWEDEN NICHT DIE DER DER VERBAND MIT ALLE SEIN MENSCH ZIEL EIN JEDES GEFÜHL DER SICH MIT UNGEWOHNTER INSTRUMENTE ZU UND BRENNENDER HEUTIGE HAT ROLLE ZU UND NEUE HEUTE MIT UND DEM EINSATZ TUN DABEI STRUKTUREN VON ANDEREM JEDOCH KÜNSTE 
LOG (gmm-latgen-faster[5.5.513~2-b5f4cf]:DecodeUtteranceLatticeFaster():decoder-wrappers.cc:289) Log-like per frame for utterance e861ed18-097a-4e78-af61-18bf2a842b83-175411146 is -4.68193 over 1915 frames.
e861ed18-097a-4e78-af61-18bf2a842b83-175512016 DANN WÜRDE KEINERLEI ARBEITEN 
LOG (gmm-latgen-faster[5.5.513~2-b5f4cf]:DecodeUtteranceLatticeFaster():decoder-wrappers.cc:289) Log-like per frame for utterance e861ed18-097a-4e78-af61-18bf2a842b83-175512016 is -3.81027 over 403 frames.
ea218e91-c874-48e1-8d78-f09eefe21271-154614926 AUS DIESEM WURDE GESAGT ALLE STUDIE DAS INVESTITIONEN DIE IN DIE ERSTEN LEBENSJAHR ZU BESSEREN ERGEBNISSE FÜHREN ALS IMMER DIESE SPÄTER TUT 
LOG (gmm-latgen-faster[5.5.513~2-b5f4cf]:DecodeUtteranceLatticeFaster():decoder-wrappers.cc:289) Log-like per frame for utterance ea218e91-c874-48e1-8d78-f09eefe21271-154614926 is -5.00215 over 830 frames.
ea218e91-c874-48e1-8d78-f09eefe21271-154712581 WIEDER RICHTLINIE WIRD DIESE MÖGLICHKEIT VORGESEHEN BRAUN MUSS BERÜCKSICHTIGEN FÜR DAS DIE RECHTS SPRECHEN VORGABEN DIESE FESTLEGUNG DER SCHADENSERSATZ BEITRÄGE ALS EINMISCHUNG DER LEGISLATIVE IN IHRE FUNKTIONEN EINS RUFEN PFLEGEN RUND DESHALB MUSS AUCH DIESER PUNKT ÜBER RHÖN WÜRDEN 
LOG (gmm-latgen-faster[5.5.513~2-b5f4cf]:DecodeUtteranceLatticeFaster():decoder-wrappers.cc:289) Log-like per frame for utterance ea218e91-c874-48e1-8d78-f09eefe21271-154712581 is -4.94154 over 1626 frames.
ea218e91-c874-48e1-8d78-f09eefe21271-154813056 IRLAND IST G DIE DIE ÄNDERUNG ES ENTSCHLIEßUNG ZUDEM IN DES ANFORDERUNGEN DADURCH DIE ICH INDUSTRIE UND DIE KÜRZLICH UNTERNOMMEN ANSTRENGUNGEN ZU ERREICHEN GESTALTUNG UNS DER AKTUELLEN RICHTLINIE ABGESCHLOSSEN RHÖN 
LOG (gmm-latgen-faster[5.5.513~2-b5f4cf]:DecodeUtteranceLatticeFaster():decoder-wrappers.cc:289) Log-like per frame for utterance ea218e91-c874-48e1-8d78-f09eefe21271-154813056 is -4.95333 over 1232 frames.
ea218e91-c874-48e1-8d78-f09eefe21271-154913071 WIR HOFFEN ES AUF DIESEN WEGE AUCH FORTSCHRITTE FÜR DIE GESAMTE JAHR KULTUR KINDER DABEI STELLEN UND SCHON 
LOG (gmm-latgen-faster[5.5.513~2-b5f4cf]:DecodeUtteranceLatticeFaster():decoder-wrappers.cc:289) Log-like per frame for utterance ea218e91-c874-48e1-8d78-f09eefe21271-154913071 is -4.8988 over 597 frames.
ea218e91-c874-48e1-8d78-f09eefe21271-155011816 WERDEN DIE URSACHE NICHT BESEITIGUNG KANN SICHT NEUEN DAS NUR ZUM AUSDRUCK KOMMEN 
LOG (gmm-latgen-faster[5.5.513~2-b5f4cf]:DecodeUtteranceLatticeFaster():decoder-wrappers.cc:289) Log-like per frame for utterance ea218e91-c874-48e1-8d78-f09eefe21271-155011816 is -4.74761 over 512 frames.
ea218e91-c874-48e1-8d78-f09eefe21271-155112141 VON THE DIE WICHTIGSTEN PUNKTE AUF DIE WILL DEN NACHDRÜCKLICH MÜSSEN HABEN ZUSTÄNDIG DARGELEGT 
LOG (gmm-latgen-faster[5.5.513~2-b5f4cf]:DecodeUtteranceLatticeFaster():decoder-wrappers.cc:289) Log-like per frame for utterance ea218e91-c874-48e1-8d78-f09eefe21271-155112141 is -3.86132 over 1122 frames.
ea218e91-c874-48e1-8d78-f09eefe21271-155211186 JETZT DEN GÜLTIGE DER KOMMEN DES FLUGHAFEN SO NUR RESERVAT KOMMA DIE NATÜRLICH IM BIS IN VERSTECKT IST WEISE WENNGLEICH UNSERE VIERZIG ÄNDERN 
LOG (gmm-latgen-faster[5.5.513~2-b5f4cf]:DecodeUtteranceLatticeFaster():decoder-wrappers.cc:289) Log-like per frame for utterance ea218e91-c874-48e1-8d78-f09eefe21271-155211186 is -4.8885 over 892 frames.
ea218e91-c874-48e1-8d78-f09eefe21271-155313206 DAMIT EINHER JEDOCH DER LANDSCHAFT ÜBERGANG VOM ALPEN VORWAND IN ZU SPÄRLICHEN ALPEN 
LOG (gmm-latgen-faster[5.5.513~2-b5f4cf]:DecodeUtteranceLatticeFaster():decoder-wrappers.cc:289) Log-like per frame for utterance ea218e91-c874-48e1-8d78-f09eefe21271-155313206 is -3.97976 over 985 frames.
ea218e91-c874-48e1-8d78-f09eefe21271-155414796 VOR EINE DIE FRAU IHRE VORSCHLÄGE DIE AUSSAGE SETZE UND NICHT WIE FORDERN FORMULIERTE 
LOG (gmm-latgen-faster[5.5.513~2-b5f4cf]:DecodeUtteranceLatticeFaster():decoder-wrappers.cc:289) Log-like per frame for utterance ea218e91-c874-48e1-8d78-f09eefe21271-155414796 is -4.04839 over 887 frames.
ea218e91-c874-48e1-8d78-f09eefe21271-155512526 DIESES SCHON FIEL ARBEIT ZU QUELLE STEUER GELEISTET WORDEN UND DIESER UND DIESER BERICHT TRÄGT ZUM GEGENWÄRTIGEN INTERESSE BEUTE TRANSPARENZ VON KALKHOLDE KONSULTATIONEN ZU SOLCHE STEUER ROLLE DIESEN ZU RHÖN 
LOG (gmm-latgen-faster[5.5.513~2-b5f4cf]:DecodeUtteranceLatticeFaster():decoder-wrappers.cc:289) Log-like per frame for utterance ea218e91-c874-48e1-8d78-f09eefe21271-155512526 is -4.64608 over 1377 frames.
ea218e91-c874-48e1-8d78-f09eefe21271-155613911 WÜRDEN WIR FORDERN PRIVATEN LIEGEN WAS DER NOCH MÖGLICH IST TRENNEN WILL BIS DER ARZT PUNKT 
LOG (gmm-latgen-faster[5.5.513~2-b5f4cf]:DecodeUtteranceLatticeFaster():decoder-wrappers.cc:289) Log-like per frame for utterance ea218e91-c874-48e1-8d78-f09eefe21271-155613911 is -3.99733 over 954 frames.
ea218e91-c874-48e1-8d78-f09eefe21271-155713526 WENN ZUM DIE ERNEUERUNGEN DER ARBEIT ORGANISATIONEN GILT KÖNNEN DER FESTSTELLEN DAS UNS DIE MUSS ADLER AUCH AUS UND 
LOG (gmm-latgen-faster[5.5.513~2-b5f4cf]:DecodeUtteranceLatticeFaster():decoder-wrappers.cc:289) Log-like per frame for utterance ea218e91-c874-48e1-8d78-f09eefe21271-155713526 is -4.47313 over 916 frames.
ea218e91-c874-48e1-8d78-f09eefe21271-155813396 AUCH DER EINFLUSS DER GENERAL STAATEN AUF WENN WURDE FESTGESCHRIEBEN DEN DER KOMMA DARMSTADT DER STÄDTISCHEN GERNE SO NUN DURFTE ZUVOR WIEDER ENTHÄLT ICH IN NOCH ÄHNLICHEN DIENSTEN GESTANDEN HABEN WAS BEDEUTET DAS FELL EINIGE LÄNDER SOLLEN MUSSTE 
LOG (gmm-latgen-faster[5.5.513~2-b5f4cf]:DecodeUtteranceLatticeFaster():decoder-wrappers.cc:289) Log-like per frame for utterance ea218e91-c874-48e1-8d78-f09eefe21271-155813396 is -4.77387 over 1521 frames.
ea218e91-c874-48e1-8d78-f09eefe21271-155914516 AN THE DIE DIE DINGE SORGEN LINIE IST AUF DEN FLÜGEL GLAUBE PUNKT ART DER VERSTÄRKTEN 
LOG (gmm-latgen-faster[5.5.513~2-b5f4cf]:DecodeUtteranceLatticeFaster():decoder-wrappers.cc:289) Log-like per frame for utterance ea218e91-c874-48e1-8d78-f09eefe21271-155914516 is -3.88969 over 1174 frames.
ea218e91-c874-48e1-8d78-f09eefe21271-156011391 ZWANZIG ZUM BEISPIEL DIE GEMEINSAMEN ZWEI DAMIT DER BIS MINDER WENN SOLL ALS EINE BEREICHERUNG FÜR DIE FÜR DAS SCHULEN HERAUSGESTELLT IN 
LOG (gmm-latgen-faster[5.5.513~2-b5f4cf]:DecodeUtteranceLatticeFaster():decoder-wrappers.cc:289) Log-like per frame for utterance ea218e91-c874-48e1-8d78-f09eefe21271-156011391 is -4.5833 over 858 frames.
ea218e91-c874-48e1-8d78-f09eefe21271-156111251 DIE OHNE SUBSTANTIELLE VERBESSERUNGEN WIR SITUATION BEDÜRFEN KEINERLEI ZUM SAGEN RAHMEN DES NEUEN EUROPÄISCHEN ENTWICKLUNG FONDS GEMACHT WERDEN 
LOG (gmm-latgen-faster[5.5.513~2-b5f4cf]:DecodeUtteranceLatticeFaster():decoder-wrappers.cc:289) Log-like per frame for utterance ea218e91-c874-48e1-8d78-f09eefe21271-156111251 is -4.4931 over 1041 frames.
ea218e91-c874-48e1-8d78-f09eefe21271-156210136 SPIEL DIE DER FÖRMIGES IST EINE MEHRJÄHRIG FRAU GEGEN PFLANZEN 
LOG (gmm-latgen-faster[5.5.513~2-b5f4cf]:DecodeUtteranceLatticeFaster():decoder-wrappers.cc:289) Log-like per frame for utterance ea218e91-c874-48e1-8d78-f09eefe21271-156210136 is -3.75966 over 997 frames.
ea218e91-c874-48e1-8d78-f09eefe21271-156313631 WIR KÖNNEN IM ALLGEMEIN STUDIEN AUSSCHUSSES DAS VOR LÖSUNG FÜR SOLCHES MIT GESTATTEN 
LOG (gmm-latgen-faster[5.5.513~2-b5f4cf]:DecodeUtteranceLatticeFaster():decoder-wrappers.cc:289) Log-like per frame for utterance ea218e91-c874-48e1-8d78-f09eefe21271-156313631 is -4.17671 over 796 frames.
ea218e91-c874-48e1-8d78-f09eefe21271-156411176 ICH ERKLÄRTE NAHM ICH ABSTIMMUNG ÜBER DIE ENTLASTUNG FELL FINDET 
LOG (gmm-latgen-faster[5.5.513~2-b5f4cf]:DecodeUtteranceLatticeFaster():decoder-wrappers.cc:289) Log-like per frame for utterance ea218e91-c874-48e1-8d78-f09eefe21271-156411176 is -3.91472 over 854 frames.
ea218e91-c874-48e1-8d78-f09eefe21271-156510411 SIE BIETET AUF VIELFÄLTIGE WEISE KINDERN JUGENDLICHEN DIE MÖGLICHKEIT UND INDIVIDUELLEN RÖMISCHEN ZUSAMMEN MIT ANDERE MENSCHEN DIE SPRACHE ODER MUSIK ZU LAND DIE VON JEDEM UND ÜBERALL VERSTANDEN WIRD 
LOG (gmm-latgen-faster[5.5.513~2-b5f4cf]:DecodeUtteranceLatticeFaster():decoder-wrappers.cc:289) Log-like per frame for utterance ea218e91-c874-48e1-8d78-f09eefe21271-156510411 is -4.5803 over 1348 frames.
ea218e91-c874-48e1-8d78-f09eefe21271-156614341 ZWANZIG RHÖN DRAUßEN STÜCK DES NOCH ICH VOR GERADE UMGEZOGEN UND WURDE SCHAU MÄNNCHEN METER DER ZUR KÖNNEN WERDEN KÖNNTE 
LOG (gmm-latgen-faster[5.5.513~2-b5f4cf]:DecodeUtteranceLatticeFaster():decoder-wrappers.cc:289) Log-like per frame for utterance ea218e91-c874-48e1-8d78-f09eefe21271-156614341 is -4.33546 over 973 frames.
ea218e91-c874-48e1-8d78-f09eefe21271-156711511 IM BEREICH DER EINWANDERUNG DÜRFEN WIR MEINER MEINUNG NACH NICHT STIEG PERSPEKTIVE EINE AKTIVEN POLITIK DELEGATION DER EINWANDERER IN DAS GESELLSCHAFTLICHE UMFELD DIE AUFNAHME LÄNDER AUS DEN OPERIEREN 
LOG (gmm-latgen-faster[5.5.513~2-b5f4cf]:DecodeUtteranceLatticeFaster():decoder-wrappers.cc:289) Log-like per frame for utterance ea218e91-c874-48e1-8d78-f09eefe21271-156711511 is -4.63294 over 1255 frames.
ea218e91-c874-48e1-8d78-f09eefe21271-156813401 ROM ERST SICH ZWEIHUNDERTDREI ZWANZIG BIS ZUM FÜR SECHZEHNHUNDERTDREIßIG STAND DEHNTE LAG UNTER DER TYRANNEI FÜR WIRD RÜCKEN 
LOG (gmm-latgen-faster[5.5.513~2-b5f4cf]:DecodeUtteranceLatticeFaster():decoder-wrappers.cc:289) Log-like per frame for utterance ea218e91-c874-48e1-8d78-f09eefe21271-156813401 is -4.59056 over 897 frames.
ea218e91-c874-48e1-8d78-f09eefe21271-156913511 GESAGT SICH SOLL KOCHEN 
LOG (gmm-latgen-faster[5.5.513~2-b5f4cf]:DecodeUtteranceLatticeFaster():decoder-wrappers.cc:289) Log-like per frame for utterance ea218e91-c874-48e1-8d78-f09eefe21271-156913511 is -3.78258 over 338 frames.
ea218e91-c874-48e1-8d78-f09eefe21271-157014406 EIN VORSCHLAG FOLGE RICHTLINIE ZU RECHTS HILFE BEFINDET SICH ÜBERARBEITUNG DANN SOLLEN VERBESSERTE ZUGANG WALES ZIELS ERMÖGLICHT WERDEN 
LOG (gmm-latgen-faster[5.5.513~2-b5f4cf]:DecodeUtteranceLatticeFaster():decoder-wrappers.cc:289) Log-like per frame for utterance ea218e91-c874-48e1-8d78-f09eefe21271-157014406 is -4.59794 over 819 frames.
ea218e91-c874-48e1-8d78-f09eefe21271-157110581 IN IN KLAMMERN STEHT DAS LAGE MESSUNG 
LOG (gmm-latgen-faster[5.5.513~2-b5f4cf]:DecodeUtteranceLatticeFaster():decoder-wrappers.cc:289) Log-like per frame for utterance ea218e91-c874-48e1-8d78-f09eefe21271-157110581 is -3.83137 over 498 frames.
ea218e91-c874-48e1-8d78-f09eefe21271-157214451 WARTEN AUF SIND DAS ALLES WIRD SIE DIE DEMONSTRANTEN 
LOG (gmm-latgen-faster[5.5.513~2-b5f4cf]:DecodeUtteranceLatticeFaster():decoder-wrappers.cc:289) Log-like per frame for utterance ea218e91-c874-48e1-8d78-f09eefe21271-157214451 is -3.86615 over 631 frames.
ea218e91-c874-48e1-8d78-f09eefe21271-157310721 IN THE IN WIR SOLLEN WIR DIESEN VORSCHLAG EINORDNEN WENN DIE ISRAELISCHE BEHÖRDEN FORTAN EIN RECHTSWIDRIGE UM NICHT IN DEM WARUM HOHER DER BESATZUNG UM ABBAU HEUTE ZU ERRICHTEN 
LOG (gmm-latgen-faster[5.5.513~2-b5f4cf]:DecodeUtteranceLatticeFaster():decoder-wrappers.cc:289) Log-like per frame for utterance ea218e91-c874-48e1-8d78-f09eefe21271-157310721 is -4.44393 over 1616 frames.
ea218e91-c874-48e1-8d78-f09eefe21271-157413081 ARTEN ALLEN RESERVAT FONDS DAMIT SIE NICHT 
LOG (gmm-latgen-faster[5.5.513~2-b5f4cf]:DecodeUtteranceLatticeFaster():decoder-wrappers.cc:289) Log-like per frame for utterance ea218e91-c874-48e1-8d78-f09eefe21271-157413081 is -3.62323 over 656 frames.
ea218e91-c874-48e1-8d78-f09eefe21271-157511381 UND DANKE ALLE EINFACHER DIENEN INFORMIERT SICH FORT 
LOG (gmm-latgen-faster[5.5.513~2-b5f4cf]:DecodeUtteranceLatticeFaster():decoder-wrappers.cc:289) Log-like per frame for utterance ea218e91-c874-48e1-8d78-f09eefe21271-157511381 is -4.54633 over 556 frames.
ea218e91-c874-48e1-8d78-f09eefe21271-157611241 SPÄTER WAREN DIE WIEDER IN KOMMA NOCH SELTEN 
LOG (gmm-latgen-faster[5.5.513~2-b5f4cf]:DecodeUtteranceLatticeFaster():decoder-wrappers.cc:289) Log-like per frame for utterance ea218e91-c874-48e1-8d78-f09eefe21271-157611241 is -3.81658 over 652 frames.
ea218e91-c874-48e1-8d78-f09eefe21271-157711471 OFFENSICHTLICH HABEN DIE BUNDES AGENTUR VERARBEITUNG DAS ARBEITEN IST HELLEREN GEGENÜBER REISEN RESPEKTIVE FÜR FORM IST VERLUST GEBILDET 
LOG (gmm-latgen-faster[5.5.513~2-b5f4cf]:DecodeUtteranceLatticeFaster():decoder-wrappers.cc:289) Log-like per frame for utterance ea218e91-c874-48e1-8d78-f09eefe21271-157711471 is -4.53046 over 1046 frames.
ea218e91-c874-48e1-8d78-f09eefe21271-157810196 DIE TRETEN SIE ZUSAMMEN MIT REGIERUNG AUTO DER HAT DIESE UND ANDEREN TIEREN AUF 
LOG (gmm-latgen-faster[5.5.513~2-b5f4cf]:DecodeUtteranceLatticeFaster():decoder-wrappers.cc:289) Log-like per frame for utterance ea218e91-c874-48e1-8d78-f09eefe21271-157810196 is -3.63852 over 1254 frames.
ea218e91-c874-48e1-8d78-f09eefe21271-157914386 ARTIKEL ZWEIUNDZWANZIG DER VERORDNUNG NUR TAUSEND VIELE ACHT ANSITZ SICH GILT EBENSO FÜR DIE LÄNDER DES EUROPÄISCHEN WIRTSCHAFT RAUM EINSCHLIEßLICH ICH ICH WEIß UND DER SCHWEIZ 
LOG (gmm-latgen-faster[5.5.513~2-b5f4cf]:DecodeUtteranceLatticeFaster():decoder-wrappers.cc:289) Log-like per frame for utterance ea218e91-c874-48e1-8d78-f09eefe21271-157914386 is -4.75832 over 1293 frames.
ea218e91-c874-48e1-8d78-f09eefe21271-158014116 ER IST WICHTIGE DIE ERFAHRUNG DER LÄNDER AUS ZU WERDEN DIE DIESE MODERNE BEREITS ANGEWANDT HABEN UND DEN DEN LAUT UNS VORLIEGENDEN BERICHT HINGEWIESEN WORDEN IST DAS DAS MODELL PRODUKTIVITÄT UND DIE WETTBEWERBSFÄHIGKEIT DER UNTERNEHMEN STEIGERT DIESER FRAU MÜSSEN WIR NUTZEN UM DIESER PRAXIS EINE EUROPÄISCHEN DER DER ZU VERLANGE 
LOG (gmm-latgen-faster[5.5.513~2-b5f4cf]:DecodeUtteranceLatticeFaster():decoder-wrappers.cc:289) Log-like per frame for utterance ea218e91-c874-48e1-8d78-f09eefe21271-158014116 is -4.8203 over 1885 frames.
ea218e91-c874-48e1-8d78-f09eefe21271-158112181 SEIT MAI ZWEITAUSENDSIEBEN DER STRAHLUNG AUCH DIE KOMPLETTE AUCH STRAßE UND DER PUNKT ROLLE WÄNDE TROTZ IN NEUEN GLANZ 
LOG (gmm-latgen-faster[5.5.513~2-b5f4cf]:DecodeUtteranceLatticeFaster():decoder-wrappers.cc:289) Log-like per frame for utterance ea218e91-c874-48e1-8d78-f09eefe21271-158112181 is -4.78363 over 699 frames.
ea218e91-c874-48e1-8d78-f09eefe21271-158210846 DIE WICHTIGEN WIRD RÖMER ÜBER DIE DEUTSCHE EIN HALTEN 
LOG (gmm-latgen-faster[5.5.513~2-b5f4cf]:DecodeUtteranceLatticeFaster():decoder-wrappers.cc:289) Log-like per frame for utterance ea218e91-c874-48e1-8d78-f09eefe21271-158210846 is -4.22783 over 450 frames.
ea218e91-c874-48e1-8d78-f09eefe21271-158313941 AN SAGTE ALLEM WURDE IM SIEBTEN JAHRHUNDERT GEGRÜNDET UND GILT HEUTE ALS KULTURELLE UND WIRTSCHAFTLICHES ZENTRUM DER AUS TROTZ 
LOG (gmm-latgen-faster[5.5.513~2-b5f4cf]:DecodeUtteranceLatticeFaster():decoder-wrappers.cc:289) Log-like per frame for utterance ea218e91-c874-48e1-8d78-f09eefe21271-158313941 is -4.63975 over 868 frames.
ea218e91-c874-48e1-8d78-f09eefe21271-158414111 UND ENTSCHÄDIGUNG ZU REGELUNGEN FÜR DIE MITGLIEDER PRÜFUNG ZU AUSSCHUSS SO UND DEREN STELLVERTRETER DICHT ZUSTÄNDIGE STELLE ZU ZAHLEN 
LOG (gmm-latgen-faster[5.5.513~2-b5f4cf]:DecodeUtteranceLatticeFaster():decoder-wrappers.cc:289) Log-like per frame for utterance ea218e91-c874-48e1-8d78-f09eefe21271-158414111 is -4.44833 over 927 frames.
ea218e91-c874-48e1-8d78-f09eefe21271-158614356 FREUE HABE HIER BILDET ROM FOLGE DER DIE WÄNDE NOCH DAS DACH ISOLIERT BRAUN 
LOG (gmm-latgen-faster[5.5.513~2-b5f4cf]:DecodeUtteranceLatticeFaster():decoder-wrappers.cc:289) Log-like per frame for utterance ea218e91-c874-48e1-8d78-f09eefe21271-158614356 is -4.35129 over 736 frames.
ea218e91-c874-48e1-8d78-f09eefe21271-158713901 DAS AKTION HABE TAL BEITRAG UND NEUE KOMMA SIEBEN ZWEI MILLIONEN SCHWEIZER FOLGEN UND WIEDER SIND GLIEDERT SICH DIE SEIT ÜBERZEUGT WO NEUNZIG IN NEUEM SIE NEUNZIG TAUSEND ZONE ACHTUNDDREIßIG IN HABE ABZIELEN ARTEN DER VON 
LOG (gmm-latgen-faster[5.5.513~2-b5f4cf]:DecodeUtteranceLatticeFaster():decoder-wrappers.cc:289) Log-like per frame for utterance ea218e91-c874-48e1-8d78-f09eefe21271-158713901 is -4.50589 over 1634 frames.
ea218e91-c874-48e1-8d78-f09eefe21271-158811501 SPÄT PRÄSIDENTIN NOCH STEUER BEITRAG EINEN EINDEUTIGEN REFORM GROßEN BEFINDEN SICH MIT HILFT NOCH NICHT AUF DEN WEGE EUROPA 
LOG (gmm-latgen-faster[5.5.513~2-b5f4cf]:DecodeUtteranceLatticeFaster():decoder-wrappers.cc:289) Log-like per frame for utterance ea218e91-c874-48e1-8d78-f09eefe21271-158811501 is -3.87654 over 1370 frames.
ea218e91-c874-48e1-8d78-f09eefe21271-158914106 EU BEGLEITET DIE MANGELT DIE DER SO ES UND JEDER LUST ENTLEGENEN SCHWARZEN FÄHRT VERTRAUT MACHT AUF DENNOCH MIR MITTEL IST 
LOG (gmm-latgen-faster[5.5.513~2-b5f4cf]:DecodeUtteranceLatticeFaster():decoder-wrappers.cc:289) Log-like per frame for utterance ea218e91-c874-48e1-8d78-f09eefe21271-158914106 is -4.26923 over 1214 frames.
ea218e91-c874-48e1-8d78-f09eefe21271-159014881 AUF DEN WEGE ZUM ALTERS MIT LAND 
LOG (gmm-latgen-faster[5.5.513~2-b5f4cf]:DecodeUtteranceLatticeFaster():decoder-wrappers.cc:289) Log-like per frame for utterance ea218e91-c874-48e1-8d78-f09eefe21271-159014881 is -3.79262 over 516 frames.
ea218e91-c874-48e1-8d78-f09eefe21271-159110971 DER BEITRAGEN DEN SCHLIEßLICH ERZEUGER NEUN ZWANZIG ZEIT IM BLUES UND DER ES AUF 
LOG (gmm-latgen-faster[5.5.513~2-b5f4cf]:DecodeUtteranceLatticeFaster():decoder-wrappers.cc:289) Log-like per frame for utterance ea218e91-c874-48e1-8d78-f09eefe21271-159110971 is -3.97878 over 920 frames.
ea218e91-c874-48e1-8d78-f09eefe21271-159210646 STUNDE DIE ZEIT NACH WURDE DABEI LINKE SIEBEN SCHULEN 
LOG (gmm-latgen-faster[5.5.513~2-b5f4cf]:DecodeUtteranceLatticeFaster():decoder-wrappers.cc:289) Log-like per frame for utterance ea218e91-c874-48e1-8d78-f09eefe21271-159210646 is -4.03222 over 665 frames.
ea218e91-c874-48e1-8d78-f09eefe21271-159311356 AUF DIESE WEISE WÜRDEN DIESE STAATEN AN DER SCHAFFUNG VON REGULIERUNGEN SIE NORMEN MITWIRKEN UND WERDE MIT VERANTWORTLICH FÜR DIE BESTAND ERBEUTUNG DIE 
LOG (gmm-latgen-faster[5.5.513~2-b5f4cf]:DecodeUtteranceLatticeFaster():decoder-wrappers.cc:289) Log-like per frame for utterance ea218e91-c874-48e1-8d78-f09eefe21271-159311356 is -4.52334 over 929 frames.
ea218e91-c874-48e1-8d78-f09eefe21271-159410056 SPORT HILFE IST STELLE DER HABEN GEBRAUCH 
LOG (gmm-latgen-faster[5.5.513~2-b5f4cf]:DecodeUtteranceLatticeFaster():decoder-wrappers.cc:289) Log-like per frame for utterance ea218e91-c874-48e1-8d78-f09eefe21271-159410056 is -3.8484 over 502 frames.
ea218e91-c874-48e1-8d78-f09eefe21271-159513521 OB DIES GELINGT BITTE SPIEL NICHT AUFGELÖST 
LOG (gmm-latgen-faster[5.5.513~2-b5f4cf]:DecodeUtteranceLatticeFaster():decoder-wrappers.cc:289) Log-like per frame for utterance ea218e91-c874-48e1-8d78-f09eefe21271-159513521 is -3.79459 over 574 frames.
ea218e91-c874-48e1-8d78-f09eefe21271-159611996 NEBEN DER AUF AUCH BEUGEN WURDE DEN GRÖßTE RANDLAGE ERWEITERT 
LOG (gmm-latgen-faster[5.5.513~2-b5f4cf]:DecodeUtteranceLatticeFaster():decoder-wrappers.cc:289) Log-like per frame for utterance ea218e91-c874-48e1-8d78-f09eefe21271-159611996 is -3.8289 over 830 frames.
ea218e91-c874-48e1-8d78-f09eefe21271-159713016 WIR SOLLTEN DEN BEISPIEL FOLGE DAS UNTER PATENT MIT SEINE GESTRIGEN ÄUßEREN GEGEBEN HAT UND SKLAVEN DIE ZUSAMMENARBEIT MIT RUSSLAND AUF UND EINE REGELUNGEN FÜR KRALLEN DORT AUSSPRECHEN DIE DEN RÖMISCHEN DER BEVÖLKERUNG DIESES KLEIN GEBIETES GERECHT WIRD 
LOG (gmm-latgen-faster[5.5.513~2-b5f4cf]:DecodeUtteranceLatticeFaster():decoder-wrappers.cc:289) Log-like per frame for utterance ea218e91-c874-48e1-8d78-f09eefe21271-159713016 is -4.74395 over 1518 frames.
ea218e91-c874-48e1-8d78-f09eefe21271-159814681 SPIEL IN FOLGTE ALS KATHOLISCHER BEVOR VIELE DARAUS VIERTGRÖßTE DAZU LUST ERFURT 
LOG (gmm-latgen-faster[5.5.513~2-b5f4cf]:DecodeUtteranceLatticeFaster():decoder-wrappers.cc:289) Log-like per frame for utterance ea218e91-c874-48e1-8d78-f09eefe21271-159814681 is -3.85076 over 1286 frames.
ea218e91-c874-48e1-8d78-f09eefe21271-159913791 ERFOLGE DER GRUNDSCHULE UND DIE OFFIZIELLE TÄTER LEHRERINNEN WIEDER 
LOG (gmm-latgen-faster[5.5.513~2-b5f4cf]:DecodeUtteranceLatticeFaster():decoder-wrappers.cc:289) Log-like per frame for utterance ea218e91-c874-48e1-8d78-f09eefe21271-159913791 is -4.42126 over 661 frames.
ea218e91-c874-48e1-8d78-f09eefe21271-160013906 FRAU PRÄSIDENTIN ICH MÖCHTE AUF DIE VON FRAU GAR WASSER BILD FORT GEWORDEN FOLGE ANTWORTEN SAGEN ART DAS SICH WENIG WILL RATSVORSITZ IN DER TAT SEHR AKTIVEN DIESEM PROZESS GEWESEN IST DER WIE FRAU FOLGE GERADE RICHTIGE ERLÄUTERT HAT WIRD UND ES IM MÖGLICH ERMÖGLICHT EINE ANZAHL UND BÜRGER INSBESONDERE JUNGE MENSCHEN AUS DEN BETREFFENDEN MITGLIEDSTAATEN DIE MÖGLICHKEIT SOWIE SICH WERDEN DIESEM EUROPA ZU ABER HIER MIT IN ZU ITALIEN DAS IN TEILWEISE NOCH SEHR UNBEKANNT IST 
LOG (gmm-latgen-faster[5.5.513~2-b5f4cf]:DecodeUtteranceLatticeFaster():decoder-wrappers.cc:289) Log-like per frame for utterance ea218e91-c874-48e1-8d78-f09eefe21271-160013906 is -4.68617 over 3307 frames.
fc21e5d1-32b7-4adc-9f4e-29ae0ad8ff85-100012711 AUF KURZFRISTIGEN EINSATZ BEDARF MUSS BESSER REGELT WERDEN 
LOG (gmm-latgen-faster[5.5.513~2-b5f4cf]:DecodeUtteranceLatticeFaster():decoder-wrappers.cc:289) Log-like per frame for utterance fc21e5d1-32b7-4adc-9f4e-29ae0ad8ff85-100012711 is -4.63346 over 467 frames.
fc21e5d1-32b7-4adc-9f4e-29ae0ad8ff85-100112861 WAREN SOLLTEN STUDIERENDEN SICHERN ZUKUNFT NOCH EINE WIE TÄTIG EIN SCHREIBEN WENDIG UND UNTERNEHMEN SCHON HEUTE ZU GANZ EINE GUTEN ALS IST ES DER MENSCHHEIT BIETET 
LOG (gmm-latgen-faster[5.5.513~2-b5f4cf]:DecodeUtteranceLatticeFaster():decoder-wrappers.cc:289) Log-like per frame for utterance fc21e5d1-32b7-4adc-9f4e-29ae0ad8ff85-100112861 is -4.69536 over 919 frames.
fc21e5d1-32b7-4adc-9f4e-29ae0ad8ff85-100210641 DER SOZIALEN EINE STELLE FÜR ICH VOR ZAHLREICHE HERAUSFORDERUNG DIE ERSTE NOTWENDIGKEIT WEISE TIEREN SICH AUF DIE GLOBALISIERUNG DEN GEOGRAPHISCHEN ANDEREN TECHNISCHE INNOVATION EINS STELLE 
LOG (gmm-latgen-faster[5.5.513~2-b5f4cf]:DecodeUtteranceLatticeFaster():decoder-wrappers.cc:289) Log-like per frame for utterance fc21e5d1-32b7-4adc-9f4e-29ae0ad8ff85-100210641 is -4.76103 over 1113 frames.
fc21e5d1-32b7-4adc-9f4e-29ae0ad8ff85-100314096 BERICHT ÜBER SICHERHEIT UND GESUNDHEIT EINE ARBEIT 
LOG (gmm-latgen-faster[5.5.513~2-b5f4cf]:DecodeUtteranceLatticeFaster():decoder-wrappers.cc:289) Log-like per frame for utterance fc21e5d1-32b7-4adc-9f4e-29ae0ad8ff85-100314096 is -4.41609 over 387 frames.
fc21e5d1-32b7-4adc-9f4e-29ae0ad8ff85-100415006 DAS IN DEMZUFOLGE LANDES SPÄTER DIE PREISE BEI NICHT MÖGEN DER GEWERBE DA SIND WIEDER ERHOBEN GEHEN 
LOG (gmm-latgen-faster[5.5.513~2-b5f4cf]:DecodeUtteranceLatticeFaster():decoder-wrappers.cc:289) Log-like per frame for utterance fc21e5d1-32b7-4adc-9f4e-29ae0ad8ff85-100415006 is -4.75998 over 671 frames.
fc21e5d1-32b7-4adc-9f4e-29ae0ad8ff85-100512931 ICH DIESE DARAN SOLL ALS BEVORZUGT IN VERSCHIEDENE HALTEN WERDEN 
LOG (gmm-latgen-faster[5.5.513~2-b5f4cf]:DecodeUtteranceLatticeFaster():decoder-wrappers.cc:289) Log-like per frame for utterance fc21e5d1-32b7-4adc-9f4e-29ae0ad8ff85-100512931 is -4.58246 over 468 frames.
fc21e5d1-32b7-4adc-9f4e-29ae0ad8ff85-100613251 HAT VERSENDUNG AUSGLEICH HABEN DEN FLEIß EIN OSTEN 
LOG (gmm-latgen-faster[5.5.513~2-b5f4cf]:DecodeUtteranceLatticeFaster():decoder-wrappers.cc:289) Log-like per frame for utterance fc21e5d1-32b7-4adc-9f4e-29ae0ad8ff85-100613251 is -4.99977 over 405 frames.
fc21e5d1-32b7-4adc-9f4e-29ae0ad8ff85-100713136 DIESER AUßER DES DER EINZIGEN MÖGLICHER ANGESICHTS DER LAGE 
LOG (gmm-latgen-faster[5.5.513~2-b5f4cf]:DecodeUtteranceLatticeFaster():decoder-wrappers.cc:289) Log-like per frame for utterance fc21e5d1-32b7-4adc-9f4e-29ae0ad8ff85-100713136 is -4.50228 over 426 frames.
fc21e5d1-32b7-4adc-9f4e-29ae0ad8ff85-100812976 VIELE INTERNE POLITIK BEREICHE DER GEMEINSCHAFT WIE UMWELT MIGRATION VERKEHR ENERGIE UND ANDERE VERFÜGEN ZWISCHEN BEINE EXTERNE KOMPONENTE 
LOG (gmm-latgen-faster[5.5.513~2-b5f4cf]:DecodeUtteranceLatticeFaster():decoder-wrappers.cc:289) Log-like per frame for utterance fc21e5d1-32b7-4adc-9f4e-29ae0ad8ff85-100812976 is -4.65095 over 958 frames.
fc21e5d1-32b7-4adc-9f4e-29ae0ad8ff85-100910281 DAMIT SIEBTEN MEINE FRAKTION UNSERE BEI FEST DAS GRÖßTENTEILS ISRAELISCHE REGIERUNG UNTER SCHAFFUNG HIN DIE VERANTWORTUNG FÜR DERZEITIGE AUSWEITUNG DER GEWALT TRÄGT 
LOG (gmm-latgen-faster[5.5.513~2-b5f4cf]:DecodeUtteranceLatticeFaster():decoder-wrappers.cc:289) Log-like per frame for utterance fc21e5d1-32b7-4adc-9f4e-29ae0ad8ff85-100910281 is -4.77796 over 974 frames.
fc21e5d1-32b7-4adc-9f4e-29ae0ad8ff85-101010556 DIE SPIEL FRAKTION SIND MICH ART DIE DIES ERTRAG TUN ECKE DRAMATISCH 
LOG (gmm-latgen-faster[5.5.513~2-b5f4cf]:DecodeUtteranceLatticeFaster():decoder-wrappers.cc:289) Log-like per frame for utterance fc21e5d1-32b7-4adc-9f4e-29ae0ad8ff85-101010556 is -4.65997 over 594 frames.
fc21e5d1-32b7-4adc-9f4e-29ae0ad8ff85-101113591 DIE FRAU NAHM DER SEIN PROJEKTE GESCHRIEBEN 
LOG (gmm-latgen-faster[5.5.513~2-b5f4cf]:DecodeUtteranceLatticeFaster():decoder-wrappers.cc:289) Log-like per frame for utterance fc21e5d1-32b7-4adc-9f4e-29ae0ad8ff85-101113591 is -4.40588 over 397 frames.
fc21e5d1-32b7-4adc-9f4e-29ae0ad8ff85-101213501 DAS HABEN WURDE VON ERFURTER KÜNSTLER FRAKTION GESCHAFFEN AN SIEBEN ZWANZIGSTEN JULI NEUNZEHN ACHT NEUNZIG GENEHMIGT 
LOG (gmm-latgen-faster[5.5.513~2-b5f4cf]:DecodeUtteranceLatticeFaster():decoder-wrappers.cc:289) Log-like per frame for utterance fc21e5d1-32b7-4adc-9f4e-29ae0ad8ff85-101213501 is -4.80171 over 738 frames.
fc21e5d1-32b7-4adc-9f4e-29ae0ad8ff85-101311181 DIE EIN TAUSEND UNTERSTRICHEN JUNGE MENSCHEN AUS OBEN SIND FÜR NICHT EIN KLAR ZWEITEN FINDEN ZU GEMEINSAMEN ZUKUNFT GESTALTUNG 
LOG (gmm-latgen-faster[5.5.513~2-b5f4cf]:DecodeUtteranceLatticeFaster():decoder-wrappers.cc:289) Log-like per frame for utterance fc21e5d1-32b7-4adc-9f4e-29ae0ad8ff85-101311181 is -4.76451 over 811 frames.
fc21e5d1-32b7-4adc-9f4e-29ae0ad8ff85-101413556 EINS EINER FRAKTION STELLT SICH AUF DER STANDPUNKT DAS IHR KRALLEN WEIGERUNG SEHR WEITEREN SO NACHDRÜCKLICH BEFÜRWORTEN UM SIE BRITISCHE SEINER PRÜFEN MÜSSEN INWIEWEIT IN LÄNDER ZUDEM DES BEI TRANSPORTERS ES DIE BEDINGUNGEN NACH TATSÄCHLICH ERFÜLLEN DAMIT WIEDER DIE EU NOCH IHRER WEITERES STRATEGIE EIN GLAUBWÜRDIGKEIT VERLIEHEN 
LOG (gmm-latgen-faster[5.5.513~2-b5f4cf]:DecodeUtteranceLatticeFaster():decoder-wrappers.cc:289) Log-like per frame for utterance fc21e5d1-32b7-4adc-9f4e-29ae0ad8ff85-101413556 is -4.89836 over 1910 frames.
fc21e5d1-32b7-4adc-9f4e-29ae0ad8ff85-101512331 ZWEITENS GRÖßE KOMMISSION DIE FORTSCHRITTE BEI DER UMSETZUNG DAS AB KOMMEN ZUR PARTNERSCHAFT UND ZUSAMMENARBEIT 
LOG (gmm-latgen-faster[5.5.513~2-b5f4cf]:DecodeUtteranceLatticeFaster():decoder-wrappers.cc:289) Log-like per frame for utterance fc21e5d1-32b7-4adc-9f4e-29ae0ad8ff85-101512331 is -4.74955 over 704 frames.
fc21e5d1-32b7-4adc-9f4e-29ae0ad8ff85-101612701 SIE FALLEN ZWISCHEN JUNI UND SIND EINMAL ZAMA LIEGEN UND FÜHRT UND SIE ZUM GROßEN TEILEN 
LOG (gmm-latgen-faster[5.5.513~2-b5f4cf]:DecodeUtteranceLatticeFaster():decoder-wrappers.cc:289) Log-like per frame for utterance fc21e5d1-32b7-4adc-9f4e-29ae0ad8ff85-101612701 is -4.58468 over 550 frames.
fc21e5d1-32b7-4adc-9f4e-29ae0ad8ff85-101714741 EINHELLIG SICH LEIDER BISLANG NICHT AUF TRAGEN 
LOG (gmm-latgen-faster[5.5.513~2-b5f4cf]:DecodeUtteranceLatticeFaster():decoder-wrappers.cc:289) Log-like per frame for utterance fc21e5d1-32b7-4adc-9f4e-29ae0ad8ff85-101714741 is -4.32412 over 374 frames.
fc21e5d1-32b7-4adc-9f4e-29ae0ad8ff85-101813356 DIESE ENTSPRICHT DERZEIT SICH INTERVENTIONEN PETITION DES ANDEREN 
LOG (gmm-latgen-faster[5.5.513~2-b5f4cf]:DecodeUtteranceLatticeFaster():decoder-wrappers.cc:289) Log-like per frame for utterance fc21e5d1-32b7-4adc-9f4e-29ae0ad8ff85-101813356 is -4.5416 over 506 frames.
fc21e5d1-32b7-4adc-9f4e-29ae0ad8ff85-101911916 NUR GUT DAS DIE BÜRGER EIN DEN ZU UNS AUSSCHUSS HABEN EIN DEN SIE SICH WENDEN KÖNNEN WENN DIE BEAMTEN NICHT GENEIGT SIND IN SIND ZUR 
LOG (gmm-latgen-faster[5.5.513~2-b5f4cf]:DecodeUtteranceLatticeFaster():decoder-wrappers.cc:289) Log-like per frame for utterance fc21e5d1-32b7-4adc-9f4e-29ae0ad8ff85-101911916 is -4.7421 over 761 frames.
fc21e5d1-32b7-4adc-9f4e-29ae0ad8ff85-102014706 DIE DIESER LÄNDERWEISE ALS IMMENSEN GESAGT DER NÖRDLICHEN SEITE MAN ZU SEHEN 
LOG (gmm-latgen-faster[5.5.513~2-b5f4cf]:DecodeUtteranceLatticeFaster():decoder-wrappers.cc:289) Log-like per frame for utterance fc21e5d1-32b7-4adc-9f4e-29ae0ad8ff85-102014706 is -4.6796 over 561 frames.
fc21e5d1-32b7-4adc-9f4e-29ae0ad8ff85-102114366 IST DER GELANG GROßEN DER UNS RAHMEN NACH PHASEN IN DEN FÜR EINZELNE REGIONEN DAS GELD POLITISCHE ZEHN SIE NUTZEN DIE SWOBODA ZU HOCH IST 
LOG (gmm-latgen-faster[5.5.513~2-b5f4cf]:DecodeUtteranceLatticeFaster():decoder-wrappers.cc:289) Log-like per frame for utterance fc21e5d1-32b7-4adc-9f4e-29ae0ad8ff85-102114366 is -4.90895 over 796 frames.
fc21e5d1-32b7-4adc-9f4e-29ae0ad8ff85-102210856 IN STÄNDIG VON GANZ ZU 
LOG (gmm-latgen-faster[5.5.513~2-b5f4cf]:DecodeUtteranceLatticeFaster():decoder-wrappers.cc:289) Log-like per frame for utterance fc21e5d1-32b7-4adc-9f4e-29ae0ad8ff85-102210856 is -4.14149 over 320 frames.
fc21e5d1-32b7-4adc-9f4e-29ae0ad8ff85-102313451 IN IN DENN SIE LAND JAHRE ARBEIT TECHNISCHEN KLINGEN ODER EIN UMBAU ES GEBÄUDES ZU EINER NEUEN EINSATZ PASSIERT 
LOG (gmm-latgen-faster[5.5.513~2-b5f4cf]:DecodeUtteranceLatticeFaster():decoder-wrappers.cc:289) Log-like per frame for utterance fc21e5d1-32b7-4adc-9f4e-29ae0ad8ff85-102313451 is -4.57172 over 777 frames.
fc21e5d1-32b7-4adc-9f4e-29ae0ad8ff85-102410106 DIE NOTWENDIGKEIT EINER SOLCHEN AUSSPRACHE ERGAB SIE ALLERDINGS AUS DEN WACHSEN BESTEHEN DER EUROPÄISCHE UNION DIE IN BEREICH DER SICHERHEIT EIN STÄRKER ROLLE ZU SPIELEN 
LOG (gmm-latgen-faster[5.5.513~2-b5f4cf]:DecodeUtteranceLatticeFaster():decoder-wrappers.cc:289) Log-like per frame for utterance fc21e5d1-32b7-4adc-9f4e-29ae0ad8ff85-102410106 is -4.77254 over 990 frames.
fc21e5d1-32b7-4adc-9f4e-29ae0ad8ff85-102514306 ART IST ANGERECHNET DAS DIE PASSAGIERE DER BRITANNIENS VON DEM ZIEL VEREINT SCHIFF GERETTET WERDEN 
LOG (gmm-latgen-faster[5.5.513~2-b5f4cf]:DecodeUtteranceLatticeFaster():decoder-wrappers.cc:289) Log-like per frame for utterance fc21e5d1-32b7-4adc-9f4e-29ae0ad8ff85-102514306 is -4.77915 over 637 frames.
fc21e5d1-32b7-4adc-9f4e-29ae0ad8ff85-102612566 DIE STIMME DIE ZEIGT DAS GROßE HANDLUNGSBEDARF IN DER SCHRITT LÄNDLICHEN BILDUNG BESTEHT 
LOG (gmm-latgen-faster[5.5.513~2-b5f4cf]:DecodeUtteranceLatticeFaster():decoder-wrappers.cc:289) Log-like per frame for utterance fc21e5d1-32b7-4adc-9f4e-29ae0ad8ff85-102612566 is -4.70342 over 539 frames.
fc21e5d1-32b7-4adc-9f4e-29ae0ad8ff85-102711371 ICH WICHTIGER MEINES DRITTNÄCHSTE MACHEN 
LOG (gmm-latgen-faster[5.5.513~2-b5f4cf]:DecodeUtteranceLatticeFaster():decoder-wrappers.cc:289) Log-like per frame for utterance fc21e5d1-32b7-4adc-9f4e-29ae0ad8ff85-102711371 is -4.33476 over 358 frames.
fc21e5d1-32b7-4adc-9f4e-29ae0ad8ff85-102810706 ALLEM GEMÄßIGTEN PARTEI EINE DES ZUWEILEN PUNISCHEN FÜHRER DER FREMDENVERKEHR DIE GEFÜHL ABZIELEN 
LOG (gmm-latgen-faster[5.5.513~2-b5f4cf]:DecodeUtteranceLatticeFaster():decoder-wrappers.cc:289) Log-like per frame for utterance fc21e5d1-32b7-4adc-9f4e-29ae0ad8ff85-102810706 is -4.71821 over 693 frames.
fc21e5d1-32b7-4adc-9f4e-29ae0ad8ff85-102912986 ES GEGEN DARUM ALLE FRAGEN IST DIE ZU BEANTWORTEN MEINE ROMS KOCH ZU GEWÄHLTEN 
LOG (gmm-latgen-faster[5.5.513~2-b5f4cf]:DecodeUtteranceLatticeFaster():decoder-wrappers.cc:289) Log-like per frame for utterance fc21e5d1-32b7-4adc-9f4e-29ae0ad8ff85-102912986 is -4.64615 over 565 frames.
fc21e5d1-32b7-4adc-9f4e-29ae0ad8ff85-103012621 AUCH DIE SCHULTRÄGER KÖNNEN AUF ARTEN 
LOG (gmm-latgen-faster[5.5.513~2-b5f4cf]:DecodeUtteranceLatticeFaster():decoder-wrappers.cc:289) Log-like per frame for utterance fc21e5d1-32b7-4adc-9f4e-29ae0ad8ff85-103012621 is -4.27579 over 400 frames.
fc21e5d1-32b7-4adc-9f4e-29ae0ad8ff85-103113361 IMMER ABER SIE GEBEN GELTEN ERLANGEN ALS ENTSCHEIDENDE URSACHE FÜR DAS ÜBER VERSCHIEDEN 
LOG (gmm-latgen-faster[5.5.513~2-b5f4cf]:DecodeUtteranceLatticeFaster():decoder-wrappers.cc:289) Log-like per frame for utterance fc21e5d1-32b7-4adc-9f4e-29ae0ad8ff85-103113361 is -4.65132 over 577 frames.
fc21e5d1-32b7-4adc-9f4e-29ae0ad8ff85-103214526 UND DIE SCHWER EINIGEN DES DIE PFLICHT DERZEIT IN 
LOG (gmm-latgen-faster[5.5.513~2-b5f4cf]:DecodeUtteranceLatticeFaster():decoder-wrappers.cc:289) Log-like per frame for utterance fc21e5d1-32b7-4adc-9f4e-29ae0ad8ff85-103214526 is -4.34775 over 409 frames.
fc21e5d1-32b7-4adc-9f4e-29ae0ad8ff85-103312271 NEBEN DEN UNS VEREINE DIESER ANDERE INSTITUTIONEN STRUKTUREN DIE UND KÜNSTLER UNTERSTÜTZEN BEISPIELSWEISE HATTE DIESE VERFÜGUNG STELLEN 
LOG (gmm-latgen-faster[5.5.513~2-b5f4cf]:DecodeUtteranceLatticeFaster():decoder-wrappers.cc:289) Log-like per frame for utterance fc21e5d1-32b7-4adc-9f4e-29ae0ad8ff85-103312271 is -4.70573 over 916 frames.
fc21e5d1-32b7-4adc-9f4e-29ae0ad8ff85-103411831 LANGE ADLER UND ZEHN WURDE DABEI MEHR IST ZEHN DES SCHON DIE ALLEM UNTER DEN TITEL KILOMETERN VERÖFFENTLICHT ICH 
LOG (gmm-latgen-faster[5.5.513~2-b5f4cf]:DecodeUtteranceLatticeFaster():decoder-wrappers.cc:289) Log-like per frame for utterance fc21e5d1-32b7-4adc-9f4e-29ae0ad8ff85-103411831 is -4.78263 over 710 frames.
fc21e5d1-32b7-4adc-9f4e-29ae0ad8ff85-103513076 EINE WAREN ZEIT IN STELLT ALLE SIEBEN TAGE DIE WICHTIGSTEN VOR KOMMISSION DER BRACH SPORT WELT DA 
LOG (gmm-latgen-faster[5.5.513~2-b5f4cf]:DecodeUtteranceLatticeFaster():decoder-wrappers.cc:289) Log-like per frame for utterance fc21e5d1-32b7-4adc-9f4e-29ae0ad8ff85-103513076 is -4.58904 over 661 frames.
fc21e5d1-32b7-4adc-9f4e-29ae0ad8ff85-103612991 ERSTEN EINEN DIES ZUSÄTZLICHE ANGREIFER DIE FERNER VON SIEBEN IMPULS SORGEN MÜSSEN 
LOG (gmm-latgen-faster[5.5.513~2-b5f4cf]:DecodeUtteranceLatticeFaster():decoder-wrappers.cc:289) Log-like per frame for utterance fc21e5d1-32b7-4adc-9f4e-29ae0ad8ff85-103612991 is -4.48128 over 617 frames.
fc21e5d1-32b7-4adc-9f4e-29ae0ad8ff85-103710861 ICH MÖCHTE DARAUF HINWEISEN DAS SICH DIESES EUROPA DAS WISSEN SIE DAS ER SIND ZWISCHEN AUCH ALS EINE GEMEINSAMEN AUSDRUCK BENUTZEN AUF DER INTERNATIONAL EBENE DER ZURÜCK MELDEN MUSS 
LOG (gmm-latgen-faster[5.5.513~2-b5f4cf]:DecodeUtteranceLatticeFaster():decoder-wrappers.cc:289) Log-like per frame for utterance fc21e5d1-32b7-4adc-9f4e-29ae0ad8ff85-103710861 is -4.83399 over 1058 frames.
fc21e5d1-32b7-4adc-9f4e-29ae0ad8ff85-103814496 IN DER LÄCHELN IST ERREICHTE DAMIT WIE DER BISHER HÖCHSTE PLATZIERUNG DEN VIERTEN RAHMEN DEN SIE GLÄNZEND GEWALT TAUSEND VIER INNERHALB DANN 
LOG (gmm-latgen-faster[5.5.513~2-b5f4cf]:DecodeUtteranceLatticeFaster():decoder-wrappers.cc:289) Log-like per frame for utterance fc21e5d1-32b7-4adc-9f4e-29ae0ad8ff85-103814496 is -4.73881 over 840 frames.
fc21e5d1-32b7-4adc-9f4e-29ae0ad8ff85-103912146 IN SICH ANLÄSSLICH DER BEWERTUNG DER ZEHNMAL ZWEITAUSENDDREI GEZEIGT PARK BESTEHT KEIN GRUND ZUR AUSDEHNUNG DER ZIEL GRUPPE AUF POLIZISTEN DER UNTEREN DIES GRAD UND WEITERE ANGEHÖREN DER DER STRAFVERFOLGUNGSBEHÖRDEN 
LOG (gmm-latgen-faster[5.5.513~2-b5f4cf]:DecodeUtteranceLatticeFaster():decoder-wrappers.cc:289) Log-like per frame for utterance fc21e5d1-32b7-4adc-9f4e-29ae0ad8ff85-103912146 is -4.78784 over 1225 frames.
fc21e5d1-32b7-4adc-9f4e-29ae0ad8ff85-104010801 BEVOR DER ZUR ABSTIMMUNG KOMMEN MÖCHTE ICH ZWEI ÄNDERUNG MEHR ODER MINDER TECHNISCHER ART VORSCHLAG 
LOG (gmm-latgen-faster[5.5.513~2-b5f4cf]:DecodeUtteranceLatticeFaster():decoder-wrappers.cc:289) Log-like per frame for utterance fc21e5d1-32b7-4adc-9f4e-29ae0ad8ff85-104010801 is -4.42507 over 647 frames.
fc21e5d1-32b7-4adc-9f4e-29ae0ad8ff85-104111536 DABEI SEINER GÄBE DIE RÜCKKEHR ALS SIND ENDE DAUER BEAUFTRAGTE GOLD DES GEMEINDE AN WAS DIE INTERESSEN ENTLEGENEN JUDEN AUSSCHUSS 
LOG (gmm-latgen-faster[5.5.513~2-b5f4cf]:DecodeUtteranceLatticeFaster():decoder-wrappers.cc:289) Log-like per frame for utterance fc21e5d1-32b7-4adc-9f4e-29ae0ad8ff85-104111536 is -4.60025 over 925 frames.
fc21e5d1-32b7-4adc-9f4e-29ae0ad8ff85-104210346 JETZT HABEN ENDLICH DIE WAHRHEIT UND DIE ÜBER DIE IN UND DEN HAST GESICHT 
LOG (gmm-latgen-faster[5.5.513~2-b5f4cf]:DecodeUtteranceLatticeFaster():decoder-wrappers.cc:289) Log-like per frame for utterance fc21e5d1-32b7-4adc-9f4e-29ae0ad8ff85-104210346 is -4.56067 over 526 frames.
fc21e5d1-32b7-4adc-9f4e-29ae0ad8ff85-104314871 EINE BESSERER BETREUUNG SIE INFRASTRUKTUR SOLL DER FACH KRÄFTIGEN AN DEN FINDE WORTEN ENTGEGENWIRKEN 
LOG (gmm-latgen-faster[5.5.513~2-b5f4cf]:DecodeUtteranceLatticeFaster():decoder-wrappers.cc:289) Log-like per frame for utterance fc21e5d1-32b7-4adc-9f4e-29ae0ad8ff85-104314871 is -4.76911 over 632 frames.
fc21e5d1-32b7-4adc-9f4e-29ae0ad8ff85-104411646 DAS LÄNGSTE ARMEN RECHT UNSERE BETRACHT LAG DIE UNION HEUTE UND IN ZUKUNFT UND PROZESS DER NEUEN GESTALTUNG IHRER INFRASTRUKTUR BEWÄLTIGEN MUSS DER DARAN BESTEHT AUCH DAS PRIVATEN ITALIENS BETEILIGEN DAS NICHT MÖGLICH SEIN WIRD WENN ALS DIESES SITUATION NICHT KLAR MACHEN 
LOG (gmm-latgen-faster[5.5.513~2-b5f4cf]:DecodeUtteranceLatticeFaster():decoder-wrappers.cc:289) Log-like per frame for utterance fc21e5d1-32b7-4adc-9f4e-29ae0ad8ff85-104411646 is -4.82872 over 1525 frames.
fc21e5d1-32b7-4adc-9f4e-29ae0ad8ff85-104513856 DIESE KURZE STRAßE ANGELEGT DENN DES NEUNZEHN JAHRHUNDERT ALS STRAßE NEUEN NACH SICH VERWENDET DIE GRUNDLEGENDE STRAßE MIT DEM UND DEN DIE ES PLATZ 
LOG (gmm-latgen-faster[5.5.513~2-b5f4cf]:DecodeUtteranceLatticeFaster():decoder-wrappers.cc:289) Log-like per frame for utterance fc21e5d1-32b7-4adc-9f4e-29ae0ad8ff85-104513856 is -4.81126 over 889 frames.
fc21e5d1-32b7-4adc-9f4e-29ae0ad8ff85-104610361 DIE NULL KOMMA FÜNF METER FLASCHEN MIT EUROPAS DEN GRIECHISCHEN BARS HÄUFIG ANZUTREFFEN 
LOG (gmm-latgen-faster[5.5.513~2-b5f4cf]:DecodeUtteranceLatticeFaster():decoder-wrappers.cc:289) Log-like per frame for utterance fc21e5d1-32b7-4adc-9f4e-29ae0ad8ff85-104610361 is -4.66851 over 622 frames.
fc21e5d1-32b7-4adc-9f4e-29ae0ad8ff85-104711986 JAHREN ETWA DREIHUNDERTTAUSEND MENSCHEN GERNE AUFENTHALT ENDET WERDEN IST IN 
LOG (gmm-latgen-faster[5.5.513~2-b5f4cf]:DecodeUtteranceLatticeFaster():decoder-wrappers.cc:289) Log-like per frame for utterance fc21e5d1-32b7-4adc-9f4e-29ae0ad8ff85-104711986 is -4.55368 over 470 frames.
fc21e5d1-32b7-4adc-9f4e-29ae0ad8ff85-104810026 DAS AUSWÄRTIGE AN DER BUNDESREPUBLIK DEUTSCHLAND ÜBERNIMMT DIE FINGERUNG 
LOG (gmm-latgen-faster[5.5.513~2-b5f4cf]:DecodeUtteranceLatticeFaster():decoder-wrappers.cc:289) Log-like per frame for utterance fc21e5d1-32b7-4adc-9f4e-29ae0ad8ff85-104810026 is -4.52582 over 465 frames.
fc21e5d1-32b7-4adc-9f4e-29ae0ad8ff85-104914326 IST DIE EINSEITIG UNABHÄNGIGKEIT ERKLÄREN DURCH DIE KOMMISSION MISCHEN INSTITUTIONEN DER SELBST VERWALTUNG DISKUSSION EINKLANG DEN VÖLKERRECHT 
LOG (gmm-latgen-faster[5.5.513~2-b5f4cf]:DecodeUtteranceLatticeFaster():decoder-wrappers.cc:289) Log-like per frame for utterance fc21e5d1-32b7-4adc-9f4e-29ae0ad8ff85-104914326 is -4.78025 over 873 frames.
fc21e5d1-32b7-4adc-9f4e-29ae0ad8ff85-105010766 TEILEN ANNA TEILNEHMER UND EINER DER NATUR UNS HAMBURGER AUFSTAND ES UND EINS TANZEN DES VON ZWANZIGSTEN DARMSTADT SCHEITERTE UNTER EINMAL MUSSTE VEREINE WEIL UNTER SCHAUEN 
LOG (gmm-latgen-faster[5.5.513~2-b5f4cf]:DecodeUtteranceLatticeFaster():decoder-wrappers.cc:289) Log-like per frame for utterance fc21e5d1-32b7-4adc-9f4e-29ae0ad8ff85-105010766 is -4.64378 over 1080 frames.
fc21e5d1-32b7-4adc-9f4e-29ae0ad8ff85-105112681 WAS KLARE DENN MAßNAHMEN AUF DIE INTERNATIONAL FINANZMÄRKTE LOS ES 
LOG (gmm-latgen-faster[5.5.513~2-b5f4cf]:DecodeUtteranceLatticeFaster():decoder-wrappers.cc:289) Log-like per frame for utterance fc21e5d1-32b7-4adc-9f4e-29ae0ad8ff85-105112681 is -4.57582 over 501 frames.
fc21e5d1-32b7-4adc-9f4e-29ae0ad8ff85-105213211 MIT DER UNTERZEICHNUNG RATIFIZIERUNG WIRD DIE GIBT INSTITUTIONELLEN KRISE NACH INFOLGE ABSTIMMUNG IN FRANKREICH SIND NIEDERLANDEN BEENDET 
LOG (gmm-latgen-faster[5.5.513~2-b5f4cf]:DecodeUtteranceLatticeFaster():decoder-wrappers.cc:289) Log-like per frame for utterance fc21e5d1-32b7-4adc-9f4e-29ae0ad8ff85-105213211 is -4.86945 over 854 frames.
fc21e5d1-32b7-4adc-9f4e-29ae0ad8ff85-105312216 WENIGE WAREN SPÄTER WO DEN SIND DIE KANN BRENNENDER SORGEN IM BISTUM LEBEN UNTER GROßE GEHEIMHALTUNG FÜR VIELFÄLTIGE VERTEILT 
LOG (gmm-latgen-faster[5.5.513~2-b5f4cf]:DecodeUtteranceLatticeFaster():decoder-wrappers.cc:289) Log-like per frame for utterance fc21e5d1-32b7-4adc-9f4e-29ae0ad8ff85-105312216 is -4.74496 over 877 frames.
fc21e5d1-32b7-4adc-9f4e-29ae0ad8ff85-105411326 IM RAHMEN VON UNSEREN SCHIENE HERVORRAGENDE RÜCKEN EIGENEN ZU NEUEN KONZEPT 
LOG (gmm-latgen-faster[5.5.513~2-b5f4cf]:DecodeUtteranceLatticeFaster():decoder-wrappers.cc:289) Log-like per frame for utterance fc21e5d1-32b7-4adc-9f4e-29ae0ad8ff85-105411326 is -4.59082 over 507 frames.
fc21e5d1-32b7-4adc-9f4e-29ae0ad8ff85-105513441 DIE FESTSTELLEN DER VERFAHREN DER UMWELT VERTRETEN SCHWEIZ PRÜFUNG MÜSSEN FERNEN ZUSTÄNDIGEN BEHÖRDEN SORGFÄLTIG AUS BEGLEITET WERDEN BEVOR SIE EIN DURCHFÜHRUNG SIE MINIMUM ODER BAU WENIGEN FÜR JEDER ART FÜR INFRASTRUKTUR VON HABEN NACHTEIL 
LOG (gmm-latgen-faster[5.5.513~2-b5f4cf]:DecodeUtteranceLatticeFaster():decoder-wrappers.cc:289) Log-like per frame for utterance fc21e5d1-32b7-4adc-9f4e-29ae0ad8ff85-105513441 is -4.66509 over 1454 frames.
fc21e5d1-32b7-4adc-9f4e-29ae0ad8ff85-105612996 ABER DARAN ANFANG BLEIBEN DIE PATIENTEN DEN DANKEN TAG FÜR DIE HABE DRAUßEN SOLLTEN DIES ZEHEN 
LOG (gmm-latgen-faster[5.5.513~2-b5f4cf]:DecodeUtteranceLatticeFaster():decoder-wrappers.cc:289) Log-like per frame for utterance fc21e5d1-32b7-4adc-9f4e-29ae0ad8ff85-105612996 is -4.69376 over 656 frames.
fc21e5d1-32b7-4adc-9f4e-29ae0ad8ff85-105711256 ANGESICHTS SEINER BEFUGNISSE VOR AB ENTSCHEIDUNG ZUTREFFENDE SOWIE UND DER BERÜCKSICHTIGUNG DER TRADITIONELL DER DIE KALTEN BEZIEHUNGEN ZWISCHEN STRAFRECHT UND DEN GRUNDRECHTEN HAT DER GERICHTSHOFS SELBSTVERSTÄNDLICH EINE ÜBERAUS WICHTIGE FRAKTION ZERSTÖREN NÄMLICH DIE HARMONISIERUNG DER DEN BÜRGERN GEBOTEN GARANTIEN 
LOG (gmm-latgen-faster[5.5.513~2-b5f4cf]:DecodeUtteranceLatticeFaster():decoder-wrappers.cc:289) Log-like per frame for utterance fc21e5d1-32b7-4adc-9f4e-29ae0ad8ff85-105711256 is -4.82531 over 1751 frames.
fc21e5d1-32b7-4adc-9f4e-29ae0ad8ff85-105814351 DANACH WURDE SIE ZURÜCKGEZOGEN UND DEN THEMA NEUSEELAND WIRD HEUTE 
LOG (gmm-latgen-faster[5.5.513~2-b5f4cf]:DecodeUtteranceLatticeFaster():decoder-wrappers.cc:289) Log-like per frame for utterance fc21e5d1-32b7-4adc-9f4e-29ae0ad8ff85-105814351 is -4.66629 over 521 frames.
fc21e5d1-32b7-4adc-9f4e-29ae0ad8ff85-105913546 JAPANISCHE WIRTSCHAFT HAT OFFEN BALD ALS ROLLE ERREICHT 
LOG (gmm-latgen-faster[5.5.513~2-b5f4cf]:DecodeUtteranceLatticeFaster():decoder-wrappers.cc:289) Log-like per frame for utterance fc21e5d1-32b7-4adc-9f4e-29ae0ad8ff85-105913546 is -4.39226 over 446 frames.
fc21e5d1-32b7-4adc-9f4e-29ae0ad8ff85-106013161 DIESE KONSTRUKTION EIGENTLICHE SICH JEDOCH NICHT FAHRRAD FAHRZEUGE UND AUCH NICHT FÜR DIE ZUNEHMEND WICHTIGER WERDEN SATT SCHWER PAAR 
LOG (gmm-latgen-faster[5.5.513~2-b5f4cf]:DecodeUtteranceLatticeFaster():decoder-wrappers.cc:289) Log-like per frame for utterance fc21e5d1-32b7-4adc-9f4e-29ae0ad8ff85-106013161 is -4.79394 over 843 frames.
fc21e5d1-32b7-4adc-9f4e-29ae0ad8ff85-96414461 EINE BESONDERHEIT BEI KOLLEGIN IST DAS DEN DER HEGEMONIE FÜR ALS ENERGIE VERHANDELT EINFACH ZU BACKEN KURZE HABEN WIE ACHTEN SOLLTEN TIERE NEHMEN GUT 
LOG (gmm-latgen-faster[5.5.513~2-b5f4cf]:DecodeUtteranceLatticeFaster():decoder-wrappers.cc:289) Log-like per frame for utterance fc21e5d1-32b7-4adc-9f4e-29ae0ad8ff85-96414461 is -4.7995 over 959 frames.
fc21e5d1-32b7-4adc-9f4e-29ae0ad8ff85-96511571 EINE BETRIFFT DIE BESEITIGUNG WIRTSCHAFTLICHE HÄNGEN SEINE DIE DIE ARBEITNEHMER IN WESENTLICHEN DER VON ABLEITEN IN RUHESTAND ZU VERSCHIEDEN 
LOG (gmm-latgen-faster[5.5.513~2-b5f4cf]:DecodeUtteranceLatticeFaster():decoder-wrappers.cc:289) Log-like per frame for utterance fc21e5d1-32b7-4adc-9f4e-29ae0ad8ff85-96511571 is -4.71543 over 779 frames.
fc21e5d1-32b7-4adc-9f4e-29ae0ad8ff85-96611031 ALS SPÜRBAR MARKT HEER ICH SEIT JE AKTIV EINER HIER KNAPP SOLLTEN DIE ABERMALS UNSERE BEITRAG IN EINER SACHE LEISTEN DIE ZWEIFELLOS EIN PRO WEIT WEIT DES PROBLEM DARSTELLT 
LOG (gmm-latgen-faster[5.5.513~2-b5f4cf]:DecodeUtteranceLatticeFaster():decoder-wrappers.cc:289) Log-like per frame for utterance fc21e5d1-32b7-4adc-9f4e-29ae0ad8ff85-96611031 is -4.56348 over 1151 frames.
fc21e5d1-32b7-4adc-9f4e-29ae0ad8ff85-96712021 DIE EUROPÄISCHE UNION UND DIE POLITISCHEN DIE DIE EFFIZIENT VERTRETER IN DER REGION HABEN EINE KLARE SPRACHE GESPROCHEN 
LOG (gmm-latgen-faster[5.5.513~2-b5f4cf]:DecodeUtteranceLatticeFaster():decoder-wrappers.cc:289) Log-like per frame for utterance fc21e5d1-32b7-4adc-9f4e-29ae0ad8ff85-96712021 is -4.7804 over 690 frames.
fc21e5d1-32b7-4adc-9f4e-29ae0ad8ff85-96811661 STELL EINES ENTWICKLUNG SETZEN GERNE WISSENSCHAFTEN STELLEN DES IN DAS ZUBEHÖR DER BÄREN WESEN WELCHE SICH KEINE HARMONISCHEN UND GREIFEN ES ÄHNLICHKEITEN SEINER SO WIRKTE DES ABER DIE MISCHEN ARBEITSMARKTES WÜNSCHE 
LOG (gmm-latgen-faster[5.5.513~2-b5f4cf]:DecodeUtteranceLatticeFaster():decoder-wrappers.cc:289) Log-like per frame for utterance fc21e5d1-32b7-4adc-9f4e-29ae0ad8ff85-96811661 is -4.99571 over 1228 frames.
fc21e5d1-32b7-4adc-9f4e-29ae0ad8ff85-96910626 ER GERNE SOLLTE ADLER DEN AUF EINZELNE IHNEN VON GEWALT IN FORM FÜR ER VERBRECHEN UNTER DIE ALLES FALLEN KANN ANGEFANGEN VON DER FÜR STIMME NUN DER WEIBCHEN DIE ITALIEN BIS HINZU MORD 
LOG (gmm-latgen-faster[5.5.513~2-b5f4cf]:DecodeUtteranceLatticeFaster():decoder-wrappers.cc:289) Log-like per frame for utterance fc21e5d1-32b7-4adc-9f4e-29ae0ad8ff85-96910626 is -4.79213 over 1103 frames.
fc21e5d1-32b7-4adc-9f4e-29ae0ad8ff85-97013171 GUT AUS IN WELCHER NACHWUCHS IST ES ALS DIE ELFTE WIRTSCHAFTLICHES WACHSTUM DAS DER JAHREN DEUTSCHLAND 
LOG (gmm-latgen-faster[5.5.513~2-b5f4cf]:DecodeUtteranceLatticeFaster():decoder-wrappers.cc:289) Log-like per frame for utterance fc21e5d1-32b7-4adc-9f4e-29ae0ad8ff85-97013171 is -4.89979 over 646 frames.
fc21e5d1-32b7-4adc-9f4e-29ae0ad8ff85-97114226 DEREN RAHMEN GEBEN LATEIN ENTSPRECHEN DIE WEIß UNIFORMIERTEN BRANCHE DER SPÜRBAR ALS 
LOG (gmm-latgen-faster[5.5.513~2-b5f4cf]:DecodeUtteranceLatticeFaster():decoder-wrappers.cc:289) Log-like per frame for utterance fc21e5d1-32b7-4adc-9f4e-29ae0ad8ff85-97114226 is -4.8843 over 628 frames.
fc21e5d1-32b7-4adc-9f4e-29ae0ad8ff85-97214826 AUßERDEM DEN ICH RÄUME SEHR FLEXIBEL KANN ICH ALS OPTIMAL DER MOBILITÄT IHRES HAUS ANPASSEN 
LOG (gmm-latgen-faster[5.5.513~2-b5f4cf]:DecodeUtteranceLatticeFaster():decoder-wrappers.cc:289) Log-like per frame for utterance fc21e5d1-32b7-4adc-9f4e-29ae0ad8ff85-97214826 is -4.71715 over 618 frames.
fc21e5d1-32b7-4adc-9f4e-29ae0ad8ff85-97310376 ENTWEDER SCHWEIGEN SIE ODER SIND IN EINHER VERFAHREN 
LOG (gmm-latgen-faster[5.5.513~2-b5f4cf]:DecodeUtteranceLatticeFaster():decoder-wrappers.cc:289) Log-like per frame for utterance fc21e5d1-32b7-4adc-9f4e-29ae0ad8ff85-97310376 is -4.57734 over 401 frames.
fc21e5d1-32b7-4adc-9f4e-29ae0ad8ff85-97412156 IN DIE DAR TRAGEN ZU DIESER ZEITEN BERLIN KANN TÄGLICH ÜBER RHEIN TEXT ZIEL VERFÜGUNG MEIST ALS NEBEN ERWERB 
LOG (gmm-latgen-faster[5.5.513~2-b5f4cf]:DecodeUtteranceLatticeFaster():decoder-wrappers.cc:289) Log-like per frame for utterance fc21e5d1-32b7-4adc-9f4e-29ae0ad8ff85-97412156 is -4.75067 over 742 frames.
fc21e5d1-32b7-4adc-9f4e-29ae0ad8ff85-97512806 WIR HABEN DER FOLGE AUF ÄNDERUNGEN DER DEN IST ZAHLEN GEDRÄNGT ZU DAS ACHTZIG PROZENT DER BEIHILFEN NICHT LÄNGER ZWANZIG PROZENT DER GROßEN LANDWIRTE ZUGUTEKOMMEN DAMIT HABEN DIE KLEIN LANDWIRTEN GEHOLFEN 
LOG (gmm-latgen-faster[5.5.513~2-b5f4cf]:DecodeUtteranceLatticeFaster():decoder-wrappers.cc:289) Log-like per frame for utterance fc21e5d1-32b7-4adc-9f4e-29ae0ad8ff85-97512806 is -4.74073 over 1211 frames.
fc21e5d1-32b7-4adc-9f4e-29ae0ad8ff85-97613681 KURS DREI ACHTZEHN EIN ACHTZIG ERSTE ARMEE AUS UM SICH VON GANZ DER WISSENSCHAFTLICHEN FORSCHUNG HINGEGEN ZU KÖNNEN 
LOG (gmm-latgen-faster[5.5.513~2-b5f4cf]:DecodeUtteranceLatticeFaster():decoder-wrappers.cc:289) Log-like per frame for utterance fc21e5d1-32b7-4adc-9f4e-29ae0ad8ff85-97613681 is -4.45311 over 806 frames.
fc21e5d1-32b7-4adc-9f4e-29ae0ad8ff85-97712846 DIE GANZEN FAHREN RHÖN DER BISLANG DIE SCHON GEZAHLT DIE FAHRTKOSTEN AUCH 
LOG (gmm-latgen-faster[5.5.513~2-b5f4cf]:DecodeUtteranceLatticeFaster():decoder-wrappers.cc:289) Log-like per frame for utterance fc21e5d1-32b7-4adc-9f4e-29ae0ad8ff85-97712846 is -4.70965 over 483 frames.
fc21e5d1-32b7-4adc-9f4e-29ae0ad8ff85-97810516 HOFFENTLICH LIEFERN WIR DIESEN PARLAMENT DEM RAT KANN VORWAND DIESEN VORÜBERGEHENDEN SCHUTZ NICHTS VERABSCHIEDETEN ICH WÜNSCHE MIR DAS AUSGEHEN DIESBEZÜGLICH EINE SCHLUSS FASSEN 
LOG (gmm-latgen-faster[5.5.513~2-b5f4cf]:DecodeUtteranceLatticeFaster():decoder-wrappers.cc:289) Log-like per frame for utterance fc21e5d1-32b7-4adc-9f4e-29ae0ad8ff85-97810516 is -4.70526 over 980 frames.
fc21e5d1-32b7-4adc-9f4e-29ae0ad8ff85-97911026 ALS STELLENDEN DEREN UND EINER HEUTE DIE WURDE HINEIN FAHR KIRCHE ERSTE SEIT TAL REISEN GETAN WAR DER DIE ES DIESER BODEN TOR GEBAUT 
LOG (gmm-latgen-faster[5.5.513~2-b5f4cf]:DecodeUtteranceLatticeFaster():decoder-wrappers.cc:289) Log-like per frame for utterance fc21e5d1-32b7-4adc-9f4e-29ae0ad8ff85-97911026 is -4.76724 over 933 frames.
fc21e5d1-32b7-4adc-9f4e-29ae0ad8ff85-98013386 EINKLANG ANDEREN MEDIZINISCHEN FREUND ABSCHNITT HABEN DIE ERSTE DIESEN JAHRHUNDERT ÄHNLICH EINDRUCKSVOLLE SIEBEN GELINGT TUT ERHOBEN 
LOG (gmm-latgen-faster[5.5.513~2-b5f4cf]:DecodeUtteranceLatticeFaster():decoder-wrappers.cc:289) Log-like per frame for utterance fc21e5d1-32b7-4adc-9f4e-29ae0ad8ff85-98013386 is -4.78788 over 776 frames.
fc21e5d1-32b7-4adc-9f4e-29ae0ad8ff85-98110476 SOWOHL DIESER EINE KURZFRISTIGER PREISE AUFTRIEB DURCH ÜBER SCHLUSS DIE KRITIK IST WELT NATÜRLICH EIN AUSWEITUNG DEM PRODUKTION ABER 
LOG (gmm-latgen-faster[5.5.513~2-b5f4cf]:DecodeUtteranceLatticeFaster():decoder-wrappers.cc:289) Log-like per frame for utterance fc21e5d1-32b7-4adc-9f4e-29ae0ad8ff85-98110476 is -4.75624 over 896 frames.
fc21e5d1-32b7-4adc-9f4e-29ae0ad8ff85-98212281 ALLERDINGS WAREN WIR CHRISTDEMOKRATEN GEGEN REGULIERUNGEN ZU NATÜRLICH NÖRDLICHEN STRAHLUNG IM SONNENLICHT 
LOG (gmm-latgen-faster[5.5.513~2-b5f4cf]:DecodeUtteranceLatticeFaster():decoder-wrappers.cc:289) Log-like per frame for utterance fc21e5d1-32b7-4adc-9f4e-29ae0ad8ff85-98212281 is -4.62764 over 699 frames.
fc21e5d1-32b7-4adc-9f4e-29ae0ad8ff85-98311746 ZWEI DER DREI CHRISTIAN DIE DIE GERNE WESHALB UND ZUGUNSTEN DES BAU SEINER STRAßE ZERSTÖRT 
LOG (gmm-latgen-faster[5.5.513~2-b5f4cf]:DecodeUtteranceLatticeFaster():decoder-wrappers.cc:289) Log-like per frame for utterance fc21e5d1-32b7-4adc-9f4e-29ae0ad8ff85-98311746 is -4.65989 over 670 frames.
fc21e5d1-32b7-4adc-9f4e-29ae0ad8ff85-98412286 DAMALS WEIß NACH ANSTEHT 
LOG (gmm-latgen-faster[5.5.513~2-b5f4cf]:DecodeUtteranceLatticeFaster():decoder-wrappers.cc:289) Log-like per frame for utterance fc21e5d1-32b7-4adc-9f4e-29ae0ad8ff85-98412286 is -4.18605 over 282 frames.
fc21e5d1-32b7-4adc-9f4e-29ae0ad8ff85-98512791 DER IN DIE FREMDE WAR 
LOG (gmm-latgen-faster[5.5.513~2-b5f4cf]:DecodeUtteranceLatticeFaster():decoder-wrappers.cc:289) Log-like per frame for utterance fc21e5d1-32b7-4adc-9f4e-29ae0ad8ff85-98512791 is -4.02523 over 349 frames.
fc21e5d1-32b7-4adc-9f4e-29ae0ad8ff85-98613781 IN KOLLEGEN DIE EUROPÄISCHE UNION BASIERT DER EINSICHT DAS FREIE HANDELTE WELTWIRTSCHAFT UNSERE EIGENE WIRTSCHAFT FÖRDERT 
LOG (gmm-latgen-faster[5.5.513~2-b5f4cf]:DecodeUtteranceLatticeFaster():decoder-wrappers.cc:289) Log-like per frame for utterance fc21e5d1-32b7-4adc-9f4e-29ae0ad8ff85-98613781 is -4.63472 over 796 frames.
fc21e5d1-32b7-4adc-9f4e-29ae0ad8ff85-98714631 DA DIE STRAHLUNG DABEI KEINE ARBEIT AUFNEHMEN UND DAS LATEIN GEWÄHLTEN TAL ENTHÄLT IST SICH STRENG NAMEN DA KANN MASCHINE ZUR APPARAT 
LOG (gmm-latgen-faster[5.5.513~2-b5f4cf]:DecodeUtteranceLatticeFaster():decoder-wrappers.cc:289) Log-like per frame for utterance fc21e5d1-32b7-4adc-9f4e-29ae0ad8ff85-98714631 is -4.76764 over 902 frames.
fc21e5d1-32b7-4adc-9f4e-29ae0ad8ff85-98814816 EIN MINDESTNORMEN WIR VON ACHT EURO FÜNFZIG GEFÄHRDET KRALLEN AUS DEUTSCHEN ARBEITSPLÄTZEN 
LOG (gmm-latgen-faster[5.5.513~2-b5f4cf]:DecodeUtteranceLatticeFaster():decoder-wrappers.cc:289) Log-like per frame for utterance fc21e5d1-32b7-4adc-9f4e-29ae0ad8ff85-98814816 is -4.69394 over 573 frames.
fc21e5d1-32b7-4adc-9f4e-29ae0ad8ff85-98911101 IM BEZUG AUF DAS PROBLEM DER PERSONEN DIE NICHT ENDE MELDEN DER SOGENANNTEN MESSE DAUER ALSO HAT DIE KOMMISSION IN BEAMTEN STAATEN BEREITS ÜBERPRÜFT UND NUN SIND DIE KOMMISSION SIND ARBEITER EINDEUTIG ANGEHALTEN ALLE UNREGELMÄßIGKEITEN ZU MELDEN DIE KOMMISSION ZUR PFLICHT DER DIE RECHTE VON BEAMTEN ZU WAREN DIE DES TUN 
LOG (gmm-latgen-faster[5.5.513~2-b5f4cf]:DecodeUtteranceLatticeFaster():decoder-wrappers.cc:289) Log-like per frame for utterance fc21e5d1-32b7-4adc-9f4e-29ae0ad8ff85-98911101 is -4.88362 over 1910 frames.
fc21e5d1-32b7-4adc-9f4e-29ae0ad8ff85-99012241 ICH EINS NEIN ANHÄNGE NACHKRIEGSZEIT EIN WIRTSCHAFTLICHER NACHTEIL DER REISTE GEMEINDEN MESSEN VORTEIL 
LOG (gmm-latgen-faster[5.5.513~2-b5f4cf]:DecodeUtteranceLatticeFaster():decoder-wrappers.cc:289) Log-like per frame for utterance fc21e5d1-32b7-4adc-9f4e-29ae0ad8ff85-99012241 is -4.59553 over 718 frames.
fc21e5d1-32b7-4adc-9f4e-29ae0ad8ff85-99111301 AM NACH DER FUSION SPIEL GEHEN DIE WIE TORE JAHR MITTEL FELL DER WOBEI ELEGANT KONNTEN RÜCKSTAND ZUNÄCHST REICHEN ERST ST NICHT VERRINGERN 
LOG (gmm-latgen-faster[5.5.513~2-b5f4cf]:DecodeUtteranceLatticeFaster():decoder-wrappers.cc:289) Log-like per frame for utterance fc21e5d1-32b7-4adc-9f4e-29ae0ad8ff85-99111301 is -4.97466 over 868 frames.
fc21e5d1-32b7-4adc-9f4e-29ae0ad8ff85-99213436 INVASION MIT AN MITTEL ZU STOPPEN 
LOG (gmm-latgen-faster[5.5.513~2-b5f4cf]:DecodeUtteranceLatticeFaster():decoder-wrappers.cc:289) Log-like per frame for utterance fc21e5d1-32b7-4adc-9f4e-29ae0ad8ff85-99213436 is -4.39013 over 342 frames.
fc21e5d1-32b7-4adc-9f4e-29ae0ad8ff85-99314286 AUF RÖMER EIGENEN ERFAHRUNGEN UND DISKUSSION MIT KMU UNTERSTÜTZT SICH INSBESONDERE ÄNDERUNGSANTRÄGE GEHEN NACHDRUCK VERSTÄRKT AUF DAS INNOVATION SIE POTENTIAL VON KAM GUT SOWIE DIE SPEZIFISCHEN HEMMNISSEN LEGEN DEN SIE AUSGESETZT WERDEN BEISPIELSWEISE IHRE GERINGEREN ZU GANZ MÖGLICHKEITEN ZU VORSCHLAGS EINRICHTUNGEN 
LOG (gmm-latgen-faster[5.5.513~2-b5f4cf]:DecodeUtteranceLatticeFaster():decoder-wrappers.cc:289) Log-like per frame for utterance fc21e5d1-32b7-4adc-9f4e-29ae0ad8ff85-99314286 is -4.82321 over 1910 frames.
fc21e5d1-32b7-4adc-9f4e-29ae0ad8ff85-99410321 DIE FLIEßEN BLEIBEN GEKLEIDET 
LOG (gmm-latgen-faster[5.5.513~2-b5f4cf]:DecodeUtteranceLatticeFaster():decoder-wrappers.cc:289) Log-like per frame for utterance fc21e5d1-32b7-4adc-9f4e-29ae0ad8ff85-99410321 is -4.31923 over 312 frames.
fc21e5d1-32b7-4adc-9f4e-29ae0ad8ff85-99511716 DARAUF IN SIE AUCH KANN DAS 
LOG (gmm-latgen-faster[5.5.513~2-b5f4cf]:DecodeUtteranceLatticeFaster():decoder-wrappers.cc:289) Log-like per frame for utterance fc21e5d1-32b7-4adc-9f4e-29ae0ad8ff85-99511716 is -4.57029 over 302 frames.
fc21e5d1-32b7-4adc-9f4e-29ae0ad8ff85-99613346 WENIGER JAHR SPÄTER FOLGTE ABSCHLUSS ALS MASTER SCIENCE WEISE DREI VIERZIG AUF DEN WIR UND SEINE KARRIERE WURDE IM SCHLIEßLICH DEREN UNTER WÜRDE DER WISSENSCHAFT VERLIEHEN 
LOG (gmm-latgen-faster[5.5.513~2-b5f4cf]:DecodeUtteranceLatticeFaster():decoder-wrappers.cc:289) Log-like per frame for utterance fc21e5d1-32b7-4adc-9f4e-29ae0ad8ff85-99613346 is -4.72328 over 1112 frames.
fc21e5d1-32b7-4adc-9f4e-29ae0ad8ff85-99710291 DIE STARKEN SIEBEN EIGENE MÄRKTEN UND ZWAR ZUNÄCHST EINMAL ZU FRAGE ENTSCHEIDUNG ZWISCHEN ANNAHME VON QUALITÄT ZIELEN IM ANSATZ UND HILFE VON DREI ZWEITEN 
LOG (gmm-latgen-faster[5.5.513~2-b5f4cf]:DecodeUtteranceLatticeFaster():decoder-wrappers.cc:289) Log-like per frame for utterance fc21e5d1-32b7-4adc-9f4e-29ae0ad8ff85-99710291 is -4.69152 over 929 frames.
fc21e5d1-32b7-4adc-9f4e-29ae0ad8ff85-99811486 SIND NACH NICHT ZUSTANDE LIEGEN 
LOG (gmm-latgen-faster[5.5.513~2-b5f4cf]:DecodeUtteranceLatticeFaster():decoder-wrappers.cc:289) Log-like per frame for utterance fc21e5d1-32b7-4adc-9f4e-29ae0ad8ff85-99811486 is -4.19243 over 302 frames.
fc21e5d1-32b7-4adc-9f4e-29ae0ad8ff85-99910121 WIR MÜSSEN DIE GESUNDHEIT DER VERBRAUCHER IN DER EUROPÄISCHEN UNION VOR EINGEFÜHRTEN PRODUKTEN SCHÜTZEN BEI DER MEHRZAHL UM WENIGER STRENGE STANDARDS GELTEN 
LOG (gmm-latgen-faster[5.5.513~2-b5f4cf]:DecodeUtteranceLatticeFaster():decoder-wrappers.cc:289) Log-like per frame for utterance fc21e5d1-32b7-4adc-9f4e-29ae0ad8ff85-99910121 is -4.68871 over 871 frames.
ff56a221-12fb-4ffe-9d58-bfb7531f8b9d-148212491 DIE KOMMISSION MUSSTE KARTHAGOS AUS RASCH ZWISCHEN MITGLIEDSTAATEN DIE INTERESSE AN LOKALEN BESCHÄFTIGUNGS INITIATIVEN BEGRÜNDEN UND DIE BEREITS EINLEITEN KÖNNEN STIMME IHREN UND FÖRDERN DIE MUSS INSBESONDERE VON UND GANZ DIE ROLLE DER DYNAMISCHEN KRAFT BEI DER STIMME REGIERUNG AN LAG DENKE WAREN UND WIRKSAM FORM ÜBERNEHMEN DIE BEI DER BESEITIGUNG DIESER SOZIALEN GEIßEL DER ARBEITSLOSIGKEIT AUFTRETEN KÖNNEN 
LOG (gmm-latgen-faster[5.5.513~2-b5f4cf]:DecodeUtteranceLatticeFaster():decoder-wrappers.cc:289) Log-like per frame for utterance ff56a221-12fb-4ffe-9d58-bfb7531f8b9d-148212491 is -4.73172 over 2705 frames.
ff56a221-12fb-4ffe-9d58-bfb7531f8b9d-148313066 DA ENTHÄLT SO NICHT EINMAL EINWANDFREI VERSTEHE WEITERES SPIELT JEDOCH SELBST SCHNELL THEORIEN DIE AN DER AUTOR INTERVENTIONEN FEST FELL KALTEN KEINE ZENTRALE ROLLE DER ERKLÄRUNG VON FLUG ZU RUNDER 
LOG (gmm-latgen-faster[5.5.513~2-b5f4cf]:DecodeUtteranceLatticeFaster():decoder-wrappers.cc:289) Log-like per frame for utterance ff56a221-12fb-4ffe-9d58-bfb7531f8b9d-148313066 is -4.66016 over 1473 frames.
ff56a221-12fb-4ffe-9d58-bfb7531f8b9d-148412386 UNSERER GRUNDGESETZ KENNT KEINEM MORATORIUM IN 
LOG (gmm-latgen-faster[5.5.513~2-b5f4cf]:DecodeUtteranceLatticeFaster():decoder-wrappers.cc:289) Log-like per frame for utterance ff56a221-12fb-4ffe-9d58-bfb7531f8b9d-148412386 is -4.48467 over 520 frames.
ff56a221-12fb-4ffe-9d58-bfb7531f8b9d-148512496 ENDE INFOLGE JAHREN WURDE NOCH WEITERE BODEN DIENSTE EINGERICHTET SO ZU BEISPIEL VON SECHZEHNHUNDERTDREIßIG FÜNFZIG BIS SECHZEHN HUNDERT ZWEI ACHTZIG FOLGEN GEHT KOMMA TERMIN IN KILOGRAMM EURO DESSEN DER REGIONALE KUGEL IHRE DEN WEGE ZWISCHEN SOZIALEN UND MAILAND UND VIER TRAGEN ZURÜCK LEBTEN 
LOG (gmm-latgen-faster[5.5.513~2-b5f4cf]:DecodeUtteranceLatticeFaster():decoder-wrappers.cc:289) Log-like per frame for utterance ff56a221-12fb-4ffe-9d58-bfb7531f8b9d-148512496 is -4.55039 over 2043 frames.
ff56a221-12fb-4ffe-9d58-bfb7531f8b9d-148612381 NACHDEM ZWEITEN WELTKRIEG WURDEN DEN VEREINE GUTEN STARKEN ZUR SCHLAFEN 
LOG (gmm-latgen-faster[5.5.513~2-b5f4cf]:DecodeUtteranceLatticeFaster():decoder-wrappers.cc:289) Log-like per frame for utterance ff56a221-12fb-4ffe-9d58-bfb7531f8b9d-148612381 is -4.35684 over 570 frames.
ff56a221-12fb-4ffe-9d58-bfb7531f8b9d-148710936 GENAU DAS UNS VIELE VON ALLEM MACUN TAL ERWARTEN DER LEICHTE HOCH ENERGIE ZWISCHEN KANN SCHLIMM AUCH GESTIMMT 
LOG (gmm-latgen-faster[5.5.513~2-b5f4cf]:DecodeUtteranceLatticeFaster():decoder-wrappers.cc:289) Log-like per frame for utterance ff56a221-12fb-4ffe-9d58-bfb7531f8b9d-148710936 is -4.4933 over 935 frames.
ff56a221-12fb-4ffe-9d58-bfb7531f8b9d-148811881 MAN RECHNETE MIT SO VIELEN AUCH FAHR DAS IN AMERIKANISCHEN VOR BRÜCKEN ÜBER FÜNFHUNDERTTAUSEND WAREN RAT VERBOTEN WIRD FÜNF AB ZEICHEN DIE SCHON FRAU FELDHERR GESTELLT WORDEN WAREN 
LOG (gmm-latgen-faster[5.5.513~2-b5f4cf]:DecodeUtteranceLatticeFaster():decoder-wrappers.cc:289) Log-like per frame for utterance ff56a221-12fb-4ffe-9d58-bfb7531f8b9d-148811881 is -4.57334 over 1400 frames.
ff56a221-12fb-4ffe-9d58-bfb7531f8b9d-148913826 DIE WERDEN DIESE UNTERSCHIEDE ÜBER ENTHÄLT UND FÜHRT GEWINNEN DIE HERRN MÜNDEN VEREINE UND MUSS WAR DER VERGANGENHEIT ERNEUT AN OBERHAND DIE GEGENWART WIRD UNGEWISS UND KONSTRUKTIVE FORTSCHRITTE WERDEN KANN ERSTICKT DEN 
LOG (gmm-latgen-faster[5.5.513~2-b5f4cf]:DecodeUtteranceLatticeFaster():decoder-wrappers.cc:289) Log-like per frame for utterance ff56a221-12fb-4ffe-9d58-bfb7531f8b9d-148913826 is -4.76797 over 1352 frames.
ff56a221-12fb-4ffe-9d58-bfb7531f8b9d-149014206 DIE ZUR DARUM WURDE DIE FUNDSTELLE ANZAHL TECH FALL DER LIEGT MIT ALLEM UNTER DURCH OBEN BREITE GESICHERT UND DEN EINRÄUMT VORSCHLAG VERPACKT IM ZUM SEHR UND TRANSPORTIERT 
LOG (gmm-latgen-faster[5.5.513~2-b5f4cf]:DecodeUtteranceLatticeFaster():decoder-wrappers.cc:289) Log-like per frame for utterance ff56a221-12fb-4ffe-9d58-bfb7531f8b9d-149014206 is -4.61775 over 1343 frames.
ff56a221-12fb-4ffe-9d58-bfb7531f8b9d-149113496 EINDEUTIG EIN BERICHT DER SIEGER 
LOG (gmm-latgen-faster[5.5.513~2-b5f4cf]:DecodeUtteranceLatticeFaster():decoder-wrappers.cc:289) Log-like per frame for utterance ff56a221-12fb-4ffe-9d58-bfb7531f8b9d-149113496 is -4.18075 over 333 frames.
ff56a221-12fb-4ffe-9d58-bfb7531f8b9d-149214416 DIE DEN LETZTEN DES DRUCK GEGEN AUFTRITT HATTE DIE LINKE ALS DIE DEMNACH DER RECHTS KONSERVATIVEN NIEDERSACHSEN WOHL FÜR INS AMT DURCH EG IN BIETEN 
LOG (gmm-latgen-faster[5.5.513~2-b5f4cf]:DecodeUtteranceLatticeFaster():decoder-wrappers.cc:289) Log-like per frame for utterance ff56a221-12fb-4ffe-9d58-bfb7531f8b9d-149214416 is -4.50877 over 1319 frames.
ff56a221-12fb-4ffe-9d58-bfb7531f8b9d-149314381 DIE EINERSEITS MÜSSEN VIER SEHR PARK AN DER VERBESSERUNG VON SPORT ICH IM AKTIVITÄTEN TUN UND ANREGUNGEN ZU SPORT LÄCHELN AKTIVITÄTEN BEI ERWACHSENEN ARBEITEN ANDERERSEITS MÜSSEN WIR MIT ERNEUERUNG ZU LEITLINIEN ICH DER VORSICHTIG WAREN 
LOG (gmm-latgen-faster[5.5.513~2-b5f4cf]:DecodeUtteranceLatticeFaster():decoder-wrappers.cc:289) Log-like per frame for utterance ff56a221-12fb-4ffe-9d58-bfb7531f8b9d-149314381 is -4.56298 over 1733 frames.
ff56a221-12fb-4ffe-9d58-bfb7531f8b9d-149412131 SEHR GERATEN HEER DURCH WEIT SEI DER ADLER VERWENDUNG KANN LIEBE KOLLEGEN UND KOLLEGIN DAS EUROPÄISCHEN PARLAMENT KANN MIT GENUG TUN BEHAUPTEN DAS DER EURO RAUM EIN SCHÜSSE ELEMENT FÜR STABILITÄT ÜBER WELTWIRTSCHAFT ERSTRECKT ACHT 
LOG (gmm-latgen-faster[5.5.513~2-b5f4cf]:DecodeUtteranceLatticeFaster():decoder-wrappers.cc:289) Log-like per frame for utterance ff56a221-12fb-4ffe-9d58-bfb7531f8b9d-149412131 is -4.45976 over 1813 frames.
ff56a221-12fb-4ffe-9d58-bfb7531f8b9d-149512556 DAS ÜBERTRIFFT SOLLTEN IST IN DER FÜHRTEN KLASSE IST WIRD ABSTAND DER HÄUFIGSTE GRUND AUS DEN ENTLANG EINEN ANWALT EINSCHALTEN 
LOG (gmm-latgen-faster[5.5.513~2-b5f4cf]:DecodeUtteranceLatticeFaster():decoder-wrappers.cc:289) Log-like per frame for utterance ff56a221-12fb-4ffe-9d58-bfb7531f8b9d-149512556 is -4.51488 over 945 frames.
ff56a221-12fb-4ffe-9d58-bfb7531f8b9d-149613741 WAS DIE FÖRDERUNG BETRIFFT SO STEHEN WIRD ZWAR ALLEN KONSTRUKTIVEN VORSCHLÄGEN OFFEN GEGENÜBER DOCH SIND FÜR WIE ICH BEREITS ERWÄHNTE DEN GRUNDSATZ DER GEZIELT IN FÖRDERUNG VON GEMEINSCHAFT ÜBERZEUGT MÜSSEN MIT KLARER KONNTEN KÖNNEN WAHRER QUALITÄT VERPFLICHTET 
LOG (gmm-latgen-faster[5.5.513~2-b5f4cf]:DecodeUtteranceLatticeFaster():decoder-wrappers.cc:289) Log-like per frame for utterance ff56a221-12fb-4ffe-9d58-bfb7531f8b9d-149613741 is -4.53408 over 1822 frames.
ff56a221-12fb-4ffe-9d58-bfb7531f8b9d-149715051 DANKE VOR UND SEINE SCHNELL STÄRKEREN WIEDER IHRE MENSCH UND IRLANDS STREITPUNKT MACHEN ROLLE KOMMT ZEHEN HAGUE GETRENNT DAS DIE EINEN VERKAUF ABGELEHNT FÜR UND REFORM DAMIT GEWALT VERSUCHTE SICH DAS LAND UNTER DEN LAGE ZU REICHEN 
LOG (gmm-latgen-faster[5.5.513~2-b5f4cf]:DecodeUtteranceLatticeFaster():decoder-wrappers.cc:289) Log-like per frame for utterance ff56a221-12fb-4ffe-9d58-bfb7531f8b9d-149715051 is -4.34166 over 2034 frames.
ff56a221-12fb-4ffe-9d58-bfb7531f8b9d-149810481 MAN HAT AUF DIE JAHREN SEIT DER GEBURT ZU ZIEL UND VERGANGENEN DAS LEBEN IN HINSICHT AUF DIE ZEIT IN NACH ZUNEHMEND BLEIBT ZU ZWINGEN 
LOG (gmm-latgen-faster[5.5.513~2-b5f4cf]:DecodeUtteranceLatticeFaster():decoder-wrappers.cc:289) Log-like per frame for utterance ff56a221-12fb-4ffe-9d58-bfb7531f8b9d-149810481 is -4.36734 over 1039 frames.
ff56a221-12fb-4ffe-9d58-bfb7531f8b9d-149910386 HANDELT DIE BRITISCHE REGIERUNG NICHT BALD SO IST IN DEMNÄCHST MONATEN OFTMALS MIT ALLEM RÜCKGANG UM FÜNFUNDZWANZIG PROZENT GREIFEN 
LOG (gmm-latgen-faster[5.5.513~2-b5f4cf]:DecodeUtteranceLatticeFaster():decoder-wrappers.cc:289) Log-like per frame for utterance ff56a221-12fb-4ffe-9d58-bfb7531f8b9d-149910386 is -4.35853 over 1055 frames.
ff56a221-12fb-4ffe-9d58-bfb7531f8b9d-150010006 DER BAUTE NEUEN HALLE GEGEN AUF EINEN GEMEINSAMEN BESCHLUSS BIS TUN VEREINT UND DURCH ÖRTLICHEN GRÖßERES VEREINT VON MEINUNG FÜNFUNDZWANZIG ZURÜCK 
LOG (gmm-latgen-faster[5.5.513~2-b5f4cf]:DecodeUtteranceLatticeFaster():decoder-wrappers.cc:289) Log-like per frame for utterance ff56a221-12fb-4ffe-9d58-bfb7531f8b9d-150010006 is -4.38538 over 1141 frames.
ff56a221-12fb-4ffe-9d58-bfb7531f8b9d-150113846 KINDER UND JUGENDLICHE VERLETZEN SICH DEUTLICH HÄUFIGER ALS ERWACHSENE FÄLLEN SIE GEFÄHRLICHE ARBEITEN FÜR RECHTEN 
LOG (gmm-latgen-faster[5.5.513~2-b5f4cf]:DecodeUtteranceLatticeFaster():decoder-wrappers.cc:289) Log-like per frame for utterance ff56a221-12fb-4ffe-9d58-bfb7531f8b9d-150113846 is -4.36595 over 803 frames.
ff56a221-12fb-4ffe-9d58-bfb7531f8b9d-150211091 DIE GEGENÜBER DIESER BEDROHUNG GELANG DEM POLNISCHEN FÜHRER WIRD ZU UND KRIEG WERDEN APRIL NEUNZEHNHUNDERTZWANZIG DER ABSCHLUSS EINES BÜNDNISSES MIT DEMNACH WURDEN GEFUNDEN PROGRAMME IN MISCHEN NATIONALE MÜSSEN SÜDEN ROM WIRD DIE JUNGE WAR IN 
LOG (gmm-latgen-faster[5.5.513~2-b5f4cf]:DecodeUtteranceLatticeFaster():decoder-wrappers.cc:289) Log-like per frame for utterance ff56a221-12fb-4ffe-9d58-bfb7531f8b9d-150211091 is -4.42455 over 1937 frames.
ff56a221-12fb-4ffe-9d58-bfb7531f8b9d-150313881 VERLASSEN OFFEN WELCHE ROLLE DER STARKEN ZUKUNFT SPIELEN SOLLTEN 
LOG (gmm-latgen-faster[5.5.513~2-b5f4cf]:DecodeUtteranceLatticeFaster():decoder-wrappers.cc:289) Log-like per frame for utterance ff56a221-12fb-4ffe-9d58-bfb7531f8b9d-150313881 is -4.56408 over 560 frames.
ff56a221-12fb-4ffe-9d58-bfb7531f8b9d-150412796 DIE DIE BEKÄMPFUNG DIESER LÄNDLICHEN FORM DES ORGANISIERTEN VERBRECHENS UNTER VERLETZUNG DER MENSCHENRECHTE AN FRAUEN IST ANFRAGE AUF DIE ICH ZWEITE ICH NEU FÜR VOM NEUNZIG KOMMISSARIN WURDE FIEL ZEIT UND ENERGIE AUFGEWENDET HABEN 
LOG (gmm-latgen-faster[5.5.513~2-b5f4cf]:DecodeUtteranceLatticeFaster():decoder-wrappers.cc:289) Log-like per frame for utterance ff56a221-12fb-4ffe-9d58-bfb7531f8b9d-150412796 is -4.57797 over 1856 frames.
ff56a221-12fb-4ffe-9d58-bfb7531f8b9d-150511706 WENDIG DIE RECHT VERSTANDEN HABE DANN SIND DIE ZWAR AUSFÜHRLICH AUF DIESE FRAGE EINGEGANGEN ABER SCHWANZ ÜBERNOMMEN NICHT AUF DAS PARLAMENT MIT EINER MITTEILUNG VON IN RECHNUNG KANN 
LOG (gmm-latgen-faster[5.5.513~2-b5f4cf]:DecodeUtteranceLatticeFaster():decoder-wrappers.cc:289) Log-like per frame for utterance ff56a221-12fb-4ffe-9d58-bfb7531f8b9d-150511706 is -4.43392 over 1202 frames.
ff56a221-12fb-4ffe-9d58-bfb7531f8b9d-150611586 UNTER ANDEREM ABHÄNGIG VON DER DURCH LETZTEN ENTWICKLUNG SORGEN ZUNEHMEND WERDEN DIE METER AKTION IN ANZAHL UND AUCH FESTGELEGTEN 
LOG (gmm-latgen-faster[5.5.513~2-b5f4cf]:DecodeUtteranceLatticeFaster():decoder-wrappers.cc:289) Log-like per frame for utterance ff56a221-12fb-4ffe-9d58-bfb7531f8b9d-150611586 is -4.41232 over 1059 frames.
ff56a221-12fb-4ffe-9d58-bfb7531f8b9d-150711331 REICH ENTFERNT SEIDIG GEWONNEN WIRD 
LOG (gmm-latgen-faster[5.5.513~2-b5f4cf]:DecodeUtteranceLatticeFaster():decoder-wrappers.cc:289) Log-like per frame for utterance ff56a221-12fb-4ffe-9d58-bfb7531f8b9d-150711331 is -3.99292 over 420 frames.
ff56a221-12fb-4ffe-9d58-bfb7531f8b9d-150814006 ICH WERKE DAS WIR ANDERE ARTEN VON ICH LANDES NEUEN IN ERWÄGUNGEN ZEHEN MÜSSEN UND OBWOHL BELAGERUNG STELLENDEN WIR WAR ROLLE SPIELEN KÖNNEN MÜSSEN DER ANDERER ARTEN VON LAGE UMSTÄNDEN ALS INTERVENTIONEN ZU VERSCHWENDET AUF DEN MARKT IN BETRACHT GEGEN WIE FÜR SIE IN DER VERGANGENHEIT HATTEN 
LOG (gmm-latgen-faster[5.5.513~2-b5f4cf]:DecodeUtteranceLatticeFaster():decoder-wrappers.cc:289) Log-like per frame for utterance ff56a221-12fb-4ffe-9d58-bfb7531f8b9d-150814006 is -4.43503 over 2085 frames.
ff56a221-12fb-4ffe-9d58-bfb7531f8b9d-150912186 PROBLEMATISCH ERSCHEINEN DER ERLEBTEN ICH MUT DIE AUCH FELL SCHIENEN WICHTIG DER SITUATION BEZIEHUNGSWEISE 
LOG (gmm-latgen-faster[5.5.513~2-b5f4cf]:DecodeUtteranceLatticeFaster():decoder-wrappers.cc:289) Log-like per frame for utterance ff56a221-12fb-4ffe-9d58-bfb7531f8b9d-150912186 is -4.33243 over 1001 frames.
ff56a221-12fb-4ffe-9d58-bfb7531f8b9d-151010311 SO MUSS UNSERE ZUSAMMENARBEIT ABLAUFEN 
LOG (gmm-latgen-faster[5.5.513~2-b5f4cf]:DecodeUtteranceLatticeFaster():decoder-wrappers.cc:289) Log-like per frame for utterance ff56a221-12fb-4ffe-9d58-bfb7531f8b9d-151010311 is -3.94092 over 449 frames.
ff56a221-12fb-4ffe-9d58-bfb7531f8b9d-151113601 ERST RELATIV LANG UND SCHMAL DER EUROPAS SCHNABEL MÜSSEN SCHWACH GEDRUCKT 
LOG (gmm-latgen-faster[5.5.513~2-b5f4cf]:DecodeUtteranceLatticeFaster():decoder-wrappers.cc:289) Log-like per frame for utterance ff56a221-12fb-4ffe-9d58-bfb7531f8b9d-151113601 is -4.06878 over 601 frames.
ff56a221-12fb-4ffe-9d58-bfb7531f8b9d-151210661 NACHDEM TRINKEN KLAREN KOPF 
LOG (gmm-latgen-faster[5.5.513~2-b5f4cf]:DecodeUtteranceLatticeFaster():decoder-wrappers.cc:289) Log-like per frame for utterance ff56a221-12fb-4ffe-9d58-bfb7531f8b9d-151210661 is -4.00161 over 352 frames.
ff56a221-12fb-4ffe-9d58-bfb7531f8b9d-151313476 DER RAT DIE MIT MINISTER DER MITGLIED LÄNDER HABEN EINE SCHAUEN ZU FOLGT AUS WEIBCHEN ZU STELLEN AUCH ZU OFFEN WAS IHRE BEVÖLKERUNG MÖCHTE 
LOG (gmm-latgen-faster[5.5.513~2-b5f4cf]:DecodeUtteranceLatticeFaster():decoder-wrappers.cc:289) Log-like per frame for utterance ff56a221-12fb-4ffe-9d58-bfb7531f8b9d-151313476 is -4.37351 over 1056 frames.
ff56a221-12fb-4ffe-9d58-bfb7531f8b9d-151413031 DER TREND AUF DEM ARBEITSMARKT GEHT DEM ALLEM INDUSTRIE NATIONEN IN RICHTUNG HOCHQUALIFIZIERT KOCHEN 
LOG (gmm-latgen-faster[5.5.513~2-b5f4cf]:DecodeUtteranceLatticeFaster():decoder-wrappers.cc:289) Log-like per frame for utterance ff56a221-12fb-4ffe-9d58-bfb7531f8b9d-151413031 is -4.42447 over 815 frames.
LOG (apply-cmvn[5.5.513~2-b5f4cf]:main():apply-cmvn.cc:162) Applied cepstral mean normalization to 259 utterances, errors on 0
ff56a221-12fb-4ffe-9d58-bfb7531f8b9d-151511466 OFFENSICHTLICH WAR MAN IN MEXIKO DAVON AUSGEGANGEN DAS EINE EINMALIGE WIEDER ERFÜLLUNG AUSREICHEND UMGEHEND VORGABEN DES DEUTSCHEN MEHR KRIEG SYSTEMS ZU GENÜGEN 
LOG (gmm-latgen-faster[5.5.513~2-b5f4cf]:DecodeUtteranceLatticeFaster():decoder-wrappers.cc:289) Log-like per frame for utterance ff56a221-12fb-4ffe-9d58-bfb7531f8b9d-151511466 is -4.4098 over 1218 frames.
ff56a221-12fb-4ffe-9d58-bfb7531f8b9d-151610526 THEORETISCH FALL DIESE KRAFTFAHRZEUG UNTER DIE RICHTLINIE MANGELS DEREN ANWENDUNG SIE DIE PRAXIS JEDOCH GANZ AN MACHT AUS 
LOG (gmm-latgen-faster[5.5.513~2-b5f4cf]:DecodeUtteranceLatticeFaster():decoder-wrappers.cc:289) Log-like per frame for utterance ff56a221-12fb-4ffe-9d58-bfb7531f8b9d-151610526 is -4.38134 over 933 frames.
ff56a221-12fb-4ffe-9d58-bfb7531f8b9d-151712886 AUFFALLEND ES BEI DER PARK DAS OFTMALS AUSGEPRÄGT DARF FESTHALTEN AM EINEN BESTIMMTEN PRO BLATT 
LOG (gmm-latgen-faster[5.5.513~2-b5f4cf]:DecodeUtteranceLatticeFaster():decoder-wrappers.cc:289) Log-like per frame for utterance ff56a221-12fb-4ffe-9d58-bfb7531f8b9d-151712886 is -4.43052 over 814 frames.
LOG (transform-feats[5.5.513~2-b5f4cf]:main():transform-feats.cc:158) Overall average [pseudo-]logdet is -88.995 over 231305 frames.
LOG (transform-feats[5.5.513~2-b5f4cf]:main():transform-feats.cc:161) Applied transform to 259 utterances; 0 had errors.
ff56a221-12fb-4ffe-9d58-bfb7531f8b9d-151812176 DER ZUR QUELLE DENEN KANN GEHE NICHT ZUM WASSER TOPF 
LOG (gmm-latgen-faster[5.5.513~2-b5f4cf]:DecodeUtteranceLatticeFaster():decoder-wrappers.cc:289) Log-like per frame for utterance ff56a221-12fb-4ffe-9d58-bfb7531f8b9d-151812176 is -4.28746 over 507 frames.
ff56a221-12fb-4ffe-9d58-bfb7531f8b9d-151913006 
LOG (gmm-latgen-faster[5.5.513~2-b5f4cf]:DecodeUtteranceLatticeFaster():decoder-wrappers.cc:289) Log-like per frame for utterance ff56a221-12fb-4ffe-9d58-bfb7531f8b9d-151913006 is -3.27263 over 36 frames.
LOG (gmm-latgen-faster[5.5.513~2-b5f4cf]:main():gmm-latgen-faster.cc:176) Time taken 705.88s: real-time factor assuming 100 frames/sec is 0.305173
LOG (gmm-latgen-faster[5.5.513~2-b5f4cf]:main():gmm-latgen-faster.cc:179) Done 259 utterances, failed for 0
LOG (gmm-latgen-faster[5.5.513~2-b5f4cf]:main():gmm-latgen-faster.cc:181) Overall log-likelihood per frame is -4.51302 over 231305 frames.
# Accounting: time=706 threads=1
# Ended (code 0) at Wed Jan 15 09:08:36 CET 2020, elapsed time 706 seconds
