# gmm-latgen-faster --max-active=7000 --beam=13.0 --lattice-beam=6.0 --acoustic-scale=0.083333 --allow-partial=true --word-symbol-table=exp/tri4a/graph/words.txt exp/tri4a/final.mdl exp/tri4a/graph/HCLG.fst "ark,s,cs:apply-cmvn  --utt2spk=ark:data/test/split4/2/utt2spk scp:data/test/split4/2/cmvn.scp scp:data/test/split4/2/feats.scp ark:- | splice-feats  ark:- ark:- | transform-feats exp/tri4a/final.mat ark:- ark:- |" "ark:|gzip -c > exp/tri4a/decode/lat.2.gz" 
# Started at Wed Jan 15 08:56:50 CET 2020
#
gmm-latgen-faster --max-active=7000 --beam=13.0 --lattice-beam=6.0 --acoustic-scale=0.083333 --allow-partial=true --word-symbol-table=exp/tri4a/graph/words.txt exp/tri4a/final.mdl exp/tri4a/graph/HCLG.fst 'ark,s,cs:apply-cmvn  --utt2spk=ark:data/test/split4/2/utt2spk scp:data/test/split4/2/cmvn.scp scp:data/test/split4/2/feats.scp ark:- | splice-feats  ark:- ark:- | transform-feats exp/tri4a/final.mat ark:- ark:- |' 'ark:|gzip -c > exp/tri4a/decode/lat.2.gz' 
transform-feats exp/tri4a/final.mat ark:- ark:- 
splice-feats ark:- ark:- 
apply-cmvn --utt2spk=ark:data/test/split4/2/utt2spk scp:data/test/split4/2/cmvn.scp scp:data/test/split4/2/feats.scp ark:- 
43889a1c-06d2-4540-9e45-9bd9ea9cfb67-151910371 UND DEN PALÄSTINENSISCHEN RECHTE ZU GEBEN 
LOG (gmm-latgen-faster[5.5.513~2-b5f4cf]:DecodeUtteranceLatticeFaster():decoder-wrappers.cc:289) Log-like per frame for utterance 43889a1c-06d2-4540-9e45-9bd9ea9cfb67-151910371 is -4.56901 over 303 frames.
43889a1c-06d2-4540-9e45-9bd9ea9cfb67-194110001 ES GIBT ALLERDINGS AUF DENEN DEN JAPANISCHEN EINFACH SIND 
LOG (gmm-latgen-faster[5.5.513~2-b5f4cf]:DecodeUtteranceLatticeFaster():decoder-wrappers.cc:289) Log-like per frame for utterance 43889a1c-06d2-4540-9e45-9bd9ea9cfb67-194110001 is -4.28281 over 507 frames.
43889a1c-06d2-4540-9e45-9bd9ea9cfb67-194210081 FRANKREICH IST EIN SICHER HABE HAT ES KANN EINE SEINE SCHULDEN ZURÜCKZAHLEN UND DAS DEFIZITE VIERZIG ZULETZT BESSER ENTWICKELT ALS ERWARTET 
LOG (gmm-latgen-faster[5.5.513~2-b5f4cf]:DecodeUtteranceLatticeFaster():decoder-wrappers.cc:289) Log-like per frame for utterance 43889a1c-06d2-4540-9e45-9bd9ea9cfb67-194210081 is -4.54894 over 970 frames.
43889a1c-06d2-4540-9e45-9bd9ea9cfb67-194312236 IM ERGEBNIS DIESER SENDUNG UND ALS DAS FÜR PERSONELLE UND VERWALTUNG FÄLLT WÜNSCHE ANGELEGENHEITEN ZUSTÄNDE KOCH KOCH KOMMISSIONSMITGLIED WEICH VERPFLICHTET FRAU GRAD IM UND HABEN RAT SCHRIFTLICH UM EINE BESTÄTIGUNG UND ERNEUTEN ROM DER FRAGE ORT WARUM ZU WIDMEN DAMIT DIE KOMMISSION ENTSCHEIDEN KONNTE AUCH DIE FRAGLICHEN ÄNDERUNG MAßNAHMEN ZWEITENS DER KOMMISSION ERFORDERN ODER NICHT DAS HABE ICH AM ZWEIUNDZWANZIG NOVEMBER GETAN 
LOG (gmm-latgen-faster[5.5.513~2-b5f4cf]:DecodeUtteranceLatticeFaster():decoder-wrappers.cc:289) Log-like per frame for utterance 43889a1c-06d2-4540-9e45-9bd9ea9cfb67-194312236 is -4.5723 over 3164 frames.
43889a1c-06d2-4540-9e45-9bd9ea9cfb67-194414856 JUNI ACHT ZUR BEACHTUNG ACHTZIG DURCH DIE BELGISCHEN KÖNNEN PRIORITÄT ZWEITEN VÖLLIG ERÖFFNET 
LOG (gmm-latgen-faster[5.5.513~2-b5f4cf]:DecodeUtteranceLatticeFaster():decoder-wrappers.cc:289) Log-like per frame for utterance 43889a1c-06d2-4540-9e45-9bd9ea9cfb67-194414856 is -4.38234 over 769 frames.
43889a1c-06d2-4540-9e45-9bd9ea9cfb67-194511281 DAS IST EIN HISTORISCHER SIEBEN 
LOG (gmm-latgen-faster[5.5.513~2-b5f4cf]:DecodeUtteranceLatticeFaster():decoder-wrappers.cc:289) Log-like per frame for utterance 43889a1c-06d2-4540-9e45-9bd9ea9cfb67-194511281 is -4.23771 over 330 frames.
43889a1c-06d2-4540-9e45-9bd9ea9cfb67-194610131 ES SEHR GEHT VIER DIE AUFFORDERUNG ANGEHT MÄNNCHEN ICH STÄNDIG IM WAR INDEM LAUFE DER GESCHICHTE ALLZU GREIFEN ZUFOLGE DA SICH DER RICHTIGE ZUSTAND VON SELBST EIN STELLE DER NEUEN DER GESCHICHTE NUR DIE MÖGLICHKEIT EINZUBINDEN 
LOG (gmm-latgen-faster[5.5.513~2-b5f4cf]:DecodeUtteranceLatticeFaster():decoder-wrappers.cc:289) Log-like per frame for utterance 43889a1c-06d2-4540-9e45-9bd9ea9cfb67-194610131 is -4.45506 over 1577 frames.
43889a1c-06d2-4540-9e45-9bd9ea9cfb67-194714521 DAS VORHANDENSEIN VON HABEN NUN IM FLEISCH PERFEKT DER HALTE SCHOKOLADE DER KONSUM VON ROM DURCH THESEN DER EINSATZ VON KANNST GENÜGEN SAGT GUT SIND BEREICHE DIE SOWOHL FÜR DIE BÜRGER ALS AUCH FÜR DEN ABGEORDNETEN DEN ERZEUGER UND INSBESONDERE FÜR DEHNTE GESETZGEBER VON GROßER BEDEUTUNG ZU UND 
LOG (gmm-latgen-faster[5.5.513~2-b5f4cf]:DecodeUtteranceLatticeFaster():decoder-wrappers.cc:289) Log-like per frame for utterance 43889a1c-06d2-4540-9e45-9bd9ea9cfb67-194714521 is -4.55238 over 2320 frames.
43889a1c-06d2-4540-9e45-9bd9ea9cfb67-194814861 DAS MÄNNCHEN MIT DEM TEILEN AUCH IN 
LOG (gmm-latgen-faster[5.5.513~2-b5f4cf]:DecodeUtteranceLatticeFaster():decoder-wrappers.cc:289) Log-like per frame for utterance 43889a1c-06d2-4540-9e45-9bd9ea9cfb67-194814861 is -4.11452 over 383 frames.
43889a1c-06d2-4540-9e45-9bd9ea9cfb67-194913376 HERR PRÄSIDENTIN DIE BILDER DER ÜBER FÖRDERUNG DES VERGANGENEN SOLL MAßEN PAKISTAN WAREN ANDERTHALB ZUR TIEREN UND DIE EUROPÄISCHE UNION HEUTE HILF MAßNAHMEN UMSETZEN UM DEN MILLIONEN PAKISTAN NAHM ZU HELFEN DEREN LEBEN VON DIESER SCHRECKLICHEN KATASTROPHE ZERSTÖRT WURDEN 
LOG (gmm-latgen-faster[5.5.513~2-b5f4cf]:DecodeUtteranceLatticeFaster():decoder-wrappers.cc:289) Log-like per frame for utterance 43889a1c-06d2-4540-9e45-9bd9ea9cfb67-194913376 is -4.57002 over 1856 frames.
43889a1c-06d2-4540-9e45-9bd9ea9cfb67-195014331 ICH HIER MUSS UNSERER AGENTUR UNSERER GESCHÄFTSMODELL AUSDEHNUNG DAMIT WERDEN KONKURRENZ KOMMT NICHT VERLIEREN 
LOG (gmm-latgen-faster[5.5.513~2-b5f4cf]:DecodeUtteranceLatticeFaster():decoder-wrappers.cc:289) Log-like per frame for utterance 43889a1c-06d2-4540-9e45-9bd9ea9cfb67-195014331 is -4.67817 over 712 frames.
43889a1c-06d2-4540-9e45-9bd9ea9cfb67-195110851 IMMERHIN GILT ES UM NICHT WENIGER AKTIONSPLÄNEN VON MENSCHEN 
LOG (gmm-latgen-faster[5.5.513~2-b5f4cf]:DecodeUtteranceLatticeFaster():decoder-wrappers.cc:289) Log-like per frame for utterance 43889a1c-06d2-4540-9e45-9bd9ea9cfb67-195110851 is -3.92035 over 570 frames.
43889a1c-06d2-4540-9e45-9bd9ea9cfb67-195214531 ER IST DEN STEHE DES FELL BEKANNT NUN MAL DA GRAD ALPINE WAR ZU REHE IMMER ENTSPRECHEND EIN SEHR MUSCULUS WAR CHARAKTER UND TROTZ SEINES JUNGEN JAHR ALTE AUS EIN AUSGEZEICHNETER KANN FAHR IM UMGANG UND SEINER WAFFE DEN KARTHAGO WAR 
LOG (gmm-latgen-faster[5.5.513~2-b5f4cf]:DecodeUtteranceLatticeFaster():decoder-wrappers.cc:289) Log-like per frame for utterance 43889a1c-06d2-4540-9e45-9bd9ea9cfb67-195214531 is -4.51428 over 1847 frames.
43889a1c-06d2-4540-9e45-9bd9ea9cfb67-195312121 DAS HABEN DEN NICHT ERREICHEN WURDEN 
LOG (gmm-latgen-faster[5.5.513~2-b5f4cf]:DecodeUtteranceLatticeFaster():decoder-wrappers.cc:289) Log-like per frame for utterance 43889a1c-06d2-4540-9e45-9bd9ea9cfb67-195312121 is -3.95045 over 291 frames.
43889a1c-06d2-4540-9e45-9bd9ea9cfb67-195413131 UND ADLER IN UNSERE KLEINASIEN ZUM SIND ÖFFENTLICHEN UND ES IST VIER EIN SEHR SCHLECHTER EINDRUCK MIT STARKEN 
LOG (gmm-latgen-faster[5.5.513~2-b5f4cf]:DecodeUtteranceLatticeFaster():decoder-wrappers.cc:289) Log-like per frame for utterance 43889a1c-06d2-4540-9e45-9bd9ea9cfb67-195413131 is -4.3879 over 909 frames.
43889a1c-06d2-4540-9e45-9bd9ea9cfb67-195512721 EIN PROBLEM KÖNNEN EINEN WACHSENDEM WAREN BESTEHEN 
LOG (gmm-latgen-faster[5.5.513~2-b5f4cf]:DecodeUtteranceLatticeFaster():decoder-wrappers.cc:289) Log-like per frame for utterance 43889a1c-06d2-4540-9e45-9bd9ea9cfb67-195512721 is -4.24057 over 431 frames.
43889a1c-06d2-4540-9e45-9bd9ea9cfb67-195614961 WIR HABEN X BREMEN REICHTUM AUF DER EINS WEITER UND GROßEN ÖFFENTLICHEN ARMUT AUF DER AN UND SOLLTEN 
LOG (gmm-latgen-faster[5.5.513~2-b5f4cf]:DecodeUtteranceLatticeFaster():decoder-wrappers.cc:289) Log-like per frame for utterance 43889a1c-06d2-4540-9e45-9bd9ea9cfb67-195614961 is -4.32409 over 799 frames.
43889a1c-06d2-4540-9e45-9bd9ea9cfb67-195712446 HINGEGEN BEREICH DES STRAFRECHT EINIGE VERLAUF BESCHRÄNKTE WIRD DEN FLUG MÖCHTE ALPEN SOLL DANN SOLLTEN SICH DIESER AN GRUNDSÄTZLICHEN UND ESSEN FÄLLEN REGELUNGEN ORIENTIEREN DIE DIE MÄNNCHEN MÖCHTE VON UNSERE BÜRGER GARANTIEN 
LOG (gmm-latgen-faster[5.5.513~2-b5f4cf]:DecodeUtteranceLatticeFaster():decoder-wrappers.cc:289) Log-like per frame for utterance 43889a1c-06d2-4540-9e45-9bd9ea9cfb67-195712446 is -4.45078 over 1722 frames.
43889a1c-06d2-4540-9e45-9bd9ea9cfb67-195812906 DURCH DIE VON IHM EINGESTELLT DER REDLICHKEIT GEGEN DIE ERFÄHRT DIE NUN ICH VERDRÄNGT DER DIE URSPRÜNGLICHE GERÄT FRAUEN 
LOG (gmm-latgen-faster[5.5.513~2-b5f4cf]:DecodeUtteranceLatticeFaster():decoder-wrappers.cc:289) Log-like per frame for utterance 43889a1c-06d2-4540-9e45-9bd9ea9cfb67-195812906 is -4.2945 over 1147 frames.
4a831451-c0c2-44e7-b425-4467307a29e6-160112651 ZWEITENS WURDE ES PROJEKTE IN VIELE LÄNDERN ALS AUCH AN WEITERER VERSUCHE AUFGEFASST EIN EUROPA DER ZWEITE SCHNELLIGKEIT ZU SCHAFFEN IST INNERSTER KEHREN AUS IN WIRTSCHAFTLICH WETTBEWERBSFÄHIG LÄNDERN BESTEHT FÜR 
LOG (gmm-latgen-faster[5.5.513~2-b5f4cf]:DecodeUtteranceLatticeFaster():decoder-wrappers.cc:289) Log-like per frame for utterance 4a831451-c0c2-44e7-b425-4467307a29e6-160112651 is -5.1555 over 1191 frames.
4a831451-c0c2-44e7-b425-4467307a29e6-160211971 EIN DIESE IST IN FINANZMÄRKTE DAS IST GEFÖRDERT GROßTEIL UND KABEL WIESBADEN VOR ALLEM DURCH UND DIE KNIE LUST BEKANNTHEIT ERLANGT HATTEN 
LOG (gmm-latgen-faster[5.5.513~2-b5f4cf]:DecodeUtteranceLatticeFaster():decoder-wrappers.cc:289) Log-like per frame for utterance 4a831451-c0c2-44e7-b425-4467307a29e6-160211971 is -5.11636 over 878 frames.
4a831451-c0c2-44e7-b425-4467307a29e6-160314051 NATÜRLICH MÜSSEN NOCH AN DER EINE ODER ANDERE STELLE NACH GEWISSER ER ABER INSGESAMT SEITDEM UMSTELLUNG VON ERFOLGREICH DIE WIESEN DER 
LOG (gmm-latgen-faster[5.5.513~2-b5f4cf]:DecodeUtteranceLatticeFaster():decoder-wrappers.cc:289) Log-like per frame for utterance 4a831451-c0c2-44e7-b425-4467307a29e6-160314051 is -5.18491 over 728 frames.
4a831451-c0c2-44e7-b425-4467307a29e6-160414486 DAS AUF WIRKLICH FÜR FRUSTRATION 
LOG (gmm-latgen-faster[5.5.513~2-b5f4cf]:DecodeUtteranceLatticeFaster():decoder-wrappers.cc:289) Log-like per frame for utterance 4a831451-c0c2-44e7-b425-4467307a29e6-160414486 is -5.21169 over 279 frames.
4a831451-c0c2-44e7-b425-4467307a29e6-160514186 WAS EINS UM WIRD ICH ERSCHIEN IST VON REALITÄT 
LOG (gmm-latgen-faster[5.5.513~2-b5f4cf]:DecodeUtteranceLatticeFaster():decoder-wrappers.cc:289) Log-like per frame for utterance 4a831451-c0c2-44e7-b425-4467307a29e6-160514186 is -4.93985 over 402 frames.
4a831451-c0c2-44e7-b425-4467307a29e6-160612481 DA ZWEI MITTLEREN LANGE ENTWICKLUNG ZEIT HABEN ODER ZEITRAUM IST LASSEN VERFAHREN DURCH LAUFEN MÜSSEN WODURCH DIE ERICH TIERE MACHT ICH SIND SOWIE TÄTIG DEUTLICH VERKÜRZT WIRD WURDEN JEDER EUROPÄISCHEN UNION ABER AUCH IN ANDEREN LÄNDERN ERGÄNZENDE SCHUTZ TÄTIGKEITEN EINGEFÜHRTEN 
LOG (gmm-latgen-faster[5.5.513~2-b5f4cf]:DecodeUtteranceLatticeFaster():decoder-wrappers.cc:289) Log-like per frame for utterance 4a831451-c0c2-44e7-b425-4467307a29e6-160612481 is -5.41704 over 1574 frames.
4a831451-c0c2-44e7-b425-4467307a29e6-160710261 ICH STÄDTE AUCH DER BERICHT ES ABGEORDNETEN GRAD HATTE ZU AUSSPRACHE IN ICH BEI DIESER GELEGENHEIT ZUSAMMEN DOKUMENT ÜBER DIE VERARBEITUNG PERSONEN BEZUG KARTHAGO WILL SCHUTZ DER PRIVATSPHÄRE GUT HIER KOMMUNIKATION ZU BEREICH BEGLÜCKWÜNSCHEN 
LOG (gmm-latgen-faster[5.5.513~2-b5f4cf]:DecodeUtteranceLatticeFaster():decoder-wrappers.cc:289) Log-like per frame for utterance 4a831451-c0c2-44e7-b425-4467307a29e6-160710261 is -5.25238 over 1347 frames.
4a831451-c0c2-44e7-b425-4467307a29e6-160813561 DER WEST TEIL DES BRACH DEN STEHE ES IST VERGRÖßERT WERDEN UMGEBEN DER AUS GREIFEN RUND LÄCHELN AN DEREN AUßENSEITE DAS MIR PUNKTE VERBINDUNG ZWAR VERLÄUFT 
LOG (gmm-latgen-faster[5.5.513~2-b5f4cf]:DecodeUtteranceLatticeFaster():decoder-wrappers.cc:289) Log-like per frame for utterance 4a831451-c0c2-44e7-b425-4467307a29e6-160813561 is -4.86462 over 1039 frames.
4a831451-c0c2-44e7-b425-4467307a29e6-160914086 IN SIE HEUTE DIESER STARK VERFOLGENDEN SOVIEL DIE DIE ANDERE UND WENN SIE HEUTE AUGEN DIESER VERFOLGEN ZU SPIELT WIEDER IN ANDEREN 
LOG (gmm-latgen-faster[5.5.513~2-b5f4cf]:DecodeUtteranceLatticeFaster():decoder-wrappers.cc:289) Log-like per frame for utterance 4a831451-c0c2-44e7-b425-4467307a29e6-160914086 is -4.97111 over 902 frames.
4a831451-c0c2-44e7-b425-4467307a29e6-161012171 AUF IHREM VON ZWANZIG KILOMETER LANGEN LAUF IM DIE DEM ERWARTEN WEIßEN WAR DIE GROßER UND ODER GESTEINE NACH AUF 
LOG (gmm-latgen-faster[5.5.513~2-b5f4cf]:DecodeUtteranceLatticeFaster():decoder-wrappers.cc:289) Log-like per frame for utterance 4a831451-c0c2-44e7-b425-4467307a29e6-161012171 is -4.7936 over 868 frames.
4a831451-c0c2-44e7-b425-4467307a29e6-161113691 EIN PROZESS GEGEN DIE MUTMAßLICHEN TÄTER IST GERNE ES WICHTIGER ALS SCHNELLIGKEIT 
LOG (gmm-latgen-faster[5.5.513~2-b5f4cf]:DecodeUtteranceLatticeFaster():decoder-wrappers.cc:289) Log-like per frame for utterance 4a831451-c0c2-44e7-b425-4467307a29e6-161113691 is -4.61873 over 580 frames.
4a831451-c0c2-44e7-b425-4467307a29e6-161211596 DER GEMEINSCHAFT GEDANKE WURDE JEDOCH UND PARIS BEREITS IN JAHRE NEUNZEHN FÜNFZIG GEBOREN ES DAS WEIT ERFÄHRT ICH WIEDER EUROPÄISCHEN FÜR BEREITS FLUG UM ODER DER VEREINTEN STAATEN VON EUROPA ERSTMALS UMRISSEN WURDEN 
LOG (gmm-latgen-faster[5.5.513~2-b5f4cf]:DecodeUtteranceLatticeFaster():decoder-wrappers.cc:289) Log-like per frame for utterance 4a831451-c0c2-44e7-b425-4467307a29e6-161211596 is -4.92966 over 1340 frames.
4a831451-c0c2-44e7-b425-4467307a29e6-161311871 ICH MÖCHTE SIE BITTEN WILL SIE DIES NICHT BEREITS GETAN HABEN IM PRÄSIDENTEN DER VEREINTEN STAATEN ANRUFEN ZU SCHREIBEN UND IN AUFFORDERN DIE GEGEN THEMEN WEG WENIGEN DEN RECHTSSYSTEME TERRORISTEN UND BAUCH WENIGER VON HOB EROBERTEN VEREINIGTE GROßE SPRACHEN LEBENSLÄNGLICHE ACHTEN ZU BANDEN 
LOG (gmm-latgen-faster[5.5.513~2-b5f4cf]:DecodeUtteranceLatticeFaster():decoder-wrappers.cc:289) Log-like per frame for utterance 4a831451-c0c2-44e7-b425-4467307a29e6-161311871 is -4.98267 over 1835 frames.
4a831451-c0c2-44e7-b425-4467307a29e6-161414346 NOCH NEUNZEHN FÜNFZEHN MIT AN AUCH DER BAUCH EINE KRIEG WAREN HEUTE FÜR GRENZE WEITER LANG MAßNAHMEN ÜBER TORWART DEMNACH RATTENIGEL DIES KNIE ES GEHT BEUTE SECHZEHN VIERZIG GESTELLT WURDE 
LOG (gmm-latgen-faster[5.5.513~2-b5f4cf]:DecodeUtteranceLatticeFaster():decoder-wrappers.cc:289) Log-like per frame for utterance 4a831451-c0c2-44e7-b425-4467307a29e6-161414346 is -5.10871 over 1245 frames.
4a831451-c0c2-44e7-b425-4467307a29e6-161515121 SCHLIEßLICH WERDEN JÄHRLICH ZWANZIG MILLIONEN EURO LEDIGLICH SPD DIE DIE GEBEN 
LOG (gmm-latgen-faster[5.5.513~2-b5f4cf]:DecodeUtteranceLatticeFaster():decoder-wrappers.cc:289) Log-like per frame for utterance 4a831451-c0c2-44e7-b425-4467307a29e6-161515121 is -5.08581 over 517 frames.
4a831451-c0c2-44e7-b425-4467307a29e6-161612741 EUROPA HATTEN DIE ALS ENTWICKLUNGSHILFE ZU BIETEN 
LOG (gmm-latgen-faster[5.5.513~2-b5f4cf]:DecodeUtteranceLatticeFaster():decoder-wrappers.cc:289) Log-like per frame for utterance 4a831451-c0c2-44e7-b425-4467307a29e6-161612741 is -4.14591 over 441 frames.
4a831451-c0c2-44e7-b425-4467307a29e6-161714081 ICH DABEI DREHTE ZU DIESEN ZEITPUNKT WAREN ZU BAROCK PAAR VERKAUFTE ERST SCHIENE AN TEAM JEWEILIGEN 
LOG (gmm-latgen-faster[5.5.513~2-b5f4cf]:DecodeUtteranceLatticeFaster():decoder-wrappers.cc:289) Log-like per frame for utterance 4a831451-c0c2-44e7-b425-4467307a29e6-161714081 is -4.85036 over 761 frames.
4a831451-c0c2-44e7-b425-4467307a29e6-161810216 DER FORTSETZEN DER BAUTE BISCHOFSKONFERENZ ERSTEN SCHULD WOBEI DER VORLIEGT ICH NACH ICH FORDERN AUS DAS SEITDEM BERICHT VORAUSSICHTLICH IN JANUAR ZWEITAUSENDVIERZEHN ERHÄLT AB 
LOG (gmm-latgen-faster[5.5.513~2-b5f4cf]:DecodeUtteranceLatticeFaster():decoder-wrappers.cc:289) Log-like per frame for utterance 4a831451-c0c2-44e7-b425-4467307a29e6-161810216 is -4.94489 over 1159 frames.
4a831451-c0c2-44e7-b425-4467307a29e6-161911866 SELBSTVERSTÄNDLICH GIBT DIES MEHR FORMULIERUNG DES EINEM ODER DES ANDEREN ÄNDERUNGSANTRAG SPIELT UNTERSCHIEDE BRAUCHEN SIE AUF DAS GLEICHEN HINAUS 
LOG (gmm-latgen-faster[5.5.513~2-b5f4cf]:DecodeUtteranceLatticeFaster():decoder-wrappers.cc:289) Log-like per frame for utterance 4a831451-c0c2-44e7-b425-4467307a29e6-161911866 is -4.8528 over 891 frames.
4a831451-c0c2-44e7-b425-4467307a29e6-162013831 ZUGLEICH JEDER ALLES BERUHTEN FALLE REPUTATION WIEDER ER ZU STELLEN 
LOG (gmm-latgen-faster[5.5.513~2-b5f4cf]:DecodeUtteranceLatticeFaster():decoder-wrappers.cc:289) Log-like per frame for utterance 4a831451-c0c2-44e7-b425-4467307a29e6-162013831 is -4.564 over 509 frames.
4a831451-c0c2-44e7-b425-4467307a29e6-162114256 ICH HOFFE DAS HÄPPCHEN HOC DIES DEBATTE VERFOLGT UND SICH DARÜBER GEDANKEN MACHEN WIRD 
LOG (gmm-latgen-faster[5.5.513~2-b5f4cf]:DecodeUtteranceLatticeFaster():decoder-wrappers.cc:289) Log-like per frame for utterance 4a831451-c0c2-44e7-b425-4467307a29e6-162114256 is -4.76347 over 598 frames.
4a831451-c0c2-44e7-b425-4467307a29e6-162212911 UND WIRD ANDEREN AUSGEHEN DAS DIESE OFT VIELLEICHT ABBRUCH PRAKTISCHEN HOHEN AUF DER IGEL DAS ZU BESIEDELTEN JAHR TÄTIG BEINHALTETE IM 
LOG (gmm-latgen-faster[5.5.513~2-b5f4cf]:DecodeUtteranceLatticeFaster():decoder-wrappers.cc:289) Log-like per frame for utterance 4a831451-c0c2-44e7-b425-4467307a29e6-162212911 is -5.36548 over 842 frames.
4a831451-c0c2-44e7-b425-4467307a29e6-162310671 MITTEL DES JAHRES NEUNZEHN SECHZIG ALLES ZWISCHEN IM BEIDEN LÄNDERN ZU EINEM ENDGÜLTIGEN BRUCH UND DIE SO WIRD UNION ZUDEM JULI NEUNZIG SECHZIG IHRE NOCH VERDIENEN RUND FLUGZEUG AUSWIRKT SOWJETISCHEN BERATER HABEN 
LOG (gmm-latgen-faster[5.5.513~2-b5f4cf]:DecodeUtteranceLatticeFaster():decoder-wrappers.cc:289) Log-like per frame for utterance 4a831451-c0c2-44e7-b425-4467307a29e6-162310671 is -4.96507 over 1295 frames.
4a831451-c0c2-44e7-b425-4467307a29e6-162413746 IN GERNE MUSS DAHER FREI SEIN VON VERFAHRENS WENIGSTEN 
LOG (gmm-latgen-faster[5.5.513~2-b5f4cf]:DecodeUtteranceLatticeFaster():decoder-wrappers.cc:289) Log-like per frame for utterance 4a831451-c0c2-44e7-b425-4467307a29e6-162413746 is -4.35821 over 437 frames.
4a831451-c0c2-44e7-b425-4467307a29e6-162511401 ICH STELLT EINE ENORME GEFAHREN GESUNDHEIT WELTWEIT DAR DIE MIT DER BESSER BEHANDLUNG DER KANN TUN MERKWÜRDIGERWEISE AUTO DIE MIT DARÜBER JEDES WAREN DER BETROFFENEN PARK BESSER WAREN UND MÖGLICHKEITEN STEIGEN UND DAMIT AUF DIE DIE FRIEDLICHEN UNS PRO LIEBER GRÖßE WIRD VON 
LOG (gmm-latgen-faster[5.5.513~2-b5f4cf]:DecodeUtteranceLatticeFaster():decoder-wrappers.cc:289) Log-like per frame for utterance 4a831451-c0c2-44e7-b425-4467307a29e6-162511401 is -5.10554 over 1597 frames.
4a831451-c0c2-44e7-b425-4467307a29e6-162613426 DAS HOCH MODERNE GEBÄUDE VERGRÖßERT DIE PRIORITÄT BIS DIE RECHTEN DIES ALLES WEIß STRAßE UND FACH ZUSÄTZLICH BIN MITGLIED DIE GUT LASSEN 
LOG (gmm-latgen-faster[5.5.513~2-b5f4cf]:DecodeUtteranceLatticeFaster():decoder-wrappers.cc:289) Log-like per frame for utterance 4a831451-c0c2-44e7-b425-4467307a29e6-162613426 is -4.93473 over 905 frames.
4a831451-c0c2-44e7-b425-4467307a29e6-162711671 DIES IST EINE WEITERE INTERESSANTE FRAGEN 
LOG (gmm-latgen-faster[5.5.513~2-b5f4cf]:DecodeUtteranceLatticeFaster():decoder-wrappers.cc:289) Log-like per frame for utterance 4a831451-c0c2-44e7-b425-4467307a29e6-162711671 is -4.72939 over 297 frames.
4a831451-c0c2-44e7-b425-4467307a29e6-162811841 ICH SPANIEN DER EUROZONE SIND ALLERDINGS NICHT NEUEN OBWOHL BEKANNT UND 
LOG (gmm-latgen-faster[5.5.513~2-b5f4cf]:DecodeUtteranceLatticeFaster():decoder-wrappers.cc:289) Log-like per frame for utterance 4a831451-c0c2-44e7-b425-4467307a29e6-162811841 is -5.02149 over 522 frames.
4a831451-c0c2-44e7-b425-4467307a29e6-162910151 ERSTMALS SEIT IHRER BREMEN EHREN SEI SUMMEN HATTE WOBEI DIE DER WIEDER DIE UND FÜNFTGRÖßTE VON VIERZEHN MANNSCHAFTEN NACHDEM IN DER VORAUSSETZUNG DEN DREI AB STEIGERT ZWEI AUF STEIGERT FOLGTEN 
LOG (gmm-latgen-faster[5.5.513~2-b5f4cf]:DecodeUtteranceLatticeFaster():decoder-wrappers.cc:289) Log-like per frame for utterance 4a831451-c0c2-44e7-b425-4467307a29e6-162910151 is -4.96231 over 1096 frames.
4a831451-c0c2-44e7-b425-4467307a29e6-163013456 ICH WORT HAT NICHTS MIT GERECHTIGKEIT ZU TUN 
LOG (gmm-latgen-faster[5.5.513~2-b5f4cf]:DecodeUtteranceLatticeFaster():decoder-wrappers.cc:289) Log-like per frame for utterance 4a831451-c0c2-44e7-b425-4467307a29e6-163013456 is -4.47544 over 408 frames.
4a831451-c0c2-44e7-b425-4467307a29e6-163112641 DABEI ALLE GESICHT MEINE BEDEUTENDEN FREUDE DIE ALLE DIESE FRAGE SIND HORSTE SCHWIERIG UND HALTEN 
LOG (gmm-latgen-faster[5.5.513~2-b5f4cf]:DecodeUtteranceLatticeFaster():decoder-wrappers.cc:289) Log-like per frame for utterance 4a831451-c0c2-44e7-b425-4467307a29e6-163112641 is -5.2033 over 653 frames.
4a831451-c0c2-44e7-b425-4467307a29e6-163212841 NACH DETAILS EINER UM DER WECHSELTE ANDERE BEI DEN GEWINNERN AUCH DEN SPIELER DER DIE GEGNERISCHE AN FÜR AUFWAND IN KANN BEI FÜR IHRER TEAM AUF DIE SPIELER BITTE MAßEN PUNKTEN 
LOG (gmm-latgen-faster[5.5.513~2-b5f4cf]:DecodeUtteranceLatticeFaster():decoder-wrappers.cc:289) Log-like per frame for utterance 4a831451-c0c2-44e7-b425-4467307a29e6-163212841 is -4.98869 over 1106 frames.
4a831451-c0c2-44e7-b425-4467307a29e6-163313306 IM MUT ICH AUF EINER PARK 
LOG (gmm-latgen-faster[5.5.513~2-b5f4cf]:DecodeUtteranceLatticeFaster():decoder-wrappers.cc:289) Log-like per frame for utterance 4a831451-c0c2-44e7-b425-4467307a29e6-163313306 is -4.6529 over 335 frames.
4a831451-c0c2-44e7-b425-4467307a29e6-163410776 ERREICHTE FORTSCHRITTE SIND EBENSO TORE KOMMENTIEREN WIE ERFOLGREICH MODELL PROJEKTE AN 
LOG (gmm-latgen-faster[5.5.513~2-b5f4cf]:DecodeUtteranceLatticeFaster():decoder-wrappers.cc:289) Log-like per frame for utterance 4a831451-c0c2-44e7-b425-4467307a29e6-163410776 is -4.81583 over 605 frames.
4a831451-c0c2-44e7-b425-4467307a29e6-163513266 WEIT ANNAHME DAS GELTEN DORT ICH ICH DIE RECHTE UND DIE EHREN 
LOG (gmm-latgen-faster[5.5.513~2-b5f4cf]:DecodeUtteranceLatticeFaster():decoder-wrappers.cc:289) Log-like per frame for utterance 4a831451-c0c2-44e7-b425-4467307a29e6-163513266 is -4.65151 over 499 frames.
4a831451-c0c2-44e7-b425-4467307a29e6-163614246 JE ÄRMER DER VERBRAUCHER CHRISTUS ICH ERGÄNZT DIE LAGE VON IHN MIT JENE DIE PREISE HOCH SIND IN UND DIESER VERBRAUCHER SOLLTE IM ZENTREN DER ENERGIE POLITIK STEHEN DIE BRAUN DIES IN DEM BERICHT VON FRAU IN IST IN 
LOG (gmm-latgen-faster[5.5.513~2-b5f4cf]:DecodeUtteranceLatticeFaster():decoder-wrappers.cc:289) Log-like per frame for utterance 4a831451-c0c2-44e7-b425-4467307a29e6-163614246 is -5.06712 over 1244 frames.
4a831451-c0c2-44e7-b425-4467307a29e6-163713726 DER JURISTISCHE TRÄGER DER FORSCHUNG PUNISCHEN HÄLT GESICHT FÄLLEN UND IHRE EINRICHTUNGEN DER DER SCHNELL GEZIELT ES HOHEN SICHT ALLERDINGS RUHE BIOLOGIE IST HOHEN UND GEZIELT ERFREULICH IST EINE STIFTUNG DIE PROTESTE UND ER DIES GOLDGELB ES DIE TREFFEN WILL STIEG 
LOG (gmm-latgen-faster[5.5.513~2-b5f4cf]:DecodeUtteranceLatticeFaster():decoder-wrappers.cc:289) Log-like per frame for utterance 4a831451-c0c2-44e7-b425-4467307a29e6-163713726 is -5.10799 over 1735 frames.
4a831451-c0c2-44e7-b425-4467307a29e6-163811566 ICH HABEN DIE MEINE WESTEN GEDANKEN ANGELAUFEN UND STELLE KEINE DANKEN DIE RUFEN ER WÄHREND DAS BEI DIE NICHT BEIM DIE MUSS ODER DER 
LOG (gmm-latgen-faster[5.5.513~2-b5f4cf]:DecodeUtteranceLatticeFaster():decoder-wrappers.cc:289) Log-like per frame for utterance 4a831451-c0c2-44e7-b425-4467307a29e6-163811566 is -5.04083 over 789 frames.
4a831451-c0c2-44e7-b425-4467307a29e6-163910191 FUß IST SICH FÜHRT DIE ZEITLICHE ZEITPUNKT ERNEUT GUT DEN DINGE AN VIELEN ORTEN ZU ALLE EINHEITLICHEN MIT ACHTTAUSEND 
LOG (gmm-latgen-faster[5.5.513~2-b5f4cf]:DecodeUtteranceLatticeFaster():decoder-wrappers.cc:289) Log-like per frame for utterance 4a831451-c0c2-44e7-b425-4467307a29e6-163910191 is -5.09204 over 733 frames.
4a831451-c0c2-44e7-b425-4467307a29e6-164013931 DIE DIE ÄRMEREN PFLEGE WAREN FOLGT BEI DIE FAHRRAD METER DER DARGELEGT SEIN 
LOG (gmm-latgen-faster[5.5.513~2-b5f4cf]:DecodeUtteranceLatticeFaster():decoder-wrappers.cc:289) Log-like per frame for utterance 4a831451-c0c2-44e7-b425-4467307a29e6-164013931 is -4.6284 over 576 frames.
4a831451-c0c2-44e7-b425-4467307a29e6-164114626 IN MENSCHENRECHTE SIE DIE GRUNDLAGE FÜR DEMOKRATIE UND DEMOKRATIE IST FÜHRTE SCHUTZ UND DIE FÖRDERUNG VON MENSCHENRECHTE UND NACHDEM WAREN 
LOG (gmm-latgen-faster[5.5.513~2-b5f4cf]:DecodeUtteranceLatticeFaster():decoder-wrappers.cc:289) Log-like per frame for utterance 4a831451-c0c2-44e7-b425-4467307a29e6-164114626 is -4.99674 over 794 frames.
4a831451-c0c2-44e7-b425-4467307a29e6-164213381 ABER AUGEN DIE DIE WIR IST ER ZEIGT NICHT SEHR ÄHNLICHEN 
LOG (gmm-latgen-faster[5.5.513~2-b5f4cf]:DecodeUtteranceLatticeFaster():decoder-wrappers.cc:289) Log-like per frame for utterance 4a831451-c0c2-44e7-b425-4467307a29e6-164213381 is -4.66568 over 413 frames.
4a831451-c0c2-44e7-b425-4467307a29e6-164314966 WIE ICH WEST WIRD VORSTELLEN 
LOG (gmm-latgen-faster[5.5.513~2-b5f4cf]:DecodeUtteranceLatticeFaster():decoder-wrappers.cc:289) Log-like per frame for utterance 4a831451-c0c2-44e7-b425-4467307a29e6-164314966 is -4.23357 over 306 frames.
4a831451-c0c2-44e7-b425-4467307a29e6-164411246 DESHALB IST DIE DIE EINE DIES INTERESSIERTEN ZUSAMMENARBEIT GEBOTEN ZU HAT 
LOG (gmm-latgen-faster[5.5.513~2-b5f4cf]:DecodeUtteranceLatticeFaster():decoder-wrappers.cc:289) Log-like per frame for utterance 4a831451-c0c2-44e7-b425-4467307a29e6-164411246 is -5.24725 over 533 frames.
4a831451-c0c2-44e7-b425-4467307a29e6-164511726 IM STEHT AUF BEIDEN ZEITEN VON OBEN NACH OBEN EINREICHUNG VON JE DREI WENIG DIE ZU FORT ERKENNBAR AN IHREN HOCH ERHOBEN FLÜGELN DIE KLEIN GELTEN KOSTEN FUß LAGE GEWÄNDER DEREN FALTENWURF BEREITS ANGEBOTEN GEREGELT 
LOG (gmm-latgen-faster[5.5.513~2-b5f4cf]:DecodeUtteranceLatticeFaster():decoder-wrappers.cc:289) Log-like per frame for utterance 4a831451-c0c2-44e7-b425-4467307a29e6-164511726 is -5.00255 over 1463 frames.
4a831451-c0c2-44e7-b425-4467307a29e6-164614696 EINE DAS MICH ENTSCHULDIGUNG EUROPAS HALTE ER ABER VORAN GEBRACHT 
LOG (gmm-latgen-faster[5.5.513~2-b5f4cf]:DecodeUtteranceLatticeFaster():decoder-wrappers.cc:289) Log-like per frame for utterance 4a831451-c0c2-44e7-b425-4467307a29e6-164614696 is -4.68222 over 532 frames.
4a831451-c0c2-44e7-b425-4467307a29e6-164715001 ES ERST ES KONNTE MAN DIE RICHTUNG DERART TYPISCHEN TEILZEITARBEIT EINSCHLAGEN DIE DAS KURZ SEIT DES PAKTES DIE UNTERSTÜTZEN WÜRDEN 
LOG (gmm-latgen-faster[5.5.513~2-b5f4cf]:DecodeUtteranceLatticeFaster():decoder-wrappers.cc:289) Log-like per frame for utterance 4a831451-c0c2-44e7-b425-4467307a29e6-164715001 is -4.78311 over 824 frames.
4a831451-c0c2-44e7-b425-4467307a29e6-164811991 AN DER DER STARKEN DES ARI ALS NUR DIE DIE GESELLSCHAFT UND SPIELT UND VERKAUF VERDIENEN 
LOG (gmm-latgen-faster[5.5.513~2-b5f4cf]:DecodeUtteranceLatticeFaster():decoder-wrappers.cc:289) Log-like per frame for utterance 4a831451-c0c2-44e7-b425-4467307a29e6-164811991 is -4.68098 over 615 frames.
4a831451-c0c2-44e7-b425-4467307a29e6-164913886 DA NÄCHSTES RICHTIG IN WIR DIE UNTERSUCHT MUSS BERICHT ÜBER DEN UND FALL ABWARTEN 
LOG (gmm-latgen-faster[5.5.513~2-b5f4cf]:DecodeUtteranceLatticeFaster():decoder-wrappers.cc:289) Log-like per frame for utterance 4a831451-c0c2-44e7-b425-4467307a29e6-164913886 is -4.7059 over 580 frames.
4a831451-c0c2-44e7-b425-4467307a29e6-165011481 DURCH MIGRATION IN STEHEN PAAR ALS GEGENSÄTZE DIE ES GEGEN KRÄFTIG EXAKTEN 
LOG (gmm-latgen-faster[5.5.513~2-b5f4cf]:DecodeUtteranceLatticeFaster():decoder-wrappers.cc:289) Log-like per frame for utterance 4a831451-c0c2-44e7-b425-4467307a29e6-165011481 is -4.66949 over 631 frames.
4a831451-c0c2-44e7-b425-4467307a29e6-165113621 WIR MÖCHTE IM DIE TEILEN WIE BEGEISTERT WIR VOM KUCHEN 
LOG (gmm-latgen-faster[5.5.513~2-b5f4cf]:DecodeUtteranceLatticeFaster():decoder-wrappers.cc:289) Log-like per frame for utterance 4a831451-c0c2-44e7-b425-4467307a29e6-165113621 is -4.58932 over 418 frames.
4a831451-c0c2-44e7-b425-4467307a29e6-165212251 DIE MITGLIEDSTAATEN STELLT AUF UNS DURCH ERKENNBAR DIE DIE MONATE ICH UNTERSCHIEDLICHE ANFORDERUNGEN ABBAU PROJEKTEN 
LOG (gmm-latgen-faster[5.5.513~2-b5f4cf]:DecodeUtteranceLatticeFaster():decoder-wrappers.cc:289) Log-like per frame for utterance 4a831451-c0c2-44e7-b425-4467307a29e6-165212251 is -5.2251 over 707 frames.
4a831451-c0c2-44e7-b425-4467307a29e6-165315041 EINZIGE VORAUS ORGANISATIONEN DIE DEM WIE DIE IDEE BEITRETEN IST 
LOG (gmm-latgen-faster[5.5.513~2-b5f4cf]:DecodeUtteranceLatticeFaster():decoder-wrappers.cc:289) Log-like per frame for utterance 4a831451-c0c2-44e7-b425-4467307a29e6-165315041 is -4.84291 over 539 frames.
4a831451-c0c2-44e7-b425-4467307a29e6-165413086 DIE JUGENDLICHEN TERMIN NUR DIE ÜBLICHEN ZEHEN GERUFEN 
LOG (gmm-latgen-faster[5.5.513~2-b5f4cf]:DecodeUtteranceLatticeFaster():decoder-wrappers.cc:289) Log-like per frame for utterance 4a831451-c0c2-44e7-b425-4467307a29e6-165413086 is -4.59245 over 420 frames.
4a831451-c0c2-44e7-b425-4467307a29e6-165611616 HEUTE GIBT ES WENIGER ER BOGEN DRITTEN 
LOG (gmm-latgen-faster[5.5.513~2-b5f4cf]:DecodeUtteranceLatticeFaster():decoder-wrappers.cc:289) Log-like per frame for utterance 4a831451-c0c2-44e7-b425-4467307a29e6-165611616 is -4.34368 over 350 frames.
4a831451-c0c2-44e7-b425-4467307a29e6-165714701 OBERZENTREN ACHTZIG BIS MAßEN NEUNZIG WAR MEHR ABTEILUNG ZWEITER AN WELCHE VIELE BEI DER DIES PETITION TROTZ DANN 
LOG (gmm-latgen-faster[5.5.513~2-b5f4cf]:DecodeUtteranceLatticeFaster():decoder-wrappers.cc:289) Log-like per frame for utterance 4a831451-c0c2-44e7-b425-4467307a29e6-165714701 is -5.25799 over 785 frames.
4a831451-c0c2-44e7-b425-4467307a29e6-165810161 ES GEHT INNEREN TRANSPARENZ WIE MICH IN DER GLOBALEN DIE VERKEHR DIE 
LOG (gmm-latgen-faster[5.5.513~2-b5f4cf]:DecodeUtteranceLatticeFaster():decoder-wrappers.cc:289) Log-like per frame for utterance 4a831451-c0c2-44e7-b425-4467307a29e6-165810161 is -5.13602 over 493 frames.
4a831451-c0c2-44e7-b425-4467307a29e6-165910831 WIR DIE BIS UNS GESELLSCHAFT ORGANISIERT MUSS AKZEPTIEREN DAS DIE KLUFT ZWISCHEN GUT SCHLAU DADURCH NICHT WAFFE SCHWINDENDEN ZUMAL SCHLIEßLICH GARANTIERT 
LOG (gmm-latgen-faster[5.5.513~2-b5f4cf]:DecodeUtteranceLatticeFaster():decoder-wrappers.cc:289) Log-like per frame for utterance 4a831451-c0c2-44e7-b425-4467307a29e6-165910831 is -4.96274 over 954 frames.
4a831451-c0c2-44e7-b425-4467307a29e6-166011221 DIE ENTSCHEIDUNG DABEI IN PLENUM ABZUSTIMMEN WAREN WUNSCH DES EUROPÄISCHEN PARLAMENTS BESTEHEN IN BEZUG AUF DIESE FRAGE EINDEUTIG POSITION SOWIE ZIEHEN VOR ALLEN UNTER BERÜCKSICHTIGUNG DES POLITISCHEN KONSENS DIE ZWISCHEN IN DREI GRÖßE FRAKTION GEZIELT WORDEN IST 
LOG (gmm-latgen-faster[5.5.513~2-b5f4cf]:DecodeUtteranceLatticeFaster():decoder-wrappers.cc:289) Log-like per frame for utterance 4a831451-c0c2-44e7-b425-4467307a29e6-166011221 is -5.0938 over 1602 frames.
4a831451-c0c2-44e7-b425-4467307a29e6-166110471 DIE MÖGLICHKEITEN VOM SCHULE DURCH DIE VERTRAUEN LEISTEN SCHWÄCHE UND LEISTEN STÄRKERE SCHÜLERINNEN HOCHSCHULE FÜR MEHR ZU FÖRDERN UND ZU FORTAN MÜSSEN IN ALLE BUNDESLÄNDERN STARK AUSGEBAUT WERDEN 
LOG (gmm-latgen-faster[5.5.513~2-b5f4cf]:DecodeUtteranceLatticeFaster():decoder-wrappers.cc:289) Log-like per frame for utterance 4a831451-c0c2-44e7-b425-4467307a29e6-166110471 is -4.82335 over 1186 frames.
4a831451-c0c2-44e7-b425-4467307a29e6-166213816 DIE SCHLUSS BILDET DAS BEACHTLICHE BEITRÄGE UND DER ACHTUNDZWANZIGSTEN WENIGE FRAU DIE DER UND ALTE GEHÖRTEN EBENFALLS TUT RECHT VON 
LOG (gmm-latgen-faster[5.5.513~2-b5f4cf]:DecodeUtteranceLatticeFaster():decoder-wrappers.cc:289) Log-like per frame for utterance 4a831451-c0c2-44e7-b425-4467307a29e6-166213816 is -5.15857 over 791 frames.
4a831451-c0c2-44e7-b425-4467307a29e6-166313701 MAURER WO DIE DIESER ZEIT ÜBER DIE GRENZEN DEUTSCHLANDS FINANZ BEKANNT 
LOG (gmm-latgen-faster[5.5.513~2-b5f4cf]:DecodeUtteranceLatticeFaster():decoder-wrappers.cc:289) Log-like per frame for utterance 4a831451-c0c2-44e7-b425-4467307a29e6-166313701 is -4.65507 over 503 frames.
4a831451-c0c2-44e7-b425-4467307a29e6-166413626 ICH UM INNERE OFFENE DER REGION ROM ES NICHT DIE FIEL WORT GROßEN EINE DEUTLICHE PLENUM GEGEN FRANKREICH VOR ZU OBEN GROßE FÜR WEITER VERBÄNDE ÜBER DIE ODER AUSSPRACHE 
LOG (gmm-latgen-faster[5.5.513~2-b5f4cf]:DecodeUtteranceLatticeFaster():decoder-wrappers.cc:289) Log-like per frame for utterance 4a831451-c0c2-44e7-b425-4467307a29e6-166413626 is -5.13656 over 1091 frames.
4a831451-c0c2-44e7-b425-4467307a29e6-166512971 JEDENFALLS SIND GEBETE VERTRETER DIE EINZELNEN DIE SICH VOR DER BÜRGERN ERKLÄREN MÜSSEN 
LOG (gmm-latgen-faster[5.5.513~2-b5f4cf]:DecodeUtteranceLatticeFaster():decoder-wrappers.cc:289) Log-like per frame for utterance 4a831451-c0c2-44e7-b425-4467307a29e6-166512971 is -5.03382 over 573 frames.
4a831451-c0c2-44e7-b425-4467307a29e6-166613536 ICH BRACHTEN VOR DORT EINIGE AB WIEDER DES WO DIE AUS MIT WELCHER VOR DIE UHR SPRECHEN BAUM HEUTIGEN UNTRAGBAR JAHR SCHWANZ KUGEL GEWERBE DAS SEINER ALLE REICHTUM DER FUHREN 
LOG (gmm-latgen-faster[5.5.513~2-b5f4cf]:DecodeUtteranceLatticeFaster():decoder-wrappers.cc:289) Log-like per frame for utterance 4a831451-c0c2-44e7-b425-4467307a29e6-166613536 is -5.06751 over 1125 frames.
4a831451-c0c2-44e7-b425-4467307a29e6-166710621 DAS IST SOZIALER SPIEL KLUFT FUHR UND DREI DEMOKRATISCH TATSÄCHLICH DIESEM DIE SPORTART FINDEN 
LOG (gmm-latgen-faster[5.5.513~2-b5f4cf]:DecodeUtteranceLatticeFaster():decoder-wrappers.cc:289) Log-like per frame for utterance 4a831451-c0c2-44e7-b425-4467307a29e6-166710621 is -4.8382 over 660 frames.
4a831451-c0c2-44e7-b425-4467307a29e6-166810221 JETZT MUSS DAS GESAMTE PARLAMENT DER WISSENSCHAFT IN MEDIZIN UND DER WIRTSCHAFT IN MITGLIEDSTAATEN GENUG UNION GEBIETEN DIE ZUKUNFT DER DIE UND ICH NUR GESTIMMT DER WIRD SCHON WEIßEN 
LOG (gmm-latgen-faster[5.5.513~2-b5f4cf]:DecodeUtteranceLatticeFaster():decoder-wrappers.cc:289) Log-like per frame for utterance 4a831451-c0c2-44e7-b425-4467307a29e6-166810221 is -5.04247 over 1096 frames.
4a831451-c0c2-44e7-b425-4467307a29e6-166910681 HABEN ÜBERHAUPT AUCH DIE WAREN 
LOG (gmm-latgen-faster[5.5.513~2-b5f4cf]:DecodeUtteranceLatticeFaster():decoder-wrappers.cc:289) Log-like per frame for utterance 4a831451-c0c2-44e7-b425-4467307a29e6-166910681 is -4.99017 over 279 frames.
4a831451-c0c2-44e7-b425-4467307a29e6-167012736 DIE WERKE WURDE MITGLIED TIEFER DA TIERE UND FÜR ZEHEN 
LOG (gmm-latgen-faster[5.5.513~2-b5f4cf]:DecodeUtteranceLatticeFaster():decoder-wrappers.cc:289) Log-like per frame for utterance 4a831451-c0c2-44e7-b425-4467307a29e6-167012736 is -4.43084 over 460 frames.
4a831451-c0c2-44e7-b425-4467307a29e6-167112371 ICH SELBST FOLGTE NICHT AUCH WIEDER SCHAUSPIELERIN WERDEN 
LOG (gmm-latgen-faster[5.5.513~2-b5f4cf]:DecodeUtteranceLatticeFaster():decoder-wrappers.cc:289) Log-like per frame for utterance 4a831451-c0c2-44e7-b425-4467307a29e6-167112371 is -4.67703 over 418 frames.
4a831451-c0c2-44e7-b425-4467307a29e6-167214471 IM MUSS DES LAGE BALL ITALIENISCHEN GEBIETE AN DAS KRIEG REICH ITALIEN UND VOR ALPEN UND DER BÄUMEN WAREN ABTRETEN 
LOG (gmm-latgen-faster[5.5.513~2-b5f4cf]:DecodeUtteranceLatticeFaster():decoder-wrappers.cc:289) Log-like per frame for utterance 4a831451-c0c2-44e7-b425-4467307a29e6-167214471 is -4.91318 over 782 frames.
4a831451-c0c2-44e7-b425-4467307a29e6-167314616 ICH PROGRAMME DIE BEFUGNISSE BALD GALLIEN AUS LIEGEN 
LOG (gmm-latgen-faster[5.5.513~2-b5f4cf]:DecodeUtteranceLatticeFaster():decoder-wrappers.cc:289) Log-like per frame for utterance 4a831451-c0c2-44e7-b425-4467307a29e6-167314616 is -4.89787 over 400 frames.
4a831451-c0c2-44e7-b425-4467307a29e6-167414951 ZU DER KRÄFTIGEN DES ANTRAGS SIZILIEN PRÄSIDENT ZU DIE UM EINGEBRACHT HABEN MÖCHTE ICH FAHRGÄSTE KONFERENZ DER PRÄSIDENTEN DIE TAGESORDNUNG FÜR DAS PLENUM FESTLEGT UND NICHT DAS PRÄSIDIUM 
LOG (gmm-latgen-faster[5.5.513~2-b5f4cf]:DecodeUtteranceLatticeFaster():decoder-wrappers.cc:289) Log-like per frame for utterance 4a831451-c0c2-44e7-b425-4467307a29e6-167414951 is -5.23583 over 1159 frames.
4a831451-c0c2-44e7-b425-4467307a29e6-167513921 DIE DIESE VORSTELLUNGEN WILL EINE BASIS FÜR DAS DINGE UND AUCH DAGEGEN DIESE FÜR FÜHRUNG DAS FÜR DIE VERSTEHE MITTEL WOBEI WAREN STRECKEN BEREITSTELLT UM DIENEN UNTERSCHIEDLICHEN SITUATIONEN ERFOLGREICH ZU AGIEREN 
LOG (gmm-latgen-faster[5.5.513~2-b5f4cf]:DecodeUtteranceLatticeFaster():decoder-wrappers.cc:289) Log-like per frame for utterance 4a831451-c0c2-44e7-b425-4467307a29e6-167513921 is -5.00237 over 1405 frames.
4a831451-c0c2-44e7-b425-4467307a29e6-167610206 DIE STAATSREGIERUNG KLAREN MOGELPACKUNG 
LOG (gmm-latgen-faster[5.5.513~2-b5f4cf]:DecodeUtteranceLatticeFaster():decoder-wrappers.cc:289) Log-like per frame for utterance 4a831451-c0c2-44e7-b425-4467307a29e6-167610206 is -4.35958 over 394 frames.
4a831451-c0c2-44e7-b425-4467307a29e6-167710086 IN MÜSSEN FERNER ANERKENNE DAS SICH EINIGE DER ZUWANDERER DEMZUFOLGE RUSSLAND NIEDERLASSEN UND DORT EINROLLEN 
LOG (gmm-latgen-faster[5.5.513~2-b5f4cf]:DecodeUtteranceLatticeFaster():decoder-wrappers.cc:289) Log-like per frame for utterance 4a831451-c0c2-44e7-b425-4467307a29e6-167710086 is -5.13851 over 693 frames.
4a831451-c0c2-44e7-b425-4467307a29e6-167813201 IN DIESER DENKE IST EINS AUFWAND IST AUCH DIE FRAU ICH ZWEIHUNDERT 
LOG (gmm-latgen-faster[5.5.513~2-b5f4cf]:DecodeUtteranceLatticeFaster():decoder-wrappers.cc:289) Log-like per frame for utterance 4a831451-c0c2-44e7-b425-4467307a29e6-167813201 is -4.887 over 506 frames.
4a831451-c0c2-44e7-b425-4467307a29e6-167912311 ICH DACH DARAUS SAGEN AMERIKA WIE IN AN STAAT DER EUROPÄISCHEN ROM NUR GEBIET FIX BEWEGUNG BETRIEBEN DAS SICH DER GEGEN DEN DAS SICH KEIN ADLER DIE IN EINE WEITEN VERTRATEN WILL DAS NICHT UNSEREN STANDARDS ES LANDES AUCH IMMER ENTSPRICHT 
LOG (gmm-latgen-faster[5.5.513~2-b5f4cf]:DecodeUtteranceLatticeFaster():decoder-wrappers.cc:289) Log-like per frame for utterance 4a831451-c0c2-44e7-b425-4467307a29e6-167912311 is -5.05048 over 1584 frames.
4a831451-c0c2-44e7-b425-4467307a29e6-168011366 DIE REGIERUNGEN SOLLEN AUßERDEM DIE VERKNÜPFUNG UND VON STAATLICHEN MIT KOMMA NETZWERKEN ERLEICHTERN UND UNTERSTÜTZEN 
LOG (gmm-latgen-faster[5.5.513~2-b5f4cf]:DecodeUtteranceLatticeFaster():decoder-wrappers.cc:289) Log-like per frame for utterance 4a831451-c0c2-44e7-b425-4467307a29e6-168011366 is -4.92965 over 763 frames.
4a831451-c0c2-44e7-b425-4467307a29e6-168112116 DIE ANTWORT MUSS ALSO AUGEN NICHT WIEDER VERGANGENHEIT VERSPRECHUNGEN ZU MACHE FORDERN MIR WETTBEWERB FÜR MÖGLICHEN DIE KOMMISSION U GUT VIER VERBINDLICH WIEDER ETWAS ES GETROFFEN 
LOG (gmm-latgen-faster[5.5.513~2-b5f4cf]:DecodeUtteranceLatticeFaster():decoder-wrappers.cc:289) Log-like per frame for utterance 4a831451-c0c2-44e7-b425-4467307a29e6-168112116 is -4.79085 over 1220 frames.
4a831451-c0c2-44e7-b425-4467307a29e6-168212691 DIE STADT FLOTTE ILZ JAHR HATTE DIESEM DREI TROTZ BEIM ACHTZIG VON WURDE SIEBEN PROZENT DIESER FLÜCHTLINGE AUFGENOMMEN 
LOG (gmm-latgen-faster[5.5.513~2-b5f4cf]:DecodeUtteranceLatticeFaster():decoder-wrappers.cc:289) Log-like per frame for utterance 4a831451-c0c2-44e7-b425-4467307a29e6-168212691 is -4.85938 over 754 frames.
4a831451-c0c2-44e7-b425-4467307a29e6-168314831 ES ZWANZIG BEI DENKE KERN ES RUF ANFRAGE GELD OFFEN LUFT WURDE DIE ENTLANG DER BERICHT IN ANDERER GEFÜHRTEN 
LOG (gmm-latgen-faster[5.5.513~2-b5f4cf]:DecodeUtteranceLatticeFaster():decoder-wrappers.cc:289) Log-like per frame for utterance 4a831451-c0c2-44e7-b425-4467307a29e6-168314831 is -4.87777 over 861 frames.
4a831451-c0c2-44e7-b425-4467307a29e6-168410996 DIESER NEUE ANSATZ WIRD AUCH DIE BEDEUTUNG VON AUTO WEG STARKEN ERHEBLICH VEREINE DER UND ER NEUE GESCHÄFT ZU MÖGLICHKEITEN ERSCHLIEßEN 
LOG (gmm-latgen-faster[5.5.513~2-b5f4cf]:DecodeUtteranceLatticeFaster():decoder-wrappers.cc:289) Log-like per frame for utterance 4a831451-c0c2-44e7-b425-4467307a29e6-168410996 is -4.78571 over 827 frames.
4a831451-c0c2-44e7-b425-4467307a29e6-168514336 ICH IN DIE TAG DARF NICHT ETWA ZUFOLGE HABEN DAS WENIG DER BEREITS SIND UND UNTER DER SCHWER NACH SPRACH DER VEREINTEN NATIONEN ÜBRIGEN OPERATION ZUGE DREI LIEGEN 
LOG (gmm-latgen-faster[5.5.513~2-b5f4cf]:DecodeUtteranceLatticeFaster():decoder-wrappers.cc:289) Log-like per frame for utterance 4a831451-c0c2-44e7-b425-4467307a29e6-168514336 is -4.90936 over 1108 frames.
4a831451-c0c2-44e7-b425-4467307a29e6-168614581 DAGEGEN EXISTIEREN VIELEN IN WEITEREN BEREICHEN 
LOG (gmm-latgen-faster[5.5.513~2-b5f4cf]:DecodeUtteranceLatticeFaster():decoder-wrappers.cc:289) Log-like per frame for utterance 4a831451-c0c2-44e7-b425-4467307a29e6-168614581 is -4.75526 over 354 frames.
4a831451-c0c2-44e7-b425-4467307a29e6-168710896 DESWEGEN DER IST GUT ES DIE DAZU ETWAS SAGEN WÜRDEN 
LOG (gmm-latgen-faster[5.5.513~2-b5f4cf]:DecodeUtteranceLatticeFaster():decoder-wrappers.cc:289) Log-like per frame for utterance 4a831451-c0c2-44e7-b425-4467307a29e6-168710896 is -4.71421 over 420 frames.
4a831451-c0c2-44e7-b425-4467307a29e6-168810156 IN SO LASSEN SICH DER MINUS DIE FREMDER UND DER INTERNET EXPLORER SIEBEN UNTER VENUS ZWEITAUSEND NICHT INSTALLIEREN 
LOG (gmm-latgen-faster[5.5.513~2-b5f4cf]:DecodeUtteranceLatticeFaster():decoder-wrappers.cc:289) Log-like per frame for utterance 4a831451-c0c2-44e7-b425-4467307a29e6-168810156 is -4.94686 over 699 frames.
4a831451-c0c2-44e7-b425-4467307a29e6-168912151 IN ES SIND NICHT IN DAS SOLDATEN VOR DATEN ABER IMMER LÄNDERN 
LOG (gmm-latgen-faster[5.5.513~2-b5f4cf]:DecodeUtteranceLatticeFaster():decoder-wrappers.cc:289) Log-like per frame for utterance 4a831451-c0c2-44e7-b425-4467307a29e6-168912151 is -4.63661 over 470 frames.
4a831451-c0c2-44e7-b425-4467307a29e6-169014691 ES KANN BERICHT VEREINEN DAS DER ARBEITEN DIES DER FÜR ARBEIT HILFT UND DER WIRTSCHAFTSMINISTER FÜR INSOLVENZEN 
LOG (gmm-latgen-faster[5.5.513~2-b5f4cf]:DecodeUtteranceLatticeFaster():decoder-wrappers.cc:289) Log-like per frame for utterance 4a831451-c0c2-44e7-b425-4467307a29e6-169014691 is -4.87223 over 734 frames.
4a831451-c0c2-44e7-b425-4467307a29e6-169113611 FLIEßEN DIE GRENZEN ZWISCHEN NUKLEAREN NICHT NOCH ERWACHEN STELLEN EINE GEFÄHRLICHE ENTWICKLUNG DAR UND DIE TORWART ROM BAUCH EINZUSETZEN HAT IM BEKANNTLICH BIS FINDEN VON LÖSUNGEN BEISPIELSWEISE MEHRFACH BEISPIELSWEISE IRAN ODER SCHLÄFT 
LOG (gmm-latgen-faster[5.5.513~2-b5f4cf]:DecodeUtteranceLatticeFaster():decoder-wrappers.cc:289) Log-like per frame for utterance 4a831451-c0c2-44e7-b425-4467307a29e6-169113611 is -5.10136 over 1557 frames.
4a831451-c0c2-44e7-b425-4467307a29e6-169212126 WAREN DER ELFTE DAS MILITÄR VERPACHTET DAS AUF DEM STEHT EIN KEHRTE GESTIMMT MACHTE ACHTZEHN RECHTS SEIN WURDE DER KREUZGANG ABGERISSEN DES ABGEORDNETE ADLER RECHT MACHE DIE VERLOREN 
LOG (gmm-latgen-faster[5.5.513~2-b5f4cf]:DecodeUtteranceLatticeFaster():decoder-wrappers.cc:289) Log-like per frame for utterance 4a831451-c0c2-44e7-b425-4467307a29e6-169212126 is -5.03123 over 1225 frames.
5a4078f1-66df-45a5-82b8-b9d17b1bc1c2-126012266 DAMIT WÜRDE SICH DAS EINKOMMEN DER BÄREN ROMS ERZEUGER STABILISIEREN 
LOG (gmm-latgen-faster[5.5.513~2-b5f4cf]:DecodeUtteranceLatticeFaster():decoder-wrappers.cc:289) Log-like per frame for utterance 5a4078f1-66df-45a5-82b8-b9d17b1bc1c2-126012266 is -4.56153 over 494 frames.
5a4078f1-66df-45a5-82b8-b9d17b1bc1c2-126115016 DIE TATSACHE DAS DAS UM DER STAATLICHEN BEI HILFE EUROPA ZURÜCKZUGEHEN SCHEINT STÄNDIG VORSICHTIG OPTIMISTISCH 
LOG (gmm-latgen-faster[5.5.513~2-b5f4cf]:DecodeUtteranceLatticeFaster():decoder-wrappers.cc:289) Log-like per frame for utterance 5a4078f1-66df-45a5-82b8-b9d17b1bc1c2-126115016 is -4.27232 over 959 frames.
5a4078f1-66df-45a5-82b8-b9d17b1bc1c2-126213116 MENSCH METER BITTE DEN WENIG DER RUHIGE ABER OHNE WENDIG MEISTENS AUFGETRETENE DAS DER 
LOG (gmm-latgen-faster[5.5.513~2-b5f4cf]:DecodeUtteranceLatticeFaster():decoder-wrappers.cc:289) Log-like per frame for utterance 5a4078f1-66df-45a5-82b8-b9d17b1bc1c2-126213116 is -4.63343 over 681 frames.
5a4078f1-66df-45a5-82b8-b9d17b1bc1c2-126311066 SEHR NEUNZEHNHUNDERT EIN ACHTZIG STEHT DIE ALS GESAMTE ANLAGEN UNTER DENKMALSCHUTZ 
LOG (gmm-latgen-faster[5.5.513~2-b5f4cf]:DecodeUtteranceLatticeFaster():decoder-wrappers.cc:289) Log-like per frame for utterance 5a4078f1-66df-45a5-82b8-b9d17b1bc1c2-126311066 is -4.79621 over 522 frames.
5a4078f1-66df-45a5-82b8-b9d17b1bc1c2-126412521 DIE BETRIEB SICHERHEIT VERORDNUNG FORDERN UMFASSENDES KONZEPT UM DIESEN GEFAHR DIE 
LOG (gmm-latgen-faster[5.5.513~2-b5f4cf]:DecodeUtteranceLatticeFaster():decoder-wrappers.cc:289) Log-like per frame for utterance 5a4078f1-66df-45a5-82b8-b9d17b1bc1c2-126412521 is -4.58214 over 689 frames.
5a4078f1-66df-45a5-82b8-b9d17b1bc1c2-126510336 DIE DER BEITRAG BESCHREIBT DAS BEKOMMEN NIEDRIG SCHON MODELL DAS ANALYSE DER REGIONALEN BESCHÄFTIGUNGS ENTWICKLUNG IN FRAU EINER VERWENDET WIRD 
LOG (gmm-latgen-faster[5.5.513~2-b5f4cf]:DecodeUtteranceLatticeFaster():decoder-wrappers.cc:289) Log-like per frame for utterance 5a4078f1-66df-45a5-82b8-b9d17b1bc1c2-126510336 is -4.67135 over 1028 frames.
5a4078f1-66df-45a5-82b8-b9d17b1bc1c2-126610276 DIE SICH DIE DIE ZEIT HAT HERR STUNDE DEN BEAMTEN EINE BESONDERE HALTEN VOR 
LOG (gmm-latgen-faster[5.5.513~2-b5f4cf]:DecodeUtteranceLatticeFaster():decoder-wrappers.cc:289) Log-like per frame for utterance 5a4078f1-66df-45a5-82b8-b9d17b1bc1c2-126610276 is -4.40118 over 507 frames.
5a4078f1-66df-45a5-82b8-b9d17b1bc1c2-126712191 NUR EIN SOLL DER FREITAGS DER MÜNDEN BEFÖRDERT DIE POST ÜBER AUF IST KATASTROPHEN FÜR ZWEITER UND MACHTSPIEL IST MEHR 
LOG (gmm-latgen-faster[5.5.513~2-b5f4cf]:DecodeUtteranceLatticeFaster():decoder-wrappers.cc:289) Log-like per frame for utterance 5a4078f1-66df-45a5-82b8-b9d17b1bc1c2-126712191 is -4.57431 over 801 frames.
5a4078f1-66df-45a5-82b8-b9d17b1bc1c2-126815106 DOCH DIE VERGANGENHEIT RUND DIE NEIN 
LOG (gmm-latgen-faster[5.5.513~2-b5f4cf]:DecodeUtteranceLatticeFaster():decoder-wrappers.cc:289) Log-like per frame for utterance 5a4078f1-66df-45a5-82b8-b9d17b1bc1c2-126815106 is -3.79185 over 407 frames.
5a4078f1-66df-45a5-82b8-b9d17b1bc1c2-126912206 WIR SOLLTEN DIESES ZIEL DURCH DIE UMSETZUNG DER LEITLINIEN IN DER RICHTLINIE FÜR DEN NACHHALTIGEN EINSATZ VON IST DIE ZIEHEN ERREICHEN 
LOG (gmm-latgen-faster[5.5.513~2-b5f4cf]:DecodeUtteranceLatticeFaster():decoder-wrappers.cc:289) Log-like per frame for utterance 5a4078f1-66df-45a5-82b8-b9d17b1bc1c2-126912206 is -4.5522 over 820 frames.
5a4078f1-66df-45a5-82b8-b9d17b1bc1c2-127011551 DABEI BILDETE DER EIGENEN LANGE ZEIT DIE AUSGRENZUNG GLEICHZEITIG EIN SCHUTZ FOLGE GERMANISCHEN STELLEN 
LOG (gmm-latgen-faster[5.5.513~2-b5f4cf]:DecodeUtteranceLatticeFaster():decoder-wrappers.cc:289) Log-like per frame for utterance 5a4078f1-66df-45a5-82b8-b9d17b1bc1c2-127011551 is -4.51246 over 709 frames.
5a4078f1-66df-45a5-82b8-b9d17b1bc1c2-127112801 IN BUNDES BÜRGER SPUREN DAS DIE BANKEN BEI DER BERATEN ZURÜCK HALTEN DER GEWORDEN SIND 
LOG (gmm-latgen-faster[5.5.513~2-b5f4cf]:DecodeUtteranceLatticeFaster():decoder-wrappers.cc:289) Log-like per frame for utterance 5a4078f1-66df-45a5-82b8-b9d17b1bc1c2-127112801 is -4.44888 over 614 frames.
5a4078f1-66df-45a5-82b8-b9d17b1bc1c2-127210636 DIESE DIENSTLEISTUNGEN ENTSPRECHEN ACHT ANFORDERUNGEN UNSERER ZEIT IN DER VON INTERNETZUGANG FÜR ALLE GESPROCHEN WIRD 
LOG (gmm-latgen-faster[5.5.513~2-b5f4cf]:DecodeUtteranceLatticeFaster():decoder-wrappers.cc:289) Log-like per frame for utterance 5a4078f1-66df-45a5-82b8-b9d17b1bc1c2-127210636 is -4.55996 over 741 frames.
5a4078f1-66df-45a5-82b8-b9d17b1bc1c2-127314421 NACH ALLEM VON GEBIETE DES GROßES GEHÖREN DEN ZENTRALEN HANDELS DIE DES KRIEG IN DER STADT AN 
LOG (gmm-latgen-faster[5.5.513~2-b5f4cf]:DecodeUtteranceLatticeFaster():decoder-wrappers.cc:289) Log-like per frame for utterance 5a4078f1-66df-45a5-82b8-b9d17b1bc1c2-127314421 is -4.55824 over 701 frames.
5a4078f1-66df-45a5-82b8-b9d17b1bc1c2-127413811 ABER JEDEM IHRER WORTE WAREN ZU MÄRKTEN DAS SIE AN 
LOG (gmm-latgen-faster[5.5.513~2-b5f4cf]:DecodeUtteranceLatticeFaster():decoder-wrappers.cc:289) Log-like per frame for utterance 5a4078f1-66df-45a5-82b8-b9d17b1bc1c2-127413811 is -4.1488 over 477 frames.
5a4078f1-66df-45a5-82b8-b9d17b1bc1c2-127514901 EINE POLITISCHE LÖSUNG ES NICHT NEUEN RUSSLAND ZAHLREICHEN DAZU MUSS ES AUCH AUF DER TECHNISCHEN SEITE PARTNER GEBEN MIT DEN VERHANDELT WERDEN KANN 
LOG (gmm-latgen-faster[5.5.513~2-b5f4cf]:DecodeUtteranceLatticeFaster():decoder-wrappers.cc:289) Log-like per frame for utterance 5a4078f1-66df-45a5-82b8-b9d17b1bc1c2-127514901 is -4.64996 over 980 frames.
5a4078f1-66df-45a5-82b8-b9d17b1bc1c2-127614931 ÜBER DIE IT NUR WAREN GIBT DIES GIBT ES BISHER NOCH KEINE GRÖßE BERICHT NATUR 
LOG (gmm-latgen-faster[5.5.513~2-b5f4cf]:DecodeUtteranceLatticeFaster():decoder-wrappers.cc:289) Log-like per frame for utterance 5a4078f1-66df-45a5-82b8-b9d17b1bc1c2-127614931 is -4.47959 over 561 frames.
5a4078f1-66df-45a5-82b8-b9d17b1bc1c2-127712071 ICH WÜNSCHE AUF MIR SPIELEN ZWANZIG MINUTEN ZU VERFÜGUNG DENN DES GIBT ZAHLREICHE SEHR ICH DIE DIE THEMEN BEREICHE 
LOG (gmm-latgen-faster[5.5.513~2-b5f4cf]:DecodeUtteranceLatticeFaster():decoder-wrappers.cc:289) Log-like per frame for utterance 5a4078f1-66df-45a5-82b8-b9d17b1bc1c2-127712071 is -4.51102 over 805 frames.
5a4078f1-66df-45a5-82b8-b9d17b1bc1c2-127811526 ADLER LEISTEN DREI NEUNZIG UNTERBREITETEN DIE VEREINTEN NATIONEN DIE BITTE AN BEDEUTET BUNDESREGIERUNG DIE OPERATIONEN WO NUR SOGEN ZWEI ZU UNTERSTÜTZEN 
LOG (gmm-latgen-faster[5.5.513~2-b5f4cf]:DecodeUtteranceLatticeFaster():decoder-wrappers.cc:289) Log-like per frame for utterance 5a4078f1-66df-45a5-82b8-b9d17b1bc1c2-127811526 is -4.46914 over 1137 frames.
5a4078f1-66df-45a5-82b8-b9d17b1bc1c2-127910421 ES DER FÜR NICHT SEI DAS DIE KORREKTUR DEN VERSICHERTEN ÜBERLASSEN WERDE UND DIE VERSICHERUNG SO VON IHREN EIGENEN VIELER PROFITIEREN 
LOG (gmm-latgen-faster[5.5.513~2-b5f4cf]:DecodeUtteranceLatticeFaster():decoder-wrappers.cc:289) Log-like per frame for utterance 5a4078f1-66df-45a5-82b8-b9d17b1bc1c2-127910421 is -4.48706 over 840 frames.
5a4078f1-66df-45a5-82b8-b9d17b1bc1c2-128014161 DIE KONZENTRATION BEWEGUNG HINGEGEN WIRD ZUM GRÖßTEN DREI VON EINEM DRÄNGT PARTNER ÜBERNOMMEN 
LOG (gmm-latgen-faster[5.5.513~2-b5f4cf]:DecodeUtteranceLatticeFaster():decoder-wrappers.cc:289) Log-like per frame for utterance 5a4078f1-66df-45a5-82b8-b9d17b1bc1c2-128014161 is -4.42397 over 631 frames.
5a4078f1-66df-45a5-82b8-b9d17b1bc1c2-128111736 UNSERER LÄNDER STEHEN SOMIT FEUER FÜR ÜBEREIN HERAUSFORDERUNG 
LOG (gmm-latgen-faster[5.5.513~2-b5f4cf]:DecodeUtteranceLatticeFaster():decoder-wrappers.cc:289) Log-like per frame for utterance 5a4078f1-66df-45a5-82b8-b9d17b1bc1c2-128111736 is -4.2463 over 459 frames.
5a4078f1-66df-45a5-82b8-b9d17b1bc1c2-128211811 BIS KEINE GERADEZU EIN IST VON SEINE WERDEN 
LOG (gmm-latgen-faster[5.5.513~2-b5f4cf]:DecodeUtteranceLatticeFaster():decoder-wrappers.cc:289) Log-like per frame for utterance 5a4078f1-66df-45a5-82b8-b9d17b1bc1c2-128211811 is -4.10911 over 430 frames.
5a4078f1-66df-45a5-82b8-b9d17b1bc1c2-128312866 IST IST MÖGLICH DEN BEI KANN WEITERHIN VON ERWEITERUNG AUS ZU KLAMMERN UND NICHT ZU BEDENKEN DAS GRAD IN MAZEDONIEN ANDERE LÄNDER EBENFALLS EIN RECHTE OB HABEN IN DIESEN GEMEINSAMEN AUS ZU WOHNEN 
LOG (gmm-latgen-faster[5.5.513~2-b5f4cf]:DecodeUtteranceLatticeFaster():decoder-wrappers.cc:289) Log-like per frame for utterance 5a4078f1-66df-45a5-82b8-b9d17b1bc1c2-128312866 is -4.5964 over 1141 frames.
5a4078f1-66df-45a5-82b8-b9d17b1bc1c2-128412771 DAS ERLASSEN SAMEN DER JUNGFER IN GRÜNDE ZUR HERSTELLUNG VON TRAFEN SIND IHRE STÄTTEN VERWENDET 
LOG (gmm-latgen-faster[5.5.513~2-b5f4cf]:DecodeUtteranceLatticeFaster():decoder-wrappers.cc:289) Log-like per frame for utterance 5a4078f1-66df-45a5-82b8-b9d17b1bc1c2-128412771 is -4.53518 over 697 frames.
5a4078f1-66df-45a5-82b8-b9d17b1bc1c2-128513531 DIE ZUKUNFT DES EUROPÄISCHEN SOZIALEN DES 
LOG (gmm-latgen-faster[5.5.513~2-b5f4cf]:DecodeUtteranceLatticeFaster():decoder-wrappers.cc:289) Log-like per frame for utterance 5a4078f1-66df-45a5-82b8-b9d17b1bc1c2-128513531 is -4.1439 over 412 frames.
5a4078f1-66df-45a5-82b8-b9d17b1bc1c2-128610591 DER SOZIAL GEBIRGE ZUM ANLASS GENOMMEN WERDEN EINE ERSTE AUSWEITUNG ERGEBNISSE DER VON KANN NEBEN KOCH OB GELANG DRITTEN PASST HORST BESCHÄFTIGUNG VORZUNEHMEN UND EIN EINS AUS DAS ÜBER DIE WACHSTUMS INITIATIVE ZU FLÜGEL BERLIN IHRE BESCHÄFTIGUNGS EFFEKT DIE BESONDERS BERÜCKSICHTIGT WERDEN 
LOG (gmm-latgen-faster[5.5.513~2-b5f4cf]:DecodeUtteranceLatticeFaster():decoder-wrappers.cc:289) Log-like per frame for utterance 5a4078f1-66df-45a5-82b8-b9d17b1bc1c2-128610591 is -4.83857 over 1745 frames.
5a4078f1-66df-45a5-82b8-b9d17b1bc1c2-128714911 SCHARF DREIHUNDERT DER ZUM ENDE DES ZWEITEN WELTKRIEGES IN KEINE GEARBEITET LEIDER AUCH SO VIER IHNEN NIE DES KENNEN EINIGEN FRAU ANFANG ZWANZIG DIE FÜR DAS AUßEN DES TERMIN ARBEITET 
LOG (gmm-latgen-faster[5.5.513~2-b5f4cf]:DecodeUtteranceLatticeFaster():decoder-wrappers.cc:289) Log-like per frame for utterance 5a4078f1-66df-45a5-82b8-b9d17b1bc1c2-128714911 is -4.60061 over 1278 frames.
5a4078f1-66df-45a5-82b8-b9d17b1bc1c2-128811266 SIE SIND LÄNGSTE MITTEL RÜCKEN GEFALTET DIE AUF DER BLATT UNTER SEITE DEUTLICH HERVOR TRITT 
LOG (gmm-latgen-faster[5.5.513~2-b5f4cf]:DecodeUtteranceLatticeFaster():decoder-wrappers.cc:289) Log-like per frame for utterance 5a4078f1-66df-45a5-82b8-b9d17b1bc1c2-128811266 is -4.52974 over 617 frames.
5a4078f1-66df-45a5-82b8-b9d17b1bc1c2-128911306 ENDLICH KOMMEN ALLE FAHRZEUGE FÜR INSTITUT UNTER EINEM DER ZUSAMMEN 
LOG (gmm-latgen-faster[5.5.513~2-b5f4cf]:DecodeUtteranceLatticeFaster():decoder-wrappers.cc:289) Log-like per frame for utterance 5a4078f1-66df-45a5-82b8-b9d17b1bc1c2-128911306 is -4.51389 over 508 frames.
5a4078f1-66df-45a5-82b8-b9d17b1bc1c2-129013616 DAHER HOFFE ICH DAS DAS EUROPÄISCHE PARLAMENT WERDEN DIESER KANN SICH NACH EINMAL IN BERICHTERSTATTER NUR DEM BOOT UNS AUSSCHUSSES FÜR DIE FREIHEITEN UND RECHTE DER BÜRGER IST DIESE DEN ANGELEGENHEITEN MIT WELCHE DIE EIN ABLEHNUNG DER VORSCHLÄGE DES RATES UND DER MITGLIEDSTAATEN GEFORDERT WIRD ANSCHLIEßT 
LOG (gmm-latgen-faster[5.5.513~2-b5f4cf]:DecodeUtteranceLatticeFaster():decoder-wrappers.cc:289) Log-like per frame for utterance 5a4078f1-66df-45a5-82b8-b9d17b1bc1c2-129013616 is -4.71751 over 1779 frames.
5a4078f1-66df-45a5-82b8-b9d17b1bc1c2-129114646 SIE TAUCHTEN ERSTE MAI ZWEITAUSENDELF MÜNCHNER KUNST AN DIE WIEDER AUF UND KONNTEN IN ERFOLGE ZU GEBRAUCH WERDEN 
LOG (gmm-latgen-faster[5.5.513~2-b5f4cf]:DecodeUtteranceLatticeFaster():decoder-wrappers.cc:289) Log-like per frame for utterance 5a4078f1-66df-45a5-82b8-b9d17b1bc1c2-129114646 is -4.53874 over 799 frames.
5a4078f1-66df-45a5-82b8-b9d17b1bc1c2-129212391 GENUSS MAN SEHR GENAU SEI 
LOG (gmm-latgen-faster[5.5.513~2-b5f4cf]:DecodeUtteranceLatticeFaster():decoder-wrappers.cc:289) Log-like per frame for utterance 5a4078f1-66df-45a5-82b8-b9d17b1bc1c2-129212391 is -3.75013 over 305 frames.
5a4078f1-66df-45a5-82b8-b9d17b1bc1c2-129314026 DER KRIEG BEZOG SICH AUFTRAG UNION 
LOG (gmm-latgen-faster[5.5.513~2-b5f4cf]:DecodeUtteranceLatticeFaster():decoder-wrappers.cc:289) Log-like per frame for utterance 5a4078f1-66df-45a5-82b8-b9d17b1bc1c2-129314026 is -4.23727 over 372 frames.
5a4078f1-66df-45a5-82b8-b9d17b1bc1c2-129412831 DIE GANZ DANKE PRÄSENZ DES GUT HAUPTZIEL DIES IN FÄLLT IST DER GERING WODURCH ANWENDUNG VON IHRER LOGISCH ODER CHEMISCHEN INSEKTEN ZIEHEN INSOFERN ÜBERWIEGEND DAS DIE STAAT INSEKTEN DEN GIBT STÄNDIG AUSGESETZT SIND 
LOG (gmm-latgen-faster[5.5.513~2-b5f4cf]:DecodeUtteranceLatticeFaster():decoder-wrappers.cc:289) Log-like per frame for utterance 5a4078f1-66df-45a5-82b8-b9d17b1bc1c2-129412831 is -4.64507 over 1491 frames.
5a4078f1-66df-45a5-82b8-b9d17b1bc1c2-129512321 ALS EINE GEFAHREN UMWELTBELANGEN EINE DER QUALITÄT UND VEREINBAR PARK MIT DEN IN DIESEN DER BESSER EINGESETZTEN TRADITIONELL WECHSEL KONFLIKTE ZWISCHEN LEISTEN FLOTTEN SCHWER DURCHZUFÜHREN WIRKLICHEN KONTROLLEN UND GEFAHREN HANDELTE SANKTIONEN 
LOG (gmm-latgen-faster[5.5.513~2-b5f4cf]:DecodeUtteranceLatticeFaster():decoder-wrappers.cc:289) Log-like per frame for utterance 5a4078f1-66df-45a5-82b8-b9d17b1bc1c2-129512321 is -4.68168 over 1491 frames.
5a4078f1-66df-45a5-82b8-b9d17b1bc1c2-129614241 ÜBER DEN EIGENEN DER DARIN TRETEN SICH UNBEGRENZT VON OB REGIONALTYPISCHE ZU FÜR ENTFERNUNG 
LOG (gmm-latgen-faster[5.5.513~2-b5f4cf]:DecodeUtteranceLatticeFaster():decoder-wrappers.cc:289) Log-like per frame for utterance 5a4078f1-66df-45a5-82b8-b9d17b1bc1c2-129614241 is -4.61514 over 635 frames.
5a4078f1-66df-45a5-82b8-b9d17b1bc1c2-129714721 HABE AUF MAN SIE HABEN HEUTE ERNEUT ZUR RECHT AUF DIE VERWENDUNG ZWISCHEN EURO LUST UND DEN EUROPÄISCHEN LUST DIE DES FÄLLEN WÄCHST VERWIESEN 
LOG (gmm-latgen-faster[5.5.513~2-b5f4cf]:DecodeUtteranceLatticeFaster():decoder-wrappers.cc:289) Log-like per frame for utterance 5a4078f1-66df-45a5-82b8-b9d17b1bc1c2-129714721 is -4.45843 over 980 frames.
5a4078f1-66df-45a5-82b8-b9d17b1bc1c2-129811776 DAZU BEREITS DIE MIT WACHSEN ZU BEI BEI LUFT AKTIVITÄTEN ZUM EIGENEN DAS SONDERN HALTEN NACH GEKOPPELT ZU RICHTEN 
LOG (gmm-latgen-faster[5.5.513~2-b5f4cf]:DecodeUtteranceLatticeFaster():decoder-wrappers.cc:289) Log-like per frame for utterance 5a4078f1-66df-45a5-82b8-b9d17b1bc1c2-129811776 is -4.63739 over 736 frames.
5a4078f1-66df-45a5-82b8-b9d17b1bc1c2-129911376 ANTWORT DER STEUERN ETWA DREITAUSEND MENSCHEN MIT GEHEN VIER TAUSEND ANDERE ACHTEN NEUNZIG SOLDATEN UND GESAGT SIND MITGLIEDER UNTER 
LOG (gmm-latgen-faster[5.5.513~2-b5f4cf]:DecodeUtteranceLatticeFaster():decoder-wrappers.cc:289) Log-like per frame for utterance 5a4078f1-66df-45a5-82b8-b9d17b1bc1c2-129911376 is -4.46261 over 902 frames.
5a4078f1-66df-45a5-82b8-b9d17b1bc1c2-130013666 ES GRENZE WENIGE SPUREN 
LOG (gmm-latgen-faster[5.5.513~2-b5f4cf]:DecodeUtteranceLatticeFaster():decoder-wrappers.cc:289) Log-like per frame for utterance 5a4078f1-66df-45a5-82b8-b9d17b1bc1c2-130013666 is -4.50993 over 273 frames.
5a4078f1-66df-45a5-82b8-b9d17b1bc1c2-130112221 DER DIKTATOR SADDAM GESEHEN ES ZU AUSGESCHALTET DAS LAND ABER IST UM BEFRIEDIGUNG DIE ZUSTÄNDE SIND EUROPÄISCHEN DER PERSONEN FORT UND NICHT DER MEHRFACH NEBEN ZUM 
LOG (gmm-latgen-faster[5.5.513~2-b5f4cf]:DecodeUtteranceLatticeFaster():decoder-wrappers.cc:289) Log-like per frame for utterance 5a4078f1-66df-45a5-82b8-b9d17b1bc1c2-130112221 is -4.68528 over 997 frames.
5a4078f1-66df-45a5-82b8-b9d17b1bc1c2-130212516 DIESER AN DER NOCH AUS SPITZE DER IN SOLIDEN DER HAFEN ÜBER ABER SEHR KLEIN EIN FALLS KONNTEN UND ZWEI EINE FAHRZEUGE GLEICHZEITIG EINGEHEN UND TRUPPEN AUSSCHALTEN UND WURDE ZUDEM UND ÜBERWACHT 
LOG (gmm-latgen-faster[5.5.513~2-b5f4cf]:DecodeUtteranceLatticeFaster():decoder-wrappers.cc:289) Log-like per frame for utterance 5a4078f1-66df-45a5-82b8-b9d17b1bc1c2-130212516 is -4.62926 over 1213 frames.
5a4078f1-66df-45a5-82b8-b9d17b1bc1c2-130314061 DIESE WOHL ORGANISIERT DIE GEGEN REVISION DEREN LAUFENDEN BETRIEB WIEDER SICHER SPÄTER FÜHRTE ZU DIE MODERNISIERUNG DER STRECKEN ARBEITER 
LOG (gmm-latgen-faster[5.5.513~2-b5f4cf]:DecodeUtteranceLatticeFaster():decoder-wrappers.cc:289) Log-like per frame for utterance 5a4078f1-66df-45a5-82b8-b9d17b1bc1c2-130314061 is -4.727 over 887 frames.
5a4078f1-66df-45a5-82b8-b9d17b1bc1c2-130411711 SIE GLAUBTEN DER KOCH DER TIERE SITZE LOS AM PARTNER WEIL SIE DIESEN SCHEINBAR DREIHUNDERTSECHZIG GRAD DREHEN KÖNNEN UND FÜRCHTETEN WENN SIE NAMEN DER TIERE AUSSPRECHEN BERUHEN DAS GLEICHEN SCHICKSAL 
LOG (gmm-latgen-faster[5.5.513~2-b5f4cf]:DecodeUtteranceLatticeFaster():decoder-wrappers.cc:289) Log-like per frame for utterance 5a4078f1-66df-45a5-82b8-b9d17b1bc1c2-130411711 is -4.65831 over 1242 frames.
5a4078f1-66df-45a5-82b8-b9d17b1bc1c2-130514426 SOWOHL DIE ERDE PRODUZIEREN IN ALS AUF DIE ERBE KONNTEN IHREN DEN LÄNDER SIND DARIN INTERESSIERTEN DAFÜR VERANTWORTLICH DAS WICHTIGE PREISE AUCH EIN EU STABILISIEREN DAS INNERHALB DIE BIS WIRTSCHAFTSWACHSTUM ERMÖGLICHT 
LOG (gmm-latgen-faster[5.5.513~2-b5f4cf]:DecodeUtteranceLatticeFaster():decoder-wrappers.cc:289) Log-like per frame for utterance 5a4078f1-66df-45a5-82b8-b9d17b1bc1c2-130514426 is -4.75933 over 1206 frames.
5a4078f1-66df-45a5-82b8-b9d17b1bc1c2-130613041 STELL SICH IHRE LÄNGSTE 
LOG (gmm-latgen-faster[5.5.513~2-b5f4cf]:DecodeUtteranceLatticeFaster():decoder-wrappers.cc:289) Log-like per frame for utterance 5a4078f1-66df-45a5-82b8-b9d17b1bc1c2-130613041 is -3.85427 over 315 frames.
5a4078f1-66df-45a5-82b8-b9d17b1bc1c2-130712661 ES IST FÜR UNS EINE SACHE DER GLAUBWÜRDIGKEIT 
LOG (gmm-latgen-faster[5.5.513~2-b5f4cf]:DecodeUtteranceLatticeFaster():decoder-wrappers.cc:289) Log-like per frame for utterance 5a4078f1-66df-45a5-82b8-b9d17b1bc1c2-130712661 is -4.19329 over 388 frames.
5a4078f1-66df-45a5-82b8-b9d17b1bc1c2-130811426 BEI DER DIREKT IM WAR VON SKLAVEN AUS AFRIKA NIEMALS ABRISS KONNTEN DIE SKLAVEN BEVÖLKERUNG IN DEN NÖRDLICHEN KOLONIEN DIE SICH WÄRE KULTURELLEN MUSKELN ÄUßERST BEWUSST WAR IHRE KENNTNIS DARF LATEINISCHEN TRADITION IMMER NEUE BELEBEN 
LOG (gmm-latgen-faster[5.5.513~2-b5f4cf]:DecodeUtteranceLatticeFaster():decoder-wrappers.cc:289) Log-like per frame for utterance 5a4078f1-66df-45a5-82b8-b9d17b1bc1c2-130811426 is -4.69571 over 1390 frames.
5a4078f1-66df-45a5-82b8-b9d17b1bc1c2-130910596 DAS ZIEL IST ES DAS DIENEN DIE GEHT FÜR ALLE JUGENDLICHEN IN AUSBILDUNG ANZUBIETEN UND DAS ANGEBOT SCHRITTWEISE AUF GANZ IST BEI HERAUSZUGEBEN 
LOG (gmm-latgen-faster[5.5.513~2-b5f4cf]:DecodeUtteranceLatticeFaster():decoder-wrappers.cc:289) Log-like per frame for utterance 5a4078f1-66df-45a5-82b8-b9d17b1bc1c2-130910596 is -4.70292 over 886 frames.
5a4078f1-66df-45a5-82b8-b9d17b1bc1c2-131012406 ANHAND MEIST ODER DER SOZIALEN ÖKOLOGISCH PROBLEMATISCH ITALIENISCH WEITEN 
LOG (gmm-latgen-faster[5.5.513~2-b5f4cf]:DecodeUtteranceLatticeFaster():decoder-wrappers.cc:289) Log-like per frame for utterance 5a4078f1-66df-45a5-82b8-b9d17b1bc1c2-131012406 is -4.47372 over 544 frames.
5a4078f1-66df-45a5-82b8-b9d17b1bc1c2-131110791 DIE ANTWORT NACH DIESE FRAGEN LAUTEN JAHR 
LOG (gmm-latgen-faster[5.5.513~2-b5f4cf]:DecodeUtteranceLatticeFaster():decoder-wrappers.cc:289) Log-like per frame for utterance 5a4078f1-66df-45a5-82b8-b9d17b1bc1c2-131110791 is -4.3776 over 335 frames.
5a4078f1-66df-45a5-82b8-b9d17b1bc1c2-131212296 ETWAS SORGEN ZEHEN WIRD FIX AUCH WIEDER IN KANN SEHR HOFFE 
LOG (gmm-latgen-faster[5.5.513~2-b5f4cf]:DecodeUtteranceLatticeFaster():decoder-wrappers.cc:289) Log-like per frame for utterance 5a4078f1-66df-45a5-82b8-b9d17b1bc1c2-131212296 is -4.5802 over 454 frames.
5a4078f1-66df-45a5-82b8-b9d17b1bc1c2-131311236 DIE STÄNDIG FESTUNG DEN PRINZIP 
LOG (gmm-latgen-faster[5.5.513~2-b5f4cf]:DecodeUtteranceLatticeFaster():decoder-wrappers.cc:289) Log-like per frame for utterance 5a4078f1-66df-45a5-82b8-b9d17b1bc1c2-131311236 is -4.36768 over 315 frames.
5a4078f1-66df-45a5-82b8-b9d17b1bc1c2-131412731 DABEI HANDELTE SICH UND KLIMATISCHEN DIE DER DER BEREICHE DIE TEILWEISE WERFEN ZEITPUNKT FÜR PFLANZEN AUSGESTATTET SIND 
LOG (gmm-latgen-faster[5.5.513~2-b5f4cf]:DecodeUtteranceLatticeFaster():decoder-wrappers.cc:289) Log-like per frame for utterance 5a4078f1-66df-45a5-82b8-b9d17b1bc1c2-131412731 is -4.7484 over 733 frames.
5a4078f1-66df-45a5-82b8-b9d17b1bc1c2-131514271 ÄUßERN ANDERE POLITIKEN 
LOG (gmm-latgen-faster[5.5.513~2-b5f4cf]:DecodeUtteranceLatticeFaster():decoder-wrappers.cc:289) Log-like per frame for utterance 5a4078f1-66df-45a5-82b8-b9d17b1bc1c2-131514271 is -4.14642 over 276 frames.
5a4078f1-66df-45a5-82b8-b9d17b1bc1c2-131614211 ICH HOFFE DAS DIE ABSTIMMUNG IM PLENUM EINE RÜCKKEHR ZU NOCHMAL DIE GEHT ERLAUBT JE SINNVOLL WÄRE 
LOG (gmm-latgen-faster[5.5.513~2-b5f4cf]:DecodeUtteranceLatticeFaster():decoder-wrappers.cc:289) Log-like per frame for utterance 5a4078f1-66df-45a5-82b8-b9d17b1bc1c2-131614211 is -4.41783 over 637 frames.
5a4078f1-66df-45a5-82b8-b9d17b1bc1c2-131714301 ICH UNTERSTÜTZE DIE AUSSAGEN MEINES KOLLEGEN MACHEN ZUM ZU GANZ INFORMATION SOWIE DIE ERKLÄREN DES KOMMISSIONSMITGLIED ES HANDELE SICH KILO NICHT UM WERBUNG SONDERN DER ZU GANZ INFORMATION 
LOG (gmm-latgen-faster[5.5.513~2-b5f4cf]:DecodeUtteranceLatticeFaster():decoder-wrappers.cc:289) Log-like per frame for utterance 5a4078f1-66df-45a5-82b8-b9d17b1bc1c2-131714301 is -4.62549 over 1271 frames.
5a4078f1-66df-45a5-82b8-b9d17b1bc1c2-131812616 DER BEINE ZIELE UM DEN FLUGHAFEN HEIßT DIVISION AUF INS VORSITZENDE GEFÄLLT UND BEINHALTET DIE VOR STRATEGEN FORT 
LOG (gmm-latgen-faster[5.5.513~2-b5f4cf]:DecodeUtteranceLatticeFaster():decoder-wrappers.cc:289) Log-like per frame for utterance 5a4078f1-66df-45a5-82b8-b9d17b1bc1c2-131812616 is -4.60786 over 869 frames.
5a4078f1-66df-45a5-82b8-b9d17b1bc1c2-131911036 SO LANDES NACH EIN DEN IN DEN WERDEN DIE ANLAGEN GEBAUT WERDEN 
LOG (gmm-latgen-faster[5.5.513~2-b5f4cf]:DecodeUtteranceLatticeFaster():decoder-wrappers.cc:289) Log-like per frame for utterance 5a4078f1-66df-45a5-82b8-b9d17b1bc1c2-131911036 is -4.333 over 440 frames.
5a4078f1-66df-45a5-82b8-b9d17b1bc1c2-132012961 MEINE FRAKTION SETZT SICH NEBEN GERADE DAFÜR EINEN DIESER MEINUNG GEHÖRT ZU VERSCHAFFEN NICHT GEGEN EUROPA WOBEI EINE DURCH GEFAHR DURCHAUS BESTEHT IST SONDERN DIE ZIEL EINE GRUNDLEGENDEN ROM GESTALTUNG 
LOG (gmm-latgen-faster[5.5.513~2-b5f4cf]:DecodeUtteranceLatticeFaster():decoder-wrappers.cc:289) Log-like per frame for utterance 5a4078f1-66df-45a5-82b8-b9d17b1bc1c2-132012961 is -4.65117 over 1181 frames.
5a4078f1-66df-45a5-82b8-b9d17b1bc1c2-132114146 ZWEI WIRTSCHAFTEN BIETEN NICHT 
LOG (gmm-latgen-faster[5.5.513~2-b5f4cf]:DecodeUtteranceLatticeFaster():decoder-wrappers.cc:289) Log-like per frame for utterance 5a4078f1-66df-45a5-82b8-b9d17b1bc1c2-132114146 is -4.16074 over 305 frames.
5a4078f1-66df-45a5-82b8-b9d17b1bc1c2-132210651 SECHZIG AUF DA NICHT NACH GRENZEN ES EINDEUTIG BERUFLICH RELEVANT IST UND MAßNAHMEN RAND 
LOG (gmm-latgen-faster[5.5.513~2-b5f4cf]:DecodeUtteranceLatticeFaster():decoder-wrappers.cc:289) Log-like per frame for utterance 5a4078f1-66df-45a5-82b8-b9d17b1bc1c2-132210651 is -4.58398 over 647 frames.
5a4078f1-66df-45a5-82b8-b9d17b1bc1c2-132313696 EINE OFFIZIELLE AUFFORDERUNG EIN OVAL BEOBACHTEN ES MISSION ZU ENTWICKELNDEN DIE DIENEN ZWEITEN MAIN VON DER REGIERUNG ETWA TORE JA DIE NIEMALS AN KOMMISSARIN ZU 
LOG (gmm-latgen-faster[5.5.513~2-b5f4cf]:DecodeUtteranceLatticeFaster():decoder-wrappers.cc:289) Log-like per frame for utterance 5a4078f1-66df-45a5-82b8-b9d17b1bc1c2-132313696 is -4.58385 over 1112 frames.
5a4078f1-66df-45a5-82b8-b9d17b1bc1c2-132410201 MENSCHEN STUDIEN ZWAR FORSCHUNG DES ERFOLGREICHEN EINE TANZEN ZUR VOR BEIDEN DER GERECHTIGKEIT ALTE 
LOG (gmm-latgen-faster[5.5.513~2-b5f4cf]:DecodeUtteranceLatticeFaster():decoder-wrappers.cc:289) Log-like per frame for utterance 5a4078f1-66df-45a5-82b8-b9d17b1bc1c2-132410201 is -4.50773 over 779 frames.
5a4078f1-66df-45a5-82b8-b9d17b1bc1c2-132512761 LEICHTE DIE JE DIE KONFERENZ DER PRÄSIDENTEN LEDIGLICH MIT FIEL FRAKTIONSVORSITZENDEN AUSKOMMEN 
LOG (gmm-latgen-faster[5.5.513~2-b5f4cf]:DecodeUtteranceLatticeFaster():decoder-wrappers.cc:289) Log-like per frame for utterance 5a4078f1-66df-45a5-82b8-b9d17b1bc1c2-132512761 is -4.5341 over 626 frames.
5a4078f1-66df-45a5-82b8-b9d17b1bc1c2-132611316 BESONDERS DIE WOBEI DIESER IST DIE BALKAN GEWORDEN UND WASSER ANDERE 
LOG (gmm-latgen-faster[5.5.513~2-b5f4cf]:DecodeUtteranceLatticeFaster():decoder-wrappers.cc:289) Log-like per frame for utterance 5a4078f1-66df-45a5-82b8-b9d17b1bc1c2-132611316 is -4.43593 over 541 frames.
5a4078f1-66df-45a5-82b8-b9d17b1bc1c2-132713806 BEMERKENSWERT ES AUCH DA LAGE NUR ES EINSATZ FÜR DEN NATURSCHUTZ 
LOG (gmm-latgen-faster[5.5.513~2-b5f4cf]:DecodeUtteranceLatticeFaster():decoder-wrappers.cc:289) Log-like per frame for utterance 5a4078f1-66df-45a5-82b8-b9d17b1bc1c2-132713806 is -4.14914 over 593 frames.
5a4078f1-66df-45a5-82b8-b9d17b1bc1c2-132810101 DIE FARBE MACHE ZWAR SYMPATHISCH TRANSPORTIERT ARBEIT SICHERN NICHT DAS DIE FRAU ENTSCHEIDUNG STAAT IST 
LOG (gmm-latgen-faster[5.5.513~2-b5f4cf]:DecodeUtteranceLatticeFaster():decoder-wrappers.cc:289) Log-like per frame for utterance 5a4078f1-66df-45a5-82b8-b9d17b1bc1c2-132810101 is -4.59393 over 720 frames.
5a4078f1-66df-45a5-82b8-b9d17b1bc1c2-132912276 SCHWEIGEN BEDEUTET ZUSTIMMUNG DESWEGEN MÖCHTE ICH NUR SAGEN DAS ENERGIE SPANIEN FÜR DIE ÖFFENTLICHKEIT KEINE GEFAHR DARSTELLEN WENN SIE VON VERBRAUCHER BEZIEHUNGSWEISE IN HAUSHALT GEKOPPELT VERWENDET UND DEN EINE ORDNUNGSGEMÄßE PRODUKTION UMFELD UNTER BERÜCKSICHTIGUNG DER GESUNDHEIT DER BESCHÄFTIGEN DAS UMWELTSCHUTZ ES HERGESTELLT WERDEN 
LOG (gmm-latgen-faster[5.5.513~2-b5f4cf]:DecodeUtteranceLatticeFaster():decoder-wrappers.cc:289) Log-like per frame for utterance 5a4078f1-66df-45a5-82b8-b9d17b1bc1c2-132912276 is -4.71755 over 1849 frames.
5a4078f1-66df-45a5-82b8-b9d17b1bc1c2-133010531 ICH VERSTAND EINFACH NICHT WARUM EINE FRAU IHREN ANGEHT FINDEN UND IHRE GESAMTE DURCH GESELLSCHAFTLICHE STELLUNG AUF DEN KOMMA SO SIND REGEL DURCH INNEREN SOLIDEN 
LOG (gmm-latgen-faster[5.5.513~2-b5f4cf]:DecodeUtteranceLatticeFaster():decoder-wrappers.cc:289) Log-like per frame for utterance 5a4078f1-66df-45a5-82b8-b9d17b1bc1c2-133010531 is -4.6566 over 1026 frames.
5a4078f1-66df-45a5-82b8-b9d17b1bc1c2-133113001 INNEREN SEIT DER FAMILIE VERLEGTE SEIN OB IST NACH LEUTE AM EIN WO DAS GESCHLECHTER FÜNFZEHN HUNDERT FÜNF IM LANDES STAMMT AUSSPRACHE 
LOG (gmm-latgen-faster[5.5.513~2-b5f4cf]:DecodeUtteranceLatticeFaster():decoder-wrappers.cc:289) Log-like per frame for utterance 5a4078f1-66df-45a5-82b8-b9d17b1bc1c2-133113001 is -4.5625 over 1037 frames.
5a4078f1-66df-45a5-82b8-b9d17b1bc1c2-133210781 EIN LEDIGLICH SEHR MICH BLEIBEN DIE UND ANDERE 
LOG (gmm-latgen-faster[5.5.513~2-b5f4cf]:DecodeUtteranceLatticeFaster():decoder-wrappers.cc:289) Log-like per frame for utterance 5a4078f1-66df-45a5-82b8-b9d17b1bc1c2-133210781 is -4.37913 over 422 frames.
5a4078f1-66df-45a5-82b8-b9d17b1bc1c2-133311431 MIT DEM VORLIEGENDEN VORSCHLAGS ERACHTEN FÜR GESCHAFFEN WERDEN IN DEM EIN GEMEINSAME RAHMEN FÜR DIE ERSTELLUNG ÜBERMITTELN BEWERTUNG VERGLEICHBARER ARBEIT KOSTEN IN DIE ZIELS GESCHAFFEN WIRD 
LOG (gmm-latgen-faster[5.5.513~2-b5f4cf]:DecodeUtteranceLatticeFaster():decoder-wrappers.cc:289) Log-like per frame for utterance 5a4078f1-66df-45a5-82b8-b9d17b1bc1c2-133311431 is -4.62108 over 1074 frames.
5a4078f1-66df-45a5-82b8-b9d17b1bc1c2-133410956 WIE INNEREN AUS DAS DIE BETREIBER VORGESORGT HABEN UND DIENEN VERBINDUNGEN ZU EIN SCHNELL KOSTEN SELBST EINES NACH REISTE SIND WENN DIE POLIZEI DAS HAUS DURCHSUCHT 
LOG (gmm-latgen-faster[5.5.513~2-b5f4cf]:DecodeUtteranceLatticeFaster():decoder-wrappers.cc:289) Log-like per frame for utterance 5a4078f1-66df-45a5-82b8-b9d17b1bc1c2-133410956 is -4.63528 over 1001 frames.
5a4078f1-66df-45a5-82b8-b9d17b1bc1c2-133510306 IN ZUKAMEN AUCH VON SECHS WAREN DER JULI 
LOG (gmm-latgen-faster[5.5.513~2-b5f4cf]:DecodeUtteranceLatticeFaster():decoder-wrappers.cc:289) Log-like per frame for utterance 5a4078f1-66df-45a5-82b8-b9d17b1bc1c2-133510306 is -4.23616 over 383 frames.
5a4078f1-66df-45a5-82b8-b9d17b1bc1c2-133614916 DABEI DIE DES UND DIE BEGLEITUNG VON HAUPTZIELE IN GEGEN DIE STUDENTEN ALS KOCH STADT BEHALTEN SICH ÜBER IHRE PERSÖNLICH NUN BERUFLICH IN ZIELE BEWUSST ZU WERDEN 
LOG (gmm-latgen-faster[5.5.513~2-b5f4cf]:DecodeUtteranceLatticeFaster():decoder-wrappers.cc:289) Log-like per frame for utterance 5a4078f1-66df-45a5-82b8-b9d17b1bc1c2-133614916 is -4.62446 over 959 frames.
5a4078f1-66df-45a5-82b8-b9d17b1bc1c2-133711546 BISLANG WURDEN IM EUROPÄISCHEN RECHT NOCH KEINE KONSEQUENZEN AUS DIESE ENTWICKLUNG ZU WO WAS SICH EINIGE PAAR AUF EIN FÜR KINDER EINE SEHR KOMPLIZIERTE SITUATION ERGIBT 
LOG (gmm-latgen-faster[5.5.513~2-b5f4cf]:DecodeUtteranceLatticeFaster():decoder-wrappers.cc:289) Log-like per frame for utterance 5a4078f1-66df-45a5-82b8-b9d17b1bc1c2-133711546 is -4.60053 over 1021 frames.
5a4078f1-66df-45a5-82b8-b9d17b1bc1c2-133814171 IN BEWIRKT VON MEHR CHOR GESCHLAGEN ES DIESER IN DIE FESTUNG FORMEN MUSS EIN TRITT UND DEREN AUS SIE NACH WELT STEHT 
LOG (gmm-latgen-faster[5.5.513~2-b5f4cf]:DecodeUtteranceLatticeFaster():decoder-wrappers.cc:289) Log-like per frame for utterance 5a4078f1-66df-45a5-82b8-b9d17b1bc1c2-133814171 is -4.41801 over 902 frames.
5a4078f1-66df-45a5-82b8-b9d17b1bc1c2-133911806 DIE GANZE MENSCHHEIT ANDEREN DIE ZUKUNFT 
LOG (gmm-latgen-faster[5.5.513~2-b5f4cf]:DecodeUtteranceLatticeFaster():decoder-wrappers.cc:289) Log-like per frame for utterance 5a4078f1-66df-45a5-82b8-b9d17b1bc1c2-133911806 is -4.14695 over 422 frames.
5a4078f1-66df-45a5-82b8-b9d17b1bc1c2-134014556 DIE RICHTLINIE VERPFLICHTET DIE MITGLIEDSTAATEN ENTWEDER EINE KRIEG HAT REGIERUNG ZU BESCHLIEßEN ODER EINEM TRITT STAAT ANDEREN EIN AUFENTHALT RECHT EINZURÄUMEN 
LOG (gmm-latgen-faster[5.5.513~2-b5f4cf]:DecodeUtteranceLatticeFaster():decoder-wrappers.cc:289) Log-like per frame for utterance 5a4078f1-66df-45a5-82b8-b9d17b1bc1c2-134014556 is -4.54992 over 1079 frames.
5a4078f1-66df-45a5-82b8-b9d17b1bc1c2-134112821 VIELE WEISE SIND ALS KÖNNEN RUND MITTEL DECKUNG ÜBERFÜLLT 
LOG (gmm-latgen-faster[5.5.513~2-b5f4cf]:DecodeUtteranceLatticeFaster():decoder-wrappers.cc:289) Log-like per frame for utterance 5a4078f1-66df-45a5-82b8-b9d17b1bc1c2-134112821 is -4.58626 over 436 frames.
5a4078f1-66df-45a5-82b8-b9d17b1bc1c2-134212416 DAS MUSSTE DER KEINE BÜCHERSCHRANK VON HÄTTEN UND GEHALTEN FIEL 
LOG (gmm-latgen-faster[5.5.513~2-b5f4cf]:DecodeUtteranceLatticeFaster():decoder-wrappers.cc:289) Log-like per frame for utterance 5a4078f1-66df-45a5-82b8-b9d17b1bc1c2-134212416 is -4.55142 over 479 frames.
5a4078f1-66df-45a5-82b8-b9d17b1bc1c2-134311436 WIR ALLE WISSEN DAS ES KEIN NACHHALTIGEN MILITÄRISCHEN RÜCKZUG AUS AUF GANZ ZEIT GEGEN KANN SEINER KEIN ZIELE RAHMEN WIRD STABILITÄT EXISTIERT DER DAS DANN ZUSAMMEN HÄLT 
LOG (gmm-latgen-faster[5.5.513~2-b5f4cf]:DecodeUtteranceLatticeFaster():decoder-wrappers.cc:289) Log-like per frame for utterance 5a4078f1-66df-45a5-82b8-b9d17b1bc1c2-134311436 is -4.64791 over 1038 frames.
5a4078f1-66df-45a5-82b8-b9d17b1bc1c2-134413771 DIE ELF PERSONEN UMFASSENDER MANNSCHAFT WECHSELTE AUF EIN BEI BEGLEITET GUT 
LOG (gmm-latgen-faster[5.5.513~2-b5f4cf]:DecodeUtteranceLatticeFaster():decoder-wrappers.cc:289) Log-like per frame for utterance 5a4078f1-66df-45a5-82b8-b9d17b1bc1c2-134413771 is -4.12876 over 622 frames.
5a4078f1-66df-45a5-82b8-b9d17b1bc1c2-134513491 NETZWERKE UNIVERSITÄTEN DER EUROPÄISCHEN OB STÄDTE 
LOG (gmm-latgen-faster[5.5.513~2-b5f4cf]:DecodeUtteranceLatticeFaster():decoder-wrappers.cc:289) Log-like per frame for utterance 5a4078f1-66df-45a5-82b8-b9d17b1bc1c2-134513491 is -4.24348 over 457 frames.
5a4078f1-66df-45a5-82b8-b9d17b1bc1c2-134613766 DER UNS VORLIEGENDE BERICHT IST EIN DIE DER WIE EXAKTEN SEIN NEUE DAS DER RECHNUNGSPRÜFUNG NICHT SICHER SEINE KANN AUF JEDER AUS GEBIET AUSGEGEBEN EURO WIRKLICH VOLLKOMMEN REGULÄR AUSGEGEBEN WURDE OBGLEICH DER BERICHT AUCH AN JAGD DAS IN EINEM PROBLEMATISCHEN SEKTOR DER LANDWIRTSCHAFT DER LETZTLICH EIN ENORMEN ANTEIL DAS HAUSHALTS VERSCHIEDEN GEWISSE FORTSCHRITTE ERZIELT WURDEN 
LOG (gmm-latgen-faster[5.5.513~2-b5f4cf]:DecodeUtteranceLatticeFaster():decoder-wrappers.cc:289) Log-like per frame for utterance 5a4078f1-66df-45a5-82b8-b9d17b1bc1c2-134613766 is -4.77654 over 2058 frames.
5a4078f1-66df-45a5-82b8-b9d17b1bc1c2-134710226 DIE ANZAHL ERMÖGLICHEN SEINES LASS STEIGERT EXPONENTIELL DAHER WIRD DIESES VERFAHREN BEI MEHR NÄCHSTE MENSCH UND WEG AUF GENANNT 
LOG (gmm-latgen-faster[5.5.513~2-b5f4cf]:DecodeUtteranceLatticeFaster():decoder-wrappers.cc:289) Log-like per frame for utterance 5a4078f1-66df-45a5-82b8-b9d17b1bc1c2-134710226 is -4.45227 over 973 frames.
5a4078f1-66df-45a5-82b8-b9d17b1bc1c2-134812511 IN DEN ZEITUNGEN HABEN SIE ALLE ÜBER DIE TÖTEN GESTIMMT NIEMAND AN ÜBER DIE ITALIENISCHEN ODER ÜBER DIE DEUTSCHEN JAHREN DIE AUCH MIT GEMACHT 
LOG (gmm-latgen-faster[5.5.513~2-b5f4cf]:DecodeUtteranceLatticeFaster():decoder-wrappers.cc:289) Log-like per frame for utterance 5a4078f1-66df-45a5-82b8-b9d17b1bc1c2-134812511 is -4.54285 over 864 frames.
5a4078f1-66df-45a5-82b8-b9d17b1bc1c2-134912471 LANDSCHAFT ARBEITSPLÄTZE ALLEIN MEINUNG HEIM ALS BUNDESLAND DERZEIT EIN HUNDERTACHTZIG ARBEITSPLÄTZE EINER NEUEN FABRIK METER NULL 
LOG (gmm-latgen-faster[5.5.513~2-b5f4cf]:DecodeUtteranceLatticeFaster():decoder-wrappers.cc:289) Log-like per frame for utterance 5a4078f1-66df-45a5-82b8-b9d17b1bc1c2-134912471 is -4.4659 over 838 frames.
5a4078f1-66df-45a5-82b8-b9d17b1bc1c2-135012851 EINE WIRD ORT WIRD MIT EINER JÄHRLICH NIEDERSCHLAG MÄNNERN VON ÜBER DIE TAUSEND FÜNF HUNDERT MILLIMETER SOGAR DER HÖCHSTE WERDE EUROPA GEMESSEN 
LOG (gmm-latgen-faster[5.5.513~2-b5f4cf]:DecodeUtteranceLatticeFaster():decoder-wrappers.cc:289) Log-like per frame for utterance 5a4078f1-66df-45a5-82b8-b9d17b1bc1c2-135012851 is -4.41328 over 906 frames.
5a4078f1-66df-45a5-82b8-b9d17b1bc1c2-135115081 VIELE VON UNS HABEN NACH DIESEN ABSTIMMUNG IHRE ENTTÄUSCHUNG UND DER BEDAUERE ES 
LOG (gmm-latgen-faster[5.5.513~2-b5f4cf]:DecodeUtteranceLatticeFaster():decoder-wrappers.cc:289) Log-like per frame for utterance 5a4078f1-66df-45a5-82b8-b9d17b1bc1c2-135115081 is -4.42219 over 569 frames.
5a4078f1-66df-45a5-82b8-b9d17b1bc1c2-135215086 DAS PROGRAMMEN WURDE AUS KRITIK NACKEN EINGESTELLT 
LOG (gmm-latgen-faster[5.5.513~2-b5f4cf]:DecodeUtteranceLatticeFaster():decoder-wrappers.cc:289) Log-like per frame for utterance 5a4078f1-66df-45a5-82b8-b9d17b1bc1c2-135215086 is -4.58703 over 406 frames.
5a4078f1-66df-45a5-82b8-b9d17b1bc1c2-135313431 EIN ANDERE KAPITALISMUS ES MÖGLICH 
LOG (gmm-latgen-faster[5.5.513~2-b5f4cf]:DecodeUtteranceLatticeFaster():decoder-wrappers.cc:289) Log-like per frame for utterance 5a4078f1-66df-45a5-82b8-b9d17b1bc1c2-135313431 is -4.26344 over 345 frames.
5a4078f1-66df-45a5-82b8-b9d17b1bc1c2-135413946 IN BEINE ECHTEN BEISPIEL IST DAS SECHS KOCHEN DER TEXT ZIEL INDUSTRIE IN VERGANGENEN JAHR CIRCA ZWANZIG MIR ANDERE ANGEWACHSEN 
LOG (gmm-latgen-faster[5.5.513~2-b5f4cf]:DecodeUtteranceLatticeFaster():decoder-wrappers.cc:289) Log-like per frame for utterance 5a4078f1-66df-45a5-82b8-b9d17b1bc1c2-135413946 is -4.79104 over 771 frames.
5a4078f1-66df-45a5-82b8-b9d17b1bc1c2-135512536 BESONDERS SECHSTEN SICH WIRKTE UND ADLER KANN MAN UND HARALD EIN ICH ANHÄNGE DER NEUNZEHNHUNDERTSIEBZIGER JAHRE FÜR DIE WAHRNEHMUNG AUFWERTUNG VERBREITUNG DER VON MIGRANTEN VERPASST LITERATUR EIN 
LOG (gmm-latgen-faster[5.5.513~2-b5f4cf]:DecodeUtteranceLatticeFaster():decoder-wrappers.cc:289) Log-like per frame for utterance 5a4078f1-66df-45a5-82b8-b9d17b1bc1c2-135512536 is -4.60535 over 1264 frames.
5a4078f1-66df-45a5-82b8-b9d17b1bc1c2-135613651 GUTE ARBEITEN SAH LÄNDLICHEN BETRIEBEN UND UND STELL 
LOG (gmm-latgen-faster[5.5.513~2-b5f4cf]:DecodeUtteranceLatticeFaster():decoder-wrappers.cc:289) Log-like per frame for utterance 5a4078f1-66df-45a5-82b8-b9d17b1bc1c2-135613651 is -4.43361 over 423 frames.
5a4078f1-66df-45a5-82b8-b9d17b1bc1c2-135711351 ICH WERDE ER BEMERKUNGEN PRÄSIDENT MENSCH WEITERLEITEN 
LOG (gmm-latgen-faster[5.5.513~2-b5f4cf]:DecodeUtteranceLatticeFaster():decoder-wrappers.cc:289) Log-like per frame for utterance 5a4078f1-66df-45a5-82b8-b9d17b1bc1c2-135711351 is -4.33495 over 414 frames.
5a4078f1-66df-45a5-82b8-b9d17b1bc1c2-135813466 DIESES BESTEHT DAS DEN ZEIT KÖNIGREICH IN RÄTSEL UND WIE PROGRAMM DIE IHRERSEITS WIEDERUM WÄRE KLEINE LÄNDER UNTER SICH VEREINE 
LOG (gmm-latgen-faster[5.5.513~2-b5f4cf]:DecodeUtteranceLatticeFaster():decoder-wrappers.cc:289) Log-like per frame for utterance 5a4078f1-66df-45a5-82b8-b9d17b1bc1c2-135813466 is -4.39046 over 945 frames.
5a4078f1-66df-45a5-82b8-b9d17b1bc1c2-135914651 DIE GELINGT GRIECHENLAND MÜSSTEN ZUM BEISPIEL UM ZWANZIG BIS DREIßIG PROZENT NACH UNTEN DAMIT DAS LANG KONKURRENZ KRIEG ERDE 
LOG (gmm-latgen-faster[5.5.513~2-b5f4cf]:DecodeUtteranceLatticeFaster():decoder-wrappers.cc:289) Log-like per frame for utterance 5a4078f1-66df-45a5-82b8-b9d17b1bc1c2-135914651 is -4.58538 over 820 frames.
5a4078f1-66df-45a5-82b8-b9d17b1bc1c2-136011286 EIN RHÖN NICHT DIE GRENZE DER DAZU FÜHREN DAS VIELE ELEGANTER EINEN ANDERE DIE DAS EINIGE KÖNIGREICH ALS ZIEL HABEN ZUM BEISPIEL CANNAE UND DEN ERREICHEN KÖNNEN UND BULGARIEN IST EIN VERPFLICHTUNGEN BEZUG AUF DAS ORGANISIERTE VERBRECHEN NICHT NACHGEKOMMEN 
LOG (gmm-latgen-faster[5.5.513~2-b5f4cf]:DecodeUtteranceLatticeFaster():decoder-wrappers.cc:289) Log-like per frame for utterance 5a4078f1-66df-45a5-82b8-b9d17b1bc1c2-136011286 is -4.62853 over 1421 frames.
5a4078f1-66df-45a5-82b8-b9d17b1bc1c2-136211506 DER RAT FORDERTE LÄNDERN DER REGION DER ZU AUF ÄUßERST ANSTREBEN ZU ERLEICHTERUNG DA LAUFENDEN REGIONALER MEINE TIEREN EINSETZT UNTERNEHMEN UNTER ANDEREN DURCH FLUGGÄSTE SCHON UND ARTEN NICHT VERTIEFEN UNTERSTÜTZUNG SOWIE DURCH DIE SICHERUNG ZUSTAND ES ZUDEM HILFSMITTEL UND IHRER VERTEILUNG 
LOG (gmm-latgen-faster[5.5.513~2-b5f4cf]:DecodeUtteranceLatticeFaster():decoder-wrappers.cc:289) Log-like per frame for utterance 5a4078f1-66df-45a5-82b8-b9d17b1bc1c2-136211506 is -4.71101 over 1646 frames.
5a4078f1-66df-45a5-82b8-b9d17b1bc1c2-136310211 DIE LÄNGER DER STRECKE DIE DIESES ZURÜCK DIE ENTSPRICHT DER DAUER DER STROM HAUSHALTS 
LOG (gmm-latgen-faster[5.5.513~2-b5f4cf]:DecodeUtteranceLatticeFaster():decoder-wrappers.cc:289) Log-like per frame for utterance 5a4078f1-66df-45a5-82b8-b9d17b1bc1c2-136310211 is -4.40226 over 581 frames.
5a4078f1-66df-45a5-82b8-b9d17b1bc1c2-136411851 METER NOVEMBER ZWEITAUSENDSECHS GEFÄHRDETE DIE NICHT VERFÜGEN WAHRHEIT DER VERFAHREN ELEMENTEN IN STRENG TERMIN JEDEN VERORDNUNG 
LOG (gmm-latgen-faster[5.5.513~2-b5f4cf]:DecodeUtteranceLatticeFaster():decoder-wrappers.cc:289) Log-like per frame for utterance 5a4078f1-66df-45a5-82b8-b9d17b1bc1c2-136411851 is -4.66457 over 770 frames.
5a4078f1-66df-45a5-82b8-b9d17b1bc1c2-136514991 MENSCHEN MIT IMMENS WERDEN EINE GRÖßE BEDEUTUNG BEKOMMEN 
LOG (gmm-latgen-faster[5.5.513~2-b5f4cf]:DecodeUtteranceLatticeFaster():decoder-wrappers.cc:289) Log-like per frame for utterance 5a4078f1-66df-45a5-82b8-b9d17b1bc1c2-136514991 is -4.32596 over 446 frames.
5a4078f1-66df-45a5-82b8-b9d17b1bc1c2-136613896 DIE PRIVATSPHÄRE KEINE DANN DURCH DIE GESETZGEBUNG EFFEKTIV GESCHÜTZT WERDEN WENN DIE GESETZTE EINGEHALTEN WERDEN 
LOG (gmm-latgen-faster[5.5.513~2-b5f4cf]:DecodeUtteranceLatticeFaster():decoder-wrappers.cc:289) Log-like per frame for utterance 5a4078f1-66df-45a5-82b8-b9d17b1bc1c2-136613896 is -4.64598 over 700 frames.
5a4078f1-66df-45a5-82b8-b9d17b1bc1c2-33611876 DIE AUSSPRACHE IST GESCHLOSSEN 
LOG (gmm-latgen-faster[5.5.513~2-b5f4cf]:DecodeUtteranceLatticeFaster():decoder-wrappers.cc:289) Log-like per frame for utterance 5a4078f1-66df-45a5-82b8-b9d17b1bc1c2-33611876 is -4.18118 over 302 frames.
61825372-365f-4595-bae0-e56d3a288cb3-195913661 SEIT WORUM DÜRFEN IHRE GEWERBE WAR FÜHRTE EINHEITEN AUF ERHALT INSELN ABER BRAUCHEN ODER OFFENSICHTLICH ELEGANTER VON UND 
LOG (gmm-latgen-faster[5.5.513~2-b5f4cf]:DecodeUtteranceLatticeFaster():decoder-wrappers.cc:289) Log-like per frame for utterance 61825372-365f-4595-bae0-e56d3a288cb3-195913661 is -4.47215 over 854 frames.
61825372-365f-4595-bae0-e56d3a288cb3-196010171 MIT DIESE SEINER HALTUNG DER NICHT ELEMENT KÖNNEN 
LOG (gmm-latgen-faster[5.5.513~2-b5f4cf]:DecodeUtteranceLatticeFaster():decoder-wrappers.cc:289) Log-like per frame for utterance 61825372-365f-4595-bae0-e56d3a288cb3-196010171 is -3.92342 over 427 frames.
61825372-365f-4595-bae0-e56d3a288cb3-196113051 DES HÄTTE DER DARAUS RUNDER NOCH SELTEN OB AUF MACHEN MIT FRAU FÜR SCHLUSS UND ANDEREN ALTERNATIVEN VERSTOßEN AUF 
LOG (gmm-latgen-faster[5.5.513~2-b5f4cf]:DecodeUtteranceLatticeFaster():decoder-wrappers.cc:289) Log-like per frame for utterance 61825372-365f-4595-bae0-e56d3a288cb3-196113051 is -4.69892 over 760 frames.
61825372-365f-4595-bae0-e56d3a288cb3-196213851 BESONDERS AUGE GEHT DEM ZUSAMMENHANG ZWISCHEN HAUSHALTS POLITISCHEN MAßNAHMEN PRODUKTIVITÄT WACHSTUM UND UND POLITIK 
LOG (gmm-latgen-faster[5.5.513~2-b5f4cf]:DecodeUtteranceLatticeFaster():decoder-wrappers.cc:289) Log-like per frame for utterance 61825372-365f-4595-bae0-e56d3a288cb3-196213851 is -4.64004 over 858 frames.
61825372-365f-4595-bae0-e56d3a288cb3-196315061 BEI METER ERSTEN PRAKTISCHEN ZEICHEN INTERNATIONAL ICH 
LOG (gmm-latgen-faster[5.5.513~2-b5f4cf]:DecodeUtteranceLatticeFaster():decoder-wrappers.cc:289) Log-like per frame for utterance 61825372-365f-4595-bae0-e56d3a288cb3-196315061 is -4.1519 over 534 frames.
61825372-365f-4595-bae0-e56d3a288cb3-196414151 DER FRAGLICHEN HALT UNS FORMEN KOMMEN SO SCHMERZEN ZUG UND DEREN SOLLTEN KANN SICH VORSCHRIFTEN MARKT EINSTELLEN 
LOG (gmm-latgen-faster[5.5.513~2-b5f4cf]:DecodeUtteranceLatticeFaster():decoder-wrappers.cc:289) Log-like per frame for utterance 61825372-365f-4595-bae0-e56d3a288cb3-196414151 is -4.56925 over 768 frames.
61825372-365f-4595-bae0-e56d3a288cb3-196511346 ÜBERALL VERTRETERN DIESER GATTUNG SIND VIELE ROM UND NICHT AUSGEBILDET 
LOG (gmm-latgen-faster[5.5.513~2-b5f4cf]:DecodeUtteranceLatticeFaster():decoder-wrappers.cc:289) Log-like per frame for utterance 61825372-365f-4595-bae0-e56d3a288cb3-196511346 is -3.73407 over 838 frames.
61825372-365f-4595-bae0-e56d3a288cb3-196614201 DIE KOMMISSAR RHÖN SEHR SORGFÄLTIG DIE SITUATIONEN IN JE MITGLIEDSTAAT UND FESTZUSTELLEN WELCHE KONTROLLE MAßNAHMEN ALS UNTERRICHTET UNION ANGEMESSEN GELTENDEN 
LOG (gmm-latgen-faster[5.5.513~2-b5f4cf]:DecodeUtteranceLatticeFaster():decoder-wrappers.cc:289) Log-like per frame for utterance 61825372-365f-4595-bae0-e56d3a288cb3-196614201 is -4.47977 over 1003 frames.
61825372-365f-4595-bae0-e56d3a288cb3-196711751 IM MÖCHTE IM KURZ AUF DIESE DER SOLLEN LÄNDER LÄNDERN DAS AUS EINGEHEN ICH WEISE WINTER 
LOG (gmm-latgen-faster[5.5.513~2-b5f4cf]:DecodeUtteranceLatticeFaster():decoder-wrappers.cc:289) Log-like per frame for utterance 61825372-365f-4595-bae0-e56d3a288cb3-196711751 is -4.32991 over 749 frames.
61825372-365f-4595-bae0-e56d3a288cb3-196812561 DIE WAR AUF VOR ABER SIND SIND DIE GEBETE DABEI IN 
LOG (gmm-latgen-faster[5.5.513~2-b5f4cf]:DecodeUtteranceLatticeFaster():decoder-wrappers.cc:289) Log-like per frame for utterance 61825372-365f-4595-bae0-e56d3a288cb3-196812561 is -4.09596 over 439 frames.
61825372-365f-4595-bae0-e56d3a288cb3-196910506 EINER DER INNEREN DEN ICH AN FOLGE MÖCHTE ES AUCH VIER EIN WEITERE ABGEORDNETE AUF DESSEN BEMERKUNG ICH EIN DIE MÖCHTE BIS SOLL SICH LÄNDER SEINER WEITERER KOLLEGEN AUF DIE BEZIEHUNGEN ZUDEM SOGAR 
LOG (gmm-latgen-faster[5.5.513~2-b5f4cf]:DecodeUtteranceLatticeFaster():decoder-wrappers.cc:289) Log-like per frame for utterance 61825372-365f-4595-bae0-e56d3a288cb3-196910506 is -4.46256 over 1352 frames.
61825372-365f-4595-bae0-e56d3a288cb3-197013836 WEITER WELCHE SCHALTE ZUR HELFEN 
LOG (gmm-latgen-faster[5.5.513~2-b5f4cf]:DecodeUtteranceLatticeFaster():decoder-wrappers.cc:289) Log-like per frame for utterance 61825372-365f-4595-bae0-e56d3a288cb3-197013836 is -3.92124 over 474 frames.
61825372-365f-4595-bae0-e56d3a288cb3-197213716 ENDE DERARTIGE JAHRE ERARBEITETEN DIE KOMMISSION EIN KLARER NACHDEM SICH DIE DAMALIGE EG ZU EIN WOHLSTAND VOR EINEN SOLLTE UND DIE ANDEREN EUROPÄISCHEN STAATEN ÜBER REGELUNG WENN EUROPÄISCHEN WIRTSCHAFTS RAUM SOGAR ZUM IN MARKT ERHALTEN SOLLTEN 
LOG (gmm-latgen-faster[5.5.513~2-b5f4cf]:DecodeUtteranceLatticeFaster():decoder-wrappers.cc:289) Log-like per frame for utterance 61825372-365f-4595-bae0-e56d3a288cb3-197213716 is -4.41389 over 1597 frames.
61825372-365f-4595-bae0-e56d3a288cb3-197313731 ES KEINE WIEDER UNEINGESCHRÄNKT VERWENDET KÖNNEN 
LOG (gmm-latgen-faster[5.5.513~2-b5f4cf]:DecodeUtteranceLatticeFaster():decoder-wrappers.cc:289) Log-like per frame for utterance 61825372-365f-4595-bae0-e56d3a288cb3-197313731 is -4.01755 over 447 frames.
61825372-365f-4595-bae0-e56d3a288cb3-197410091 ES GIBT IN ANZEICHEN EINER NEUN SCHLIEßEN KANN 
LOG (gmm-latgen-faster[5.5.513~2-b5f4cf]:DecodeUtteranceLatticeFaster():decoder-wrappers.cc:289) Log-like per frame for utterance 61825372-365f-4595-bae0-e56d3a288cb3-197410091 is -4.23072 over 458 frames.
61825372-365f-4595-bae0-e56d3a288cb3-197512436 DER DIESER NATIONEN WAR VERFIEL GEPÄCK 
LOG (gmm-latgen-faster[5.5.513~2-b5f4cf]:DecodeUtteranceLatticeFaster():decoder-wrappers.cc:289) Log-like per frame for utterance 61825372-365f-4595-bae0-e56d3a288cb3-197512436 is -3.82003 over 508 frames.
61825372-365f-4595-bae0-e56d3a288cb3-197614536 BAUTE ES DAS NICHT SIE ICH DEM WAHRLICH AN FOLGE SOLL ICH 
LOG (gmm-latgen-faster[5.5.513~2-b5f4cf]:DecodeUtteranceLatticeFaster():decoder-wrappers.cc:289) Log-like per frame for utterance 61825372-365f-4595-bae0-e56d3a288cb3-197614536 is -4.27335 over 607 frames.
61825372-365f-4595-bae0-e56d3a288cb3-197713216 VIELE SEE DURCH LÄNDER TREFFEN BEREITS VERFAHREN GUT PLATZ EIN 
LOG (gmm-latgen-faster[5.5.513~2-b5f4cf]:DecodeUtteranceLatticeFaster():decoder-wrappers.cc:289) Log-like per frame for utterance 61825372-365f-4595-bae0-e56d3a288cb3-197713216 is -4.04333 over 557 frames.
61825372-365f-4595-bae0-e56d3a288cb3-197811361 WASSERBALL AB DAS FÜR UND WURDE ZAHLEN UND AUS IN 
LOG (gmm-latgen-faster[5.5.513~2-b5f4cf]:DecodeUtteranceLatticeFaster():decoder-wrappers.cc:289) Log-like per frame for utterance 61825372-365f-4595-bae0-e56d3a288cb3-197811361 is -4.01884 over 633 frames.
61825372-365f-4595-bae0-e56d3a288cb3-197912966 MEHRERE BEMÜHUNGEN UND ENTWICKLUNG EUROPÄISCHER MILITÄRISCHER FÄHIGKEITEN MUSS DIE UNION BERÜCKSICHTIGEN DAS NOTWENDIG IST MIT DEN EUROPÄISCHEN VERBINDEN NICHT DER EUROPÄISCHEN UNION ANGEHÖREN UND MIT DEN WEITERES KEINE DA EINBEZIEHUNG DER SIND ZUSAMMENARBEIT DES DER LOS UNTER KONSULTATIONEN AUCH ZU HALTEN 
LOG (gmm-latgen-faster[5.5.513~2-b5f4cf]:DecodeUtteranceLatticeFaster():decoder-wrappers.cc:289) Log-like per frame for utterance 61825372-365f-4595-bae0-e56d3a288cb3-197912966 is -4.4601 over 1890 frames.
61825372-365f-4595-bae0-e56d3a288cb3-198012456 DES WILL SEINER GRÖßERE TRANSPARENZ BEITRAGEN UND DEM PARLAMENTS DIE GEWICHT ERGEBEN ÜBER ENTWICKLUNG DER NOTWENDIGEN ANPASSUNG FÜR DIE HARMONISIERUNG DES NEUEN SYSTEMS ENTSPRECHEND UNTERRICHTET ZU SEIN 
LOG (gmm-latgen-faster[5.5.513~2-b5f4cf]:DecodeUtteranceLatticeFaster():decoder-wrappers.cc:289) Log-like per frame for utterance 61825372-365f-4595-bae0-e56d3a288cb3-198012456 is -4.38915 over 1296 frames.
61825372-365f-4595-bae0-e56d3a288cb3-198111461 WISSEN DAS WAREN WEISE NICHTS BREMEN AUS WÜRDE WEDER GEBURT SIND ODER LEICHT 
LOG (gmm-latgen-faster[5.5.513~2-b5f4cf]:DecodeUtteranceLatticeFaster():decoder-wrappers.cc:289) Log-like per frame for utterance 61825372-365f-4595-bae0-e56d3a288cb3-198111461 is -4.25002 over 705 frames.
61825372-365f-4595-bae0-e56d3a288cb3-198211891 BEINE ANDERE ES FÜHREN VERLIEß MEHREREN DEN RAUM UND DIESER ICH AUCH WIEDER DES DAS OVAL DARSTELLT DER DAS IST RANDLAGE IN 
LOG (gmm-latgen-faster[5.5.513~2-b5f4cf]:DecodeUtteranceLatticeFaster():decoder-wrappers.cc:289) Log-like per frame for utterance 61825372-365f-4595-bae0-e56d3a288cb3-198211891 is -4.25984 over 1025 frames.
61825372-365f-4595-bae0-e56d3a288cb3-198310841 ALSO UM ANERKENNUNG VON PRÜFUNG 
LOG (gmm-latgen-faster[5.5.513~2-b5f4cf]:DecodeUtteranceLatticeFaster():decoder-wrappers.cc:289) Log-like per frame for utterance 61825372-365f-4595-bae0-e56d3a288cb3-198310841 is -3.68339 over 518 frames.
LOG (apply-cmvn[5.5.513~2-b5f4cf]:main():apply-cmvn.cc:162) Applied cepstral mean normalization to 245 utterances, errors on 0
61825372-365f-4595-bae0-e56d3a288cb3-198411121 ALS VERMUTLICH VON DEN WERDEN JUNG SCHWEIZ ZEIGT ALS VOLLKOMMEN IN ALS STARKE VON WURDEN UND BEGONNEN WURDE HANDEL DEM WEIß ÜBER ZENTRALEN FALL DEN STACHEL AUF GEBRAUCH AUGE DIE ERSTE DIE SIEBEN STADT 
LOG (gmm-latgen-faster[5.5.513~2-b5f4cf]:DecodeUtteranceLatticeFaster():decoder-wrappers.cc:289) Log-like per frame for utterance 61825372-365f-4595-bae0-e56d3a288cb3-198411121 is -4.39877 over 1487 frames.
61825372-365f-4595-bae0-e56d3a288cb3-198514321 WIEDER SICH DIE GESELLSCHAFT DAHINGEHEND VERÄNDERN DES DA EINZELNER SEINE MÖGLICHKEITEN GLÜCKLICH ZU WERDEN AUSZUSCHÖPFEN LAND 
LOG (gmm-latgen-faster[5.5.513~2-b5f4cf]:DecodeUtteranceLatticeFaster():decoder-wrappers.cc:289) Log-like per frame for utterance 61825372-365f-4595-bae0-e56d3a288cb3-198514321 is -4.23073 over 940 frames.
61825372-365f-4595-bae0-e56d3a288cb3-198612666 DAS DAS METER DIESE GELEGENHEIT AUF DER EINE LÄNDERN PRÄSIDENT WELCHE BEDEUTUNG WIEDER ABSTIMMUNG ÜBER DER ICH DIE BEIMESSEN DIES ERMÖGLICHEN WIRD DIE VERSTÖßE ZU BESTRAFEN DEN AUTOFAHRER IN EIN ANDEREN MITGLIEDSTAATEN ALS IHREM WOHNSITZSTAAT BEGEHEN 
LOG (gmm-latgen-faster[5.5.513~2-b5f4cf]:DecodeUtteranceLatticeFaster():decoder-wrappers.cc:289) Log-like per frame for utterance 61825372-365f-4595-bae0-e56d3a288cb3-198612666 is -4.53544 over 1709 frames.
LOG (transform-feats[5.5.513~2-b5f4cf]:main():transform-feats.cc:158) Overall average [pseudo-]logdet is -88.995 over 203806 frames.
LOG (transform-feats[5.5.513~2-b5f4cf]:main():transform-feats.cc:161) Applied transform to 245 utterances; 0 had errors.
61825372-365f-4595-bae0-e56d3a288cb3-198712061 WIR MÜSSEN EIN NACHHALTIGEN ENTWICKELTEN UND SECHS UMGANG SECHS SO DAS SCHWÄCHE UND DEN ENTWICKLUNG ZURÜCK GERINGER GEBIETE MICH ZURÜCKGELASSEN DER BEZIEHUNGSWEISE NEUEN STEHEN 
LOG (gmm-latgen-faster[5.5.513~2-b5f4cf]:DecodeUtteranceLatticeFaster():decoder-wrappers.cc:289) Log-like per frame for utterance 61825372-365f-4595-bae0-e56d3a288cb3-198712061 is -4.27693 over 1227 frames.
LOG (gmm-latgen-faster[5.5.513~2-b5f4cf]:main():gmm-latgen-faster.cc:176) Time taken 666.527s: real-time factor assuming 100 frames/sec is 0.32704
LOG (gmm-latgen-faster[5.5.513~2-b5f4cf]:main():gmm-latgen-faster.cc:179) Done 245 utterances, failed for 0
LOG (gmm-latgen-faster[5.5.513~2-b5f4cf]:main():gmm-latgen-faster.cc:181) Overall log-likelihood per frame is -4.65868 over 203806 frames.
# Accounting: time=667 threads=1
# Ended (code 0) at Wed Jan 15 09:07:57 CET 2020, elapsed time 667 seconds
