# gunzip -c exp/tri1/decode/depth_stats_tmp.*.gz | steps/diagnostic/analyze_lattice_depth_stats.py exp/tri1/graph 
# Started at Fri Feb 21 02:13:45 CET 2020
#
The total amount of data analyzed assuming 100 frames per second is 5.4 hours
Overall, lattice depth (10,50,90-percentile)=(2,11,53) and mean=22.7
Nonsilence phones as a group account for 81.7% of frames, with lattice depth (10,50,90-percentile)=(2,11,56) and mean=23.9
Phone SILE accounts for 18.3% of frames, with lattice depth (10,50,90-percentile)=(2,8,40) and mean=17.0
Phone Z_E accounts for 2.7% of frames, with lattice depth (10,50,90-percentile)=(2,10,47) and mean=20.3
Phone S_B accounts for 2.4% of frames, with lattice depth (10,50,90-percentile)=(3,13,53) and mean=23.4
Phone N_I accounts for 2.2% of frames, with lattice depth (10,50,90-percentile)=(2,11,58) and mean=24.6
Phone T_E accounts for 1.9% of frames, with lattice depth (10,50,90-percentile)=(3,15,72) and mean=30.6
Phone N_E accounts for 1.9% of frames, with lattice depth (10,50,90-percentile)=(2,16,70) and mean=30.0
Phone S_I accounts for 1.9% of frames, with lattice depth (10,50,90-percentile)=(2,8,42) and mean=17.3
Phone AH0_I accounts for 1.9% of frames, with lattice depth (10,50,90-percentile)=(1,7,46) and mean=19.8
Phone L_I accounts for 1.9% of frames, with lattice depth (10,50,90-percentile)=(2,9,49) and mean=20.3
Phone EH1_I accounts for 1.8% of frames, with lattice depth (10,50,90-percentile)=(3,11,55) and mean=23.5
Phone S_E accounts for 1.8% of frames, with lattice depth (10,50,90-percentile)=(2,10,50) and mean=21.7
Phone AE1_I accounts for 1.8% of frames, with lattice depth (10,50,90-percentile)=(3,12,60) and mean=25.6
Phone R_I accounts for 1.7% of frames, with lattice depth (10,50,90-percentile)=(2,11,50) and mean=22.0
Phone IY0_E accounts for 1.7% of frames, with lattice depth (10,50,90-percentile)=(2,9,46) and mean=19.4
Phone W_B accounts for 1.6% of frames, with lattice depth (10,50,90-percentile)=(2,11,44) and mean=19.8
Phone T_I accounts for 1.6% of frames, with lattice depth (10,50,90-percentile)=(2,9,52) and mean=21.6
Phone D_E accounts for 1.6% of frames, with lattice depth (10,50,90-percentile)=(3,15,69) and mean=29.9
Phone DH_B accounts for 1.6% of frames, with lattice depth (10,50,90-percentile)=(4,14,62) and mean=27.1
Phone ER0_E accounts for 1.4% of frames, with lattice depth (10,50,90-percentile)=(2,9,52) and mean=21.7
Phone AY1_I accounts for 1.4% of frames, with lattice depth (10,50,90-percentile)=(3,12,52) and mean=23.3
Phone T_B accounts for 1.4% of frames, with lattice depth (10,50,90-percentile)=(3,13,59) and mean=25.2
Phone HH_B accounts for 1.3% of frames, with lattice depth (10,50,90-percentile)=(2,12,54) and mean=23.5
Phone K_B accounts for 1.3% of frames, with lattice depth (10,50,90-percentile)=(3,13,61) and mean=27.3
Phone L_E accounts for 1.3% of frames, with lattice depth (10,50,90-percentile)=(2,11,56) and mean=22.7
Phone AA1_I accounts for 1.2% of frames, with lattice depth (10,50,90-percentile)=(2,11,57) and mean=23.0
Phone EY1_I accounts for 1.2% of frames, with lattice depth (10,50,90-percentile)=(3,11,53) and mean=22.8
Phone F_B accounts for 1.2% of frames, with lattice depth (10,50,90-percentile)=(3,12,59) and mean=24.2
Phone IH0_I accounts for 1.2% of frames, with lattice depth (10,50,90-percentile)=(2,8,47) and mean=19.8
Phone IH1_I accounts for 1.1% of frames, with lattice depth (10,50,90-percentile)=(2,12,59) and mean=24.6
Phone AO1_I accounts for 1.1% of frames, with lattice depth (10,50,90-percentile)=(3,12,55) and mean=23.6
Phone IY1_I accounts for 1.0% of frames, with lattice depth (10,50,90-percentile)=(3,11,58) and mean=24.0
Phone M_B accounts for 1.0% of frames, with lattice depth (10,50,90-percentile)=(3,13,59) and mean=25.4
Phone K_I accounts for 1.0% of frames, with lattice depth (10,50,90-percentile)=(2,9,45) and mean=19.8
Phone AH1_I accounts for 0.9% of frames, with lattice depth (10,50,90-percentile)=(2,10,56) and mean=22.5
Phone P_B accounts for 0.9% of frames, with lattice depth (10,50,90-percentile)=(3,14,60) and mean=27.7
Phone AE1_B accounts for 0.9% of frames, with lattice depth (10,50,90-percentile)=(3,12,60) and mean=25.4
Phone IY1_E accounts for 0.8% of frames, with lattice depth (10,50,90-percentile)=(2,11,49) and mean=21.9
Phone V_E accounts for 0.8% of frames, with lattice depth (10,50,90-percentile)=(3,15,67) and mean=29.3
Phone P_I accounts for 0.8% of frames, with lattice depth (10,50,90-percentile)=(2,9,49) and mean=22.8
Phone B_B accounts for 0.8% of frames, with lattice depth (10,50,90-percentile)=(4,15,65) and mean=28.2
Phone NG_E accounts for 0.8% of frames, with lattice depth (10,50,90-percentile)=(2,9,43) and mean=18.3
Phone AH0_E accounts for 0.8% of frames, with lattice depth (10,50,90-percentile)=(4,16,72) and mean=30.0
Phone AH0_B accounts for 0.8% of frames, with lattice depth (10,50,90-percentile)=(4,16,71) and mean=31.0
Phone M_I accounts for 0.7% of frames, with lattice depth (10,50,90-percentile)=(2,8,44) and mean=19.6
Phone OW1_I accounts for 0.7% of frames, with lattice depth (10,50,90-percentile)=(3,12,58) and mean=25.2
Phone R_E accounts for 0.7% of frames, with lattice depth (10,50,90-percentile)=(3,13,63) and mean=26.9
Phone ER0_I accounts for 0.7% of frames, with lattice depth (10,50,90-percentile)=(1,6,36) and mean=15.2
Phone M_E accounts for 0.7% of frames, with lattice depth (10,50,90-percentile)=(2,12,63) and mean=26.2
Phone UW1_E accounts for 0.6% of frames, with lattice depth (10,50,90-percentile)=(3,13,54) and mean=24.1
Phone IH1_B accounts for 0.6% of frames, with lattice depth (10,50,90-percentile)=(4,15,66) and mean=30.5
Phone L_B accounts for 0.6% of frames, with lattice depth (10,50,90-percentile)=(4,17,75) and mean=31.4
Phone ER1_I accounts for 0.6% of frames, with lattice depth (10,50,90-percentile)=(2,9,52) and mean=22.8
Phone D_B accounts for 0.6% of frames, with lattice depth (10,50,90-percentile)=(4,16,65) and mean=29.1
Phone AO1_B accounts for 0.6% of frames, with lattice depth (10,50,90-percentile)=(2,11,53) and mean=22.4
Phone N_B accounts for 0.6% of frames, with lattice depth (10,50,90-percentile)=(3,14,64) and mean=27.1
Phone AW1_I accounts for 0.6% of frames, with lattice depth (10,50,90-percentile)=(2,11,52) and mean=23.8
Phone R_B accounts for 0.6% of frames, with lattice depth (10,50,90-percentile)=(3,13,53) and mean=26.9
Phone SH_I accounts for 0.5% of frames, with lattice depth (10,50,90-percentile)=(2,7,34) and mean=13.8
Phone IH0_B accounts for 0.5% of frames, with lattice depth (10,50,90-percentile)=(4,19,82) and mean=35.6
# Accounting: time=0 threads=1
# Ended (code 0) at Fri Feb 21 02:13:45 CET 2020, elapsed time 0 seconds
