# gunzip -c exp/tri3a/decode/depth_stats_tmp.*.gz | steps/diagnostic/analyze_lattice_depth_stats.py exp/tri3a/graph 
# Started at Wed Jan 15 07:17:25 CET 2020
#
The total amount of data analyzed assuming 100 frames per second is 2.4 hours
Overall, lattice depth (10,50,90-percentile)=(1,8,40) and mean=16.4
Nonsilence phones as a group account for 78.0% of frames, with lattice depth (10,50,90-percentile)=(2,9,44) and mean=18.0
Phone SIL accounts for 22.0% of frames, with lattice depth (10,50,90-percentile)=(1,6,24) and mean=10.8
Phone N_E accounts for 7.0% of frames, with lattice depth (10,50,90-percentile)=(1,10,48) and mean=19.5
Phone Q_B accounts for 3.9% of frames, with lattice depth (10,50,90-percentile)=(2,10,47) and mean=19.4
Phone AX_I accounts for 3.0% of frames, with lattice depth (10,50,90-percentile)=(1,9,43) and mean=18.3
Phone N_I accounts for 2.8% of frames, with lattice depth (10,50,90-percentile)=(2,9,46) and mean=18.9
Phone AH_I accounts for 2.4% of frames, with lattice depth (10,50,90-percentile)=(2,9,47) and mean=18.6
Phone T_I accounts for 2.4% of frames, with lattice depth (10,50,90-percentile)=(1,7,40) and mean=15.5
Phone EH_I accounts for 2.4% of frames, with lattice depth (10,50,90-percentile)=(2,9,44) and mean=18.2
Phone T_E accounts for 2.2% of frames, with lattice depth (10,50,90-percentile)=(2,10,45) and mean=18.8
Phone IH_I accounts for 2.1% of frames, with lattice depth (10,50,90-percentile)=(1,8,43) and mean=17.7
Phone D_B accounts for 2.1% of frames, with lattice depth (10,50,90-percentile)=(2,8,41) and mean=16.5
Phone EX_E accounts for 2.0% of frames, with lattice depth (10,50,90-percentile)=(2,12,57) and mean=23.3
Phone AY_I accounts for 2.0% of frames, with lattice depth (10,50,90-percentile)=(2,9,43) and mean=17.9
Phone S_E accounts for 1.8% of frames, with lattice depth (10,50,90-percentile)=(2,10,46) and mean=17.9
Phone AX_E accounts for 1.7% of frames, with lattice depth (10,50,90-percentile)=(2,11,51) and mean=21.8
Phone RR_I accounts for 1.6% of frames, with lattice depth (10,50,90-percentile)=(1,8,44) and mean=18.1
Phone EX_I accounts for 1.6% of frames, with lattice depth (10,50,90-percentile)=(1,8,42) and mean=17.4
Phone AAH_I accounts for 1.6% of frames, with lattice depth (10,50,90-percentile)=(2,9,44) and mean=17.6
Phone L_I accounts for 1.5% of frames, with lattice depth (10,50,90-percentile)=(1,8,44) and mean=17.1
Phone S_I accounts for 1.5% of frames, with lattice depth (10,50,90-percentile)=(1,7,39) and mean=14.8
Phone EEH_I accounts for 1.4% of frames, with lattice depth (10,50,90-percentile)=(2,11,48) and mean=20.9
Phone F_B accounts for 1.4% of frames, with lattice depth (10,50,90-percentile)=(2,9,41) and mean=16.9
Phone IIH_I accounts for 1.4% of frames, with lattice depth (10,50,90-percentile)=(1,9,47) and mean=18.2
Phone UU_I accounts for 1.3% of frames, with lattice depth (10,50,90-percentile)=(1,6,38) and mean=15.4
Phone TS_I accounts for 1.0% of frames, with lattice depth (10,50,90-percentile)=(1,5,33) and mean=12.4
Phone OOH_I accounts for 1.0% of frames, with lattice depth (10,50,90-percentile)=(1,6,32) and mean=13.0
Phone OO_I accounts for 0.9% of frames, with lattice depth (10,50,90-percentile)=(2,9,45) and mean=18.0
Phone IIH_E accounts for 0.9% of frames, with lattice depth (10,50,90-percentile)=(1,8,41) and mean=16.1
Phone TS_B accounts for 0.9% of frames, with lattice depth (10,50,90-percentile)=(2,9,40) and mean=16.2
Phone Z_B accounts for 0.9% of frames, with lattice depth (10,50,90-percentile)=(2,11,46) and mean=19.5
Phone CC_I accounts for 0.9% of frames, with lattice depth (10,50,90-percentile)=(1,6,29) and mean=13.0
Phone AW_I accounts for 0.8% of frames, with lattice depth (10,50,90-percentile)=(2,7,35) and mean=14.2
Phone F_I accounts for 0.8% of frames, with lattice depth (10,50,90-percentile)=(1,5,29) and mean=12.1
Phone D_I accounts for 0.8% of frames, with lattice depth (10,50,90-percentile)=(1,8,40) and mean=17.3
Phone V_B accounts for 0.7% of frames, with lattice depth (10,50,90-percentile)=(3,15,60) and mean=26.0
Phone G_I accounts for 0.7% of frames, with lattice depth (10,50,90-percentile)=(1,7,38) and mean=15.4
Phone K_I accounts for 0.7% of frames, with lattice depth (10,50,90-percentile)=(1,7,38) and mean=14.8
Phone CC_E accounts for 0.7% of frames, with lattice depth (10,50,90-percentile)=(1,7,33) and mean=13.8
Phone SH_B accounts for 0.7% of frames, with lattice depth (10,50,90-percentile)=(2,11,43) and mean=18.6
Phone SH_I accounts for 0.7% of frames, with lattice depth (10,50,90-percentile)=(1,5,27) and mean=11.2
Phone K_B accounts for 0.7% of frames, with lattice depth (10,50,90-percentile)=(3,11,54) and mean=22.2
Phone Z_I accounts for 0.7% of frames, with lattice depth (10,50,90-percentile)=(1,5,30) and mean=11.5
Phone M_I accounts for 0.6% of frames, with lattice depth (10,50,90-percentile)=(1,7,39) and mean=16.3
Phone M_B accounts for 0.6% of frames, with lattice depth (10,50,90-percentile)=(3,14,59) and mean=23.7
Phone NG_E accounts for 0.6% of frames, with lattice depth (10,50,90-percentile)=(1,5,32) and mean=13.0
Phone G_B accounts for 0.5% of frames, with lattice depth (10,50,90-percentile)=(3,12,48) and mean=21.4
# Accounting: time=0 threads=1
# Ended (code 0) at Wed Jan 15 07:17:25 CET 2020, elapsed time 0 seconds
