# gmm-latgen-faster --max-active=7000 --beam=13.0 --lattice-beam=6.0 --acoustic-scale=0.083333 --allow-partial=true --word-symbol-table=exp/tri3a/graph/words.txt exp/tri3a/final.mdl exp/tri3a/graph/HCLG.fst "ark,s,cs:apply-cmvn  --utt2spk=ark:data/test/split4/2/utt2spk scp:data/test/split4/2/cmvn.scp scp:data/test/split4/2/feats.scp ark:- | splice-feats  ark:- ark:- | transform-feats exp/tri3a/final.mat ark:- ark:- |" "ark:|gzip -c > exp/tri3a/decode/lat.2.gz" 
# Started at Wed Jan 15 07:06:40 CET 2020
#
gmm-latgen-faster --max-active=7000 --beam=13.0 --lattice-beam=6.0 --acoustic-scale=0.083333 --allow-partial=true --word-symbol-table=exp/tri3a/graph/words.txt exp/tri3a/final.mdl exp/tri3a/graph/HCLG.fst 'ark,s,cs:apply-cmvn  --utt2spk=ark:data/test/split4/2/utt2spk scp:data/test/split4/2/cmvn.scp scp:data/test/split4/2/feats.scp ark:- | splice-feats  ark:- ark:- | transform-feats exp/tri3a/final.mat ark:- ark:- |' 'ark:|gzip -c > exp/tri3a/decode/lat.2.gz' 
apply-cmvn --utt2spk=ark:data/test/split4/2/utt2spk scp:data/test/split4/2/cmvn.scp scp:data/test/split4/2/feats.scp ark:- 
splice-feats ark:- ark:- 
transform-feats exp/tri3a/final.mat ark:- ark:- 
43889a1c-06d2-4540-9e45-9bd9ea9cfb67-151910371 UND DEN ALLES SCHIENEN AN RECHTE ZU TRETEN 
LOG (gmm-latgen-faster[5.5.513~2-b5f4cf]:DecodeUtteranceLatticeFaster():decoder-wrappers.cc:289) Log-like per frame for utterance 43889a1c-06d2-4540-9e45-9bd9ea9cfb67-151910371 is -4.586 over 303 frames.
43889a1c-06d2-4540-9e45-9bd9ea9cfb67-194110001 ES GIBT ALLERDINGS AUF DENEN DEN JAPANISCHEN ENTFACHEN 
LOG (gmm-latgen-faster[5.5.513~2-b5f4cf]:DecodeUtteranceLatticeFaster():decoder-wrappers.cc:289) Log-like per frame for utterance 43889a1c-06d2-4540-9e45-9bd9ea9cfb67-194110001 is -4.27253 over 507 frames.
43889a1c-06d2-4540-9e45-9bd9ea9cfb67-194210081 FRANKREICH IST EIN SICHER HABE HAT ES KANN EINE SEINE SCHULDEN ZURÜCKZAHLEN UND DAS DEFIZITE VIERZIG ZULETZT BESSER ENTWICKELT ALS ERWARTET 
LOG (gmm-latgen-faster[5.5.513~2-b5f4cf]:DecodeUtteranceLatticeFaster():decoder-wrappers.cc:289) Log-like per frame for utterance 43889a1c-06d2-4540-9e45-9bd9ea9cfb67-194210081 is -4.53966 over 970 frames.
43889a1c-06d2-4540-9e45-9bd9ea9cfb67-194312236 IM ERGEBNIS DIESER SENDUNG UND ALS DAS FLUG PERSONELLE UND VERWALTUNG FÄLLT WÜNSCHE ANGELEGENHEITEN ZUSTÄNDE KOCH KOCH KOMMISSIONSMITGLIED WEICH VERPFLICHTET FRAU GRAD IM UND HABEN ALS SCHRIFTLICH UM EINE BESTÄTIGUNG UND ERWEITERUNG DER FRAGE AUTO WARUM ZU BILDEN DAMIT DIE KOMMISSION ENTSCHEIDEN KONNTE AUCH DIE FRAGLICHEN ÄNDERUNG MAßNAHMEN ZWEITENS DER KOMMISSION ERFORDERN ODER NICHT DAS HABE ICH AM ZWEIUNDZWANZIG NOCH ERWARTET HABEN 
LOG (gmm-latgen-faster[5.5.513~2-b5f4cf]:DecodeUtteranceLatticeFaster():decoder-wrappers.cc:289) Log-like per frame for utterance 43889a1c-06d2-4540-9e45-9bd9ea9cfb67-194312236 is -4.57235 over 3164 frames.
43889a1c-06d2-4540-9e45-9bd9ea9cfb67-194414856 JUNI ACHT ZU ART ACHTEN ACHTZIG DURCH DIE BELGISCHEN KÖNNEN KILOGRAMM DEN ZWEITEN FREILICH ERFÜLLT 
LOG (gmm-latgen-faster[5.5.513~2-b5f4cf]:DecodeUtteranceLatticeFaster():decoder-wrappers.cc:289) Log-like per frame for utterance 43889a1c-06d2-4540-9e45-9bd9ea9cfb67-194414856 is -4.38636 over 769 frames.
43889a1c-06d2-4540-9e45-9bd9ea9cfb67-194511281 DAS IST EIN HISTORISCHER SIEBEN 
LOG (gmm-latgen-faster[5.5.513~2-b5f4cf]:DecodeUtteranceLatticeFaster():decoder-wrappers.cc:289) Log-like per frame for utterance 43889a1c-06d2-4540-9e45-9bd9ea9cfb67-194511281 is -4.20602 over 330 frames.
43889a1c-06d2-4540-9e45-9bd9ea9cfb67-194610131 ES DER GEHT VIER DIE AUFFORDERUNG ANGEHT MENSCHEN ICH STÄNDIG IM NACH IN DEN LAUFE DER GESCHICHTE ALLZU GREIFEN ZU FREUE DA SICH DER RICHTIGE ZUSTAND VON SELBST EIN STELLE BÄNDERN DER GESCHICHTE NUR DEN MÖGLICHKEIT AUFZUKLÄREN 
LOG (gmm-latgen-faster[5.5.513~2-b5f4cf]:DecodeUtteranceLatticeFaster():decoder-wrappers.cc:289) Log-like per frame for utterance 43889a1c-06d2-4540-9e45-9bd9ea9cfb67-194610131 is -4.45429 over 1577 frames.
43889a1c-06d2-4540-9e45-9bd9ea9cfb67-194714521 DAS VORHANDENSEIN VON HABEN WOHNEN WENNGLEICH DER STÄRKER HALTE SCHOKOLADE DER KONSUM VON ROM ICH THESEN DER EINSATZ VON TRANSPORT NEHMEN SAGT GUT SIND BEREICHE DIE SOWOHL FÜR DIE BÜRGER ALS AUCH FÜR DEN ABGEORDNETEN DEN ERZEUGER UND INSBESONDERE FÜR DEHNTE GESETZGEBER VON GROßER BEDEUTUNG ZU UND 
LOG (gmm-latgen-faster[5.5.513~2-b5f4cf]:DecodeUtteranceLatticeFaster():decoder-wrappers.cc:289) Log-like per frame for utterance 43889a1c-06d2-4540-9e45-9bd9ea9cfb67-194714521 is -4.55561 over 2320 frames.
43889a1c-06d2-4540-9e45-9bd9ea9cfb67-194814861 DAS MÄNNCHEN MIT DEM KEINE OFFENEN 
LOG (gmm-latgen-faster[5.5.513~2-b5f4cf]:DecodeUtteranceLatticeFaster():decoder-wrappers.cc:289) Log-like per frame for utterance 43889a1c-06d2-4540-9e45-9bd9ea9cfb67-194814861 is -4.07713 over 383 frames.
43889a1c-06d2-4540-9e45-9bd9ea9cfb67-194913376 HERR PRÄSIDENTIN DIE WEDER DER ÜBER SCHLANGEN DES VERGANGENEN SOLL MAßEN PAKISTAN WAR ANDERTHALB ZUR TIEREN UND DIE EUROPÄISCHE UNION HEUTE ES MAßNAHMEN UMSETZEN UND DEN MILLIONEN PAKISTAN DAZU HELFEN DEREN LEBEN VON DIESER SCHRECKLICHEN KATASTROPHE ZERSTÖRT WURDEN 
LOG (gmm-latgen-faster[5.5.513~2-b5f4cf]:DecodeUtteranceLatticeFaster():decoder-wrappers.cc:289) Log-like per frame for utterance 43889a1c-06d2-4540-9e45-9bd9ea9cfb67-194913376 is -4.56133 over 1856 frames.
43889a1c-06d2-4540-9e45-9bd9ea9cfb67-195014331 DIE MUSS UNSERER ART NATUR UNSERER GESCHÄFTSMODELL AUSDEHNUNG DAMIT WERDEN KONKURRENZ KAMPF NICHT VERLIEREN 
LOG (gmm-latgen-faster[5.5.513~2-b5f4cf]:DecodeUtteranceLatticeFaster():decoder-wrappers.cc:289) Log-like per frame for utterance 43889a1c-06d2-4540-9e45-9bd9ea9cfb67-195014331 is -4.67139 over 712 frames.
43889a1c-06d2-4540-9e45-9bd9ea9cfb67-195110851 IMMERHIN GEHT ES UM NICHT WENIGER ALS DAS LEBEN VON MENSCHEN 
LOG (gmm-latgen-faster[5.5.513~2-b5f4cf]:DecodeUtteranceLatticeFaster():decoder-wrappers.cc:289) Log-like per frame for utterance 43889a1c-06d2-4540-9e45-9bd9ea9cfb67-195110851 is -3.95475 over 570 frames.
43889a1c-06d2-4540-9e45-9bd9ea9cfb67-195214531 DER IST DEN STEHE DES FELL BEKANNT NUN MAL DA KANN AKTIVEN WAR ZU REHE AM MAL ENTSPRECHEND EIN SEHR MUSKELN SOLL CHARAKTER UND TROTZ SEINES JUNGEN JAHR ALS WAS EIN AUSGEZEICHNETER KANN FAHR IM UMGANG UND SEINER WAFFE DEN KARTHAGO MAN 
LOG (gmm-latgen-faster[5.5.513~2-b5f4cf]:DecodeUtteranceLatticeFaster():decoder-wrappers.cc:289) Log-like per frame for utterance 43889a1c-06d2-4540-9e45-9bd9ea9cfb67-195214531 is -4.50243 over 1847 frames.
43889a1c-06d2-4540-9e45-9bd9ea9cfb67-195312121 DAS HABEN DIE NICHT ERREICHEN WURDEN 
LOG (gmm-latgen-faster[5.5.513~2-b5f4cf]:DecodeUtteranceLatticeFaster():decoder-wrappers.cc:289) Log-like per frame for utterance 43889a1c-06d2-4540-9e45-9bd9ea9cfb67-195312121 is -3.91468 over 291 frames.
43889a1c-06d2-4540-9e45-9bd9ea9cfb67-195413131 UNS ADLER IN UNSERER KLEINASIEN ZUM SIND ÖFFENTLICHEN UND ES IST VIER EIN SEHR SCHLECHTER EINDRUCK IN STARKEN 
LOG (gmm-latgen-faster[5.5.513~2-b5f4cf]:DecodeUtteranceLatticeFaster():decoder-wrappers.cc:289) Log-like per frame for utterance 43889a1c-06d2-4540-9e45-9bd9ea9cfb67-195413131 is -4.39012 over 909 frames.
43889a1c-06d2-4540-9e45-9bd9ea9cfb67-195512721 EIN PROBLEM KÖNNEN EINEN WACHSEN WAREN BESTEHEN 
LOG (gmm-latgen-faster[5.5.513~2-b5f4cf]:DecodeUtteranceLatticeFaster():decoder-wrappers.cc:289) Log-like per frame for utterance 43889a1c-06d2-4540-9e45-9bd9ea9cfb67-195512721 is -4.24428 over 431 frames.
43889a1c-06d2-4540-9e45-9bd9ea9cfb67-195614961 WIR HABEN X BREMEN REICHTUM AUF DER EINEN SEITE UND GROßEN ÖFFENTLICHEN ARMUT AUF DER AN UND SOLLTEN 
LOG (gmm-latgen-faster[5.5.513~2-b5f4cf]:DecodeUtteranceLatticeFaster():decoder-wrappers.cc:289) Log-like per frame for utterance 43889a1c-06d2-4540-9e45-9bd9ea9cfb67-195614961 is -4.32036 over 799 frames.
43889a1c-06d2-4540-9e45-9bd9ea9cfb67-195712446 IN WIR BEREICH DES STRAFRECHT EINIGE VERLAUF BESCHRÄNKTE BITTE FLUG MÜSSE ALTEN SOLL DANN SOLLTEN SICH DIESER AN GRUNDSÄTZLICHEN UND ESSEN FÄLLEN REGELUNGEN ORIENTIEREN DIE DEN MENSCHEN MÖCHTE VON UNSERE BÜRGER GARANTIEN 
LOG (gmm-latgen-faster[5.5.513~2-b5f4cf]:DecodeUtteranceLatticeFaster():decoder-wrappers.cc:289) Log-like per frame for utterance 43889a1c-06d2-4540-9e45-9bd9ea9cfb67-195712446 is -4.44514 over 1722 frames.
43889a1c-06d2-4540-9e45-9bd9ea9cfb67-195812906 DURCH DIE VON IHNEN EINGEFÜHRTE REDLICHKEIT GEGEN DIE ERFÄHRT IN NUN ICH VERDRÄNGT DER DIE URSPRÜNGLICHEN GEHT FRAUEN 
LOG (gmm-latgen-faster[5.5.513~2-b5f4cf]:DecodeUtteranceLatticeFaster():decoder-wrappers.cc:289) Log-like per frame for utterance 43889a1c-06d2-4540-9e45-9bd9ea9cfb67-195812906 is -4.31115 over 1147 frames.
4a831451-c0c2-44e7-b425-4467307a29e6-160112651 ZWEITENS WURDE DAS POLITISCHEN LÄNDERN BESSERER WEITERER VERSUCH AUFGEFASST EIN EUROPA DER ZWEITE SCHNELLIGKEIT ZU SCHAFFEN IST INNERSTER KEHREN AUS DEN WIRTSCHAFTLICH WETTBEWERBSFÄHIG LÄNDERN BESTEHT FÜR 
LOG (gmm-latgen-faster[5.5.513~2-b5f4cf]:DecodeUtteranceLatticeFaster():decoder-wrappers.cc:289) Log-like per frame for utterance 4a831451-c0c2-44e7-b425-4467307a29e6-160112651 is -5.16462 over 1191 frames.
4a831451-c0c2-44e7-b425-4467307a29e6-160211971 AUF EIN DIESER IST IN FINANZMÄRKTE DAS ES ELF FÜR MUSSTE UND KABEL WIESBADEN VOR ALLEN DURCH UND DIE KNIE LUST BEKANNTHEIT ERLANGT HAT DEN 
LOG (gmm-latgen-faster[5.5.513~2-b5f4cf]:DecodeUtteranceLatticeFaster():decoder-wrappers.cc:289) Log-like per frame for utterance 4a831451-c0c2-44e7-b425-4467307a29e6-160211971 is -5.09914 over 878 frames.
4a831451-c0c2-44e7-b425-4467307a29e6-160314051 NATÜRLICH MÜSSEN NOCH AN DER EINE ODER ANDERE STELLE NACH GEWISSER QUER ABER INSGESAMT ZEIT UMSTELLUNG VON ERFOLGREICH DIE WIESEN FÜR 
LOG (gmm-latgen-faster[5.5.513~2-b5f4cf]:DecodeUtteranceLatticeFaster():decoder-wrappers.cc:289) Log-like per frame for utterance 4a831451-c0c2-44e7-b425-4467307a29e6-160314051 is -5.1622 over 728 frames.
4a831451-c0c2-44e7-b425-4467307a29e6-160414486 DAS AUF WIRKLICH FÜR FRUSTRATION 
LOG (gmm-latgen-faster[5.5.513~2-b5f4cf]:DecodeUtteranceLatticeFaster():decoder-wrappers.cc:289) Log-like per frame for utterance 4a831451-c0c2-44e7-b425-4467307a29e6-160414486 is -5.19504 over 279 frames.
4a831451-c0c2-44e7-b425-4467307a29e6-160514186 WAS EINS UM WIRKLICH ERSCHIEN IST VON REALITÄT 
LOG (gmm-latgen-faster[5.5.513~2-b5f4cf]:DecodeUtteranceLatticeFaster():decoder-wrappers.cc:289) Log-like per frame for utterance 4a831451-c0c2-44e7-b425-4467307a29e6-160514186 is -4.93362 over 402 frames.
4a831451-c0c2-44e7-b425-4467307a29e6-160612481 DAR ZWEI NIEDERLAGE ENTWICKLUNG ZEIT HABEN ODER ZEITRAUM IST LASSEN VERFAHREN DURCH LAUFEN MÜSSEN WODURCH DIE ERICH TIERE RAT WECHSEL SOWIE TÄTIG DEUTLICH VERKÜRZT WIRD WURDE JEDER EUROPÄISCHEN UNION ABER AUCH IN ANDEREN LÄNDERN ERGÄNZENDE SCHUTZ TÄTIGKEITEN EINGEFÜHRTEN 
LOG (gmm-latgen-faster[5.5.513~2-b5f4cf]:DecodeUtteranceLatticeFaster():decoder-wrappers.cc:289) Log-like per frame for utterance 4a831451-c0c2-44e7-b425-4467307a29e6-160612481 is -5.40662 over 1574 frames.
4a831451-c0c2-44e7-b425-4467307a29e6-160710261 IN STÄDTE AUCH DER BERICHT DAS ABGEORDNETEN KARTHAGISCHE AUSSPRACHE DIE ICH BEI DIESE GELEGENHEIT ZUSAMMEN DOKUMENT ÜBER DIE VERARBEITUNG PERSONEN GEFORDERT ARTEN MEHR SCHUTZ DER PRIVATSPHÄRE TIER KOMMUNIKATION ZU BEREICH BEGLÜCKWÜNSCHEN 
LOG (gmm-latgen-faster[5.5.513~2-b5f4cf]:DecodeUtteranceLatticeFaster():decoder-wrappers.cc:289) Log-like per frame for utterance 4a831451-c0c2-44e7-b425-4467307a29e6-160710261 is -5.23573 over 1347 frames.
4a831451-c0c2-44e7-b425-4467307a29e6-160813561 DER WEST FALL DES DRAMATISCH ERNSTES VON GROßER WERDEN UMGEBEN DER AUS GREIFEN GRUNDRECHTEN UND DEREN AUßENSEITE DAS MIR DRUCK DER VERBINDUNG ZWAR VERLÄUFT 
LOG (gmm-latgen-faster[5.5.513~2-b5f4cf]:DecodeUtteranceLatticeFaster():decoder-wrappers.cc:289) Log-like per frame for utterance 4a831451-c0c2-44e7-b425-4467307a29e6-160813561 is -4.84716 over 1039 frames.
4a831451-c0c2-44e7-b425-4467307a29e6-160914086 IN SIE HEUTE DIESER STARK VERFOLGEN SOVIEL DIE DIE ANDERE UND RECHTS JAHR AUGEN DIESER VERFOLGEN ZU SPIELT WIEDER IN AN ANDEREN 
LOG (gmm-latgen-faster[5.5.513~2-b5f4cf]:DecodeUtteranceLatticeFaster():decoder-wrappers.cc:289) Log-like per frame for utterance 4a831451-c0c2-44e7-b425-4467307a29e6-160914086 is -4.95097 over 902 frames.
4a831451-c0c2-44e7-b425-4467307a29e6-161012171 AUF IHREM VON ZWANZIG KILOMETER LANGEN LAUFE IN BEZIEHT ENTHÄLT WAR IN WEIßEN WAR DIE GROßER UND UNTER GESTEINE NACH AUF 
LOG (gmm-latgen-faster[5.5.513~2-b5f4cf]:DecodeUtteranceLatticeFaster():decoder-wrappers.cc:289) Log-like per frame for utterance 4a831451-c0c2-44e7-b425-4467307a29e6-161012171 is -4.77144 over 868 frames.
4a831451-c0c2-44e7-b425-4467307a29e6-161113691 EIN PROZESS GEGEN DIE MUTMAßLICHEN TÄTER IST DER DES WICHTIGER ALS SCHNELLIGKEIT 
LOG (gmm-latgen-faster[5.5.513~2-b5f4cf]:DecodeUtteranceLatticeFaster():decoder-wrappers.cc:289) Log-like per frame for utterance 4a831451-c0c2-44e7-b425-4467307a29e6-161113691 is -4.59707 over 580 frames.
4a831451-c0c2-44e7-b425-4467307a29e6-161211596 DER GEMEINSCHAFT GEDANKE WURDE JEDOCH UND VERWIES BEREITS IM JAHRE NEUNZEHN FÜNFZIG GEBOREN ES DAS WEITER FÄLLT ICH WIEDER EUROPÄISCHEN FÜR BEREITS FÜHRUNG ODER DER VEREINTEN STAATEN VON EUROPA ERSTMALS UMRISSEN WURDEN 
LOG (gmm-latgen-faster[5.5.513~2-b5f4cf]:DecodeUtteranceLatticeFaster():decoder-wrappers.cc:289) Log-like per frame for utterance 4a831451-c0c2-44e7-b425-4467307a29e6-161211596 is -4.92081 over 1340 frames.
4a831451-c0c2-44e7-b425-4467307a29e6-161311871 ICH MÖCHTE SIE BILDEN WILL SIE DIES NICHT BEREITS GETAN RAHMEN IN PRÄSIDENTEN DER VEREINTEN STAATEN ANRUFEN ZU SCHREIBEN UND DEN AUF SO FORDERN DIE GEGEN TEAM WEG WILL DIE DEN RECHTSSYSTEME TERRORISTEN UND BAU WIEDER VON HOB EUROPA LÄNGSTE GROßE SPRACHEN LEBENSLÄNGLICHE ACHTEN ZU BANDEN 
LOG (gmm-latgen-faster[5.5.513~2-b5f4cf]:DecodeUtteranceLatticeFaster():decoder-wrappers.cc:289) Log-like per frame for utterance 4a831451-c0c2-44e7-b425-4467307a29e6-161311871 is -4.95599 over 1835 frames.
4a831451-c0c2-44e7-b425-4467307a29e6-161414346 NOCH NEUNZEHNTEN SONNE KANN AUCH DER BAU DER KRIEG SCHWANZ UND BEUTE FÜR GRENZE URTEIL LANG AUSZAHLUNG ÜBER TAUBE RAT DEN NACH BETRACHTEN LIEST DIE ES GEHT WACHSEN SECHZEHN VIERZIG GESTELLT WURDEN 
LOG (gmm-latgen-faster[5.5.513~2-b5f4cf]:DecodeUtteranceLatticeFaster():decoder-wrappers.cc:289) Log-like per frame for utterance 4a831451-c0c2-44e7-b425-4467307a29e6-161414346 is -5.0993 over 1245 frames.
4a831451-c0c2-44e7-b425-4467307a29e6-161515121 SCHLIEßLICH WERDEN JÄHRLICH ZWANZIG MILLIONEN EURO LEDIGLICH SPD DIE DIE GEBEN 
LOG (gmm-latgen-faster[5.5.513~2-b5f4cf]:DecodeUtteranceLatticeFaster():decoder-wrappers.cc:289) Log-like per frame for utterance 4a831451-c0c2-44e7-b425-4467307a29e6-161515121 is -5.09716 over 517 frames.
4a831451-c0c2-44e7-b425-4467307a29e6-161612741 EUROPA BACKEN DIE ALS ENTWICKLUNGSHILFE ZU BIETEN 
LOG (gmm-latgen-faster[5.5.513~2-b5f4cf]:DecodeUtteranceLatticeFaster():decoder-wrappers.cc:289) Log-like per frame for utterance 4a831451-c0c2-44e7-b425-4467307a29e6-161612741 is -4.11994 over 441 frames.
4a831451-c0c2-44e7-b425-4467307a29e6-161714081 DABEI DREHTE ZU DIESEN FREITOD WAREN ZU BAROCK FAHRRAD AUF DER ERST SCHIENE AN TEAM DEM EINIGEN 
LOG (gmm-latgen-faster[5.5.513~2-b5f4cf]:DecodeUtteranceLatticeFaster():decoder-wrappers.cc:289) Log-like per frame for utterance 4a831451-c0c2-44e7-b425-4467307a29e6-161714081 is -4.82386 over 761 frames.
4a831451-c0c2-44e7-b425-4467307a29e6-161810216 DER FORTSETZEN DER BAUTE BISCHOFSKONFERENZ ERZBISCHOF ROM WEITER VORLIEGT ICH NACH ICH VORGABEN AUS DAS DER DEN BERICHT VORAUSSICHTLICH IN DER NUR ZWEITAUSENDVIERZEHN ERHÄLT HAT 
LOG (gmm-latgen-faster[5.5.513~2-b5f4cf]:DecodeUtteranceLatticeFaster():decoder-wrappers.cc:289) Log-like per frame for utterance 4a831451-c0c2-44e7-b425-4467307a29e6-161810216 is -4.94231 over 1159 frames.
4a831451-c0c2-44e7-b425-4467307a29e6-161911866 SELBSTVERSTÄNDLICH GIBT DIES MEHR FORMULIERUNG DES EINEM ODER DES ANDEREN ÄNDERUNGSANTRAG SPIELT UNTERSCHIEDE BRAUCHEN SIE AUF DAS GLEICHEN HINAUS 
LOG (gmm-latgen-faster[5.5.513~2-b5f4cf]:DecodeUtteranceLatticeFaster():decoder-wrappers.cc:289) Log-like per frame for utterance 4a831451-c0c2-44e7-b425-4467307a29e6-161911866 is -4.82208 over 891 frames.
4a831451-c0c2-44e7-b425-4467307a29e6-162013831 ZUGLEICH WIEDER ALLES GUTEN VOR DER REPUTATION WIEDER ER ZUSTIMMEN 
LOG (gmm-latgen-faster[5.5.513~2-b5f4cf]:DecodeUtteranceLatticeFaster():decoder-wrappers.cc:289) Log-like per frame for utterance 4a831451-c0c2-44e7-b425-4467307a29e6-162013831 is -4.54039 over 509 frames.
4a831451-c0c2-44e7-b425-4467307a29e6-162114256 ICH OFFENE DAS HÄPPCHEN HOC DIESE DEBATTE VERFOLGT UND ZUSTANDE BEDECKT DANKEN MACHEN WIRD 
LOG (gmm-latgen-faster[5.5.513~2-b5f4cf]:DecodeUtteranceLatticeFaster():decoder-wrappers.cc:289) Log-like per frame for utterance 4a831451-c0c2-44e7-b425-4467307a29e6-162114256 is -4.7606 over 598 frames.
4a831451-c0c2-44e7-b425-4467307a29e6-162212911 UND WIRD ANDEREN AUSGEHEN DAS DIESE OFT VIELLEICHT ABBRUCH PRAKTISCHE BEWOHNERN AUF DER EBENE GÄSTE BESIEDELTEN REALITÄT BEINHALTET VERMUTEN 
LOG (gmm-latgen-faster[5.5.513~2-b5f4cf]:DecodeUtteranceLatticeFaster():decoder-wrappers.cc:289) Log-like per frame for utterance 4a831451-c0c2-44e7-b425-4467307a29e6-162212911 is -5.34416 over 842 frames.
4a831451-c0c2-44e7-b425-4467307a29e6-162310671 MITTEL DES JAHRES NEUNZEHN SECHZIG VERLUST ZWISCHEN DEM BEIDEN LÄNDERN ZU EINEM ENDGÜLTIGEN PRO UND DIE SO WIRD UNION ZUR DEN JULI NEUNZIG SECHZIG IHRE NOCH VORGEGEBENEN RUND UND KANN TAUSEND OB SOWJETISCHEN BERATER HABEN 
LOG (gmm-latgen-faster[5.5.513~2-b5f4cf]:DecodeUtteranceLatticeFaster():decoder-wrappers.cc:289) Log-like per frame for utterance 4a831451-c0c2-44e7-b425-4467307a29e6-162310671 is -4.95732 over 1295 frames.
4a831451-c0c2-44e7-b425-4467307a29e6-162413746 IN GERNE MUSS DAHER FREI SEIN VON VERFAHRENS WENIGSTEN 
LOG (gmm-latgen-faster[5.5.513~2-b5f4cf]:DecodeUtteranceLatticeFaster():decoder-wrappers.cc:289) Log-like per frame for utterance 4a831451-c0c2-44e7-b425-4467307a29e6-162413746 is -4.32268 over 437 frames.
4a831451-c0c2-44e7-b425-4467307a29e6-162511401 ICH STELLT EINE ENORME GEFAHRGUT GESUNDHEIT WELTWEIT DAR DIE MIT DER BESSERER ANDEREN DERARTIGEN WERDEN ERWEISEN AUTO DIE UND DARÜBER JEDES ARTEN DER BETROFFENEN PARK BESSER WAREN UND MÖGLICHKEITEN STEIGEN DAMIT AUF DIE DIE FRIEDLICHEN AUS TUN IMMER GRÖßE WIRD VON 
LOG (gmm-latgen-faster[5.5.513~2-b5f4cf]:DecodeUtteranceLatticeFaster():decoder-wrappers.cc:289) Log-like per frame for utterance 4a831451-c0c2-44e7-b425-4467307a29e6-162511401 is -5.10316 over 1597 frames.
4a831451-c0c2-44e7-b425-4467307a29e6-162613426 DAS HOCH MODERNE GEBÄUDE VERGRÖßERT DIE DIE PRIORITÄT BIS DIE RECHTEN DIESER DES WEIß STRAßE UM STATUS VERZICHTEN MITGLIED DIE GUT LASSEN 
LOG (gmm-latgen-faster[5.5.513~2-b5f4cf]:DecodeUtteranceLatticeFaster():decoder-wrappers.cc:289) Log-like per frame for utterance 4a831451-c0c2-44e7-b425-4467307a29e6-162613426 is -4.89186 over 905 frames.
4a831451-c0c2-44e7-b425-4467307a29e6-162711671 DIES IST EINE WEITERE INTERESSANTE FRAGEN 
LOG (gmm-latgen-faster[5.5.513~2-b5f4cf]:DecodeUtteranceLatticeFaster():decoder-wrappers.cc:289) Log-like per frame for utterance 4a831451-c0c2-44e7-b425-4467307a29e6-162711671 is -4.68115 over 297 frames.
4a831451-c0c2-44e7-b425-4467307a29e6-162811841 ICH SCHLANGEN DER EUROZONE SIND ALLERDINGS NICHT NEUEN UND ROM BEKANNT UND 
LOG (gmm-latgen-faster[5.5.513~2-b5f4cf]:DecodeUtteranceLatticeFaster():decoder-wrappers.cc:289) Log-like per frame for utterance 4a831451-c0c2-44e7-b425-4467307a29e6-162811841 is -5.01483 over 522 frames.
4a831451-c0c2-44e7-b425-4467307a29e6-162910151 IST MAßVOLL HANNIBAL REGIERUNG FESTUNG WEITERE WURDE DEN WIEDER DIEBURG MUSS GRÖßE VON VIER ZU MANNSCHAFTEN NACHDEM IN DER VORAUSSETZUNG DEN DREI BREITE NUR ZWEI AUF STEIGERT FOLGTEN 
LOG (gmm-latgen-faster[5.5.513~2-b5f4cf]:DecodeUtteranceLatticeFaster():decoder-wrappers.cc:289) Log-like per frame for utterance 4a831451-c0c2-44e7-b425-4467307a29e6-162910151 is -4.95157 over 1096 frames.
4a831451-c0c2-44e7-b425-4467307a29e6-163013456 WORT HAT NICHT MIT GERECHTIGKEIT ZU TUN 
LOG (gmm-latgen-faster[5.5.513~2-b5f4cf]:DecodeUtteranceLatticeFaster():decoder-wrappers.cc:289) Log-like per frame for utterance 4a831451-c0c2-44e7-b425-4467307a29e6-163013456 is -4.44544 over 408 frames.
4a831451-c0c2-44e7-b425-4467307a29e6-163112641 DABEI ANGESICHTS MEINE BEDEUTUNG ERFOLGE GEHT ALLE DIESE FRAGEN SIND HORSTE SCHWIERIG UND HALTEN 
LOG (gmm-latgen-faster[5.5.513~2-b5f4cf]:DecodeUtteranceLatticeFaster():decoder-wrappers.cc:289) Log-like per frame for utterance 4a831451-c0c2-44e7-b425-4467307a29e6-163112641 is -5.16396 over 653 frames.
4a831451-c0c2-44e7-b425-4467307a29e6-163212841 NACH DETAILS ANDEREN DER WECHSELTE ANDERE BEI DEN GEWINNERN AUF DEN SPIELER DER DIE GEGNERISCHE AN FÜR AUFWAND IN KEINE EIN FEDERPARTIEN AUF DIE SPIELER BITTE MAßEN PUNKTEN 
LOG (gmm-latgen-faster[5.5.513~2-b5f4cf]:DecodeUtteranceLatticeFaster():decoder-wrappers.cc:289) Log-like per frame for utterance 4a831451-c0c2-44e7-b425-4467307a29e6-163212841 is -4.96557 over 1106 frames.
4a831451-c0c2-44e7-b425-4467307a29e6-163313306 IN MUT ICH AUF EINER PARK 
LOG (gmm-latgen-faster[5.5.513~2-b5f4cf]:DecodeUtteranceLatticeFaster():decoder-wrappers.cc:289) Log-like per frame for utterance 4a831451-c0c2-44e7-b425-4467307a29e6-163313306 is -4.63394 over 335 frames.
4a831451-c0c2-44e7-b425-4467307a29e6-163410776 ERREICHTE FORTSCHRITTE SIND EBENSO TORE KOMMENTIEREN WIE ERFOLGREICH MODELL PROJEKTE AN DER 
LOG (gmm-latgen-faster[5.5.513~2-b5f4cf]:DecodeUtteranceLatticeFaster():decoder-wrappers.cc:289) Log-like per frame for utterance 4a831451-c0c2-44e7-b425-4467307a29e6-163410776 is -4.79718 over 605 frames.
4a831451-c0c2-44e7-b425-4467307a29e6-163513266 WEIT ANNAHME DAS GILT BEUTE RICHTIG DIE RECHTE UND DIE EHREN 
LOG (gmm-latgen-faster[5.5.513~2-b5f4cf]:DecodeUtteranceLatticeFaster():decoder-wrappers.cc:289) Log-like per frame for utterance 4a831451-c0c2-44e7-b425-4467307a29e6-163513266 is -4.60868 over 499 frames.
4a831451-c0c2-44e7-b425-4467307a29e6-163614246 WIE ERBE DER VERBRAUCHER CHRISTUS SICH ERGÄNZT DIE LAGE FÜR DIENEN MIT JENE DIE PREISE HOCH SIND IN UND DIESE VERBRAUCHER SOLLTE IM ZENTRUM DER ENERGIE POLITIK STEHEN DIE BRAUN DIES IN DEM BERICHT VON FRAU IM UNS KANN 
LOG (gmm-latgen-faster[5.5.513~2-b5f4cf]:DecodeUtteranceLatticeFaster():decoder-wrappers.cc:289) Log-like per frame for utterance 4a831451-c0c2-44e7-b425-4467307a29e6-163614246 is -5.04439 over 1244 frames.
4a831451-c0c2-44e7-b425-4467307a29e6-163713726 DER JURISTISCHE TRÄGER DER WASHINGTON DER SCHNELL GESICHT FÄLLEN UND IHRE EINRICHTUNGEN DER DER SCHNELL GEZIELT WAS RUHE SIND ALLERDINGS RUHE DIE JUNI IST HOHEN UND GEZIELT ERFREULICH IST EINE STIFTUNG DIE BEI DAS TREND ER DIES GRAUTÖNEN TEXT DIE TREFFEN BELGISCHEN 
LOG (gmm-latgen-faster[5.5.513~2-b5f4cf]:DecodeUtteranceLatticeFaster():decoder-wrappers.cc:289) Log-like per frame for utterance 4a831451-c0c2-44e7-b425-4467307a29e6-163713726 is -5.07348 over 1735 frames.
4a831451-c0c2-44e7-b425-4467307a29e6-163811566 ICH HABEN DIE MEINE WESTEN GEDANKEN ANGELAUFEN UND STRENGE KEINE DANKEN DIES HOCHSCHULE ER WÄHREND DAS BEI DIE NICHT EINGEHEN LOS ODER DER 
LOG (gmm-latgen-faster[5.5.513~2-b5f4cf]:DecodeUtteranceLatticeFaster():decoder-wrappers.cc:289) Log-like per frame for utterance 4a831451-c0c2-44e7-b425-4467307a29e6-163811566 is -5.01587 over 789 frames.
4a831451-c0c2-44e7-b425-4467307a29e6-163910191 FUß IST SICH FÜHRT DIE ZEITLICHE ZEITPUNKT ERNEUT GUTE DINGE AN VIELEN ORTEN ZU ALLE EINHEITLICHEN MIT ACHTTAUSEND 
LOG (gmm-latgen-faster[5.5.513~2-b5f4cf]:DecodeUtteranceLatticeFaster():decoder-wrappers.cc:289) Log-like per frame for utterance 4a831451-c0c2-44e7-b425-4467307a29e6-163910191 is -5.06326 over 733 frames.
4a831451-c0c2-44e7-b425-4467307a29e6-164013931 DIE DIE ERBE AUF PFLEGE WAREN FOLGT RÖMISCHER ART MIT EINER DARGELEGT ZEHN 
LOG (gmm-latgen-faster[5.5.513~2-b5f4cf]:DecodeUtteranceLatticeFaster():decoder-wrappers.cc:289) Log-like per frame for utterance 4a831451-c0c2-44e7-b425-4467307a29e6-164013931 is -4.55971 over 576 frames.
4a831451-c0c2-44e7-b425-4467307a29e6-164114626 IN MENSCHENRECHTE SIE DIE GRUNDLAGE FÜR DEMOKRATIE UND DEMOKRATIE IST IHRE SCHUTZ UND DIE FÖRDERUNG VON MENSCHENRECHTE UND NACHDEM WAREN 
LOG (gmm-latgen-faster[5.5.513~2-b5f4cf]:DecodeUtteranceLatticeFaster():decoder-wrappers.cc:289) Log-like per frame for utterance 4a831451-c0c2-44e7-b425-4467307a29e6-164114626 is -4.97001 over 794 frames.
4a831451-c0c2-44e7-b425-4467307a29e6-164213381 ABER AUCH IM DIE DIE WIR IST ER ZEIGT NICHT TERMIN ICH 
LOG (gmm-latgen-faster[5.5.513~2-b5f4cf]:DecodeUtteranceLatticeFaster():decoder-wrappers.cc:289) Log-like per frame for utterance 4a831451-c0c2-44e7-b425-4467307a29e6-164213381 is -4.63343 over 413 frames.
4a831451-c0c2-44e7-b425-4467307a29e6-164314966 WIE SCHNELL DAS GLÜCK VORSTELLEN 
LOG (gmm-latgen-faster[5.5.513~2-b5f4cf]:DecodeUtteranceLatticeFaster():decoder-wrappers.cc:289) Log-like per frame for utterance 4a831451-c0c2-44e7-b425-4467307a29e6-164314966 is -4.19298 over 306 frames.
4a831451-c0c2-44e7-b425-4467307a29e6-164411246 DESHALB IST DIE DIE EINE DIES INTERESSIERTEN ZUSAMMENARBEIT ANGEBOTEN ZU HAT 
LOG (gmm-latgen-faster[5.5.513~2-b5f4cf]:DecodeUtteranceLatticeFaster():decoder-wrappers.cc:289) Log-like per frame for utterance 4a831451-c0c2-44e7-b425-4467307a29e6-164411246 is -5.22864 over 533 frames.
4a831451-c0c2-44e7-b425-4467307a29e6-164511726 IHM STEHT AUF BEIDEN ZEITEN VON OBEN DARUM EINREICHUNG VON JE DREI WENIG GEGEN ZU FORT ERKENNBAR AN IHREN HOCH EROBERTEN FLÜGELN DIE KLEINE KOSTEN HOFFEN SKLAVEN GEWÄNDER DEREN FALTENWURF BEREITS ANGEBOTEN ERGIBT 
LOG (gmm-latgen-faster[5.5.513~2-b5f4cf]:DecodeUtteranceLatticeFaster():decoder-wrappers.cc:289) Log-like per frame for utterance 4a831451-c0c2-44e7-b425-4467307a29e6-164511726 is -4.98952 over 1463 frames.
4a831451-c0c2-44e7-b425-4467307a29e6-164614696 EINE DAS NICHT ENTSCHULDIGUNG EUROPAS HEUTE ER ABER VORGABEN GEBRACHT 
LOG (gmm-latgen-faster[5.5.513~2-b5f4cf]:DecodeUtteranceLatticeFaster():decoder-wrappers.cc:289) Log-like per frame for utterance 4a831451-c0c2-44e7-b425-4467307a29e6-164614696 is -4.63767 over 532 frames.
4a831451-c0c2-44e7-b425-4467307a29e6-164715001 ES ERST ES KÖNNTE MAN DIE RICHTUNG DER ART TYPISCHEN TEILZEITARBEIT EINSCHLAGEN WIE DAS KONZEPT DES PAKTES DIE UNTERSTÜTZEN WÜRDEN 
LOG (gmm-latgen-faster[5.5.513~2-b5f4cf]:DecodeUtteranceLatticeFaster():decoder-wrappers.cc:289) Log-like per frame for utterance 4a831451-c0c2-44e7-b425-4467307a29e6-164715001 is -4.74917 over 824 frames.
4a831451-c0c2-44e7-b425-4467307a29e6-164811991 AN DER DER SCHLAGEN DES ABER JAHRES WURDE DIE GESELLSCHAFT BEIM SPÄTEREN VERKAUF VERDIENEN 
LOG (gmm-latgen-faster[5.5.513~2-b5f4cf]:DecodeUtteranceLatticeFaster():decoder-wrappers.cc:289) Log-like per frame for utterance 4a831451-c0c2-44e7-b425-4467307a29e6-164811991 is -4.61295 over 615 frames.
4a831451-c0c2-44e7-b425-4467307a29e6-164913886 DA NÄCHSTES RICHTIG IN WIR DEN UNTERSUCHT MUSS BERICHT ÜBER DEN UND FALL ABWARTEN 
LOG (gmm-latgen-faster[5.5.513~2-b5f4cf]:DecodeUtteranceLatticeFaster():decoder-wrappers.cc:289) Log-like per frame for utterance 4a831451-c0c2-44e7-b425-4467307a29e6-164913886 is -4.68 over 580 frames.
4a831451-c0c2-44e7-b425-4467307a29e6-165011481 DURCH MIGRATION ENTSTEHEN PARTNER ALS GEGENSÄTZE DIE ES GEGEN KRÄFTIG EXAKTEN 
LOG (gmm-latgen-faster[5.5.513~2-b5f4cf]:DecodeUtteranceLatticeFaster():decoder-wrappers.cc:289) Log-like per frame for utterance 4a831451-c0c2-44e7-b425-4467307a29e6-165011481 is -4.61729 over 631 frames.
4a831451-c0c2-44e7-b425-4467307a29e6-165113621 WIR MÖCHTE LIEGT NEUEN WIE BEGEISTERT WIR VOM KUCHEN 
LOG (gmm-latgen-faster[5.5.513~2-b5f4cf]:DecodeUtteranceLatticeFaster():decoder-wrappers.cc:289) Log-like per frame for utterance 4a831451-c0c2-44e7-b425-4467307a29e6-165113621 is -4.57783 over 418 frames.
4a831451-c0c2-44e7-b425-4467307a29e6-165212251 IN MITGLIEDSTAATEN STELL AUF UND DURCH ERKENNBAR DIE DIE UND NATÜRLICH UNTERSCHIEDLICHE ANFORDERUNGEN ABBAU PROJEKTEN 
LOG (gmm-latgen-faster[5.5.513~2-b5f4cf]:DecodeUtteranceLatticeFaster():decoder-wrappers.cc:289) Log-like per frame for utterance 4a831451-c0c2-44e7-b425-4467307a29e6-165212251 is -5.19157 over 707 frames.
4a831451-c0c2-44e7-b425-4467307a29e6-165315041 EINZIGE FORDERT ORGANISATIONEN DIE DEN WIE DIE WIE BEITRETEN IST 
LOG (gmm-latgen-faster[5.5.513~2-b5f4cf]:DecodeUtteranceLatticeFaster():decoder-wrappers.cc:289) Log-like per frame for utterance 4a831451-c0c2-44e7-b425-4467307a29e6-165315041 is -4.79918 over 539 frames.
4a831451-c0c2-44e7-b425-4467307a29e6-165413086 DIE JUGENDLICHEN TERMIN NUR DIE WIRKLICHEN ZEHEN GERUFEN 
LOG (gmm-latgen-faster[5.5.513~2-b5f4cf]:DecodeUtteranceLatticeFaster():decoder-wrappers.cc:289) Log-like per frame for utterance 4a831451-c0c2-44e7-b425-4467307a29e6-165413086 is -4.5411 over 420 frames.
4a831451-c0c2-44e7-b425-4467307a29e6-165611616 HEUTE GIBT DES WENIGER IN ROM DRITTEN 
LOG (gmm-latgen-faster[5.5.513~2-b5f4cf]:DecodeUtteranceLatticeFaster():decoder-wrappers.cc:289) Log-like per frame for utterance 4a831451-c0c2-44e7-b425-4467307a29e6-165611616 is -4.31717 over 350 frames.
4a831451-c0c2-44e7-b425-4467307a29e6-165714701 OBERZENTREN ACHTZIG BIS WORTE NEUNZIG WAR MEHR ABTEILUNG ZWEITER IN WELCHE VIELEN ADJEKTIV PETITION TROTZ DANN 
LOG (gmm-latgen-faster[5.5.513~2-b5f4cf]:DecodeUtteranceLatticeFaster():decoder-wrappers.cc:289) Log-like per frame for utterance 4a831451-c0c2-44e7-b425-4467307a29e6-165714701 is -5.23238 over 785 frames.
4a831451-c0c2-44e7-b425-4467307a29e6-165810161 ZU ES ICH INNEREN TRANSPARENZ NÄMLICH IN DER GLOBALEN DIE VERKEHR DIE 
LOG (gmm-latgen-faster[5.5.513~2-b5f4cf]:DecodeUtteranceLatticeFaster():decoder-wrappers.cc:289) Log-like per frame for utterance 4a831451-c0c2-44e7-b425-4467307a29e6-165810161 is -5.11444 over 493 frames.
4a831451-c0c2-44e7-b425-4467307a29e6-165910831 WIR DIE BIS UNS GESELLSCHAFT AUCH ANGEHT MUSS AKZEPTIEREN DAS DIE KLUFT ZWISCHEN GUT SCHLAU DADURCH NICHT ETWA VERSCHWINDET ZU MÖGLICH SICHTBAR VARIIERT IN 
LOG (gmm-latgen-faster[5.5.513~2-b5f4cf]:DecodeUtteranceLatticeFaster():decoder-wrappers.cc:289) Log-like per frame for utterance 4a831451-c0c2-44e7-b425-4467307a29e6-165910831 is -4.93929 over 954 frames.
4a831451-c0c2-44e7-b425-4467307a29e6-166011221 DIE ENTSCHEIDUNG DABEI IN BREMEN ABZUSTIMMEN WAFFEN WUNSCH DES EUROPÄISCHEN PARLAMENTS BESTEHEN IN BEZUG AUF DIESE FRAGE EINDEUTIG POSITION ZU BEZIEHEN VOR ALLEN UNTER BERÜCKSICHTIGUNG DES POLITISCHEN KONSENS DER ZU SCHNELL DREI GRÖßE FRAKTIONEN GEZIELT WORDEN IST 
LOG (gmm-latgen-faster[5.5.513~2-b5f4cf]:DecodeUtteranceLatticeFaster():decoder-wrappers.cc:289) Log-like per frame for utterance 4a831451-c0c2-44e7-b425-4467307a29e6-166011221 is -5.07895 over 1602 frames.
4a831451-c0c2-44e7-b425-4467307a29e6-166110471 DIE MÖGLICHKEITEN VOM SCHULE DURCH ZU VERSCHWUNDEN LEISTEN SCHWÄCHE BERUHT LEISTEN STÄRKERE SCHNELLEREN HOCHSCHULE FÜR MEHR ZU FÖRDERN UND ZU FORTAN MÜSSEN IN ALLEM BUNDESLÄNDERN STARK AUSGEBAUT WERDEN 
LOG (gmm-latgen-faster[5.5.513~2-b5f4cf]:DecodeUtteranceLatticeFaster():decoder-wrappers.cc:289) Log-like per frame for utterance 4a831451-c0c2-44e7-b425-4467307a29e6-166110471 is -4.79087 over 1186 frames.
4a831451-c0c2-44e7-b425-4467307a29e6-166213816 DIE SCHLUSS DIE DER DAS UNABHÄNGIG ART REGION DER ACHTUNDZWANZIGSTEN WENIGE FRAU TÄLER UND ALTE GEHALTEN EBENFALLS ZU TRITT AN 
LOG (gmm-latgen-faster[5.5.513~2-b5f4cf]:DecodeUtteranceLatticeFaster():decoder-wrappers.cc:289) Log-like per frame for utterance 4a831451-c0c2-44e7-b425-4467307a29e6-166213816 is -5.13292 over 791 frames.
4a831451-c0c2-44e7-b425-4467307a29e6-166313701 MOTTO WURDE DIESER ZEIT ÜBER DIE GRENZEN DEUTSCHLANDS HINAUS BEKANNT 
LOG (gmm-latgen-faster[5.5.513~2-b5f4cf]:DecodeUtteranceLatticeFaster():decoder-wrappers.cc:289) Log-like per frame for utterance 4a831451-c0c2-44e7-b425-4467307a29e6-166313701 is -4.59163 over 503 frames.
4a831451-c0c2-44e7-b425-4467307a29e6-166413626 SIE SCHONENDE DER OFFENE DER REGION ROM ALS NICHT DIE FIEL WORT GROßEN EINE DEUTLICHE REGELUNG GEGEN FRANKREICH AUTO UND RUSSISCHE WEITER VERBINDET ÜBER DIE ODER ABSPIELEN 
LOG (gmm-latgen-faster[5.5.513~2-b5f4cf]:DecodeUtteranceLatticeFaster():decoder-wrappers.cc:289) Log-like per frame for utterance 4a831451-c0c2-44e7-b425-4467307a29e6-166413626 is -5.10325 over 1091 frames.
4a831451-c0c2-44e7-b425-4467307a29e6-166512971 JEDENFALLS SIND DIE WEGE VERTRETER DIE EINZIGEN DIE SICH VOR DER BÜRGERN ERKLÄREN MÜSSEN 
LOG (gmm-latgen-faster[5.5.513~2-b5f4cf]:DecodeUtteranceLatticeFaster():decoder-wrappers.cc:289) Log-like per frame for utterance 4a831451-c0c2-44e7-b425-4467307a29e6-166512971 is -5.01557 over 573 frames.
4a831451-c0c2-44e7-b425-4467307a29e6-166613536 ICH BRACHTEN VOR DORT EINIGE AB JEDER DES WO DIE AUS MIT WELCHER VOR DIE UHR SPRECHEN AUGEN HEUTIGEN UND DARAN JAHR SCHWANZ KUGEL GEWERBE DAS EINE ALLEM STUDIE FUHREN 
LOG (gmm-latgen-faster[5.5.513~2-b5f4cf]:DecodeUtteranceLatticeFaster():decoder-wrappers.cc:289) Log-like per frame for utterance 4a831451-c0c2-44e7-b425-4467307a29e6-166613536 is -5.05932 over 1125 frames.
4a831451-c0c2-44e7-b425-4467307a29e6-166710621 DAS IST SOZIALER STRENG KLUFT FUHR UND DREI DEMOKRATISCH TATSÄCHLICH DIESER BESTAND ABFÜHRTEN 
LOG (gmm-latgen-faster[5.5.513~2-b5f4cf]:DecodeUtteranceLatticeFaster():decoder-wrappers.cc:289) Log-like per frame for utterance 4a831451-c0c2-44e7-b425-4467307a29e6-166710621 is -4.78081 over 660 frames.
4a831451-c0c2-44e7-b425-4467307a29e6-166810221 JETZT MUSS DAS GESAMTE PARLAMENT DER WISSENSCHAFT WENIG ZIEL UND DER WIRTSCHAFT IN DIE MITGLIEDSTAATEN EBENSO UNION GEBIETEN DIE ZUKUNFT DER DIE UND RECHNUNG LOGISCH GEBIRGE SCHON WEIßEN 
LOG (gmm-latgen-faster[5.5.513~2-b5f4cf]:DecodeUtteranceLatticeFaster():decoder-wrappers.cc:289) Log-like per frame for utterance 4a831451-c0c2-44e7-b425-4467307a29e6-166810221 is -4.99486 over 1096 frames.
4a831451-c0c2-44e7-b425-4467307a29e6-166910681 HABEN ÜBERHAUPT OPTIMAL 
LOG (gmm-latgen-faster[5.5.513~2-b5f4cf]:DecodeUtteranceLatticeFaster():decoder-wrappers.cc:289) Log-like per frame for utterance 4a831451-c0c2-44e7-b425-4467307a29e6-166910681 is -5.00108 over 279 frames.
4a831451-c0c2-44e7-b425-4467307a29e6-167012736 DIE WERDEN WURDEN DIE KRIEG TIEFER DA TIERE UND VERZICHTEN 
LOG (gmm-latgen-faster[5.5.513~2-b5f4cf]:DecodeUtteranceLatticeFaster():decoder-wrappers.cc:289) Log-like per frame for utterance 4a831451-c0c2-44e7-b425-4467307a29e6-167012736 is -4.33284 over 460 frames.
4a831451-c0c2-44e7-b425-4467307a29e6-167112371 ICH SELBST BEUTE ZUNÄCHST AUCH WIEDER SCHAUSPIELERIN WERDEN 
LOG (gmm-latgen-faster[5.5.513~2-b5f4cf]:DecodeUtteranceLatticeFaster():decoder-wrappers.cc:289) Log-like per frame for utterance 4a831451-c0c2-44e7-b425-4467307a29e6-167112371 is -4.65466 over 418 frames.
4a831451-c0c2-44e7-b425-4467307a29e6-167214471 INSBESONDERE BALL ITALIENISCHEN GEBIETE UND DAS KÖNIGREICH ITALIEN UND VOR ALPEN UNTER WOHL HANDBALL ABTRETEN 
LOG (gmm-latgen-faster[5.5.513~2-b5f4cf]:DecodeUtteranceLatticeFaster():decoder-wrappers.cc:289) Log-like per frame for utterance 4a831451-c0c2-44e7-b425-4467307a29e6-167214471 is -4.89807 over 782 frames.
4a831451-c0c2-44e7-b425-4467307a29e6-167314616 ICH PROGRAMME DIE BEFUGNISSE WEITER IN AUS LIEGEN 
LOG (gmm-latgen-faster[5.5.513~2-b5f4cf]:DecodeUtteranceLatticeFaster():decoder-wrappers.cc:289) Log-like per frame for utterance 4a831451-c0c2-44e7-b425-4467307a29e6-167314616 is -4.87049 over 400 frames.
4a831451-c0c2-44e7-b425-4467307a29e6-167414951 ZUGE KRÄFTIGEN DES ANTRAGS WIE ZIELE PRÄSIDENT ZU JEDOCH EINGEBRACHT HABEN UND DIE SCHLAGEN DAS DIE KONFERENZ DER PRÄSIDENTEN DIE TAGESORDNUNG FÜR DAS PLENUM FESTLEGT UND NICHT DAS PRÄSIDIUM 
LOG (gmm-latgen-faster[5.5.513~2-b5f4cf]:DecodeUtteranceLatticeFaster():decoder-wrappers.cc:289) Log-like per frame for utterance 4a831451-c0c2-44e7-b425-4467307a29e6-167414951 is -5.20573 over 1159 frames.
4a831451-c0c2-44e7-b425-4467307a29e6-167513921 DIE DIESE VORSTELLEN DEN EINE BASIS FÜR DAS INNE UND AUCH DAGEGEN DIESER FAST LOS UNS DAS FÜR DIE VERSTEHEN TRITT WOBEI WAREN STRECKEN BEREITSTELLT UM DIENEN UNTERSCHIEDLICHEN SITUATION ERFOLGREICH ZU AGIEREN 
LOG (gmm-latgen-faster[5.5.513~2-b5f4cf]:DecodeUtteranceLatticeFaster():decoder-wrappers.cc:289) Log-like per frame for utterance 4a831451-c0c2-44e7-b425-4467307a29e6-167513921 is -4.95967 over 1405 frames.
4a831451-c0c2-44e7-b425-4467307a29e6-167610206 DIE STAATSREGIERUNG PLANT ANDERE KONNTEN 
LOG (gmm-latgen-faster[5.5.513~2-b5f4cf]:DecodeUtteranceLatticeFaster():decoder-wrappers.cc:289) Log-like per frame for utterance 4a831451-c0c2-44e7-b425-4467307a29e6-167610206 is -4.27443 over 394 frames.
4a831451-c0c2-44e7-b425-4467307a29e6-167710086 MÜSSEN FERNER ANERKENNUNG DAS SICH EINIGE DER ZUWANDERER DEM ZUWANDERUNG SKLAVEN DER LASSEN UND DORT EINROLLEN 
LOG (gmm-latgen-faster[5.5.513~2-b5f4cf]:DecodeUtteranceLatticeFaster():decoder-wrappers.cc:289) Log-like per frame for utterance 4a831451-c0c2-44e7-b425-4467307a29e6-167710086 is -5.11251 over 693 frames.
4a831451-c0c2-44e7-b425-4467307a29e6-167813201 IN DIESER DENKE IST EINSAM FREUND IST AUCH DIE FRAU ICH ZWEIHUNDERT 
LOG (gmm-latgen-faster[5.5.513~2-b5f4cf]:DecodeUtteranceLatticeFaster():decoder-wrappers.cc:289) Log-like per frame for utterance 4a831451-c0c2-44e7-b425-4467307a29e6-167813201 is -4.87362 over 506 frames.
4a831451-c0c2-44e7-b425-4467307a29e6-167912311 ICH STADTSTAAT AUSSAGE DAMIT IN CANNAE IN AN STAAT DER EUROPÄISCHEN ROM NUR MIT DIE KRIEGSGLÜCK WIE UND DIE THEMEN DAS ICH DER GEGEN DEN DAS SICH KEIN ADLER DIE IN EINEM WEITEN FAHRT HABEN WILL DAS NICHT UNSEREN STANDARDS MESSEN LANDES AUCH IMMER ENTSPRICHT ZU 
LOG (gmm-latgen-faster[5.5.513~2-b5f4cf]:DecodeUtteranceLatticeFaster():decoder-wrappers.cc:289) Log-like per frame for utterance 4a831451-c0c2-44e7-b425-4467307a29e6-167912311 is -5.03029 over 1584 frames.
4a831451-c0c2-44e7-b425-4467307a29e6-168011366 DIE REGIERUNGEN SOLLEN AUßERDEM DIE VERKNÜPFUNG UND VON STAATLICHEN MIT KOMMUNALEN NETZWERKEN ERLEICHTERN UND UNTERSTÜTZEN 
LOG (gmm-latgen-faster[5.5.513~2-b5f4cf]:DecodeUtteranceLatticeFaster():decoder-wrappers.cc:289) Log-like per frame for utterance 4a831451-c0c2-44e7-b425-4467307a29e6-168011366 is -4.9015 over 763 frames.
4a831451-c0c2-44e7-b425-4467307a29e6-168112116 DIE ANTWORT MUSS ALSO AUGEN NICHT WIEDER VERGANGENHEIT VERSPRECHUNGEN ZU MACHEN FORDERN MIR WETTBEWERB ZU ERMÖGLICHEN DIE KOMMISSION TUT VIER VERBINDLICH WIEDER ETWAS DAS GETROFFEN 
LOG (gmm-latgen-faster[5.5.513~2-b5f4cf]:DecodeUtteranceLatticeFaster():decoder-wrappers.cc:289) Log-like per frame for utterance 4a831451-c0c2-44e7-b425-4467307a29e6-168112116 is -4.74459 over 1220 frames.
4a831451-c0c2-44e7-b425-4467307a29e6-168212691 DIE STAAT FÜR EINS JAHR HATTE DIESEM DREI TROTZ BEIM ACHTZIG VON ROLLE SIEBEN PROZENT DIESE RICHTLINIE AUFGENOMMEN 
LOG (gmm-latgen-faster[5.5.513~2-b5f4cf]:DecodeUtteranceLatticeFaster():decoder-wrappers.cc:289) Log-like per frame for utterance 4a831451-c0c2-44e7-b425-4467307a29e6-168212691 is -4.82196 over 754 frames.
4a831451-c0c2-44e7-b425-4467307a29e6-168314831 ES HANDEL SICH BEI DEN KERN ES RUF ANFRAGE GETROFFEN LUFT DRITTEL DIE ENTLANG GEWÖHNLICH IN ANDERE GEZIELT 
LOG (gmm-latgen-faster[5.5.513~2-b5f4cf]:DecodeUtteranceLatticeFaster():decoder-wrappers.cc:289) Log-like per frame for utterance 4a831451-c0c2-44e7-b425-4467307a29e6-168314831 is -4.86438 over 861 frames.
4a831451-c0c2-44e7-b425-4467307a29e6-168410996 DIESER NEUE ANSATZ WIRD AUCH DIE BEDEUTUNG VON AUTO WEG STARKEN ERHEBLICH VERÄNDERTE UND WIEDER NEUE GESCHÄFT MÖGLICHKEITEN ERSCHLIEßEN 
LOG (gmm-latgen-faster[5.5.513~2-b5f4cf]:DecodeUtteranceLatticeFaster():decoder-wrappers.cc:289) Log-like per frame for utterance 4a831451-c0c2-44e7-b425-4467307a29e6-168410996 is -4.75856 over 827 frames.
4a831451-c0c2-44e7-b425-4467307a29e6-168514336 ICH IN DIE TAT NACH NICHT ETWA ZUFOLGE HABEN DAS WENIG DER BEREITS SIND UND UNTER DER SCHWER NACH SPRACH DER VEREINT NATIONEN ÜBRIGEN OPERATIONEN ZU BETEILIGEN 
LOG (gmm-latgen-faster[5.5.513~2-b5f4cf]:DecodeUtteranceLatticeFaster():decoder-wrappers.cc:289) Log-like per frame for utterance 4a831451-c0c2-44e7-b425-4467307a29e6-168514336 is -4.87244 over 1108 frames.
4a831451-c0c2-44e7-b425-4467307a29e6-168614581 DAGEGEN EXISTIERT VIER DIE WEITEREN BEREICHEN 
LOG (gmm-latgen-faster[5.5.513~2-b5f4cf]:DecodeUtteranceLatticeFaster():decoder-wrappers.cc:289) Log-like per frame for utterance 4a831451-c0c2-44e7-b425-4467307a29e6-168614581 is -4.74151 over 354 frames.
4a831451-c0c2-44e7-b425-4467307a29e6-168710896 DESWEGEN DER IST GUT ES DIE DAZU ETWAS SAGEN WÜRDEN HAT 
LOG (gmm-latgen-faster[5.5.513~2-b5f4cf]:DecodeUtteranceLatticeFaster():decoder-wrappers.cc:289) Log-like per frame for utterance 4a831451-c0c2-44e7-b425-4467307a29e6-168710896 is -4.68492 over 420 frames.
4a831451-c0c2-44e7-b425-4467307a29e6-168810156 IN SO LASSEN SICH DER INDUSTRIE FREMDER UND DER INTERNET TEXT AUS SIEBEN UNTER VENUS ZWEITAUSEND NICHT INSTALLIEREN 
LOG (gmm-latgen-faster[5.5.513~2-b5f4cf]:DecodeUtteranceLatticeFaster():decoder-wrappers.cc:289) Log-like per frame for utterance 4a831451-c0c2-44e7-b425-4467307a29e6-168810156 is -4.92602 over 699 frames.
4a831451-c0c2-44e7-b425-4467307a29e6-168912151 WEDER SIND NICHT DIE WAS UND ARTEN FORT ARTEN ABER IMMER LÄNDERN 
LOG (gmm-latgen-faster[5.5.513~2-b5f4cf]:DecodeUtteranceLatticeFaster():decoder-wrappers.cc:289) Log-like per frame for utterance 4a831451-c0c2-44e7-b425-4467307a29e6-168912151 is -4.58417 over 470 frames.
4a831451-c0c2-44e7-b425-4467307a29e6-169014691 ES KANN BERICHTE EINEN DAS DER ARBEITEN DIES DER FÜR ARBEIT HILFT UND DER WIRTSCHAFTSMINISTER FÜR INSOLVENZEN 
LOG (gmm-latgen-faster[5.5.513~2-b5f4cf]:DecodeUtteranceLatticeFaster():decoder-wrappers.cc:289) Log-like per frame for utterance 4a831451-c0c2-44e7-b425-4467307a29e6-169014691 is -4.84385 over 734 frames.
4a831451-c0c2-44e7-b425-4467307a29e6-169113611 FLIEßEN DIE GRENZEN ZWISCHEN NUKLEAREN NICHT NOCH ERWACHEN STELLEN EINE GEFÄHRLICHE ENTWICKLUNG DAR UND DIE PRO ABBRUCH AUCH EINZUSETZEN HAT IN BEKANNTLICH DES FINDEN VON LÖSUNGEN BEISPIELSWEISE MIR WAR BEISPIELSWEISE IRAN ODER SCHWEDEN 
LOG (gmm-latgen-faster[5.5.513~2-b5f4cf]:DecodeUtteranceLatticeFaster():decoder-wrappers.cc:289) Log-like per frame for utterance 4a831451-c0c2-44e7-b425-4467307a29e6-169113611 is -5.06818 over 1557 frames.
4a831451-c0c2-44e7-b425-4467307a29e6-169212126 DA MACHEN DER ELFTE DAS MILITÄR VERPACHTET DAS AUF DEM SCHRIFTLICH EIN KEHRTE GESPIELT MACHTE ACHTZEHN RECHTS SEIN WURDE DER KREUZGANG ABGERISSEN DAS ABGEORDNETE ADLER MIT MACHE BESTIMMUNGEN 
LOG (gmm-latgen-faster[5.5.513~2-b5f4cf]:DecodeUtteranceLatticeFaster():decoder-wrappers.cc:289) Log-like per frame for utterance 4a831451-c0c2-44e7-b425-4467307a29e6-169212126 is -4.991 over 1225 frames.
5a4078f1-66df-45a5-82b8-b9d17b1bc1c2-126012266 EINE WÜRDE SICH DAS EINKOMMEN DER BÄREN ROMS ERZEUGER STABILISIEREN 
LOG (gmm-latgen-faster[5.5.513~2-b5f4cf]:DecodeUtteranceLatticeFaster():decoder-wrappers.cc:289) Log-like per frame for utterance 5a4078f1-66df-45a5-82b8-b9d17b1bc1c2-126012266 is -4.56971 over 494 frames.
5a4078f1-66df-45a5-82b8-b9d17b1bc1c2-126115016 DIE TATSACHE DAS DAS UM DER STAATLICHEN BEIHILFEN EUROPA ZURÜCKZUGEHEN SCHEINT STÄNDIG VORSICHTIG OPTIMISTISCH 
LOG (gmm-latgen-faster[5.5.513~2-b5f4cf]:DecodeUtteranceLatticeFaster():decoder-wrappers.cc:289) Log-like per frame for utterance 5a4078f1-66df-45a5-82b8-b9d17b1bc1c2-126115016 is -4.2923 over 959 frames.
5a4078f1-66df-45a5-82b8-b9d17b1bc1c2-126213116 MENSCH METER BITTE BIN WENIG DER RUHIGE OBWOHL WENDIG MEISTENS AUFGETRETENE DAS DEN 
LOG (gmm-latgen-faster[5.5.513~2-b5f4cf]:DecodeUtteranceLatticeFaster():decoder-wrappers.cc:289) Log-like per frame for utterance 5a4078f1-66df-45a5-82b8-b9d17b1bc1c2-126213116 is -4.63589 over 681 frames.
5a4078f1-66df-45a5-82b8-b9d17b1bc1c2-126311066 SEHR NEUNZEHNHUNDERT EIN ACHTZIG STEHT SEHR INSGESAMT ANLAGEN UNTER DENKMALSCHUTZ 
LOG (gmm-latgen-faster[5.5.513~2-b5f4cf]:DecodeUtteranceLatticeFaster():decoder-wrappers.cc:289) Log-like per frame for utterance 5a4078f1-66df-45a5-82b8-b9d17b1bc1c2-126311066 is -4.75819 over 522 frames.
5a4078f1-66df-45a5-82b8-b9d17b1bc1c2-126412521 DIE BETRIEB SICHERHEIT VERORDNUNG FORDERN UMFASSENDES KONZEPT UM DIESEN BEFASSEN GEBIETEN 
LOG (gmm-latgen-faster[5.5.513~2-b5f4cf]:DecodeUtteranceLatticeFaster():decoder-wrappers.cc:289) Log-like per frame for utterance 5a4078f1-66df-45a5-82b8-b9d17b1bc1c2-126412521 is -4.59389 over 689 frames.
5a4078f1-66df-45a5-82b8-b9d17b1bc1c2-126510336 DIE DER BEITRAG BESCHREIBT DAS ZU KOLONIE TYPISCHEN MODELL DAS ZU ANALYSE DER REGIONALEN BESCHÄFTIGUNGS ENTWICKLUNG IN FRAU EINER VERWENDET WIRD 
LOG (gmm-latgen-faster[5.5.513~2-b5f4cf]:DecodeUtteranceLatticeFaster():decoder-wrappers.cc:289) Log-like per frame for utterance 5a4078f1-66df-45a5-82b8-b9d17b1bc1c2-126510336 is -4.66496 over 1028 frames.
5a4078f1-66df-45a5-82b8-b9d17b1bc1c2-126610276 DIE SICH REDEZEIT FELDHERR STUNDE DEN WAR BEINE BESONDERE HALTEN VOR 
LOG (gmm-latgen-faster[5.5.513~2-b5f4cf]:DecodeUtteranceLatticeFaster():decoder-wrappers.cc:289) Log-like per frame for utterance 5a4078f1-66df-45a5-82b8-b9d17b1bc1c2-126610276 is -4.38144 over 507 frames.
5a4078f1-66df-45a5-82b8-b9d17b1bc1c2-126712191 DIE SO EINSATZ DER FREI TEXTE MÜNDEN BEFÖRDERT DIE KOSTEN AUF IST KATASTROPHEN SCHÜTZT WEITER UND MACHTSPIEL ES MEHR 
LOG (gmm-latgen-faster[5.5.513~2-b5f4cf]:DecodeUtteranceLatticeFaster():decoder-wrappers.cc:289) Log-like per frame for utterance 5a4078f1-66df-45a5-82b8-b9d17b1bc1c2-126712191 is -4.57878 over 801 frames.
5a4078f1-66df-45a5-82b8-b9d17b1bc1c2-126815106 DOCH DIE VERGANGENHEIT UND DIE NEIN 
LOG (gmm-latgen-faster[5.5.513~2-b5f4cf]:DecodeUtteranceLatticeFaster():decoder-wrappers.cc:289) Log-like per frame for utterance 5a4078f1-66df-45a5-82b8-b9d17b1bc1c2-126815106 is -3.84069 over 407 frames.
5a4078f1-66df-45a5-82b8-b9d17b1bc1c2-126912206 WIR SOLLTEN DIESES ZIEL DURCH DIE UMSETZUNG DER LEITLINIEN IN DER RICHTLINIE FÜR DEN NACHHALTIGEN EINSATZ VON IST DIE ZIEHEN ERREICHEN 
LOG (gmm-latgen-faster[5.5.513~2-b5f4cf]:DecodeUtteranceLatticeFaster():decoder-wrappers.cc:289) Log-like per frame for utterance 5a4078f1-66df-45a5-82b8-b9d17b1bc1c2-126912206 is -4.52325 over 820 frames.
5a4078f1-66df-45a5-82b8-b9d17b1bc1c2-127011551 DABEI LEDIGLICH ERREICHEN LANGE ZEIT DIE AUSGRENZUNG GLEICHZEITIG EIN SCHUTZ FOLGE GERMANISCHEN STELLEN 
LOG (gmm-latgen-faster[5.5.513~2-b5f4cf]:DecodeUtteranceLatticeFaster():decoder-wrappers.cc:289) Log-like per frame for utterance 5a4078f1-66df-45a5-82b8-b9d17b1bc1c2-127011551 is -4.49021 over 709 frames.
5a4078f1-66df-45a5-82b8-b9d17b1bc1c2-127112801 IM BUNDES BÜRGER SPUREN DAS DIE BANKEN BEI DER BERATEN ZURÜCK HALTEN ÜBER WORDEN SIND 
LOG (gmm-latgen-faster[5.5.513~2-b5f4cf]:DecodeUtteranceLatticeFaster():decoder-wrappers.cc:289) Log-like per frame for utterance 5a4078f1-66df-45a5-82b8-b9d17b1bc1c2-127112801 is -4.43077 over 614 frames.
5a4078f1-66df-45a5-82b8-b9d17b1bc1c2-127210636 DIESE DIENSTLEISTUNGEN ENTSPRECHEN AUCH DEN ANFORDERUNGEN UNSERER ZEIT IN DER VOM INTERNETZUGANG FÜR ALLE GESPROCHEN WIRD 
LOG (gmm-latgen-faster[5.5.513~2-b5f4cf]:DecodeUtteranceLatticeFaster():decoder-wrappers.cc:289) Log-like per frame for utterance 5a4078f1-66df-45a5-82b8-b9d17b1bc1c2-127210636 is -4.54966 over 741 frames.
5a4078f1-66df-45a5-82b8-b9d17b1bc1c2-127314421 DIE NACH ALLEM VON GEBIETE DES LUST ES GEHÖREN DEN ZENTRALEN HANDELS DIE DES KRIEG IN DER STADT AM 
LOG (gmm-latgen-faster[5.5.513~2-b5f4cf]:DecodeUtteranceLatticeFaster():decoder-wrappers.cc:289) Log-like per frame for utterance 5a4078f1-66df-45a5-82b8-b9d17b1bc1c2-127314421 is -4.57124 over 701 frames.
5a4078f1-66df-45a5-82b8-b9d17b1bc1c2-127413811 ABER JEDEN IHRER WORTE WAREN ZU MÄRKTEN DAS SIE AN 
LOG (gmm-latgen-faster[5.5.513~2-b5f4cf]:DecodeUtteranceLatticeFaster():decoder-wrappers.cc:289) Log-like per frame for utterance 5a4078f1-66df-45a5-82b8-b9d17b1bc1c2-127413811 is -4.1801 over 477 frames.
5a4078f1-66df-45a5-82b8-b9d17b1bc1c2-127514901 EINE POLITISCHE LÖSUNG IST NICHT NEUEN RUSSLAND ZAHLREICHEN DAZU MUSS ES AUCH AUF DER ZWISCHEN MISCHEN SEITE PARTNER GEBEN MIT DEN ANDERE WERDEN KANN 
LOG (gmm-latgen-faster[5.5.513~2-b5f4cf]:DecodeUtteranceLatticeFaster():decoder-wrappers.cc:289) Log-like per frame for utterance 5a4078f1-66df-45a5-82b8-b9d17b1bc1c2-127514901 is -4.65086 over 980 frames.
5a4078f1-66df-45a5-82b8-b9d17b1bc1c2-127614931 ÜBER DIE IT NUR WAREN GIBT DIES GIBT ES BISHER NACH KEINE GRÖßE BERICHT NATUR 
LOG (gmm-latgen-faster[5.5.513~2-b5f4cf]:DecodeUtteranceLatticeFaster():decoder-wrappers.cc:289) Log-like per frame for utterance 5a4078f1-66df-45a5-82b8-b9d17b1bc1c2-127614931 is -4.45902 over 561 frames.
5a4078f1-66df-45a5-82b8-b9d17b1bc1c2-127712071 ICH WÜNSCHE AUF MIR STUNDEN ZWANZIG MINUTEN ZU VERFÜGUNG WENN DES GIBT ZAHLREICHE SEHR WICHTIGE THEMEN BEREICHE 
LOG (gmm-latgen-faster[5.5.513~2-b5f4cf]:DecodeUtteranceLatticeFaster():decoder-wrappers.cc:289) Log-like per frame for utterance 5a4078f1-66df-45a5-82b8-b9d17b1bc1c2-127712071 is -4.51902 over 805 frames.
5a4078f1-66df-45a5-82b8-b9d17b1bc1c2-127811526 APRIL NEUNZEHN DREI NEUNZIG UNTERBREITETEN DIE VEREINTEN NATIONEN GEBIETE EIN BEDEUTET BUNDESREGIERUNG DIE OPERATIONEN WO NUR SOGEN ZWEI ZU UNTERSTÜTZEN 
LOG (gmm-latgen-faster[5.5.513~2-b5f4cf]:DecodeUtteranceLatticeFaster():decoder-wrappers.cc:289) Log-like per frame for utterance 5a4078f1-66df-45a5-82b8-b9d17b1bc1c2-127811526 is -4.47728 over 1137 frames.
5a4078f1-66df-45a5-82b8-b9d17b1bc1c2-127910421 ES DER FÜR NICHT SEIN DAS DIE KORREKTUR DEN VERSICHERTEN ÜBERLASSEN WERDE UND DIE VERSICHERUNG SO VON IM EIGENTLICHER PROFITIEREN 
LOG (gmm-latgen-faster[5.5.513~2-b5f4cf]:DecodeUtteranceLatticeFaster():decoder-wrappers.cc:289) Log-like per frame for utterance 5a4078f1-66df-45a5-82b8-b9d17b1bc1c2-127910421 is -4.48731 over 840 frames.
5a4078f1-66df-45a5-82b8-b9d17b1bc1c2-128014161 DIE KONZENTRATION BEWEGUNG HINGEGEN WIRD ZUM GRÖßTEN DREI VEREINT REGELT PARTNER ÜBERNOMMEN 
LOG (gmm-latgen-faster[5.5.513~2-b5f4cf]:DecodeUtteranceLatticeFaster():decoder-wrappers.cc:289) Log-like per frame for utterance 5a4078f1-66df-45a5-82b8-b9d17b1bc1c2-128014161 is -4.44483 over 631 frames.
5a4078f1-66df-45a5-82b8-b9d17b1bc1c2-128111736 UNSERE LÄNDER STEHEN SOMIT VOLL ERFOLGE BEIM HERAUSFORDERUNG 
LOG (gmm-latgen-faster[5.5.513~2-b5f4cf]:DecodeUtteranceLatticeFaster():decoder-wrappers.cc:289) Log-like per frame for utterance 5a4078f1-66df-45a5-82b8-b9d17b1bc1c2-128111736 is -4.24609 over 459 frames.
5a4078f1-66df-45a5-82b8-b9d17b1bc1c2-128211811 BIS KEINE GERADE ZUM EINEN LUST VON SEINE WERDEN 
LOG (gmm-latgen-faster[5.5.513~2-b5f4cf]:DecodeUtteranceLatticeFaster():decoder-wrappers.cc:289) Log-like per frame for utterance 5a4078f1-66df-45a5-82b8-b9d17b1bc1c2-128211811 is -4.13026 over 430 frames.
5a4078f1-66df-45a5-82b8-b9d17b1bc1c2-128312866 IST ES MÖGLICH DEN BEI KANN WEITERHIN VON ERWEITERUNG AUS ZU KLAMMERN UND NICHT ZU BEDENKEN DAS GRAD SIE MAZEDONIEN ANDERE LÄNDER EBENFALLS EIN RECHTE AUF HABEN IN DIESEN GEMEINSAMEN AUS ZU WOHNEN 
LOG (gmm-latgen-faster[5.5.513~2-b5f4cf]:DecodeUtteranceLatticeFaster():decoder-wrappers.cc:289) Log-like per frame for utterance 5a4078f1-66df-45a5-82b8-b9d17b1bc1c2-128312866 is -4.59157 over 1141 frames.
5a4078f1-66df-45a5-82b8-b9d17b1bc1c2-128412771 ES ERLASSEN SAMMELN VEREINBARUNGEN BITTE HERSTELLUNG VON TRAFEN FUNDIERTEN SCHIFFEN VERWENDET 
LOG (gmm-latgen-faster[5.5.513~2-b5f4cf]:DecodeUtteranceLatticeFaster():decoder-wrappers.cc:289) Log-like per frame for utterance 5a4078f1-66df-45a5-82b8-b9d17b1bc1c2-128412771 is -4.54718 over 697 frames.
5a4078f1-66df-45a5-82b8-b9d17b1bc1c2-128513531 DIE ZUKUNFT DAS EUROPÄISCHEN SOZIALEN DES 
LOG (gmm-latgen-faster[5.5.513~2-b5f4cf]:DecodeUtteranceLatticeFaster():decoder-wrappers.cc:289) Log-like per frame for utterance 5a4078f1-66df-45a5-82b8-b9d17b1bc1c2-128513531 is -4.14869 over 412 frames.
5a4078f1-66df-45a5-82b8-b9d17b1bc1c2-128610591 DER SOZIALAKTEURE ZUR ANLASS ÜBERNOMMEN WERDEN EINE ERSTE AUSWEITUNG ERGEBNISSE DER VON KANN NEBEN KOCH AUCH GEWALTIGEN PASTA FROST BESCHÄFTIGUNG VORZUNEHMEN UND EIN MEINES AUS AUF ÜBER DIE WACHSTUMS INITIATIVE ZU FÜHLEN BEHINDERUNG BESCHÄFTIGUNGS EFFEKT DIE BESONDERS BERÜCKSICHTIGT WERDEN 
LOG (gmm-latgen-faster[5.5.513~2-b5f4cf]:DecodeUtteranceLatticeFaster():decoder-wrappers.cc:289) Log-like per frame for utterance 5a4078f1-66df-45a5-82b8-b9d17b1bc1c2-128610591 is -4.82476 over 1745 frames.
5a4078f1-66df-45a5-82b8-b9d17b1bc1c2-128714911 SCHARF EIN WORT DER ZUM ENDE DES ZWEITEN WELTKRIEGES IN KEINE GEARBEITET LEIDER AUCH SO VIER REGIONEN NIE DES KENNEN ANNEHMEN FRAU AN VON ZWANZIG DIE FÜR DAS AUßEN IST TERMIN AUCH HEUTE 
LOG (gmm-latgen-faster[5.5.513~2-b5f4cf]:DecodeUtteranceLatticeFaster():decoder-wrappers.cc:289) Log-like per frame for utterance 5a4078f1-66df-45a5-82b8-b9d17b1bc1c2-128714911 is -4.60146 over 1278 frames.
5a4078f1-66df-45a5-82b8-b9d17b1bc1c2-128811266 SIE SIND LÄNGSTE MITTEL RÜCKEN GEFALTET DIE AUF DER BLATT UNTER SEITE DEUTLICH HERVOR TRITT 
LOG (gmm-latgen-faster[5.5.513~2-b5f4cf]:DecodeUtteranceLatticeFaster():decoder-wrappers.cc:289) Log-like per frame for utterance 5a4078f1-66df-45a5-82b8-b9d17b1bc1c2-128811266 is -4.52341 over 617 frames.
5a4078f1-66df-45a5-82b8-b9d17b1bc1c2-128911306 ENDLICH GRAMM ALLE FAHRZEUGE FÜR INSTITUT RUND EINEM DER ZUSAMMEN 
LOG (gmm-latgen-faster[5.5.513~2-b5f4cf]:DecodeUtteranceLatticeFaster():decoder-wrappers.cc:289) Log-like per frame for utterance 5a4078f1-66df-45a5-82b8-b9d17b1bc1c2-128911306 is -4.52063 over 508 frames.
5a4078f1-66df-45a5-82b8-b9d17b1bc1c2-129013616 DAHER HOFFE ICH DAS DAS EUROPÄISCHEN PARLAMENT WERDEN DIESER TRAGEN SICH NACH EINMAL IN BERICHTERSTATTER UND DEM VOTUM DES AUSSCHUSSES FÜR DIE FREIHEITEN UND RECHTE DER BÜRGER IST DIESE DEN ANGELEGENHEITEN MIT WELCHEM DIE EIN ABLEHNUNG DER VORSCHLÄGE DES RATES UND DER MITGLIEDSTAATEN GEFORDERT WIRD ANSCHLIEßT 
LOG (gmm-latgen-faster[5.5.513~2-b5f4cf]:DecodeUtteranceLatticeFaster():decoder-wrappers.cc:289) Log-like per frame for utterance 5a4078f1-66df-45a5-82b8-b9d17b1bc1c2-129013616 is -4.70844 over 1779 frames.
5a4078f1-66df-45a5-82b8-b9d17b1bc1c2-129114646 SIE TAUCHTEN ERSTE MAI ZWEITAUSENDELF IM MÜNCHNER KUNST AN DIE WIEDER AUF UND KONNTEN IN ERFOLGE ZU GEBRAUCH WERDEN 
LOG (gmm-latgen-faster[5.5.513~2-b5f4cf]:DecodeUtteranceLatticeFaster():decoder-wrappers.cc:289) Log-like per frame for utterance 5a4078f1-66df-45a5-82b8-b9d17b1bc1c2-129114646 is -4.53667 over 799 frames.
5a4078f1-66df-45a5-82b8-b9d17b1bc1c2-129212391 GENUSS MAN SEHR GENAU SOLLEN 
LOG (gmm-latgen-faster[5.5.513~2-b5f4cf]:DecodeUtteranceLatticeFaster():decoder-wrappers.cc:289) Log-like per frame for utterance 5a4078f1-66df-45a5-82b8-b9d17b1bc1c2-129212391 is -3.80916 over 305 frames.
5a4078f1-66df-45a5-82b8-b9d17b1bc1c2-129314026 DER BRIEF BEZOG SICH AUFTRAG UNION 
LOG (gmm-latgen-faster[5.5.513~2-b5f4cf]:DecodeUtteranceLatticeFaster():decoder-wrappers.cc:289) Log-like per frame for utterance 5a4078f1-66df-45a5-82b8-b9d17b1bc1c2-129314026 is -4.2281 over 372 frames.
5a4078f1-66df-45a5-82b8-b9d17b1bc1c2-129412831 DIE GANZ DANKE PRÄSENZ DES VOTUM ZIEHEN SIND FÄLLT IST DER GERING WODURCH ANWENDUNG VON IHRER LOGISCH ODER CHEMISCHEN INSEKTEN ZIEHEN INSOFERN ÜBERLEGEN DAS DIE STAAT INSEKTEN DEN GIBT STÄNDIG AUSGESETZT SIND 
LOG (gmm-latgen-faster[5.5.513~2-b5f4cf]:DecodeUtteranceLatticeFaster():decoder-wrappers.cc:289) Log-like per frame for utterance 5a4078f1-66df-45a5-82b8-b9d17b1bc1c2-129412831 is -4.62322 over 1491 frames.
5a4078f1-66df-45a5-82b8-b9d17b1bc1c2-129512321 ALS EINE GEFAHREN UMWELT MEINER DER QUALITÄT UND EIN BEREIT MIT DEN IN DIESEN GEWISSER EINGESETZTEN TRADITIONELLEN DESSEN KONFLIKTE ZWISCHEN LEISTEN FLOTTEN SCHWER DURCHZUFÜHREN WIRKLICHEN KONTROLLEN UND GEFAHREN HANDELTE SANKTIONEN 
LOG (gmm-latgen-faster[5.5.513~2-b5f4cf]:DecodeUtteranceLatticeFaster():decoder-wrappers.cc:289) Log-like per frame for utterance 5a4078f1-66df-45a5-82b8-b9d17b1bc1c2-129512321 is -4.67155 over 1491 frames.
5a4078f1-66df-45a5-82b8-b9d17b1bc1c2-129614241 ÜBER DIE NEIGUNG DER WAREN TRETEN SICH UNBEGRENZT VON PRO REGIONALTYPISCHE ZU FÜHRTEN VOR 
LOG (gmm-latgen-faster[5.5.513~2-b5f4cf]:DecodeUtteranceLatticeFaster():decoder-wrappers.cc:289) Log-like per frame for utterance 5a4078f1-66df-45a5-82b8-b9d17b1bc1c2-129614241 is -4.59925 over 635 frames.
5a4078f1-66df-45a5-82b8-b9d17b1bc1c2-129714721 AUCH AUF MAN SIE ARBEIT DER NEU ZU RECHT AUF DIE VERWENDUNG ZWISCHEN EURO LUST UND DEN EUROPÄISCHEN LUST DIE DES FÄLLEN WÄCHST VERWIESEN 
LOG (gmm-latgen-faster[5.5.513~2-b5f4cf]:DecodeUtteranceLatticeFaster():decoder-wrappers.cc:289) Log-like per frame for utterance 5a4078f1-66df-45a5-82b8-b9d17b1bc1c2-129714721 is -4.45944 over 980 frames.
5a4078f1-66df-45a5-82b8-b9d17b1bc1c2-129811776 DAZU BEREITS DIE MIT WACHSEN ZU BEI BALD AKTIVITÄTEN ZUM EIGENEN DAS SOLLEN ALPEN NACH GEKOPPELT ZU RICHTEN 
LOG (gmm-latgen-faster[5.5.513~2-b5f4cf]:DecodeUtteranceLatticeFaster():decoder-wrappers.cc:289) Log-like per frame for utterance 5a4078f1-66df-45a5-82b8-b9d17b1bc1c2-129811776 is -4.63425 over 736 frames.
5a4078f1-66df-45a5-82b8-b9d17b1bc1c2-129911376 ANTWORT DER STEUERN ETWA DREITAUSEND MENSCHEN MIT GEHEN GEHT HAUSE MAN ACHT NEUNZIG SOLDATEN UND BESATZUNG MITGLIEDER UNTER 
LOG (gmm-latgen-faster[5.5.513~2-b5f4cf]:DecodeUtteranceLatticeFaster():decoder-wrappers.cc:289) Log-like per frame for utterance 5a4078f1-66df-45a5-82b8-b9d17b1bc1c2-129911376 is -4.47179 over 902 frames.
5a4078f1-66df-45a5-82b8-b9d17b1bc1c2-130013666 IST RELATIV WENIGE SPUREN 
LOG (gmm-latgen-faster[5.5.513~2-b5f4cf]:DecodeUtteranceLatticeFaster():decoder-wrappers.cc:289) Log-like per frame for utterance 5a4078f1-66df-45a5-82b8-b9d17b1bc1c2-130013666 is -4.53452 over 273 frames.
5a4078f1-66df-45a5-82b8-b9d17b1bc1c2-130112221 DER DIKTATOR SADDAM AUSSEHEN ES ZU AUSGESCHALTET DAS LAND ABER IST UM BEFRIEDIGUNG DIE ZUSTÄNDE SIND EUROPÄISCHEN DER PERSONEN FORT UND NICHT DAMIT PARK NEBEN ZU 
LOG (gmm-latgen-faster[5.5.513~2-b5f4cf]:DecodeUtteranceLatticeFaster():decoder-wrappers.cc:289) Log-like per frame for utterance 5a4078f1-66df-45a5-82b8-b9d17b1bc1c2-130112221 is -4.70159 over 997 frames.
5a4078f1-66df-45a5-82b8-b9d17b1bc1c2-130212516 DIESER AN DER NOCH AUS SPITZE DER IN SOLIDEN DER HAFEN WAR SEHR KLEIN EIN FALLS KONNTEN UND ZWEI EINE FAHRZEUGE GLEICHZEITIG EIN LEBEN UND TRUPPEN AUS SCHIFFEN UND WURDE ZUDEM UND ÜBERWACHT 
LOG (gmm-latgen-faster[5.5.513~2-b5f4cf]:DecodeUtteranceLatticeFaster():decoder-wrappers.cc:289) Log-like per frame for utterance 5a4078f1-66df-45a5-82b8-b9d17b1bc1c2-130212516 is -4.63572 over 1213 frames.
5a4078f1-66df-45a5-82b8-b9d17b1bc1c2-130314061 DIESE WOHL ORGANISIERT DIE GEGEN REVISION DEREN OFFENEN BETRIEB WIEDER SICHER STELLTE FÜHRTE ZU DIE MODERNISIERUNG DER STRECKEN ARBEITER 
LOG (gmm-latgen-faster[5.5.513~2-b5f4cf]:DecodeUtteranceLatticeFaster():decoder-wrappers.cc:289) Log-like per frame for utterance 5a4078f1-66df-45a5-82b8-b9d17b1bc1c2-130314061 is -4.7242 over 887 frames.
5a4078f1-66df-45a5-82b8-b9d17b1bc1c2-130411711 SIE GLAUBTEN DER KOCH DURCH TIERE SITZE LOS AM KÖRPER WEIL SIE DIESEN SCHEINBAR DREIHUNDERTSECHZIG GRAD DREHEN KÖNNEN UND FÜRCHTETEN WENN ZEHN NAMEN DER TIERE AUSSPRECHEN BERUHEN IN DAS GLEICHE SCHICKSAL 
LOG (gmm-latgen-faster[5.5.513~2-b5f4cf]:DecodeUtteranceLatticeFaster():decoder-wrappers.cc:289) Log-like per frame for utterance 5a4078f1-66df-45a5-82b8-b9d17b1bc1c2-130411711 is -4.66722 over 1242 frames.
5a4078f1-66df-45a5-82b8-b9d17b1bc1c2-130514426 SOWOHL DIE ERDE PRODUZIEREN ALS AUCH DIE ERBE KONNTEN IHREM LÄNDER SIND DARAN INTERESSIERTEN DAFÜR VERANTWORTLICHEN DAS WICHTIGE PREISE AUCH EIN NIVEAU STABILISIEREN DAS EIN MACHE DIE BIS WIRTSCHAFTSWACHSTUM ERMÖGLICHT 
LOG (gmm-latgen-faster[5.5.513~2-b5f4cf]:DecodeUtteranceLatticeFaster():decoder-wrappers.cc:289) Log-like per frame for utterance 5a4078f1-66df-45a5-82b8-b9d17b1bc1c2-130514426 is -4.75758 over 1206 frames.
5a4078f1-66df-45a5-82b8-b9d17b1bc1c2-130613041 STELL SICH IHREN LÄNGSTE 
LOG (gmm-latgen-faster[5.5.513~2-b5f4cf]:DecodeUtteranceLatticeFaster():decoder-wrappers.cc:289) Log-like per frame for utterance 5a4078f1-66df-45a5-82b8-b9d17b1bc1c2-130613041 is -3.91249 over 315 frames.
5a4078f1-66df-45a5-82b8-b9d17b1bc1c2-130712661 ES IST FÜR UNS EINE SACHE DER GLAUBWÜRDIGKEIT 
LOG (gmm-latgen-faster[5.5.513~2-b5f4cf]:DecodeUtteranceLatticeFaster():decoder-wrappers.cc:289) Log-like per frame for utterance 5a4078f1-66df-45a5-82b8-b9d17b1bc1c2-130712661 is -4.20981 over 388 frames.
5a4078f1-66df-45a5-82b8-b9d17b1bc1c2-130811426 BEI DER DIREKT IM VOR VON SKLAVEN AUS AFRIKA NIEMALS ABRISS KONNTEN DIE SKLAVEN BEVÖLKERUNG IN DEN NÖRDLICHEN KOLONIEN DIE SICH WÄRE KULTURELLEN MUSSTE ÄUßERST BEWUSST WAR IHRE KENNTNIS DAS KARTHAGISCHEN TRADITION IMMER NEUE BELEGEN 
LOG (gmm-latgen-faster[5.5.513~2-b5f4cf]:DecodeUtteranceLatticeFaster():decoder-wrappers.cc:289) Log-like per frame for utterance 5a4078f1-66df-45a5-82b8-b9d17b1bc1c2-130811426 is -4.69094 over 1390 frames.
5a4078f1-66df-45a5-82b8-b9d17b1bc1c2-130910596 DAS ZIEL IST ES DAS DIENEN DIE GEHT FÜR EIGENTLICHEN IN AUSBILDUNG ANZUBIETEN UND DAS ANGEBOT SCHRITTWEISE AUF GANZ IST WEIL HERAUSZUGEBEN 
LOG (gmm-latgen-faster[5.5.513~2-b5f4cf]:DecodeUtteranceLatticeFaster():decoder-wrappers.cc:289) Log-like per frame for utterance 5a4078f1-66df-45a5-82b8-b9d17b1bc1c2-130910596 is -4.72398 over 886 frames.
5a4078f1-66df-45a5-82b8-b9d17b1bc1c2-131012406 EINER MEIST ODER DER SOZIALEN ÖKOLOGISCH PROBLEMATISCH MITGLIEDSTAATEN 
LOG (gmm-latgen-faster[5.5.513~2-b5f4cf]:DecodeUtteranceLatticeFaster():decoder-wrappers.cc:289) Log-like per frame for utterance 5a4078f1-66df-45a5-82b8-b9d17b1bc1c2-131012406 is -4.45797 over 544 frames.
5a4078f1-66df-45a5-82b8-b9d17b1bc1c2-131110791 DIE ANTWORT NACH DIESE FRAGEN LAUTEN JAHR 
LOG (gmm-latgen-faster[5.5.513~2-b5f4cf]:DecodeUtteranceLatticeFaster():decoder-wrappers.cc:289) Log-like per frame for utterance 5a4078f1-66df-45a5-82b8-b9d17b1bc1c2-131110791 is -4.35759 over 335 frames.
5a4078f1-66df-45a5-82b8-b9d17b1bc1c2-131212296 ETWAS HABEN ZIEHENDEN FIX AUF WIEDER UND ANSEHEN WOCHE 
LOG (gmm-latgen-faster[5.5.513~2-b5f4cf]:DecodeUtteranceLatticeFaster():decoder-wrappers.cc:289) Log-like per frame for utterance 5a4078f1-66df-45a5-82b8-b9d17b1bc1c2-131212296 is -4.5418 over 454 frames.
5a4078f1-66df-45a5-82b8-b9d17b1bc1c2-131311236 DIE STÄNDIG FESTUNG DEN KRIEG SIE 
LOG (gmm-latgen-faster[5.5.513~2-b5f4cf]:DecodeUtteranceLatticeFaster():decoder-wrappers.cc:289) Log-like per frame for utterance 5a4078f1-66df-45a5-82b8-b9d17b1bc1c2-131311236 is -4.34356 over 315 frames.
5a4078f1-66df-45a5-82b8-b9d17b1bc1c2-131412731 DABEI HANDELTE SICH UND KLIMATISCHEN GLIEDERT BEREICHE DIE TEILWEISE MIT EINER VIELFALT BOTSCHAFT LASSEN AUSGESTATTET SIND 
LOG (gmm-latgen-faster[5.5.513~2-b5f4cf]:DecodeUtteranceLatticeFaster():decoder-wrappers.cc:289) Log-like per frame for utterance 5a4078f1-66df-45a5-82b8-b9d17b1bc1c2-131412731 is -4.7341 over 733 frames.
5a4078f1-66df-45a5-82b8-b9d17b1bc1c2-131514271 ÄUßERN ANDERE TUNNEL TYPEN 
LOG (gmm-latgen-faster[5.5.513~2-b5f4cf]:DecodeUtteranceLatticeFaster():decoder-wrappers.cc:289) Log-like per frame for utterance 5a4078f1-66df-45a5-82b8-b9d17b1bc1c2-131514271 is -4.13525 over 276 frames.
5a4078f1-66df-45a5-82b8-b9d17b1bc1c2-131614211 ICH HOFFE DAS DIE ABSTIMMUNG IM PLENUM EINE RÜCKKEHR ZU QUALITÄT ERLAUBT JE SINNVOLL WÄRE 
LOG (gmm-latgen-faster[5.5.513~2-b5f4cf]:DecodeUtteranceLatticeFaster():decoder-wrappers.cc:289) Log-like per frame for utterance 5a4078f1-66df-45a5-82b8-b9d17b1bc1c2-131614211 is -4.40653 over 637 frames.
5a4078f1-66df-45a5-82b8-b9d17b1bc1c2-131714301 ICH UNTERSTÜTZE DIE AUSSAGE MEINES KOLLEGEN ARTEN ZUM ZU GANZ INFORMATION SOWIE DIE ERKLÄREN DES KOMMISSIONSMITGLIED ES HANDEL SICH KILO NICHT UM WERDEN SONDERN DER ZU GANZ INFORMATION 
LOG (gmm-latgen-faster[5.5.513~2-b5f4cf]:DecodeUtteranceLatticeFaster():decoder-wrappers.cc:289) Log-like per frame for utterance 5a4078f1-66df-45a5-82b8-b9d17b1bc1c2-131714301 is -4.63511 over 1271 frames.
5a4078f1-66df-45a5-82b8-b9d17b1bc1c2-131812616 DER MEINE ZIELE UM DER FLUGHAFEN HEIßT DIVISION AUF TEAMS VORZUNEHMEN EIN MIT UND BEINHALTET DIE VORSCHLAG DEN FORT 
LOG (gmm-latgen-faster[5.5.513~2-b5f4cf]:DecodeUtteranceLatticeFaster():decoder-wrappers.cc:289) Log-like per frame for utterance 5a4078f1-66df-45a5-82b8-b9d17b1bc1c2-131812616 is -4.59675 over 869 frames.
5a4078f1-66df-45a5-82b8-b9d17b1bc1c2-131911036 SOLL LANDES NACH EINEN DEN IN DIE WERDEN DIE ANLAGEN GEBAUT WERDEN 
LOG (gmm-latgen-faster[5.5.513~2-b5f4cf]:DecodeUtteranceLatticeFaster():decoder-wrappers.cc:289) Log-like per frame for utterance 5a4078f1-66df-45a5-82b8-b9d17b1bc1c2-131911036 is -4.32875 over 440 frames.
5a4078f1-66df-45a5-82b8-b9d17b1bc1c2-132012961 MEINE FRAKTION SECHS SICH EBEN GERADE DAFÜR EINEN DIESER MEINE GEHÖRT ZU VERSCHAFFEN NICHT GEGEN EUROPA WOBEI EINE SOLCHE GEFAHR DURCHAUS BESTEHT IST SONDERN DIE ZIEL EINER GRUNDLEGENDEN ROM GESTALTUNG 
LOG (gmm-latgen-faster[5.5.513~2-b5f4cf]:DecodeUtteranceLatticeFaster():decoder-wrappers.cc:289) Log-like per frame for utterance 5a4078f1-66df-45a5-82b8-b9d17b1bc1c2-132012961 is -4.63935 over 1181 frames.
5a4078f1-66df-45a5-82b8-b9d17b1bc1c2-132114146 ZWEI WIRTSCHAFTEN BIETEN NICHT 
LOG (gmm-latgen-faster[5.5.513~2-b5f4cf]:DecodeUtteranceLatticeFaster():decoder-wrappers.cc:289) Log-like per frame for utterance 5a4078f1-66df-45a5-82b8-b9d17b1bc1c2-132114146 is -4.15428 over 305 frames.
5a4078f1-66df-45a5-82b8-b9d17b1bc1c2-132210651 SECHZIG AUF GANGES KLAR GRENZEN ES EINDEUTIG BERUFLICH RELEVANT IST UND MAßNAHMEN RAND 
LOG (gmm-latgen-faster[5.5.513~2-b5f4cf]:DecodeUtteranceLatticeFaster():decoder-wrappers.cc:289) Log-like per frame for utterance 5a4078f1-66df-45a5-82b8-b9d17b1bc1c2-132210651 is -4.58567 over 647 frames.
5a4078f1-66df-45a5-82b8-b9d17b1bc1c2-132313696 EINE OFFIZIELLE AUFFORDERUNG EIN OVAL BEOBACHTEN DES MISSION ZU ERWÄHNTEN WIE DIENEN ZWEITEN MAIN VON DER REGIERUNG ETWA TORE JAHR DIE NIEMALS AN KOMMISSARIN ZU 
LOG (gmm-latgen-faster[5.5.513~2-b5f4cf]:DecodeUtteranceLatticeFaster():decoder-wrappers.cc:289) Log-like per frame for utterance 5a4078f1-66df-45a5-82b8-b9d17b1bc1c2-132313696 is -4.57966 over 1112 frames.
5a4078f1-66df-45a5-82b8-b9d17b1bc1c2-132410201 MENSCHEN STUDIEN ZWAR FORSCHUNG DES ERFOLGREICHEN ANFANGS UNS ZUR VORBEUGUNG DER GERECHTIGKEIT ALTE 
LOG (gmm-latgen-faster[5.5.513~2-b5f4cf]:DecodeUtteranceLatticeFaster():decoder-wrappers.cc:289) Log-like per frame for utterance 5a4078f1-66df-45a5-82b8-b9d17b1bc1c2-132410201 is -4.50375 over 779 frames.
5a4078f1-66df-45a5-82b8-b9d17b1bc1c2-132512761 SCHLECHTER DIE JE DIE KONFERENZ DER PRÄSIDENTEN LEDIGLICH MIT FIEL FRAKTIONSVORSITZENDEN AUSKOMMEN 
LOG (gmm-latgen-faster[5.5.513~2-b5f4cf]:DecodeUtteranceLatticeFaster():decoder-wrappers.cc:289) Log-like per frame for utterance 5a4078f1-66df-45a5-82b8-b9d17b1bc1c2-132512761 is -4.54093 over 626 frames.
5a4078f1-66df-45a5-82b8-b9d17b1bc1c2-132611316 BESONDERS DIE WOBEI DIESER IST LIEGEN BEI TRANSPORTERN UND WASSER ANDERE 
LOG (gmm-latgen-faster[5.5.513~2-b5f4cf]:DecodeUtteranceLatticeFaster():decoder-wrappers.cc:289) Log-like per frame for utterance 5a4078f1-66df-45a5-82b8-b9d17b1bc1c2-132611316 is -4.41553 over 541 frames.
5a4078f1-66df-45a5-82b8-b9d17b1bc1c2-132713806 BEMERKENSWERT ES AUCH DA LAGE NUR ES EINSATZ FÜR DER NATURSCHUTZ 
LOG (gmm-latgen-faster[5.5.513~2-b5f4cf]:DecodeUtteranceLatticeFaster():decoder-wrappers.cc:289) Log-like per frame for utterance 5a4078f1-66df-45a5-82b8-b9d17b1bc1c2-132713806 is -4.13814 over 593 frames.
5a4078f1-66df-45a5-82b8-b9d17b1bc1c2-132810101 DIE DIE FRAU MACHE ZWAR SYMPATHISCH TRANSPORTIERT ARBEIT SICHERN NICHT DAS DIE FRAU ENTSCHEIDUNG STARK IST 
LOG (gmm-latgen-faster[5.5.513~2-b5f4cf]:DecodeUtteranceLatticeFaster():decoder-wrappers.cc:289) Log-like per frame for utterance 5a4078f1-66df-45a5-82b8-b9d17b1bc1c2-132810101 is -4.58691 over 720 frames.
5a4078f1-66df-45a5-82b8-b9d17b1bc1c2-132912276 SCHWEIGEN BEDEUTET ZUSTIMMUNG DESWEGEN MÖCHTE ICH NUR SAGEN DAS ENERGIE SPANIEN FÜR DIE ÖFFENTLICHKEIT KEINE GEFAHR DARSTELLEN WENN SIE VON VERBRAUCHER BEZIEHUNGSWEISE IN HAUSHALTEN KORREKT VERWENDET UND IN EINEM ORDNUNGSGEMÄßE PRODUKTION UMFELD UNTER BERÜCKSICHTIGUNG DER GESUNDHEIT DER BESCHÄFTIGEN DAS UMWELTSCHUTZ ES HERGESTELLT WERDEN 
LOG (gmm-latgen-faster[5.5.513~2-b5f4cf]:DecodeUtteranceLatticeFaster():decoder-wrappers.cc:289) Log-like per frame for utterance 5a4078f1-66df-45a5-82b8-b9d17b1bc1c2-132912276 is -4.72847 over 1849 frames.
5a4078f1-66df-45a5-82b8-b9d17b1bc1c2-133010531 ICH VERSTAND EINFACH NICHT WARUM EINER FRAU IHRE MAN WIRD FINDEN UND IHRE GESAMTE DURCH GESELLSCHAFTLICHE STEUERN AUF DEN KOMMA ZUR SIND REGION SICH INNEREN SOLIDEN 
LOG (gmm-latgen-faster[5.5.513~2-b5f4cf]:DecodeUtteranceLatticeFaster():decoder-wrappers.cc:289) Log-like per frame for utterance 5a4078f1-66df-45a5-82b8-b9d17b1bc1c2-133010531 is -4.6782 over 1026 frames.
5a4078f1-66df-45a5-82b8-b9d17b1bc1c2-133113001 INNEREN ZWEIGEN FAMILIE VERLEGTE SEIN OB KURZ NACH VORSCHLAG OVAL WO DAS GESCHLECHTER FÜNFZEHN WAR FÜNF BINNENMARKTES STAMMT AUSSPRACHE 
LOG (gmm-latgen-faster[5.5.513~2-b5f4cf]:DecodeUtteranceLatticeFaster():decoder-wrappers.cc:289) Log-like per frame for utterance 5a4078f1-66df-45a5-82b8-b9d17b1bc1c2-133113001 is -4.56366 over 1037 frames.
5a4078f1-66df-45a5-82b8-b9d17b1bc1c2-133210781 EIN LEDIGLICH SIEBEN ICH BLEIBEN DIE UND ANDEREN 
LOG (gmm-latgen-faster[5.5.513~2-b5f4cf]:DecodeUtteranceLatticeFaster():decoder-wrappers.cc:289) Log-like per frame for utterance 5a4078f1-66df-45a5-82b8-b9d17b1bc1c2-133210781 is -4.381 over 422 frames.
5a4078f1-66df-45a5-82b8-b9d17b1bc1c2-133311431 MIT DEM VORLIEGENDEN VORSCHLAG SOLL ABHILFE GESCHAFFEN WERDEN INDEM EIN GEMEINSAME RAHMEN DIE ERSTELLUNG ÜBERMITTELN BEWERTUNG VERGLEICHBAR ARBEIT KOSTEN IN DIE ZIELS GESCHAFFEN WIRD 
LOG (gmm-latgen-faster[5.5.513~2-b5f4cf]:DecodeUtteranceLatticeFaster():decoder-wrappers.cc:289) Log-like per frame for utterance 5a4078f1-66df-45a5-82b8-b9d17b1bc1c2-133311431 is -4.60533 over 1074 frames.
5a4078f1-66df-45a5-82b8-b9d17b1bc1c2-133410956 WIE JEDER VON AUS DAS DIE BETREIBER VORGESORGT HABEN UND IN VERBINDUNGEN ZU EIN SCHNELL KOSTEN SECHS EINES NACH WEIß DA SIND WENN DIE POLIZEI DAS HAUS DURCHSUCHT 
LOG (gmm-latgen-faster[5.5.513~2-b5f4cf]:DecodeUtteranceLatticeFaster():decoder-wrappers.cc:289) Log-like per frame for utterance 5a4078f1-66df-45a5-82b8-b9d17b1bc1c2-133410956 is -4.63937 over 1001 frames.
5a4078f1-66df-45a5-82b8-b9d17b1bc1c2-133510306 HINZU KANN ERBAUTEN SECHS ANREGUNGEN 
LOG (gmm-latgen-faster[5.5.513~2-b5f4cf]:DecodeUtteranceLatticeFaster():decoder-wrappers.cc:289) Log-like per frame for utterance 5a4078f1-66df-45a5-82b8-b9d17b1bc1c2-133510306 is -4.24252 over 383 frames.
5a4078f1-66df-45a5-82b8-b9d17b1bc1c2-133614916 DABEI DIE DES UND DIE BEGLEITUNG VON HAUPTZIELE DENEN DIE STUDENTEN ALS KOMMT STADT ERHALTEN SICH ÜBER IHRE PERSÖNLICHEN BERUFLICH IN ZIELE BEWUSST ZU WERDEN 
LOG (gmm-latgen-faster[5.5.513~2-b5f4cf]:DecodeUtteranceLatticeFaster():decoder-wrappers.cc:289) Log-like per frame for utterance 5a4078f1-66df-45a5-82b8-b9d17b1bc1c2-133614916 is -4.62935 over 959 frames.
5a4078f1-66df-45a5-82b8-b9d17b1bc1c2-133711546 BISLANG WURDEN EUROPÄISCHEN RECHT NOCH KEINE KONSEQUENZEN AUS DIESE ENTWICKLUNG NUTZUNG WORAUS SICH EINE GEBRAUCH EIN FÜR KINDER EINES DER KOMPLIZIERTE SITUATION ERGIBT 
LOG (gmm-latgen-faster[5.5.513~2-b5f4cf]:DecodeUtteranceLatticeFaster():decoder-wrappers.cc:289) Log-like per frame for utterance 5a4078f1-66df-45a5-82b8-b9d17b1bc1c2-133711546 is -4.5929 over 1021 frames.
5a4078f1-66df-45a5-82b8-b9d17b1bc1c2-133814171 IN BEWIRKT VON MEHR CHOR GESCHLAGEN ES DIESER IN DIE FESTUNG FORMEN MUSS EIN TRITT UND JAHREN AUS SEMINAREN STEHT 
LOG (gmm-latgen-faster[5.5.513~2-b5f4cf]:DecodeUtteranceLatticeFaster():decoder-wrappers.cc:289) Log-like per frame for utterance 5a4078f1-66df-45a5-82b8-b9d17b1bc1c2-133814171 is -4.4298 over 902 frames.
5a4078f1-66df-45a5-82b8-b9d17b1bc1c2-133911806 WIE GANZE MENSCHHEIT ANDEREN DIE ZUKUNFT 
LOG (gmm-latgen-faster[5.5.513~2-b5f4cf]:DecodeUtteranceLatticeFaster():decoder-wrappers.cc:289) Log-like per frame for utterance 5a4078f1-66df-45a5-82b8-b9d17b1bc1c2-133911806 is -4.14689 over 422 frames.
5a4078f1-66df-45a5-82b8-b9d17b1bc1c2-134014556 DIE RICHTLINIE VERPFLICHTET DIE MITGLIEDSTAATEN ENTWEDER EINE KRIEG HAT REGIERUNG ZU BESCHLIEßEN ODER EINEM TRITT STAAT ANDERE DEN EIN AUFENTHALT RECHT EINZURÄUMEN 
LOG (gmm-latgen-faster[5.5.513~2-b5f4cf]:DecodeUtteranceLatticeFaster():decoder-wrappers.cc:289) Log-like per frame for utterance 5a4078f1-66df-45a5-82b8-b9d17b1bc1c2-134014556 is -4.5646 over 1079 frames.
5a4078f1-66df-45a5-82b8-b9d17b1bc1c2-134112821 DIE VIELE WEISE SIND ALTEN REGIERUNGSBEZIRKS DECKUNG ÜBERFÜLLT 
LOG (gmm-latgen-faster[5.5.513~2-b5f4cf]:DecodeUtteranceLatticeFaster():decoder-wrappers.cc:289) Log-like per frame for utterance 5a4078f1-66df-45a5-82b8-b9d17b1bc1c2-134112821 is -4.60713 over 436 frames.
5a4078f1-66df-45a5-82b8-b9d17b1bc1c2-134212416 DAS GUT SOLL DER KEIN BÜCHERSCHRANK VON ELTERN UND GEHALTEN FIEL 
LOG (gmm-latgen-faster[5.5.513~2-b5f4cf]:DecodeUtteranceLatticeFaster():decoder-wrappers.cc:289) Log-like per frame for utterance 5a4078f1-66df-45a5-82b8-b9d17b1bc1c2-134212416 is -4.52406 over 479 frames.
5a4078f1-66df-45a5-82b8-b9d17b1bc1c2-134311436 WIR ALLE WISSEN DAS ES KEINE NACHHALTIGEN MILITÄRISCHEN RÜCKZUG AUS AUF GANZ ZEIT GEGEN KANN SOLANGE KEIN ZIVIL ARABISCHEN POLITIK EXISTIERT DER DAS DANN ZUSAMMEN HÄLT 
LOG (gmm-latgen-faster[5.5.513~2-b5f4cf]:DecodeUtteranceLatticeFaster():decoder-wrappers.cc:289) Log-like per frame for utterance 5a4078f1-66df-45a5-82b8-b9d17b1bc1c2-134311436 is -4.65625 over 1038 frames.
5a4078f1-66df-45a5-82b8-b9d17b1bc1c2-134413771 DIE ETWAS UMFASSENDE MANNSCHAFT WECHSELTE AUF EIN BEI BEGLEITET GUT 
LOG (gmm-latgen-faster[5.5.513~2-b5f4cf]:DecodeUtteranceLatticeFaster():decoder-wrappers.cc:289) Log-like per frame for utterance 5a4078f1-66df-45a5-82b8-b9d17b1bc1c2-134413771 is -4.16263 over 622 frames.
5a4078f1-66df-45a5-82b8-b9d17b1bc1c2-134513491 NETZWERKE UNIVERSITÄTEN DER EUROPÄISCHEN OB STÄDTE 
LOG (gmm-latgen-faster[5.5.513~2-b5f4cf]:DecodeUtteranceLatticeFaster():decoder-wrappers.cc:289) Log-like per frame for utterance 5a4078f1-66df-45a5-82b8-b9d17b1bc1c2-134513491 is -4.24342 over 457 frames.
5a4078f1-66df-45a5-82b8-b9d17b1bc1c2-134613766 DER UNS VORLIEGENDE BERICHT IST EIN DIE LANDWEG EXAKTEN SEHR NEUE DAS DER RECHNUNG ZOG NICHT SICHER SEIN KANN AUF JEDER AUS GEBIET AUSGEGEBEN EURO WIRKLICH VOLLKOMMEN REGULÄR AUSGEGEBEN WURDE OBGLEICH DER BERICHT AUCH AN JAGD DAS IN EINEM PROBLEMATISCHEN SEKTOR DER LANDWIRTSCHAFT DER LETZTLICH EINE NORMEN ANTRAG ES HAUSHALTS VERSCHIEBEN GEWISSE FORTSCHRITTE ERZIELT WURDEN 
LOG (gmm-latgen-faster[5.5.513~2-b5f4cf]:DecodeUtteranceLatticeFaster():decoder-wrappers.cc:289) Log-like per frame for utterance 5a4078f1-66df-45a5-82b8-b9d17b1bc1c2-134613766 is -4.76179 over 2058 frames.
5a4078f1-66df-45a5-82b8-b9d17b1bc1c2-134710226 DIE ANZAHL ERMÖGLICHEN SEINES LASS ZUR STEIGERT EXPONENTIELL DAHER WIRD DIESES VERFAHREN BEI MEHR NÄCHSTE MENSCH UND WEG AUF GENANNT 
LOG (gmm-latgen-faster[5.5.513~2-b5f4cf]:DecodeUtteranceLatticeFaster():decoder-wrappers.cc:289) Log-like per frame for utterance 5a4078f1-66df-45a5-82b8-b9d17b1bc1c2-134710226 is -4.44516 over 973 frames.
5a4078f1-66df-45a5-82b8-b9d17b1bc1c2-134812511 IN DEN ZEITUNG HABEN SIE ALLE ÜBER DIE TÜRKEN BÜSCHELN NIEMAND HAT ÜBER DIE TERMIN UNGESCHÜTZTEN BÜRGER DIE DEUTSCHEN JAHREN DIE AUCH MIT GEMACHT 
LOG (gmm-latgen-faster[5.5.513~2-b5f4cf]:DecodeUtteranceLatticeFaster():decoder-wrappers.cc:289) Log-like per frame for utterance 5a4078f1-66df-45a5-82b8-b9d17b1bc1c2-134812511 is -4.52091 over 864 frames.
5a4078f1-66df-45a5-82b8-b9d17b1bc1c2-134912471 LANDSCHAFT ARBEITSPLÄTZE ALLEIN EINEM HEIM ALS BUNDESLAND DERZEIT EIN HUNDERTACHTZIG ARBEITSPLÄTZE MEINER NEUEN FABRIK METER NUR 
LOG (gmm-latgen-faster[5.5.513~2-b5f4cf]:DecodeUtteranceLatticeFaster():decoder-wrappers.cc:289) Log-like per frame for utterance 5a4078f1-66df-45a5-82b8-b9d17b1bc1c2-134912471 is -4.48015 over 838 frames.
5a4078f1-66df-45a5-82b8-b9d17b1bc1c2-135012851 EINE WIRD ORDNUNG UND EINER JÄHRLICH NIEDERSCHLAG MÄNNERN VON ÜBER DIE TAUSEND FÜNF HUNDERT MILLIMETER SOGAR DER HÖCHSTWERTE EUROPA GEMESSEN 
LOG (gmm-latgen-faster[5.5.513~2-b5f4cf]:DecodeUtteranceLatticeFaster():decoder-wrappers.cc:289) Log-like per frame for utterance 5a4078f1-66df-45a5-82b8-b9d17b1bc1c2-135012851 is -4.41574 over 906 frames.
5a4078f1-66df-45a5-82b8-b9d17b1bc1c2-135115081 VIELE VON UNS HABEN NACH DIESEN ABSTIMMUNG IHRE ENTTÄUSCHUNG UND DIE BEDAUERE WEIß 
LOG (gmm-latgen-faster[5.5.513~2-b5f4cf]:DecodeUtteranceLatticeFaster():decoder-wrappers.cc:289) Log-like per frame for utterance 5a4078f1-66df-45a5-82b8-b9d17b1bc1c2-135115081 is -4.38507 over 569 frames.
5a4078f1-66df-45a5-82b8-b9d17b1bc1c2-135215086 DAS PROGRAMM WURDE AUS KRITIK NACKEN EINGESTELLT 
LOG (gmm-latgen-faster[5.5.513~2-b5f4cf]:DecodeUtteranceLatticeFaster():decoder-wrappers.cc:289) Log-like per frame for utterance 5a4078f1-66df-45a5-82b8-b9d17b1bc1c2-135215086 is -4.58918 over 406 frames.
5a4078f1-66df-45a5-82b8-b9d17b1bc1c2-135313431 EIN ANDERE KAPITALISMUS ES MÖGLICH 
LOG (gmm-latgen-faster[5.5.513~2-b5f4cf]:DecodeUtteranceLatticeFaster():decoder-wrappers.cc:289) Log-like per frame for utterance 5a4078f1-66df-45a5-82b8-b9d17b1bc1c2-135313431 is -4.25668 over 345 frames.
5a4078f1-66df-45a5-82b8-b9d17b1bc1c2-135413946 IN BEINE RECHTEN BEISPIEL IST DAS EXAKTEN DER TEXT ZIEL INDUSTRIE IM VERGANGENEN DIE AUCH CIRCA ZWANZIG MILLIARDEN KOMMA ANGEWACHSEN 
LOG (gmm-latgen-faster[5.5.513~2-b5f4cf]:DecodeUtteranceLatticeFaster():decoder-wrappers.cc:289) Log-like per frame for utterance 5a4078f1-66df-45a5-82b8-b9d17b1bc1c2-135413946 is -4.76709 over 771 frames.
5a4078f1-66df-45a5-82b8-b9d17b1bc1c2-135512536 BESONDERS SECHSTEN SICH WIRKTE UND GOLDADLER MAN UND HARALD EINE NICHT AB ENDE DER NEUNZEHNHUNDERTSIEBZIGER JAHRE FÜR DIE WAHRNEHMUNG AUFWERTUNG VERBREITUNG DER VON KÖNNTEN VERPASST LITERATUR EIN 
LOG (gmm-latgen-faster[5.5.513~2-b5f4cf]:DecodeUtteranceLatticeFaster():decoder-wrappers.cc:289) Log-like per frame for utterance 5a4078f1-66df-45a5-82b8-b9d17b1bc1c2-135512536 is -4.5851 over 1264 frames.
5a4078f1-66df-45a5-82b8-b9d17b1bc1c2-135613651 UNTER ARBEITEN SOLL LÄNDLICHEN BETRIEBEN UND UND STELL 
LOG (gmm-latgen-faster[5.5.513~2-b5f4cf]:DecodeUtteranceLatticeFaster():decoder-wrappers.cc:289) Log-like per frame for utterance 5a4078f1-66df-45a5-82b8-b9d17b1bc1c2-135613651 is -4.4425 over 423 frames.
5a4078f1-66df-45a5-82b8-b9d17b1bc1c2-135711351 ICH WERDE BEMERKUNGEN PRÄSIDENT MENSCH WEITERLEITEN 
LOG (gmm-latgen-faster[5.5.513~2-b5f4cf]:DecodeUtteranceLatticeFaster():decoder-wrappers.cc:289) Log-like per frame for utterance 5a4078f1-66df-45a5-82b8-b9d17b1bc1c2-135711351 is -4.29328 over 414 frames.
5a4078f1-66df-45a5-82b8-b9d17b1bc1c2-135813466 DIESES BESTEHT AUS SIND ZWEI KÖNIGREICH GEBIETE UND WIE PROGRAMME DIE IHRERSEITS WIEDERUM WÄRE KLEINER LÄNDER UNTER SICH FÜR EIN 
LOG (gmm-latgen-faster[5.5.513~2-b5f4cf]:DecodeUtteranceLatticeFaster():decoder-wrappers.cc:289) Log-like per frame for utterance 5a4078f1-66df-45a5-82b8-b9d17b1bc1c2-135813466 is -4.38873 over 945 frames.
5a4078f1-66df-45a5-82b8-b9d17b1bc1c2-135914651 DIE GELINGT GRIECHENLAND MÜSSEN ZUM BEISPIEL UND ZWANZIG BIS DREIßIG PROZENT NACH UNTEN DAMIT DAS LANG KONKURRENZFÄHIGER DER 
LOG (gmm-latgen-faster[5.5.513~2-b5f4cf]:DecodeUtteranceLatticeFaster():decoder-wrappers.cc:289) Log-like per frame for utterance 5a4078f1-66df-45a5-82b8-b9d17b1bc1c2-135914651 is -4.58951 over 820 frames.
5a4078f1-66df-45a5-82b8-b9d17b1bc1c2-136011286 EIN RHÖN NICHT DIE GRENZE WIRD EINZUFÜHREN DAS VIELE JEDER EINEN ANDERE DIE DAS EINE DIE KÖNIGREICH ALS ZIEL HABEN ZUM BEISPIEL CANNAE UNGEHINDERT ERREICHEN KÖNNEN UND BULGARIEN IST EIN VERPFLICHTUNGEN BEZUG AUF DAS ORGANISIERTE VERBRECHEN NICHT NACHGEKOMMEN 
LOG (gmm-latgen-faster[5.5.513~2-b5f4cf]:DecodeUtteranceLatticeFaster():decoder-wrappers.cc:289) Log-like per frame for utterance 5a4078f1-66df-45a5-82b8-b9d17b1bc1c2-136011286 is -4.62324 over 1421 frames.
5a4078f1-66df-45a5-82b8-b9d17b1bc1c2-136211506 DER RAT WURDE DIE LÄNDERN DER REGION DAZU AUF ÄUßERST ANSTREBEN ZU ERLEICHTERUNG DA LAUFENDEN REGIONALEN MEINE TIEREN EINSETZT UNTERNEHMEN UNTER ANDEREN DURCH FLUGGÄSTE SCHON ARTEN NICHT VERTIEFEN UNTERSTÜTZUNG SOWIE DURCH DIE SICHERUNG ZUSTIMMEN ES ZUDEM IST MIT VON UND IHRER VERTEILUNG 
LOG (gmm-latgen-faster[5.5.513~2-b5f4cf]:DecodeUtteranceLatticeFaster():decoder-wrappers.cc:289) Log-like per frame for utterance 5a4078f1-66df-45a5-82b8-b9d17b1bc1c2-136211506 is -4.69969 over 1646 frames.
5a4078f1-66df-45a5-82b8-b9d17b1bc1c2-136310211 DIE LÄNGE DER STRECKE DIE DIESES ZURÜCK DIE ENTSPRICHT DER DAUER DER STROM HAUSHALTS 
LOG (gmm-latgen-faster[5.5.513~2-b5f4cf]:DecodeUtteranceLatticeFaster():decoder-wrappers.cc:289) Log-like per frame for utterance 5a4078f1-66df-45a5-82b8-b9d17b1bc1c2-136310211 is -4.41506 over 581 frames.
5a4078f1-66df-45a5-82b8-b9d17b1bc1c2-136411851 MIT ÜBER MAN ZWEITAUSENDSECHS GEFÄHRDETE DIE NICHT VERFÜGEN ERREICHT DER VERFAHREN ELEMENT ENTSPRECHEN TERMIN JEDEN BAROCK AUF 
LOG (gmm-latgen-faster[5.5.513~2-b5f4cf]:DecodeUtteranceLatticeFaster():decoder-wrappers.cc:289) Log-like per frame for utterance 5a4078f1-66df-45a5-82b8-b9d17b1bc1c2-136411851 is -4.64845 over 770 frames.
5a4078f1-66df-45a5-82b8-b9d17b1bc1c2-136514991 MENSCHEN IMMENS WERDE EINE GRÖßE BEDEUTUNG BEKOMMEN 
LOG (gmm-latgen-faster[5.5.513~2-b5f4cf]:DecodeUtteranceLatticeFaster():decoder-wrappers.cc:289) Log-like per frame for utterance 5a4078f1-66df-45a5-82b8-b9d17b1bc1c2-136514991 is -4.33828 over 446 frames.
5a4078f1-66df-45a5-82b8-b9d17b1bc1c2-136613896 DIE PRIVATSPHÄRE KEINE DANN DURCH DIE GESETZGEBUNG EFFEKTIV GESCHÜTZT WERDEN WENN DIE GESETZTE AUF EINGEHALTEN WERDEN 
LOG (gmm-latgen-faster[5.5.513~2-b5f4cf]:DecodeUtteranceLatticeFaster():decoder-wrappers.cc:289) Log-like per frame for utterance 5a4078f1-66df-45a5-82b8-b9d17b1bc1c2-136613896 is -4.64507 over 700 frames.
5a4078f1-66df-45a5-82b8-b9d17b1bc1c2-33611876 DIE AUSSPRACHE IST GESCHLOSSEN 
LOG (gmm-latgen-faster[5.5.513~2-b5f4cf]:DecodeUtteranceLatticeFaster():decoder-wrappers.cc:289) Log-like per frame for utterance 5a4078f1-66df-45a5-82b8-b9d17b1bc1c2-33611876 is -4.1806 over 302 frames.
61825372-365f-4595-bae0-e56d3a288cb3-195913661 SEIT WORDEN DÜRFEN IHRE GEWERBE WAR FÜHRTE EINHEITEN AUF ERHALT INSELN AUCH KOCHEN ODER OFFENSICHTLICH ELEGANT PUNKT 
LOG (gmm-latgen-faster[5.5.513~2-b5f4cf]:DecodeUtteranceLatticeFaster():decoder-wrappers.cc:289) Log-like per frame for utterance 61825372-365f-4595-bae0-e56d3a288cb3-195913661 is -4.46945 over 854 frames.
61825372-365f-4595-bae0-e56d3a288cb3-196010171 MIT DIESE SEINER HALTUNG DER NICHT DEN DEN KÖNNEN 
LOG (gmm-latgen-faster[5.5.513~2-b5f4cf]:DecodeUtteranceLatticeFaster():decoder-wrappers.cc:289) Log-like per frame for utterance 61825372-365f-4595-bae0-e56d3a288cb3-196010171 is -3.87366 over 427 frames.
61825372-365f-4595-bae0-e56d3a288cb3-196113051 WIR SOLLTE DER AUSKOMMEN DENNOCH SELTEN BAUTE FLACH RÖMISCH RAU FÜR SCHLUSS UND ANDEREN ALTERNATIVEN VERSTOßEN 
LOG (gmm-latgen-faster[5.5.513~2-b5f4cf]:DecodeUtteranceLatticeFaster():decoder-wrappers.cc:289) Log-like per frame for utterance 61825372-365f-4595-bae0-e56d3a288cb3-196113051 is -4.6986 over 760 frames.
61825372-365f-4595-bae0-e56d3a288cb3-196213851 BESONDERS AUGE GEHT DEN ZUSAMMENHANG ZWISCHEN HAUSHALTS POLITISCHE MAßNAHMEN UND FOLGTE GEHT HILFSLEISTUNGEN UND UND POLITIK 
LOG (gmm-latgen-faster[5.5.513~2-b5f4cf]:DecodeUtteranceLatticeFaster():decoder-wrappers.cc:289) Log-like per frame for utterance 61825372-365f-4595-bae0-e56d3a288cb3-196213851 is -4.63498 over 858 frames.
61825372-365f-4595-bae0-e56d3a288cb3-196315061 BEI METER ERSTER PRAKTISCHEN ZEICHEN INTERNATIONAL ICH 
LOG (gmm-latgen-faster[5.5.513~2-b5f4cf]:DecodeUtteranceLatticeFaster():decoder-wrappers.cc:289) Log-like per frame for utterance 61825372-365f-4595-bae0-e56d3a288cb3-196315061 is -4.13023 over 534 frames.
61825372-365f-4595-bae0-e56d3a288cb3-196414151 DER FRAGLICHEN HALT UNS FORM KOMMEN SO FEUER ZUM ZUG UND DIE EI ODER SOLLTEN KANN SICH VORSCHRIFTEN MARKT EINSTELLEN 
LOG (gmm-latgen-faster[5.5.513~2-b5f4cf]:DecodeUtteranceLatticeFaster():decoder-wrappers.cc:289) Log-like per frame for utterance 61825372-365f-4595-bae0-e56d3a288cb3-196414151 is -4.55833 over 768 frames.
61825372-365f-4595-bae0-e56d3a288cb3-196511346 ÜBERALL VERTRETERN DIESER GATTUNG SIND VIELER HOCH UND NICHT AUSGEBILDET 
LOG (gmm-latgen-faster[5.5.513~2-b5f4cf]:DecodeUtteranceLatticeFaster():decoder-wrappers.cc:289) Log-like per frame for utterance 61825372-365f-4595-bae0-e56d3a288cb3-196511346 is -3.70394 over 838 frames.
61825372-365f-4595-bae0-e56d3a288cb3-196614201 DIE KOMMISSAR RHÖN SEHR SORGFÄLTIG DIESE DER SOLLEN IN JE MITGLIEDSTAAT UND FESTZUSTELLEN WELCHE KONTROLLEN MAßNAHMEN ALS RUNDER RECHTE IN UM ANGEMESSEN GELTEN 
LOG (gmm-latgen-faster[5.5.513~2-b5f4cf]:DecodeUtteranceLatticeFaster():decoder-wrappers.cc:289) Log-like per frame for utterance 61825372-365f-4595-bae0-e56d3a288cb3-196614201 is -4.45762 over 1003 frames.
61825372-365f-4595-bae0-e56d3a288cb3-196711751 IM MÖCHTE IMPULS AUF DIESE DER SONDERN DREI LÄNDERN DAS AUS EINGEHEN ICH WEISE METER 
LOG (gmm-latgen-faster[5.5.513~2-b5f4cf]:DecodeUtteranceLatticeFaster():decoder-wrappers.cc:289) Log-like per frame for utterance 61825372-365f-4595-bae0-e56d3a288cb3-196711751 is -4.31553 over 749 frames.
61825372-365f-4595-bae0-e56d3a288cb3-196812561 DIE WAR AUF VOR ABER SIND DIE GEBETE DABEI IN 
LOG (gmm-latgen-faster[5.5.513~2-b5f4cf]:DecodeUtteranceLatticeFaster():decoder-wrappers.cc:289) Log-like per frame for utterance 61825372-365f-4595-bae0-e56d3a288cb3-196812561 is -4.08419 over 439 frames.
61825372-365f-4595-bae0-e56d3a288cb3-196910506 EINE ERINNERN DEN ICH ERFOLGE MÖCHTE ES AUFKLÄREN EIN WEITER ABGEORDNETE AUF DESSEN BEMERKUNG ICH EINGEHEN MÖCHTE UND SOLL SICHER ERSTER DREI WEITERER KOLLEGEN AUF DIE BEZIEHUNGEN ZUDEM ES AN 
LOG (gmm-latgen-faster[5.5.513~2-b5f4cf]:DecodeUtteranceLatticeFaster():decoder-wrappers.cc:289) Log-like per frame for utterance 61825372-365f-4595-bae0-e56d3a288cb3-196910506 is -4.42346 over 1352 frames.
61825372-365f-4595-bae0-e56d3a288cb3-197013836 WEITER WELCHE SCHALTE ZUR GELTEN 
LOG (gmm-latgen-faster[5.5.513~2-b5f4cf]:DecodeUtteranceLatticeFaster():decoder-wrappers.cc:289) Log-like per frame for utterance 61825372-365f-4595-bae0-e56d3a288cb3-197013836 is -3.88768 over 474 frames.
61825372-365f-4595-bae0-e56d3a288cb3-197213716 ENDE DERARTIGE JAHRE ERARBEITETEN DIE KOMMISSION EIN KLAR NACHDEM SICH DIE DAMALIGE IDEE ZU EINWOHNER STADT VOR EINEN SOLLTE UND DIE ANDEREN EUROPÄISCHEN STAATEN ÜBER REGELUNG WENN EUROPÄISCHEN WIRTSCHAFTS RAUM SOGAR ZUM IN MARKT ERHALTEN SOLLTEN 
LOG (gmm-latgen-faster[5.5.513~2-b5f4cf]:DecodeUtteranceLatticeFaster():decoder-wrappers.cc:289) Log-like per frame for utterance 61825372-365f-4595-bae0-e56d3a288cb3-197213716 is -4.40228 over 1597 frames.
61825372-365f-4595-bae0-e56d3a288cb3-197313731 ES EINER WIEDER UNEINGESCHRÄNKT VERWENDET VON 
LOG (gmm-latgen-faster[5.5.513~2-b5f4cf]:DecodeUtteranceLatticeFaster():decoder-wrappers.cc:289) Log-like per frame for utterance 61825372-365f-4595-bae0-e56d3a288cb3-197313731 is -3.98652 over 447 frames.
61825372-365f-4595-bae0-e56d3a288cb3-197410091 ES DER DER ANZEICHEN EINER NEUN SCHLIEßEN KANN 
LOG (gmm-latgen-faster[5.5.513~2-b5f4cf]:DecodeUtteranceLatticeFaster():decoder-wrappers.cc:289) Log-like per frame for utterance 61825372-365f-4595-bae0-e56d3a288cb3-197410091 is -4.2238 over 458 frames.
61825372-365f-4595-bae0-e56d3a288cb3-197512436 BEI DIESER NATIONEN WAR VERFIEL GEPÄCK 
LOG (gmm-latgen-faster[5.5.513~2-b5f4cf]:DecodeUtteranceLatticeFaster():decoder-wrappers.cc:289) Log-like per frame for utterance 61825372-365f-4595-bae0-e56d3a288cb3-197512436 is -3.7805 over 508 frames.
61825372-365f-4595-bae0-e56d3a288cb3-197614536 ZU BEUTE ES DAS ICH ZIELE STELLEN UND AN VOR DER SONDERN ICH 
LOG (gmm-latgen-faster[5.5.513~2-b5f4cf]:DecodeUtteranceLatticeFaster():decoder-wrappers.cc:289) Log-like per frame for utterance 61825372-365f-4595-bae0-e56d3a288cb3-197614536 is -4.22955 over 607 frames.
61825372-365f-4595-bae0-e56d3a288cb3-197713216 VIELE SEHE SCHNELLER TREFFEN BEREITS FÜR PARK HAMBURG ALS EIN 
LOG (gmm-latgen-faster[5.5.513~2-b5f4cf]:DecodeUtteranceLatticeFaster():decoder-wrappers.cc:289) Log-like per frame for utterance 61825372-365f-4595-bae0-e56d3a288cb3-197713216 is -3.99839 over 557 frames.
61825372-365f-4595-bae0-e56d3a288cb3-197811361 UND ÜBER AB ALS FÜR UND WURDE ZAHLEN DAS IN 
LOG (gmm-latgen-faster[5.5.513~2-b5f4cf]:DecodeUtteranceLatticeFaster():decoder-wrappers.cc:289) Log-like per frame for utterance 61825372-365f-4595-bae0-e56d3a288cb3-197811361 is -3.96864 over 633 frames.
61825372-365f-4595-bae0-e56d3a288cb3-197912966 MEHR BEMÜHUNGEN UND ENTWICKLUNG EUROPÄISCHER MILITÄRISCHER FÄHIGKEITEN MUSS DIE UNION BERÜCKSICHTIGEN DAS NOTWENDIG IST MIT DEN EUROPÄISCHEN VERBUNDEN DIE NICHT DER EUROPÄISCHEN UNION ANGEHÖREN UM MIT DEN WEITERES KEINE DA EINBEZIEHUNG DER ZUM ZUSAMMENARBEIT DES DER LOS UNTER KONSULTATIONEN AUCH AKTION 
LOG (gmm-latgen-faster[5.5.513~2-b5f4cf]:DecodeUtteranceLatticeFaster():decoder-wrappers.cc:289) Log-like per frame for utterance 61825372-365f-4595-bae0-e56d3a288cb3-197912966 is -4.45358 over 1890 frames.
61825372-365f-4595-bae0-e56d3a288cb3-198012456 DES WIRD SEINER GRÖßEREN TRANSPARENZ BEITRAGEN UND DEM PARLAMENTS DIE GEWICHT ERGEBEN ÜBER ENTWICKLUNG NOTWENDIGEN ANPASSUNG FÜR DIE HARMONISIERUNG DES NEUEN SYSTEMS ENTSPRECHEND UNTERRICHTET ZU SEIN 
LOG (gmm-latgen-faster[5.5.513~2-b5f4cf]:DecodeUtteranceLatticeFaster():decoder-wrappers.cc:289) Log-like per frame for utterance 61825372-365f-4595-bae0-e56d3a288cb3-198012456 is -4.35538 over 1296 frames.
61825372-365f-4595-bae0-e56d3a288cb3-198111461 WIR SIND DAS WAREN REISEN NICHTS BRINGEN AUSNAHME WIR DER DORT SIND ODER LEICHTEN 
LOG (gmm-latgen-faster[5.5.513~2-b5f4cf]:DecodeUtteranceLatticeFaster():decoder-wrappers.cc:289) Log-like per frame for utterance 61825372-365f-4595-bae0-e56d3a288cb3-198111461 is -4.22119 over 705 frames.
61825372-365f-4595-bae0-e56d3a288cb3-198211891 EINE ANDERE AKTION VERLIEß MEHREREN DEN RAUM UND DIESER SCHAU FÜR DER DES DAS OVAL DARSTELLTE DAS IST NEIN GLEITEN 
LOG (gmm-latgen-faster[5.5.513~2-b5f4cf]:DecodeUtteranceLatticeFaster():decoder-wrappers.cc:289) Log-like per frame for utterance 61825372-365f-4595-bae0-e56d3a288cb3-198211891 is -4.22211 over 1025 frames.
61825372-365f-4595-bae0-e56d3a288cb3-198310841 ALSO UM ANERKENNUNG VON PRÜFUNGEN 
LOG (gmm-latgen-faster[5.5.513~2-b5f4cf]:DecodeUtteranceLatticeFaster():decoder-wrappers.cc:289) Log-like per frame for utterance 61825372-365f-4595-bae0-e56d3a288cb3-198310841 is -3.62487 over 518 frames.
LOG (apply-cmvn[5.5.513~2-b5f4cf]:main():apply-cmvn.cc:162) Applied cepstral mean normalization to 245 utterances, errors on 0
61825372-365f-4595-bae0-e56d3a288cb3-198411121 ALS VERMUTLICH VON ÄNDERN DEM SCHWANZ ZEIT ZU ALS VOLLKOMMEN IN ALS STADT GEFUNDEN WURDEN UM BEGONNEN WURDE HANDEL MIT DEM WEIßEN DAS TRAGEN FALL DEN STARKE AUF DEM BRAUCHEN HÜGEL DIE ERSTE DES SIEBEN STADT 
LOG (gmm-latgen-faster[5.5.513~2-b5f4cf]:DecodeUtteranceLatticeFaster():decoder-wrappers.cc:289) Log-like per frame for utterance 61825372-365f-4595-bae0-e56d3a288cb3-198411121 is -4.36943 over 1487 frames.
61825372-365f-4595-bae0-e56d3a288cb3-198514321 WIEDER SICH DIE GESELLSCHAFT DAHINGEHEND VERÄNDERN DAS DER EINZELNEN SEINE MÖGLICHKEITEN GLÜCKLICH ZU WERDEN AUS ZU SCHAFFEN AN 
LOG (gmm-latgen-faster[5.5.513~2-b5f4cf]:DecodeUtteranceLatticeFaster():decoder-wrappers.cc:289) Log-like per frame for utterance 61825372-365f-4595-bae0-e56d3a288cb3-198514321 is -4.22931 over 940 frames.
61825372-365f-4595-bae0-e56d3a288cb3-198612666 DAS DAS METER DIESER GELEGENHEIT AUF DER EINER DER PRÄSIDENT WELCHE BEDEUTUNG WIEDER ABSTIMMUNG ÜBERDIES WIR BEIMESSEN DIES ERMÖGLICHEN WIRD DIE VERSTÖßE ZU BESTRAFEN DEN AUTOFAHRER IN EIN ANDEREN MITGLIEDSTAATEN ALS IHREN WOHNSITZSTAAT BEGEHEN 
LOG (gmm-latgen-faster[5.5.513~2-b5f4cf]:DecodeUtteranceLatticeFaster():decoder-wrappers.cc:289) Log-like per frame for utterance 61825372-365f-4595-bae0-e56d3a288cb3-198612666 is -4.52565 over 1709 frames.
LOG (transform-feats[5.5.513~2-b5f4cf]:main():transform-feats.cc:158) Overall average [pseudo-]logdet is -88.995 over 203806 frames.
LOG (transform-feats[5.5.513~2-b5f4cf]:main():transform-feats.cc:161) Applied transform to 245 utterances; 0 had errors.
61825372-365f-4595-bae0-e56d3a288cb3-198712061 WIR MÜSSEN EIN NACHHALTIGEN ENTWICKELTEN UND SECHS UMGANG SECHS SO DAS SCHWÄCHE DE UND DEN ENTWICKLUNG ZUR GERINGER GEBIETE MICH ZURÜCKGELASSEN DER BEZIEHUNGSWEISE NEUEN SCHWEDEN 
LOG (gmm-latgen-faster[5.5.513~2-b5f4cf]:DecodeUtteranceLatticeFaster():decoder-wrappers.cc:289) Log-like per frame for utterance 61825372-365f-4595-bae0-e56d3a288cb3-198712061 is -4.27113 over 1227 frames.
LOG (gmm-latgen-faster[5.5.513~2-b5f4cf]:main():gmm-latgen-faster.cc:176) Time taken 602.406s: real-time factor assuming 100 frames/sec is 0.295578
LOG (gmm-latgen-faster[5.5.513~2-b5f4cf]:main():gmm-latgen-faster.cc:179) Done 245 utterances, failed for 0
LOG (gmm-latgen-faster[5.5.513~2-b5f4cf]:main():gmm-latgen-faster.cc:181) Overall log-likelihood per frame is -4.64578 over 203806 frames.
# Accounting: time=603 threads=1
# Ended (code 0) at Wed Jan 15 07:16:43 CET 2020, elapsed time 603 seconds
