# gmm-acc-stats-ali exp/mono/36.mdl "ark,s,cs:apply-cmvn  --utt2spk=ark:data/train/split4/3/utt2spk scp:data/train/split4/3/cmvn.scp scp:data/train/split4/3/feats.scp ark:- | add-deltas  ark:- ark:- |" "ark:gunzip -c exp/mono/ali.3.gz|" exp/mono/36.3.acc 
# Started at Tue Jan 14 23:59:05 CET 2020
#
gmm-acc-stats-ali exp/mono/36.mdl 'ark,s,cs:apply-cmvn  --utt2spk=ark:data/train/split4/3/utt2spk scp:data/train/split4/3/cmvn.scp scp:data/train/split4/3/feats.scp ark:- | add-deltas  ark:- ark:- |' 'ark:gunzip -c exp/mono/ali.3.gz|' exp/mono/36.3.acc 
apply-cmvn --utt2spk=ark:data/train/split4/3/utt2spk scp:data/train/split4/3/cmvn.scp scp:data/train/split4/3/feats.scp ark:- 
add-deltas ark:- ark:- 
LOG (gmm-acc-stats-ali[5.5.513~2-b5f4cf]:main():gmm-acc-stats-ali.cc:105) Processed 50 utterances; for utterance 757cf316-c655-4ff4-8a7b-750f00b18a2f-22055240 avg. like is -100.589 over 1478 frames.
WARNING (gmm-acc-stats-ali[5.5.513~2-b5f4cf]:main():gmm-acc-stats-ali.cc:79) No alignment for utterance 757cf316-c655-4ff4-8a7b-750f00b18a2f-32150231
WARNING (gmm-acc-stats-ali[5.5.513~2-b5f4cf]:main():gmm-acc-stats-ali.cc:79) No alignment for utterance 757cf316-c655-4ff4-8a7b-750f00b18a2f-32150232
WARNING (gmm-acc-stats-ali[5.5.513~2-b5f4cf]:main():gmm-acc-stats-ali.cc:79) No alignment for utterance 757cf316-c655-4ff4-8a7b-750f00b18a2f-32150233
WARNING (gmm-acc-stats-ali[5.5.513~2-b5f4cf]:main():gmm-acc-stats-ali.cc:79) No alignment for utterance 757cf316-c655-4ff4-8a7b-750f00b18a2f-32150234
WARNING (gmm-acc-stats-ali[5.5.513~2-b5f4cf]:main():gmm-acc-stats-ali.cc:79) No alignment for utterance 757cf316-c655-4ff4-8a7b-750f00b18a2f-32150235
LOG (gmm-acc-stats-ali[5.5.513~2-b5f4cf]:main():gmm-acc-stats-ali.cc:105) Processed 100 utterances; for utterance 757cf316-c655-4ff4-8a7b-750f00b18a2f-34264855 avg. like is -97.7618 over 558 frames.
LOG (gmm-acc-stats-ali[5.5.513~2-b5f4cf]:main():gmm-acc-stats-ali.cc:105) Processed 150 utterances; for utterance 757cf316-c655-4ff4-8a7b-750f00b18a2f-45032365 avg. like is -97.8213 over 958 frames.
WARNING (gmm-acc-stats-ali[5.5.513~2-b5f4cf]:main():gmm-acc-stats-ali.cc:79) No alignment for utterance 757cf316-c655-4ff4-8a7b-750f00b18a2f-53771637
LOG (gmm-acc-stats-ali[5.5.513~2-b5f4cf]:main():gmm-acc-stats-ali.cc:105) Processed 200 utterances; for utterance 757cf316-c655-4ff4-8a7b-750f00b18a2f-55769820 avg. like is -94.6008 over 658 frames.
LOG (gmm-acc-stats-ali[5.5.513~2-b5f4cf]:main():gmm-acc-stats-ali.cc:105) Processed 250 utterances; for utterance 757cf316-c655-4ff4-8a7b-750f00b18a2f-71718020 avg. like is -100.218 over 1358 frames.
LOG (gmm-acc-stats-ali[5.5.513~2-b5f4cf]:main():gmm-acc-stats-ali.cc:105) Processed 300 utterances; for utterance 757cf316-c655-4ff4-8a7b-750f00b18a2f-9365495 avg. like is -97.3724 over 858 frames.
LOG (gmm-acc-stats-ali[5.5.513~2-b5f4cf]:main():gmm-acc-stats-ali.cc:105) Processed 350 utterances; for utterance 77b4ff89-c809-4ef1-8da0-f1792d719c2c-15053280 avg. like is -90.1902 over 908 frames.
LOG (gmm-acc-stats-ali[5.5.513~2-b5f4cf]:main():gmm-acc-stats-ali.cc:105) Processed 400 utterances; for utterance 77b4ff89-c809-4ef1-8da0-f1792d719c2c-2610100 avg. like is -92.5291 over 1588 frames.
LOG (gmm-acc-stats-ali[5.5.513~2-b5f4cf]:main():gmm-acc-stats-ali.cc:105) Processed 450 utterances; for utterance 77b4ff89-c809-4ef1-8da0-f1792d719c2c-3715410 avg. like is -87.1447 over 628 frames.
LOG (gmm-acc-stats-ali[5.5.513~2-b5f4cf]:main():gmm-acc-stats-ali.cc:105) Processed 500 utterances; for utterance 77b4ff89-c809-4ef1-8da0-f1792d719c2c-46157240 avg. like is -88.375 over 828 frames.
LOG (gmm-acc-stats-ali[5.5.513~2-b5f4cf]:main():gmm-acc-stats-ali.cc:105) Processed 550 utterances; for utterance 77b4ff89-c809-4ef1-8da0-f1792d719c2c-54726230 avg. like is -92.8923 over 1698 frames.
LOG (gmm-acc-stats-ali[5.5.513~2-b5f4cf]:main():gmm-acc-stats-ali.cc:105) Processed 600 utterances; for utterance 77b4ff89-c809-4ef1-8da0-f1792d719c2c-6837080 avg. like is -87.2251 over 1298 frames.
LOG (gmm-acc-stats-ali[5.5.513~2-b5f4cf]:main():gmm-acc-stats-ali.cc:105) Processed 650 utterances; for utterance 77e75355-1c13-4a21-bfab-e4798b86a2e4-14864620 avg. like is -95.8648 over 788 frames.
LOG (gmm-acc-stats-ali[5.5.513~2-b5f4cf]:main():gmm-acc-stats-ali.cc:105) Processed 700 utterances; for utterance 77e75355-1c13-4a21-bfab-e4798b86a2e4-21711690 avg. like is -98.6259 over 958 frames.
LOG (gmm-acc-stats-ali[5.5.513~2-b5f4cf]:main():gmm-acc-stats-ali.cc:105) Processed 750 utterances; for utterance 77e75355-1c13-4a21-bfab-e4798b86a2e4-29913175 avg. like is -97.372 over 768 frames.
LOG (gmm-acc-stats-ali[5.5.513~2-b5f4cf]:main():gmm-acc-stats-ali.cc:105) Processed 800 utterances; for utterance 77e75355-1c13-4a21-bfab-e4798b86a2e4-40012465 avg. like is -95.8402 over 528 frames.
LOG (gmm-acc-stats-ali[5.5.513~2-b5f4cf]:main():gmm-acc-stats-ali.cc:105) Processed 850 utterances; for utterance 77e75355-1c13-4a21-bfab-e4798b86a2e4-56811730 avg. like is -99.0634 over 1008 frames.
LOG (gmm-acc-stats-ali[5.5.513~2-b5f4cf]:main():gmm-acc-stats-ali.cc:105) Processed 900 utterances; for utterance 77e75355-1c13-4a21-bfab-e4798b86a2e4-6546435 avg. like is -97.8497 over 948 frames.
LOG (gmm-acc-stats-ali[5.5.513~2-b5f4cf]:main():gmm-acc-stats-ali.cc:105) Processed 950 utterances; for utterance 77e75355-1c13-4a21-bfab-e4798b86a2e4-72228115 avg. like is -96.34 over 868 frames.
LOG (gmm-acc-stats-ali[5.5.513~2-b5f4cf]:main():gmm-acc-stats-ali.cc:105) Processed 1000 utterances; for utterance 77e75355-1c13-4a21-bfab-e4798b86a2e4-73960740 avg. like is -91.8198 over 328 frames.
LOG (gmm-acc-stats-ali[5.5.513~2-b5f4cf]:main():gmm-acc-stats-ali.cc:105) Processed 1050 utterances; for utterance 78421124-2319-4cf1-b3d3-4f95b3001cee-12144100 avg. like is -96.6812 over 958 frames.
LOG (gmm-acc-stats-ali[5.5.513~2-b5f4cf]:main():gmm-acc-stats-ali.cc:105) Processed 1100 utterances; for utterance 78421124-2319-4cf1-b3d3-4f95b3001cee-21347095 avg. like is -99.0068 over 1078 frames.
LOG (gmm-acc-stats-ali[5.5.513~2-b5f4cf]:main():gmm-acc-stats-ali.cc:105) Processed 1150 utterances; for utterance 78421124-2319-4cf1-b3d3-4f95b3001cee-28524720 avg. like is -97.5078 over 1468 frames.
LOG (gmm-acc-stats-ali[5.5.513~2-b5f4cf]:main():gmm-acc-stats-ali.cc:105) Processed 1200 utterances; for utterance 78421124-2319-4cf1-b3d3-4f95b3001cee-33765955 avg. like is -95.1563 over 498 frames.
LOG (gmm-acc-stats-ali[5.5.513~2-b5f4cf]:main():gmm-acc-stats-ali.cc:105) Processed 1250 utterances; for utterance 78421124-2319-4cf1-b3d3-4f95b3001cee-4269705 avg. like is -91.62 over 378 frames.
LOG (gmm-acc-stats-ali[5.5.513~2-b5f4cf]:main():gmm-acc-stats-ali.cc:105) Processed 1300 utterances; for utterance 78421124-2319-4cf1-b3d3-4f95b3001cee-56311095 avg. like is -97.3837 over 1288 frames.
LOG (gmm-acc-stats-ali[5.5.513~2-b5f4cf]:main():gmm-acc-stats-ali.cc:105) Processed 1350 utterances; for utterance 78421124-2319-4cf1-b3d3-4f95b3001cee-67940140 avg. like is -97.0799 over 588 frames.
LOG (gmm-acc-stats-ali[5.5.513~2-b5f4cf]:main():gmm-acc-stats-ali.cc:105) Processed 1400 utterances; for utterance 78421124-2319-4cf1-b3d3-4f95b3001cee-73161520 avg. like is -94.5888 over 498 frames.
LOG (gmm-acc-stats-ali[5.5.513~2-b5f4cf]:main():gmm-acc-stats-ali.cc:105) Processed 1450 utterances; for utterance 7aeb8739-28ec-44ca-aacf-5c4c242ba506-17625935 avg. like is -94.1793 over 1378 frames.
LOG (gmm-acc-stats-ali[5.5.513~2-b5f4cf]:main():gmm-acc-stats-ali.cc:105) Processed 1500 utterances; for utterance 7aeb8739-28ec-44ca-aacf-5c4c242ba506-27358820 avg. like is -92.6883 over 1088 frames.
LOG (gmm-acc-stats-ali[5.5.513~2-b5f4cf]:main():gmm-acc-stats-ali.cc:105) Processed 1550 utterances; for utterance 7aeb8739-28ec-44ca-aacf-5c4c242ba506-47524465 avg. like is -95.486 over 668 frames.
LOG (gmm-acc-stats-ali[5.5.513~2-b5f4cf]:main():gmm-acc-stats-ali.cc:105) Processed 1600 utterances; for utterance 7aeb8739-28ec-44ca-aacf-5c4c242ba506-65766315 avg. like is -94.2865 over 1308 frames.
LOG (gmm-acc-stats-ali[5.5.513~2-b5f4cf]:main():gmm-acc-stats-ali.cc:105) Processed 1650 utterances; for utterance 7aeb8739-28ec-44ca-aacf-5c4c242ba506-69821285 avg. like is -94.398 over 1228 frames.
LOG (gmm-acc-stats-ali[5.5.513~2-b5f4cf]:main():gmm-acc-stats-ali.cc:105) Processed 1700 utterances; for utterance 7aeb8739-28ec-44ca-aacf-5c4c242ba506-761110 avg. like is -90.2007 over 438 frames.
LOG (gmm-acc-stats-ali[5.5.513~2-b5f4cf]:main():gmm-acc-stats-ali.cc:105) Processed 1750 utterances; for utterance 7aeb8739-28ec-44ca-aacf-5c4c242ba506-79867360 avg. like is -87.8714 over 188 frames.
LOG (gmm-acc-stats-ali[5.5.513~2-b5f4cf]:main():gmm-acc-stats-ali.cc:105) Processed 1800 utterances; for utterance 7aeb8739-28ec-44ca-aacf-5c4c242ba506-83143515 avg. like is -83.5302 over 138 frames.
LOG (gmm-acc-stats-ali[5.5.513~2-b5f4cf]:main():gmm-acc-stats-ali.cc:105) Processed 1850 utterances; for utterance 7aeb8739-28ec-44ca-aacf-5c4c242ba506-87355350 avg. like is -86.2855 over 208 frames.
LOG (gmm-acc-stats-ali[5.5.513~2-b5f4cf]:main():gmm-acc-stats-ali.cc:105) Processed 1900 utterances; for utterance 7aeb8739-28ec-44ca-aacf-5c4c242ba506-92741120 avg. like is -87.3761 over 138 frames.
LOG (gmm-acc-stats-ali[5.5.513~2-b5f4cf]:main():gmm-acc-stats-ali.cc:105) Processed 1950 utterances; for utterance 7ebeb8f6-f2e2-418a-89c5-16b2e4a85cd5-11529168 avg. like is -95.3889 over 1138 frames.
LOG (gmm-acc-stats-ali[5.5.513~2-b5f4cf]:main():gmm-acc-stats-ali.cc:105) Processed 2000 utterances; for utterance 7ebeb8f6-f2e2-418a-89c5-16b2e4a85cd5-20125611 avg. like is -99.7015 over 1888 frames.
LOG (gmm-acc-stats-ali[5.5.513~2-b5f4cf]:main():gmm-acc-stats-ali.cc:105) Processed 2050 utterances; for utterance 7ebeb8f6-f2e2-418a-89c5-16b2e4a85cd5-26515883 avg. like is -97.5498 over 1448 frames.
WARNING (gmm-acc-stats-ali[5.5.513~2-b5f4cf]:main():gmm-acc-stats-ali.cc:79) No alignment for utterance 7ebeb8f6-f2e2-418a-89c5-16b2e4a85cd5-32832256
WARNING (gmm-acc-stats-ali[5.5.513~2-b5f4cf]:main():gmm-acc-stats-ali.cc:79) No alignment for utterance 7ebeb8f6-f2e2-418a-89c5-16b2e4a85cd5-32832257
WARNING (gmm-acc-stats-ali[5.5.513~2-b5f4cf]:main():gmm-acc-stats-ali.cc:79) No alignment for utterance 7ebeb8f6-f2e2-418a-89c5-16b2e4a85cd5-32832258
WARNING (gmm-acc-stats-ali[5.5.513~2-b5f4cf]:main():gmm-acc-stats-ali.cc:79) No alignment for utterance 7ebeb8f6-f2e2-418a-89c5-16b2e4a85cd5-32832259
LOG (gmm-acc-stats-ali[5.5.513~2-b5f4cf]:main():gmm-acc-stats-ali.cc:105) Processed 2100 utterances; for utterance 7ebeb8f6-f2e2-418a-89c5-16b2e4a85cd5-35040811 avg. like is -98.3049 over 1148 frames.
LOG (gmm-acc-stats-ali[5.5.513~2-b5f4cf]:main():gmm-acc-stats-ali.cc:105) Processed 2150 utterances; for utterance 7ebeb8f6-f2e2-418a-89c5-16b2e4a85cd5-36440273 avg. like is -94.1651 over 638 frames.
LOG (gmm-acc-stats-ali[5.5.513~2-b5f4cf]:main():gmm-acc-stats-ali.cc:105) Processed 2200 utterances; for utterance 7ebeb8f6-f2e2-418a-89c5-16b2e4a85cd5-8849526 avg. like is -99.9161 over 2128 frames.
LOG (gmm-acc-stats-ali[5.5.513~2-b5f4cf]:main():gmm-acc-stats-ali.cc:105) Processed 2250 utterances; for utterance 7ff23724-ad3c-4808-9d49-59d1f568e3bc-12559592 avg. like is -104.816 over 413 frames.
LOG (gmm-acc-stats-ali[5.5.513~2-b5f4cf]:main():gmm-acc-stats-ali.cc:105) Processed 2300 utterances; for utterance 7ff23724-ad3c-4808-9d49-59d1f568e3bc-20214622 avg. like is -104.772 over 368 frames.
LOG (gmm-acc-stats-ali[5.5.513~2-b5f4cf]:main():gmm-acc-stats-ali.cc:105) Processed 2350 utterances; for utterance 7ff23724-ad3c-4808-9d49-59d1f568e3bc-26655297 avg. like is -108.848 over 1093 frames.
LOG (gmm-acc-stats-ali[5.5.513~2-b5f4cf]:main():gmm-acc-stats-ali.cc:105) Processed 2400 utterances; for utterance 7ff23724-ad3c-4808-9d49-59d1f568e3bc-32573457 avg. like is -108.155 over 1378 frames.
LOG (gmm-acc-stats-ali[5.5.513~2-b5f4cf]:main():gmm-acc-stats-ali.cc:105) Processed 2450 utterances; for utterance 7ff23724-ad3c-4808-9d49-59d1f568e3bc-42945767 avg. like is -108.066 over 398 frames.
LOG (gmm-acc-stats-ali[5.5.513~2-b5f4cf]:main():gmm-acc-stats-ali.cc:105) Processed 2500 utterances; for utterance 7ff23724-ad3c-4808-9d49-59d1f568e3bc-49640997 avg. like is -110.94 over 1248 frames.
LOG (gmm-acc-stats-ali[5.5.513~2-b5f4cf]:main():gmm-acc-stats-ali.cc:105) Processed 2550 utterances; for utterance 7ff23724-ad3c-4808-9d49-59d1f568e3bc-57610132 avg. like is -108.698 over 1088 frames.
LOG (gmm-acc-stats-ali[5.5.513~2-b5f4cf]:main():gmm-acc-stats-ali.cc:105) Processed 2600 utterances; for utterance 7ff23724-ad3c-4808-9d49-59d1f568e3bc-58752277 avg. like is -107.828 over 898 frames.
LOG (gmm-acc-stats-ali[5.5.513~2-b5f4cf]:main():gmm-acc-stats-ali.cc:105) Processed 2650 utterances; for utterance 80d69bc1-8e5a-4b07-b24b-a77fa69c7865-11431407 avg. like is -108.104 over 893 frames.
LOG (gmm-acc-stats-ali[5.5.513~2-b5f4cf]:main():gmm-acc-stats-ali.cc:105) Processed 2700 utterances; for utterance 80d69bc1-8e5a-4b07-b24b-a77fa69c7865-18866712 avg. like is -109.161 over 1423 frames.
LOG (gmm-acc-stats-ali[5.5.513~2-b5f4cf]:main():gmm-acc-stats-ali.cc:105) Processed 2750 utterances; for utterance 80d69bc1-8e5a-4b07-b24b-a77fa69c7865-28534907 avg. like is -108.586 over 1998 frames.
LOG (gmm-acc-stats-ali[5.5.513~2-b5f4cf]:main():gmm-acc-stats-ali.cc:105) Processed 2800 utterances; for utterance 80d69bc1-8e5a-4b07-b24b-a77fa69c7865-33335002 avg. like is -107.821 over 1298 frames.
LOG (gmm-acc-stats-ali[5.5.513~2-b5f4cf]:main():gmm-acc-stats-ali.cc:105) Processed 2850 utterances; for utterance 80d69bc1-8e5a-4b07-b24b-a77fa69c7865-4863847 avg. like is -106.041 over 943 frames.
LOG (gmm-acc-stats-ali[5.5.513~2-b5f4cf]:main():gmm-acc-stats-ali.cc:105) Processed 2900 utterances; for utterance 80d69bc1-8e5a-4b07-b24b-a77fa69c7865-62463877 avg. like is -108.512 over 1073 frames.
LOG (gmm-acc-stats-ali[5.5.513~2-b5f4cf]:main():gmm-acc-stats-ali.cc:105) Processed 2950 utterances; for utterance 80d69bc1-8e5a-4b07-b24b-a77fa69c7865-68272462 avg. like is -108.653 over 2293 frames.
LOG (gmm-acc-stats-ali[5.5.513~2-b5f4cf]:main():gmm-acc-stats-ali.cc:105) Processed 3000 utterances; for utterance 80d69bc1-8e5a-4b07-b24b-a77fa69c7865-72836892 avg. like is -107.572 over 563 frames.
LOG (gmm-acc-stats-ali[5.5.513~2-b5f4cf]:main():gmm-acc-stats-ali.cc:105) Processed 3050 utterances; for utterance 80d69bc1-8e5a-4b07-b24b-a77fa69c7865-77630332 avg. like is -107.726 over 1228 frames.
LOG (gmm-acc-stats-ali[5.5.513~2-b5f4cf]:main():gmm-acc-stats-ali.cc:105) Processed 3100 utterances; for utterance 8528f58c-f78b-4c78-b596-ed5a65c2f784-12313575 avg. like is -96.487 over 1028 frames.
LOG (gmm-acc-stats-ali[5.5.513~2-b5f4cf]:main():gmm-acc-stats-ali.cc:105) Processed 3150 utterances; for utterance 8528f58c-f78b-4c78-b596-ed5a65c2f784-2715083 avg. like is -95.0799 over 568 frames.
LOG (gmm-acc-stats-ali[5.5.513~2-b5f4cf]:main():gmm-acc-stats-ali.cc:105) Processed 3200 utterances; for utterance 8528f58c-f78b-4c78-b596-ed5a65c2f784-4465115 avg. like is -95.5103 over 598 frames.
LOG (gmm-acc-stats-ali[5.5.513~2-b5f4cf]:main():gmm-acc-stats-ali.cc:105) Processed 3250 utterances; for utterance 8528f58c-f78b-4c78-b596-ed5a65c2f784-57162868 avg. like is -95.7183 over 1058 frames.
LOG (gmm-acc-stats-ali[5.5.513~2-b5f4cf]:main():gmm-acc-stats-ali.cc:105) Processed 3300 utterances; for utterance 8528f58c-f78b-4c78-b596-ed5a65c2f784-67558600 avg. like is -95.6834 over 808 frames.
LOG (gmm-acc-stats-ali[5.5.513~2-b5f4cf]:main():gmm-acc-stats-ali.cc:105) Processed 3350 utterances; for utterance 8528f58c-f78b-4c78-b596-ed5a65c2f784-79211533 avg. like is -94.3597 over 238 frames.
LOG (gmm-acc-stats-ali[5.5.513~2-b5f4cf]:main():gmm-acc-stats-ali.cc:105) Processed 3400 utterances; for utterance 8528f58c-f78b-4c78-b596-ed5a65c2f784-83765085 avg. like is -88.988 over 198 frames.
LOG (gmm-acc-stats-ali[5.5.513~2-b5f4cf]:main():gmm-acc-stats-ali.cc:105) Processed 3450 utterances; for utterance 8528f58c-f78b-4c78-b596-ed5a65c2f784-87160053 avg. like is -88.9073 over 158 frames.
LOG (gmm-acc-stats-ali[5.5.513~2-b5f4cf]:main():gmm-acc-stats-ali.cc:105) Processed 3500 utterances; for utterance 8528f58c-f78b-4c78-b596-ed5a65c2f784-90810980 avg. like is -87.4641 over 188 frames.
LOG (gmm-acc-stats-ali[5.5.513~2-b5f4cf]:main():gmm-acc-stats-ali.cc:105) Processed 3550 utterances; for utterance 8528f58c-f78b-4c78-b596-ed5a65c2f784-92547153 avg. like is -91.2977 over 238 frames.
LOG (gmm-acc-stats-ali[5.5.513~2-b5f4cf]:main():gmm-acc-stats-ali.cc:105) Processed 3600 utterances; for utterance 8671dd69-1fe3-4e5d-aa21-5779b9e54827-10434870 avg. like is -97.4189 over 588 frames.
LOG (gmm-acc-stats-ali[5.5.513~2-b5f4cf]:main():gmm-acc-stats-ali.cc:105) Processed 3650 utterances; for utterance 8671dd69-1fe3-4e5d-aa21-5779b9e54827-13231075 avg. like is -96.4562 over 938 frames.
LOG (gmm-acc-stats-ali[5.5.513~2-b5f4cf]:main():gmm-acc-stats-ali.cc:105) Processed 3700 utterances; for utterance 8671dd69-1fe3-4e5d-aa21-5779b9e54827-24238200 avg. like is -97.2335 over 1148 frames.
LOG (gmm-acc-stats-ali[5.5.513~2-b5f4cf]:main():gmm-acc-stats-ali.cc:105) Processed 3750 utterances; for utterance 8671dd69-1fe3-4e5d-aa21-5779b9e54827-32847765 avg. like is -97.5343 over 1598 frames.
LOG (gmm-acc-stats-ali[5.5.513~2-b5f4cf]:main():gmm-acc-stats-ali.cc:105) Processed 3800 utterances; for utterance 8671dd69-1fe3-4e5d-aa21-5779b9e54827-36838015 avg. like is -97.2906 over 2928 frames.
LOG (gmm-acc-stats-ali[5.5.513~2-b5f4cf]:main():gmm-acc-stats-ali.cc:105) Processed 3850 utterances; for utterance 8671dd69-1fe3-4e5d-aa21-5779b9e54827-43226470 avg. like is -94.4667 over 628 frames.
LOG (gmm-acc-stats-ali[5.5.513~2-b5f4cf]:main():gmm-acc-stats-ali.cc:105) Processed 3900 utterances; for utterance 8671dd69-1fe3-4e5d-aa21-5779b9e54827-53359000 avg. like is -98.0132 over 1738 frames.
LOG (gmm-acc-stats-ali[5.5.513~2-b5f4cf]:main():gmm-acc-stats-ali.cc:105) Processed 3950 utterances; for utterance 8671dd69-1fe3-4e5d-aa21-5779b9e54827-68830440 avg. like is -96.51 over 928 frames.
WARNING (gmm-acc-stats-ali[5.5.513~2-b5f4cf]:main():gmm-acc-stats-ali.cc:79) No alignment for utterance 89c1aac7-03d8-46b3-b9a4-ecca80261c95-10817814
WARNING (gmm-acc-stats-ali[5.5.513~2-b5f4cf]:main():gmm-acc-stats-ali.cc:79) No alignment for utterance 89c1aac7-03d8-46b3-b9a4-ecca80261c95-10848424
WARNING (gmm-acc-stats-ali[5.5.513~2-b5f4cf]:main():gmm-acc-stats-ali.cc:79) No alignment for utterance 89c1aac7-03d8-46b3-b9a4-ecca80261c95-12226814
WARNING (gmm-acc-stats-ali[5.5.513~2-b5f4cf]:main():gmm-acc-stats-ali.cc:79) No alignment for utterance 89c1aac7-03d8-46b3-b9a4-ecca80261c95-12267404
WARNING (gmm-acc-stats-ali[5.5.513~2-b5f4cf]:main():gmm-acc-stats-ali.cc:79) No alignment for utterance 89c1aac7-03d8-46b3-b9a4-ecca80261c95-15645074
WARNING (gmm-acc-stats-ali[5.5.513~2-b5f4cf]:main():gmm-acc-stats-ali.cc:79) No alignment for utterance 89c1aac7-03d8-46b3-b9a4-ecca80261c95-16916294
WARNING (gmm-acc-stats-ali[5.5.513~2-b5f4cf]:main():gmm-acc-stats-ali.cc:79) No alignment for utterance 89c1aac7-03d8-46b3-b9a4-ecca80261c95-18419279
LOG (gmm-acc-stats-ali[5.5.513~2-b5f4cf]:main():gmm-acc-stats-ali.cc:105) Processed 4000 utterances; for utterance 89c1aac7-03d8-46b3-b9a4-ecca80261c95-18419280 avg. like is -96.7648 over 1108 frames.
WARNING (gmm-acc-stats-ali[5.5.513~2-b5f4cf]:main():gmm-acc-stats-ali.cc:79) No alignment for utterance 89c1aac7-03d8-46b3-b9a4-ecca80261c95-19371779
WARNING (gmm-acc-stats-ali[5.5.513~2-b5f4cf]:main():gmm-acc-stats-ali.cc:79) No alignment for utterance 89c1aac7-03d8-46b3-b9a4-ecca80261c95-19420674
WARNING (gmm-acc-stats-ali[5.5.513~2-b5f4cf]:main():gmm-acc-stats-ali.cc:79) No alignment for utterance 89c1aac7-03d8-46b3-b9a4-ecca80261c95-19953629
WARNING (gmm-acc-stats-ali[5.5.513~2-b5f4cf]:main():gmm-acc-stats-ali.cc:79) No alignment for utterance 89c1aac7-03d8-46b3-b9a4-ecca80261c95-20120359
WARNING (gmm-acc-stats-ali[5.5.513~2-b5f4cf]:main():gmm-acc-stats-ali.cc:79) No alignment for utterance 89c1aac7-03d8-46b3-b9a4-ecca80261c95-20133474
WARNING (gmm-acc-stats-ali[5.5.513~2-b5f4cf]:main():gmm-acc-stats-ali.cc:79) No alignment for utterance 89c1aac7-03d8-46b3-b9a4-ecca80261c95-20974034
WARNING (gmm-acc-stats-ali[5.5.513~2-b5f4cf]:main():gmm-acc-stats-ali.cc:79) No alignment for utterance 89c1aac7-03d8-46b3-b9a4-ecca80261c95-22851984
WARNING (gmm-acc-stats-ali[5.5.513~2-b5f4cf]:main():gmm-acc-stats-ali.cc:79) No alignment for utterance 89c1aac7-03d8-46b3-b9a4-ecca80261c95-24025574
WARNING (gmm-acc-stats-ali[5.5.513~2-b5f4cf]:main():gmm-acc-stats-ali.cc:79) No alignment for utterance 89c1aac7-03d8-46b3-b9a4-ecca80261c95-24333019
WARNING (gmm-acc-stats-ali[5.5.513~2-b5f4cf]:main():gmm-acc-stats-ali.cc:79) No alignment for utterance 89c1aac7-03d8-46b3-b9a4-ecca80261c95-27460844
WARNING (gmm-acc-stats-ali[5.5.513~2-b5f4cf]:main():gmm-acc-stats-ali.cc:79) No alignment for utterance 89c1aac7-03d8-46b3-b9a4-ecca80261c95-27519729
WARNING (gmm-acc-stats-ali[5.5.513~2-b5f4cf]:main():gmm-acc-stats-ali.cc:79) No alignment for utterance 89c1aac7-03d8-46b3-b9a4-ecca80261c95-3118309
WARNING (gmm-acc-stats-ali[5.5.513~2-b5f4cf]:main():gmm-acc-stats-ali.cc:79) No alignment for utterance 89c1aac7-03d8-46b3-b9a4-ecca80261c95-32547434
WARNING (gmm-acc-stats-ali[5.5.513~2-b5f4cf]:main():gmm-acc-stats-ali.cc:79) No alignment for utterance 89c1aac7-03d8-46b3-b9a4-ecca80261c95-32570619
WARNING (gmm-acc-stats-ali[5.5.513~2-b5f4cf]:main():gmm-acc-stats-ali.cc:79) No alignment for utterance 89c1aac7-03d8-46b3-b9a4-ecca80261c95-32630779
WARNING (gmm-acc-stats-ali[5.5.513~2-b5f4cf]:main():gmm-acc-stats-ali.cc:79) No alignment for utterance 89c1aac7-03d8-46b3-b9a4-ecca80261c95-32662819
LOG (gmm-acc-stats-ali[5.5.513~2-b5f4cf]:main():gmm-acc-stats-ali.cc:105) Processed 4050 utterances; for utterance 89c1aac7-03d8-46b3-b9a4-ecca80261c95-32920983 avg. like is -96.8873 over 1428 frames.
WARNING (gmm-acc-stats-ali[5.5.513~2-b5f4cf]:main():gmm-acc-stats-ali.cc:79) No alignment for utterance 89c1aac7-03d8-46b3-b9a4-ecca80261c95-32920984
WARNING (gmm-acc-stats-ali[5.5.513~2-b5f4cf]:main():gmm-acc-stats-ali.cc:79) No alignment for utterance 89c1aac7-03d8-46b3-b9a4-ecca80261c95-35015239
WARNING (gmm-acc-stats-ali[5.5.513~2-b5f4cf]:main():gmm-acc-stats-ali.cc:79) No alignment for utterance 89c1aac7-03d8-46b3-b9a4-ecca80261c95-35048324
WARNING (gmm-acc-stats-ali[5.5.513~2-b5f4cf]:main():gmm-acc-stats-ali.cc:79) No alignment for utterance 89c1aac7-03d8-46b3-b9a4-ecca80261c95-3610539
WARNING (gmm-acc-stats-ali[5.5.513~2-b5f4cf]:main():gmm-acc-stats-ali.cc:79) No alignment for utterance 89c1aac7-03d8-46b3-b9a4-ecca80261c95-36742239
WARNING (gmm-acc-stats-ali[5.5.513~2-b5f4cf]:main():gmm-acc-stats-ali.cc:79) No alignment for utterance 89c1aac7-03d8-46b3-b9a4-ecca80261c95-3730624
WARNING (gmm-acc-stats-ali[5.5.513~2-b5f4cf]:main():gmm-acc-stats-ali.cc:79) No alignment for utterance 89c1aac7-03d8-46b3-b9a4-ecca80261c95-38534529
WARNING (gmm-acc-stats-ali[5.5.513~2-b5f4cf]:main():gmm-acc-stats-ali.cc:79) No alignment for utterance 89c1aac7-03d8-46b3-b9a4-ecca80261c95-39232144
WARNING (gmm-acc-stats-ali[5.5.513~2-b5f4cf]:main():gmm-acc-stats-ali.cc:79) No alignment for utterance 89c1aac7-03d8-46b3-b9a4-ecca80261c95-41525944
WARNING (gmm-acc-stats-ali[5.5.513~2-b5f4cf]:main():gmm-acc-stats-ali.cc:79) No alignment for utterance 89c1aac7-03d8-46b3-b9a4-ecca80261c95-44268549
WARNING (gmm-acc-stats-ali[5.5.513~2-b5f4cf]:main():gmm-acc-stats-ali.cc:79) No alignment for utterance 89c1aac7-03d8-46b3-b9a4-ecca80261c95-4563339
WARNING (gmm-acc-stats-ali[5.5.513~2-b5f4cf]:main():gmm-acc-stats-ali.cc:79) No alignment for utterance 89c1aac7-03d8-46b3-b9a4-ecca80261c95-45767449
WARNING (gmm-acc-stats-ali[5.5.513~2-b5f4cf]:main():gmm-acc-stats-ali.cc:79) No alignment for utterance 89c1aac7-03d8-46b3-b9a4-ecca80261c95-48064764
WARNING (gmm-acc-stats-ali[5.5.513~2-b5f4cf]:main():gmm-acc-stats-ali.cc:79) No alignment for utterance 89c1aac7-03d8-46b3-b9a4-ecca80261c95-56056129
WARNING (gmm-acc-stats-ali[5.5.513~2-b5f4cf]:main():gmm-acc-stats-ali.cc:79) No alignment for utterance 89c1aac7-03d8-46b3-b9a4-ecca80261c95-56148594
WARNING (gmm-acc-stats-ali[5.5.513~2-b5f4cf]:main():gmm-acc-stats-ali.cc:79) No alignment for utterance 89c1aac7-03d8-46b3-b9a4-ecca80261c95-56563659
LOG (gmm-acc-stats-ali[5.5.513~2-b5f4cf]:main():gmm-acc-stats-ali.cc:105) Processed 4100 utterances; for utterance 89c1aac7-03d8-46b3-b9a4-ecca80261c95-56563660 avg. like is -96.4022 over 788 frames.
WARNING (gmm-acc-stats-ali[5.5.513~2-b5f4cf]:main():gmm-acc-stats-ali.cc:79) No alignment for utterance 89c1aac7-03d8-46b3-b9a4-ecca80261c95-57350379
WARNING (gmm-acc-stats-ali[5.5.513~2-b5f4cf]:main():gmm-acc-stats-ali.cc:79) No alignment for utterance 89c1aac7-03d8-46b3-b9a4-ecca80261c95-5761989
WARNING (gmm-acc-stats-ali[5.5.513~2-b5f4cf]:main():gmm-acc-stats-ali.cc:79) No alignment for utterance 89c1aac7-03d8-46b3-b9a4-ecca80261c95-61114244
WARNING (gmm-acc-stats-ali[5.5.513~2-b5f4cf]:main():gmm-acc-stats-ali.cc:79) No alignment for utterance 89c1aac7-03d8-46b3-b9a4-ecca80261c95-61665209
WARNING (gmm-acc-stats-ali[5.5.513~2-b5f4cf]:main():gmm-acc-stats-ali.cc:79) No alignment for utterance 89c1aac7-03d8-46b3-b9a4-ecca80261c95-6359959
WARNING (gmm-acc-stats-ali[5.5.513~2-b5f4cf]:main():gmm-acc-stats-ali.cc:79) No alignment for utterance 89c1aac7-03d8-46b3-b9a4-ecca80261c95-66526424
WARNING (gmm-acc-stats-ali[5.5.513~2-b5f4cf]:main():gmm-acc-stats-ali.cc:79) No alignment for utterance 89c1aac7-03d8-46b3-b9a4-ecca80261c95-66770054
WARNING (gmm-acc-stats-ali[5.5.513~2-b5f4cf]:main():gmm-acc-stats-ali.cc:79) No alignment for utterance 89c1aac7-03d8-46b3-b9a4-ecca80261c95-68365279
WARNING (gmm-acc-stats-ali[5.5.513~2-b5f4cf]:main():gmm-acc-stats-ali.cc:79) No alignment for utterance 89c1aac7-03d8-46b3-b9a4-ecca80261c95-68657714
WARNING (gmm-acc-stats-ali[5.5.513~2-b5f4cf]:main():gmm-acc-stats-ali.cc:79) No alignment for utterance 89c1aac7-03d8-46b3-b9a4-ecca80261c95-69710054
WARNING (gmm-acc-stats-ali[5.5.513~2-b5f4cf]:main():gmm-acc-stats-ali.cc:79) No alignment for utterance 89c1aac7-03d8-46b3-b9a4-ecca80261c95-7110944
WARNING (gmm-acc-stats-ali[5.5.513~2-b5f4cf]:main():gmm-acc-stats-ali.cc:79) No alignment for utterance 89c1aac7-03d8-46b3-b9a4-ecca80261c95-72460249
WARNING (gmm-acc-stats-ali[5.5.513~2-b5f4cf]:main():gmm-acc-stats-ali.cc:79) No alignment for utterance 89c1aac7-03d8-46b3-b9a4-ecca80261c95-74256929
WARNING (gmm-acc-stats-ali[5.5.513~2-b5f4cf]:main():gmm-acc-stats-ali.cc:79) No alignment for utterance 89c1aac7-03d8-46b3-b9a4-ecca80261c95-77117094
LOG (gmm-acc-stats-ali[5.5.513~2-b5f4cf]:main():gmm-acc-stats-ali.cc:105) Processed 4150 utterances; for utterance 89c1aac7-03d8-46b3-b9a4-ecca80261c95-77117095 avg. like is -94.9749 over 508 frames.
WARNING (gmm-acc-stats-ali[5.5.513~2-b5f4cf]:main():gmm-acc-stats-ali.cc:79) No alignment for utterance 89c1aac7-03d8-46b3-b9a4-ecca80261c95-78018334
WARNING (gmm-acc-stats-ali[5.5.513~2-b5f4cf]:main():gmm-acc-stats-ali.cc:79) No alignment for utterance 89c1aac7-03d8-46b3-b9a4-ecca80261c95-78641009
WARNING (gmm-acc-stats-ali[5.5.513~2-b5f4cf]:main():gmm-acc-stats-ali.cc:79) No alignment for utterance 89c1aac7-03d8-46b3-b9a4-ecca80261c95-79472069
LOG (gmm-acc-stats-ali[5.5.513~2-b5f4cf]:main():gmm-acc-stats-ali.cc:105) Processed 4200 utterances; for utterance 89c1aac7-03d8-46b3-b9a4-ecca80261c95-82972346 avg. like is -98.5523 over 268 frames.
WARNING (gmm-acc-stats-ali[5.5.513~2-b5f4cf]:main():gmm-acc-stats-ali.cc:79) No alignment for utterance 89c1aac7-03d8-46b3-b9a4-ecca80261c95-82972349
WARNING (gmm-acc-stats-ali[5.5.513~2-b5f4cf]:main():gmm-acc-stats-ali.cc:79) No alignment for utterance 89c1aac7-03d8-46b3-b9a4-ecca80261c95-8514614
LOG (gmm-acc-stats-ali[5.5.513~2-b5f4cf]:main():gmm-acc-stats-ali.cc:105) Processed 4250 utterances; for utterance 89c1aac7-03d8-46b3-b9a4-ecca80261c95-85646036 avg. like is -97.8716 over 238 frames.
WARNING (gmm-acc-stats-ali[5.5.513~2-b5f4cf]:main():gmm-acc-stats-ali.cc:79) No alignment for utterance 89c1aac7-03d8-46b3-b9a4-ecca80261c95-86237009
WARNING (gmm-acc-stats-ali[5.5.513~2-b5f4cf]:main():gmm-acc-stats-ali.cc:79) No alignment for utterance 89c1aac7-03d8-46b3-b9a4-ecca80261c95-87826579
WARNING (gmm-acc-stats-ali[5.5.513~2-b5f4cf]:main():gmm-acc-stats-ali.cc:79) No alignment for utterance 89c1aac7-03d8-46b3-b9a4-ecca80261c95-88448104
WARNING (gmm-acc-stats-ali[5.5.513~2-b5f4cf]:main():gmm-acc-stats-ali.cc:79) No alignment for utterance 89c1aac7-03d8-46b3-b9a4-ecca80261c95-88761354
WARNING (gmm-acc-stats-ali[5.5.513~2-b5f4cf]:main():gmm-acc-stats-ali.cc:79) No alignment for utterance 89c1aac7-03d8-46b3-b9a4-ecca80261c95-89843929
LOG (gmm-acc-stats-ali[5.5.513~2-b5f4cf]:main():gmm-acc-stats-ali.cc:105) Processed 4300 utterances; for utterance 89c1aac7-03d8-46b3-b9a4-ecca80261c95-89843930 avg. like is -90.298 over 258 frames.
LOG (gmm-acc-stats-ali[5.5.513~2-b5f4cf]:main():gmm-acc-stats-ali.cc:105) Processed 4350 utterances; for utterance 89c1aac7-03d8-46b3-b9a4-ecca80261c95-93936613 avg. like is -92.9514 over 198 frames.
WARNING (gmm-acc-stats-ali[5.5.513~2-b5f4cf]:main():gmm-acc-stats-ali.cc:79) No alignment for utterance 89c1aac7-03d8-46b3-b9a4-ecca80261c95-94843699
LOG (gmm-acc-stats-ali[5.5.513~2-b5f4cf]:main():gmm-acc-stats-ali.cc:105) Processed 4400 utterances; for utterance 8b9f9e73-7d00-41f8-9400-9131267f7d73-10369039 avg. like is -88.1642 over 1088 frames.
LOG (gmm-acc-stats-ali[5.5.513~2-b5f4cf]:main():gmm-acc-stats-ali.cc:105) Processed 4450 utterances; for utterance 8b9f9e73-7d00-41f8-9400-9131267f7d73-11425599 avg. like is -88.7493 over 688 frames.
LOG (gmm-acc-stats-ali[5.5.513~2-b5f4cf]:main():gmm-acc-stats-ali.cc:105) Processed 4500 utterances; for utterance 8b9f9e73-7d00-41f8-9400-9131267f7d73-16218954 avg. like is -88.1304 over 538 frames.
LOG (gmm-acc-stats-ali[5.5.513~2-b5f4cf]:main():gmm-acc-stats-ali.cc:105) Processed 4550 utterances; for utterance 8b9f9e73-7d00-41f8-9400-9131267f7d73-18348764 avg. like is -87.23 over 1088 frames.
LOG (gmm-acc-stats-ali[5.5.513~2-b5f4cf]:main():gmm-acc-stats-ali.cc:105) Processed 4600 utterances; for utterance 8b9f9e73-7d00-41f8-9400-9131267f7d73-21060199 avg. like is -90.138 over 2348 frames.
LOG (gmm-acc-stats-ali[5.5.513~2-b5f4cf]:main():gmm-acc-stats-ali.cc:105) Processed 4650 utterances; for utterance 8b9f9e73-7d00-41f8-9400-9131267f7d73-27237719 avg. like is -89.7342 over 1108 frames.
LOG (gmm-acc-stats-ali[5.5.513~2-b5f4cf]:main():gmm-acc-stats-ali.cc:105) Processed 4700 utterances; for utterance 8b9f9e73-7d00-41f8-9400-9131267f7d73-32452134 avg. like is -89.3147 over 1238 frames.
LOG (gmm-acc-stats-ali[5.5.513~2-b5f4cf]:main():gmm-acc-stats-ali.cc:105) Processed 4750 utterances; for utterance 8b9f9e73-7d00-41f8-9400-9131267f7d73-35063324 avg. like is -88.5948 over 678 frames.
LOG (gmm-acc-stats-ali[5.5.513~2-b5f4cf]:main():gmm-acc-stats-ali.cc:105) Processed 4800 utterances; for utterance 8b9f9e73-7d00-41f8-9400-9131267f7d73-43219754 avg. like is -87.7712 over 468 frames.
LOG (gmm-acc-stats-ali[5.5.513~2-b5f4cf]:main():gmm-acc-stats-ali.cc:105) Processed 4850 utterances; for utterance 8b9f9e73-7d00-41f8-9400-9131267f7d73-49942894 avg. like is -88.9066 over 1148 frames.
LOG (gmm-acc-stats-ali[5.5.513~2-b5f4cf]:main():gmm-acc-stats-ali.cc:105) Processed 4900 utterances; for utterance 8b9f9e73-7d00-41f8-9400-9131267f7d73-5859004 avg. like is -87.5294 over 738 frames.
LOG (gmm-acc-stats-ali[5.5.513~2-b5f4cf]:main():gmm-acc-stats-ali.cc:105) Processed 4950 utterances; for utterance 8b9f9e73-7d00-41f8-9400-9131267f7d73-64538249 avg. like is -90.2177 over 1648 frames.
LOG (gmm-acc-stats-ali[5.5.513~2-b5f4cf]:main():gmm-acc-stats-ali.cc:105) Processed 5000 utterances; for utterance 8b9f9e73-7d00-41f8-9400-9131267f7d73-69827894 avg. like is -88.3161 over 1038 frames.
LOG (gmm-acc-stats-ali[5.5.513~2-b5f4cf]:main():gmm-acc-stats-ali.cc:105) Processed 5050 utterances; for utterance 8b9f9e73-7d00-41f8-9400-9131267f7d73-72732504 avg. like is -87.1116 over 408 frames.
LOG (gmm-acc-stats-ali[5.5.513~2-b5f4cf]:main():gmm-acc-stats-ali.cc:105) Processed 5100 utterances; for utterance 8b9f9e73-7d00-41f8-9400-9131267f7d73-75163149 avg. like is -86.7797 over 248 frames.
LOG (gmm-acc-stats-ali[5.5.513~2-b5f4cf]:main():gmm-acc-stats-ali.cc:105) Processed 5150 utterances; for utterance 8b9f9e73-7d00-41f8-9400-9131267f7d73-77231174 avg. like is -86.5314 over 198 frames.
LOG (gmm-acc-stats-ali[5.5.513~2-b5f4cf]:main():gmm-acc-stats-ali.cc:105) Processed 5200 utterances; for utterance 8b9f9e73-7d00-41f8-9400-9131267f7d73-78721119 avg. like is -84.7471 over 138 frames.
LOG (gmm-acc-stats-ali[5.5.513~2-b5f4cf]:main():gmm-acc-stats-ali.cc:105) Processed 5250 utterances; for utterance 8b9f9e73-7d00-41f8-9400-9131267f7d73-80238569 avg. like is -85.7759 over 158 frames.
LOG (gmm-acc-stats-ali[5.5.513~2-b5f4cf]:main():gmm-acc-stats-ali.cc:105) Processed 5300 utterances; for utterance 8b9f9e73-7d00-41f8-9400-9131267f7d73-81436514 avg. like is -83.8705 over 178 frames.
LOG (gmm-acc-stats-ali[5.5.513~2-b5f4cf]:main():gmm-acc-stats-ali.cc:105) Processed 5350 utterances; for utterance 8b9f9e73-7d00-41f8-9400-9131267f7d73-82856214 avg. like is -85.2274 over 178 frames.
LOG (gmm-acc-stats-ali[5.5.513~2-b5f4cf]:main():gmm-acc-stats-ali.cc:105) Processed 5400 utterances; for utterance 8b9f9e73-7d00-41f8-9400-9131267f7d73-83922334 avg. like is -86.3916 over 208 frames.
LOG (gmm-acc-stats-ali[5.5.513~2-b5f4cf]:main():gmm-acc-stats-ali.cc:105) Processed 5450 utterances; for utterance 8b9f9e73-7d00-41f8-9400-9131267f7d73-85167414 avg. like is -83.163 over 138 frames.
LOG (gmm-acc-stats-ali[5.5.513~2-b5f4cf]:main():gmm-acc-stats-ali.cc:105) Processed 5500 utterances; for utterance 8b9f9e73-7d00-41f8-9400-9131267f7d73-86430034 avg. like is -83.5373 over 158 frames.
LOG (gmm-acc-stats-ali[5.5.513~2-b5f4cf]:main():gmm-acc-stats-ali.cc:105) Processed 5550 utterances; for utterance 8b9f9e73-7d00-41f8-9400-9131267f7d73-87223524 avg. like is -84.1167 over 198 frames.
LOG (gmm-acc-stats-ali[5.5.513~2-b5f4cf]:main():gmm-acc-stats-ali.cc:105) Processed 5600 utterances; for utterance 8b9f9e73-7d00-41f8-9400-9131267f7d73-88356479 avg. like is -83.5308 over 138 frames.
LOG (gmm-acc-stats-ali[5.5.513~2-b5f4cf]:main():gmm-acc-stats-ali.cc:105) Processed 5650 utterances; for utterance 8b9f9e73-7d00-41f8-9400-9131267f7d73-89562859 avg. like is -83.715 over 168 frames.
LOG (gmm-acc-stats-ali[5.5.513~2-b5f4cf]:main():gmm-acc-stats-ali.cc:105) Processed 5700 utterances; for utterance 8b9f9e73-7d00-41f8-9400-9131267f7d73-90263794 avg. like is -86.9244 over 158 frames.
LOG (gmm-acc-stats-ali[5.5.513~2-b5f4cf]:main():gmm-acc-stats-ali.cc:105) Processed 5750 utterances; for utterance 8b9f9e73-7d00-41f8-9400-9131267f7d73-91019734 avg. like is -85.8308 over 198 frames.
LOG (gmm-acc-stats-ali[5.5.513~2-b5f4cf]:main():gmm-acc-stats-ali.cc:105) Processed 5800 utterances; for utterance 8b9f9e73-7d00-41f8-9400-9131267f7d73-91960974 avg. like is -82.5708 over 118 frames.
LOG (gmm-acc-stats-ali[5.5.513~2-b5f4cf]:main():gmm-acc-stats-ali.cc:105) Processed 5850 utterances; for utterance 8d5ea173-9d7f-4a90-a77c-d05319864b4a-11145924 avg. like is -86.7894 over 1518 frames.
WARNING (gmm-acc-stats-ali[5.5.513~2-b5f4cf]:main():gmm-acc-stats-ali.cc:79) No alignment for utterance 8d5ea173-9d7f-4a90-a77c-d05319864b4a-19267527
LOG (gmm-acc-stats-ali[5.5.513~2-b5f4cf]:main():gmm-acc-stats-ali.cc:105) Processed 5900 utterances; for utterance 8d5ea173-9d7f-4a90-a77c-d05319864b4a-19267530 avg. like is -97.2882 over 1428 frames.
LOG (gmm-acc-stats-ali[5.5.513~2-b5f4cf]:main():gmm-acc-stats-ali.cc:105) Processed 5950 utterances; for utterance 8d5ea173-9d7f-4a90-a77c-d05319864b4a-30338825 avg. like is -97.5444 over 928 frames.
LOG (gmm-acc-stats-ali[5.5.513~2-b5f4cf]:main():gmm-acc-stats-ali.cc:105) Processed 6000 utterances; for utterance 8d5ea173-9d7f-4a90-a77c-d05319864b4a-35453290 avg. like is -95.8719 over 698 frames.
LOG (gmm-acc-stats-ali[5.5.513~2-b5f4cf]:main():gmm-acc-stats-ali.cc:105) Processed 6050 utterances; for utterance 8d5ea173-9d7f-4a90-a77c-d05319864b4a-43161170 avg. like is -93.2786 over 368 frames.
LOG (gmm-acc-stats-ali[5.5.513~2-b5f4cf]:main():gmm-acc-stats-ali.cc:105) Processed 6100 utterances; for utterance 8d5ea173-9d7f-4a90-a77c-d05319864b4a-50526890 avg. like is -96.7991 over 648 frames.
LOG (gmm-acc-stats-ali[5.5.513~2-b5f4cf]:main():gmm-acc-stats-ali.cc:105) Processed 6150 utterances; for utterance 8d5ea173-9d7f-4a90-a77c-d05319864b4a-57612670 avg. like is -97.0961 over 1098 frames.
LOG (gmm-acc-stats-ali[5.5.513~2-b5f4cf]:main():gmm-acc-stats-ali.cc:105) Processed 6200 utterances; for utterance 8d5ea173-9d7f-4a90-a77c-d05319864b4a-6256880 avg. like is -96.0266 over 808 frames.
LOG (gmm-acc-stats-ali[5.5.513~2-b5f4cf]:main():gmm-acc-stats-ali.cc:105) Processed 6250 utterances; for utterance 8d5ea173-9d7f-4a90-a77c-d05319864b4a-65431225 avg. like is -98.2314 over 1018 frames.
LOG (gmm-acc-stats-ali[5.5.513~2-b5f4cf]:main():gmm-acc-stats-ali.cc:105) Processed 6300 utterances; for utterance 8d5ea173-9d7f-4a90-a77c-d05319864b4a-9966265 avg. like is -94.8002 over 488 frames.
LOG (gmm-acc-stats-ali[5.5.513~2-b5f4cf]:main():gmm-acc-stats-ali.cc:105) Processed 6350 utterances; for utterance 8ff5bcb0-aecc-46b9-9372-2a73d49f712f-27665367 avg. like is -98.3489 over 1128 frames.
LOG (gmm-acc-stats-ali[5.5.513~2-b5f4cf]:main():gmm-acc-stats-ali.cc:105) Processed 6400 utterances; for utterance 8ff5bcb0-aecc-46b9-9372-2a73d49f712f-29362741 avg. like is -98.7965 over 838 frames.
LOG (gmm-acc-stats-ali[5.5.513~2-b5f4cf]:main():gmm-acc-stats-ali.cc:105) Processed 6450 utterances; for utterance 8ff5bcb0-aecc-46b9-9372-2a73d49f712f-6249538 avg. like is -93.3575 over 908 frames.
LOG (gmm-acc-stats-ali[5.5.513~2-b5f4cf]:main():gmm-acc-stats-ali.cc:105) Processed 6500 utterances; for utterance 90225a4a-175a-4d3b-8b3e-9f7193518993-10574950 avg. like is -94.8311 over 488 frames.
LOG (gmm-acc-stats-ali[5.5.513~2-b5f4cf]:main():gmm-acc-stats-ali.cc:105) Processed 6550 utterances; for utterance 90225a4a-175a-4d3b-8b3e-9f7193518993-14655545 avg. like is -96.6842 over 1178 frames.
LOG (gmm-acc-stats-ali[5.5.513~2-b5f4cf]:main():gmm-acc-stats-ali.cc:105) Processed 6600 utterances; for utterance 90225a4a-175a-4d3b-8b3e-9f7193518993-18517755 avg. like is -97.464 over 778 frames.
LOG (gmm-acc-stats-ali[5.5.513~2-b5f4cf]:main():gmm-acc-stats-ali.cc:105) Processed 6650 utterances; for utterance 90225a4a-175a-4d3b-8b3e-9f7193518993-19747350 avg. like is -96.6048 over 688 frames.
WARNING (gmm-acc-stats-ali[5.5.513~2-b5f4cf]:main():gmm-acc-stats-ali.cc:79) No alignment for utterance 90225a4a-175a-4d3b-8b3e-9f7193518993-221996
WARNING (gmm-acc-stats-ali[5.5.513~2-b5f4cf]:main():gmm-acc-stats-ali.cc:79) No alignment for utterance 90225a4a-175a-4d3b-8b3e-9f7193518993-221997
WARNING (gmm-acc-stats-ali[5.5.513~2-b5f4cf]:main():gmm-acc-stats-ali.cc:79) No alignment for utterance 90225a4a-175a-4d3b-8b3e-9f7193518993-222000
LOG (gmm-acc-stats-ali[5.5.513~2-b5f4cf]:main():gmm-acc-stats-ali.cc:105) Processed 6700 utterances; for utterance 90225a4a-175a-4d3b-8b3e-9f7193518993-27215958 avg. like is -97.3089 over 1238 frames.
LOG (gmm-acc-stats-ali[5.5.513~2-b5f4cf]:main():gmm-acc-stats-ali.cc:105) Processed 6750 utterances; for utterance 90225a4a-175a-4d3b-8b3e-9f7193518993-29769328 avg. like is -96.8155 over 1248 frames.
LOG (gmm-acc-stats-ali[5.5.513~2-b5f4cf]:main():gmm-acc-stats-ali.cc:105) Processed 6800 utterances; for utterance 90225a4a-175a-4d3b-8b3e-9f7193518993-35238488 avg. like is -97.5656 over 1068 frames.
LOG (gmm-acc-stats-ali[5.5.513~2-b5f4cf]:main():gmm-acc-stats-ali.cc:105) Processed 6850 utterances; for utterance 90225a4a-175a-4d3b-8b3e-9f7193518993-40666998 avg. like is -95.1071 over 688 frames.
LOG (gmm-acc-stats-ali[5.5.513~2-b5f4cf]:main():gmm-acc-stats-ali.cc:105) Processed 6900 utterances; for utterance 90225a4a-175a-4d3b-8b3e-9f7193518993-4618353 avg. like is -96.7069 over 958 frames.
LOG (gmm-acc-stats-ali[5.5.513~2-b5f4cf]:main():gmm-acc-stats-ali.cc:105) Processed 6950 utterances; for utterance 90225a4a-175a-4d3b-8b3e-9f7193518993-52928393 avg. like is -97.2177 over 868 frames.
LOG (gmm-acc-stats-ali[5.5.513~2-b5f4cf]:main():gmm-acc-stats-ali.cc:105) Processed 7000 utterances; for utterance 90225a4a-175a-4d3b-8b3e-9f7193518993-62214828 avg. like is -97.9928 over 1088 frames.
LOG (gmm-acc-stats-ali[5.5.513~2-b5f4cf]:main():gmm-acc-stats-ali.cc:105) Processed 7050 utterances; for utterance 90225a4a-175a-4d3b-8b3e-9f7193518993-67550793 avg. like is -95.1065 over 808 frames.
LOG (gmm-acc-stats-ali[5.5.513~2-b5f4cf]:main():gmm-acc-stats-ali.cc:105) Processed 7100 utterances; for utterance 90225a4a-175a-4d3b-8b3e-9f7193518993-72070243 avg. like is -93.5919 over 748 frames.
LOG (gmm-acc-stats-ali[5.5.513~2-b5f4cf]:main():gmm-acc-stats-ali.cc:105) Processed 7150 utterances; for utterance 90225a4a-175a-4d3b-8b3e-9f7193518993-74918598 avg. like is -94.6145 over 1768 frames.
LOG (gmm-acc-stats-ali[5.5.513~2-b5f4cf]:main():gmm-acc-stats-ali.cc:105) Processed 7200 utterances; for utterance 90225a4a-175a-4d3b-8b3e-9f7193518993-78463633 avg. like is -90.2231 over 188 frames.
LOG (gmm-acc-stats-ali[5.5.513~2-b5f4cf]:main():gmm-acc-stats-ali.cc:105) Processed 7250 utterances; for utterance 90225a4a-175a-4d3b-8b3e-9f7193518993-79412673 avg. like is -92.1935 over 198 frames.
LOG (gmm-acc-stats-ali[5.5.513~2-b5f4cf]:main():gmm-acc-stats-ali.cc:105) Processed 7300 utterances; for utterance 90225a4a-175a-4d3b-8b3e-9f7193518993-80528328 avg. like is -90.6101 over 208 frames.
LOG (gmm-acc-stats-ali[5.5.513~2-b5f4cf]:main():gmm-acc-stats-ali.cc:105) Processed 7350 utterances; for utterance 90225a4a-175a-4d3b-8b3e-9f7193518993-81440173 avg. like is -89.1278 over 188 frames.
LOG (gmm-acc-stats-ali[5.5.513~2-b5f4cf]:main():gmm-acc-stats-ali.cc:105) Processed 7400 utterances; for utterance 90225a4a-175a-4d3b-8b3e-9f7193518993-82068238 avg. like is -84.5114 over 138 frames.
LOG (gmm-acc-stats-ali[5.5.513~2-b5f4cf]:main():gmm-acc-stats-ali.cc:105) Processed 7450 utterances; for utterance 90225a4a-175a-4d3b-8b3e-9f7193518993-83768648 avg. like is -89.5695 over 168 frames.
LOG (gmm-acc-stats-ali[5.5.513~2-b5f4cf]:main():gmm-acc-stats-ali.cc:105) Processed 7500 utterances; for utterance 90225a4a-175a-4d3b-8b3e-9f7193518993-84932563 avg. like is -88.9332 over 208 frames.
LOG (gmm-acc-stats-ali[5.5.513~2-b5f4cf]:main():gmm-acc-stats-ali.cc:105) Processed 7550 utterances; for utterance 90225a4a-175a-4d3b-8b3e-9f7193518993-86647038 avg. like is -85.6985 over 138 frames.
LOG (gmm-acc-stats-ali[5.5.513~2-b5f4cf]:main():gmm-acc-stats-ali.cc:105) Processed 7600 utterances; for utterance 90225a4a-175a-4d3b-8b3e-9f7193518993-87614108 avg. like is -85.3283 over 158 frames.
LOG (gmm-acc-stats-ali[5.5.513~2-b5f4cf]:main():gmm-acc-stats-ali.cc:105) Processed 7650 utterances; for utterance 90225a4a-175a-4d3b-8b3e-9f7193518993-89025948 avg. like is -91.0534 over 238 frames.
LOG (gmm-acc-stats-ali[5.5.513~2-b5f4cf]:main():gmm-acc-stats-ali.cc:105) Processed 7700 utterances; for utterance 90225a4a-175a-4d3b-8b3e-9f7193518993-90747173 avg. like is -93.0658 over 198 frames.
LOG (gmm-acc-stats-ali[5.5.513~2-b5f4cf]:main():gmm-acc-stats-ali.cc:105) Processed 7750 utterances; for utterance 90225a4a-175a-4d3b-8b3e-9f7193518993-91528178 avg. like is -83.1963 over 148 frames.
LOG (gmm-acc-stats-ali[5.5.513~2-b5f4cf]:main():gmm-acc-stats-ali.cc:105) Processed 7800 utterances; for utterance 90225a4a-175a-4d3b-8b3e-9f7193518993-93421168 avg. like is -90.289 over 188 frames.
LOG (gmm-acc-stats-ali[5.5.513~2-b5f4cf]:main():gmm-acc-stats-ali.cc:105) Processed 7850 utterances; for utterance 90225a4a-175a-4d3b-8b3e-9f7193518993-95031723 avg. like is -87.2485 over 148 frames.
LOG (gmm-acc-stats-ali[5.5.513~2-b5f4cf]:main():gmm-acc-stats-ali.cc:105) Processed 7900 utterances; for utterance 92a49259-42fb-452e-94d4-bc73f42f1e59-12228053 avg. like is -89.162 over 658 frames.
LOG (gmm-acc-stats-ali[5.5.513~2-b5f4cf]:main():gmm-acc-stats-ali.cc:105) Processed 7950 utterances; for utterance 92a49259-42fb-452e-94d4-bc73f42f1e59-18069948 avg. like is -93.9946 over 1688 frames.
LOG (gmm-acc-stats-ali[5.5.513~2-b5f4cf]:main():gmm-acc-stats-ali.cc:105) Processed 8000 utterances; for utterance 92a49259-42fb-452e-94d4-bc73f42f1e59-22229088 avg. like is -93.1359 over 628 frames.
LOG (gmm-acc-stats-ali[5.5.513~2-b5f4cf]:main():gmm-acc-stats-ali.cc:105) Processed 8050 utterances; for utterance 92a49259-42fb-452e-94d4-bc73f42f1e59-27423078 avg. like is -94.3829 over 1108 frames.
LOG (gmm-acc-stats-ali[5.5.513~2-b5f4cf]:main():gmm-acc-stats-ali.cc:105) Processed 8100 utterances; for utterance 92a49259-42fb-452e-94d4-bc73f42f1e59-32818313 avg. like is -94.6892 over 1648 frames.
LOG (gmm-acc-stats-ali[5.5.513~2-b5f4cf]:main():gmm-acc-stats-ali.cc:105) Processed 8150 utterances; for utterance 92a49259-42fb-452e-94d4-bc73f42f1e59-4511798 avg. like is -94.2827 over 1238 frames.
LOG (gmm-acc-stats-ali[5.5.513~2-b5f4cf]:main():gmm-acc-stats-ali.cc:105) Processed 8200 utterances; for utterance 92a49259-42fb-452e-94d4-bc73f42f1e59-54261023 avg. like is -93.139 over 1068 frames.
LOG (gmm-acc-stats-ali[5.5.513~2-b5f4cf]:main():gmm-acc-stats-ali.cc:105) Processed 8250 utterances; for utterance 92a49259-42fb-452e-94d4-bc73f42f1e59-67223008 avg. like is -89.9307 over 828 frames.
LOG (gmm-acc-stats-ali[5.5.513~2-b5f4cf]:main():gmm-acc-stats-ali.cc:105) Processed 8300 utterances; for utterance 92a49259-42fb-452e-94d4-bc73f42f1e59-73127328 avg. like is -88.3701 over 648 frames.
LOG (gmm-acc-stats-ali[5.5.513~2-b5f4cf]:main():gmm-acc-stats-ali.cc:105) Processed 8350 utterances; for utterance 92a49259-42fb-452e-94d4-bc73f42f1e59-78361003 avg. like is -80.2544 over 248 frames.
LOG (gmm-acc-stats-ali[5.5.513~2-b5f4cf]:main():gmm-acc-stats-ali.cc:105) Processed 8400 utterances; for utterance 92a49259-42fb-452e-94d4-bc73f42f1e59-81054583 avg. like is -88.6632 over 188 frames.
LOG (gmm-acc-stats-ali[5.5.513~2-b5f4cf]:main():gmm-acc-stats-ali.cc:105) Processed 8450 utterances; for utterance 92a49259-42fb-452e-94d4-bc73f42f1e59-82911138 avg. like is -87.9082 over 258 frames.
LOG (gmm-acc-stats-ali[5.5.513~2-b5f4cf]:main():gmm-acc-stats-ali.cc:105) Processed 8500 utterances; for utterance 92a49259-42fb-452e-94d4-bc73f42f1e59-84235208 avg. like is -85.7123 over 278 frames.
LOG (gmm-acc-stats-ali[5.5.513~2-b5f4cf]:main():gmm-acc-stats-ali.cc:105) Processed 8550 utterances; for utterance 92a49259-42fb-452e-94d4-bc73f42f1e59-85269208 avg. like is -77.3889 over 288 frames.
LOG (gmm-acc-stats-ali[5.5.513~2-b5f4cf]:main():gmm-acc-stats-ali.cc:105) Processed 8600 utterances; for utterance 92a49259-42fb-452e-94d4-bc73f42f1e59-87463683 avg. like is -89.1142 over 278 frames.
LOG (gmm-acc-stats-ali[5.5.513~2-b5f4cf]:main():gmm-acc-stats-ali.cc:105) Processed 8650 utterances; for utterance 92a49259-42fb-452e-94d4-bc73f42f1e59-88861873 avg. like is -84.7963 over 168 frames.
LOG (gmm-acc-stats-ali[5.5.513~2-b5f4cf]:main():gmm-acc-stats-ali.cc:105) Processed 8700 utterances; for utterance 92a49259-42fb-452e-94d4-bc73f42f1e59-90567713 avg. like is -81.0106 over 228 frames.
LOG (gmm-acc-stats-ali[5.5.513~2-b5f4cf]:main():gmm-acc-stats-ali.cc:105) Processed 8750 utterances; for utterance 92a49259-42fb-452e-94d4-bc73f42f1e59-91959348 avg. like is -81.5139 over 168 frames.
LOG (gmm-acc-stats-ali[5.5.513~2-b5f4cf]:main():gmm-acc-stats-ali.cc:105) Processed 8800 utterances; for utterance 92a49259-42fb-452e-94d4-bc73f42f1e59-93261093 avg. like is -85.5492 over 268 frames.
LOG (gmm-acc-stats-ali[5.5.513~2-b5f4cf]:main():gmm-acc-stats-ali.cc:105) Processed 8850 utterances; for utterance 92a49259-42fb-452e-94d4-bc73f42f1e59-95030703 avg. like is -83.3391 over 158 frames.
LOG (gmm-acc-stats-ali[5.5.513~2-b5f4cf]:main():gmm-acc-stats-ali.cc:105) Processed 8900 utterances; for utterance 96ca5804-428f-4132-951a-faacb032718c-11264954 avg. like is -86.2893 over 748 frames.
LOG (gmm-acc-stats-ali[5.5.513~2-b5f4cf]:main():gmm-acc-stats-ali.cc:105) Processed 8950 utterances; for utterance 96ca5804-428f-4132-951a-faacb032718c-18355062 avg. like is -108.266 over 1073 frames.
LOG (gmm-acc-stats-ali[5.5.513~2-b5f4cf]:main():gmm-acc-stats-ali.cc:105) Processed 9000 utterances; for utterance 96ca5804-428f-4132-951a-faacb032718c-24864844 avg. like is -86.7578 over 1218 frames.
LOG (gmm-acc-stats-ali[5.5.513~2-b5f4cf]:main():gmm-acc-stats-ali.cc:105) Processed 9050 utterances; for utterance 96ca5804-428f-4132-951a-faacb032718c-3256322 avg. like is -105.557 over 623 frames.
LOG (gmm-acc-stats-ali[5.5.513~2-b5f4cf]:main():gmm-acc-stats-ali.cc:105) Processed 9100 utterances; for utterance 96ca5804-428f-4132-951a-faacb032718c-44854539 avg. like is -86.9159 over 608 frames.
LOG (gmm-acc-stats-ali[5.5.513~2-b5f4cf]:main():gmm-acc-stats-ali.cc:105) Processed 9150 utterances; for utterance 96ca5804-428f-4132-951a-faacb032718c-54232552 avg. like is -107.13 over 828 frames.
LOG (gmm-acc-stats-ali[5.5.513~2-b5f4cf]:main():gmm-acc-stats-ali.cc:105) Processed 9200 utterances; for utterance 96ca5804-428f-4132-951a-faacb032718c-9926754 avg. like is -86.3197 over 418 frames.
LOG (gmm-acc-stats-ali[5.5.513~2-b5f4cf]:main():gmm-acc-stats-ali.cc:105) Processed 9250 utterances; for utterance 992828f6-7229-4dbb-911f-82f1c6e52463-12370310 avg. like is -98.5483 over 868 frames.
LOG (gmm-acc-stats-ali[5.5.513~2-b5f4cf]:main():gmm-acc-stats-ali.cc:105) Processed 9300 utterances; for utterance 992828f6-7229-4dbb-911f-82f1c6e52463-18059405 avg. like is -100.038 over 1418 frames.
LOG (gmm-acc-stats-ali[5.5.513~2-b5f4cf]:main():gmm-acc-stats-ali.cc:105) Processed 9350 utterances; for utterance 992828f6-7229-4dbb-911f-82f1c6e52463-22612545 avg. like is -99.4736 over 1208 frames.
LOG (gmm-acc-stats-ali[5.5.513~2-b5f4cf]:main():gmm-acc-stats-ali.cc:105) Processed 9400 utterances; for utterance 992828f6-7229-4dbb-911f-82f1c6e52463-27115355 avg. like is -98.2336 over 498 frames.
LOG (gmm-acc-stats-ali[5.5.513~2-b5f4cf]:main():gmm-acc-stats-ali.cc:105) Processed 9450 utterances; for utterance 992828f6-7229-4dbb-911f-82f1c6e52463-30839345 avg. like is -96.3993 over 938 frames.
LOG (gmm-acc-stats-ali[5.5.513~2-b5f4cf]:main():gmm-acc-stats-ali.cc:105) Processed 9500 utterances; for utterance 992828f6-7229-4dbb-911f-82f1c6e52463-32916965 avg. like is -98.7972 over 1128 frames.
LOG (gmm-acc-stats-ali[5.5.513~2-b5f4cf]:main():gmm-acc-stats-ali.cc:105) Processed 9550 utterances; for utterance 992828f6-7229-4dbb-911f-82f1c6e52463-41534375 avg. like is -98.375 over 1458 frames.
LOG (gmm-acc-stats-ali[5.5.513~2-b5f4cf]:main():gmm-acc-stats-ali.cc:105) Processed 9600 utterances; for utterance 992828f6-7229-4dbb-911f-82f1c6e52463-524985 avg. like is -98.2842 over 1118 frames.
LOG (gmm-acc-stats-ali[5.5.513~2-b5f4cf]:main():gmm-acc-stats-ali.cc:105) Processed 9650 utterances; for utterance 992828f6-7229-4dbb-911f-82f1c6e52463-6136885 avg. like is -98.5979 over 828 frames.
LOG (gmm-acc-stats-ali[5.5.513~2-b5f4cf]:main():gmm-acc-stats-ali.cc:105) Processed 9700 utterances; for utterance 992828f6-7229-4dbb-911f-82f1c6e52463-65914755 avg. like is -98.9789 over 1118 frames.
LOG (gmm-acc-stats-ali[5.5.513~2-b5f4cf]:main():gmm-acc-stats-ali.cc:105) Processed 9750 utterances; for utterance 992828f6-7229-4dbb-911f-82f1c6e52463-70857890 avg. like is -95.835 over 828 frames.
LOG (gmm-acc-stats-ali[5.5.513~2-b5f4cf]:main():gmm-acc-stats-ali.cc:105) Processed 9800 utterances; for utterance 992828f6-7229-4dbb-911f-82f1c6e52463-72210455 avg. like is -97.5535 over 978 frames.
LOG (gmm-acc-stats-ali[5.5.513~2-b5f4cf]:main():gmm-acc-stats-ali.cc:105) Processed 9850 utterances; for utterance 992828f6-7229-4dbb-911f-82f1c6e52463-74918750 avg. like is -99.53 over 1638 frames.
LOG (gmm-acc-stats-ali[5.5.513~2-b5f4cf]:main():gmm-acc-stats-ali.cc:105) Processed 9900 utterances; for utterance 992828f6-7229-4dbb-911f-82f1c6e52463-78243285 avg. like is -94.2807 over 198 frames.
LOG (gmm-acc-stats-ali[5.5.513~2-b5f4cf]:main():gmm-acc-stats-ali.cc:105) Processed 9950 utterances; for utterance 992828f6-7229-4dbb-911f-82f1c6e52463-79172615 avg. like is -91.7471 over 208 frames.
LOG (gmm-acc-stats-ali[5.5.513~2-b5f4cf]:main():gmm-acc-stats-ali.cc:105) Processed 10000 utterances; for utterance 992828f6-7229-4dbb-911f-82f1c6e52463-80543890 avg. like is -92.1401 over 198 frames.
LOG (gmm-acc-stats-ali[5.5.513~2-b5f4cf]:main():gmm-acc-stats-ali.cc:105) Processed 10050 utterances; for utterance 992828f6-7229-4dbb-911f-82f1c6e52463-82271040 avg. like is -95.0563 over 208 frames.
LOG (gmm-acc-stats-ali[5.5.513~2-b5f4cf]:main():gmm-acc-stats-ali.cc:105) Processed 10100 utterances; for utterance 992828f6-7229-4dbb-911f-82f1c6e52463-82872095 avg. like is -90.8592 over 178 frames.
LOG (gmm-acc-stats-ali[5.5.513~2-b5f4cf]:main():gmm-acc-stats-ali.cc:105) Processed 10150 utterances; for utterance 992828f6-7229-4dbb-911f-82f1c6e52463-84944940 avg. like is -96.2113 over 178 frames.
LOG (gmm-acc-stats-ali[5.5.513~2-b5f4cf]:main():gmm-acc-stats-ali.cc:105) Processed 10200 utterances; for utterance 992828f6-7229-4dbb-911f-82f1c6e52463-87123035 avg. like is -87.7924 over 138 frames.
LOG (gmm-acc-stats-ali[5.5.513~2-b5f4cf]:main():gmm-acc-stats-ali.cc:105) Processed 10250 utterances; for utterance 992828f6-7229-4dbb-911f-82f1c6e52463-88068435 avg. like is -87.7502 over 228 frames.
LOG (gmm-acc-stats-ali[5.5.513~2-b5f4cf]:main():gmm-acc-stats-ali.cc:105) Processed 10300 utterances; for utterance 992828f6-7229-4dbb-911f-82f1c6e52463-89673705 avg. like is -93.6801 over 188 frames.
LOG (gmm-acc-stats-ali[5.5.513~2-b5f4cf]:main():gmm-acc-stats-ali.cc:105) Processed 10350 utterances; for utterance 992828f6-7229-4dbb-911f-82f1c6e52463-91636860 avg. like is -93.2542 over 208 frames.
LOG (gmm-acc-stats-ali[5.5.513~2-b5f4cf]:main():gmm-acc-stats-ali.cc:105) Processed 10400 utterances; for utterance 992828f6-7229-4dbb-911f-82f1c6e52463-92850620 avg. like is -93.5818 over 158 frames.
LOG (gmm-acc-stats-ali[5.5.513~2-b5f4cf]:main():gmm-acc-stats-ali.cc:105) Processed 10450 utterances; for utterance 992828f6-7229-4dbb-911f-82f1c6e52463-94142770 avg. like is -94.1007 over 198 frames.
LOG (gmm-acc-stats-ali[5.5.513~2-b5f4cf]:main():gmm-acc-stats-ali.cc:105) Processed 10500 utterances; for utterance 9a807e71-f30a-4cb5-bbd3-8248ad7dc870-11343400 avg. like is -95.9682 over 698 frames.
LOG (gmm-acc-stats-ali[5.5.513~2-b5f4cf]:main():gmm-acc-stats-ali.cc:105) Processed 10550 utterances; for utterance 9a807e71-f30a-4cb5-bbd3-8248ad7dc870-14022260 avg. like is -94.74 over 688 frames.
LOG (gmm-acc-stats-ali[5.5.513~2-b5f4cf]:main():gmm-acc-stats-ali.cc:105) Processed 10600 utterances; for utterance 9a807e71-f30a-4cb5-bbd3-8248ad7dc870-18053795 avg. like is -96.7345 over 1648 frames.
LOG (gmm-acc-stats-ali[5.5.513~2-b5f4cf]:main():gmm-acc-stats-ali.cc:105) Processed 10650 utterances; for utterance 9a807e71-f30a-4cb5-bbd3-8248ad7dc870-20257955 avg. like is -90.0278 over 378 frames.
LOG (gmm-acc-stats-ali[5.5.513~2-b5f4cf]:main():gmm-acc-stats-ali.cc:105) Processed 10700 utterances; for utterance 9a807e71-f30a-4cb5-bbd3-8248ad7dc870-2463535 avg. like is -96.1459 over 1128 frames.
LOG (gmm-acc-stats-ali[5.5.513~2-b5f4cf]:main():gmm-acc-stats-ali.cc:105) Processed 10750 utterances; for utterance 9a807e71-f30a-4cb5-bbd3-8248ad7dc870-30563000 avg. like is -95.7627 over 1298 frames.
LOG (gmm-acc-stats-ali[5.5.513~2-b5f4cf]:main():gmm-acc-stats-ali.cc:105) Processed 10800 utterances; for utterance 9a807e71-f30a-4cb5-bbd3-8248ad7dc870-36263910 avg. like is -97.305 over 698 frames.
LOG (gmm-acc-stats-ali[5.5.513~2-b5f4cf]:main():gmm-acc-stats-ali.cc:105) Processed 10850 utterances; for utterance 9a807e71-f30a-4cb5-bbd3-8248ad7dc870-45151060 avg. like is -97.9103 over 1618 frames.
LOG (gmm-acc-stats-ali[5.5.513~2-b5f4cf]:main():gmm-acc-stats-ali.cc:105) Processed 10900 utterances; for utterance 9a807e71-f30a-4cb5-bbd3-8248ad7dc870-49954960 avg. like is -96.5212 over 1238 frames.
LOG (gmm-acc-stats-ali[5.5.513~2-b5f4cf]:main():gmm-acc-stats-ali.cc:105) Processed 10950 utterances; for utterance 9a807e71-f30a-4cb5-bbd3-8248ad7dc870-58945685 avg. like is -96.4736 over 698 frames.
LOG (gmm-acc-stats-ali[5.5.513~2-b5f4cf]:main():gmm-acc-stats-ali.cc:105) Processed 11000 utterances; for utterance 9a807e71-f30a-4cb5-bbd3-8248ad7dc870-65966110 avg. like is -97.3714 over 1178 frames.
LOG (gmm-acc-stats-ali[5.5.513~2-b5f4cf]:main():gmm-acc-stats-ali.cc:105) Processed 11050 utterances; for utterance 9a807e71-f30a-4cb5-bbd3-8248ad7dc870-70941080 avg. like is -96.956 over 988 frames.
LOG (gmm-acc-stats-ali[5.5.513~2-b5f4cf]:main():gmm-acc-stats-ali.cc:105) Processed 11100 utterances; for utterance 9a807e71-f30a-4cb5-bbd3-8248ad7dc870-72860185 avg. like is -95.4278 over 528 frames.
LOG (gmm-acc-stats-ali[5.5.513~2-b5f4cf]:main():gmm-acc-stats-ali.cc:105) Processed 11150 utterances; for utterance 9a807e71-f30a-4cb5-bbd3-8248ad7dc870-78864165 avg. like is -91.4877 over 158 frames.
LOG (gmm-acc-stats-ali[5.5.513~2-b5f4cf]:main():gmm-acc-stats-ali.cc:105) Processed 11200 utterances; for utterance 9a807e71-f30a-4cb5-bbd3-8248ad7dc870-79749630 avg. like is -87.3365 over 158 frames.
LOG (gmm-acc-stats-ali[5.5.513~2-b5f4cf]:main():gmm-acc-stats-ali.cc:105) Processed 11250 utterances; for utterance 9a807e71-f30a-4cb5-bbd3-8248ad7dc870-81942670 avg. like is -88.0109 over 198 frames.
LOG (gmm-acc-stats-ali[5.5.513~2-b5f4cf]:main():gmm-acc-stats-ali.cc:105) Processed 11300 utterances; for utterance 9a807e71-f30a-4cb5-bbd3-8248ad7dc870-83537110 avg. like is -91.6033 over 228 frames.
LOG (gmm-acc-stats-ali[5.5.513~2-b5f4cf]:main():gmm-acc-stats-ali.cc:105) Processed 11350 utterances; for utterance 9a807e71-f30a-4cb5-bbd3-8248ad7dc870-84469465 avg. like is -91.595 over 228 frames.
LOG (gmm-acc-stats-ali[5.5.513~2-b5f4cf]:main():gmm-acc-stats-ali.cc:105) Processed 11400 utterances; for utterance 9a807e71-f30a-4cb5-bbd3-8248ad7dc870-87043645 avg. like is -91.9194 over 208 frames.
LOG (gmm-acc-stats-ali[5.5.513~2-b5f4cf]:main():gmm-acc-stats-ali.cc:105) Processed 11450 utterances; for utterance 9a807e71-f30a-4cb5-bbd3-8248ad7dc870-88357230 avg. like is -93.4097 over 178 frames.
LOG (gmm-acc-stats-ali[5.5.513~2-b5f4cf]:main():gmm-acc-stats-ali.cc:105) Processed 11500 utterances; for utterance 9a807e71-f30a-4cb5-bbd3-8248ad7dc870-89515655 avg. like is -88.6549 over 208 frames.
LOG (gmm-acc-stats-ali[5.5.513~2-b5f4cf]:main():gmm-acc-stats-ali.cc:105) Processed 11550 utterances; for utterance 9a807e71-f30a-4cb5-bbd3-8248ad7dc870-90862350 avg. like is -93.5331 over 178 frames.
LOG (gmm-acc-stats-ali[5.5.513~2-b5f4cf]:main():gmm-acc-stats-ali.cc:105) Processed 11600 utterances; for utterance 9a807e71-f30a-4cb5-bbd3-8248ad7dc870-92147375 avg. like is -92.8725 over 278 frames.
LOG (gmm-acc-stats-ali[5.5.513~2-b5f4cf]:main():gmm-acc-stats-ali.cc:105) Processed 11650 utterances; for utterance 9a807e71-f30a-4cb5-bbd3-8248ad7dc870-93959635 avg. like is -90.5701 over 208 frames.
LOG (gmm-acc-stats-ali[5.5.513~2-b5f4cf]:main():gmm-acc-stats-ali.cc:105) Processed 11700 utterances; for utterance 9a807e71-f30a-4cb5-bbd3-8248ad7dc870-95151785 avg. like is -90.1236 over 198 frames.
LOG (gmm-acc-stats-ali[5.5.513~2-b5f4cf]:main():gmm-acc-stats-ali.cc:105) Processed 11750 utterances; for utterance a1a42ad4-9024-40f2-b898-78b1ac732492-1152330 avg. like is -99.0148 over 728 frames.
LOG (gmm-acc-stats-ali[5.5.513~2-b5f4cf]:main():gmm-acc-stats-ali.cc:105) Processed 11800 utterances; for utterance a1a42ad4-9024-40f2-b898-78b1ac732492-18343385 avg. like is -98.0663 over 1498 frames.
LOG (gmm-acc-stats-ali[5.5.513~2-b5f4cf]:main():gmm-acc-stats-ali.cc:105) Processed 11850 utterances; for utterance a1a42ad4-9024-40f2-b898-78b1ac732492-23960410 avg. like is -93.859 over 968 frames.
LOG (gmm-acc-stats-ali[5.5.513~2-b5f4cf]:main():gmm-acc-stats-ali.cc:105) Processed 11900 utterances; for utterance a1a42ad4-9024-40f2-b898-78b1ac732492-39570475 avg. like is -97.4967 over 1888 frames.
LOG (gmm-acc-stats-ali[5.5.513~2-b5f4cf]:main():gmm-acc-stats-ali.cc:105) Processed 11950 utterances; for utterance a1a42ad4-9024-40f2-b898-78b1ac732492-4925030 avg. like is -95.5995 over 948 frames.
LOG (gmm-acc-stats-ali[5.5.513~2-b5f4cf]:main():gmm-acc-stats-ali.cc:105) Processed 12000 utterances; for utterance a1a42ad4-9024-40f2-b898-78b1ac732492-67531030 avg. like is -94.4941 over 1068 frames.
LOG (gmm-acc-stats-ali[5.5.513~2-b5f4cf]:main():gmm-acc-stats-ali.cc:105) Processed 12050 utterances; for utterance a1a42ad4-9024-40f2-b898-78b1ac732492-73431520 avg. like is -94.233 over 698 frames.
LOG (gmm-acc-stats-ali[5.5.513~2-b5f4cf]:main():gmm-acc-stats-ali.cc:105) Processed 12100 utterances; for utterance a225030a-046e-4590-af91-635ba303fc32-10345835 avg. like is -95.8615 over 2488 frames.
LOG (gmm-acc-stats-ali[5.5.513~2-b5f4cf]:main():gmm-acc-stats-ali.cc:105) Processed 12150 utterances; for utterance a225030a-046e-4590-af91-635ba303fc32-28511665 avg. like is -94.5062 over 2578 frames.
LOG (gmm-acc-stats-ali[5.5.513~2-b5f4cf]:main():gmm-acc-stats-ali.cc:105) Processed 12200 utterances; for utterance a225030a-046e-4590-af91-635ba303fc32-44827040 avg. like is -94.1317 over 1148 frames.
LOG (gmm-acc-stats-ali[5.5.513~2-b5f4cf]:main():gmm-acc-stats-ali.cc:105) Processed 12250 utterances; for utterance a225030a-046e-4590-af91-635ba303fc32-65233630 avg. like is -95.3602 over 1408 frames.
LOG (gmm-acc-stats-ali[5.5.513~2-b5f4cf]:main():gmm-acc-stats-ali.cc:105) Processed 12300 utterances; for utterance a225030a-046e-4590-af91-635ba303fc32-78361815 avg. like is -85.1443 over 228 frames.
LOG (gmm-acc-stats-ali[5.5.513~2-b5f4cf]:main():gmm-acc-stats-ali.cc:105) Processed 12350 utterances; for utterance a225030a-046e-4590-af91-635ba303fc32-82055220 avg. like is -82.9055 over 188 frames.
LOG (gmm-acc-stats-ali[5.5.513~2-b5f4cf]:main():gmm-acc-stats-ali.cc:105) Processed 12400 utterances; for utterance a225030a-046e-4590-af91-635ba303fc32-87071255 avg. like is -86.3922 over 298 frames.
LOG (gmm-acc-stats-ali[5.5.513~2-b5f4cf]:main():gmm-acc-stats-ali.cc:105) Processed 12450 utterances; for utterance a225030a-046e-4590-af91-635ba303fc32-91445825 avg. like is -87.4398 over 288 frames.
LOG (gmm-acc-stats-ali[5.5.513~2-b5f4cf]:main():gmm-acc-stats-ali.cc:105) Processed 12500 utterances; for utterance a225030a-046e-4590-af91-635ba303fc32-9711810 avg. like is -94.3853 over 818 frames.
LOG (gmm-acc-stats-ali[5.5.513~2-b5f4cf]:main():gmm-acc-stats-ali.cc:105) Processed 12550 utterances; for utterance a35625c5-fb07-40f9-9e6a-d7f256694159-16323935 avg. like is -95.3027 over 1208 frames.
LOG (gmm-acc-stats-ali[5.5.513~2-b5f4cf]:main():gmm-acc-stats-ali.cc:105) Processed 12600 utterances; for utterance a35625c5-fb07-40f9-9e6a-d7f256694159-32750975 avg. like is -94.4251 over 678 frames.
LOG (gmm-acc-stats-ali[5.5.513~2-b5f4cf]:main():gmm-acc-stats-ali.cc:105) Processed 12650 utterances; for utterance a35625c5-fb07-40f9-9e6a-d7f256694159-46533710 avg. like is -96.1426 over 1278 frames.
LOG (gmm-acc-stats-ali[5.5.513~2-b5f4cf]:main():gmm-acc-stats-ali.cc:105) Processed 12700 utterances; for utterance a35625c5-fb07-40f9-9e6a-d7f256694159-61315110 avg. like is -94.2269 over 798 frames.
LOG (gmm-acc-stats-ali[5.5.513~2-b5f4cf]:main():gmm-acc-stats-ali.cc:105) Processed 12750 utterances; for utterance a35625c5-fb07-40f9-9e6a-d7f256694159-69910335 avg. like is -96.3861 over 978 frames.
LOG (gmm-acc-stats-ali[5.5.513~2-b5f4cf]:main():gmm-acc-stats-ali.cc:105) Processed 12800 utterances; for utterance a35625c5-fb07-40f9-9e6a-d7f256694159-73041360 avg. like is -97.3812 over 538 frames.
LOG (gmm-acc-stats-ali[5.5.513~2-b5f4cf]:main():gmm-acc-stats-ali.cc:105) Processed 12850 utterances; for utterance a35625c5-fb07-40f9-9e6a-d7f256694159-77235500 avg. like is -92.2627 over 288 frames.
LOG (gmm-acc-stats-ali[5.5.513~2-b5f4cf]:main():gmm-acc-stats-ali.cc:105) Processed 12900 utterances; for utterance a35625c5-fb07-40f9-9e6a-d7f256694159-79412895 avg. like is -91.168 over 248 frames.
LOG (gmm-acc-stats-ali[5.5.513~2-b5f4cf]:main():gmm-acc-stats-ali.cc:105) Processed 12950 utterances; for utterance a35625c5-fb07-40f9-9e6a-d7f256694159-79917385 avg. like is -91.205 over 198 frames.
LOG (gmm-acc-stats-ali[5.5.513~2-b5f4cf]:main():gmm-acc-stats-ali.cc:105) Processed 13000 utterances; for utterance a35625c5-fb07-40f9-9e6a-d7f256694159-80658020 avg. like is -85.8009 over 168 frames.
LOG (gmm-acc-stats-ali[5.5.513~2-b5f4cf]:main():gmm-acc-stats-ali.cc:105) Processed 13050 utterances; for utterance a35625c5-fb07-40f9-9e6a-d7f256694159-81552610 avg. like is -87.4975 over 168 frames.
LOG (gmm-acc-stats-ali[5.5.513~2-b5f4cf]:main():gmm-acc-stats-ali.cc:105) Processed 13100 utterances; for utterance a35625c5-fb07-40f9-9e6a-d7f256694159-82523200 avg. like is -88.535 over 218 frames.
LOG (gmm-acc-stats-ali[5.5.513~2-b5f4cf]:main():gmm-acc-stats-ali.cc:105) Processed 13150 utterances; for utterance a4df85a8-626d-41c3-8ea1-35d2986dce18-10359651 avg. like is -103.735 over 1498 frames.
LOG (gmm-acc-stats-ali[5.5.513~2-b5f4cf]:main():gmm-acc-stats-ali.cc:105) Processed 13200 utterances; for utterance a4df85a8-626d-41c3-8ea1-35d2986dce18-18253833 avg. like is -92.4514 over 1038 frames.
LOG (gmm-acc-stats-ali[5.5.513~2-b5f4cf]:main():gmm-acc-stats-ali.cc:105) Processed 13250 utterances; for utterance a4df85a8-626d-41c3-8ea1-35d2986dce18-3013226 avg. like is -95.7782 over 2628 frames.
LOG (gmm-acc-stats-ali[5.5.513~2-b5f4cf]:main():gmm-acc-stats-ali.cc:105) Processed 13300 utterances; for utterance a4df85a8-626d-41c3-8ea1-35d2986dce18-5911228 avg. like is -89.0294 over 688 frames.
LOG (gmm-acc-stats-ali[5.5.513~2-b5f4cf]:main():gmm-acc-stats-ali.cc:105) Processed 13350 utterances; for utterance a6234f50-630c-4b7b-9c02-5bf05c21dd2d-12074504 avg. like is -83.5298 over 638 frames.
LOG (gmm-acc-stats-ali[5.5.513~2-b5f4cf]:main():gmm-acc-stats-ali.cc:105) Processed 13400 utterances; for utterance a6234f50-630c-4b7b-9c02-5bf05c21dd2d-20560269 avg. like is -84.0121 over 578 frames.
LOG (gmm-acc-stats-ali[5.5.513~2-b5f4cf]:main():gmm-acc-stats-ali.cc:105) Processed 13450 utterances; for utterance a6234f50-630c-4b7b-9c02-5bf05c21dd2d-27915629 avg. like is -83.8112 over 808 frames.
LOG (gmm-acc-stats-ali[5.5.513~2-b5f4cf]:main():gmm-acc-stats-ali.cc:105) Processed 13500 utterances; for utterance a6234f50-630c-4b7b-9c02-5bf05c21dd2d-38849444 avg. like is -85.2617 over 1178 frames.
LOG (gmm-acc-stats-ali[5.5.513~2-b5f4cf]:main():gmm-acc-stats-ali.cc:105) Processed 13550 utterances; for utterance a6234f50-630c-4b7b-9c02-5bf05c21dd2d-5255494 avg. like is -83.8482 over 1048 frames.
LOG (gmm-acc-stats-ali[5.5.513~2-b5f4cf]:main():gmm-acc-stats-ali.cc:105) Processed 13600 utterances; for utterance a6234f50-630c-4b7b-9c02-5bf05c21dd2d-61253554 avg. like is -85.6517 over 2068 frames.
LOG (gmm-acc-stats-ali[5.5.513~2-b5f4cf]:main():gmm-acc-stats-ali.cc:105) Processed 13650 utterances; for utterance a6234f50-630c-4b7b-9c02-5bf05c21dd2d-6848919 avg. like is -84.6087 over 718 frames.
LOG (gmm-acc-stats-ali[5.5.513~2-b5f4cf]:main():gmm-acc-stats-ali.cc:105) Processed 13700 utterances; for utterance a6234f50-630c-4b7b-9c02-5bf05c21dd2d-72553614 avg. like is -84.3214 over 708 frames.
LOG (gmm-acc-stats-ali[5.5.513~2-b5f4cf]:main():gmm-acc-stats-ali.cc:105) Processed 13750 utterances; for utterance a84cf823-7cbf-4cbe-b642-95873519dab9-12016419 avg. like is -85.6111 over 918 frames.
LOG (gmm-acc-stats-ali[5.5.513~2-b5f4cf]:main():gmm-acc-stats-ali.cc:105) Processed 13800 utterances; for utterance a84cf823-7cbf-4cbe-b642-95873519dab9-18360614 avg. like is -84.6822 over 1278 frames.
LOG (gmm-acc-stats-ali[5.5.513~2-b5f4cf]:main():gmm-acc-stats-ali.cc:105) Processed 13850 utterances; for utterance a84cf823-7cbf-4cbe-b642-95873519dab9-23368469 avg. like is -88.2783 over 1948 frames.
LOG (gmm-acc-stats-ali[5.5.513~2-b5f4cf]:main():gmm-acc-stats-ali.cc:105) Processed 13900 utterances; for utterance a84cf823-7cbf-4cbe-b642-95873519dab9-27642309 avg. like is -86.1119 over 658 frames.
LOG (gmm-acc-stats-ali[5.5.513~2-b5f4cf]:main():gmm-acc-stats-ali.cc:105) Processed 13950 utterances; for utterance a84cf823-7cbf-4cbe-b642-95873519dab9-31951624 avg. like is -81.8344 over 548 frames.
LOG (gmm-acc-stats-ali[5.5.513~2-b5f4cf]:main():gmm-acc-stats-ali.cc:105) Processed 14000 utterances; for utterance a84cf823-7cbf-4cbe-b642-95873519dab9-42430584 avg. like is -87.1741 over 1648 frames.
LOG (gmm-acc-stats-ali[5.5.513~2-b5f4cf]:main():gmm-acc-stats-ali.cc:105) Processed 14050 utterances; for utterance a84cf823-7cbf-4cbe-b642-95873519dab9-60814544 avg. like is -84.5456 over 358 frames.
LOG (gmm-acc-stats-ali[5.5.513~2-b5f4cf]:main():gmm-acc-stats-ali.cc:105) Processed 14100 utterances; for utterance a84cf823-7cbf-4cbe-b642-95873519dab9-68237244 avg. like is -87.1705 over 2068 frames.
LOG (gmm-acc-stats-ali[5.5.513~2-b5f4cf]:main():gmm-acc-stats-ali.cc:105) Processed 14150 utterances; for utterance a84cf823-7cbf-4cbe-b642-95873519dab9-76672889 avg. like is -85.887 over 898 frames.
LOG (gmm-acc-stats-ali[5.5.513~2-b5f4cf]:main():gmm-acc-stats-ali.cc:105) Processed 14200 utterances; for utterance aaa6d0da-7601-4dd0-bea6-fdf0a2349e11-11317709 avg. like is -80.6959 over 1018 frames.
LOG (gmm-acc-stats-ali[5.5.513~2-b5f4cf]:main():gmm-acc-stats-ali.cc:105) Processed 14250 utterances; for utterance aaa6d0da-7601-4dd0-bea6-fdf0a2349e11-18519749 avg. like is -81.6314 over 1328 frames.
LOG (gmm-acc-stats-ali[5.5.513~2-b5f4cf]:main():gmm-acc-stats-ali.cc:105) Processed 14300 utterances; for utterance aaa6d0da-7601-4dd0-bea6-fdf0a2349e11-24611789 avg. like is -80.3394 over 1328 frames.
LOG (gmm-acc-stats-ali[5.5.513~2-b5f4cf]:main():gmm-acc-stats-ali.cc:105) Processed 14350 utterances; for utterance aaa6d0da-7601-4dd0-bea6-fdf0a2349e11-39573309 avg. like is -81.4273 over 2738 frames.
LOG (gmm-acc-stats-ali[5.5.513~2-b5f4cf]:main():gmm-acc-stats-ali.cc:105) Processed 14400 utterances; for utterance aaa6d0da-7601-4dd0-bea6-fdf0a2349e11-46569309 avg. like is -86.0401 over 1308 frames.
LOG (gmm-acc-stats-ali[5.5.513~2-b5f4cf]:main():gmm-acc-stats-ali.cc:105) Processed 14450 utterances; for utterance aaa6d0da-7601-4dd0-bea6-fdf0a2349e11-59940959 avg. like is -81.0381 over 1228 frames.
LOG (gmm-acc-stats-ali[5.5.513~2-b5f4cf]:main():gmm-acc-stats-ali.cc:105) Processed 14500 utterances; for utterance aaa6d0da-7601-4dd0-bea6-fdf0a2349e11-9914884 avg. like is -81.0236 over 738 frames.
LOG (gmm-acc-stats-ali[5.5.513~2-b5f4cf]:main():gmm-acc-stats-ali.cc:105) Processed 14550 utterances; for utterance ac9d62f8-179a-473c-b321-7ba6b071947c-13219284 avg. like is -86.1361 over 948 frames.
LOG (gmm-acc-stats-ali[5.5.513~2-b5f4cf]:main():gmm-acc-stats-ali.cc:105) Processed 14600 utterances; for utterance ac9d62f8-179a-473c-b321-7ba6b071947c-18019259 avg. like is -84.9982 over 1588 frames.
LOG (gmm-acc-stats-ali[5.5.513~2-b5f4cf]:main():gmm-acc-stats-ali.cc:105) Processed 14650 utterances; for utterance ac9d62f8-179a-473c-b321-7ba6b071947c-23211364 avg. like is -85.4972 over 1368 frames.
LOG (gmm-acc-stats-ali[5.5.513~2-b5f4cf]:main():gmm-acc-stats-ali.cc:105) Processed 14700 utterances; for utterance ac9d62f8-179a-473c-b321-7ba6b071947c-27963034 avg. like is -85.9307 over 798 frames.
LOG (gmm-acc-stats-ali[5.5.513~2-b5f4cf]:main():gmm-acc-stats-ali.cc:105) Processed 14750 utterances; for utterance ac9d62f8-179a-473c-b321-7ba6b071947c-32427254 avg. like is -86.8503 over 1298 frames.
LOG (gmm-acc-stats-ali[5.5.513~2-b5f4cf]:main():gmm-acc-stats-ali.cc:105) Processed 14800 utterances; for utterance ac9d62f8-179a-473c-b321-7ba6b071947c-38048734 avg. like is -83.8457 over 268 frames.
LOG (gmm-acc-stats-ali[5.5.513~2-b5f4cf]:main():gmm-acc-stats-ali.cc:105) Processed 14850 utterances; for utterance ac9d62f8-179a-473c-b321-7ba6b071947c-45645894 avg. like is -86.1125 over 868 frames.
LOG (gmm-acc-stats-ali[5.5.513~2-b5f4cf]:main():gmm-acc-stats-ali.cc:105) Processed 14900 utterances; for utterance ac9d62f8-179a-473c-b321-7ba6b071947c-51167339 avg. like is -85.6786 over 708 frames.
LOG (gmm-acc-stats-ali[5.5.513~2-b5f4cf]:main():gmm-acc-stats-ali.cc:105) Processed 14950 utterances; for utterance ac9d62f8-179a-473c-b321-7ba6b071947c-54356854 avg. like is -83.3463 over 758 frames.
LOG (gmm-acc-stats-ali[5.5.513~2-b5f4cf]:main():gmm-acc-stats-ali.cc:105) Processed 15000 utterances; for utterance ac9d62f8-179a-473c-b321-7ba6b071947c-64325454 avg. like is -84.1163 over 478 frames.
LOG (gmm-acc-stats-ali[5.5.513~2-b5f4cf]:main():gmm-acc-stats-ali.cc:105) Processed 15050 utterances; for utterance ac9d62f8-179a-473c-b321-7ba6b071947c-68764184 avg. like is -86.0615 over 608 frames.
LOG (gmm-acc-stats-ali[5.5.513~2-b5f4cf]:main():gmm-acc-stats-ali.cc:105) Processed 15100 utterances; for utterance ac9d62f8-179a-473c-b321-7ba6b071947c-70931774 avg. like is -85.9778 over 888 frames.
LOG (gmm-acc-stats-ali[5.5.513~2-b5f4cf]:main():gmm-acc-stats-ali.cc:105) Processed 15150 utterances; for utterance ac9d62f8-179a-473c-b321-7ba6b071947c-73224794 avg. like is -85.4261 over 968 frames.
LOG (gmm-acc-stats-ali[5.5.513~2-b5f4cf]:main():gmm-acc-stats-ali.cc:105) Processed 15200 utterances; for utterance ac9d62f8-179a-473c-b321-7ba6b071947c-75247504 avg. like is -82.9846 over 228 frames.
LOG (gmm-acc-stats-ali[5.5.513~2-b5f4cf]:main():gmm-acc-stats-ali.cc:105) Processed 15250 utterances; for utterance ac9d62f8-179a-473c-b321-7ba6b071947c-78955394 avg. like is -80.0809 over 178 frames.
LOG (gmm-acc-stats-ali[5.5.513~2-b5f4cf]:main():gmm-acc-stats-ali.cc:105) Processed 15300 utterances; for utterance ac9d62f8-179a-473c-b321-7ba6b071947c-80416969 avg. like is -85.2432 over 258 frames.
LOG (gmm-acc-stats-ali[5.5.513~2-b5f4cf]:main():gmm-acc-stats-ali.cc:105) Processed 15350 utterances; for utterance ac9d62f8-179a-473c-b321-7ba6b071947c-82419874 avg. like is -86.9061 over 158 frames.
LOG (gmm-acc-stats-ali[5.5.513~2-b5f4cf]:main():gmm-acc-stats-ali.cc:105) Processed 15400 utterances; for utterance ac9d62f8-179a-473c-b321-7ba6b071947c-83444419 avg. like is -83.0759 over 158 frames.
LOG (gmm-acc-stats-ali[5.5.513~2-b5f4cf]:main():gmm-acc-stats-ali.cc:105) Processed 15450 utterances; for utterance ac9d62f8-179a-473c-b321-7ba6b071947c-84448069 avg. like is -81.3807 over 228 frames.
LOG (gmm-acc-stats-ali[5.5.513~2-b5f4cf]:main():gmm-acc-stats-ali.cc:105) Processed 15500 utterances; for utterance ac9d62f8-179a-473c-b321-7ba6b071947c-86013329 avg. like is -85.4899 over 208 frames.
LOG (gmm-acc-stats-ali[5.5.513~2-b5f4cf]:main():gmm-acc-stats-ali.cc:105) Processed 15550 utterances; for utterance ac9d62f8-179a-473c-b321-7ba6b071947c-87574569 avg. like is -83.051 over 228 frames.
LOG (gmm-acc-stats-ali[5.5.513~2-b5f4cf]:main():gmm-acc-stats-ali.cc:105) Processed 15600 utterances; for utterance ac9d62f8-179a-473c-b321-7ba6b071947c-88742979 avg. like is -84.088 over 228 frames.
LOG (gmm-acc-stats-ali[5.5.513~2-b5f4cf]:main():gmm-acc-stats-ali.cc:105) Processed 15650 utterances; for utterance ac9d62f8-179a-473c-b321-7ba6b071947c-90548929 avg. like is -80.0398 over 188 frames.
LOG (gmm-acc-stats-ali[5.5.513~2-b5f4cf]:main():gmm-acc-stats-ali.cc:105) Processed 15700 utterances; for utterance ac9d62f8-179a-473c-b321-7ba6b071947c-92311324 avg. like is -82.218 over 198 frames.
LOG (gmm-acc-stats-ali[5.5.513~2-b5f4cf]:main():gmm-acc-stats-ali.cc:105) Processed 15750 utterances; for utterance ac9d62f8-179a-473c-b321-7ba6b071947c-93651354 avg. like is -80.4973 over 238 frames.
LOG (apply-cmvn[5.5.513~2-b5f4cf]:main():apply-cmvn.cc:162) Applied cepstral mean normalization to 15864 utterances, errors on 0
LOG (gmm-acc-stats-ali[5.5.513~2-b5f4cf]:main():gmm-acc-stats-ali.cc:112) Done 15786 files, 78 with errors.
LOG (gmm-acc-stats-ali[5.5.513~2-b5f4cf]:main():gmm-acc-stats-ali.cc:115) Overall avg like per frame (Gaussian only) = -96.6766 over 12191845 frames.
LOG (gmm-acc-stats-ali[5.5.513~2-b5f4cf]:main():gmm-acc-stats-ali.cc:123) Written accs.
# Accounting: time=44 threads=1
# Ended (code 0) at Tue Jan 14 23:59:49 CET 2020, elapsed time 44 seconds
