# gmm-acc-stats-ali exp/mono/30.mdl "ark,s,cs:apply-cmvn  --utt2spk=ark:data/train/split4/2/utt2spk scp:data/train/split4/2/cmvn.scp scp:data/train/split4/2/feats.scp ark:- | add-deltas  ark:- ark:- |" "ark:gunzip -c exp/mono/ali.2.gz|" exp/mono/30.2.acc 
# Started at Tue Jan 14 23:42:46 CET 2020
#
gmm-acc-stats-ali exp/mono/30.mdl 'ark,s,cs:apply-cmvn  --utt2spk=ark:data/train/split4/2/utt2spk scp:data/train/split4/2/cmvn.scp scp:data/train/split4/2/feats.scp ark:- | add-deltas  ark:- ark:- |' 'ark:gunzip -c exp/mono/ali.2.gz|' exp/mono/30.2.acc 
apply-cmvn --utt2spk=ark:data/train/split4/2/utt2spk scp:data/train/split4/2/cmvn.scp scp:data/train/split4/2/feats.scp ark:- 
add-deltas ark:- ark:- 
LOG (gmm-acc-stats-ali[5.5.513~2-b5f4cf]:main():gmm-acc-stats-ali.cc:105) Processed 50 utterances; for utterance 3785d9b0-d77e-48d5-97be-6f29964a3c22-12132875 avg. like is -97.0332 over 1168 frames.
LOG (gmm-acc-stats-ali[5.5.513~2-b5f4cf]:main():gmm-acc-stats-ali.cc:105) Processed 100 utterances; for utterance 3785d9b0-d77e-48d5-97be-6f29964a3c22-17370510 avg. like is -95.1621 over 968 frames.
LOG (gmm-acc-stats-ali[5.5.513~2-b5f4cf]:main():gmm-acc-stats-ali.cc:105) Processed 150 utterances; for utterance 3785d9b0-d77e-48d5-97be-6f29964a3c22-20228790 avg. like is -98.9842 over 278 frames.
LOG (gmm-acc-stats-ali[5.5.513~2-b5f4cf]:main():gmm-acc-stats-ali.cc:105) Processed 200 utterances; for utterance 3785d9b0-d77e-48d5-97be-6f29964a3c22-27371675 avg. like is -98.1158 over 978 frames.
LOG (gmm-acc-stats-ali[5.5.513~2-b5f4cf]:main():gmm-acc-stats-ali.cc:105) Processed 250 utterances; for utterance 3785d9b0-d77e-48d5-97be-6f29964a3c22-29213035 avg. like is -99.0678 over 1298 frames.
LOG (gmm-acc-stats-ali[5.5.513~2-b5f4cf]:main():gmm-acc-stats-ali.cc:105) Processed 300 utterances; for utterance 3785d9b0-d77e-48d5-97be-6f29964a3c22-35368890 avg. like is -95.793 over 1238 frames.
LOG (gmm-acc-stats-ali[5.5.513~2-b5f4cf]:main():gmm-acc-stats-ali.cc:105) Processed 350 utterances; for utterance 3785d9b0-d77e-48d5-97be-6f29964a3c22-43639765 avg. like is -98.0872 over 588 frames.
LOG (gmm-acc-stats-ali[5.5.513~2-b5f4cf]:main():gmm-acc-stats-ali.cc:105) Processed 400 utterances; for utterance 3785d9b0-d77e-48d5-97be-6f29964a3c22-5065090 avg. like is -98.3537 over 828 frames.
LOG (gmm-acc-stats-ali[5.5.513~2-b5f4cf]:main():gmm-acc-stats-ali.cc:105) Processed 450 utterances; for utterance 3785d9b0-d77e-48d5-97be-6f29964a3c22-61073685 avg. like is -99.6768 over 2348 frames.
LOG (gmm-acc-stats-ali[5.5.513~2-b5f4cf]:main():gmm-acc-stats-ali.cc:105) Processed 500 utterances; for utterance 3785d9b0-d77e-48d5-97be-6f29964a3c22-69351765 avg. like is -98.4236 over 1558 frames.
LOG (gmm-acc-stats-ali[5.5.513~2-b5f4cf]:main():gmm-acc-stats-ali.cc:105) Processed 550 utterances; for utterance 3c1f9078-352a-4146-870c-3262b0f6d54f-12559625 avg. like is -94.3396 over 358 frames.
LOG (gmm-acc-stats-ali[5.5.513~2-b5f4cf]:main():gmm-acc-stats-ali.cc:105) Processed 600 utterances; for utterance 3c1f9078-352a-4146-870c-3262b0f6d54f-19333245 avg. like is -95.1336 over 948 frames.
LOG (gmm-acc-stats-ali[5.5.513~2-b5f4cf]:main():gmm-acc-stats-ali.cc:105) Processed 650 utterances; for utterance 3c1f9078-352a-4146-870c-3262b0f6d54f-27919405 avg. like is -96.4212 over 818 frames.
LOG (gmm-acc-stats-ali[5.5.513~2-b5f4cf]:main():gmm-acc-stats-ali.cc:105) Processed 700 utterances; for utterance 3c1f9078-352a-4146-870c-3262b0f6d54f-39944865 avg. like is -96.2706 over 1628 frames.
LOG (gmm-acc-stats-ali[5.5.513~2-b5f4cf]:main():gmm-acc-stats-ali.cc:105) Processed 750 utterances; for utterance 3c1f9078-352a-4146-870c-3262b0f6d54f-511235 avg. like is -95.969 over 1058 frames.
LOG (gmm-acc-stats-ali[5.5.513~2-b5f4cf]:main():gmm-acc-stats-ali.cc:105) Processed 800 utterances; for utterance 3c1f9078-352a-4146-870c-3262b0f6d54f-58124355 avg. like is -98.0447 over 2228 frames.
LOG (gmm-acc-stats-ali[5.5.513~2-b5f4cf]:main():gmm-acc-stats-ali.cc:105) Processed 850 utterances; for utterance 3c1f9078-352a-4146-870c-3262b0f6d54f-69422060 avg. like is -98.1777 over 1178 frames.
LOG (gmm-acc-stats-ali[5.5.513~2-b5f4cf]:main():gmm-acc-stats-ali.cc:105) Processed 900 utterances; for utterance 3c1f9078-352a-4146-870c-3262b0f6d54f-75340215 avg. like is -95.4001 over 808 frames.
LOG (gmm-acc-stats-ali[5.5.513~2-b5f4cf]:main():gmm-acc-stats-ali.cc:105) Processed 950 utterances; for utterance 3d5fb47e-44bf-4f74-abb6-eb2151e487e9-18830766 avg. like is -99.151 over 1098 frames.
LOG (gmm-acc-stats-ali[5.5.513~2-b5f4cf]:main():gmm-acc-stats-ali.cc:105) Processed 1000 utterances; for utterance 3d5fb47e-44bf-4f74-abb6-eb2151e487e9-26811833 avg. like is -95.1797 over 1038 frames.
LOG (gmm-acc-stats-ali[5.5.513~2-b5f4cf]:main():gmm-acc-stats-ali.cc:105) Processed 1050 utterances; for utterance 3d5fb47e-44bf-4f74-abb6-eb2151e487e9-6342261 avg. like is -100.554 over 588 frames.
WARNING (gmm-acc-stats-ali[5.5.513~2-b5f4cf]:main():gmm-acc-stats-ali.cc:79) No alignment for utterance 3e61c710-f035-4dbd-8d03-aa796c1ce8c6-10260349
WARNING (gmm-acc-stats-ali[5.5.513~2-b5f4cf]:main():gmm-acc-stats-ali.cc:79) No alignment for utterance 3e61c710-f035-4dbd-8d03-aa796c1ce8c6-10717199
WARNING (gmm-acc-stats-ali[5.5.513~2-b5f4cf]:main():gmm-acc-stats-ali.cc:79) No alignment for utterance 3e61c710-f035-4dbd-8d03-aa796c1ce8c6-11341659
WARNING (gmm-acc-stats-ali[5.5.513~2-b5f4cf]:main():gmm-acc-stats-ali.cc:79) No alignment for utterance 3e61c710-f035-4dbd-8d03-aa796c1ce8c6-11367139
WARNING (gmm-acc-stats-ali[5.5.513~2-b5f4cf]:main():gmm-acc-stats-ali.cc:79) No alignment for utterance 3e61c710-f035-4dbd-8d03-aa796c1ce8c6-11859804
WARNING (gmm-acc-stats-ali[5.5.513~2-b5f4cf]:main():gmm-acc-stats-ali.cc:79) No alignment for utterance 3e61c710-f035-4dbd-8d03-aa796c1ce8c6-14020314
WARNING (gmm-acc-stats-ali[5.5.513~2-b5f4cf]:main():gmm-acc-stats-ali.cc:79) No alignment for utterance 3e61c710-f035-4dbd-8d03-aa796c1ce8c6-19769924
WARNING (gmm-acc-stats-ali[5.5.513~2-b5f4cf]:main():gmm-acc-stats-ali.cc:79) No alignment for utterance 3e61c710-f035-4dbd-8d03-aa796c1ce8c6-19813744
WARNING (gmm-acc-stats-ali[5.5.513~2-b5f4cf]:main():gmm-acc-stats-ali.cc:79) No alignment for utterance 3e61c710-f035-4dbd-8d03-aa796c1ce8c6-28916394
WARNING (gmm-acc-stats-ali[5.5.513~2-b5f4cf]:main():gmm-acc-stats-ali.cc:79) No alignment for utterance 3e61c710-f035-4dbd-8d03-aa796c1ce8c6-31336664
WARNING (gmm-acc-stats-ali[5.5.513~2-b5f4cf]:main():gmm-acc-stats-ali.cc:79) No alignment for utterance 3e61c710-f035-4dbd-8d03-aa796c1ce8c6-32834144
LOG (gmm-acc-stats-ali[5.5.513~2-b5f4cf]:main():gmm-acc-stats-ali.cc:105) Processed 1100 utterances; for utterance 3e61c710-f035-4dbd-8d03-aa796c1ce8c6-33559248 avg. like is -96.1872 over 898 frames.
WARNING (gmm-acc-stats-ali[5.5.513~2-b5f4cf]:main():gmm-acc-stats-ali.cc:79) No alignment for utterance 3e61c710-f035-4dbd-8d03-aa796c1ce8c6-33928644
WARNING (gmm-acc-stats-ali[5.5.513~2-b5f4cf]:main():gmm-acc-stats-ali.cc:79) No alignment for utterance 3e61c710-f035-4dbd-8d03-aa796c1ce8c6-34736549
WARNING (gmm-acc-stats-ali[5.5.513~2-b5f4cf]:main():gmm-acc-stats-ali.cc:79) No alignment for utterance 3e61c710-f035-4dbd-8d03-aa796c1ce8c6-35549634
WARNING (gmm-acc-stats-ali[5.5.513~2-b5f4cf]:main():gmm-acc-stats-ali.cc:79) No alignment for utterance 3e61c710-f035-4dbd-8d03-aa796c1ce8c6-36074189
WARNING (gmm-acc-stats-ali[5.5.513~2-b5f4cf]:main():gmm-acc-stats-ali.cc:79) No alignment for utterance 3e61c710-f035-4dbd-8d03-aa796c1ce8c6-38261204
WARNING (gmm-acc-stats-ali[5.5.513~2-b5f4cf]:main():gmm-acc-stats-ali.cc:79) No alignment for utterance 3e61c710-f035-4dbd-8d03-aa796c1ce8c6-39417824
WARNING (gmm-acc-stats-ali[5.5.513~2-b5f4cf]:main():gmm-acc-stats-ali.cc:79) No alignment for utterance 3e61c710-f035-4dbd-8d03-aa796c1ce8c6-39950524
WARNING (gmm-acc-stats-ali[5.5.513~2-b5f4cf]:main():gmm-acc-stats-ali.cc:79) No alignment for utterance 3e61c710-f035-4dbd-8d03-aa796c1ce8c6-40128534
WARNING (gmm-acc-stats-ali[5.5.513~2-b5f4cf]:main():gmm-acc-stats-ali.cc:79) No alignment for utterance 3e61c710-f035-4dbd-8d03-aa796c1ce8c6-43060829
WARNING (gmm-acc-stats-ali[5.5.513~2-b5f4cf]:main():gmm-acc-stats-ali.cc:79) No alignment for utterance 3e61c710-f035-4dbd-8d03-aa796c1ce8c6-43071414
WARNING (gmm-acc-stats-ali[5.5.513~2-b5f4cf]:main():gmm-acc-stats-ali.cc:79) No alignment for utterance 3e61c710-f035-4dbd-8d03-aa796c1ce8c6-44857029
WARNING (gmm-acc-stats-ali[5.5.513~2-b5f4cf]:main():gmm-acc-stats-ali.cc:79) No alignment for utterance 3e61c710-f035-4dbd-8d03-aa796c1ce8c6-44974154
WARNING (gmm-acc-stats-ali[5.5.513~2-b5f4cf]:main():gmm-acc-stats-ali.cc:79) No alignment for utterance 3e61c710-f035-4dbd-8d03-aa796c1ce8c6-4652269
WARNING (gmm-acc-stats-ali[5.5.513~2-b5f4cf]:main():gmm-acc-stats-ali.cc:79) No alignment for utterance 3e61c710-f035-4dbd-8d03-aa796c1ce8c6-4666259
LOG (gmm-acc-stats-ali[5.5.513~2-b5f4cf]:main():gmm-acc-stats-ali.cc:105) Processed 1150 utterances; for utterance 3e61c710-f035-4dbd-8d03-aa796c1ce8c6-47718078 avg. like is -96.9776 over 858 frames.
WARNING (gmm-acc-stats-ali[5.5.513~2-b5f4cf]:main():gmm-acc-stats-ali.cc:79) No alignment for utterance 3e61c710-f035-4dbd-8d03-aa796c1ce8c6-47718079
WARNING (gmm-acc-stats-ali[5.5.513~2-b5f4cf]:main():gmm-acc-stats-ali.cc:79) No alignment for utterance 3e61c710-f035-4dbd-8d03-aa796c1ce8c6-52112234
WARNING (gmm-acc-stats-ali[5.5.513~2-b5f4cf]:main():gmm-acc-stats-ali.cc:79) No alignment for utterance 3e61c710-f035-4dbd-8d03-aa796c1ce8c6-62240989
WARNING (gmm-acc-stats-ali[5.5.513~2-b5f4cf]:main():gmm-acc-stats-ali.cc:79) No alignment for utterance 3e61c710-f035-4dbd-8d03-aa796c1ce8c6-64215859
WARNING (gmm-acc-stats-ali[5.5.513~2-b5f4cf]:main():gmm-acc-stats-ali.cc:79) No alignment for utterance 3e61c710-f035-4dbd-8d03-aa796c1ce8c6-64222759
WARNING (gmm-acc-stats-ali[5.5.513~2-b5f4cf]:main():gmm-acc-stats-ali.cc:79) No alignment for utterance 3e61c710-f035-4dbd-8d03-aa796c1ce8c6-64748904
WARNING (gmm-acc-stats-ali[5.5.513~2-b5f4cf]:main():gmm-acc-stats-ali.cc:79) No alignment for utterance 3e61c710-f035-4dbd-8d03-aa796c1ce8c6-66632569
WARNING (gmm-acc-stats-ali[5.5.513~2-b5f4cf]:main():gmm-acc-stats-ali.cc:79) No alignment for utterance 3e61c710-f035-4dbd-8d03-aa796c1ce8c6-67655909
WARNING (gmm-acc-stats-ali[5.5.513~2-b5f4cf]:main():gmm-acc-stats-ali.cc:79) No alignment for utterance 3e61c710-f035-4dbd-8d03-aa796c1ce8c6-68740694
WARNING (gmm-acc-stats-ali[5.5.513~2-b5f4cf]:main():gmm-acc-stats-ali.cc:79) No alignment for utterance 3e61c710-f035-4dbd-8d03-aa796c1ce8c6-69921629
WARNING (gmm-acc-stats-ali[5.5.513~2-b5f4cf]:main():gmm-acc-stats-ali.cc:79) No alignment for utterance 3e61c710-f035-4dbd-8d03-aa796c1ce8c6-71220184
WARNING (gmm-acc-stats-ali[5.5.513~2-b5f4cf]:main():gmm-acc-stats-ali.cc:79) No alignment for utterance 3e61c710-f035-4dbd-8d03-aa796c1ce8c6-71246284
WARNING (gmm-acc-stats-ali[5.5.513~2-b5f4cf]:main():gmm-acc-stats-ali.cc:79) No alignment for utterance 3e61c710-f035-4dbd-8d03-aa796c1ce8c6-72019764
WARNING (gmm-acc-stats-ali[5.5.513~2-b5f4cf]:main():gmm-acc-stats-ali.cc:79) No alignment for utterance 3e61c710-f035-4dbd-8d03-aa796c1ce8c6-72851929
WARNING (gmm-acc-stats-ali[5.5.513~2-b5f4cf]:main():gmm-acc-stats-ali.cc:79) No alignment for utterance 3e61c710-f035-4dbd-8d03-aa796c1ce8c6-72961574
WARNING (gmm-acc-stats-ali[5.5.513~2-b5f4cf]:main():gmm-acc-stats-ali.cc:79) No alignment for utterance 3e61c710-f035-4dbd-8d03-aa796c1ce8c6-73359664
LOG (gmm-acc-stats-ali[5.5.513~2-b5f4cf]:main():gmm-acc-stats-ali.cc:105) Processed 1200 utterances; for utterance 3e61c710-f035-4dbd-8d03-aa796c1ce8c6-73359665 avg. like is -97.8543 over 1128 frames.
WARNING (gmm-acc-stats-ali[5.5.513~2-b5f4cf]:main():gmm-acc-stats-ali.cc:79) No alignment for utterance 3e61c710-f035-4dbd-8d03-aa796c1ce8c6-74925194
WARNING (gmm-acc-stats-ali[5.5.513~2-b5f4cf]:main():gmm-acc-stats-ali.cc:79) No alignment for utterance 3e61c710-f035-4dbd-8d03-aa796c1ce8c6-76072644
WARNING (gmm-acc-stats-ali[5.5.513~2-b5f4cf]:main():gmm-acc-stats-ali.cc:79) No alignment for utterance 3e61c710-f035-4dbd-8d03-aa796c1ce8c6-77866979
LOG (gmm-acc-stats-ali[5.5.513~2-b5f4cf]:main():gmm-acc-stats-ali.cc:105) Processed 1250 utterances; for utterance 3e61c710-f035-4dbd-8d03-aa796c1ce8c6-83037791 avg. like is -99.8769 over 248 frames.
LOG (gmm-acc-stats-ali[5.5.513~2-b5f4cf]:main():gmm-acc-stats-ali.cc:105) Processed 1300 utterances; for utterance 3e61c710-f035-4dbd-8d03-aa796c1ce8c6-86718149 avg. like is -125.355 over 218 frames.
LOG (gmm-acc-stats-ali[5.5.513~2-b5f4cf]:main():gmm-acc-stats-ali.cc:105) Processed 1350 utterances; for utterance 3e61c710-f035-4dbd-8d03-aa796c1ce8c6-94221121 avg. like is -98.7168 over 298 frames.
WARNING (gmm-acc-stats-ali[5.5.513~2-b5f4cf]:main():gmm-acc-stats-ali.cc:79) No alignment for utterance 3e61c710-f035-4dbd-8d03-aa796c1ce8c6-95241789
LOG (gmm-acc-stats-ali[5.5.513~2-b5f4cf]:main():gmm-acc-stats-ali.cc:105) Processed 1400 utterances; for utterance 40088f11-59e8-485c-bb06-f2467a2eb043-1469590 avg. like is -97.0801 over 1228 frames.
LOG (gmm-acc-stats-ali[5.5.513~2-b5f4cf]:main():gmm-acc-stats-ali.cc:105) Processed 1450 utterances; for utterance 40088f11-59e8-485c-bb06-f2467a2eb043-33568940 avg. like is -97.1317 over 968 frames.
LOG (gmm-acc-stats-ali[5.5.513~2-b5f4cf]:main():gmm-acc-stats-ali.cc:105) Processed 1500 utterances; for utterance 40088f11-59e8-485c-bb06-f2467a2eb043-52028940 avg. like is -97.7873 over 2168 frames.
LOG (gmm-acc-stats-ali[5.5.513~2-b5f4cf]:main():gmm-acc-stats-ali.cc:105) Processed 1550 utterances; for utterance 40088f11-59e8-485c-bb06-f2467a2eb043-75171790 avg. like is -92.9962 over 328 frames.
LOG (gmm-acc-stats-ali[5.5.513~2-b5f4cf]:main():gmm-acc-stats-ali.cc:105) Processed 1600 utterances; for utterance 40088f11-59e8-485c-bb06-f2467a2eb043-82833075 avg. like is -87.816 over 288 frames.
LOG (gmm-acc-stats-ali[5.5.513~2-b5f4cf]:main():gmm-acc-stats-ali.cc:105) Processed 1650 utterances; for utterance 40088f11-59e8-485c-bb06-f2467a2eb043-87938775 avg. like is -85.4381 over 248 frames.
LOG (gmm-acc-stats-ali[5.5.513~2-b5f4cf]:main():gmm-acc-stats-ali.cc:105) Processed 1700 utterances; for utterance 40088f11-59e8-485c-bb06-f2467a2eb043-94133540 avg. like is -89.1866 over 278 frames.
LOG (gmm-acc-stats-ali[5.5.513~2-b5f4cf]:main():gmm-acc-stats-ali.cc:105) Processed 1750 utterances; for utterance 408d587b-1c17-49ad-9844-f7fe83773fd5-11650475 avg. like is -92.1847 over 428 frames.
LOG (gmm-acc-stats-ali[5.5.513~2-b5f4cf]:main():gmm-acc-stats-ali.cc:105) Processed 1800 utterances; for utterance 408d587b-1c17-49ad-9844-f7fe83773fd5-20231445 avg. like is -91.7195 over 368 frames.
LOG (gmm-acc-stats-ali[5.5.513~2-b5f4cf]:main():gmm-acc-stats-ali.cc:105) Processed 1850 utterances; for utterance 408d587b-1c17-49ad-9844-f7fe83773fd5-32730710 avg. like is -94.7194 over 578 frames.
LOG (gmm-acc-stats-ali[5.5.513~2-b5f4cf]:main():gmm-acc-stats-ali.cc:105) Processed 1900 utterances; for utterance 408d587b-1c17-49ad-9844-f7fe83773fd5-39866050 avg. like is -97.8572 over 1238 frames.
LOG (gmm-acc-stats-ali[5.5.513~2-b5f4cf]:main():gmm-acc-stats-ali.cc:105) Processed 1950 utterances; for utterance 408d587b-1c17-49ad-9844-f7fe83773fd5-55843825 avg. like is -98.3474 over 888 frames.
LOG (gmm-acc-stats-ali[5.5.513~2-b5f4cf]:main():gmm-acc-stats-ali.cc:105) Processed 2000 utterances; for utterance 408d587b-1c17-49ad-9844-f7fe83773fd5-69733405 avg. like is -92.6585 over 388 frames.
LOG (gmm-acc-stats-ali[5.5.513~2-b5f4cf]:main():gmm-acc-stats-ali.cc:105) Processed 2050 utterances; for utterance 408d587b-1c17-49ad-9844-f7fe83773fd5-73749370 avg. like is -98.5355 over 1038 frames.
LOG (gmm-acc-stats-ali[5.5.513~2-b5f4cf]:main():gmm-acc-stats-ali.cc:105) Processed 2100 utterances; for utterance 419e9859-9049-467d-bfb8-05429598ddfc-26723711 avg. like is -99.0278 over 388 frames.
LOG (gmm-acc-stats-ali[5.5.513~2-b5f4cf]:main():gmm-acc-stats-ali.cc:105) Processed 2150 utterances; for utterance 419e9859-9049-467d-bfb8-05429598ddfc-76166551 avg. like is -99.6275 over 278 frames.
LOG (gmm-acc-stats-ali[5.5.513~2-b5f4cf]:main():gmm-acc-stats-ali.cc:105) Processed 2200 utterances; for utterance 419e9859-9049-467d-bfb8-05429598ddfc-79528256 avg. like is -90.3119 over 158 frames.
LOG (gmm-acc-stats-ali[5.5.513~2-b5f4cf]:main():gmm-acc-stats-ali.cc:105) Processed 2250 utterances; for utterance 419e9859-9049-467d-bfb8-05429598ddfc-82071721 avg. like is -89.8185 over 148 frames.
LOG (gmm-acc-stats-ali[5.5.513~2-b5f4cf]:main():gmm-acc-stats-ali.cc:105) Processed 2300 utterances; for utterance 419e9859-9049-467d-bfb8-05429598ddfc-84336751 avg. like is -93.749 over 148 frames.
LOG (gmm-acc-stats-ali[5.5.513~2-b5f4cf]:main():gmm-acc-stats-ali.cc:105) Processed 2350 utterances; for utterance 419e9859-9049-467d-bfb8-05429598ddfc-85673661 avg. like is -97.8535 over 238 frames.
LOG (gmm-acc-stats-ali[5.5.513~2-b5f4cf]:main():gmm-acc-stats-ali.cc:105) Processed 2400 utterances; for utterance 419e9859-9049-467d-bfb8-05429598ddfc-88358391 avg. like is -95.8844 over 168 frames.
LOG (gmm-acc-stats-ali[5.5.513~2-b5f4cf]:main():gmm-acc-stats-ali.cc:105) Processed 2450 utterances; for utterance 419e9859-9049-467d-bfb8-05429598ddfc-90136581 avg. like is -95.3428 over 298 frames.
LOG (gmm-acc-stats-ali[5.5.513~2-b5f4cf]:main():gmm-acc-stats-ali.cc:105) Processed 2500 utterances; for utterance 419e9859-9049-467d-bfb8-05429598ddfc-91471436 avg. like is -95.1691 over 198 frames.
LOG (gmm-acc-stats-ali[5.5.513~2-b5f4cf]:main():gmm-acc-stats-ali.cc:105) Processed 2550 utterances; for utterance 419e9859-9049-467d-bfb8-05429598ddfc-93173086 avg. like is -95.5403 over 218 frames.
LOG (gmm-acc-stats-ali[5.5.513~2-b5f4cf]:main():gmm-acc-stats-ali.cc:105) Processed 2600 utterances; for utterance 421c398b-b9e6-41e0-99a0-04f5091059f7-11568411 avg. like is -93.6912 over 1308 frames.
LOG (gmm-acc-stats-ali[5.5.513~2-b5f4cf]:main():gmm-acc-stats-ali.cc:105) Processed 2650 utterances; for utterance 421c398b-b9e6-41e0-99a0-04f5091059f7-12759831 avg. like is -95.7153 over 788 frames.
LOG (gmm-acc-stats-ali[5.5.513~2-b5f4cf]:main():gmm-acc-stats-ali.cc:105) Processed 2700 utterances; for utterance 421c398b-b9e6-41e0-99a0-04f5091059f7-20974366 avg. like is -96.1328 over 588 frames.
LOG (gmm-acc-stats-ali[5.5.513~2-b5f4cf]:main():gmm-acc-stats-ali.cc:105) Processed 2750 utterances; for utterance 421c398b-b9e6-41e0-99a0-04f5091059f7-36821261 avg. like is -100.592 over 2878 frames.
LOG (gmm-acc-stats-ali[5.5.513~2-b5f4cf]:main():gmm-acc-stats-ali.cc:105) Processed 2800 utterances; for utterance 421c398b-b9e6-41e0-99a0-04f5091059f7-56823896 avg. like is -99.3483 over 1268 frames.
LOG (gmm-acc-stats-ali[5.5.513~2-b5f4cf]:main():gmm-acc-stats-ali.cc:105) Processed 2850 utterances; for utterance 42f59261-3e0d-4f70-a7d3-182b92fe721f-11340106 avg. like is -102.215 over 528 frames.
LOG (gmm-acc-stats-ali[5.5.513~2-b5f4cf]:main():gmm-acc-stats-ali.cc:105) Processed 2900 utterances; for utterance 42f59261-3e0d-4f70-a7d3-182b92fe721f-15874136 avg. like is -102.462 over 578 frames.
LOG (gmm-acc-stats-ali[5.5.513~2-b5f4cf]:main():gmm-acc-stats-ali.cc:105) Processed 2950 utterances; for utterance 42f59261-3e0d-4f70-a7d3-182b92fe721f-22124996 avg. like is -100.739 over 898 frames.
LOG (gmm-acc-stats-ali[5.5.513~2-b5f4cf]:main():gmm-acc-stats-ali.cc:105) Processed 3000 utterances; for utterance 42f59261-3e0d-4f70-a7d3-182b92fe721f-24374586 avg. like is -102.126 over 758 frames.
LOG (gmm-acc-stats-ali[5.5.513~2-b5f4cf]:main():gmm-acc-stats-ali.cc:105) Processed 3050 utterances; for utterance 42f59261-3e0d-4f70-a7d3-182b92fe721f-30422101 avg. like is -104.089 over 218 frames.
LOG (gmm-acc-stats-ali[5.5.513~2-b5f4cf]:main():gmm-acc-stats-ali.cc:105) Processed 3100 utterances; for utterance 42f59261-3e0d-4f70-a7d3-182b92fe721f-39834041 avg. like is -101.96 over 1158 frames.
LOG (gmm-acc-stats-ali[5.5.513~2-b5f4cf]:main():gmm-acc-stats-ali.cc:105) Processed 3150 utterances; for utterance 42f59261-3e0d-4f70-a7d3-182b92fe721f-51213726 avg. like is -103.676 over 1118 frames.
LOG (gmm-acc-stats-ali[5.5.513~2-b5f4cf]:main():gmm-acc-stats-ali.cc:105) Processed 3200 utterances; for utterance 42f59261-3e0d-4f70-a7d3-182b92fe721f-5916331 avg. like is -103.162 over 398 frames.
LOG (gmm-acc-stats-ali[5.5.513~2-b5f4cf]:main():gmm-acc-stats-ali.cc:105) Processed 3250 utterances; for utterance 42f59261-3e0d-4f70-a7d3-182b92fe721f-68173551 avg. like is -101.655 over 958 frames.
LOG (gmm-acc-stats-ali[5.5.513~2-b5f4cf]:main():gmm-acc-stats-ali.cc:105) Processed 3300 utterances; for utterance 42f59261-3e0d-4f70-a7d3-182b92fe721f-73067001 avg. like is -101.611 over 448 frames.
LOG (gmm-acc-stats-ali[5.5.513~2-b5f4cf]:main():gmm-acc-stats-ali.cc:105) Processed 3350 utterances; for utterance 43258a4f-efdd-4f7c-a9c7-0aa991acfa33-10720286 avg. like is -98.8648 over 408 frames.
LOG (gmm-acc-stats-ali[5.5.513~2-b5f4cf]:main():gmm-acc-stats-ali.cc:105) Processed 3400 utterances; for utterance 43258a4f-efdd-4f7c-a9c7-0aa991acfa33-13038841 avg. like is -101.734 over 818 frames.
WARNING (gmm-acc-stats-ali[5.5.513~2-b5f4cf]:main():gmm-acc-stats-ali.cc:79) No alignment for utterance 43258a4f-efdd-4f7c-a9c7-0aa991acfa33-19248832
WARNING (gmm-acc-stats-ali[5.5.513~2-b5f4cf]:main():gmm-acc-stats-ali.cc:79) No alignment for utterance 43258a4f-efdd-4f7c-a9c7-0aa991acfa33-19248835
LOG (gmm-acc-stats-ali[5.5.513~2-b5f4cf]:main():gmm-acc-stats-ali.cc:105) Processed 3450 utterances; for utterance 43258a4f-efdd-4f7c-a9c7-0aa991acfa33-19255653 avg. like is -94.2885 over 1628 frames.
LOG (gmm-acc-stats-ali[5.5.513~2-b5f4cf]:main():gmm-acc-stats-ali.cc:105) Processed 3500 utterances; for utterance 43258a4f-efdd-4f7c-a9c7-0aa991acfa33-24961148 avg. like is -94.2069 over 1448 frames.
LOG (gmm-acc-stats-ali[5.5.513~2-b5f4cf]:main():gmm-acc-stats-ali.cc:105) Processed 3550 utterances; for utterance 43258a4f-efdd-4f7c-a9c7-0aa991acfa33-29859733 avg. like is -95.4742 over 2298 frames.
LOG (gmm-acc-stats-ali[5.5.513~2-b5f4cf]:main():gmm-acc-stats-ali.cc:105) Processed 3600 utterances; for utterance 43258a4f-efdd-4f7c-a9c7-0aa991acfa33-32873863 avg. like is -95.4176 over 1638 frames.
LOG (gmm-acc-stats-ali[5.5.513~2-b5f4cf]:main():gmm-acc-stats-ali.cc:105) Processed 3650 utterances; for utterance 43258a4f-efdd-4f7c-a9c7-0aa991acfa33-42956378 avg. like is -93.1229 over 458 frames.
LOG (gmm-acc-stats-ali[5.5.513~2-b5f4cf]:main():gmm-acc-stats-ali.cc:105) Processed 3700 utterances; for utterance 43258a4f-efdd-4f7c-a9c7-0aa991acfa33-50120138 avg. like is -94.2574 over 1188 frames.
LOG (gmm-acc-stats-ali[5.5.513~2-b5f4cf]:main():gmm-acc-stats-ali.cc:105) Processed 3750 utterances; for utterance 43258a4f-efdd-4f7c-a9c7-0aa991acfa33-55635108 avg. like is -94.2656 over 1188 frames.
LOG (gmm-acc-stats-ali[5.5.513~2-b5f4cf]:main():gmm-acc-stats-ali.cc:105) Processed 3800 utterances; for utterance 43258a4f-efdd-4f7c-a9c7-0aa991acfa33-63415488 avg. like is -89.8353 over 538 frames.
LOG (gmm-acc-stats-ali[5.5.513~2-b5f4cf]:main():gmm-acc-stats-ali.cc:105) Processed 3850 utterances; for utterance 43258a4f-efdd-4f7c-a9c7-0aa991acfa33-69932893 avg. like is -95.2642 over 948 frames.
LOG (gmm-acc-stats-ali[5.5.513~2-b5f4cf]:main():gmm-acc-stats-ali.cc:105) Processed 3900 utterances; for utterance 43258a4f-efdd-4f7c-a9c7-0aa991acfa33-72735908 avg. like is -89.7309 over 558 frames.
LOG (gmm-acc-stats-ali[5.5.513~2-b5f4cf]:main():gmm-acc-stats-ali.cc:105) Processed 3950 utterances; for utterance 43258a4f-efdd-4f7c-a9c7-0aa991acfa33-7532393 avg. like is -96.4106 over 1558 frames.
LOG (gmm-acc-stats-ali[5.5.513~2-b5f4cf]:main():gmm-acc-stats-ali.cc:105) Processed 4000 utterances; for utterance 43258a4f-efdd-4f7c-a9c7-0aa991acfa33-79218633 avg. like is -90.4745 over 248 frames.
LOG (gmm-acc-stats-ali[5.5.513~2-b5f4cf]:main():gmm-acc-stats-ali.cc:105) Processed 4050 utterances; for utterance 43258a4f-efdd-4f7c-a9c7-0aa991acfa33-80749218 avg. like is -83.92 over 168 frames.
LOG (gmm-acc-stats-ali[5.5.513~2-b5f4cf]:main():gmm-acc-stats-ali.cc:105) Processed 4100 utterances; for utterance 43258a4f-efdd-4f7c-a9c7-0aa991acfa33-81537748 avg. like is -85.3742 over 178 frames.
LOG (gmm-acc-stats-ali[5.5.513~2-b5f4cf]:main():gmm-acc-stats-ali.cc:105) Processed 4150 utterances; for utterance 43258a4f-efdd-4f7c-a9c7-0aa991acfa33-83045128 avg. like is -93.2667 over 238 frames.
LOG (gmm-acc-stats-ali[5.5.513~2-b5f4cf]:main():gmm-acc-stats-ali.cc:105) Processed 4200 utterances; for utterance 43258a4f-efdd-4f7c-a9c7-0aa991acfa33-84821388 avg. like is -90.2136 over 208 frames.
LOG (gmm-acc-stats-ali[5.5.513~2-b5f4cf]:main():gmm-acc-stats-ali.cc:105) Processed 4250 utterances; for utterance 43258a4f-efdd-4f7c-a9c7-0aa991acfa33-85966003 avg. like is -89.9339 over 218 frames.
LOG (gmm-acc-stats-ali[5.5.513~2-b5f4cf]:main():gmm-acc-stats-ali.cc:105) Processed 4300 utterances; for utterance 43258a4f-efdd-4f7c-a9c7-0aa991acfa33-869673 avg. like is -95.9512 over 1258 frames.
LOG (gmm-acc-stats-ali[5.5.513~2-b5f4cf]:main():gmm-acc-stats-ali.cc:105) Processed 4350 utterances; for utterance 43258a4f-efdd-4f7c-a9c7-0aa991acfa33-88415563 avg. like is -89.3474 over 298 frames.
LOG (gmm-acc-stats-ali[5.5.513~2-b5f4cf]:main():gmm-acc-stats-ali.cc:105) Processed 4400 utterances; for utterance 43258a4f-efdd-4f7c-a9c7-0aa991acfa33-90421328 avg. like is -89.422 over 208 frames.
LOG (gmm-acc-stats-ali[5.5.513~2-b5f4cf]:main():gmm-acc-stats-ali.cc:105) Processed 4450 utterances; for utterance 43258a4f-efdd-4f7c-a9c7-0aa991acfa33-92155993 avg. like is -92.1682 over 278 frames.
LOG (gmm-acc-stats-ali[5.5.513~2-b5f4cf]:main():gmm-acc-stats-ali.cc:105) Processed 4500 utterances; for utterance 43258a4f-efdd-4f7c-a9c7-0aa991acfa33-93541648 avg. like is -89.2397 over 218 frames.
LOG (gmm-acc-stats-ali[5.5.513~2-b5f4cf]:main():gmm-acc-stats-ali.cc:105) Processed 4550 utterances; for utterance 490b4be1-8287-4e72-89ba-96c82f6efafd-10445998 avg. like is -92.9951 over 608 frames.
LOG (gmm-acc-stats-ali[5.5.513~2-b5f4cf]:main():gmm-acc-stats-ali.cc:105) Processed 4600 utterances; for utterance 490b4be1-8287-4e72-89ba-96c82f6efafd-19712663 avg. like is -95.3413 over 688 frames.
LOG (gmm-acc-stats-ali[5.5.513~2-b5f4cf]:main():gmm-acc-stats-ali.cc:105) Processed 4650 utterances; for utterance 490b4be1-8287-4e72-89ba-96c82f6efafd-26952093 avg. like is -96.5634 over 1868 frames.
LOG (gmm-acc-stats-ali[5.5.513~2-b5f4cf]:main():gmm-acc-stats-ali.cc:105) Processed 4700 utterances; for utterance 490b4be1-8287-4e72-89ba-96c82f6efafd-34859723 avg. like is -93.9453 over 1018 frames.
LOG (gmm-acc-stats-ali[5.5.513~2-b5f4cf]:main():gmm-acc-stats-ali.cc:105) Processed 4750 utterances; for utterance 490b4be1-8287-4e72-89ba-96c82f6efafd-4541473 avg. like is -94.945 over 1338 frames.
LOG (gmm-acc-stats-ali[5.5.513~2-b5f4cf]:main():gmm-acc-stats-ali.cc:105) Processed 4800 utterances; for utterance 490b4be1-8287-4e72-89ba-96c82f6efafd-55935268 avg. like is -93.9055 over 808 frames.
LOG (gmm-acc-stats-ali[5.5.513~2-b5f4cf]:main():gmm-acc-stats-ali.cc:105) Processed 4850 utterances; for utterance 490b4be1-8287-4e72-89ba-96c82f6efafd-6747953 avg. like is -95.0742 over 968 frames.
LOG (gmm-acc-stats-ali[5.5.513~2-b5f4cf]:main():gmm-acc-stats-ali.cc:105) Processed 4900 utterances; for utterance 490b4be1-8287-4e72-89ba-96c82f6efafd-71163143 avg. like is -90.7713 over 328 frames.
LOG (gmm-acc-stats-ali[5.5.513~2-b5f4cf]:main():gmm-acc-stats-ali.cc:105) Processed 4950 utterances; for utterance 490b4be1-8287-4e72-89ba-96c82f6efafd-9172158 avg. like is -95.5984 over 1398 frames.
LOG (gmm-acc-stats-ali[5.5.513~2-b5f4cf]:main():gmm-acc-stats-ali.cc:105) Processed 5000 utterances; for utterance 4949b628-9766-4177-8da5-e8c3a7c28361-12127663 avg. like is -96.4402 over 1108 frames.
LOG (gmm-acc-stats-ali[5.5.513~2-b5f4cf]:main():gmm-acc-stats-ali.cc:105) Processed 5050 utterances; for utterance 4949b628-9766-4177-8da5-e8c3a7c28361-2118568 avg. like is -98.3478 over 1178 frames.
LOG (gmm-acc-stats-ali[5.5.513~2-b5f4cf]:main():gmm-acc-stats-ali.cc:105) Processed 5100 utterances; for utterance 4949b628-9766-4177-8da5-e8c3a7c28361-27767603 avg. like is -92.9671 over 548 frames.
LOG (gmm-acc-stats-ali[5.5.513~2-b5f4cf]:main():gmm-acc-stats-ali.cc:105) Processed 5150 utterances; for utterance 4949b628-9766-4177-8da5-e8c3a7c28361-37244083 avg. like is -99.0713 over 2638 frames.
LOG (gmm-acc-stats-ali[5.5.513~2-b5f4cf]:main():gmm-acc-stats-ali.cc:105) Processed 5200 utterances; for utterance 4949b628-9766-4177-8da5-e8c3a7c28361-4674003 avg. like is -96.6522 over 858 frames.
LOG (gmm-acc-stats-ali[5.5.513~2-b5f4cf]:main():gmm-acc-stats-ali.cc:105) Processed 5250 utterances; for utterance 4949b628-9766-4177-8da5-e8c3a7c28361-6017213 avg. like is -94.7583 over 578 frames.
LOG (gmm-acc-stats-ali[5.5.513~2-b5f4cf]:main():gmm-acc-stats-ali.cc:105) Processed 5300 utterances; for utterance 4949b628-9766-4177-8da5-e8c3a7c28361-72815318 avg. like is -93.3993 over 548 frames.
LOG (gmm-acc-stats-ali[5.5.513~2-b5f4cf]:main():gmm-acc-stats-ali.cc:105) Processed 5350 utterances; for utterance 4949b628-9766-4177-8da5-e8c3a7c28361-9933353 avg. like is -92.962 over 498 frames.
LOG (gmm-acc-stats-ali[5.5.513~2-b5f4cf]:main():gmm-acc-stats-ali.cc:105) Processed 5400 utterances; for utterance 4e0b807a-a16d-4fd9-b3c8-b51127a48ad8-16232023 avg. like is -92.114 over 728 frames.
LOG (gmm-acc-stats-ali[5.5.513~2-b5f4cf]:main():gmm-acc-stats-ali.cc:105) Processed 5450 utterances; for utterance 4e0b807a-a16d-4fd9-b3c8-b51127a48ad8-27050358 avg. like is -95.7173 over 1768 frames.
LOG (gmm-acc-stats-ali[5.5.513~2-b5f4cf]:main():gmm-acc-stats-ali.cc:105) Processed 5500 utterances; for utterance 4e0b807a-a16d-4fd9-b3c8-b51127a48ad8-40568308 avg. like is -95.5548 over 1838 frames.
LOG (gmm-acc-stats-ali[5.5.513~2-b5f4cf]:main():gmm-acc-stats-ali.cc:105) Processed 5550 utterances; for utterance 4e0b807a-a16d-4fd9-b3c8-b51127a48ad8-5032693 avg. like is -95.4253 over 968 frames.
LOG (gmm-acc-stats-ali[5.5.513~2-b5f4cf]:main():gmm-acc-stats-ali.cc:105) Processed 5600 utterances; for utterance 4e0b807a-a16d-4fd9-b3c8-b51127a48ad8-67129928 avg. like is -95.5763 over 2148 frames.
LOG (gmm-acc-stats-ali[5.5.513~2-b5f4cf]:main():gmm-acc-stats-ali.cc:105) Processed 5650 utterances; for utterance 4e0b807a-a16d-4fd9-b3c8-b51127a48ad8-77556668 avg. like is -95.1803 over 938 frames.
LOG (gmm-acc-stats-ali[5.5.513~2-b5f4cf]:main():gmm-acc-stats-ali.cc:105) Processed 5700 utterances; for utterance 4e0b807a-a16d-4fd9-b3c8-b51127a48ad8-81541003 avg. like is -88.7623 over 218 frames.
LOG (gmm-acc-stats-ali[5.5.513~2-b5f4cf]:main():gmm-acc-stats-ali.cc:105) Processed 5750 utterances; for utterance 4e0b807a-a16d-4fd9-b3c8-b51127a48ad8-86813398 avg. like is -88.1569 over 308 frames.
LOG (gmm-acc-stats-ali[5.5.513~2-b5f4cf]:main():gmm-acc-stats-ali.cc:105) Processed 5800 utterances; for utterance 4e0b807a-a16d-4fd9-b3c8-b51127a48ad8-89127913 avg. like is -87.6968 over 278 frames.
LOG (gmm-acc-stats-ali[5.5.513~2-b5f4cf]:main():gmm-acc-stats-ali.cc:105) Processed 5850 utterances; for utterance 4e0b807a-a16d-4fd9-b3c8-b51127a48ad8-92737953 avg. like is -85.7895 over 228 frames.
LOG (gmm-acc-stats-ali[5.5.513~2-b5f4cf]:main():gmm-acc-stats-ali.cc:105) Processed 5900 utterances; for utterance 4fb19a30-d03b-4ddd-ba1b-fe9ee9498b31-10326208 avg. like is -98.0097 over 1348 frames.
LOG (gmm-acc-stats-ali[5.5.513~2-b5f4cf]:main():gmm-acc-stats-ali.cc:105) Processed 5950 utterances; for utterance 4fb19a30-d03b-4ddd-ba1b-fe9ee9498b31-13417878 avg. like is -97.6496 over 1088 frames.
LOG (gmm-acc-stats-ali[5.5.513~2-b5f4cf]:main():gmm-acc-stats-ali.cc:105) Processed 6000 utterances; for utterance 4fb19a30-d03b-4ddd-ba1b-fe9ee9498b31-18563168 avg. like is -94.6582 over 938 frames.
LOG (gmm-acc-stats-ali[5.5.513~2-b5f4cf]:main():gmm-acc-stats-ali.cc:105) Processed 6050 utterances; for utterance 4fb19a30-d03b-4ddd-ba1b-fe9ee9498b31-22358363 avg. like is -98.7381 over 538 frames.
LOG (gmm-acc-stats-ali[5.5.513~2-b5f4cf]:main():gmm-acc-stats-ali.cc:105) Processed 6100 utterances; for utterance 4fb19a30-d03b-4ddd-ba1b-fe9ee9498b31-27252848 avg. like is -97.2436 over 1348 frames.
LOG (gmm-acc-stats-ali[5.5.513~2-b5f4cf]:main():gmm-acc-stats-ali.cc:105) Processed 6150 utterances; for utterance 4fb19a30-d03b-4ddd-ba1b-fe9ee9498b31-28713298 avg. like is -98.3925 over 628 frames.
LOG (gmm-acc-stats-ali[5.5.513~2-b5f4cf]:main():gmm-acc-stats-ali.cc:105) Processed 6200 utterances; for utterance 4fb19a30-d03b-4ddd-ba1b-fe9ee9498b31-32838533 avg. like is -98.4216 over 1588 frames.
LOG (gmm-acc-stats-ali[5.5.513~2-b5f4cf]:main():gmm-acc-stats-ali.cc:105) Processed 6250 utterances; for utterance 4fb19a30-d03b-4ddd-ba1b-fe9ee9498b31-39953413 avg. like is -98.0427 over 1738 frames.
LOG (gmm-acc-stats-ali[5.5.513~2-b5f4cf]:main():gmm-acc-stats-ali.cc:105) Processed 6300 utterances; for utterance 4fb19a30-d03b-4ddd-ba1b-fe9ee9498b31-44616148 avg. like is -98.589 over 758 frames.
LOG (gmm-acc-stats-ali[5.5.513~2-b5f4cf]:main():gmm-acc-stats-ali.cc:105) Processed 6350 utterances; for utterance 4fb19a30-d03b-4ddd-ba1b-fe9ee9498b31-50564703 avg. like is -97.1519 over 678 frames.
LOG (gmm-acc-stats-ali[5.5.513~2-b5f4cf]:main():gmm-acc-stats-ali.cc:105) Processed 6400 utterances; for utterance 4fb19a30-d03b-4ddd-ba1b-fe9ee9498b31-5834668 avg. like is -97.4297 over 898 frames.
LOG (gmm-acc-stats-ali[5.5.513~2-b5f4cf]:main():gmm-acc-stats-ali.cc:105) Processed 6450 utterances; for utterance 4fb19a30-d03b-4ddd-ba1b-fe9ee9498b31-65142488 avg. like is -98.8339 over 1658 frames.
LOG (gmm-acc-stats-ali[5.5.513~2-b5f4cf]:main():gmm-acc-stats-ali.cc:105) Processed 6500 utterances; for utterance 4fb19a30-d03b-4ddd-ba1b-fe9ee9498b31-70322838 avg. like is -95.7306 over 308 frames.
LOG (gmm-acc-stats-ali[5.5.513~2-b5f4cf]:main():gmm-acc-stats-ali.cc:105) Processed 6550 utterances; for utterance 4fb19a30-d03b-4ddd-ba1b-fe9ee9498b31-74247848 avg. like is -97.6524 over 908 frames.
LOG (gmm-acc-stats-ali[5.5.513~2-b5f4cf]:main():gmm-acc-stats-ali.cc:105) Processed 6600 utterances; for utterance 4fb19a30-d03b-4ddd-ba1b-fe9ee9498b31-76710958 avg. like is -96.3665 over 438 frames.
LOG (gmm-acc-stats-ali[5.5.513~2-b5f4cf]:main():gmm-acc-stats-ali.cc:105) Processed 6650 utterances; for utterance 4fb19a30-d03b-4ddd-ba1b-fe9ee9498b31-79656273 avg. like is -92.5108 over 228 frames.
LOG (gmm-acc-stats-ali[5.5.513~2-b5f4cf]:main():gmm-acc-stats-ali.cc:105) Processed 6700 utterances; for utterance 4fb19a30-d03b-4ddd-ba1b-fe9ee9498b31-81028428 avg. like is -90.6014 over 218 frames.
LOG (gmm-acc-stats-ali[5.5.513~2-b5f4cf]:main():gmm-acc-stats-ali.cc:105) Processed 6750 utterances; for utterance 4fb19a30-d03b-4ddd-ba1b-fe9ee9498b31-81911998 avg. like is -89.4477 over 198 frames.
LOG (gmm-acc-stats-ali[5.5.513~2-b5f4cf]:main():gmm-acc-stats-ali.cc:105) Processed 6800 utterances; for utterance 4fb19a30-d03b-4ddd-ba1b-fe9ee9498b31-83349318 avg. like is -88.6892 over 218 frames.
LOG (gmm-acc-stats-ali[5.5.513~2-b5f4cf]:main():gmm-acc-stats-ali.cc:105) Processed 6850 utterances; for utterance 4fb19a30-d03b-4ddd-ba1b-fe9ee9498b31-83932908 avg. like is -91.7722 over 228 frames.
LOG (gmm-acc-stats-ali[5.5.513~2-b5f4cf]:main():gmm-acc-stats-ali.cc:105) Processed 6900 utterances; for utterance 4fb19a30-d03b-4ddd-ba1b-fe9ee9498b31-85063738 avg. like is -88.8226 over 218 frames.
LOG (gmm-acc-stats-ali[5.5.513~2-b5f4cf]:main():gmm-acc-stats-ali.cc:105) Processed 6950 utterances; for utterance 4fb19a30-d03b-4ddd-ba1b-fe9ee9498b31-86739658 avg. like is -90.8821 over 218 frames.
LOG (gmm-acc-stats-ali[5.5.513~2-b5f4cf]:main():gmm-acc-stats-ali.cc:105) Processed 7000 utterances; for utterance 4fb19a30-d03b-4ddd-ba1b-fe9ee9498b31-88362713 avg. like is -87.8263 over 188 frames.
LOG (gmm-acc-stats-ali[5.5.513~2-b5f4cf]:main():gmm-acc-stats-ali.cc:105) Processed 7050 utterances; for utterance 4fb19a30-d03b-4ddd-ba1b-fe9ee9498b31-90143303 avg. like is -91.5048 over 248 frames.
LOG (gmm-acc-stats-ali[5.5.513~2-b5f4cf]:main():gmm-acc-stats-ali.cc:105) Processed 7100 utterances; for utterance 4fb19a30-d03b-4ddd-ba1b-fe9ee9498b31-91432433 avg. like is -93.1726 over 188 frames.
LOG (gmm-acc-stats-ali[5.5.513~2-b5f4cf]:main():gmm-acc-stats-ali.cc:105) Processed 7150 utterances; for utterance 4fb19a30-d03b-4ddd-ba1b-fe9ee9498b31-92364678 avg. like is -88.1631 over 198 frames.
LOG (gmm-acc-stats-ali[5.5.513~2-b5f4cf]:main():gmm-acc-stats-ali.cc:105) Processed 7200 utterances; for utterance 4fb19a30-d03b-4ddd-ba1b-fe9ee9498b31-93774623 avg. like is -88.5186 over 218 frames.
LOG (gmm-acc-stats-ali[5.5.513~2-b5f4cf]:main():gmm-acc-stats-ali.cc:105) Processed 7250 utterances; for utterance 50bf09cc-cf34-4cce-869b-bbba7c2e0d4d-14223173 avg. like is -88.6584 over 1548 frames.
LOG (gmm-acc-stats-ali[5.5.513~2-b5f4cf]:main():gmm-acc-stats-ali.cc:105) Processed 7300 utterances; for utterance 50bf09cc-cf34-4cce-869b-bbba7c2e0d4d-34063933 avg. like is -88.0462 over 1018 frames.
LOG (gmm-acc-stats-ali[5.5.513~2-b5f4cf]:main():gmm-acc-stats-ali.cc:105) Processed 7350 utterances; for utterance 50bf09cc-cf34-4cce-869b-bbba7c2e0d4d-50728093 avg. like is -90.2681 over 2848 frames.
LOG (gmm-acc-stats-ali[5.5.513~2-b5f4cf]:main():gmm-acc-stats-ali.cc:105) Processed 7400 utterances; for utterance 50bf09cc-cf34-4cce-869b-bbba7c2e0d4d-63661898 avg. like is -91.4338 over 3528 frames.
LOG (gmm-acc-stats-ali[5.5.513~2-b5f4cf]:main():gmm-acc-stats-ali.cc:105) Processed 7450 utterances; for utterance 50bf09cc-cf34-4cce-869b-bbba7c2e0d4d-73045678 avg. like is -89.3642 over 1248 frames.
LOG (gmm-acc-stats-ali[5.5.513~2-b5f4cf]:main():gmm-acc-stats-ali.cc:105) Processed 7500 utterances; for utterance 50c4f908-eb14-4221-a8e0-4efca9422fdc-11358623 avg. like is -96.6244 over 618 frames.
LOG (gmm-acc-stats-ali[5.5.513~2-b5f4cf]:main():gmm-acc-stats-ali.cc:105) Processed 7550 utterances; for utterance 50c4f908-eb14-4221-a8e0-4efca9422fdc-18368423 avg. like is -95.4655 over 1238 frames.
LOG (gmm-acc-stats-ali[5.5.513~2-b5f4cf]:main():gmm-acc-stats-ali.cc:105) Processed 7600 utterances; for utterance 50c4f908-eb14-4221-a8e0-4efca9422fdc-24412848 avg. like is -93.5433 over 508 frames.
LOG (gmm-acc-stats-ali[5.5.513~2-b5f4cf]:main():gmm-acc-stats-ali.cc:105) Processed 7650 utterances; for utterance 50c4f908-eb14-4221-a8e0-4efca9422fdc-29027793 avg. like is -95.8397 over 668 frames.
LOG (gmm-acc-stats-ali[5.5.513~2-b5f4cf]:main():gmm-acc-stats-ali.cc:105) Processed 7700 utterances; for utterance 50c4f908-eb14-4221-a8e0-4efca9422fdc-4313643 avg. like is -95.5922 over 848 frames.
LOG (gmm-acc-stats-ali[5.5.513~2-b5f4cf]:main():gmm-acc-stats-ali.cc:105) Processed 7750 utterances; for utterance 50c4f908-eb14-4221-a8e0-4efca9422fdc-53422623 avg. like is -97.3134 over 1838 frames.
LOG (gmm-acc-stats-ali[5.5.513~2-b5f4cf]:main():gmm-acc-stats-ali.cc:105) Processed 7800 utterances; for utterance 50c4f908-eb14-4221-a8e0-4efca9422fdc-5750923 avg. like is -92.0784 over 408 frames.
LOG (gmm-acc-stats-ali[5.5.513~2-b5f4cf]:main():gmm-acc-stats-ali.cc:105) Processed 7850 utterances; for utterance 50c4f908-eb14-4221-a8e0-4efca9422fdc-60949008 avg. like is -94.5794 over 1358 frames.
LOG (gmm-acc-stats-ali[5.5.513~2-b5f4cf]:main():gmm-acc-stats-ali.cc:105) Processed 7900 utterances; for utterance 53086749-205b-424c-92d1-1dc604d5419b-12120148 avg. like is -95.4227 over 1148 frames.
LOG (gmm-acc-stats-ali[5.5.513~2-b5f4cf]:main():gmm-acc-stats-ali.cc:105) Processed 7950 utterances; for utterance 53086749-205b-424c-92d1-1dc604d5419b-21031698 avg. like is -96.1855 over 2788 frames.
LOG (gmm-acc-stats-ali[5.5.513~2-b5f4cf]:main():gmm-acc-stats-ali.cc:105) Processed 8000 utterances; for utterance 53086749-205b-424c-92d1-1dc604d5419b-32945858 avg. like is -96.4491 over 1178 frames.
LOG (gmm-acc-stats-ali[5.5.513~2-b5f4cf]:main():gmm-acc-stats-ali.cc:105) Processed 8050 utterances; for utterance 53086749-205b-424c-92d1-1dc604d5419b-4357983 avg. like is -91.8351 over 818 frames.
LOG (gmm-acc-stats-ali[5.5.513~2-b5f4cf]:main():gmm-acc-stats-ali.cc:105) Processed 8100 utterances; for utterance 53086749-205b-424c-92d1-1dc604d5419b-66520613 avg. like is -96.2496 over 2738 frames.
LOG (gmm-acc-stats-ali[5.5.513~2-b5f4cf]:main():gmm-acc-stats-ali.cc:105) Processed 8150 utterances; for utterance 53086749-205b-424c-92d1-1dc604d5419b-73832488 avg. like is -88.8596 over 298 frames.
LOG (gmm-acc-stats-ali[5.5.513~2-b5f4cf]:main():gmm-acc-stats-ali.cc:105) Processed 8200 utterances; for utterance 53086749-205b-424c-92d1-1dc604d5419b-79045673 avg. like is -88.3527 over 228 frames.
LOG (gmm-acc-stats-ali[5.5.513~2-b5f4cf]:main():gmm-acc-stats-ali.cc:105) Processed 8250 utterances; for utterance 53086749-205b-424c-92d1-1dc604d5419b-83037123 avg. like is -91.6574 over 298 frames.
LOG (gmm-acc-stats-ali[5.5.513~2-b5f4cf]:main():gmm-acc-stats-ali.cc:105) Processed 8300 utterances; for utterance 53086749-205b-424c-92d1-1dc604d5419b-85919083 avg. like is -89.7177 over 228 frames.
LOG (gmm-acc-stats-ali[5.5.513~2-b5f4cf]:main():gmm-acc-stats-ali.cc:105) Processed 8350 utterances; for utterance 53086749-205b-424c-92d1-1dc604d5419b-8762363 avg. like is -95.9019 over 858 frames.
LOG (gmm-acc-stats-ali[5.5.513~2-b5f4cf]:main():gmm-acc-stats-ali.cc:105) Processed 8400 utterances; for utterance 53086749-205b-424c-92d1-1dc604d5419b-90269593 avg. like is -88.9103 over 318 frames.
LOG (gmm-acc-stats-ali[5.5.513~2-b5f4cf]:main():gmm-acc-stats-ali.cc:105) Processed 8450 utterances; for utterance 53086749-205b-424c-92d1-1dc604d5419b-93321688 avg. like is -86.7276 over 258 frames.
LOG (gmm-acc-stats-ali[5.5.513~2-b5f4cf]:main():gmm-acc-stats-ali.cc:105) Processed 8500 utterances; for utterance 5334690b-3ce5-4906-a12c-203c2c4c209b-10462188 avg. like is -96.9537 over 668 frames.
LOG (gmm-acc-stats-ali[5.5.513~2-b5f4cf]:main():gmm-acc-stats-ali.cc:105) Processed 8550 utterances; for utterance 5334690b-3ce5-4906-a12c-203c2c4c209b-1433718 avg. like is -97.0486 over 928 frames.
LOG (gmm-acc-stats-ali[5.5.513~2-b5f4cf]:main():gmm-acc-stats-ali.cc:105) Processed 8600 utterances; for utterance 5334690b-3ce5-4906-a12c-203c2c4c209b-22646858 avg. like is -97.9911 over 1378 frames.
LOG (gmm-acc-stats-ali[5.5.513~2-b5f4cf]:main():gmm-acc-stats-ali.cc:105) Processed 8650 utterances; for utterance 5334690b-3ce5-4906-a12c-203c2c4c209b-28771108 avg. like is -97.5945 over 658 frames.
LOG (gmm-acc-stats-ali[5.5.513~2-b5f4cf]:main():gmm-acc-stats-ali.cc:105) Processed 8700 utterances; for utterance 5334690b-3ce5-4906-a12c-203c2c4c209b-38443953 avg. like is -98.7625 over 908 frames.
LOG (gmm-acc-stats-ali[5.5.513~2-b5f4cf]:main():gmm-acc-stats-ali.cc:105) Processed 8750 utterances; for utterance 5334690b-3ce5-4906-a12c-203c2c4c209b-46828888 avg. like is -98.5615 over 1908 frames.
LOG (gmm-acc-stats-ali[5.5.513~2-b5f4cf]:main():gmm-acc-stats-ali.cc:105) Processed 8800 utterances; for utterance 5334690b-3ce5-4906-a12c-203c2c4c209b-55467128 avg. like is -96.8726 over 728 frames.
LOG (gmm-acc-stats-ali[5.5.513~2-b5f4cf]:main():gmm-acc-stats-ali.cc:105) Processed 8850 utterances; for utterance 5334690b-3ce5-4906-a12c-203c2c4c209b-65429598 avg. like is -97.9698 over 1268 frames.
LOG (gmm-acc-stats-ali[5.5.513~2-b5f4cf]:main():gmm-acc-stats-ali.cc:105) Processed 8900 utterances; for utterance 55065c47-1290-4974-997e-e77f24e7c72d-10822438 avg. like is -94.7379 over 958 frames.
LOG (gmm-acc-stats-ali[5.5.513~2-b5f4cf]:main():gmm-acc-stats-ali.cc:105) Processed 8950 utterances; for utterance 55065c47-1290-4974-997e-e77f24e7c72d-17345116 avg. like is -97.0244 over 1048 frames.
LOG (gmm-acc-stats-ali[5.5.513~2-b5f4cf]:main():gmm-acc-stats-ali.cc:105) Processed 9000 utterances; for utterance 55065c47-1290-4974-997e-e77f24e7c72d-23452953 avg. like is -95.5115 over 1268 frames.
LOG (gmm-acc-stats-ali[5.5.513~2-b5f4cf]:main():gmm-acc-stats-ali.cc:105) Processed 9050 utterances; for utterance 55065c47-1290-4974-997e-e77f24e7c72d-36770496 avg. like is -96.7221 over 648 frames.
LOG (gmm-acc-stats-ali[5.5.513~2-b5f4cf]:main():gmm-acc-stats-ali.cc:105) Processed 9100 utterances; for utterance 55065c47-1290-4974-997e-e77f24e7c72d-46572318 avg. like is -94.5726 over 1258 frames.
LOG (gmm-acc-stats-ali[5.5.513~2-b5f4cf]:main():gmm-acc-stats-ali.cc:105) Processed 9150 utterances; for utterance 55065c47-1290-4974-997e-e77f24e7c72d-51117491 avg. like is -99.5705 over 1058 frames.
LOG (gmm-acc-stats-ali[5.5.513~2-b5f4cf]:main():gmm-acc-stats-ali.cc:105) Processed 9200 utterances; for utterance 572b6f98-8ae3-4f26-b0e0-7c843b106e58-10430745 avg. like is -94.5251 over 588 frames.
LOG (gmm-acc-stats-ali[5.5.513~2-b5f4cf]:main():gmm-acc-stats-ali.cc:105) Processed 9250 utterances; for utterance 572b6f98-8ae3-4f26-b0e0-7c843b106e58-1850450 avg. like is -94.4142 over 778 frames.
WARNING (gmm-acc-stats-ali[5.5.513~2-b5f4cf]:main():gmm-acc-stats-ali.cc:79) No alignment for utterance 572b6f98-8ae3-4f26-b0e0-7c843b106e58-19725684
LOG (gmm-acc-stats-ali[5.5.513~2-b5f4cf]:main():gmm-acc-stats-ali.cc:105) Processed 9300 utterances; for utterance 572b6f98-8ae3-4f26-b0e0-7c843b106e58-28036626 avg. like is -100.951 over 1028 frames.
LOG (gmm-acc-stats-ali[5.5.513~2-b5f4cf]:main():gmm-acc-stats-ali.cc:105) Processed 9350 utterances; for utterance 572b6f98-8ae3-4f26-b0e0-7c843b106e58-42762596 avg. like is -101.449 over 1728 frames.
LOG (gmm-acc-stats-ali[5.5.513~2-b5f4cf]:main():gmm-acc-stats-ali.cc:105) Processed 9400 utterances; for utterance 572b6f98-8ae3-4f26-b0e0-7c843b106e58-6141731 avg. like is -99.7409 over 908 frames.
LOG (gmm-acc-stats-ali[5.5.513~2-b5f4cf]:main():gmm-acc-stats-ali.cc:105) Processed 9450 utterances; for utterance 572b6f98-8ae3-4f26-b0e0-7c843b106e58-68239511 avg. like is -102.912 over 2138 frames.
LOG (gmm-acc-stats-ali[5.5.513~2-b5f4cf]:main():gmm-acc-stats-ali.cc:105) Processed 9500 utterances; for utterance 572b6f98-8ae3-4f26-b0e0-7c843b106e58-74916266 avg. like is -100.622 over 1668 frames.
LOG (gmm-acc-stats-ali[5.5.513~2-b5f4cf]:main():gmm-acc-stats-ali.cc:105) Processed 9550 utterances; for utterance 572b6f98-8ae3-4f26-b0e0-7c843b106e58-9941816 avg. like is -99.2815 over 498 frames.
LOG (gmm-acc-stats-ali[5.5.513~2-b5f4cf]:main():gmm-acc-stats-ali.cc:105) Processed 9600 utterances; for utterance 57bacdf5-a335-4043-bef0-07c0f7aa0ce9-13426721 avg. like is -101.013 over 1088 frames.
LOG (gmm-acc-stats-ali[5.5.513~2-b5f4cf]:main():gmm-acc-stats-ali.cc:105) Processed 9650 utterances; for utterance 57bacdf5-a335-4043-bef0-07c0f7aa0ce9-24944451 avg. like is -100.902 over 1488 frames.
LOG (gmm-acc-stats-ali[5.5.513~2-b5f4cf]:main():gmm-acc-stats-ali.cc:105) Processed 9700 utterances; for utterance 57bacdf5-a335-4043-bef0-07c0f7aa0ce9-30935851 avg. like is -97.402 over 588 frames.
LOG (gmm-acc-stats-ali[5.5.513~2-b5f4cf]:main():gmm-acc-stats-ali.cc:105) Processed 9750 utterances; for utterance 57bacdf5-a335-4043-bef0-07c0f7aa0ce9-40045596 avg. like is -98.6671 over 658 frames.
LOG (gmm-acc-stats-ali[5.5.513~2-b5f4cf]:main():gmm-acc-stats-ali.cc:105) Processed 9800 utterances; for utterance 57bacdf5-a335-4043-bef0-07c0f7aa0ce9-51732526 avg. like is -99.1239 over 1038 frames.
LOG (gmm-acc-stats-ali[5.5.513~2-b5f4cf]:main():gmm-acc-stats-ali.cc:105) Processed 9850 utterances; for utterance 57bacdf5-a335-4043-bef0-07c0f7aa0ce9-63126286 avg. like is -99.5889 over 1298 frames.
LOG (gmm-acc-stats-ali[5.5.513~2-b5f4cf]:main():gmm-acc-stats-ali.cc:105) Processed 9900 utterances; for utterance 57bacdf5-a335-4043-bef0-07c0f7aa0ce9-70251961 avg. like is -98.3327 over 688 frames.
LOG (gmm-acc-stats-ali[5.5.513~2-b5f4cf]:main():gmm-acc-stats-ali.cc:105) Processed 9950 utterances; for utterance 57bacdf5-a335-4043-bef0-07c0f7aa0ce9-76372951 avg. like is -103.656 over 1168 frames.
LOG (gmm-acc-stats-ali[5.5.513~2-b5f4cf]:main():gmm-acc-stats-ali.cc:105) Processed 10000 utterances; for utterance 5908a865-1bd8-447d-a249-aea7c7a6c2b2-11037871 avg. like is -101.977 over 528 frames.
LOG (gmm-acc-stats-ali[5.5.513~2-b5f4cf]:main():gmm-acc-stats-ali.cc:105) Processed 10050 utterances; for utterance 5908a865-1bd8-447d-a249-aea7c7a6c2b2-17036118 avg. like is -94.0647 over 908 frames.
LOG (gmm-acc-stats-ali[5.5.513~2-b5f4cf]:main():gmm-acc-stats-ali.cc:105) Processed 10100 utterances; for utterance 5908a865-1bd8-447d-a249-aea7c7a6c2b2-27235751 avg. like is -100.281 over 1298 frames.
LOG (gmm-acc-stats-ali[5.5.513~2-b5f4cf]:main():gmm-acc-stats-ali.cc:105) Processed 10150 utterances; for utterance 5908a865-1bd8-447d-a249-aea7c7a6c2b2-32863693 avg. like is -95.6138 over 1468 frames.
LOG (gmm-acc-stats-ali[5.5.513~2-b5f4cf]:main():gmm-acc-stats-ali.cc:105) Processed 10200 utterances; for utterance 5908a865-1bd8-447d-a249-aea7c7a6c2b2-43229491 avg. like is -98.0013 over 568 frames.
LOG (gmm-acc-stats-ali[5.5.513~2-b5f4cf]:main():gmm-acc-stats-ali.cc:105) Processed 10250 utterances; for utterance 5908a865-1bd8-447d-a249-aea7c7a6c2b2-47343008 avg. like is -95.8442 over 898 frames.
LOG (gmm-acc-stats-ali[5.5.513~2-b5f4cf]:main():gmm-acc-stats-ali.cc:105) Processed 10300 utterances; for utterance 5908a865-1bd8-447d-a249-aea7c7a6c2b2-5770611 avg. like is -96.0647 over 378 frames.
LOG (gmm-acc-stats-ali[5.5.513~2-b5f4cf]:main():gmm-acc-stats-ali.cc:105) Processed 10350 utterances; for utterance 5d4e18ac-7335-4d0c-9578-88edb439e303-12273903 avg. like is -94.0423 over 638 frames.
LOG (gmm-acc-stats-ali[5.5.513~2-b5f4cf]:main():gmm-acc-stats-ali.cc:105) Processed 10400 utterances; for utterance 5d4e18ac-7335-4d0c-9578-88edb439e303-20219666 avg. like is -98.833 over 418 frames.
LOG (gmm-acc-stats-ali[5.5.513~2-b5f4cf]:main():gmm-acc-stats-ali.cc:105) Processed 10450 utterances; for utterance 5d4e18ac-7335-4d0c-9578-88edb439e303-32428098 avg. like is -94.5475 over 1598 frames.
LOG (gmm-acc-stats-ali[5.5.513~2-b5f4cf]:main():gmm-acc-stats-ali.cc:105) Processed 10500 utterances; for utterance 5d4e18ac-7335-4d0c-9578-88edb439e303-4316946 avg. like is -102.871 over 718 frames.
LOG (gmm-acc-stats-ali[5.5.513~2-b5f4cf]:main():gmm-acc-stats-ali.cc:105) Processed 10550 utterances; for utterance 5d4e18ac-7335-4d0c-9578-88edb439e303-5237673 avg. like is -96.6189 over 948 frames.
LOG (gmm-acc-stats-ali[5.5.513~2-b5f4cf]:main():gmm-acc-stats-ali.cc:105) Processed 10600 utterances; for utterance 5fb8be04-79af-446a-8a48-907f8f193671-79230274 avg. like is -86.9931 over 278 frames.
LOG (gmm-acc-stats-ali[5.5.513~2-b5f4cf]:main():gmm-acc-stats-ali.cc:105) Processed 10650 utterances; for utterance 65474a52-b0d9-45a6-99bf-da4c22df07a4-10957604 avg. like is -82.726 over 758 frames.
LOG (gmm-acc-stats-ali[5.5.513~2-b5f4cf]:main():gmm-acc-stats-ali.cc:105) Processed 10700 utterances; for utterance 65474a52-b0d9-45a6-99bf-da4c22df07a4-18453339 avg. like is -83.9862 over 1188 frames.
LOG (gmm-acc-stats-ali[5.5.513~2-b5f4cf]:main():gmm-acc-stats-ali.cc:105) Processed 10750 utterances; for utterance 65474a52-b0d9-45a6-99bf-da4c22df07a4-23745454 avg. like is -83.8934 over 708 frames.
LOG (gmm-acc-stats-ali[5.5.513~2-b5f4cf]:main():gmm-acc-stats-ali.cc:105) Processed 10800 utterances; for utterance 65474a52-b0d9-45a6-99bf-da4c22df07a4-37719489 avg. like is -86.1218 over 1198 frames.
LOG (gmm-acc-stats-ali[5.5.513~2-b5f4cf]:main():gmm-acc-stats-ali.cc:105) Processed 10850 utterances; for utterance 65474a52-b0d9-45a6-99bf-da4c22df07a4-53934224 avg. like is -82.0055 over 338 frames.
LOG (gmm-acc-stats-ali[5.5.513~2-b5f4cf]:main():gmm-acc-stats-ali.cc:105) Processed 10900 utterances; for utterance 65474a52-b0d9-45a6-99bf-da4c22df07a4-65618389 avg. like is -84.4037 over 1008 frames.
LOG (gmm-acc-stats-ali[5.5.513~2-b5f4cf]:main():gmm-acc-stats-ali.cc:105) Processed 10950 utterances; for utterance 65474a52-b0d9-45a6-99bf-da4c22df07a4-75526874 avg. like is -86.2862 over 1838 frames.
LOG (gmm-acc-stats-ali[5.5.513~2-b5f4cf]:main():gmm-acc-stats-ali.cc:105) Processed 11000 utterances; for utterance 65474a52-b0d9-45a6-99bf-da4c22df07a4-80036969 avg. like is -81.3768 over 238 frames.
LOG (gmm-acc-stats-ali[5.5.513~2-b5f4cf]:main():gmm-acc-stats-ali.cc:105) Processed 11050 utterances; for utterance 65474a52-b0d9-45a6-99bf-da4c22df07a4-82013394 avg. like is -77.7417 over 188 frames.
LOG (gmm-acc-stats-ali[5.5.513~2-b5f4cf]:main():gmm-acc-stats-ali.cc:105) Processed 11100 utterances; for utterance 65474a52-b0d9-45a6-99bf-da4c22df07a4-87050459 avg. like is -78.8954 over 198 frames.
LOG (gmm-acc-stats-ali[5.5.513~2-b5f4cf]:main():gmm-acc-stats-ali.cc:105) Processed 11150 utterances; for utterance 65474a52-b0d9-45a6-99bf-da4c22df07a4-90629949 avg. like is -79.2669 over 228 frames.
LOG (gmm-acc-stats-ali[5.5.513~2-b5f4cf]:main():gmm-acc-stats-ali.cc:105) Processed 11200 utterances; for utterance 655cf313-c435-4775-914b-0a326d55735f-10352864 avg. like is -84.9753 over 1798 frames.
LOG (gmm-acc-stats-ali[5.5.513~2-b5f4cf]:main():gmm-acc-stats-ali.cc:105) Processed 11250 utterances; for utterance 655cf313-c435-4775-914b-0a326d55735f-18056044 avg. like is -85.4702 over 1848 frames.
LOG (gmm-acc-stats-ali[5.5.513~2-b5f4cf]:main():gmm-acc-stats-ali.cc:105) Processed 11300 utterances; for utterance 655cf313-c435-4775-914b-0a326d55735f-23625539 avg. like is -87.258 over 1358 frames.
LOG (gmm-acc-stats-ali[5.5.513~2-b5f4cf]:main():gmm-acc-stats-ali.cc:105) Processed 11350 utterances; for utterance 655cf313-c435-4775-914b-0a326d55735f-28517549 avg. like is -86.2696 over 1868 frames.
LOG (gmm-acc-stats-ali[5.5.513~2-b5f4cf]:main():gmm-acc-stats-ali.cc:105) Processed 11400 utterances; for utterance 655cf313-c435-4775-914b-0a326d55735f-4342339 avg. like is -84.6204 over 848 frames.
LOG (gmm-acc-stats-ali[5.5.513~2-b5f4cf]:main():gmm-acc-stats-ali.cc:105) Processed 11450 utterances; for utterance 655cf313-c435-4775-914b-0a326d55735f-71114429 avg. like is -87.2725 over 418 frames.
LOG (gmm-acc-stats-ali[5.5.513~2-b5f4cf]:main():gmm-acc-stats-ali.cc:105) Processed 11500 utterances; for utterance 655cf313-c435-4775-914b-0a326d55735f-73244884 avg. like is -87.8309 over 888 frames.
WARNING (gmm-acc-stats-ali[5.5.513~2-b5f4cf]:main():gmm-acc-stats-ali.cc:79) No alignment for utterance 655cf313-c435-4775-914b-0a326d55735f-74923947
LOG (gmm-acc-stats-ali[5.5.513~2-b5f4cf]:main():gmm-acc-stats-ali.cc:105) Processed 11550 utterances; for utterance 66c99fd2-9f3f-44cb-b148-855b11f018f5-10318905 avg. like is -99.8394 over 1408 frames.
LOG (gmm-acc-stats-ali[5.5.513~2-b5f4cf]:main():gmm-acc-stats-ali.cc:105) Processed 11600 utterances; for utterance 66c99fd2-9f3f-44cb-b148-855b11f018f5-15663290 avg. like is -98.4375 over 1168 frames.
LOG (gmm-acc-stats-ali[5.5.513~2-b5f4cf]:main():gmm-acc-stats-ali.cc:105) Processed 11650 utterances; for utterance 66c99fd2-9f3f-44cb-b148-855b11f018f5-23952680 avg. like is -98.8524 over 808 frames.
LOG (gmm-acc-stats-ali[5.5.513~2-b5f4cf]:main():gmm-acc-stats-ali.cc:105) Processed 11700 utterances; for utterance 66c99fd2-9f3f-44cb-b148-855b11f018f5-30634695 avg. like is -97.5414 over 728 frames.
LOG (gmm-acc-stats-ali[5.5.513~2-b5f4cf]:main():gmm-acc-stats-ali.cc:105) Processed 11750 utterances; for utterance 66c99fd2-9f3f-44cb-b148-855b11f018f5-43674475 avg. like is -99.4793 over 638 frames.
LOG (gmm-acc-stats-ali[5.5.513~2-b5f4cf]:main():gmm-acc-stats-ali.cc:105) Processed 11800 utterances; for utterance 66c99fd2-9f3f-44cb-b148-855b11f018f5-54158705 avg. like is -99.1361 over 1408 frames.
LOG (gmm-acc-stats-ali[5.5.513~2-b5f4cf]:main():gmm-acc-stats-ali.cc:105) Processed 11850 utterances; for utterance 66c99fd2-9f3f-44cb-b148-855b11f018f5-6473415 avg. like is -93.9219 over 418 frames.
LOG (gmm-acc-stats-ali[5.5.513~2-b5f4cf]:main():gmm-acc-stats-ali.cc:105) Processed 11900 utterances; for utterance 696814d6-3583-4280-9f8f-ebfca15b3d9e-12150170 avg. like is -96.4089 over 1398 frames.
LOG (gmm-acc-stats-ali[5.5.513~2-b5f4cf]:main():gmm-acc-stats-ali.cc:105) Processed 11950 utterances; for utterance 696814d6-3583-4280-9f8f-ebfca15b3d9e-21835400 avg. like is -96.4424 over 568 frames.
LOG (gmm-acc-stats-ali[5.5.513~2-b5f4cf]:main():gmm-acc-stats-ali.cc:105) Processed 12000 utterances; for utterance 696814d6-3583-4280-9f8f-ebfca15b3d9e-28435800 avg. like is -96.4991 over 898 frames.
LOG (gmm-acc-stats-ali[5.5.513~2-b5f4cf]:main():gmm-acc-stats-ali.cc:105) Processed 12050 utterances; for utterance 696814d6-3583-4280-9f8f-ebfca15b3d9e-36755275 avg. like is -96.378 over 498 frames.
LOG (gmm-acc-stats-ali[5.5.513~2-b5f4cf]:main():gmm-acc-stats-ali.cc:105) Processed 12100 utterances; for utterance 696814d6-3583-4280-9f8f-ebfca15b3d9e-42861780 avg. like is -99.5212 over 1568 frames.
LOG (gmm-acc-stats-ali[5.5.513~2-b5f4cf]:main():gmm-acc-stats-ali.cc:105) Processed 12150 utterances; for utterance 696814d6-3583-4280-9f8f-ebfca15b3d9e-56759085 avg. like is -98.4455 over 2748 frames.
WARNING (gmm-acc-stats-ali[5.5.513~2-b5f4cf]:main():gmm-acc-stats-ali.cc:79) No alignment for utterance 696814d6-3583-4280-9f8f-ebfca15b3d9e-5837139
LOG (gmm-acc-stats-ali[5.5.513~2-b5f4cf]:main():gmm-acc-stats-ali.cc:105) Processed 12200 utterances; for utterance 6b5cb26c-8e7e-4fa6-84b8-c648fadc1d5e-11148391 avg. like is -104.283 over 1818 frames.
LOG (gmm-acc-stats-ali[5.5.513~2-b5f4cf]:main():gmm-acc-stats-ali.cc:105) Processed 12250 utterances; for utterance 6b5cb26c-8e7e-4fa6-84b8-c648fadc1d5e-16246951 avg. like is -101.978 over 538 frames.
LOG (gmm-acc-stats-ali[5.5.513~2-b5f4cf]:main():gmm-acc-stats-ali.cc:105) Processed 12300 utterances; for utterance 6b5cb26c-8e7e-4fa6-84b8-c648fadc1d5e-21815136 avg. like is -102.438 over 598 frames.
LOG (gmm-acc-stats-ali[5.5.513~2-b5f4cf]:main():gmm-acc-stats-ali.cc:105) Processed 12350 utterances; for utterance 6b5cb26c-8e7e-4fa6-84b8-c648fadc1d5e-32326091 avg. like is -104.751 over 1538 frames.
LOG (gmm-acc-stats-ali[5.5.513~2-b5f4cf]:main():gmm-acc-stats-ali.cc:105) Processed 12400 utterances; for utterance 6b5cb26c-8e7e-4fa6-84b8-c648fadc1d5e-43168726 avg. like is -102.63 over 318 frames.
LOG (gmm-acc-stats-ali[5.5.513~2-b5f4cf]:main():gmm-acc-stats-ali.cc:105) Processed 12450 utterances; for utterance 6b5cb26c-8e7e-4fa6-84b8-c648fadc1d5e-51869331 avg. like is -107.145 over 608 frames.
LOG (gmm-acc-stats-ali[5.5.513~2-b5f4cf]:main():gmm-acc-stats-ali.cc:105) Processed 12500 utterances; for utterance 6b5cb26c-8e7e-4fa6-84b8-c648fadc1d5e-65740821 avg. like is -103.741 over 1368 frames.
LOG (gmm-acc-stats-ali[5.5.513~2-b5f4cf]:main():gmm-acc-stats-ali.cc:105) Processed 12550 utterances; for utterance 6b5cb26c-8e7e-4fa6-84b8-c648fadc1d5e-72325006 avg. like is -103.952 over 658 frames.
LOG (gmm-acc-stats-ali[5.5.513~2-b5f4cf]:main():gmm-acc-stats-ali.cc:105) Processed 12600 utterances; for utterance 6d7ead99-44a4-49d2-8c44-7a70d8897db3-10749616 avg. like is -100.438 over 408 frames.
LOG (gmm-acc-stats-ali[5.5.513~2-b5f4cf]:main():gmm-acc-stats-ali.cc:105) Processed 12650 utterances; for utterance 6d7ead99-44a4-49d2-8c44-7a70d8897db3-18237526 avg. like is -100.784 over 768 frames.
LOG (gmm-acc-stats-ali[5.5.513~2-b5f4cf]:main():gmm-acc-stats-ali.cc:105) Processed 12700 utterances; for utterance 6d7ead99-44a4-49d2-8c44-7a70d8897db3-27241741 avg. like is -105.319 over 1218 frames.
LOG (gmm-acc-stats-ali[5.5.513~2-b5f4cf]:main():gmm-acc-stats-ali.cc:105) Processed 12750 utterances; for utterance 6d7ead99-44a4-49d2-8c44-7a70d8897db3-32318531 avg. like is -103.118 over 1528 frames.
LOG (gmm-acc-stats-ali[5.5.513~2-b5f4cf]:main():gmm-acc-stats-ali.cc:105) Processed 12800 utterances; for utterance 6d7ead99-44a4-49d2-8c44-7a70d8897db3-4837216 avg. like is -102.074 over 778 frames.
LOG (gmm-acc-stats-ali[5.5.513~2-b5f4cf]:main():gmm-acc-stats-ali.cc:105) Processed 12850 utterances; for utterance 6d7ead99-44a4-49d2-8c44-7a70d8897db3-64915376 avg. like is -100.858 over 518 frames.
LOG (gmm-acc-stats-ali[5.5.513~2-b5f4cf]:main():gmm-acc-stats-ali.cc:105) Processed 12900 utterances; for utterance 6da34565-2d21-4917-87bd-68deaf78a58a-11069296 avg. like is -105.923 over 508 frames.
LOG (gmm-acc-stats-ali[5.5.513~2-b5f4cf]:main():gmm-acc-stats-ali.cc:105) Processed 12950 utterances; for utterance 6da34565-2d21-4917-87bd-68deaf78a58a-18364091 avg. like is -106.105 over 1148 frames.
WARNING (gmm-acc-stats-ali[5.5.513~2-b5f4cf]:main():gmm-acc-stats-ali.cc:79) No alignment for utterance 6da34565-2d21-4917-87bd-68deaf78a58a-20931111
WARNING (gmm-acc-stats-ali[5.5.513~2-b5f4cf]:main():gmm-acc-stats-ali.cc:79) No alignment for utterance 6da34565-2d21-4917-87bd-68deaf78a58a-20931112
WARNING (gmm-acc-stats-ali[5.5.513~2-b5f4cf]:main():gmm-acc-stats-ali.cc:79) No alignment for utterance 6da34565-2d21-4917-87bd-68deaf78a58a-20931114
WARNING (gmm-acc-stats-ali[5.5.513~2-b5f4cf]:main():gmm-acc-stats-ali.cc:79) No alignment for utterance 6da34565-2d21-4917-87bd-68deaf78a58a-20931115
LOG (gmm-acc-stats-ali[5.5.513~2-b5f4cf]:main():gmm-acc-stats-ali.cc:105) Processed 13000 utterances; for utterance 6da34565-2d21-4917-87bd-68deaf78a58a-22247291 avg. like is -102.387 over 548 frames.
LOG (gmm-acc-stats-ali[5.5.513~2-b5f4cf]:main():gmm-acc-stats-ali.cc:105) Processed 13050 utterances; for utterance 6da34565-2d21-4917-87bd-68deaf78a58a-27513436 avg. like is -104.881 over 638 frames.
LOG (gmm-acc-stats-ali[5.5.513~2-b5f4cf]:main():gmm-acc-stats-ali.cc:105) Processed 13100 utterances; for utterance 6da34565-2d21-4917-87bd-68deaf78a58a-32724801 avg. like is -103.533 over 598 frames.
LOG (gmm-acc-stats-ali[5.5.513~2-b5f4cf]:main():gmm-acc-stats-ali.cc:105) Processed 13150 utterances; for utterance 6da34565-2d21-4917-87bd-68deaf78a58a-410576 avg. like is -104.163 over 998 frames.
LOG (gmm-acc-stats-ali[5.5.513~2-b5f4cf]:main():gmm-acc-stats-ali.cc:105) Processed 13200 utterances; for utterance 6da34565-2d21-4917-87bd-68deaf78a58a-47930611 avg. like is -103.494 over 588 frames.
LOG (gmm-acc-stats-ali[5.5.513~2-b5f4cf]:main():gmm-acc-stats-ali.cc:105) Processed 13250 utterances; for utterance 6da34565-2d21-4917-87bd-68deaf78a58a-54335801 avg. like is -106.509 over 598 frames.
LOG (gmm-acc-stats-ali[5.5.513~2-b5f4cf]:main():gmm-acc-stats-ali.cc:105) Processed 13300 utterances; for utterance 6da34565-2d21-4917-87bd-68deaf78a58a-61310371 avg. like is -103.235 over 598 frames.
WARNING (gmm-acc-stats-ali[5.5.513~2-b5f4cf]:main():gmm-acc-stats-ali.cc:79) No alignment for utterance 6ebaef8d-bea4-424b-b341-a106c33f37e5-045914
WARNING (gmm-acc-stats-ali[5.5.513~2-b5f4cf]:main():gmm-acc-stats-ali.cc:79) No alignment for utterance 6ebaef8d-bea4-424b-b341-a106c33f37e5-10872114
WARNING (gmm-acc-stats-ali[5.5.513~2-b5f4cf]:main():gmm-acc-stats-ali.cc:79) No alignment for utterance 6ebaef8d-bea4-424b-b341-a106c33f37e5-11512554
LOG (gmm-acc-stats-ali[5.5.513~2-b5f4cf]:main():gmm-acc-stats-ali.cc:105) Processed 13350 utterances; for utterance 6ebaef8d-bea4-424b-b341-a106c33f37e5-11512555 avg. like is -95.7881 over 738 frames.
WARNING (gmm-acc-stats-ali[5.5.513~2-b5f4cf]:main():gmm-acc-stats-ali.cc:79) No alignment for utterance 6ebaef8d-bea4-424b-b341-a106c33f37e5-11712099
WARNING (gmm-acc-stats-ali[5.5.513~2-b5f4cf]:main():gmm-acc-stats-ali.cc:79) No alignment for utterance 6ebaef8d-bea4-424b-b341-a106c33f37e5-12016264
WARNING (gmm-acc-stats-ali[5.5.513~2-b5f4cf]:main():gmm-acc-stats-ali.cc:79) No alignment for utterance 6ebaef8d-bea4-424b-b341-a106c33f37e5-13748299
WARNING (gmm-acc-stats-ali[5.5.513~2-b5f4cf]:main():gmm-acc-stats-ali.cc:79) No alignment for utterance 6ebaef8d-bea4-424b-b341-a106c33f37e5-14568584
WARNING (gmm-acc-stats-ali[5.5.513~2-b5f4cf]:main():gmm-acc-stats-ali.cc:79) No alignment for utterance 6ebaef8d-bea4-424b-b341-a106c33f37e5-14720829
WARNING (gmm-acc-stats-ali[5.5.513~2-b5f4cf]:main():gmm-acc-stats-ali.cc:79) No alignment for utterance 6ebaef8d-bea4-424b-b341-a106c33f37e5-1525799
WARNING (gmm-acc-stats-ali[5.5.513~2-b5f4cf]:main():gmm-acc-stats-ali.cc:79) No alignment for utterance 6ebaef8d-bea4-424b-b341-a106c33f37e5-1543859
WARNING (gmm-acc-stats-ali[5.5.513~2-b5f4cf]:main():gmm-acc-stats-ali.cc:79) No alignment for utterance 6ebaef8d-bea4-424b-b341-a106c33f37e5-15563544
WARNING (gmm-acc-stats-ali[5.5.513~2-b5f4cf]:main():gmm-acc-stats-ali.cc:79) No alignment for utterance 6ebaef8d-bea4-424b-b341-a106c33f37e5-1569389
WARNING (gmm-acc-stats-ali[5.5.513~2-b5f4cf]:main():gmm-acc-stats-ali.cc:79) No alignment for utterance 6ebaef8d-bea4-424b-b341-a106c33f37e5-15855749
WARNING (gmm-acc-stats-ali[5.5.513~2-b5f4cf]:main():gmm-acc-stats-ali.cc:79) No alignment for utterance 6ebaef8d-bea4-424b-b341-a106c33f37e5-15910274
WARNING (gmm-acc-stats-ali[5.5.513~2-b5f4cf]:main():gmm-acc-stats-ali.cc:79) No alignment for utterance 6ebaef8d-bea4-424b-b341-a106c33f37e5-15911009
WARNING (gmm-acc-stats-ali[5.5.513~2-b5f4cf]:main():gmm-acc-stats-ali.cc:79) No alignment for utterance 6ebaef8d-bea4-424b-b341-a106c33f37e5-16815594
WARNING (gmm-acc-stats-ali[5.5.513~2-b5f4cf]:main():gmm-acc-stats-ali.cc:79) No alignment for utterance 6ebaef8d-bea4-424b-b341-a106c33f37e5-17013754
WARNING (gmm-acc-stats-ali[5.5.513~2-b5f4cf]:main():gmm-acc-stats-ali.cc:79) No alignment for utterance 6ebaef8d-bea4-424b-b341-a106c33f37e5-17753599
WARNING (gmm-acc-stats-ali[5.5.513~2-b5f4cf]:main():gmm-acc-stats-ali.cc:79) No alignment for utterance 6ebaef8d-bea4-424b-b341-a106c33f37e5-17768564
LOG (gmm-acc-stats-ali[5.5.513~2-b5f4cf]:main():gmm-acc-stats-ali.cc:105) Processed 13400 utterances; for utterance 6ebaef8d-bea4-424b-b341-a106c33f37e5-18050368 avg. like is -98.509 over 1378 frames.
WARNING (gmm-acc-stats-ali[5.5.513~2-b5f4cf]:main():gmm-acc-stats-ali.cc:79) No alignment for utterance 6ebaef8d-bea4-424b-b341-a106c33f37e5-18050369
WARNING (gmm-acc-stats-ali[5.5.513~2-b5f4cf]:main():gmm-acc-stats-ali.cc:79) No alignment for utterance 6ebaef8d-bea4-424b-b341-a106c33f37e5-18460709
WARNING (gmm-acc-stats-ali[5.5.513~2-b5f4cf]:main():gmm-acc-stats-ali.cc:79) No alignment for utterance 6ebaef8d-bea4-424b-b341-a106c33f37e5-1851234
WARNING (gmm-acc-stats-ali[5.5.513~2-b5f4cf]:main():gmm-acc-stats-ali.cc:79) No alignment for utterance 6ebaef8d-bea4-424b-b341-a106c33f37e5-18529784
WARNING (gmm-acc-stats-ali[5.5.513~2-b5f4cf]:main():gmm-acc-stats-ali.cc:79) No alignment for utterance 6ebaef8d-bea4-424b-b341-a106c33f37e5-18542389
WARNING (gmm-acc-stats-ali[5.5.513~2-b5f4cf]:main():gmm-acc-stats-ali.cc:79) No alignment for utterance 6ebaef8d-bea4-424b-b341-a106c33f37e5-19338294
WARNING (gmm-acc-stats-ali[5.5.513~2-b5f4cf]:main():gmm-acc-stats-ali.cc:79) No alignment for utterance 6ebaef8d-bea4-424b-b341-a106c33f37e5-19810439
WARNING (gmm-acc-stats-ali[5.5.513~2-b5f4cf]:main():gmm-acc-stats-ali.cc:79) No alignment for utterance 6ebaef8d-bea4-424b-b341-a106c33f37e5-19822419
WARNING (gmm-acc-stats-ali[5.5.513~2-b5f4cf]:main():gmm-acc-stats-ali.cc:79) No alignment for utterance 6ebaef8d-bea4-424b-b341-a106c33f37e5-20355144
WARNING (gmm-acc-stats-ali[5.5.513~2-b5f4cf]:main():gmm-acc-stats-ali.cc:79) No alignment for utterance 6ebaef8d-bea4-424b-b341-a106c33f37e5-21960389
WARNING (gmm-acc-stats-ali[5.5.513~2-b5f4cf]:main():gmm-acc-stats-ali.cc:79) No alignment for utterance 6ebaef8d-bea4-424b-b341-a106c33f37e5-22334709
WARNING (gmm-acc-stats-ali[5.5.513~2-b5f4cf]:main():gmm-acc-stats-ali.cc:79) No alignment for utterance 6ebaef8d-bea4-424b-b341-a106c33f37e5-23350769
WARNING (gmm-acc-stats-ali[5.5.513~2-b5f4cf]:main():gmm-acc-stats-ali.cc:79) No alignment for utterance 6ebaef8d-bea4-424b-b341-a106c33f37e5-23715769
WARNING (gmm-acc-stats-ali[5.5.513~2-b5f4cf]:main():gmm-acc-stats-ali.cc:79) No alignment for utterance 6ebaef8d-bea4-424b-b341-a106c33f37e5-24958024
WARNING (gmm-acc-stats-ali[5.5.513~2-b5f4cf]:main():gmm-acc-stats-ali.cc:79) No alignment for utterance 6ebaef8d-bea4-424b-b341-a106c33f37e5-25550714
WARNING (gmm-acc-stats-ali[5.5.513~2-b5f4cf]:main():gmm-acc-stats-ali.cc:79) No alignment for utterance 6ebaef8d-bea4-424b-b341-a106c33f37e5-27234539
LOG (gmm-acc-stats-ali[5.5.513~2-b5f4cf]:main():gmm-acc-stats-ali.cc:105) Processed 13450 utterances; for utterance 6ebaef8d-bea4-424b-b341-a106c33f37e5-27234540 avg. like is -98.0885 over 1128 frames.
WARNING (gmm-acc-stats-ali[5.5.513~2-b5f4cf]:main():gmm-acc-stats-ali.cc:79) No alignment for utterance 6ebaef8d-bea4-424b-b341-a106c33f37e5-27416674
WARNING (gmm-acc-stats-ali[5.5.513~2-b5f4cf]:main():gmm-acc-stats-ali.cc:79) No alignment for utterance 6ebaef8d-bea4-424b-b341-a106c33f37e5-27519294
WARNING (gmm-acc-stats-ali[5.5.513~2-b5f4cf]:main():gmm-acc-stats-ali.cc:79) No alignment for utterance 6ebaef8d-bea4-424b-b341-a106c33f37e5-28537019
WARNING (gmm-acc-stats-ali[5.5.513~2-b5f4cf]:main():gmm-acc-stats-ali.cc:79) No alignment for utterance 6ebaef8d-bea4-424b-b341-a106c33f37e5-28559769
WARNING (gmm-acc-stats-ali[5.5.513~2-b5f4cf]:main():gmm-acc-stats-ali.cc:79) No alignment for utterance 6ebaef8d-bea4-424b-b341-a106c33f37e5-29710149
WARNING (gmm-acc-stats-ali[5.5.513~2-b5f4cf]:main():gmm-acc-stats-ali.cc:79) No alignment for utterance 6ebaef8d-bea4-424b-b341-a106c33f37e5-30158934
WARNING (gmm-acc-stats-ali[5.5.513~2-b5f4cf]:main():gmm-acc-stats-ali.cc:79) No alignment for utterance 6ebaef8d-bea4-424b-b341-a106c33f37e5-32816484
WARNING (gmm-acc-stats-ali[5.5.513~2-b5f4cf]:main():gmm-acc-stats-ali.cc:79) No alignment for utterance 6ebaef8d-bea4-424b-b341-a106c33f37e5-32831439
WARNING (gmm-acc-stats-ali[5.5.513~2-b5f4cf]:main():gmm-acc-stats-ali.cc:79) No alignment for utterance 6ebaef8d-bea4-424b-b341-a106c33f37e5-32920224
WARNING (gmm-acc-stats-ali[5.5.513~2-b5f4cf]:main():gmm-acc-stats-ali.cc:79) No alignment for utterance 6ebaef8d-bea4-424b-b341-a106c33f37e5-32941689
WARNING (gmm-acc-stats-ali[5.5.513~2-b5f4cf]:main():gmm-acc-stats-ali.cc:79) No alignment for utterance 6ebaef8d-bea4-424b-b341-a106c33f37e5-33030499
WARNING (gmm-acc-stats-ali[5.5.513~2-b5f4cf]:main():gmm-acc-stats-ali.cc:79) No alignment for utterance 6ebaef8d-bea4-424b-b341-a106c33f37e5-33033799
WARNING (gmm-acc-stats-ali[5.5.513~2-b5f4cf]:main():gmm-acc-stats-ali.cc:79) No alignment for utterance 6ebaef8d-bea4-424b-b341-a106c33f37e5-336329
WARNING (gmm-acc-stats-ali[5.5.513~2-b5f4cf]:main():gmm-acc-stats-ali.cc:79) No alignment for utterance 6ebaef8d-bea4-424b-b341-a106c33f37e5-34149979
WARNING (gmm-acc-stats-ali[5.5.513~2-b5f4cf]:main():gmm-acc-stats-ali.cc:79) No alignment for utterance 6ebaef8d-bea4-424b-b341-a106c33f37e5-35024374
LOG (gmm-acc-stats-ali[5.5.513~2-b5f4cf]:main():gmm-acc-stats-ali.cc:105) Processed 13500 utterances; for utterance 6ebaef8d-bea4-424b-b341-a106c33f37e5-35463366 avg. like is -102.103 over 628 frames.
WARNING (gmm-acc-stats-ali[5.5.513~2-b5f4cf]:main():gmm-acc-stats-ali.cc:79) No alignment for utterance 6ebaef8d-bea4-424b-b341-a106c33f37e5-35463369
WARNING (gmm-acc-stats-ali[5.5.513~2-b5f4cf]:main():gmm-acc-stats-ali.cc:79) No alignment for utterance 6ebaef8d-bea4-424b-b341-a106c33f37e5-38265004
WARNING (gmm-acc-stats-ali[5.5.513~2-b5f4cf]:main():gmm-acc-stats-ali.cc:79) No alignment for utterance 6ebaef8d-bea4-424b-b341-a106c33f37e5-3838909
WARNING (gmm-acc-stats-ali[5.5.513~2-b5f4cf]:main():gmm-acc-stats-ali.cc:79) No alignment for utterance 6ebaef8d-bea4-424b-b341-a106c33f37e5-38850594
WARNING (gmm-acc-stats-ali[5.5.513~2-b5f4cf]:main():gmm-acc-stats-ali.cc:79) No alignment for utterance 6ebaef8d-bea4-424b-b341-a106c33f37e5-39752274
WARNING (gmm-acc-stats-ali[5.5.513~2-b5f4cf]:main():gmm-acc-stats-ali.cc:79) No alignment for utterance 6ebaef8d-bea4-424b-b341-a106c33f37e5-40156639
WARNING (gmm-acc-stats-ali[5.5.513~2-b5f4cf]:main():gmm-acc-stats-ali.cc:79) No alignment for utterance 6ebaef8d-bea4-424b-b341-a106c33f37e5-41344714
WARNING (gmm-acc-stats-ali[5.5.513~2-b5f4cf]:main():gmm-acc-stats-ali.cc:79) No alignment for utterance 6ebaef8d-bea4-424b-b341-a106c33f37e5-43250259
WARNING (gmm-acc-stats-ali[5.5.513~2-b5f4cf]:main():gmm-acc-stats-ali.cc:79) No alignment for utterance 6ebaef8d-bea4-424b-b341-a106c33f37e5-43255179
WARNING (gmm-acc-stats-ali[5.5.513~2-b5f4cf]:main():gmm-acc-stats-ali.cc:79) No alignment for utterance 6ebaef8d-bea4-424b-b341-a106c33f37e5-44032019
WARNING (gmm-acc-stats-ali[5.5.513~2-b5f4cf]:main():gmm-acc-stats-ali.cc:79) No alignment for utterance 6ebaef8d-bea4-424b-b341-a106c33f37e5-44713199
WARNING (gmm-acc-stats-ali[5.5.513~2-b5f4cf]:main():gmm-acc-stats-ali.cc:79) No alignment for utterance 6ebaef8d-bea4-424b-b341-a106c33f37e5-45534234
WARNING (gmm-acc-stats-ali[5.5.513~2-b5f4cf]:main():gmm-acc-stats-ali.cc:79) No alignment for utterance 6ebaef8d-bea4-424b-b341-a106c33f37e5-46223169
LOG (gmm-acc-stats-ali[5.5.513~2-b5f4cf]:main():gmm-acc-stats-ali.cc:105) Processed 13550 utterances; for utterance 6ebaef8d-bea4-424b-b341-a106c33f37e5-46223170 avg. like is -96.5519 over 708 frames.
WARNING (gmm-acc-stats-ali[5.5.513~2-b5f4cf]:main():gmm-acc-stats-ali.cc:79) No alignment for utterance 6ebaef8d-bea4-424b-b341-a106c33f37e5-46463274
WARNING (gmm-acc-stats-ali[5.5.513~2-b5f4cf]:main():gmm-acc-stats-ali.cc:79) No alignment for utterance 6ebaef8d-bea4-424b-b341-a106c33f37e5-47745729
WARNING (gmm-acc-stats-ali[5.5.513~2-b5f4cf]:main():gmm-acc-stats-ali.cc:79) No alignment for utterance 6ebaef8d-bea4-424b-b341-a106c33f37e5-47847384
WARNING (gmm-acc-stats-ali[5.5.513~2-b5f4cf]:main():gmm-acc-stats-ali.cc:79) No alignment for utterance 6ebaef8d-bea4-424b-b341-a106c33f37e5-4822964
WARNING (gmm-acc-stats-ali[5.5.513~2-b5f4cf]:main():gmm-acc-stats-ali.cc:79) No alignment for utterance 6ebaef8d-bea4-424b-b341-a106c33f37e5-4921649
WARNING (gmm-acc-stats-ali[5.5.513~2-b5f4cf]:main():gmm-acc-stats-ali.cc:79) No alignment for utterance 6ebaef8d-bea4-424b-b341-a106c33f37e5-51074439
WARNING (gmm-acc-stats-ali[5.5.513~2-b5f4cf]:main():gmm-acc-stats-ali.cc:79) No alignment for utterance 6ebaef8d-bea4-424b-b341-a106c33f37e5-51128639
WARNING (gmm-acc-stats-ali[5.5.513~2-b5f4cf]:main():gmm-acc-stats-ali.cc:79) No alignment for utterance 6ebaef8d-bea4-424b-b341-a106c33f37e5-51557799
WARNING (gmm-acc-stats-ali[5.5.513~2-b5f4cf]:main():gmm-acc-stats-ali.cc:79) No alignment for utterance 6ebaef8d-bea4-424b-b341-a106c33f37e5-5212314
WARNING (gmm-acc-stats-ali[5.5.513~2-b5f4cf]:main():gmm-acc-stats-ali.cc:79) No alignment for utterance 6ebaef8d-bea4-424b-b341-a106c33f37e5-52148284
WARNING (gmm-acc-stats-ali[5.5.513~2-b5f4cf]:main():gmm-acc-stats-ali.cc:79) No alignment for utterance 6ebaef8d-bea4-424b-b341-a106c33f37e5-54542909
WARNING (gmm-acc-stats-ali[5.5.513~2-b5f4cf]:main():gmm-acc-stats-ali.cc:79) No alignment for utterance 6ebaef8d-bea4-424b-b341-a106c33f37e5-54738934
WARNING (gmm-acc-stats-ali[5.5.513~2-b5f4cf]:main():gmm-acc-stats-ali.cc:79) No alignment for utterance 6ebaef8d-bea4-424b-b341-a106c33f37e5-55340179
WARNING (gmm-acc-stats-ali[5.5.513~2-b5f4cf]:main():gmm-acc-stats-ali.cc:79) No alignment for utterance 6ebaef8d-bea4-424b-b341-a106c33f37e5-59843059
LOG (gmm-acc-stats-ali[5.5.513~2-b5f4cf]:main():gmm-acc-stats-ali.cc:105) Processed 13600 utterances; for utterance 6ebaef8d-bea4-424b-b341-a106c33f37e5-60356065 avg. like is -92.0588 over 398 frames.
WARNING (gmm-acc-stats-ali[5.5.513~2-b5f4cf]:main():gmm-acc-stats-ali.cc:79) No alignment for utterance 6ebaef8d-bea4-424b-b341-a106c33f37e5-60665104
WARNING (gmm-acc-stats-ali[5.5.513~2-b5f4cf]:main():gmm-acc-stats-ali.cc:79) No alignment for utterance 6ebaef8d-bea4-424b-b341-a106c33f37e5-60665619
WARNING (gmm-acc-stats-ali[5.5.513~2-b5f4cf]:main():gmm-acc-stats-ali.cc:79) No alignment for utterance 6ebaef8d-bea4-424b-b341-a106c33f37e5-62519224
WARNING (gmm-acc-stats-ali[5.5.513~2-b5f4cf]:main():gmm-acc-stats-ali.cc:79) No alignment for utterance 6ebaef8d-bea4-424b-b341-a106c33f37e5-62959619
WARNING (gmm-acc-stats-ali[5.5.513~2-b5f4cf]:main():gmm-acc-stats-ali.cc:79) No alignment for utterance 6ebaef8d-bea4-424b-b341-a106c33f37e5-6328294
WARNING (gmm-acc-stats-ali[5.5.513~2-b5f4cf]:main():gmm-acc-stats-ali.cc:79) No alignment for utterance 6ebaef8d-bea4-424b-b341-a106c33f37e5-64269519
WARNING (gmm-acc-stats-ali[5.5.513~2-b5f4cf]:main():gmm-acc-stats-ali.cc:79) No alignment for utterance 6ebaef8d-bea4-424b-b341-a106c33f37e5-64846454
WARNING (gmm-acc-stats-ali[5.5.513~2-b5f4cf]:main():gmm-acc-stats-ali.cc:79) No alignment for utterance 6ebaef8d-bea4-424b-b341-a106c33f37e5-66762054
WARNING (gmm-acc-stats-ali[5.5.513~2-b5f4cf]:main():gmm-acc-stats-ali.cc:79) No alignment for utterance 6ebaef8d-bea4-424b-b341-a106c33f37e5-67940909
WARNING (gmm-acc-stats-ali[5.5.513~2-b5f4cf]:main():gmm-acc-stats-ali.cc:79) No alignment for utterance 6ebaef8d-bea4-424b-b341-a106c33f37e5-68174239
WARNING (gmm-acc-stats-ali[5.5.513~2-b5f4cf]:main():gmm-acc-stats-ali.cc:79) No alignment for utterance 6ebaef8d-bea4-424b-b341-a106c33f37e5-68765289
WARNING (gmm-acc-stats-ali[5.5.513~2-b5f4cf]:main():gmm-acc-stats-ali.cc:79) No alignment for utterance 6ebaef8d-bea4-424b-b341-a106c33f37e5-69817404
WARNING (gmm-acc-stats-ali[5.5.513~2-b5f4cf]:main():gmm-acc-stats-ali.cc:79) No alignment for utterance 6ebaef8d-bea4-424b-b341-a106c33f37e5-69823959
WARNING (gmm-acc-stats-ali[5.5.513~2-b5f4cf]:main():gmm-acc-stats-ali.cc:79) No alignment for utterance 6ebaef8d-bea4-424b-b341-a106c33f37e5-69948644
LOG (gmm-acc-stats-ali[5.5.513~2-b5f4cf]:main():gmm-acc-stats-ali.cc:105) Processed 13650 utterances; for utterance 6ebaef8d-bea4-424b-b341-a106c33f37e5-69948645 avg. like is -97.2043 over 778 frames.
WARNING (gmm-acc-stats-ali[5.5.513~2-b5f4cf]:main():gmm-acc-stats-ali.cc:79) No alignment for utterance 6ebaef8d-bea4-424b-b341-a106c33f37e5-70824324
WARNING (gmm-acc-stats-ali[5.5.513~2-b5f4cf]:main():gmm-acc-stats-ali.cc:79) No alignment for utterance 6ebaef8d-bea4-424b-b341-a106c33f37e5-71215964
WARNING (gmm-acc-stats-ali[5.5.513~2-b5f4cf]:main():gmm-acc-stats-ali.cc:79) No alignment for utterance 6ebaef8d-bea4-424b-b341-a106c33f37e5-71270104
WARNING (gmm-acc-stats-ali[5.5.513~2-b5f4cf]:main():gmm-acc-stats-ali.cc:79) No alignment for utterance 6ebaef8d-bea4-424b-b341-a106c33f37e5-72671564
WARNING (gmm-acc-stats-ali[5.5.513~2-b5f4cf]:main():gmm-acc-stats-ali.cc:79) No alignment for utterance 6ebaef8d-bea4-424b-b341-a106c33f37e5-72832494
WARNING (gmm-acc-stats-ali[5.5.513~2-b5f4cf]:main():gmm-acc-stats-ali.cc:79) No alignment for utterance 6ebaef8d-bea4-424b-b341-a106c33f37e5-73249374
WARNING (gmm-acc-stats-ali[5.5.513~2-b5f4cf]:main():gmm-acc-stats-ali.cc:79) No alignment for utterance 6ebaef8d-bea4-424b-b341-a106c33f37e5-73340324
WARNING (gmm-acc-stats-ali[5.5.513~2-b5f4cf]:main():gmm-acc-stats-ali.cc:79) No alignment for utterance 6ebaef8d-bea4-424b-b341-a106c33f37e5-7434984
WARNING (gmm-acc-stats-ali[5.5.513~2-b5f4cf]:main():gmm-acc-stats-ali.cc:79) No alignment for utterance 6ebaef8d-bea4-424b-b341-a106c33f37e5-76131894
WARNING (gmm-acc-stats-ali[5.5.513~2-b5f4cf]:main():gmm-acc-stats-ali.cc:79) No alignment for utterance 6ebaef8d-bea4-424b-b341-a106c33f37e5-76272504
WARNING (gmm-acc-stats-ali[5.5.513~2-b5f4cf]:main():gmm-acc-stats-ali.cc:79) No alignment for utterance 6ebaef8d-bea4-424b-b341-a106c33f37e5-76412724
LOG (gmm-acc-stats-ali[5.5.513~2-b5f4cf]:main():gmm-acc-stats-ali.cc:105) Processed 13700 utterances; for utterance 6ebaef8d-bea4-424b-b341-a106c33f37e5-76668951 avg. like is -102.809 over 758 frames.
WARNING (gmm-acc-stats-ali[5.5.513~2-b5f4cf]:main():gmm-acc-stats-ali.cc:79) No alignment for utterance 6ebaef8d-bea4-424b-b341-a106c33f37e5-76668954
WARNING (gmm-acc-stats-ali[5.5.513~2-b5f4cf]:main():gmm-acc-stats-ali.cc:79) No alignment for utterance 6ebaef8d-bea4-424b-b341-a106c33f37e5-76725889
WARNING (gmm-acc-stats-ali[5.5.513~2-b5f4cf]:main():gmm-acc-stats-ali.cc:79) No alignment for utterance 6ebaef8d-bea4-424b-b341-a106c33f37e5-77366224
WARNING (gmm-acc-stats-ali[5.5.513~2-b5f4cf]:main():gmm-acc-stats-ali.cc:79) No alignment for utterance 6ebaef8d-bea4-424b-b341-a106c33f37e5-77965694
LOG (gmm-acc-stats-ali[5.5.513~2-b5f4cf]:main():gmm-acc-stats-ali.cc:105) Processed 13750 utterances; for utterance 6ebaef8d-bea4-424b-b341-a106c33f37e5-79837104 avg. like is -124.814 over 198 frames.
WARNING (gmm-acc-stats-ali[5.5.513~2-b5f4cf]:main():gmm-acc-stats-ali.cc:79) No alignment for utterance 6ebaef8d-bea4-424b-b341-a106c33f37e5-80521764
WARNING (gmm-acc-stats-ali[5.5.513~2-b5f4cf]:main():gmm-acc-stats-ali.cc:79) No alignment for utterance 6ebaef8d-bea4-424b-b341-a106c33f37e5-80939484
LOG (gmm-acc-stats-ali[5.5.513~2-b5f4cf]:main():gmm-acc-stats-ali.cc:105) Processed 13800 utterances; for utterance 6ebaef8d-bea4-424b-b341-a106c33f37e5-81249499 avg. like is -124.653 over 248 frames.
WARNING (gmm-acc-stats-ali[5.5.513~2-b5f4cf]:main():gmm-acc-stats-ali.cc:79) No alignment for utterance 6ebaef8d-bea4-424b-b341-a106c33f37e5-816959
WARNING (gmm-acc-stats-ali[5.5.513~2-b5f4cf]:main():gmm-acc-stats-ali.cc:79) No alignment for utterance 6ebaef8d-bea4-424b-b341-a106c33f37e5-8318219
LOG (gmm-acc-stats-ali[5.5.513~2-b5f4cf]:main():gmm-acc-stats-ali.cc:105) Processed 13850 utterances; for utterance 6ebaef8d-bea4-424b-b341-a106c33f37e5-83711469 avg. like is -116.624 over 198 frames.
WARNING (gmm-acc-stats-ali[5.5.513~2-b5f4cf]:main():gmm-acc-stats-ali.cc:79) No alignment for utterance 6ebaef8d-bea4-424b-b341-a106c33f37e5-842029
WARNING (gmm-acc-stats-ali[5.5.513~2-b5f4cf]:main():gmm-acc-stats-ali.cc:79) No alignment for utterance 6ebaef8d-bea4-424b-b341-a106c33f37e5-84250964
WARNING (gmm-acc-stats-ali[5.5.513~2-b5f4cf]:main():gmm-acc-stats-ali.cc:79) No alignment for utterance 6ebaef8d-bea4-424b-b341-a106c33f37e5-84847924
LOG (gmm-acc-stats-ali[5.5.513~2-b5f4cf]:main():gmm-acc-stats-ali.cc:105) Processed 13900 utterances; for utterance 6ebaef8d-bea4-424b-b341-a106c33f37e5-87043425 avg. like is -88.9695 over 178 frames.
LOG (gmm-acc-stats-ali[5.5.513~2-b5f4cf]:main():gmm-acc-stats-ali.cc:105) Processed 13950 utterances; for utterance 6ebaef8d-bea4-424b-b341-a106c33f37e5-88754513 avg. like is -93.277 over 228 frames.
WARNING (gmm-acc-stats-ali[5.5.513~2-b5f4cf]:main():gmm-acc-stats-ali.cc:79) No alignment for utterance 6ebaef8d-bea4-424b-b341-a106c33f37e5-88754514
LOG (gmm-acc-stats-ali[5.5.513~2-b5f4cf]:main():gmm-acc-stats-ali.cc:105) Processed 14000 utterances; for utterance 6ebaef8d-bea4-424b-b341-a106c33f37e5-90571641 avg. like is -95.342 over 158 frames.
WARNING (gmm-acc-stats-ali[5.5.513~2-b5f4cf]:main():gmm-acc-stats-ali.cc:79) No alignment for utterance 6ebaef8d-bea4-424b-b341-a106c33f37e5-90736319
WARNING (gmm-acc-stats-ali[5.5.513~2-b5f4cf]:main():gmm-acc-stats-ali.cc:79) No alignment for utterance 6ebaef8d-bea4-424b-b341-a106c33f37e5-92030019
WARNING (gmm-acc-stats-ali[5.5.513~2-b5f4cf]:main():gmm-acc-stats-ali.cc:79) No alignment for utterance 6ebaef8d-bea4-424b-b341-a106c33f37e5-9245509
LOG (gmm-acc-stats-ali[5.5.513~2-b5f4cf]:main():gmm-acc-stats-ali.cc:105) Processed 14050 utterances; for utterance 6ebaef8d-bea4-424b-b341-a106c33f37e5-93662653 avg. like is -89.9 over 168 frames.
WARNING (gmm-acc-stats-ali[5.5.513~2-b5f4cf]:main():gmm-acc-stats-ali.cc:79) No alignment for utterance 6ebaef8d-bea4-424b-b341-a106c33f37e5-9557884
WARNING (gmm-acc-stats-ali[5.5.513~2-b5f4cf]:main():gmm-acc-stats-ali.cc:79) No alignment for utterance 6ebaef8d-bea4-424b-b341-a106c33f37e5-9717019
WARNING (gmm-acc-stats-ali[5.5.513~2-b5f4cf]:main():gmm-acc-stats-ali.cc:79) No alignment for utterance 6ebaef8d-bea4-424b-b341-a106c33f37e5-9957009
WARNING (gmm-acc-stats-ali[5.5.513~2-b5f4cf]:main():gmm-acc-stats-ali.cc:79) No alignment for utterance 6ebaef8d-bea4-424b-b341-a106c33f37e5-9970659
LOG (gmm-acc-stats-ali[5.5.513~2-b5f4cf]:main():gmm-acc-stats-ali.cc:105) Processed 14100 utterances; for utterance 6fe6c286-67d8-4a59-89df-7aed71487aae-10033744 avg. like is -78.4986 over 238 frames.
LOG (gmm-acc-stats-ali[5.5.513~2-b5f4cf]:main():gmm-acc-stats-ali.cc:105) Processed 14150 utterances; for utterance 6fe6c286-67d8-4a59-89df-7aed71487aae-27173699 avg. like is -81.3442 over 458 frames.
LOG (gmm-acc-stats-ali[5.5.513~2-b5f4cf]:main():gmm-acc-stats-ali.cc:105) Processed 14200 utterances; for utterance 6fe6c286-67d8-4a59-89df-7aed71487aae-32260484 avg. like is -82.098 over 1588 frames.
LOG (gmm-acc-stats-ali[5.5.513~2-b5f4cf]:main():gmm-acc-stats-ali.cc:105) Processed 14250 utterances; for utterance 6fe6c286-67d8-4a59-89df-7aed71487aae-38672924 avg. like is -82.9303 over 778 frames.
LOG (gmm-acc-stats-ali[5.5.513~2-b5f4cf]:main():gmm-acc-stats-ali.cc:105) Processed 14300 utterances; for utterance 6fe6c286-67d8-4a59-89df-7aed71487aae-51758634 avg. like is -84.259 over 788 frames.
LOG (gmm-acc-stats-ali[5.5.513~2-b5f4cf]:main():gmm-acc-stats-ali.cc:105) Processed 14350 utterances; for utterance 6fe6c286-67d8-4a59-89df-7aed71487aae-6548454 avg. like is -84.0281 over 1088 frames.
LOG (gmm-acc-stats-ali[5.5.513~2-b5f4cf]:main():gmm-acc-stats-ali.cc:105) Processed 14400 utterances; for utterance 6fe6c286-67d8-4a59-89df-7aed71487aae-72455719 avg. like is -83.3543 over 558 frames.
LOG (gmm-acc-stats-ali[5.5.513~2-b5f4cf]:main():gmm-acc-stats-ali.cc:105) Processed 14450 utterances; for utterance 6fe6c286-67d8-4a59-89df-7aed71487aae-76952034 avg. like is -78.044 over 188 frames.
LOG (gmm-acc-stats-ali[5.5.513~2-b5f4cf]:main():gmm-acc-stats-ali.cc:105) Processed 14500 utterances; for utterance 6fe6c286-67d8-4a59-89df-7aed71487aae-81769599 avg. like is -79.9713 over 218 frames.
LOG (gmm-acc-stats-ali[5.5.513~2-b5f4cf]:main():gmm-acc-stats-ali.cc:105) Processed 14550 utterances; for utterance 6fe6c286-67d8-4a59-89df-7aed71487aae-84853939 avg. like is -78.615 over 218 frames.
LOG (gmm-acc-stats-ali[5.5.513~2-b5f4cf]:main():gmm-acc-stats-ali.cc:105) Processed 14600 utterances; for utterance 6fe6c286-67d8-4a59-89df-7aed71487aae-87034789 avg. like is -77.849 over 198 frames.
LOG (gmm-acc-stats-ali[5.5.513~2-b5f4cf]:main():gmm-acc-stats-ali.cc:105) Processed 14650 utterances; for utterance 6fe6c286-67d8-4a59-89df-7aed71487aae-90837099 avg. like is -79.0054 over 188 frames.
LOG (gmm-acc-stats-ali[5.5.513~2-b5f4cf]:main():gmm-acc-stats-ali.cc:105) Processed 14700 utterances; for utterance 6fe6c286-67d8-4a59-89df-7aed71487aae-93016749 avg. like is -81.4576 over 238 frames.
LOG (gmm-acc-stats-ali[5.5.513~2-b5f4cf]:main():gmm-acc-stats-ali.cc:105) Processed 14750 utterances; for utterance 73caeff7-f3c7-4411-b17e-a6baff77a51f-19836304 avg. like is -86.7412 over 1888 frames.
LOG (gmm-acc-stats-ali[5.5.513~2-b5f4cf]:main():gmm-acc-stats-ali.cc:105) Processed 14800 utterances; for utterance 73caeff7-f3c7-4411-b17e-a6baff77a51f-29858944 avg. like is -87.466 over 4328 frames.
LOG (gmm-acc-stats-ali[5.5.513~2-b5f4cf]:main():gmm-acc-stats-ali.cc:105) Processed 14850 utterances; for utterance 73caeff7-f3c7-4411-b17e-a6baff77a51f-57748194 avg. like is -88.2946 over 2948 frames.
LOG (gmm-acc-stats-ali[5.5.513~2-b5f4cf]:main():gmm-acc-stats-ali.cc:105) Processed 14900 utterances; for utterance 74b6c7da-f2cb-44a7-9127-8bcb864cfce2-14040314 avg. like is -83.948 over 678 frames.
LOG (gmm-acc-stats-ali[5.5.513~2-b5f4cf]:main():gmm-acc-stats-ali.cc:105) Processed 14950 utterances; for utterance 74b6c7da-f2cb-44a7-9127-8bcb864cfce2-20942254 avg. like is -81.6051 over 558 frames.
LOG (gmm-acc-stats-ali[5.5.513~2-b5f4cf]:main():gmm-acc-stats-ali.cc:105) Processed 15000 utterances; for utterance 74b6c7da-f2cb-44a7-9127-8bcb864cfce2-28565339 avg. like is -83.3634 over 1708 frames.
LOG (gmm-acc-stats-ali[5.5.513~2-b5f4cf]:main():gmm-acc-stats-ali.cc:105) Processed 15050 utterances; for utterance 74b6c7da-f2cb-44a7-9127-8bcb864cfce2-39930094 avg. like is -83.9418 over 1658 frames.
LOG (gmm-acc-stats-ali[5.5.513~2-b5f4cf]:main():gmm-acc-stats-ali.cc:105) Processed 15100 utterances; for utterance 74b6c7da-f2cb-44a7-9127-8bcb864cfce2-5431099 avg. like is -81.3895 over 1608 frames.
LOG (gmm-acc-stats-ali[5.5.513~2-b5f4cf]:main():gmm-acc-stats-ali.cc:105) Processed 15150 utterances; for utterance 74b6c7da-f2cb-44a7-9127-8bcb864cfce2-67237039 avg. like is -83.6305 over 698 frames.
LOG (gmm-acc-stats-ali[5.5.513~2-b5f4cf]:main():gmm-acc-stats-ali.cc:105) Processed 15200 utterances; for utterance 74b6c7da-f2cb-44a7-9127-8bcb864cfce2-73411924 avg. like is -82.7468 over 568 frames.
LOG (gmm-acc-stats-ali[5.5.513~2-b5f4cf]:main():gmm-acc-stats-ali.cc:105) Processed 15250 utterances; for utterance 74b6c7da-f2cb-44a7-9127-8bcb864cfce2-79225129 avg. like is -82.1771 over 218 frames.
LOG (gmm-acc-stats-ali[5.5.513~2-b5f4cf]:main():gmm-acc-stats-ali.cc:105) Processed 15300 utterances; for utterance 74b6c7da-f2cb-44a7-9127-8bcb864cfce2-82965054 avg. like is -81.272 over 248 frames.
LOG (gmm-acc-stats-ali[5.5.513~2-b5f4cf]:main():gmm-acc-stats-ali.cc:105) Processed 15350 utterances; for utterance 74b6c7da-f2cb-44a7-9127-8bcb864cfce2-85338194 avg. like is -80.6749 over 168 frames.
LOG (gmm-acc-stats-ali[5.5.513~2-b5f4cf]:main():gmm-acc-stats-ali.cc:105) Processed 15400 utterances; for utterance 74b6c7da-f2cb-44a7-9127-8bcb864cfce2-89673939 avg. like is -80.5662 over 188 frames.
LOG (gmm-acc-stats-ali[5.5.513~2-b5f4cf]:main():gmm-acc-stats-ali.cc:105) Processed 15450 utterances; for utterance 74b6c7da-f2cb-44a7-9127-8bcb864cfce2-92943334 avg. like is -79.9594 over 228 frames.
LOG (gmm-acc-stats-ali[5.5.513~2-b5f4cf]:main():gmm-acc-stats-ali.cc:105) Processed 15500 utterances; for utterance 751163c4-bc8c-4254-a45b-56621c89c799-10527295 avg. like is -95.0824 over 478 frames.
WARNING (gmm-acc-stats-ali[5.5.513~2-b5f4cf]:main():gmm-acc-stats-ali.cc:79) No alignment for utterance 751163c4-bc8c-4254-a45b-56621c89c799-10672819
WARNING (gmm-acc-stats-ali[5.5.513~2-b5f4cf]:main():gmm-acc-stats-ali.cc:79) No alignment for utterance 751163c4-bc8c-4254-a45b-56621c89c799-11570704
WARNING (gmm-acc-stats-ali[5.5.513~2-b5f4cf]:main():gmm-acc-stats-ali.cc:79) No alignment for utterance 751163c4-bc8c-4254-a45b-56621c89c799-1466394
WARNING (gmm-acc-stats-ali[5.5.513~2-b5f4cf]:main():gmm-acc-stats-ali.cc:79) No alignment for utterance 751163c4-bc8c-4254-a45b-56621c89c799-1471169
WARNING (gmm-acc-stats-ali[5.5.513~2-b5f4cf]:main():gmm-acc-stats-ali.cc:79) No alignment for utterance 751163c4-bc8c-4254-a45b-56621c89c799-16144684
WARNING (gmm-acc-stats-ali[5.5.513~2-b5f4cf]:main():gmm-acc-stats-ali.cc:79) No alignment for utterance 751163c4-bc8c-4254-a45b-56621c89c799-19731479
WARNING (gmm-acc-stats-ali[5.5.513~2-b5f4cf]:main():gmm-acc-stats-ali.cc:79) No alignment for utterance 751163c4-bc8c-4254-a45b-56621c89c799-19953034
WARNING (gmm-acc-stats-ali[5.5.513~2-b5f4cf]:main():gmm-acc-stats-ali.cc:79) No alignment for utterance 751163c4-bc8c-4254-a45b-56621c89c799-20124739
WARNING (gmm-acc-stats-ali[5.5.513~2-b5f4cf]:main():gmm-acc-stats-ali.cc:79) No alignment for utterance 751163c4-bc8c-4254-a45b-56621c89c799-21012359
WARNING (gmm-acc-stats-ali[5.5.513~2-b5f4cf]:main():gmm-acc-stats-ali.cc:79) No alignment for utterance 751163c4-bc8c-4254-a45b-56621c89c799-22225984
LOG (gmm-acc-stats-ali[5.5.513~2-b5f4cf]:main():gmm-acc-stats-ali.cc:105) Processed 15550 utterances; for utterance 751163c4-bc8c-4254-a45b-56621c89c799-22225985 avg. like is -94.9693 over 828 frames.
WARNING (gmm-acc-stats-ali[5.5.513~2-b5f4cf]:main():gmm-acc-stats-ali.cc:79) No alignment for utterance 751163c4-bc8c-4254-a45b-56621c89c799-27117144
WARNING (gmm-acc-stats-ali[5.5.513~2-b5f4cf]:main():gmm-acc-stats-ali.cc:79) No alignment for utterance 751163c4-bc8c-4254-a45b-56621c89c799-27256054
WARNING (gmm-acc-stats-ali[5.5.513~2-b5f4cf]:main():gmm-acc-stats-ali.cc:79) No alignment for utterance 751163c4-bc8c-4254-a45b-56621c89c799-27326879
WARNING (gmm-acc-stats-ali[5.5.513~2-b5f4cf]:main():gmm-acc-stats-ali.cc:79) No alignment for utterance 751163c4-bc8c-4254-a45b-56621c89c799-30166809
WARNING (gmm-acc-stats-ali[5.5.513~2-b5f4cf]:main():gmm-acc-stats-ali.cc:79) No alignment for utterance 751163c4-bc8c-4254-a45b-56621c89c799-33036254
WARNING (gmm-acc-stats-ali[5.5.513~2-b5f4cf]:main():gmm-acc-stats-ali.cc:79) No alignment for utterance 751163c4-bc8c-4254-a45b-56621c89c799-33052179
WARNING (gmm-acc-stats-ali[5.5.513~2-b5f4cf]:main():gmm-acc-stats-ali.cc:79) No alignment for utterance 751163c4-bc8c-4254-a45b-56621c89c799-35055914
WARNING (gmm-acc-stats-ali[5.5.513~2-b5f4cf]:main():gmm-acc-stats-ali.cc:79) No alignment for utterance 751163c4-bc8c-4254-a45b-56621c89c799-38749859
LOG (gmm-acc-stats-ali[5.5.513~2-b5f4cf]:main():gmm-acc-stats-ali.cc:105) Processed 15600 utterances; for utterance 751163c4-bc8c-4254-a45b-56621c89c799-4956153 avg. like is -97.442 over 868 frames.
WARNING (gmm-acc-stats-ali[5.5.513~2-b5f4cf]:main():gmm-acc-stats-ali.cc:79) No alignment for utterance 751163c4-bc8c-4254-a45b-56621c89c799-49645724
WARNING (gmm-acc-stats-ali[5.5.513~2-b5f4cf]:main():gmm-acc-stats-ali.cc:79) No alignment for utterance 751163c4-bc8c-4254-a45b-56621c89c799-55644954
WARNING (gmm-acc-stats-ali[5.5.513~2-b5f4cf]:main():gmm-acc-stats-ali.cc:79) No alignment for utterance 751163c4-bc8c-4254-a45b-56621c89c799-61217399
WARNING (gmm-acc-stats-ali[5.5.513~2-b5f4cf]:main():gmm-acc-stats-ali.cc:79) No alignment for utterance 751163c4-bc8c-4254-a45b-56621c89c799-64222469
WARNING (gmm-acc-stats-ali[5.5.513~2-b5f4cf]:main():gmm-acc-stats-ali.cc:79) No alignment for utterance 751163c4-bc8c-4254-a45b-56621c89c799-6734924
WARNING (gmm-acc-stats-ali[5.5.513~2-b5f4cf]:main():gmm-acc-stats-ali.cc:79) No alignment for utterance 751163c4-bc8c-4254-a45b-56621c89c799-68824874
LOG (gmm-acc-stats-ali[5.5.513~2-b5f4cf]:main():gmm-acc-stats-ali.cc:105) Processed 15650 utterances; for utterance 751163c4-bc8c-4254-a45b-56621c89c799-72312318 avg. like is -99.3704 over 698 frames.
WARNING (gmm-acc-stats-ali[5.5.513~2-b5f4cf]:main():gmm-acc-stats-ali.cc:79) No alignment for utterance 751163c4-bc8c-4254-a45b-56621c89c799-72312319
WARNING (gmm-acc-stats-ali[5.5.513~2-b5f4cf]:main():gmm-acc-stats-ali.cc:79) No alignment for utterance 751163c4-bc8c-4254-a45b-56621c89c799-72929349
WARNING (gmm-acc-stats-ali[5.5.513~2-b5f4cf]:main():gmm-acc-stats-ali.cc:79) No alignment for utterance 751163c4-bc8c-4254-a45b-56621c89c799-73130459
WARNING (gmm-acc-stats-ali[5.5.513~2-b5f4cf]:main():gmm-acc-stats-ali.cc:79) No alignment for utterance 751163c4-bc8c-4254-a45b-56621c89c799-75632344
LOG (gmm-acc-stats-ali[5.5.513~2-b5f4cf]:main():gmm-acc-stats-ali.cc:105) Processed 15700 utterances; for utterance 751163c4-bc8c-4254-a45b-56621c89c799-82032480 avg. like is -84.8298 over 148 frames.
LOG (gmm-acc-stats-ali[5.5.513~2-b5f4cf]:main():gmm-acc-stats-ali.cc:105) Processed 15750 utterances; for utterance 751163c4-bc8c-4254-a45b-56621c89c799-90057618 avg. like is -90.9348 over 238 frames.
WARNING (gmm-acc-stats-ali[5.5.513~2-b5f4cf]:main():gmm-acc-stats-ali.cc:79) No alignment for utterance 751163c4-bc8c-4254-a45b-56621c89c799-91134489
LOG (apply-cmvn[5.5.513~2-b5f4cf]:main():apply-cmvn.cc:162) Applied cepstral mean normalization to 15999 utterances, errors on 0
LOG (gmm-acc-stats-ali[5.5.513~2-b5f4cf]:main():gmm-acc-stats-ali.cc:112) Done 15795 files, 204 with errors.
LOG (gmm-acc-stats-ali[5.5.513~2-b5f4cf]:main():gmm-acc-stats-ali.cc:115) Overall avg like per frame (Gaussian only) = -96.8509 over 13143321 frames.
LOG (gmm-acc-stats-ali[5.5.513~2-b5f4cf]:main():gmm-acc-stats-ali.cc:123) Written accs.
# Accounting: time=44 threads=1
# Ended (code 0) at Tue Jan 14 23:43:30 CET 2020, elapsed time 44 seconds
