# gmm-acc-stats-ali exp/mono/19.mdl "ark,s,cs:apply-cmvn  --utt2spk=ark:data/train/split4/3/utt2spk scp:data/train/split4/3/cmvn.scp scp:data/train/split4/3/feats.scp ark:- | add-deltas  ark:- ark:- |" "ark:gunzip -c exp/mono/ali.3.gz|" exp/mono/19.3.acc 
# Started at Tue Jan 14 23:10:03 CET 2020
#
gmm-acc-stats-ali exp/mono/19.mdl 'ark,s,cs:apply-cmvn  --utt2spk=ark:data/train/split4/3/utt2spk scp:data/train/split4/3/cmvn.scp scp:data/train/split4/3/feats.scp ark:- | add-deltas  ark:- ark:- |' 'ark:gunzip -c exp/mono/ali.3.gz|' exp/mono/19.3.acc 
apply-cmvn --utt2spk=ark:data/train/split4/3/utt2spk scp:data/train/split4/3/cmvn.scp scp:data/train/split4/3/feats.scp ark:- 
add-deltas ark:- ark:- 
WARNING (gmm-acc-stats-ali[5.5.513~2-b5f4cf]:main():gmm-acc-stats-ali.cc:79) No alignment for utterance 757cf316-c655-4ff4-8a7b-750f00b18a2f-1158609
WARNING (gmm-acc-stats-ali[5.5.513~2-b5f4cf]:main():gmm-acc-stats-ali.cc:79) No alignment for utterance 757cf316-c655-4ff4-8a7b-750f00b18a2f-14357109
LOG (gmm-acc-stats-ali[5.5.513~2-b5f4cf]:main():gmm-acc-stats-ali.cc:105) Processed 50 utterances; for utterance 757cf316-c655-4ff4-8a7b-750f00b18a2f-24159257 avg. like is -109.697 over 1838 frames.
WARNING (gmm-acc-stats-ali[5.5.513~2-b5f4cf]:main():gmm-acc-stats-ali.cc:79) No alignment for utterance 757cf316-c655-4ff4-8a7b-750f00b18a2f-24159259
WARNING (gmm-acc-stats-ali[5.5.513~2-b5f4cf]:main():gmm-acc-stats-ali.cc:79) No alignment for utterance 757cf316-c655-4ff4-8a7b-750f00b18a2f-25937664
WARNING (gmm-acc-stats-ali[5.5.513~2-b5f4cf]:main():gmm-acc-stats-ali.cc:79) No alignment for utterance 757cf316-c655-4ff4-8a7b-750f00b18a2f-30966909
WARNING (gmm-acc-stats-ali[5.5.513~2-b5f4cf]:main():gmm-acc-stats-ali.cc:79) No alignment for utterance 757cf316-c655-4ff4-8a7b-750f00b18a2f-32150231
WARNING (gmm-acc-stats-ali[5.5.513~2-b5f4cf]:main():gmm-acc-stats-ali.cc:79) No alignment for utterance 757cf316-c655-4ff4-8a7b-750f00b18a2f-32150232
WARNING (gmm-acc-stats-ali[5.5.513~2-b5f4cf]:main():gmm-acc-stats-ali.cc:79) No alignment for utterance 757cf316-c655-4ff4-8a7b-750f00b18a2f-32150233
WARNING (gmm-acc-stats-ali[5.5.513~2-b5f4cf]:main():gmm-acc-stats-ali.cc:79) No alignment for utterance 757cf316-c655-4ff4-8a7b-750f00b18a2f-32150234
WARNING (gmm-acc-stats-ali[5.5.513~2-b5f4cf]:main():gmm-acc-stats-ali.cc:79) No alignment for utterance 757cf316-c655-4ff4-8a7b-750f00b18a2f-32150235
LOG (gmm-acc-stats-ali[5.5.513~2-b5f4cf]:main():gmm-acc-stats-ali.cc:105) Processed 100 utterances; for utterance 757cf316-c655-4ff4-8a7b-750f00b18a2f-34270355 avg. like is -98.1391 over 568 frames.
WARNING (gmm-acc-stats-ali[5.5.513~2-b5f4cf]:main():gmm-acc-stats-ali.cc:79) No alignment for utterance 757cf316-c655-4ff4-8a7b-750f00b18a2f-34636474
WARNING (gmm-acc-stats-ali[5.5.513~2-b5f4cf]:main():gmm-acc-stats-ali.cc:79) No alignment for utterance 757cf316-c655-4ff4-8a7b-750f00b18a2f-39936394
LOG (gmm-acc-stats-ali[5.5.513~2-b5f4cf]:main():gmm-acc-stats-ali.cc:105) Processed 150 utterances; for utterance 757cf316-c655-4ff4-8a7b-750f00b18a2f-45966962 avg. like is -110.569 over 1348 frames.
WARNING (gmm-acc-stats-ali[5.5.513~2-b5f4cf]:main():gmm-acc-stats-ali.cc:79) No alignment for utterance 757cf316-c655-4ff4-8a7b-750f00b18a2f-53771637
WARNING (gmm-acc-stats-ali[5.5.513~2-b5f4cf]:main():gmm-acc-stats-ali.cc:79) No alignment for utterance 757cf316-c655-4ff4-8a7b-750f00b18a2f-5540299
LOG (gmm-acc-stats-ali[5.5.513~2-b5f4cf]:main():gmm-acc-stats-ali.cc:105) Processed 200 utterances; for utterance 757cf316-c655-4ff4-8a7b-750f00b18a2f-57819243 avg. like is -94.4752 over 508 frames.
WARNING (gmm-acc-stats-ali[5.5.513~2-b5f4cf]:main():gmm-acc-stats-ali.cc:79) No alignment for utterance 757cf316-c655-4ff4-8a7b-750f00b18a2f-58754699
WARNING (gmm-acc-stats-ali[5.5.513~2-b5f4cf]:main():gmm-acc-stats-ali.cc:79) No alignment for utterance 757cf316-c655-4ff4-8a7b-750f00b18a2f-65222464
WARNING (gmm-acc-stats-ali[5.5.513~2-b5f4cf]:main():gmm-acc-stats-ali.cc:79) No alignment for utterance 757cf316-c655-4ff4-8a7b-750f00b18a2f-72447754
LOG (gmm-acc-stats-ali[5.5.513~2-b5f4cf]:main():gmm-acc-stats-ali.cc:105) Processed 250 utterances; for utterance 757cf316-c655-4ff4-8a7b-750f00b18a2f-73315681 avg. like is -104.985 over 978 frames.
WARNING (gmm-acc-stats-ali[5.5.513~2-b5f4cf]:main():gmm-acc-stats-ali.cc:79) No alignment for utterance 757cf316-c655-4ff4-8a7b-750f00b18a2f-823904
WARNING (gmm-acc-stats-ali[5.5.513~2-b5f4cf]:main():gmm-acc-stats-ali.cc:79) No alignment for utterance 757cf316-c655-4ff4-8a7b-750f00b18a2f-9150814
LOG (gmm-acc-stats-ali[5.5.513~2-b5f4cf]:main():gmm-acc-stats-ali.cc:105) Processed 300 utterances; for utterance 77b4ff89-c809-4ef1-8da0-f1792d719c2c-10327138 avg. like is -92.2706 over 1698 frames.
LOG (gmm-acc-stats-ali[5.5.513~2-b5f4cf]:main():gmm-acc-stats-ali.cc:105) Processed 350 utterances; for utterance 77b4ff89-c809-4ef1-8da0-f1792d719c2c-18854753 avg. like is -89.5294 over 1698 frames.
LOG (gmm-acc-stats-ali[5.5.513~2-b5f4cf]:main():gmm-acc-stats-ali.cc:105) Processed 400 utterances; for utterance 77b4ff89-c809-4ef1-8da0-f1792d719c2c-29528253 avg. like is -91.1001 over 968 frames.
LOG (gmm-acc-stats-ali[5.5.513~2-b5f4cf]:main():gmm-acc-stats-ali.cc:105) Processed 450 utterances; for utterance 77b4ff89-c809-4ef1-8da0-f1792d719c2c-38914553 avg. like is -90.2628 over 1368 frames.
LOG (gmm-acc-stats-ali[5.5.513~2-b5f4cf]:main():gmm-acc-stats-ali.cc:105) Processed 500 utterances; for utterance 77b4ff89-c809-4ef1-8da0-f1792d719c2c-5172278 avg. like is -88.638 over 1508 frames.
LOG (gmm-acc-stats-ali[5.5.513~2-b5f4cf]:main():gmm-acc-stats-ali.cc:105) Processed 550 utterances; for utterance 77b4ff89-c809-4ef1-8da0-f1792d719c2c-55049363 avg. like is -87.4187 over 1018 frames.
LOG (gmm-acc-stats-ali[5.5.513~2-b5f4cf]:main():gmm-acc-stats-ali.cc:105) Processed 600 utterances; for utterance 77e75355-1c13-4a21-bfab-e4798b86a2e4-10520473 avg. like is -92.9111 over 418 frames.
LOG (gmm-acc-stats-ali[5.5.513~2-b5f4cf]:main():gmm-acc-stats-ali.cc:105) Processed 650 utterances; for utterance 77e75355-1c13-4a21-bfab-e4798b86a2e4-18331633 avg. like is -97.7662 over 1068 frames.
LOG (gmm-acc-stats-ali[5.5.513~2-b5f4cf]:main():gmm-acc-stats-ali.cc:105) Processed 700 utterances; for utterance 77e75355-1c13-4a21-bfab-e4798b86a2e4-23654543 avg. like is -98.4045 over 1018 frames.
LOG (gmm-acc-stats-ali[5.5.513~2-b5f4cf]:main():gmm-acc-stats-ali.cc:105) Processed 750 utterances; for utterance 77e75355-1c13-4a21-bfab-e4798b86a2e4-31334278 avg. like is -94.7906 over 468 frames.
LOG (gmm-acc-stats-ali[5.5.513~2-b5f4cf]:main():gmm-acc-stats-ali.cc:105) Processed 800 utterances; for utterance 77e75355-1c13-4a21-bfab-e4798b86a2e4-43668778 avg. like is -95.2261 over 568 frames.
LOG (gmm-acc-stats-ali[5.5.513~2-b5f4cf]:main():gmm-acc-stats-ali.cc:105) Processed 850 utterances; for utterance 77e75355-1c13-4a21-bfab-e4798b86a2e4-57710758 avg. like is -98.938 over 1058 frames.
LOG (gmm-acc-stats-ali[5.5.513~2-b5f4cf]:main():gmm-acc-stats-ali.cc:105) Processed 900 utterances; for utterance 77e75355-1c13-4a21-bfab-e4798b86a2e4-6850073 avg. like is -98.3437 over 628 frames.
LOG (gmm-acc-stats-ali[5.5.513~2-b5f4cf]:main():gmm-acc-stats-ali.cc:105) Processed 950 utterances; for utterance 77e75355-1c13-4a21-bfab-e4798b86a2e4-72550693 avg. like is -96.1828 over 698 frames.
LOG (gmm-acc-stats-ali[5.5.513~2-b5f4cf]:main():gmm-acc-stats-ali.cc:105) Processed 1000 utterances; for utterance 77e75355-1c13-4a21-bfab-e4798b86a2e4-76656143 avg. like is -96.8579 over 888 frames.
LOG (gmm-acc-stats-ali[5.5.513~2-b5f4cf]:main():gmm-acc-stats-ali.cc:105) Processed 1050 utterances; for utterance 78421124-2319-4cf1-b3d3-4f95b3001cee-13814788 avg. like is -99.2974 over 2038 frames.
LOG (gmm-acc-stats-ali[5.5.513~2-b5f4cf]:main():gmm-acc-stats-ali.cc:105) Processed 1100 utterances; for utterance 78421124-2319-4cf1-b3d3-4f95b3001cee-23436683 avg. like is -97.7345 over 1068 frames.
LOG (gmm-acc-stats-ali[5.5.513~2-b5f4cf]:main():gmm-acc-stats-ali.cc:105) Processed 1150 utterances; for utterance 78421124-2319-4cf1-b3d3-4f95b3001cee-29540423 avg. like is -99.299 over 638 frames.
LOG (gmm-acc-stats-ali[5.5.513~2-b5f4cf]:main():gmm-acc-stats-ali.cc:105) Processed 1200 utterances; for utterance 78421124-2319-4cf1-b3d3-4f95b3001cee-35523273 avg. like is -97.0254 over 618 frames.
LOG (gmm-acc-stats-ali[5.5.513~2-b5f4cf]:main():gmm-acc-stats-ali.cc:105) Processed 1250 utterances; for utterance 78421124-2319-4cf1-b3d3-4f95b3001cee-47224583 avg. like is -94.4685 over 358 frames.
LOG (gmm-acc-stats-ali[5.5.513~2-b5f4cf]:main():gmm-acc-stats-ali.cc:105) Processed 1300 utterances; for utterance 78421124-2319-4cf1-b3d3-4f95b3001cee-5714378 avg. like is -94.4481 over 398 frames.
LOG (gmm-acc-stats-ali[5.5.513~2-b5f4cf]:main():gmm-acc-stats-ali.cc:105) Processed 1350 utterances; for utterance 78421124-2319-4cf1-b3d3-4f95b3001cee-69755863 avg. like is -92.5924 over 458 frames.
LOG (gmm-acc-stats-ali[5.5.513~2-b5f4cf]:main():gmm-acc-stats-ali.cc:105) Processed 1400 utterances; for utterance 7aeb8739-28ec-44ca-aacf-5c4c242ba506-10825328 avg. like is -93.2969 over 808 frames.
WARNING (gmm-acc-stats-ali[5.5.513~2-b5f4cf]:main():gmm-acc-stats-ali.cc:79) No alignment for utterance 7aeb8739-28ec-44ca-aacf-5c4c242ba506-17625934
WARNING (gmm-acc-stats-ali[5.5.513~2-b5f4cf]:main():gmm-acc-stats-ali.cc:79) No alignment for utterance 7aeb8739-28ec-44ca-aacf-5c4c242ba506-21021549
LOG (gmm-acc-stats-ali[5.5.513~2-b5f4cf]:main():gmm-acc-stats-ali.cc:105) Processed 1450 utterances; for utterance 7aeb8739-28ec-44ca-aacf-5c4c242ba506-21021550 avg. like is -96.9599 over 2708 frames.
LOG (gmm-acc-stats-ali[5.5.513~2-b5f4cf]:main():gmm-acc-stats-ali.cc:105) Processed 1500 utterances; for utterance 7aeb8739-28ec-44ca-aacf-5c4c242ba506-29743255 avg. like is -95.5282 over 1278 frames.
WARNING (gmm-acc-stats-ali[5.5.513~2-b5f4cf]:main():gmm-acc-stats-ali.cc:79) No alignment for utterance 7aeb8739-28ec-44ca-aacf-5c4c242ba506-44573434
LOG (gmm-acc-stats-ali[5.5.513~2-b5f4cf]:main():gmm-acc-stats-ali.cc:105) Processed 1550 utterances; for utterance 7aeb8739-28ec-44ca-aacf-5c4c242ba506-5521301 avg. like is -100.796 over 1088 frames.
WARNING (gmm-acc-stats-ali[5.5.513~2-b5f4cf]:main():gmm-acc-stats-ali.cc:79) No alignment for utterance 7aeb8739-28ec-44ca-aacf-5c4c242ba506-66562529
LOG (gmm-acc-stats-ali[5.5.513~2-b5f4cf]:main():gmm-acc-stats-ali.cc:105) Processed 1600 utterances; for utterance 7aeb8739-28ec-44ca-aacf-5c4c242ba506-6663537 avg. like is -100.721 over 378 frames.
LOG (gmm-acc-stats-ali[5.5.513~2-b5f4cf]:main():gmm-acc-stats-ali.cc:105) Processed 1650 utterances; for utterance 7aeb8739-28ec-44ca-aacf-5c4c242ba506-72424107 avg. like is -103.508 over 683 frames.
LOG (gmm-acc-stats-ali[5.5.513~2-b5f4cf]:main():gmm-acc-stats-ali.cc:105) Processed 1700 utterances; for utterance 7aeb8739-28ec-44ca-aacf-5c4c242ba506-78238957 avg. like is -100.516 over 208 frames.
LOG (gmm-acc-stats-ali[5.5.513~2-b5f4cf]:main():gmm-acc-stats-ali.cc:105) Processed 1750 utterances; for utterance 7aeb8739-28ec-44ca-aacf-5c4c242ba506-80964212 avg. like is -98.1348 over 243 frames.
LOG (gmm-acc-stats-ali[5.5.513~2-b5f4cf]:main():gmm-acc-stats-ali.cc:105) Processed 1800 utterances; for utterance 7aeb8739-28ec-44ca-aacf-5c4c242ba506-84063097 avg. like is -98.4172 over 178 frames.
LOG (gmm-acc-stats-ali[5.5.513~2-b5f4cf]:main():gmm-acc-stats-ali.cc:105) Processed 1850 utterances; for utterance 7aeb8739-28ec-44ca-aacf-5c4c242ba506-88637157 avg. like is -98.4741 over 173 frames.
LOG (gmm-acc-stats-ali[5.5.513~2-b5f4cf]:main():gmm-acc-stats-ali.cc:105) Processed 1900 utterances; for utterance 7aeb8739-28ec-44ca-aacf-5c4c242ba506-94645342 avg. like is -99.2794 over 223 frames.
LOG (gmm-acc-stats-ali[5.5.513~2-b5f4cf]:main():gmm-acc-stats-ali.cc:105) Processed 1950 utterances; for utterance 7ebeb8f6-f2e2-418a-89c5-16b2e4a85cd5-17068974 avg. like is -89.4926 over 1138 frames.
LOG (gmm-acc-stats-ali[5.5.513~2-b5f4cf]:main():gmm-acc-stats-ali.cc:105) Processed 2000 utterances; for utterance 7ebeb8f6-f2e2-418a-89c5-16b2e4a85cd5-22158527 avg. like is -107.358 over 1478 frames.
LOG (gmm-acc-stats-ali[5.5.513~2-b5f4cf]:main():gmm-acc-stats-ali.cc:105) Processed 2050 utterances; for utterance 7ebeb8f6-f2e2-418a-89c5-16b2e4a85cd5-27841564 avg. like is -89.5091 over 968 frames.
WARNING (gmm-acc-stats-ali[5.5.513~2-b5f4cf]:main():gmm-acc-stats-ali.cc:79) No alignment for utterance 7ebeb8f6-f2e2-418a-89c5-16b2e4a85cd5-32832256
WARNING (gmm-acc-stats-ali[5.5.513~2-b5f4cf]:main():gmm-acc-stats-ali.cc:79) No alignment for utterance 7ebeb8f6-f2e2-418a-89c5-16b2e4a85cd5-32832257
WARNING (gmm-acc-stats-ali[5.5.513~2-b5f4cf]:main():gmm-acc-stats-ali.cc:79) No alignment for utterance 7ebeb8f6-f2e2-418a-89c5-16b2e4a85cd5-32832258
WARNING (gmm-acc-stats-ali[5.5.513~2-b5f4cf]:main():gmm-acc-stats-ali.cc:79) No alignment for utterance 7ebeb8f6-f2e2-418a-89c5-16b2e4a85cd5-32832259
LOG (gmm-acc-stats-ali[5.5.513~2-b5f4cf]:main():gmm-acc-stats-ali.cc:105) Processed 2100 utterances; for utterance 7ebeb8f6-f2e2-418a-89c5-16b2e4a85cd5-35424127 avg. like is -106.176 over 873 frames.
LOG (gmm-acc-stats-ali[5.5.513~2-b5f4cf]:main():gmm-acc-stats-ali.cc:105) Processed 2150 utterances; for utterance 7ebeb8f6-f2e2-418a-89c5-16b2e4a85cd5-4416309 avg. like is -89.0728 over 798 frames.
LOG (gmm-acc-stats-ali[5.5.513~2-b5f4cf]:main():gmm-acc-stats-ali.cc:105) Processed 2200 utterances; for utterance 7ff23724-ad3c-4808-9d49-59d1f568e3bc-11044829 avg. like is -89.6182 over 468 frames.
LOG (gmm-acc-stats-ali[5.5.513~2-b5f4cf]:main():gmm-acc-stats-ali.cc:105) Processed 2250 utterances; for utterance 7ff23724-ad3c-4808-9d49-59d1f568e3bc-15639769 avg. like is -91.0167 over 1028 frames.
LOG (gmm-acc-stats-ali[5.5.513~2-b5f4cf]:main():gmm-acc-stats-ali.cc:105) Processed 2300 utterances; for utterance 7ff23724-ad3c-4808-9d49-59d1f568e3bc-21172599 avg. like is -91.7936 over 2468 frames.
LOG (gmm-acc-stats-ali[5.5.513~2-b5f4cf]:main():gmm-acc-stats-ali.cc:105) Processed 2350 utterances; for utterance 7ff23724-ad3c-4808-9d49-59d1f568e3bc-28412129 avg. like is -92.3522 over 708 frames.
LOG (gmm-acc-stats-ali[5.5.513~2-b5f4cf]:main():gmm-acc-stats-ali.cc:105) Processed 2400 utterances; for utterance 7ff23724-ad3c-4808-9d49-59d1f568e3bc-33111389 avg. like is -90.4901 over 388 frames.
LOG (gmm-acc-stats-ali[5.5.513~2-b5f4cf]:main():gmm-acc-stats-ali.cc:105) Processed 2450 utterances; for utterance 7ff23724-ad3c-4808-9d49-59d1f568e3bc-45934284 avg. like is -91.9204 over 1278 frames.
LOG (gmm-acc-stats-ali[5.5.513~2-b5f4cf]:main():gmm-acc-stats-ali.cc:105) Processed 2500 utterances; for utterance 7ff23724-ad3c-4808-9d49-59d1f568e3bc-5210889 avg. like is -90.1867 over 1128 frames.
LOG (gmm-acc-stats-ali[5.5.513~2-b5f4cf]:main():gmm-acc-stats-ali.cc:105) Processed 2550 utterances; for utterance 7ff23724-ad3c-4808-9d49-59d1f568e3bc-58025734 avg. like is -89.0502 over 438 frames.
LOG (gmm-acc-stats-ali[5.5.513~2-b5f4cf]:main():gmm-acc-stats-ali.cc:105) Processed 2600 utterances; for utterance 7ff23724-ad3c-4808-9d49-59d1f568e3bc-6637739 avg. like is -86.2728 over 388 frames.
LOG (gmm-acc-stats-ali[5.5.513~2-b5f4cf]:main():gmm-acc-stats-ali.cc:105) Processed 2650 utterances; for utterance 80d69bc1-8e5a-4b07-b24b-a77fa69c7865-12158914 avg. like is -86.1987 over 1668 frames.
LOG (gmm-acc-stats-ali[5.5.513~2-b5f4cf]:main():gmm-acc-stats-ali.cc:105) Processed 2700 utterances; for utterance 80d69bc1-8e5a-4b07-b24b-a77fa69c7865-20373119 avg. like is -86.7602 over 1198 frames.
LOG (gmm-acc-stats-ali[5.5.513~2-b5f4cf]:main():gmm-acc-stats-ali.cc:105) Processed 2750 utterances; for utterance 80d69bc1-8e5a-4b07-b24b-a77fa69c7865-31148329 avg. like is -88.8738 over 1448 frames.
LOG (gmm-acc-stats-ali[5.5.513~2-b5f4cf]:main():gmm-acc-stats-ali.cc:105) Processed 2800 utterances; for utterance 80d69bc1-8e5a-4b07-b24b-a77fa69c7865-39852014 avg. like is -88.9162 over 1598 frames.
LOG (gmm-acc-stats-ali[5.5.513~2-b5f4cf]:main():gmm-acc-stats-ali.cc:105) Processed 2850 utterances; for utterance 80d69bc1-8e5a-4b07-b24b-a77fa69c7865-5235554 avg. like is -87.3853 over 1388 frames.
LOG (gmm-acc-stats-ali[5.5.513~2-b5f4cf]:main():gmm-acc-stats-ali.cc:105) Processed 2900 utterances; for utterance 80d69bc1-8e5a-4b07-b24b-a77fa69c7865-6455174 avg. like is -86.1077 over 388 frames.
LOG (gmm-acc-stats-ali[5.5.513~2-b5f4cf]:main():gmm-acc-stats-ali.cc:105) Processed 2950 utterances; for utterance 80d69bc1-8e5a-4b07-b24b-a77fa69c7865-70226389 avg. like is -87.5084 over 798 frames.
LOG (gmm-acc-stats-ali[5.5.513~2-b5f4cf]:main():gmm-acc-stats-ali.cc:105) Processed 3000 utterances; for utterance 80d69bc1-8e5a-4b07-b24b-a77fa69c7865-733909 avg. like is -86.0004 over 448 frames.
LOG (gmm-acc-stats-ali[5.5.513~2-b5f4cf]:main():gmm-acc-stats-ali.cc:105) Processed 3050 utterances; for utterance 80d69bc1-8e5a-4b07-b24b-a77fa69c7865-9161934 avg. like is -90.0467 over 1608 frames.
WARNING (gmm-acc-stats-ali[5.5.513~2-b5f4cf]:main():gmm-acc-stats-ali.cc:79) No alignment for utterance 8528f58c-f78b-4c78-b596-ed5a65c2f784-11152754
WARNING (gmm-acc-stats-ali[5.5.513~2-b5f4cf]:main():gmm-acc-stats-ali.cc:79) No alignment for utterance 8528f58c-f78b-4c78-b596-ed5a65c2f784-11851109
WARNING (gmm-acc-stats-ali[5.5.513~2-b5f4cf]:main():gmm-acc-stats-ali.cc:79) No alignment for utterance 8528f58c-f78b-4c78-b596-ed5a65c2f784-12313574
LOG (gmm-acc-stats-ali[5.5.513~2-b5f4cf]:main():gmm-acc-stats-ali.cc:105) Processed 3100 utterances; for utterance 8528f58c-f78b-4c78-b596-ed5a65c2f784-15715950 avg. like is -98.0436 over 1038 frames.
WARNING (gmm-acc-stats-ali[5.5.513~2-b5f4cf]:main():gmm-acc-stats-ali.cc:79) No alignment for utterance 8528f58c-f78b-4c78-b596-ed5a65c2f784-23941184
WARNING (gmm-acc-stats-ali[5.5.513~2-b5f4cf]:main():gmm-acc-stats-ali.cc:79) No alignment for utterance 8528f58c-f78b-4c78-b596-ed5a65c2f784-27463799
WARNING (gmm-acc-stats-ali[5.5.513~2-b5f4cf]:main():gmm-acc-stats-ali.cc:79) No alignment for utterance 8528f58c-f78b-4c78-b596-ed5a65c2f784-28114714
WARNING (gmm-acc-stats-ali[5.5.513~2-b5f4cf]:main():gmm-acc-stats-ali.cc:79) No alignment for utterance 8528f58c-f78b-4c78-b596-ed5a65c2f784-3134339
LOG (gmm-acc-stats-ali[5.5.513~2-b5f4cf]:main():gmm-acc-stats-ali.cc:105) Processed 3150 utterances; for utterance 8528f58c-f78b-4c78-b596-ed5a65c2f784-32954528 avg. like is -95.8363 over 1368 frames.
WARNING (gmm-acc-stats-ali[5.5.513~2-b5f4cf]:main():gmm-acc-stats-ali.cc:79) No alignment for utterance 8528f58c-f78b-4c78-b596-ed5a65c2f784-33065434
WARNING (gmm-acc-stats-ali[5.5.513~2-b5f4cf]:main():gmm-acc-stats-ali.cc:79) No alignment for utterance 8528f58c-f78b-4c78-b596-ed5a65c2f784-39854629
WARNING (gmm-acc-stats-ali[5.5.513~2-b5f4cf]:main():gmm-acc-stats-ali.cc:79) No alignment for utterance 8528f58c-f78b-4c78-b596-ed5a65c2f784-48020774
LOG (gmm-acc-stats-ali[5.5.513~2-b5f4cf]:main():gmm-acc-stats-ali.cc:105) Processed 3200 utterances; for utterance 8528f58c-f78b-4c78-b596-ed5a65c2f784-510784 avg. like is -86.3164 over 1168 frames.
WARNING (gmm-acc-stats-ali[5.5.513~2-b5f4cf]:main():gmm-acc-stats-ali.cc:79) No alignment for utterance 8528f58c-f78b-4c78-b596-ed5a65c2f784-57162869
LOG (gmm-acc-stats-ali[5.5.513~2-b5f4cf]:main():gmm-acc-stats-ali.cc:105) Processed 3250 utterances; for utterance 8528f58c-f78b-4c78-b596-ed5a65c2f784-60824223 avg. like is -93.3704 over 338 frames.
WARNING (gmm-acc-stats-ali[5.5.513~2-b5f4cf]:main():gmm-acc-stats-ali.cc:79) No alignment for utterance 8528f58c-f78b-4c78-b596-ed5a65c2f784-67558599
WARNING (gmm-acc-stats-ali[5.5.513~2-b5f4cf]:main():gmm-acc-stats-ali.cc:79) No alignment for utterance 8528f58c-f78b-4c78-b596-ed5a65c2f784-68236019
LOG (gmm-acc-stats-ali[5.5.513~2-b5f4cf]:main():gmm-acc-stats-ali.cc:105) Processed 3300 utterances; for utterance 8528f58c-f78b-4c78-b596-ed5a65c2f784-75238343 avg. like is -92.6327 over 188 frames.
WARNING (gmm-acc-stats-ali[5.5.513~2-b5f4cf]:main():gmm-acc-stats-ali.cc:79) No alignment for utterance 8528f58c-f78b-4c78-b596-ed5a65c2f784-76062444
LOG (gmm-acc-stats-ali[5.5.513~2-b5f4cf]:main():gmm-acc-stats-ali.cc:105) Processed 3350 utterances; for utterance 8528f58c-f78b-4c78-b596-ed5a65c2f784-81964892 avg. like is -99.6238 over 228 frames.
LOG (gmm-acc-stats-ali[5.5.513~2-b5f4cf]:main():gmm-acc-stats-ali.cc:105) Processed 3400 utterances; for utterance 8528f58c-f78b-4c78-b596-ed5a65c2f784-86355124 avg. like is -80.4036 over 198 frames.
LOG (gmm-acc-stats-ali[5.5.513~2-b5f4cf]:main():gmm-acc-stats-ali.cc:105) Processed 3450 utterances; for utterance 8528f58c-f78b-4c78-b596-ed5a65c2f784-89162487 avg. like is -98.7334 over 223 frames.
WARNING (gmm-acc-stats-ali[5.5.513~2-b5f4cf]:main():gmm-acc-stats-ali.cc:79) No alignment for utterance 8528f58c-f78b-4c78-b596-ed5a65c2f784-917924
LOG (gmm-acc-stats-ali[5.5.513~2-b5f4cf]:main():gmm-acc-stats-ali.cc:105) Processed 3500 utterances; for utterance 8528f58c-f78b-4c78-b596-ed5a65c2f784-92118160 avg. like is -88.7977 over 268 frames.
LOG (gmm-acc-stats-ali[5.5.513~2-b5f4cf]:main():gmm-acc-stats-ali.cc:105) Processed 3550 utterances; for utterance 8671dd69-1fe3-4e5d-aa21-5779b9e54827-038727 avg. like is -109.169 over 1103 frames.
WARNING (gmm-acc-stats-ali[5.5.513~2-b5f4cf]:main():gmm-acc-stats-ali.cc:79) No alignment for utterance 8671dd69-1fe3-4e5d-aa21-5779b9e54827-038729
LOG (gmm-acc-stats-ali[5.5.513~2-b5f4cf]:main():gmm-acc-stats-ali.cc:105) Processed 3600 utterances; for utterance 8671dd69-1fe3-4e5d-aa21-5779b9e54827-11961348 avg. like is -96.006 over 1568 frames.
WARNING (gmm-acc-stats-ali[5.5.513~2-b5f4cf]:main():gmm-acc-stats-ali.cc:79) No alignment for utterance 8671dd69-1fe3-4e5d-aa21-5779b9e54827-13419819
LOG (gmm-acc-stats-ali[5.5.513~2-b5f4cf]:main():gmm-acc-stats-ali.cc:105) Processed 3650 utterances; for utterance 8671dd69-1fe3-4e5d-aa21-5779b9e54827-19321819 avg. like is -85.3587 over 1168 frames.
WARNING (gmm-acc-stats-ali[5.5.513~2-b5f4cf]:main():gmm-acc-stats-ali.cc:79) No alignment for utterance 8671dd69-1fe3-4e5d-aa21-5779b9e54827-22660564
LOG (gmm-acc-stats-ali[5.5.513~2-b5f4cf]:main():gmm-acc-stats-ali.cc:105) Processed 3700 utterances; for utterance 8671dd69-1fe3-4e5d-aa21-5779b9e54827-28073165 avg. like is -96.837 over 1218 frames.
LOG (gmm-acc-stats-ali[5.5.513~2-b5f4cf]:main():gmm-acc-stats-ali.cc:105) Processed 3750 utterances; for utterance 8671dd69-1fe3-4e5d-aa21-5779b9e54827-35867690 avg. like is -98.0187 over 628 frames.
LOG (gmm-acc-stats-ali[5.5.513~2-b5f4cf]:main():gmm-acc-stats-ali.cc:105) Processed 3800 utterances; for utterance 8671dd69-1fe3-4e5d-aa21-5779b9e54827-42910315 avg. like is -97.4433 over 408 frames.
WARNING (gmm-acc-stats-ali[5.5.513~2-b5f4cf]:main():gmm-acc-stats-ali.cc:79) No alignment for utterance 8671dd69-1fe3-4e5d-aa21-5779b9e54827-42945149
LOG (gmm-acc-stats-ali[5.5.513~2-b5f4cf]:main():gmm-acc-stats-ali.cc:105) Processed 3850 utterances; for utterance 8671dd69-1fe3-4e5d-aa21-5779b9e54827-4961341 avg. like is -103.06 over 778 frames.
WARNING (gmm-acc-stats-ali[5.5.513~2-b5f4cf]:main():gmm-acc-stats-ali.cc:79) No alignment for utterance 8671dd69-1fe3-4e5d-aa21-5779b9e54827-57148224
LOG (gmm-acc-stats-ali[5.5.513~2-b5f4cf]:main():gmm-acc-stats-ali.cc:105) Processed 3900 utterances; for utterance 8671dd69-1fe3-4e5d-aa21-5779b9e54827-67828537 avg. like is -109.385 over 2263 frames.
WARNING (gmm-acc-stats-ali[5.5.513~2-b5f4cf]:main():gmm-acc-stats-ali.cc:79) No alignment for utterance 8671dd69-1fe3-4e5d-aa21-5779b9e54827-7624979
WARNING (gmm-acc-stats-ali[5.5.513~2-b5f4cf]:main():gmm-acc-stats-ali.cc:79) No alignment for utterance 89c1aac7-03d8-46b3-b9a4-ecca80261c95-10817814
WARNING (gmm-acc-stats-ali[5.5.513~2-b5f4cf]:main():gmm-acc-stats-ali.cc:79) No alignment for utterance 89c1aac7-03d8-46b3-b9a4-ecca80261c95-10848424
WARNING (gmm-acc-stats-ali[5.5.513~2-b5f4cf]:main():gmm-acc-stats-ali.cc:79) No alignment for utterance 89c1aac7-03d8-46b3-b9a4-ecca80261c95-12226814
LOG (gmm-acc-stats-ali[5.5.513~2-b5f4cf]:main():gmm-acc-stats-ali.cc:105) Processed 3950 utterances; for utterance 89c1aac7-03d8-46b3-b9a4-ecca80261c95-12226815 avg. like is -93.9126 over 688 frames.
WARNING (gmm-acc-stats-ali[5.5.513~2-b5f4cf]:main():gmm-acc-stats-ali.cc:79) No alignment for utterance 89c1aac7-03d8-46b3-b9a4-ecca80261c95-12267404
WARNING (gmm-acc-stats-ali[5.5.513~2-b5f4cf]:main():gmm-acc-stats-ali.cc:79) No alignment for utterance 89c1aac7-03d8-46b3-b9a4-ecca80261c95-15645074
WARNING (gmm-acc-stats-ali[5.5.513~2-b5f4cf]:main():gmm-acc-stats-ali.cc:79) No alignment for utterance 89c1aac7-03d8-46b3-b9a4-ecca80261c95-16916294
WARNING (gmm-acc-stats-ali[5.5.513~2-b5f4cf]:main():gmm-acc-stats-ali.cc:79) No alignment for utterance 89c1aac7-03d8-46b3-b9a4-ecca80261c95-18419279
WARNING (gmm-acc-stats-ali[5.5.513~2-b5f4cf]:main():gmm-acc-stats-ali.cc:79) No alignment for utterance 89c1aac7-03d8-46b3-b9a4-ecca80261c95-19371779
WARNING (gmm-acc-stats-ali[5.5.513~2-b5f4cf]:main():gmm-acc-stats-ali.cc:79) No alignment for utterance 89c1aac7-03d8-46b3-b9a4-ecca80261c95-19420674
WARNING (gmm-acc-stats-ali[5.5.513~2-b5f4cf]:main():gmm-acc-stats-ali.cc:79) No alignment for utterance 89c1aac7-03d8-46b3-b9a4-ecca80261c95-19953629
WARNING (gmm-acc-stats-ali[5.5.513~2-b5f4cf]:main():gmm-acc-stats-ali.cc:79) No alignment for utterance 89c1aac7-03d8-46b3-b9a4-ecca80261c95-20120359
WARNING (gmm-acc-stats-ali[5.5.513~2-b5f4cf]:main():gmm-acc-stats-ali.cc:79) No alignment for utterance 89c1aac7-03d8-46b3-b9a4-ecca80261c95-20133474
WARNING (gmm-acc-stats-ali[5.5.513~2-b5f4cf]:main():gmm-acc-stats-ali.cc:79) No alignment for utterance 89c1aac7-03d8-46b3-b9a4-ecca80261c95-20974034
WARNING (gmm-acc-stats-ali[5.5.513~2-b5f4cf]:main():gmm-acc-stats-ali.cc:79) No alignment for utterance 89c1aac7-03d8-46b3-b9a4-ecca80261c95-22851984
WARNING (gmm-acc-stats-ali[5.5.513~2-b5f4cf]:main():gmm-acc-stats-ali.cc:79) No alignment for utterance 89c1aac7-03d8-46b3-b9a4-ecca80261c95-24025574
WARNING (gmm-acc-stats-ali[5.5.513~2-b5f4cf]:main():gmm-acc-stats-ali.cc:79) No alignment for utterance 89c1aac7-03d8-46b3-b9a4-ecca80261c95-24333019
WARNING (gmm-acc-stats-ali[5.5.513~2-b5f4cf]:main():gmm-acc-stats-ali.cc:79) No alignment for utterance 89c1aac7-03d8-46b3-b9a4-ecca80261c95-27460844
WARNING (gmm-acc-stats-ali[5.5.513~2-b5f4cf]:main():gmm-acc-stats-ali.cc:79) No alignment for utterance 89c1aac7-03d8-46b3-b9a4-ecca80261c95-27519729
WARNING (gmm-acc-stats-ali[5.5.513~2-b5f4cf]:main():gmm-acc-stats-ali.cc:79) No alignment for utterance 89c1aac7-03d8-46b3-b9a4-ecca80261c95-3118309
LOG (gmm-acc-stats-ali[5.5.513~2-b5f4cf]:main():gmm-acc-stats-ali.cc:105) Processed 4000 utterances; for utterance 89c1aac7-03d8-46b3-b9a4-ecca80261c95-32547433 avg. like is -99.2781 over 1618 frames.
WARNING (gmm-acc-stats-ali[5.5.513~2-b5f4cf]:main():gmm-acc-stats-ali.cc:79) No alignment for utterance 89c1aac7-03d8-46b3-b9a4-ecca80261c95-32547434
WARNING (gmm-acc-stats-ali[5.5.513~2-b5f4cf]:main():gmm-acc-stats-ali.cc:79) No alignment for utterance 89c1aac7-03d8-46b3-b9a4-ecca80261c95-32570619
WARNING (gmm-acc-stats-ali[5.5.513~2-b5f4cf]:main():gmm-acc-stats-ali.cc:79) No alignment for utterance 89c1aac7-03d8-46b3-b9a4-ecca80261c95-32630779
WARNING (gmm-acc-stats-ali[5.5.513~2-b5f4cf]:main():gmm-acc-stats-ali.cc:79) No alignment for utterance 89c1aac7-03d8-46b3-b9a4-ecca80261c95-32662819
WARNING (gmm-acc-stats-ali[5.5.513~2-b5f4cf]:main():gmm-acc-stats-ali.cc:79) No alignment for utterance 89c1aac7-03d8-46b3-b9a4-ecca80261c95-32920984
WARNING (gmm-acc-stats-ali[5.5.513~2-b5f4cf]:main():gmm-acc-stats-ali.cc:79) No alignment for utterance 89c1aac7-03d8-46b3-b9a4-ecca80261c95-35015239
WARNING (gmm-acc-stats-ali[5.5.513~2-b5f4cf]:main():gmm-acc-stats-ali.cc:79) No alignment for utterance 89c1aac7-03d8-46b3-b9a4-ecca80261c95-35048324
WARNING (gmm-acc-stats-ali[5.5.513~2-b5f4cf]:main():gmm-acc-stats-ali.cc:79) No alignment for utterance 89c1aac7-03d8-46b3-b9a4-ecca80261c95-3610539
WARNING (gmm-acc-stats-ali[5.5.513~2-b5f4cf]:main():gmm-acc-stats-ali.cc:79) No alignment for utterance 89c1aac7-03d8-46b3-b9a4-ecca80261c95-36742239
WARNING (gmm-acc-stats-ali[5.5.513~2-b5f4cf]:main():gmm-acc-stats-ali.cc:79) No alignment for utterance 89c1aac7-03d8-46b3-b9a4-ecca80261c95-38534529
WARNING (gmm-acc-stats-ali[5.5.513~2-b5f4cf]:main():gmm-acc-stats-ali.cc:79) No alignment for utterance 89c1aac7-03d8-46b3-b9a4-ecca80261c95-39232144
WARNING (gmm-acc-stats-ali[5.5.513~2-b5f4cf]:main():gmm-acc-stats-ali.cc:79) No alignment for utterance 89c1aac7-03d8-46b3-b9a4-ecca80261c95-41525944
WARNING (gmm-acc-stats-ali[5.5.513~2-b5f4cf]:main():gmm-acc-stats-ali.cc:79) No alignment for utterance 89c1aac7-03d8-46b3-b9a4-ecca80261c95-44268549
WARNING (gmm-acc-stats-ali[5.5.513~2-b5f4cf]:main():gmm-acc-stats-ali.cc:79) No alignment for utterance 89c1aac7-03d8-46b3-b9a4-ecca80261c95-4563339
WARNING (gmm-acc-stats-ali[5.5.513~2-b5f4cf]:main():gmm-acc-stats-ali.cc:79) No alignment for utterance 89c1aac7-03d8-46b3-b9a4-ecca80261c95-45767449
WARNING (gmm-acc-stats-ali[5.5.513~2-b5f4cf]:main():gmm-acc-stats-ali.cc:79) No alignment for utterance 89c1aac7-03d8-46b3-b9a4-ecca80261c95-48064764
LOG (gmm-acc-stats-ali[5.5.513~2-b5f4cf]:main():gmm-acc-stats-ali.cc:105) Processed 4050 utterances; for utterance 89c1aac7-03d8-46b3-b9a4-ecca80261c95-48064765 avg. like is -96.383 over 798 frames.
WARNING (gmm-acc-stats-ali[5.5.513~2-b5f4cf]:main():gmm-acc-stats-ali.cc:79) No alignment for utterance 89c1aac7-03d8-46b3-b9a4-ecca80261c95-56056129
WARNING (gmm-acc-stats-ali[5.5.513~2-b5f4cf]:main():gmm-acc-stats-ali.cc:79) No alignment for utterance 89c1aac7-03d8-46b3-b9a4-ecca80261c95-56148594
WARNING (gmm-acc-stats-ali[5.5.513~2-b5f4cf]:main():gmm-acc-stats-ali.cc:79) No alignment for utterance 89c1aac7-03d8-46b3-b9a4-ecca80261c95-56563659
WARNING (gmm-acc-stats-ali[5.5.513~2-b5f4cf]:main():gmm-acc-stats-ali.cc:79) No alignment for utterance 89c1aac7-03d8-46b3-b9a4-ecca80261c95-57350379
WARNING (gmm-acc-stats-ali[5.5.513~2-b5f4cf]:main():gmm-acc-stats-ali.cc:79) No alignment for utterance 89c1aac7-03d8-46b3-b9a4-ecca80261c95-61114244
WARNING (gmm-acc-stats-ali[5.5.513~2-b5f4cf]:main():gmm-acc-stats-ali.cc:79) No alignment for utterance 89c1aac7-03d8-46b3-b9a4-ecca80261c95-61665209
WARNING (gmm-acc-stats-ali[5.5.513~2-b5f4cf]:main():gmm-acc-stats-ali.cc:79) No alignment for utterance 89c1aac7-03d8-46b3-b9a4-ecca80261c95-6359959
WARNING (gmm-acc-stats-ali[5.5.513~2-b5f4cf]:main():gmm-acc-stats-ali.cc:79) No alignment for utterance 89c1aac7-03d8-46b3-b9a4-ecca80261c95-66526424
WARNING (gmm-acc-stats-ali[5.5.513~2-b5f4cf]:main():gmm-acc-stats-ali.cc:79) No alignment for utterance 89c1aac7-03d8-46b3-b9a4-ecca80261c95-66770054
WARNING (gmm-acc-stats-ali[5.5.513~2-b5f4cf]:main():gmm-acc-stats-ali.cc:79) No alignment for utterance 89c1aac7-03d8-46b3-b9a4-ecca80261c95-68365279
WARNING (gmm-acc-stats-ali[5.5.513~2-b5f4cf]:main():gmm-acc-stats-ali.cc:79) No alignment for utterance 89c1aac7-03d8-46b3-b9a4-ecca80261c95-68657714
LOG (gmm-acc-stats-ali[5.5.513~2-b5f4cf]:main():gmm-acc-stats-ali.cc:105) Processed 4100 utterances; for utterance 89c1aac7-03d8-46b3-b9a4-ecca80261c95-69710051 avg. like is -103.681 over 438 frames.
WARNING (gmm-acc-stats-ali[5.5.513~2-b5f4cf]:main():gmm-acc-stats-ali.cc:79) No alignment for utterance 89c1aac7-03d8-46b3-b9a4-ecca80261c95-69710054
WARNING (gmm-acc-stats-ali[5.5.513~2-b5f4cf]:main():gmm-acc-stats-ali.cc:79) No alignment for utterance 89c1aac7-03d8-46b3-b9a4-ecca80261c95-7110944
WARNING (gmm-acc-stats-ali[5.5.513~2-b5f4cf]:main():gmm-acc-stats-ali.cc:79) No alignment for utterance 89c1aac7-03d8-46b3-b9a4-ecca80261c95-72460249
WARNING (gmm-acc-stats-ali[5.5.513~2-b5f4cf]:main():gmm-acc-stats-ali.cc:79) No alignment for utterance 89c1aac7-03d8-46b3-b9a4-ecca80261c95-74256929
WARNING (gmm-acc-stats-ali[5.5.513~2-b5f4cf]:main():gmm-acc-stats-ali.cc:79) No alignment for utterance 89c1aac7-03d8-46b3-b9a4-ecca80261c95-78018334
LOG (gmm-acc-stats-ali[5.5.513~2-b5f4cf]:main():gmm-acc-stats-ali.cc:105) Processed 4150 utterances; for utterance 89c1aac7-03d8-46b3-b9a4-ecca80261c95-80369035 avg. like is -92.3332 over 218 frames.
WARNING (gmm-acc-stats-ali[5.5.513~2-b5f4cf]:main():gmm-acc-stats-ali.cc:79) No alignment for utterance 89c1aac7-03d8-46b3-b9a4-ecca80261c95-82972349
WARNING (gmm-acc-stats-ali[5.5.513~2-b5f4cf]:main():gmm-acc-stats-ali.cc:79) No alignment for utterance 89c1aac7-03d8-46b3-b9a4-ecca80261c95-83847959
LOG (gmm-acc-stats-ali[5.5.513~2-b5f4cf]:main():gmm-acc-stats-ali.cc:105) Processed 4200 utterances; for utterance 89c1aac7-03d8-46b3-b9a4-ecca80261c95-84751385 avg. like is -93.7844 over 248 frames.
WARNING (gmm-acc-stats-ali[5.5.513~2-b5f4cf]:main():gmm-acc-stats-ali.cc:79) No alignment for utterance 89c1aac7-03d8-46b3-b9a4-ecca80261c95-8514614
WARNING (gmm-acc-stats-ali[5.5.513~2-b5f4cf]:main():gmm-acc-stats-ali.cc:79) No alignment for utterance 89c1aac7-03d8-46b3-b9a4-ecca80261c95-87826579
WARNING (gmm-acc-stats-ali[5.5.513~2-b5f4cf]:main():gmm-acc-stats-ali.cc:79) No alignment for utterance 89c1aac7-03d8-46b3-b9a4-ecca80261c95-88448104
LOG (gmm-acc-stats-ali[5.5.513~2-b5f4cf]:main():gmm-acc-stats-ali.cc:105) Processed 4250 utterances; for utterance 89c1aac7-03d8-46b3-b9a4-ecca80261c95-88761351 avg. like is -101.187 over 238 frames.
WARNING (gmm-acc-stats-ali[5.5.513~2-b5f4cf]:main():gmm-acc-stats-ali.cc:79) No alignment for utterance 89c1aac7-03d8-46b3-b9a4-ecca80261c95-88761354
WARNING (gmm-acc-stats-ali[5.5.513~2-b5f4cf]:main():gmm-acc-stats-ali.cc:79) No alignment for utterance 89c1aac7-03d8-46b3-b9a4-ecca80261c95-89843929
LOG (gmm-acc-stats-ali[5.5.513~2-b5f4cf]:main():gmm-acc-stats-ali.cc:105) Processed 4300 utterances; for utterance 89c1aac7-03d8-46b3-b9a4-ecca80261c95-93328846 avg. like is -97.1813 over 198 frames.
WARNING (gmm-acc-stats-ali[5.5.513~2-b5f4cf]:main():gmm-acc-stats-ali.cc:79) No alignment for utterance 89c1aac7-03d8-46b3-b9a4-ecca80261c95-94843699
LOG (gmm-acc-stats-ali[5.5.513~2-b5f4cf]:main():gmm-acc-stats-ali.cc:105) Processed 4350 utterances; for utterance 8b9f9e73-7d00-41f8-9400-9131267f7d73-10221082 avg. like is -113.457 over 573 frames.
LOG (gmm-acc-stats-ali[5.5.513~2-b5f4cf]:main():gmm-acc-stats-ali.cc:105) Processed 4400 utterances; for utterance 8b9f9e73-7d00-41f8-9400-9131267f7d73-11155552 avg. like is -111.598 over 1423 frames.
LOG (gmm-acc-stats-ali[5.5.513~2-b5f4cf]:main():gmm-acc-stats-ali.cc:105) Processed 4450 utterances; for utterance 8b9f9e73-7d00-41f8-9400-9131267f7d73-15610552 avg. like is -114.389 over 833 frames.
LOG (gmm-acc-stats-ali[5.5.513~2-b5f4cf]:main():gmm-acc-stats-ali.cc:105) Processed 4500 utterances; for utterance 8b9f9e73-7d00-41f8-9400-9131267f7d73-18254212 avg. like is -110.92 over 633 frames.
LOG (gmm-acc-stats-ali[5.5.513~2-b5f4cf]:main():gmm-acc-stats-ali.cc:105) Processed 4550 utterances; for utterance 8b9f9e73-7d00-41f8-9400-9131267f7d73-19912227 avg. like is -109.031 over 488 frames.
LOG (gmm-acc-stats-ali[5.5.513~2-b5f4cf]:main():gmm-acc-stats-ali.cc:105) Processed 4600 utterances; for utterance 8b9f9e73-7d00-41f8-9400-9131267f7d73-23612477 avg. like is -112.676 over 1073 frames.
LOG (gmm-acc-stats-ali[5.5.513~2-b5f4cf]:main():gmm-acc-stats-ali.cc:105) Processed 4650 utterances; for utterance 8b9f9e73-7d00-41f8-9400-9131267f7d73-31165872 avg. like is -114.396 over 918 frames.
LOG (gmm-acc-stats-ali[5.5.513~2-b5f4cf]:main():gmm-acc-stats-ali.cc:105) Processed 4700 utterances; for utterance 8b9f9e73-7d00-41f8-9400-9131267f7d73-33556097 avg. like is -109.738 over 778 frames.
LOG (gmm-acc-stats-ali[5.5.513~2-b5f4cf]:main():gmm-acc-stats-ali.cc:105) Processed 4750 utterances; for utterance 8b9f9e73-7d00-41f8-9400-9131267f7d73-39921422 avg. like is -113.101 over 1473 frames.
LOG (gmm-acc-stats-ali[5.5.513~2-b5f4cf]:main():gmm-acc-stats-ali.cc:105) Processed 4800 utterances; for utterance 8b9f9e73-7d00-41f8-9400-9131267f7d73-47940377 avg. like is -110.695 over 523 frames.
LOG (gmm-acc-stats-ali[5.5.513~2-b5f4cf]:main():gmm-acc-stats-ali.cc:105) Processed 4850 utterances; for utterance 8b9f9e73-7d00-41f8-9400-9131267f7d73-57222282 avg. like is -113.085 over 938 frames.
LOG (gmm-acc-stats-ali[5.5.513~2-b5f4cf]:main():gmm-acc-stats-ali.cc:105) Processed 4900 utterances; for utterance 8b9f9e73-7d00-41f8-9400-9131267f7d73-62765957 avg. like is -109.628 over 453 frames.
LOG (gmm-acc-stats-ali[5.5.513~2-b5f4cf]:main():gmm-acc-stats-ali.cc:105) Processed 4950 utterances; for utterance 8b9f9e73-7d00-41f8-9400-9131267f7d73-69047827 avg. like is -110.739 over 538 frames.
LOG (gmm-acc-stats-ali[5.5.513~2-b5f4cf]:main():gmm-acc-stats-ali.cc:105) Processed 5000 utterances; for utterance 8b9f9e73-7d00-41f8-9400-9131267f7d73-723162 avg. like is -105.181 over 333 frames.
LOG (gmm-acc-stats-ali[5.5.513~2-b5f4cf]:main():gmm-acc-stats-ali.cc:105) Processed 5050 utterances; for utterance 8b9f9e73-7d00-41f8-9400-9131267f7d73-73561602 avg. like is -108.206 over 823 frames.
LOG (gmm-acc-stats-ali[5.5.513~2-b5f4cf]:main():gmm-acc-stats-ali.cc:105) Processed 5100 utterances; for utterance 8b9f9e73-7d00-41f8-9400-9131267f7d73-767072 avg. like is -110.975 over 318 frames.
LOG (gmm-acc-stats-ali[5.5.513~2-b5f4cf]:main():gmm-acc-stats-ali.cc:105) Processed 5150 utterances; for utterance 8b9f9e73-7d00-41f8-9400-9131267f7d73-78357727 avg. like is -102.582 over 123 frames.
LOG (gmm-acc-stats-ali[5.5.513~2-b5f4cf]:main():gmm-acc-stats-ali.cc:105) Processed 5200 utterances; for utterance 8b9f9e73-7d00-41f8-9400-9131267f7d73-79466232 avg. like is -107.998 over 203 frames.
LOG (gmm-acc-stats-ali[5.5.513~2-b5f4cf]:main():gmm-acc-stats-ali.cc:105) Processed 5250 utterances; for utterance 8b9f9e73-7d00-41f8-9400-9131267f7d73-81212947 avg. like is -107.395 over 208 frames.
LOG (gmm-acc-stats-ali[5.5.513~2-b5f4cf]:main():gmm-acc-stats-ali.cc:105) Processed 5300 utterances; for utterance 8b9f9e73-7d00-41f8-9400-9131267f7d73-82429132 avg. like is -102.084 over 123 frames.
LOG (gmm-acc-stats-ali[5.5.513~2-b5f4cf]:main():gmm-acc-stats-ali.cc:105) Processed 5350 utterances; for utterance 8b9f9e73-7d00-41f8-9400-9131267f7d73-83649687 avg. like is -101.966 over 193 frames.
LOG (gmm-acc-stats-ali[5.5.513~2-b5f4cf]:main():gmm-acc-stats-ali.cc:105) Processed 5400 utterances; for utterance 8b9f9e73-7d00-41f8-9400-9131267f7d73-84564342 avg. like is -100.476 over 138 frames.
LOG (gmm-acc-stats-ali[5.5.513~2-b5f4cf]:main():gmm-acc-stats-ali.cc:105) Processed 5450 utterances; for utterance 8b9f9e73-7d00-41f8-9400-9131267f7d73-86037437 avg. like is -102.847 over 208 frames.
LOG (gmm-acc-stats-ali[5.5.513~2-b5f4cf]:main():gmm-acc-stats-ali.cc:105) Processed 5500 utterances; for utterance 8b9f9e73-7d00-41f8-9400-9131267f7d73-86960802 avg. like is -103.817 over 148 frames.
LOG (gmm-acc-stats-ali[5.5.513~2-b5f4cf]:main():gmm-acc-stats-ali.cc:105) Processed 5550 utterances; for utterance 8b9f9e73-7d00-41f8-9400-9131267f7d73-88029852 avg. like is -98.3664 over 183 frames.
LOG (gmm-acc-stats-ali[5.5.513~2-b5f4cf]:main():gmm-acc-stats-ali.cc:105) Processed 5600 utterances; for utterance 8b9f9e73-7d00-41f8-9400-9131267f7d73-89348402 avg. like is -105.965 over 163 frames.
LOG (gmm-acc-stats-ali[5.5.513~2-b5f4cf]:main():gmm-acc-stats-ali.cc:105) Processed 5650 utterances; for utterance 8b9f9e73-7d00-41f8-9400-9131267f7d73-90022327 avg. like is -103.857 over 208 frames.
LOG (gmm-acc-stats-ali[5.5.513~2-b5f4cf]:main():gmm-acc-stats-ali.cc:105) Processed 5700 utterances; for utterance 8b9f9e73-7d00-41f8-9400-9131267f7d73-90767392 avg. like is -105.088 over 198 frames.
LOG (gmm-acc-stats-ali[5.5.513~2-b5f4cf]:main():gmm-acc-stats-ali.cc:105) Processed 5750 utterances; for utterance 8b9f9e73-7d00-41f8-9400-9131267f7d73-91536907 avg. like is -92.2725 over 148 frames.
LOG (gmm-acc-stats-ali[5.5.513~2-b5f4cf]:main():gmm-acc-stats-ali.cc:105) Processed 5800 utterances; for utterance 8d5ea173-9d7f-4a90-a77c-d05319864b4a-10269797 avg. like is -102.11 over 878 frames.
LOG (gmm-acc-stats-ali[5.5.513~2-b5f4cf]:main():gmm-acc-stats-ali.cc:105) Processed 5850 utterances; for utterance 8d5ea173-9d7f-4a90-a77c-d05319864b4a-1436717 avg. like is -106.58 over 933 frames.
WARNING (gmm-acc-stats-ali[5.5.513~2-b5f4cf]:main():gmm-acc-stats-ali.cc:79) No alignment for utterance 8d5ea173-9d7f-4a90-a77c-d05319864b4a-19267529
LOG (gmm-acc-stats-ali[5.5.513~2-b5f4cf]:main():gmm-acc-stats-ali.cc:105) Processed 5900 utterances; for utterance 8d5ea173-9d7f-4a90-a77c-d05319864b4a-27628628 avg. like is -95.9605 over 688 frames.
LOG (gmm-acc-stats-ali[5.5.513~2-b5f4cf]:main():gmm-acc-stats-ali.cc:105) Processed 5950 utterances; for utterance 8d5ea173-9d7f-4a90-a77c-d05319864b4a-34948698 avg. like is -91.4978 over 398 frames.
LOG (gmm-acc-stats-ali[5.5.513~2-b5f4cf]:main():gmm-acc-stats-ali.cc:105) Processed 6000 utterances; for utterance 8d5ea173-9d7f-4a90-a77c-d05319864b4a-41362628 avg. like is -97.1924 over 728 frames.
LOG (gmm-acc-stats-ali[5.5.513~2-b5f4cf]:main():gmm-acc-stats-ali.cc:105) Processed 6050 utterances; for utterance 8d5ea173-9d7f-4a90-a77c-d05319864b4a-45572118 avg. like is -99.2604 over 2348 frames.
LOG (gmm-acc-stats-ali[5.5.513~2-b5f4cf]:main():gmm-acc-stats-ali.cc:105) Processed 6100 utterances; for utterance 8d5ea173-9d7f-4a90-a77c-d05319864b4a-5568043 avg. like is -98.4329 over 1068 frames.
LOG (gmm-acc-stats-ali[5.5.513~2-b5f4cf]:main():gmm-acc-stats-ali.cc:105) Processed 6150 utterances; for utterance 8d5ea173-9d7f-4a90-a77c-d05319864b4a-6229868 avg. like is -96.15 over 818 frames.
LOG (gmm-acc-stats-ali[5.5.513~2-b5f4cf]:main():gmm-acc-stats-ali.cc:105) Processed 6200 utterances; for utterance 8d5ea173-9d7f-4a90-a77c-d05319864b4a-65142073 avg. like is -97.9002 over 1498 frames.
LOG (gmm-acc-stats-ali[5.5.513~2-b5f4cf]:main():gmm-acc-stats-ali.cc:105) Processed 6250 utterances; for utterance 8d5ea173-9d7f-4a90-a77c-d05319864b4a-9031828 avg. like is -97.4124 over 1838 frames.
LOG (gmm-acc-stats-ali[5.5.513~2-b5f4cf]:main():gmm-acc-stats-ali.cc:105) Processed 6300 utterances; for utterance 8ff5bcb0-aecc-46b9-9372-2a73d49f712f-23421508 avg. like is -97.2581 over 1248 frames.
LOG (gmm-acc-stats-ali[5.5.513~2-b5f4cf]:main():gmm-acc-stats-ali.cc:105) Processed 6350 utterances; for utterance 8ff5bcb0-aecc-46b9-9372-2a73d49f712f-28622652 avg. like is -110.355 over 1188 frames.
LOG (gmm-acc-stats-ali[5.5.513~2-b5f4cf]:main():gmm-acc-stats-ali.cc:105) Processed 6400 utterances; for utterance 8ff5bcb0-aecc-46b9-9372-2a73d49f712f-3810196 avg. like is -94.4676 over 438 frames.
LOG (gmm-acc-stats-ali[5.5.513~2-b5f4cf]:main():gmm-acc-stats-ali.cc:105) Processed 6450 utterances; for utterance 90225a4a-175a-4d3b-8b3e-9f7193518993-10020173 avg. like is -90.7686 over 258 frames.
LOG (gmm-acc-stats-ali[5.5.513~2-b5f4cf]:main():gmm-acc-stats-ali.cc:105) Processed 6500 utterances; for utterance 90225a4a-175a-4d3b-8b3e-9f7193518993-12571303 avg. like is -93.5581 over 398 frames.
LOG (gmm-acc-stats-ali[5.5.513~2-b5f4cf]:main():gmm-acc-stats-ali.cc:105) Processed 6550 utterances; for utterance 90225a4a-175a-4d3b-8b3e-9f7193518993-1724688 avg. like is -91.8527 over 198 frames.
LOG (gmm-acc-stats-ali[5.5.513~2-b5f4cf]:main():gmm-acc-stats-ali.cc:105) Processed 6600 utterances; for utterance 90225a4a-175a-4d3b-8b3e-9f7193518993-19655263 avg. like is -96.0321 over 718 frames.
WARNING (gmm-acc-stats-ali[5.5.513~2-b5f4cf]:main():gmm-acc-stats-ali.cc:79) No alignment for utterance 90225a4a-175a-4d3b-8b3e-9f7193518993-221996
WARNING (gmm-acc-stats-ali[5.5.513~2-b5f4cf]:main():gmm-acc-stats-ali.cc:79) No alignment for utterance 90225a4a-175a-4d3b-8b3e-9f7193518993-221997
WARNING (gmm-acc-stats-ali[5.5.513~2-b5f4cf]:main():gmm-acc-stats-ali.cc:79) No alignment for utterance 90225a4a-175a-4d3b-8b3e-9f7193518993-222000
LOG (gmm-acc-stats-ali[5.5.513~2-b5f4cf]:main():gmm-acc-stats-ali.cc:105) Processed 6650 utterances; for utterance 90225a4a-175a-4d3b-8b3e-9f7193518993-24759031 avg. like is -101.921 over 698 frames.
LOG (gmm-acc-stats-ali[5.5.513~2-b5f4cf]:main():gmm-acc-stats-ali.cc:105) Processed 6700 utterances; for utterance 90225a4a-175a-4d3b-8b3e-9f7193518993-28767256 avg. like is -101.5 over 568 frames.
LOG (gmm-acc-stats-ali[5.5.513~2-b5f4cf]:main():gmm-acc-stats-ali.cc:105) Processed 6750 utterances; for utterance 90225a4a-175a-4d3b-8b3e-9f7193518993-32919341 avg. like is -103.083 over 1238 frames.
LOG (gmm-acc-stats-ali[5.5.513~2-b5f4cf]:main():gmm-acc-stats-ali.cc:105) Processed 6800 utterances; for utterance 90225a4a-175a-4d3b-8b3e-9f7193518993-39832896 avg. like is -102.83 over 1288 frames.
LOG (gmm-acc-stats-ali[5.5.513~2-b5f4cf]:main():gmm-acc-stats-ali.cc:105) Processed 6850 utterances; for utterance 90225a4a-175a-4d3b-8b3e-9f7193518993-4439901 avg. like is -97.8995 over 718 frames.
LOG (gmm-acc-stats-ali[5.5.513~2-b5f4cf]:main():gmm-acc-stats-ali.cc:105) Processed 6900 utterances; for utterance 90225a4a-175a-4d3b-8b3e-9f7193518993-50944491 avg. like is -101.195 over 938 frames.
LOG (gmm-acc-stats-ali[5.5.513~2-b5f4cf]:main():gmm-acc-stats-ali.cc:105) Processed 6950 utterances; for utterance 90225a4a-175a-4d3b-8b3e-9f7193518993-60557561 avg. like is -102.244 over 698 frames.
LOG (gmm-acc-stats-ali[5.5.513~2-b5f4cf]:main():gmm-acc-stats-ali.cc:105) Processed 7000 utterances; for utterance 90225a4a-175a-4d3b-8b3e-9f7193518993-661721 avg. like is -101.946 over 898 frames.
LOG (gmm-acc-stats-ali[5.5.513~2-b5f4cf]:main():gmm-acc-stats-ali.cc:105) Processed 7050 utterances; for utterance 90225a4a-175a-4d3b-8b3e-9f7193518993-71238971 avg. like is -102.475 over 1098 frames.
LOG (gmm-acc-stats-ali[5.5.513~2-b5f4cf]:main():gmm-acc-stats-ali.cc:105) Processed 7100 utterances; for utterance 90225a4a-175a-4d3b-8b3e-9f7193518993-73263136 avg. like is -101.376 over 968 frames.
LOG (gmm-acc-stats-ali[5.5.513~2-b5f4cf]:main():gmm-acc-stats-ali.cc:105) Processed 7150 utterances; for utterance 90225a4a-175a-4d3b-8b3e-9f7193518993-78313186 avg. like is -95.0084 over 148 frames.
LOG (gmm-acc-stats-ali[5.5.513~2-b5f4cf]:main():gmm-acc-stats-ali.cc:105) Processed 7200 utterances; for utterance 90225a4a-175a-4d3b-8b3e-9f7193518993-79022671 avg. like is -98.0524 over 168 frames.
LOG (gmm-acc-stats-ali[5.5.513~2-b5f4cf]:main():gmm-acc-stats-ali.cc:105) Processed 7250 utterances; for utterance 90225a4a-175a-4d3b-8b3e-9f7193518993-79873251 avg. like is -97.8089 over 178 frames.
LOG (gmm-acc-stats-ali[5.5.513~2-b5f4cf]:main():gmm-acc-stats-ali.cc:105) Processed 7300 utterances; for utterance 90225a4a-175a-4d3b-8b3e-9f7193518993-81139101 avg. like is -97.5188 over 238 frames.
LOG (gmm-acc-stats-ali[5.5.513~2-b5f4cf]:main():gmm-acc-stats-ali.cc:105) Processed 7350 utterances; for utterance 90225a4a-175a-4d3b-8b3e-9f7193518993-82011201 avg. like is -91.0827 over 138 frames.
LOG (gmm-acc-stats-ali[5.5.513~2-b5f4cf]:main():gmm-acc-stats-ali.cc:105) Processed 7400 utterances; for utterance 90225a4a-175a-4d3b-8b3e-9f7193518993-832276 avg. like is -102.085 over 1168 frames.
LOG (gmm-acc-stats-ali[5.5.513~2-b5f4cf]:main():gmm-acc-stats-ali.cc:105) Processed 7450 utterances; for utterance 90225a4a-175a-4d3b-8b3e-9f7193518993-84719791 avg. like is -100.492 over 258 frames.
LOG (gmm-acc-stats-ali[5.5.513~2-b5f4cf]:main():gmm-acc-stats-ali.cc:105) Processed 7500 utterances; for utterance 90225a4a-175a-4d3b-8b3e-9f7193518993-86112931 avg. like is -95.3242 over 138 frames.
LOG (gmm-acc-stats-ali[5.5.513~2-b5f4cf]:main():gmm-acc-stats-ali.cc:105) Processed 7550 utterances; for utterance 90225a4a-175a-4d3b-8b3e-9f7193518993-87271131 avg. like is -95.4976 over 178 frames.
LOG (gmm-acc-stats-ali[5.5.513~2-b5f4cf]:main():gmm-acc-stats-ali.cc:105) Processed 7600 utterances; for utterance 90225a4a-175a-4d3b-8b3e-9f7193518993-88760806 avg. like is -96.5452 over 208 frames.
LOG (gmm-acc-stats-ali[5.5.513~2-b5f4cf]:main():gmm-acc-stats-ali.cc:105) Processed 7650 utterances; for utterance 90225a4a-175a-4d3b-8b3e-9f7193518993-90245316 avg. like is -98.2001 over 248 frames.
LOG (gmm-acc-stats-ali[5.5.513~2-b5f4cf]:main():gmm-acc-stats-ali.cc:105) Processed 7700 utterances; for utterance 90225a4a-175a-4d3b-8b3e-9f7193518993-91423046 avg. like is -98.079 over 168 frames.
LOG (gmm-acc-stats-ali[5.5.513~2-b5f4cf]:main():gmm-acc-stats-ali.cc:105) Processed 7750 utterances; for utterance 90225a4a-175a-4d3b-8b3e-9f7193518993-93147716 avg. like is -96.3414 over 178 frames.
LOG (gmm-acc-stats-ali[5.5.513~2-b5f4cf]:main():gmm-acc-stats-ali.cc:105) Processed 7800 utterances; for utterance 90225a4a-175a-4d3b-8b3e-9f7193518993-94633376 avg. like is -97.9043 over 198 frames.
WARNING (gmm-acc-stats-ali[5.5.513~2-b5f4cf]:main():gmm-acc-stats-ali.cc:79) No alignment for utterance 92a49259-42fb-452e-94d4-bc73f42f1e59-11173439
LOG (gmm-acc-stats-ali[5.5.513~2-b5f4cf]:main():gmm-acc-stats-ali.cc:105) Processed 7850 utterances; for utterance 92a49259-42fb-452e-94d4-bc73f42f1e59-11369447 avg. like is -104.459 over 723 frames.
WARNING (gmm-acc-stats-ali[5.5.513~2-b5f4cf]:main():gmm-acc-stats-ali.cc:79) No alignment for utterance 92a49259-42fb-452e-94d4-bc73f42f1e59-1165669
WARNING (gmm-acc-stats-ali[5.5.513~2-b5f4cf]:main():gmm-acc-stats-ali.cc:79) No alignment for utterance 92a49259-42fb-452e-94d4-bc73f42f1e59-15920489
LOG (gmm-acc-stats-ali[5.5.513~2-b5f4cf]:main():gmm-acc-stats-ali.cc:105) Processed 7900 utterances; for utterance 92a49259-42fb-452e-94d4-bc73f42f1e59-163089 avg. like is -86.5136 over 478 frames.
WARNING (gmm-acc-stats-ali[5.5.513~2-b5f4cf]:main():gmm-acc-stats-ali.cc:79) No alignment for utterance 92a49259-42fb-452e-94d4-bc73f42f1e59-18035844
WARNING (gmm-acc-stats-ali[5.5.513~2-b5f4cf]:main():gmm-acc-stats-ali.cc:79) No alignment for utterance 92a49259-42fb-452e-94d4-bc73f42f1e59-19414839
WARNING (gmm-acc-stats-ali[5.5.513~2-b5f4cf]:main():gmm-acc-stats-ali.cc:79) No alignment for utterance 92a49259-42fb-452e-94d4-bc73f42f1e59-20164929
LOG (gmm-acc-stats-ali[5.5.513~2-b5f4cf]:main():gmm-acc-stats-ali.cc:105) Processed 7950 utterances; for utterance 92a49259-42fb-452e-94d4-bc73f42f1e59-21310082 avg. like is -104.727 over 1433 frames.
WARNING (gmm-acc-stats-ali[5.5.513~2-b5f4cf]:main():gmm-acc-stats-ali.cc:79) No alignment for utterance 92a49259-42fb-452e-94d4-bc73f42f1e59-21471489
WARNING (gmm-acc-stats-ali[5.5.513~2-b5f4cf]:main():gmm-acc-stats-ali.cc:79) No alignment for utterance 92a49259-42fb-452e-94d4-bc73f42f1e59-22828834
WARNING (gmm-acc-stats-ali[5.5.513~2-b5f4cf]:main():gmm-acc-stats-ali.cc:79) No alignment for utterance 92a49259-42fb-452e-94d4-bc73f42f1e59-27330729
LOG (gmm-acc-stats-ali[5.5.513~2-b5f4cf]:main():gmm-acc-stats-ali.cc:105) Processed 8000 utterances; for utterance 92a49259-42fb-452e-94d4-bc73f42f1e59-27330730 avg. like is -93.088 over 1098 frames.
WARNING (gmm-acc-stats-ali[5.5.513~2-b5f4cf]:main():gmm-acc-stats-ali.cc:79) No alignment for utterance 92a49259-42fb-452e-94d4-bc73f42f1e59-27333704
WARNING (gmm-acc-stats-ali[5.5.513~2-b5f4cf]:main():gmm-acc-stats-ali.cc:79) No alignment for utterance 92a49259-42fb-452e-94d4-bc73f42f1e59-27423079
WARNING (gmm-acc-stats-ali[5.5.513~2-b5f4cf]:main():gmm-acc-stats-ali.cc:79) No alignment for utterance 92a49259-42fb-452e-94d4-bc73f42f1e59-27630359
WARNING (gmm-acc-stats-ali[5.5.513~2-b5f4cf]:main():gmm-acc-stats-ali.cc:79) No alignment for utterance 92a49259-42fb-452e-94d4-bc73f42f1e59-27646299
WARNING (gmm-acc-stats-ali[5.5.513~2-b5f4cf]:main():gmm-acc-stats-ali.cc:79) No alignment for utterance 92a49259-42fb-452e-94d4-bc73f42f1e59-32660624
LOG (gmm-acc-stats-ali[5.5.513~2-b5f4cf]:main():gmm-acc-stats-ali.cc:105) Processed 8050 utterances; for utterance 92a49259-42fb-452e-94d4-bc73f42f1e59-32660625 avg. like is -92.8078 over 1008 frames.
WARNING (gmm-acc-stats-ali[5.5.513~2-b5f4cf]:main():gmm-acc-stats-ali.cc:79) No alignment for utterance 92a49259-42fb-452e-94d4-bc73f42f1e59-39917104
WARNING (gmm-acc-stats-ali[5.5.513~2-b5f4cf]:main():gmm-acc-stats-ali.cc:79) No alignment for utterance 92a49259-42fb-452e-94d4-bc73f42f1e59-41623659
LOG (gmm-acc-stats-ali[5.5.513~2-b5f4cf]:main():gmm-acc-stats-ali.cc:105) Processed 8100 utterances; for utterance 92a49259-42fb-452e-94d4-bc73f42f1e59-4511797 avg. like is -107.197 over 1243 frames.
WARNING (gmm-acc-stats-ali[5.5.513~2-b5f4cf]:main():gmm-acc-stats-ali.cc:79) No alignment for utterance 92a49259-42fb-452e-94d4-bc73f42f1e59-4511799
WARNING (gmm-acc-stats-ali[5.5.513~2-b5f4cf]:main():gmm-acc-stats-ali.cc:79) No alignment for utterance 92a49259-42fb-452e-94d4-bc73f42f1e59-4537589
WARNING (gmm-acc-stats-ali[5.5.513~2-b5f4cf]:main():gmm-acc-stats-ali.cc:79) No alignment for utterance 92a49259-42fb-452e-94d4-bc73f42f1e59-4539964
WARNING (gmm-acc-stats-ali[5.5.513~2-b5f4cf]:main():gmm-acc-stats-ali.cc:79) No alignment for utterance 92a49259-42fb-452e-94d4-bc73f42f1e59-50636594
WARNING (gmm-acc-stats-ali[5.5.513~2-b5f4cf]:main():gmm-acc-stats-ali.cc:79) No alignment for utterance 92a49259-42fb-452e-94d4-bc73f42f1e59-5414354
WARNING (gmm-acc-stats-ali[5.5.513~2-b5f4cf]:main():gmm-acc-stats-ali.cc:79) No alignment for utterance 92a49259-42fb-452e-94d4-bc73f42f1e59-54261024
LOG (gmm-acc-stats-ali[5.5.513~2-b5f4cf]:main():gmm-acc-stats-ali.cc:105) Processed 8150 utterances; for utterance 92a49259-42fb-452e-94d4-bc73f42f1e59-5552283 avg. like is -95.4471 over 1208 frames.
WARNING (gmm-acc-stats-ali[5.5.513~2-b5f4cf]:main():gmm-acc-stats-ali.cc:79) No alignment for utterance 92a49259-42fb-452e-94d4-bc73f42f1e59-5552284
WARNING (gmm-acc-stats-ali[5.5.513~2-b5f4cf]:main():gmm-acc-stats-ali.cc:79) No alignment for utterance 92a49259-42fb-452e-94d4-bc73f42f1e59-69919414
LOG (gmm-acc-stats-ali[5.5.513~2-b5f4cf]:main():gmm-acc-stats-ali.cc:105) Processed 8200 utterances; for utterance 92a49259-42fb-452e-94d4-bc73f42f1e59-69919415 avg. like is -94.985 over 958 frames.
WARNING (gmm-acc-stats-ali[5.5.513~2-b5f4cf]:main():gmm-acc-stats-ali.cc:79) No alignment for utterance 92a49259-42fb-452e-94d4-bc73f42f1e59-69967749
WARNING (gmm-acc-stats-ali[5.5.513~2-b5f4cf]:main():gmm-acc-stats-ali.cc:79) No alignment for utterance 92a49259-42fb-452e-94d4-bc73f42f1e59-70927514
WARNING (gmm-acc-stats-ali[5.5.513~2-b5f4cf]:main():gmm-acc-stats-ali.cc:79) No alignment for utterance 92a49259-42fb-452e-94d4-bc73f42f1e59-71016224
WARNING (gmm-acc-stats-ali[5.5.513~2-b5f4cf]:main():gmm-acc-stats-ali.cc:79) No alignment for utterance 92a49259-42fb-452e-94d4-bc73f42f1e59-71257469
WARNING (gmm-acc-stats-ali[5.5.513~2-b5f4cf]:main():gmm-acc-stats-ali.cc:79) No alignment for utterance 92a49259-42fb-452e-94d4-bc73f42f1e59-72213224
WARNING (gmm-acc-stats-ali[5.5.513~2-b5f4cf]:main():gmm-acc-stats-ali.cc:79) No alignment for utterance 92a49259-42fb-452e-94d4-bc73f42f1e59-72940754
WARNING (gmm-acc-stats-ali[5.5.513~2-b5f4cf]:main():gmm-acc-stats-ali.cc:79) No alignment for utterance 92a49259-42fb-452e-94d4-bc73f42f1e59-73127329
LOG (gmm-acc-stats-ali[5.5.513~2-b5f4cf]:main():gmm-acc-stats-ali.cc:105) Processed 8250 utterances; for utterance 92a49259-42fb-452e-94d4-bc73f42f1e59-73411782 avg. like is -105.37 over 453 frames.
WARNING (gmm-acc-stats-ali[5.5.513~2-b5f4cf]:main():gmm-acc-stats-ali.cc:79) No alignment for utterance 92a49259-42fb-452e-94d4-bc73f42f1e59-77611249
LOG (gmm-acc-stats-ali[5.5.513~2-b5f4cf]:main():gmm-acc-stats-ali.cc:105) Processed 8300 utterances; for utterance 92a49259-42fb-452e-94d4-bc73f42f1e59-79542968 avg. like is -81.2167 over 148 frames.
WARNING (gmm-acc-stats-ali[5.5.513~2-b5f4cf]:main():gmm-acc-stats-ali.cc:79) No alignment for utterance 92a49259-42fb-452e-94d4-bc73f42f1e59-817589
LOG (gmm-acc-stats-ali[5.5.513~2-b5f4cf]:main():gmm-acc-stats-ali.cc:105) Processed 8350 utterances; for utterance 92a49259-42fb-452e-94d4-bc73f42f1e59-81768574 avg. like is -81.0998 over 228 frames.
WARNING (gmm-acc-stats-ali[5.5.513~2-b5f4cf]:main():gmm-acc-stats-ali.cc:79) No alignment for utterance 92a49259-42fb-452e-94d4-bc73f42f1e59-83032959
WARNING (gmm-acc-stats-ali[5.5.513~2-b5f4cf]:main():gmm-acc-stats-ali.cc:79) No alignment for utterance 92a49259-42fb-452e-94d4-bc73f42f1e59-83062219
LOG (gmm-acc-stats-ali[5.5.513~2-b5f4cf]:main():gmm-acc-stats-ali.cc:105) Processed 8400 utterances; for utterance 92a49259-42fb-452e-94d4-bc73f42f1e59-83572911 avg. like is -91.0656 over 198 frames.
LOG (gmm-acc-stats-ali[5.5.513~2-b5f4cf]:main():gmm-acc-stats-ali.cc:105) Processed 8450 utterances; for utterance 92a49259-42fb-452e-94d4-bc73f42f1e59-84554821 avg. like is -88.7523 over 168 frames.
LOG (gmm-acc-stats-ali[5.5.513~2-b5f4cf]:main():gmm-acc-stats-ali.cc:105) Processed 8500 utterances; for utterance 92a49259-42fb-452e-94d4-bc73f42f1e59-86564871 avg. like is -95.6241 over 238 frames.
LOG (gmm-acc-stats-ali[5.5.513~2-b5f4cf]:main():gmm-acc-stats-ali.cc:105) Processed 8550 utterances; for utterance 92a49259-42fb-452e-94d4-bc73f42f1e59-88032496 avg. like is -90.8032 over 208 frames.
LOG (gmm-acc-stats-ali[5.5.513~2-b5f4cf]:main():gmm-acc-stats-ali.cc:105) Processed 8600 utterances; for utterance 92a49259-42fb-452e-94d4-bc73f42f1e59-89533606 avg. like is -94.1665 over 178 frames.
LOG (gmm-acc-stats-ali[5.5.513~2-b5f4cf]:main():gmm-acc-stats-ali.cc:105) Processed 8650 utterances; for utterance 92a49259-42fb-452e-94d4-bc73f42f1e59-91329876 avg. like is -94.0149 over 208 frames.
LOG (gmm-acc-stats-ali[5.5.513~2-b5f4cf]:main():gmm-acc-stats-ali.cc:105) Processed 8700 utterances; for utterance 92a49259-42fb-452e-94d4-bc73f42f1e59-925671 avg. like is -101.946 over 1198 frames.
LOG (gmm-acc-stats-ali[5.5.513~2-b5f4cf]:main():gmm-acc-stats-ali.cc:105) Processed 8750 utterances; for utterance 92a49259-42fb-452e-94d4-bc73f42f1e59-93952351 avg. like is -93.6208 over 218 frames.
LOG (gmm-acc-stats-ali[5.5.513~2-b5f4cf]:main():gmm-acc-stats-ali.cc:105) Processed 8800 utterances; for utterance 92a49259-42fb-452e-94d4-bc73f42f1e59-9723601 avg. like is -97.9295 over 558 frames.
LOG (gmm-acc-stats-ali[5.5.513~2-b5f4cf]:main():gmm-acc-stats-ali.cc:105) Processed 8850 utterances; for utterance 96ca5804-428f-4132-951a-faacb032718c-12353107 avg. like is -108.43 over 908 frames.
LOG (gmm-acc-stats-ali[5.5.513~2-b5f4cf]:main():gmm-acc-stats-ali.cc:105) Processed 8900 utterances; for utterance 96ca5804-428f-4132-951a-faacb032718c-19917724 avg. like is -89.0306 over 428 frames.
LOG (gmm-acc-stats-ali[5.5.513~2-b5f4cf]:main():gmm-acc-stats-ali.cc:105) Processed 8950 utterances; for utterance 96ca5804-428f-4132-951a-faacb032718c-26010797 avg. like is -107.551 over 573 frames.
LOG (gmm-acc-stats-ali[5.5.513~2-b5f4cf]:main():gmm-acc-stats-ali.cc:105) Processed 9000 utterances; for utterance 96ca5804-428f-4132-951a-faacb032718c-33635539 avg. like is -85.8526 over 248 frames.
LOG (gmm-acc-stats-ali[5.5.513~2-b5f4cf]:main():gmm-acc-stats-ali.cc:105) Processed 9050 utterances; for utterance 96ca5804-428f-4132-951a-faacb032718c-49960717 avg. like is -110.27 over 1018 frames.
LOG (gmm-acc-stats-ali[5.5.513~2-b5f4cf]:main():gmm-acc-stats-ali.cc:105) Processed 9100 utterances; for utterance 96ca5804-428f-4132-951a-faacb032718c-6523589 avg. like is -88.8183 over 1018 frames.
LOG (gmm-acc-stats-ali[5.5.513~2-b5f4cf]:main():gmm-acc-stats-ali.cc:105) Processed 9150 utterances; for utterance 992828f6-7229-4dbb-911f-82f1c6e52463-11536988 avg. like is -100.293 over 748 frames.
LOG (gmm-acc-stats-ali[5.5.513~2-b5f4cf]:main():gmm-acc-stats-ali.cc:105) Processed 9200 utterances; for utterance 992828f6-7229-4dbb-911f-82f1c6e52463-14953268 avg. like is -98.0491 over 1208 frames.
LOG (gmm-acc-stats-ali[5.5.513~2-b5f4cf]:main():gmm-acc-stats-ali.cc:105) Processed 9250 utterances; for utterance 992828f6-7229-4dbb-911f-82f1c6e52463-18837508 avg. like is -98.6178 over 1248 frames.
LOG (gmm-acc-stats-ali[5.5.513~2-b5f4cf]:main():gmm-acc-stats-ali.cc:105) Processed 9300 utterances; for utterance 992828f6-7229-4dbb-911f-82f1c6e52463-23742903 avg. like is -96.6751 over 618 frames.
LOG (gmm-acc-stats-ali[5.5.513~2-b5f4cf]:main():gmm-acc-stats-ali.cc:105) Processed 9350 utterances; for utterance 992828f6-7229-4dbb-911f-82f1c6e52463-28355888 avg. like is -97.8412 over 938 frames.
LOG (gmm-acc-stats-ali[5.5.513~2-b5f4cf]:main():gmm-acc-stats-ali.cc:105) Processed 9400 utterances; for utterance 992828f6-7229-4dbb-911f-82f1c6e52463-32330573 avg. like is -100.657 over 1368 frames.
LOG (gmm-acc-stats-ali[5.5.513~2-b5f4cf]:main():gmm-acc-stats-ali.cc:105) Processed 9450 utterances; for utterance 992828f6-7229-4dbb-911f-82f1c6e52463-36139693 avg. like is -92.5405 over 308 frames.
LOG (gmm-acc-stats-ali[5.5.513~2-b5f4cf]:main():gmm-acc-stats-ali.cc:105) Processed 9500 utterances; for utterance 992828f6-7229-4dbb-911f-82f1c6e52463-45443993 avg. like is -97.7357 over 978 frames.
LOG (gmm-acc-stats-ali[5.5.513~2-b5f4cf]:main():gmm-acc-stats-ali.cc:105) Processed 9550 utterances; for utterance 992828f6-7229-4dbb-911f-82f1c6e52463-55325013 avg. like is -99.2712 over 1418 frames.
LOG (gmm-acc-stats-ali[5.5.513~2-b5f4cf]:main():gmm-acc-stats-ali.cc:105) Processed 9600 utterances; for utterance 992828f6-7229-4dbb-911f-82f1c6e52463-63931878 avg. like is -98.8844 over 988 frames.
LOG (gmm-acc-stats-ali[5.5.513~2-b5f4cf]:main():gmm-acc-stats-ali.cc:105) Processed 9650 utterances; for utterance 992828f6-7229-4dbb-911f-82f1c6e52463-6917908 avg. like is -99.5421 over 678 frames.
LOG (gmm-acc-stats-ali[5.5.513~2-b5f4cf]:main():gmm-acc-stats-ali.cc:105) Processed 9700 utterances; for utterance 992828f6-7229-4dbb-911f-82f1c6e52463-71326013 avg. like is -96.3039 over 358 frames.
LOG (gmm-acc-stats-ali[5.5.513~2-b5f4cf]:main():gmm-acc-stats-ali.cc:105) Processed 9750 utterances; for utterance 992828f6-7229-4dbb-911f-82f1c6e52463-73462263 avg. like is -97.8041 over 498 frames.
LOG (gmm-acc-stats-ali[5.5.513~2-b5f4cf]:main():gmm-acc-stats-ali.cc:105) Processed 9800 utterances; for utterance 992828f6-7229-4dbb-911f-82f1c6e52463-76162643 avg. like is -95.7 over 218 frames.
LOG (gmm-acc-stats-ali[5.5.513~2-b5f4cf]:main():gmm-acc-stats-ali.cc:105) Processed 9850 utterances; for utterance 992828f6-7229-4dbb-911f-82f1c6e52463-78840878 avg. like is -89.2145 over 148 frames.
LOG (gmm-acc-stats-ali[5.5.513~2-b5f4cf]:main():gmm-acc-stats-ali.cc:105) Processed 9900 utterances; for utterance 992828f6-7229-4dbb-911f-82f1c6e52463-79626413 avg. like is -92.2632 over 188 frames.
LOG (gmm-acc-stats-ali[5.5.513~2-b5f4cf]:main():gmm-acc-stats-ali.cc:105) Processed 9950 utterances; for utterance 992828f6-7229-4dbb-911f-82f1c6e52463-81349278 avg. like is -90.8281 over 158 frames.
LOG (gmm-acc-stats-ali[5.5.513~2-b5f4cf]:main():gmm-acc-stats-ali.cc:105) Processed 10000 utterances; for utterance 992828f6-7229-4dbb-911f-82f1c6e52463-82557428 avg. like is -93.6633 over 178 frames.
LOG (gmm-acc-stats-ali[5.5.513~2-b5f4cf]:main():gmm-acc-stats-ali.cc:105) Processed 10050 utterances; for utterance 992828f6-7229-4dbb-911f-82f1c6e52463-83751178 avg. like is -90.338 over 168 frames.
LOG (gmm-acc-stats-ali[5.5.513~2-b5f4cf]:main():gmm-acc-stats-ali.cc:105) Processed 10100 utterances; for utterance 992828f6-7229-4dbb-911f-82f1c6e52463-85965593 avg. like is -95.2761 over 208 frames.
LOG (gmm-acc-stats-ali[5.5.513~2-b5f4cf]:main():gmm-acc-stats-ali.cc:105) Processed 10150 utterances; for utterance 992828f6-7229-4dbb-911f-82f1c6e52463-87162398 avg. like is -89.4943 over 148 frames.
LOG (gmm-acc-stats-ali[5.5.513~2-b5f4cf]:main():gmm-acc-stats-ali.cc:105) Processed 10200 utterances; for utterance 992828f6-7229-4dbb-911f-82f1c6e52463-88944263 avg. like is -91.7717 over 138 frames.
LOG (gmm-acc-stats-ali[5.5.513~2-b5f4cf]:main():gmm-acc-stats-ali.cc:105) Processed 10250 utterances; for utterance 992828f6-7229-4dbb-911f-82f1c6e52463-90731613 avg. like is -94.0854 over 208 frames.
LOG (gmm-acc-stats-ali[5.5.513~2-b5f4cf]:main():gmm-acc-stats-ali.cc:105) Processed 10300 utterances; for utterance 992828f6-7229-4dbb-911f-82f1c6e52463-92310298 avg. like is -91.6345 over 168 frames.
LOG (gmm-acc-stats-ali[5.5.513~2-b5f4cf]:main():gmm-acc-stats-ali.cc:105) Processed 10350 utterances; for utterance 992828f6-7229-4dbb-911f-82f1c6e52463-93173823 avg. like is -91.0161 over 198 frames.
LOG (gmm-acc-stats-ali[5.5.513~2-b5f4cf]:main():gmm-acc-stats-ali.cc:105) Processed 10400 utterances; for utterance 992828f6-7229-4dbb-911f-82f1c6e52463-94611133 avg. like is -96.729 over 218 frames.
LOG (gmm-acc-stats-ali[5.5.513~2-b5f4cf]:main():gmm-acc-stats-ali.cc:105) Processed 10450 utterances; for utterance 9a807e71-f30a-4cb5-bbd3-8248ad7dc870-1167878 avg. like is -95.784 over 698 frames.
LOG (gmm-acc-stats-ali[5.5.513~2-b5f4cf]:main():gmm-acc-stats-ali.cc:105) Processed 10500 utterances; for utterance 9a807e71-f30a-4cb5-bbd3-8248ad7dc870-144253 avg. like is -94.5877 over 548 frames.
LOG (gmm-acc-stats-ali[5.5.513~2-b5f4cf]:main():gmm-acc-stats-ali.cc:105) Processed 10550 utterances; for utterance 9a807e71-f30a-4cb5-bbd3-8248ad7dc870-18419008 avg. like is -96.6102 over 1088 frames.
LOG (gmm-acc-stats-ali[5.5.513~2-b5f4cf]:main():gmm-acc-stats-ali.cc:105) Processed 10600 utterances; for utterance 9a807e71-f30a-4cb5-bbd3-8248ad7dc870-22063803 avg. like is -96.6877 over 1608 frames.
LOG (gmm-acc-stats-ali[5.5.513~2-b5f4cf]:main():gmm-acc-stats-ali.cc:105) Processed 10650 utterances; for utterance 9a807e71-f30a-4cb5-bbd3-8248ad7dc870-27573098 avg. like is -96.4215 over 788 frames.
LOG (gmm-acc-stats-ali[5.5.513~2-b5f4cf]:main():gmm-acc-stats-ali.cc:105) Processed 10700 utterances; for utterance 9a807e71-f30a-4cb5-bbd3-8248ad7dc870-32913153 avg. like is -97.9699 over 1188 frames.
LOG (gmm-acc-stats-ali[5.5.513~2-b5f4cf]:main():gmm-acc-stats-ali.cc:105) Processed 10750 utterances; for utterance 9a807e71-f30a-4cb5-bbd3-8248ad7dc870-40070718 avg. like is -98.7664 over 698 frames.
LOG (gmm-acc-stats-ali[5.5.513~2-b5f4cf]:main():gmm-acc-stats-ali.cc:105) Processed 10800 utterances; for utterance 9a807e71-f30a-4cb5-bbd3-8248ad7dc870-4561243 avg. like is -96.6319 over 1338 frames.
WARNING (gmm-acc-stats-ali[5.5.513~2-b5f4cf]:main():gmm-acc-stats-ali.cc:79) No alignment for utterance 9a807e71-f30a-4cb5-bbd3-8248ad7dc870-49954959
WARNING (gmm-acc-stats-ali[5.5.513~2-b5f4cf]:main():gmm-acc-stats-ali.cc:79) No alignment for utterance 9a807e71-f30a-4cb5-bbd3-8248ad7dc870-54273589
LOG (gmm-acc-stats-ali[5.5.513~2-b5f4cf]:main():gmm-acc-stats-ali.cc:105) Processed 10850 utterances; for utterance 9a807e71-f30a-4cb5-bbd3-8248ad7dc870-56445810 avg. like is -98.0127 over 2628 frames.
LOG (gmm-acc-stats-ali[5.5.513~2-b5f4cf]:main():gmm-acc-stats-ali.cc:105) Processed 10900 utterances; for utterance 9a807e71-f30a-4cb5-bbd3-8248ad7dc870-61351350 avg. like is -97.0726 over 648 frames.
LOG (gmm-acc-stats-ali[5.5.513~2-b5f4cf]:main():gmm-acc-stats-ali.cc:105) Processed 10950 utterances; for utterance 9a807e71-f30a-4cb5-bbd3-8248ad7dc870-68021725 avg. like is -97.4983 over 1358 frames.
LOG (gmm-acc-stats-ali[5.5.513~2-b5f4cf]:main():gmm-acc-stats-ali.cc:105) Processed 11000 utterances; for utterance 9a807e71-f30a-4cb5-bbd3-8248ad7dc870-7140730 avg. like is -96.7661 over 788 frames.
LOG (gmm-acc-stats-ali[5.5.513~2-b5f4cf]:main():gmm-acc-stats-ali.cc:105) Processed 11050 utterances; for utterance 9a807e71-f30a-4cb5-bbd3-8248ad7dc870-74344895 avg. like is -93.5329 over 398 frames.
LOG (gmm-acc-stats-ali[5.5.513~2-b5f4cf]:main():gmm-acc-stats-ali.cc:105) Processed 11100 utterances; for utterance 9a807e71-f30a-4cb5-bbd3-8248ad7dc870-79068800 avg. like is -91.0747 over 248 frames.
LOG (gmm-acc-stats-ali[5.5.513~2-b5f4cf]:main():gmm-acc-stats-ali.cc:105) Processed 11150 utterances; for utterance 9a807e71-f30a-4cb5-bbd3-8248ad7dc870-80125235 avg. like is -91.4586 over 188 frames.
LOG (gmm-acc-stats-ali[5.5.513~2-b5f4cf]:main():gmm-acc-stats-ali.cc:105) Processed 11200 utterances; for utterance 9a807e71-f30a-4cb5-bbd3-8248ad7dc870-83038585 avg. like is -93.6455 over 258 frames.
LOG (gmm-acc-stats-ali[5.5.513~2-b5f4cf]:main():gmm-acc-stats-ali.cc:105) Processed 11250 utterances; for utterance 9a807e71-f30a-4cb5-bbd3-8248ad7dc870-83940680 avg. like is -94.9312 over 288 frames.
LOG (gmm-acc-stats-ali[5.5.513~2-b5f4cf]:main():gmm-acc-stats-ali.cc:105) Processed 11300 utterances; for utterance 9a807e71-f30a-4cb5-bbd3-8248ad7dc870-85739680 avg. like is -93.8676 over 198 frames.
LOG (gmm-acc-stats-ali[5.5.513~2-b5f4cf]:main():gmm-acc-stats-ali.cc:105) Processed 11350 utterances; for utterance 9a807e71-f30a-4cb5-bbd3-8248ad7dc870-87344260 avg. like is -91.1868 over 258 frames.
LOG (gmm-acc-stats-ali[5.5.513~2-b5f4cf]:main():gmm-acc-stats-ali.cc:105) Processed 11400 utterances; for utterance 9a807e71-f30a-4cb5-bbd3-8248ad7dc870-88633150 avg. like is -91.8986 over 208 frames.
LOG (gmm-acc-stats-ali[5.5.513~2-b5f4cf]:main():gmm-acc-stats-ali.cc:105) Processed 11450 utterances; for utterance 9a807e71-f30a-4cb5-bbd3-8248ad7dc870-90332675 avg. like is -95.4216 over 288 frames.
LOG (gmm-acc-stats-ali[5.5.513~2-b5f4cf]:main():gmm-acc-stats-ali.cc:105) Processed 11500 utterances; for utterance 9a807e71-f30a-4cb5-bbd3-8248ad7dc870-91160850 avg. like is -92.4473 over 288 frames.
LOG (gmm-acc-stats-ali[5.5.513~2-b5f4cf]:main():gmm-acc-stats-ali.cc:105) Processed 11550 utterances; for utterance 9a807e71-f30a-4cb5-bbd3-8248ad7dc870-92652070 avg. like is -89.479 over 288 frames.
LOG (gmm-acc-stats-ali[5.5.513~2-b5f4cf]:main():gmm-acc-stats-ali.cc:105) Processed 11600 utterances; for utterance 9a807e71-f30a-4cb5-bbd3-8248ad7dc870-94619580 avg. like is -93.4057 over 258 frames.
LOG (gmm-acc-stats-ali[5.5.513~2-b5f4cf]:main():gmm-acc-stats-ali.cc:105) Processed 11650 utterances; for utterance 9a807e71-f30a-4cb5-bbd3-8248ad7dc870-9970910 avg. like is -96.0739 over 498 frames.
LOG (gmm-acc-stats-ali[5.5.513~2-b5f4cf]:main():gmm-acc-stats-ali.cc:105) Processed 11700 utterances; for utterance a1a42ad4-9024-40f2-b898-78b1ac732492-12451035 avg. like is -94.2485 over 648 frames.
LOG (gmm-acc-stats-ali[5.5.513~2-b5f4cf]:main():gmm-acc-stats-ali.cc:105) Processed 11750 utterances; for utterance a1a42ad4-9024-40f2-b898-78b1ac732492-20744880 avg. like is -98.2781 over 1608 frames.
LOG (gmm-acc-stats-ali[5.5.513~2-b5f4cf]:main():gmm-acc-stats-ali.cc:105) Processed 11800 utterances; for utterance a1a42ad4-9024-40f2-b898-78b1ac732492-32735235 avg. like is -99.6087 over 738 frames.
LOG (gmm-acc-stats-ali[5.5.513~2-b5f4cf]:main():gmm-acc-stats-ali.cc:105) Processed 11850 utterances; for utterance a1a42ad4-9024-40f2-b898-78b1ac732492-43166270 avg. like is -87.9503 over 618 frames.
LOG (gmm-acc-stats-ali[5.5.513~2-b5f4cf]:main():gmm-acc-stats-ali.cc:105) Processed 11900 utterances; for utterance a1a42ad4-9024-40f2-b898-78b1ac732492-5512755 avg. like is -97.5249 over 1548 frames.
LOG (gmm-acc-stats-ali[5.5.513~2-b5f4cf]:main():gmm-acc-stats-ali.cc:105) Processed 11950 utterances; for utterance a1a42ad4-9024-40f2-b898-78b1ac732492-69910630 avg. like is -100.586 over 988 frames.
LOG (gmm-acc-stats-ali[5.5.513~2-b5f4cf]:main():gmm-acc-stats-ali.cc:105) Processed 12000 utterances; for utterance a1a42ad4-9024-40f2-b898-78b1ac732492-74121090 avg. like is -95.5142 over 708 frames.
WARNING (gmm-acc-stats-ali[5.5.513~2-b5f4cf]:main():gmm-acc-stats-ali.cc:79) No alignment for utterance a225030a-046e-4590-af91-635ba303fc32-14114019
LOG (gmm-acc-stats-ali[5.5.513~2-b5f4cf]:main():gmm-acc-stats-ali.cc:105) Processed 12050 utterances; for utterance a225030a-046e-4590-af91-635ba303fc32-18431051 avg. like is -102.76 over 1638 frames.
WARNING (gmm-acc-stats-ali[5.5.513~2-b5f4cf]:main():gmm-acc-stats-ali.cc:79) No alignment for utterance a225030a-046e-4590-af91-635ba303fc32-18431054
WARNING (gmm-acc-stats-ali[5.5.513~2-b5f4cf]:main():gmm-acc-stats-ali.cc:79) No alignment for utterance a225030a-046e-4590-af91-635ba303fc32-19353314
WARNING (gmm-acc-stats-ali[5.5.513~2-b5f4cf]:main():gmm-acc-stats-ali.cc:79) No alignment for utterance a225030a-046e-4590-af91-635ba303fc32-19752289
WARNING (gmm-acc-stats-ali[5.5.513~2-b5f4cf]:main():gmm-acc-stats-ali.cc:79) No alignment for utterance a225030a-046e-4590-af91-635ba303fc32-241844
WARNING (gmm-acc-stats-ali[5.5.513~2-b5f4cf]:main():gmm-acc-stats-ali.cc:79) No alignment for utterance a225030a-046e-4590-af91-635ba303fc32-28511664
WARNING (gmm-acc-stats-ali[5.5.513~2-b5f4cf]:main():gmm-acc-stats-ali.cc:79) No alignment for utterance a225030a-046e-4590-af91-635ba303fc32-32056834
LOG (gmm-acc-stats-ali[5.5.513~2-b5f4cf]:main():gmm-acc-stats-ali.cc:105) Processed 12100 utterances; for utterance a225030a-046e-4590-af91-635ba303fc32-39623782 avg. like is -107.506 over 3383 frames.
WARNING (gmm-acc-stats-ali[5.5.513~2-b5f4cf]:main():gmm-acc-stats-ali.cc:79) No alignment for utterance a225030a-046e-4590-af91-635ba303fc32-49659914
WARNING (gmm-acc-stats-ali[5.5.513~2-b5f4cf]:main():gmm-acc-stats-ali.cc:79) No alignment for utterance a225030a-046e-4590-af91-635ba303fc32-5465409
LOG (gmm-acc-stats-ali[5.5.513~2-b5f4cf]:main():gmm-acc-stats-ali.cc:105) Processed 12150 utterances; for utterance a225030a-046e-4590-af91-635ba303fc32-5717424 avg. like is -81.8993 over 568 frames.
WARNING (gmm-acc-stats-ali[5.5.513~2-b5f4cf]:main():gmm-acc-stats-ali.cc:79) No alignment for utterance a225030a-046e-4590-af91-635ba303fc32-65233629
WARNING (gmm-acc-stats-ali[5.5.513~2-b5f4cf]:main():gmm-acc-stats-ali.cc:79) No alignment for utterance a225030a-046e-4590-af91-635ba303fc32-68626679
WARNING (gmm-acc-stats-ali[5.5.513~2-b5f4cf]:main():gmm-acc-stats-ali.cc:79) No alignment for utterance a225030a-046e-4590-af91-635ba303fc32-72070044
LOG (gmm-acc-stats-ali[5.5.513~2-b5f4cf]:main():gmm-acc-stats-ali.cc:105) Processed 12200 utterances; for utterance a225030a-046e-4590-af91-635ba303fc32-74251897 avg. like is -104.919 over 1258 frames.
WARNING (gmm-acc-stats-ali[5.5.513~2-b5f4cf]:main():gmm-acc-stats-ali.cc:79) No alignment for utterance a225030a-046e-4590-af91-635ba303fc32-74251899
WARNING (gmm-acc-stats-ali[5.5.513~2-b5f4cf]:main():gmm-acc-stats-ali.cc:79) No alignment for utterance a225030a-046e-4590-af91-635ba303fc32-78060694
LOG (gmm-acc-stats-ali[5.5.513~2-b5f4cf]:main():gmm-acc-stats-ali.cc:105) Processed 12250 utterances; for utterance a225030a-046e-4590-af91-635ba303fc32-81227384 avg. like is -82.8834 over 368 frames.
LOG (gmm-acc-stats-ali[5.5.513~2-b5f4cf]:main():gmm-acc-stats-ali.cc:105) Processed 12300 utterances; for utterance a225030a-046e-4590-af91-635ba303fc32-84829979 avg. like is -81.7217 over 328 frames.
LOG (gmm-acc-stats-ali[5.5.513~2-b5f4cf]:main():gmm-acc-stats-ali.cc:105) Processed 12350 utterances; for utterance a225030a-046e-4590-af91-635ba303fc32-89718479 avg. like is -80.8734 over 328 frames.
LOG (gmm-acc-stats-ali[5.5.513~2-b5f4cf]:main():gmm-acc-stats-ali.cc:105) Processed 12400 utterances; for utterance a225030a-046e-4590-af91-635ba303fc32-94763374 avg. like is -81.6392 over 368 frames.
LOG (gmm-acc-stats-ali[5.5.513~2-b5f4cf]:main():gmm-acc-stats-ali.cc:105) Processed 12450 utterances; for utterance a35625c5-fb07-40f9-9e6a-d7f256694159-14645114 avg. like is -87.396 over 1348 frames.
LOG (gmm-acc-stats-ali[5.5.513~2-b5f4cf]:main():gmm-acc-stats-ali.cc:105) Processed 12500 utterances; for utterance a35625c5-fb07-40f9-9e6a-d7f256694159-28016279 avg. like is -86.6369 over 1038 frames.
LOG (gmm-acc-stats-ali[5.5.513~2-b5f4cf]:main():gmm-acc-stats-ali.cc:105) Processed 12550 utterances; for utterance a35625c5-fb07-40f9-9e6a-d7f256694159-42933599 avg. like is -88.526 over 388 frames.
LOG (gmm-acc-stats-ali[5.5.513~2-b5f4cf]:main():gmm-acc-stats-ali.cc:105) Processed 12600 utterances; for utterance a35625c5-fb07-40f9-9e6a-d7f256694159-5740569 avg. like is -86.0312 over 428 frames.
LOG (gmm-acc-stats-ali[5.5.513~2-b5f4cf]:main():gmm-acc-stats-ali.cc:105) Processed 12650 utterances; for utterance a35625c5-fb07-40f9-9e6a-d7f256694159-68036204 avg. like is -87.1565 over 1368 frames.
LOG (gmm-acc-stats-ali[5.5.513~2-b5f4cf]:main():gmm-acc-stats-ali.cc:105) Processed 12700 utterances; for utterance a35625c5-fb07-40f9-9e6a-d7f256694159-72010264 avg. like is -86.7014 over 678 frames.
LOG (gmm-acc-stats-ali[5.5.513~2-b5f4cf]:main():gmm-acc-stats-ali.cc:105) Processed 12750 utterances; for utterance a35625c5-fb07-40f9-9e6a-d7f256694159-75635129 avg. like is -86.2083 over 1558 frames.
LOG (gmm-acc-stats-ali[5.5.513~2-b5f4cf]:main():gmm-acc-stats-ali.cc:105) Processed 12800 utterances; for utterance a35625c5-fb07-40f9-9e6a-d7f256694159-79148804 avg. like is -83.335 over 248 frames.
LOG (gmm-acc-stats-ali[5.5.513~2-b5f4cf]:main():gmm-acc-stats-ali.cc:105) Processed 12850 utterances; for utterance a35625c5-fb07-40f9-9e6a-d7f256694159-79815724 avg. like is -83.1881 over 208 frames.
LOG (gmm-acc-stats-ali[5.5.513~2-b5f4cf]:main():gmm-acc-stats-ali.cc:105) Processed 12900 utterances; for utterance a35625c5-fb07-40f9-9e6a-d7f256694159-80373839 avg. like is -82.6284 over 198 frames.
LOG (gmm-acc-stats-ali[5.5.513~2-b5f4cf]:main():gmm-acc-stats-ali.cc:105) Processed 12950 utterances; for utterance a35625c5-fb07-40f9-9e6a-d7f256694159-81261644 avg. like is -84.4198 over 208 frames.
LOG (gmm-acc-stats-ali[5.5.513~2-b5f4cf]:main():gmm-acc-stats-ali.cc:105) Processed 13000 utterances; for utterance a35625c5-fb07-40f9-9e6a-d7f256694159-82228554 avg. like is -84.413 over 228 frames.
LOG (gmm-acc-stats-ali[5.5.513~2-b5f4cf]:main():gmm-acc-stats-ali.cc:105) Processed 13050 utterances; for utterance a35abe69-00a7-4814-83cf-39f77c77145d-26545736 avg. like is -93.104 over 1998 frames.
LOG (gmm-acc-stats-ali[5.5.513~2-b5f4cf]:main():gmm-acc-stats-ali.cc:105) Processed 13100 utterances; for utterance a4df85a8-626d-41c3-8ea1-35d2986dce18-1212743 avg. like is -88.8841 over 1548 frames.
LOG (gmm-acc-stats-ali[5.5.513~2-b5f4cf]:main():gmm-acc-stats-ali.cc:105) Processed 13150 utterances; for utterance a4df85a8-626d-41c3-8ea1-35d2986dce18-27255416 avg. like is -101.674 over 1498 frames.
LOG (gmm-acc-stats-ali[5.5.513~2-b5f4cf]:main():gmm-acc-stats-ali.cc:105) Processed 13200 utterances; for utterance a4df85a8-626d-41c3-8ea1-35d2986dce18-4961038 avg. like is -90.9285 over 1068 frames.
WARNING (gmm-acc-stats-ali[5.5.513~2-b5f4cf]:main():gmm-acc-stats-ali.cc:79) No alignment for utterance a4df85a8-626d-41c3-8ea1-35d2986dce18-51725289
LOG (gmm-acc-stats-ali[5.5.513~2-b5f4cf]:main():gmm-acc-stats-ali.cc:105) Processed 13250 utterances; for utterance a6234f50-630c-4b7b-9c02-5bf05c21dd2d-11554339 avg. like is -86.2688 over 818 frames.
LOG (gmm-acc-stats-ali[5.5.513~2-b5f4cf]:main():gmm-acc-stats-ali.cc:105) Processed 13300 utterances; for utterance a6234f50-630c-4b7b-9c02-5bf05c21dd2d-1916679 avg. like is -88.6088 over 1058 frames.
LOG (gmm-acc-stats-ali[5.5.513~2-b5f4cf]:main():gmm-acc-stats-ali.cc:105) Processed 13350 utterances; for utterance a6234f50-630c-4b7b-9c02-5bf05c21dd2d-2722554 avg. like is -85.7536 over 548 frames.
LOG (gmm-acc-stats-ali[5.5.513~2-b5f4cf]:main():gmm-acc-stats-ali.cc:105) Processed 13400 utterances; for utterance a6234f50-630c-4b7b-9c02-5bf05c21dd2d-34558284 avg. like is -87.5222 over 858 frames.
LOG (gmm-acc-stats-ali[5.5.513~2-b5f4cf]:main():gmm-acc-stats-ali.cc:105) Processed 13450 utterances; for utterance a6234f50-630c-4b7b-9c02-5bf05c21dd2d-4926284 avg. like is -86.7769 over 688 frames.
LOG (gmm-acc-stats-ali[5.5.513~2-b5f4cf]:main():gmm-acc-stats-ali.cc:105) Processed 13500 utterances; for utterance a6234f50-630c-4b7b-9c02-5bf05c21dd2d-5960819 avg. like is -85.3022 over 538 frames.
LOG (gmm-acc-stats-ali[5.5.513~2-b5f4cf]:main():gmm-acc-stats-ali.cc:105) Processed 13550 utterances; for utterance a6234f50-630c-4b7b-9c02-5bf05c21dd2d-67627919 avg. like is -88.1252 over 1398 frames.
LOG (gmm-acc-stats-ali[5.5.513~2-b5f4cf]:main():gmm-acc-stats-ali.cc:105) Processed 13600 utterances; for utterance a6234f50-630c-4b7b-9c02-5bf05c21dd2d-72356159 avg. like is -86.8629 over 578 frames.
LOG (gmm-acc-stats-ali[5.5.513~2-b5f4cf]:main():gmm-acc-stats-ali.cc:105) Processed 13650 utterances; for utterance a84cf823-7cbf-4cbe-b642-95873519dab9-10169064 avg. like is -89.362 over 1768 frames.
LOG (gmm-acc-stats-ali[5.5.513~2-b5f4cf]:main():gmm-acc-stats-ali.cc:105) Processed 13700 utterances; for utterance a84cf823-7cbf-4cbe-b642-95873519dab9-15972759 avg. like is -88.2529 over 1198 frames.
LOG (gmm-acc-stats-ali[5.5.513~2-b5f4cf]:main():gmm-acc-stats-ali.cc:105) Processed 13750 utterances; for utterance a84cf823-7cbf-4cbe-b642-95873519dab9-20555744 avg. like is -85.4265 over 818 frames.
LOG (gmm-acc-stats-ali[5.5.513~2-b5f4cf]:main():gmm-acc-stats-ali.cc:105) Processed 13800 utterances; for utterance a84cf823-7cbf-4cbe-b642-95873519dab9-27215464 avg. like is -88.1461 over 1238 frames.
LOG (gmm-acc-stats-ali[5.5.513~2-b5f4cf]:main():gmm-acc-stats-ali.cc:105) Processed 13850 utterances; for utterance a84cf823-7cbf-4cbe-b642-95873519dab9-30347679 avg. like is -88.1196 over 998 frames.
LOG (gmm-acc-stats-ali[5.5.513~2-b5f4cf]:main():gmm-acc-stats-ali.cc:105) Processed 13900 utterances; for utterance a84cf823-7cbf-4cbe-b642-95873519dab9-3742274 avg. like is -84.8624 over 518 frames.
LOG (gmm-acc-stats-ali[5.5.513~2-b5f4cf]:main():gmm-acc-stats-ali.cc:105) Processed 13950 utterances; for utterance a84cf823-7cbf-4cbe-b642-95873519dab9-55656729 avg. like is -88.8019 over 1108 frames.
LOG (gmm-acc-stats-ali[5.5.513~2-b5f4cf]:main():gmm-acc-stats-ali.cc:105) Processed 14000 utterances; for utterance a84cf823-7cbf-4cbe-b642-95873519dab9-66936689 avg. like is -87.8614 over 968 frames.
LOG (gmm-acc-stats-ali[5.5.513~2-b5f4cf]:main():gmm-acc-stats-ali.cc:105) Processed 14050 utterances; for utterance a84cf823-7cbf-4cbe-b642-95873519dab9-72954434 avg. like is -86.8951 over 868 frames.
LOG (gmm-acc-stats-ali[5.5.513~2-b5f4cf]:main():gmm-acc-stats-ali.cc:105) Processed 14100 utterances; for utterance aaa6d0da-7601-4dd0-bea6-fdf0a2349e11-10635049 avg. like is -86.3215 over 758 frames.
LOG (gmm-acc-stats-ali[5.5.513~2-b5f4cf]:main():gmm-acc-stats-ali.cc:105) Processed 14150 utterances; for utterance aaa6d0da-7601-4dd0-bea6-fdf0a2349e11-16363814 avg. like is -80.3951 over 2498 frames.
LOG (gmm-acc-stats-ali[5.5.513~2-b5f4cf]:main():gmm-acc-stats-ali.cc:105) Processed 14200 utterances; for utterance aaa6d0da-7601-4dd0-bea6-fdf0a2349e11-22627319 avg. like is -81.8676 over 2228 frames.
LOG (gmm-acc-stats-ali[5.5.513~2-b5f4cf]:main():gmm-acc-stats-ali.cc:105) Processed 14250 utterances; for utterance aaa6d0da-7601-4dd0-bea6-fdf0a2349e11-34129489 avg. like is -81.4742 over 1478 frames.
LOG (gmm-acc-stats-ali[5.5.513~2-b5f4cf]:main():gmm-acc-stats-ali.cc:105) Processed 14300 utterances; for utterance aaa6d0da-7601-4dd0-bea6-fdf0a2349e11-45633509 avg. like is -83.7162 over 1518 frames.
LOG (gmm-acc-stats-ali[5.5.513~2-b5f4cf]:main():gmm-acc-stats-ali.cc:105) Processed 14350 utterances; for utterance aaa6d0da-7601-4dd0-bea6-fdf0a2349e11-56274344 avg. like is -87.6476 over 1208 frames.
WARNING (gmm-acc-stats-ali[5.5.513~2-b5f4cf]:main():gmm-acc-stats-ali.cc:79) No alignment for utterance aaa6d0da-7601-4dd0-bea6-fdf0a2349e11-60447419
LOG (gmm-acc-stats-ali[5.5.513~2-b5f4cf]:main():gmm-acc-stats-ali.cc:105) Processed 14400 utterances; for utterance aaa6d0da-7601-4dd0-bea6-fdf0a2349e11-7764825 avg. like is -89.1692 over 1408 frames.
LOG (gmm-acc-stats-ali[5.5.513~2-b5f4cf]:main():gmm-acc-stats-ali.cc:105) Processed 14450 utterances; for utterance ac9d62f8-179a-473c-b321-7ba6b071947c-12015545 avg. like is -94.4377 over 878 frames.
LOG (gmm-acc-stats-ali[5.5.513~2-b5f4cf]:main():gmm-acc-stats-ali.cc:105) Processed 14500 utterances; for utterance ac9d62f8-179a-473c-b321-7ba6b071947c-16211965 avg. like is -97.0141 over 708 frames.
WARNING (gmm-acc-stats-ali[5.5.513~2-b5f4cf]:main():gmm-acc-stats-ali.cc:79) No alignment for utterance ac9d62f8-179a-473c-b321-7ba6b071947c-19770399
LOG (gmm-acc-stats-ali[5.5.513~2-b5f4cf]:main():gmm-acc-stats-ali.cc:105) Processed 14550 utterances; for utterance ac9d62f8-179a-473c-b321-7ba6b071947c-20957056 avg. like is -103.837 over 508 frames.
LOG (gmm-acc-stats-ali[5.5.513~2-b5f4cf]:main():gmm-acc-stats-ali.cc:105) Processed 14600 utterances; for utterance ac9d62f8-179a-473c-b321-7ba6b071947c-27529796 avg. like is -104.13 over 688 frames.
WARNING (gmm-acc-stats-ali[5.5.513~2-b5f4cf]:main():gmm-acc-stats-ali.cc:79) No alignment for utterance ac9d62f8-179a-473c-b321-7ba6b071947c-29751894
LOG (gmm-acc-stats-ali[5.5.513~2-b5f4cf]:main():gmm-acc-stats-ali.cc:105) Processed 14650 utterances; for utterance ac9d62f8-179a-473c-b321-7ba6b071947c-320732 avg. like is -109.032 over 603 frames.
WARNING (gmm-acc-stats-ali[5.5.513~2-b5f4cf]:main():gmm-acc-stats-ali.cc:79) No alignment for utterance ac9d62f8-179a-473c-b321-7ba6b071947c-32269084
WARNING (gmm-acc-stats-ali[5.5.513~2-b5f4cf]:main():gmm-acc-stats-ali.cc:79) No alignment for utterance ac9d62f8-179a-473c-b321-7ba6b071947c-32839419
LOG (gmm-acc-stats-ali[5.5.513~2-b5f4cf]:main():gmm-acc-stats-ali.cc:105) Processed 14700 utterances; for utterance ac9d62f8-179a-473c-b321-7ba6b071947c-36422304 avg. like is -86.8099 over 478 frames.
LOG (gmm-acc-stats-ali[5.5.513~2-b5f4cf]:main():gmm-acc-stats-ali.cc:105) Processed 14750 utterances; for utterance ac9d62f8-179a-473c-b321-7ba6b071947c-4458964 avg. like is -87.7835 over 518 frames.
LOG (gmm-acc-stats-ali[5.5.513~2-b5f4cf]:main():gmm-acc-stats-ali.cc:105) Processed 14800 utterances; for utterance ac9d62f8-179a-473c-b321-7ba6b071947c-51027729 avg. like is -88.3016 over 1238 frames.
LOG (gmm-acc-stats-ali[5.5.513~2-b5f4cf]:main():gmm-acc-stats-ali.cc:105) Processed 14850 utterances; for utterance ac9d62f8-179a-473c-b321-7ba6b071947c-5425859 avg. like is -88.5681 over 1488 frames.
WARNING (gmm-acc-stats-ali[5.5.513~2-b5f4cf]:main():gmm-acc-stats-ali.cc:79) No alignment for utterance ac9d62f8-179a-473c-b321-7ba6b071947c-60410387
WARNING (gmm-acc-stats-ali[5.5.513~2-b5f4cf]:main():gmm-acc-stats-ali.cc:79) No alignment for utterance ac9d62f8-179a-473c-b321-7ba6b071947c-60410389
WARNING (gmm-acc-stats-ali[5.5.513~2-b5f4cf]:main():gmm-acc-stats-ali.cc:79) No alignment for utterance ac9d62f8-179a-473c-b321-7ba6b071947c-617964
LOG (gmm-acc-stats-ali[5.5.513~2-b5f4cf]:main():gmm-acc-stats-ali.cc:105) Processed 14900 utterances; for utterance ac9d62f8-179a-473c-b321-7ba6b071947c-64257012 avg. like is -107.498 over 483 frames.
LOG (gmm-acc-stats-ali[5.5.513~2-b5f4cf]:main():gmm-acc-stats-ali.cc:105) Processed 14950 utterances; for utterance ac9d62f8-179a-473c-b321-7ba6b071947c-6872592 avg. like is -105.951 over 928 frames.
LOG (gmm-acc-stats-ali[5.5.513~2-b5f4cf]:main():gmm-acc-stats-ali.cc:105) Processed 15000 utterances; for utterance ac9d62f8-179a-473c-b321-7ba6b071947c-70261997 avg. like is -106.96 over 608 frames.
WARNING (gmm-acc-stats-ali[5.5.513~2-b5f4cf]:main():gmm-acc-stats-ali.cc:79) No alignment for utterance ac9d62f8-179a-473c-b321-7ba6b071947c-72913384
LOG (gmm-acc-stats-ali[5.5.513~2-b5f4cf]:main():gmm-acc-stats-ali.cc:105) Processed 15050 utterances; for utterance ac9d62f8-179a-473c-b321-7ba6b071947c-73035658 avg. like is -97.9826 over 658 frames.
LOG (gmm-acc-stats-ali[5.5.513~2-b5f4cf]:main():gmm-acc-stats-ali.cc:105) Processed 15100 utterances; for utterance ac9d62f8-179a-473c-b321-7ba6b071947c-75244048 avg. like is -92.2818 over 228 frames.
WARNING (gmm-acc-stats-ali[5.5.513~2-b5f4cf]:main():gmm-acc-stats-ali.cc:79) No alignment for utterance ac9d62f8-179a-473c-b321-7ba6b071947c-76448659
LOG (gmm-acc-stats-ali[5.5.513~2-b5f4cf]:main():gmm-acc-stats-ali.cc:105) Processed 15150 utterances; for utterance ac9d62f8-179a-473c-b321-7ba6b071947c-78848184 avg. like is -83.7681 over 138 frames.
LOG (gmm-acc-stats-ali[5.5.513~2-b5f4cf]:main():gmm-acc-stats-ali.cc:105) Processed 15200 utterances; for utterance ac9d62f8-179a-473c-b321-7ba6b071947c-80247634 avg. like is -84.9585 over 198 frames.
LOG (gmm-acc-stats-ali[5.5.513~2-b5f4cf]:main():gmm-acc-stats-ali.cc:105) Processed 15250 utterances; for utterance ac9d62f8-179a-473c-b321-7ba6b071947c-82058269 avg. like is -80.8812 over 148 frames.
LOG (gmm-acc-stats-ali[5.5.513~2-b5f4cf]:main():gmm-acc-stats-ali.cc:105) Processed 15300 utterances; for utterance ac9d62f8-179a-473c-b321-7ba6b071947c-83369384 avg. like is -86.1219 over 228 frames.
LOG (gmm-acc-stats-ali[5.5.513~2-b5f4cf]:main():gmm-acc-stats-ali.cc:105) Processed 15350 utterances; for utterance ac9d62f8-179a-473c-b321-7ba6b071947c-84317454 avg. like is -83.4672 over 118 frames.
LOG (gmm-acc-stats-ali[5.5.513~2-b5f4cf]:main():gmm-acc-stats-ali.cc:105) Processed 15400 utterances; for utterance ac9d62f8-179a-473c-b321-7ba6b071947c-85864189 avg. like is -83.8847 over 228 frames.
LOG (gmm-acc-stats-ali[5.5.513~2-b5f4cf]:main():gmm-acc-stats-ali.cc:105) Processed 15450 utterances; for utterance ac9d62f8-179a-473c-b321-7ba6b071947c-87537444 avg. like is -86.0072 over 218 frames.
LOG (gmm-acc-stats-ali[5.5.513~2-b5f4cf]:main():gmm-acc-stats-ali.cc:105) Processed 15500 utterances; for utterance ac9d62f8-179a-473c-b321-7ba6b071947c-88717124 avg. like is -85.7238 over 238 frames.
WARNING (gmm-acc-stats-ali[5.5.513~2-b5f4cf]:main():gmm-acc-stats-ali.cc:79) No alignment for utterance ac9d62f8-179a-473c-b321-7ba6b071947c-8915939
LOG (gmm-acc-stats-ali[5.5.513~2-b5f4cf]:main():gmm-acc-stats-ali.cc:105) Processed 15550 utterances; for utterance ac9d62f8-179a-473c-b321-7ba6b071947c-90360265 avg. like is -95.2279 over 258 frames.
LOG (gmm-acc-stats-ali[5.5.513~2-b5f4cf]:main():gmm-acc-stats-ali.cc:105) Processed 15600 utterances; for utterance ac9d62f8-179a-473c-b321-7ba6b071947c-92161570 avg. like is -92.7906 over 248 frames.
LOG (gmm-acc-stats-ali[5.5.513~2-b5f4cf]:main():gmm-acc-stats-ali.cc:105) Processed 15650 utterances; for utterance ac9d62f8-179a-473c-b321-7ba6b071947c-93612535 avg. like is -91.7581 over 208 frames.
LOG (apply-cmvn[5.5.513~2-b5f4cf]:main():apply-cmvn.cc:162) Applied cepstral mean normalization to 15864 utterances, errors on 0
LOG (gmm-acc-stats-ali[5.5.513~2-b5f4cf]:main():gmm-acc-stats-ali.cc:112) Done 15690 files, 174 with errors.
LOG (gmm-acc-stats-ali[5.5.513~2-b5f4cf]:main():gmm-acc-stats-ali.cc:115) Overall avg like per frame (Gaussian only) = -97.7238 over 12064872 frames.
LOG (gmm-acc-stats-ali[5.5.513~2-b5f4cf]:main():gmm-acc-stats-ali.cc:123) Written accs.
# Accounting: time=41 threads=1
# Ended (code 0) at Tue Jan 14 23:10:44 CET 2020, elapsed time 41 seconds
