# gmm-acc-stats-ali exp/mono/20.mdl "ark,s,cs:apply-cmvn  --utt2spk=ark:data/train/split4/3/utt2spk scp:data/train/split4/3/cmvn.scp scp:data/train/split4/3/feats.scp ark:- | add-deltas  ark:- ark:- |" "ark:gunzip -c exp/mono/ali.3.gz|" exp/mono/20.3.acc 
# Started at Tue Jan 14 23:17:18 CET 2020
#
gmm-acc-stats-ali exp/mono/20.mdl 'ark,s,cs:apply-cmvn  --utt2spk=ark:data/train/split4/3/utt2spk scp:data/train/split4/3/cmvn.scp scp:data/train/split4/3/feats.scp ark:- | add-deltas  ark:- ark:- |' 'ark:gunzip -c exp/mono/ali.3.gz|' exp/mono/20.3.acc 
apply-cmvn --utt2spk=ark:data/train/split4/3/utt2spk scp:data/train/split4/3/cmvn.scp scp:data/train/split4/3/feats.scp ark:- 
add-deltas ark:- ark:- 
LOG (gmm-acc-stats-ali[5.5.513~2-b5f4cf]:main():gmm-acc-stats-ali.cc:105) Processed 50 utterances; for utterance 757cf316-c655-4ff4-8a7b-750f00b18a2f-22055240 avg. like is -101.215 over 1478 frames.
WARNING (gmm-acc-stats-ali[5.5.513~2-b5f4cf]:main():gmm-acc-stats-ali.cc:79) No alignment for utterance 757cf316-c655-4ff4-8a7b-750f00b18a2f-30966909
WARNING (gmm-acc-stats-ali[5.5.513~2-b5f4cf]:main():gmm-acc-stats-ali.cc:79) No alignment for utterance 757cf316-c655-4ff4-8a7b-750f00b18a2f-32150231
WARNING (gmm-acc-stats-ali[5.5.513~2-b5f4cf]:main():gmm-acc-stats-ali.cc:79) No alignment for utterance 757cf316-c655-4ff4-8a7b-750f00b18a2f-32150232
WARNING (gmm-acc-stats-ali[5.5.513~2-b5f4cf]:main():gmm-acc-stats-ali.cc:79) No alignment for utterance 757cf316-c655-4ff4-8a7b-750f00b18a2f-32150233
WARNING (gmm-acc-stats-ali[5.5.513~2-b5f4cf]:main():gmm-acc-stats-ali.cc:79) No alignment for utterance 757cf316-c655-4ff4-8a7b-750f00b18a2f-32150234
WARNING (gmm-acc-stats-ali[5.5.513~2-b5f4cf]:main():gmm-acc-stats-ali.cc:79) No alignment for utterance 757cf316-c655-4ff4-8a7b-750f00b18a2f-32150235
LOG (gmm-acc-stats-ali[5.5.513~2-b5f4cf]:main():gmm-acc-stats-ali.cc:105) Processed 100 utterances; for utterance 757cf316-c655-4ff4-8a7b-750f00b18a2f-34270351 avg. like is -101.559 over 568 frames.
WARNING (gmm-acc-stats-ali[5.5.513~2-b5f4cf]:main():gmm-acc-stats-ali.cc:79) No alignment for utterance 757cf316-c655-4ff4-8a7b-750f00b18a2f-39936394
LOG (gmm-acc-stats-ali[5.5.513~2-b5f4cf]:main():gmm-acc-stats-ali.cc:105) Processed 150 utterances; for utterance 757cf316-c655-4ff4-8a7b-750f00b18a2f-45313502 avg. like is -110.729 over 1698 frames.
WARNING (gmm-acc-stats-ali[5.5.513~2-b5f4cf]:main():gmm-acc-stats-ali.cc:79) No alignment for utterance 757cf316-c655-4ff4-8a7b-750f00b18a2f-53771637
LOG (gmm-acc-stats-ali[5.5.513~2-b5f4cf]:main():gmm-acc-stats-ali.cc:105) Processed 200 utterances; for utterance 757cf316-c655-4ff4-8a7b-750f00b18a2f-56215997 avg. like is -109.488 over 1178 frames.
LOG (gmm-acc-stats-ali[5.5.513~2-b5f4cf]:main():gmm-acc-stats-ali.cc:105) Processed 250 utterances; for utterance 757cf316-c655-4ff4-8a7b-750f00b18a2f-72447752 avg. like is -107.978 over 653 frames.
WARNING (gmm-acc-stats-ali[5.5.513~2-b5f4cf]:main():gmm-acc-stats-ali.cc:79) No alignment for utterance 757cf316-c655-4ff4-8a7b-750f00b18a2f-72447754
WARNING (gmm-acc-stats-ali[5.5.513~2-b5f4cf]:main():gmm-acc-stats-ali.cc:79) No alignment for utterance 757cf316-c655-4ff4-8a7b-750f00b18a2f-823904
WARNING (gmm-acc-stats-ali[5.5.513~2-b5f4cf]:main():gmm-acc-stats-ali.cc:79) No alignment for utterance 757cf316-c655-4ff4-8a7b-750f00b18a2f-9150814
LOG (gmm-acc-stats-ali[5.5.513~2-b5f4cf]:main():gmm-acc-stats-ali.cc:105) Processed 300 utterances; for utterance 77b4ff89-c809-4ef1-8da0-f1792d719c2c-10043105 avg. like is -86.4 over 338 frames.
LOG (gmm-acc-stats-ali[5.5.513~2-b5f4cf]:main():gmm-acc-stats-ali.cc:105) Processed 350 utterances; for utterance 77b4ff89-c809-4ef1-8da0-f1792d719c2c-16871765 avg. like is -94.6535 over 3018 frames.
LOG (gmm-acc-stats-ali[5.5.513~2-b5f4cf]:main():gmm-acc-stats-ali.cc:105) Processed 400 utterances; for utterance 77b4ff89-c809-4ef1-8da0-f1792d719c2c-27272470 avg. like is -89.367 over 1948 frames.
LOG (gmm-acc-stats-ali[5.5.513~2-b5f4cf]:main():gmm-acc-stats-ali.cc:105) Processed 450 utterances; for utterance 77b4ff89-c809-4ef1-8da0-f1792d719c2c-37739560 avg. like is -92.9055 over 1318 frames.
LOG (gmm-acc-stats-ali[5.5.513~2-b5f4cf]:main():gmm-acc-stats-ali.cc:105) Processed 500 utterances; for utterance 77b4ff89-c809-4ef1-8da0-f1792d719c2c-4816050 avg. like is -89.2373 over 1198 frames.
LOG (gmm-acc-stats-ali[5.5.513~2-b5f4cf]:main():gmm-acc-stats-ali.cc:105) Processed 550 utterances; for utterance 77b4ff89-c809-4ef1-8da0-f1792d719c2c-54862525 avg. like is -94.7628 over 2158 frames.
LOG (gmm-acc-stats-ali[5.5.513~2-b5f4cf]:main():gmm-acc-stats-ali.cc:105) Processed 600 utterances; for utterance 77b4ff89-c809-4ef1-8da0-f1792d719c2c-9836960 avg. like is -91.8908 over 1038 frames.
LOG (gmm-acc-stats-ali[5.5.513~2-b5f4cf]:main():gmm-acc-stats-ali.cc:105) Processed 650 utterances; for utterance 77e75355-1c13-4a21-bfab-e4798b86a2e4-17022925 avg. like is -97.15 over 778 frames.
LOG (gmm-acc-stats-ali[5.5.513~2-b5f4cf]:main():gmm-acc-stats-ali.cc:105) Processed 700 utterances; for utterance 77e75355-1c13-4a21-bfab-e4798b86a2e4-22729670 avg. like is -98.6211 over 1478 frames.
LOG (gmm-acc-stats-ali[5.5.513~2-b5f4cf]:main():gmm-acc-stats-ali.cc:105) Processed 750 utterances; for utterance 77e75355-1c13-4a21-bfab-e4798b86a2e4-30011015 avg. like is -97.7841 over 548 frames.
LOG (gmm-acc-stats-ali[5.5.513~2-b5f4cf]:main():gmm-acc-stats-ali.cc:105) Processed 800 utterances; for utterance 77e75355-1c13-4a21-bfab-e4798b86a2e4-41220320 avg. like is -99.7106 over 2288 frames.
LOG (gmm-acc-stats-ali[5.5.513~2-b5f4cf]:main():gmm-acc-stats-ali.cc:105) Processed 850 utterances; for utterance 77e75355-1c13-4a21-bfab-e4798b86a2e4-57125835 avg. like is -99.1312 over 888 frames.
LOG (gmm-acc-stats-ali[5.5.513~2-b5f4cf]:main():gmm-acc-stats-ali.cc:105) Processed 900 utterances; for utterance 77e75355-1c13-4a21-bfab-e4798b86a2e4-67061470 avg. like is -97.5621 over 508 frames.
LOG (gmm-acc-stats-ali[5.5.513~2-b5f4cf]:main():gmm-acc-stats-ali.cc:105) Processed 950 utterances; for utterance 77e75355-1c13-4a21-bfab-e4798b86a2e4-72364785 avg. like is -96.0725 over 568 frames.
LOG (gmm-acc-stats-ali[5.5.513~2-b5f4cf]:main():gmm-acc-stats-ali.cc:105) Processed 1000 utterances; for utterance 77e75355-1c13-4a21-bfab-e4798b86a2e4-74446995 avg. like is -98.1671 over 1288 frames.
LOG (gmm-acc-stats-ali[5.5.513~2-b5f4cf]:main():gmm-acc-stats-ali.cc:105) Processed 1050 utterances; for utterance 78421124-2319-4cf1-b3d3-4f95b3001cee-12155520 avg. like is -97.869 over 1028 frames.
LOG (gmm-acc-stats-ali[5.5.513~2-b5f4cf]:main():gmm-acc-stats-ali.cc:105) Processed 1100 utterances; for utterance 78421124-2319-4cf1-b3d3-4f95b3001cee-21442540 avg. like is -94.9996 over 868 frames.
LOG (gmm-acc-stats-ali[5.5.513~2-b5f4cf]:main():gmm-acc-stats-ali.cc:105) Processed 1150 utterances; for utterance 78421124-2319-4cf1-b3d3-4f95b3001cee-28671540 avg. like is -97.9824 over 1308 frames.
LOG (gmm-acc-stats-ali[5.5.513~2-b5f4cf]:main():gmm-acc-stats-ali.cc:105) Processed 1200 utterances; for utterance 78421124-2319-4cf1-b3d3-4f95b3001cee-34017955 avg. like is -95.463 over 488 frames.
LOG (gmm-acc-stats-ali[5.5.513~2-b5f4cf]:main():gmm-acc-stats-ali.cc:105) Processed 1250 utterances; for utterance 78421124-2319-4cf1-b3d3-4f95b3001cee-43616740 avg. like is -95.4631 over 588 frames.
LOG (gmm-acc-stats-ali[5.5.513~2-b5f4cf]:main():gmm-acc-stats-ali.cc:105) Processed 1300 utterances; for utterance 78421124-2319-4cf1-b3d3-4f95b3001cee-56454525 avg. like is -98.791 over 2468 frames.
LOG (gmm-acc-stats-ali[5.5.513~2-b5f4cf]:main():gmm-acc-stats-ali.cc:105) Processed 1350 utterances; for utterance 78421124-2319-4cf1-b3d3-4f95b3001cee-68316195 avg. like is -95.2619 over 468 frames.
LOG (gmm-acc-stats-ali[5.5.513~2-b5f4cf]:main():gmm-acc-stats-ali.cc:105) Processed 1400 utterances; for utterance 78421124-2319-4cf1-b3d3-4f95b3001cee-7613270 avg. like is -98.6465 over 1968 frames.
LOG (gmm-acc-stats-ali[5.5.513~2-b5f4cf]:main():gmm-acc-stats-ali.cc:105) Processed 1450 utterances; for utterance 7aeb8739-28ec-44ca-aacf-5c4c242ba506-19258695 avg. like is -95.8386 over 1618 frames.
LOG (gmm-acc-stats-ali[5.5.513~2-b5f4cf]:main():gmm-acc-stats-ali.cc:105) Processed 1500 utterances; for utterance 7aeb8739-28ec-44ca-aacf-5c4c242ba506-27961535 avg. like is -94.6764 over 868 frames.
LOG (gmm-acc-stats-ali[5.5.513~2-b5f4cf]:main():gmm-acc-stats-ali.cc:105) Processed 1550 utterances; for utterance 7aeb8739-28ec-44ca-aacf-5c4c242ba506-51241035 avg. like is -97.1548 over 1328 frames.
LOG (gmm-acc-stats-ali[5.5.513~2-b5f4cf]:main():gmm-acc-stats-ali.cc:105) Processed 1600 utterances; for utterance 7aeb8739-28ec-44ca-aacf-5c4c242ba506-66258805 avg. like is -97.7821 over 758 frames.
LOG (gmm-acc-stats-ali[5.5.513~2-b5f4cf]:main():gmm-acc-stats-ali.cc:105) Processed 1650 utterances; for utterance 7aeb8739-28ec-44ca-aacf-5c4c242ba506-70071960 avg. like is -96.437 over 3588 frames.
LOG (gmm-acc-stats-ali[5.5.513~2-b5f4cf]:main():gmm-acc-stats-ali.cc:105) Processed 1700 utterances; for utterance 7aeb8739-28ec-44ca-aacf-5c4c242ba506-76922445 avg. like is -87.6846 over 178 frames.
LOG (gmm-acc-stats-ali[5.5.513~2-b5f4cf]:main():gmm-acc-stats-ali.cc:105) Processed 1750 utterances; for utterance 7aeb8739-28ec-44ca-aacf-5c4c242ba506-80140500 avg. like is -91.2817 over 158 frames.
LOG (gmm-acc-stats-ali[5.5.513~2-b5f4cf]:main():gmm-acc-stats-ali.cc:105) Processed 1800 utterances; for utterance 7aeb8739-28ec-44ca-aacf-5c4c242ba506-83228280 avg. like is -93.2094 over 248 frames.
LOG (gmm-acc-stats-ali[5.5.513~2-b5f4cf]:main():gmm-acc-stats-ali.cc:105) Processed 1850 utterances; for utterance 7aeb8739-28ec-44ca-aacf-5c4c242ba506-87628730 avg. like is -86.7488 over 168 frames.
LOG (gmm-acc-stats-ali[5.5.513~2-b5f4cf]:main():gmm-acc-stats-ali.cc:105) Processed 1900 utterances; for utterance 7aeb8739-28ec-44ca-aacf-5c4c242ba506-93357910 avg. like is -90.171 over 218 frames.
LOG (gmm-acc-stats-ali[5.5.513~2-b5f4cf]:main():gmm-acc-stats-ali.cc:105) Processed 1950 utterances; for utterance 7ebeb8f6-f2e2-418a-89c5-16b2e4a85cd5-11613539 avg. like is -87.2556 over 498 frames.
LOG (gmm-acc-stats-ali[5.5.513~2-b5f4cf]:main():gmm-acc-stats-ali.cc:105) Processed 2000 utterances; for utterance 7ebeb8f6-f2e2-418a-89c5-16b2e4a85cd5-20915267 avg. like is -105.447 over 753 frames.
LOG (gmm-acc-stats-ali[5.5.513~2-b5f4cf]:main():gmm-acc-stats-ali.cc:105) Processed 2050 utterances; for utterance 7ebeb8f6-f2e2-418a-89c5-16b2e4a85cd5-2658664 avg. like is -90.5343 over 1888 frames.
WARNING (gmm-acc-stats-ali[5.5.513~2-b5f4cf]:main():gmm-acc-stats-ali.cc:79) No alignment for utterance 7ebeb8f6-f2e2-418a-89c5-16b2e4a85cd5-32832256
WARNING (gmm-acc-stats-ali[5.5.513~2-b5f4cf]:main():gmm-acc-stats-ali.cc:79) No alignment for utterance 7ebeb8f6-f2e2-418a-89c5-16b2e4a85cd5-32832257
WARNING (gmm-acc-stats-ali[5.5.513~2-b5f4cf]:main():gmm-acc-stats-ali.cc:79) No alignment for utterance 7ebeb8f6-f2e2-418a-89c5-16b2e4a85cd5-32832258
WARNING (gmm-acc-stats-ali[5.5.513~2-b5f4cf]:main():gmm-acc-stats-ali.cc:79) No alignment for utterance 7ebeb8f6-f2e2-418a-89c5-16b2e4a85cd5-32832259
LOG (gmm-acc-stats-ali[5.5.513~2-b5f4cf]:main():gmm-acc-stats-ali.cc:105) Processed 2100 utterances; for utterance 7ebeb8f6-f2e2-418a-89c5-16b2e4a85cd5-35136482 avg. like is -105.515 over 953 frames.
LOG (gmm-acc-stats-ali[5.5.513~2-b5f4cf]:main():gmm-acc-stats-ali.cc:105) Processed 2150 utterances; for utterance 7ebeb8f6-f2e2-418a-89c5-16b2e4a85cd5-36563079 avg. like is -88.3627 over 788 frames.
LOG (gmm-acc-stats-ali[5.5.513~2-b5f4cf]:main():gmm-acc-stats-ali.cc:105) Processed 2200 utterances; for utterance 7ff23724-ad3c-4808-9d49-59d1f568e3bc-10716857 avg. like is -106.381 over 388 frames.
LOG (gmm-acc-stats-ali[5.5.513~2-b5f4cf]:main():gmm-acc-stats-ali.cc:105) Processed 2250 utterances; for utterance 7ff23724-ad3c-4808-9d49-59d1f568e3bc-13921312 avg. like is -109.717 over 1363 frames.
LOG (gmm-acc-stats-ali[5.5.513~2-b5f4cf]:main():gmm-acc-stats-ali.cc:105) Processed 2300 utterances; for utterance 7ff23724-ad3c-4808-9d49-59d1f568e3bc-20225667 avg. like is -105.786 over 338 frames.
LOG (gmm-acc-stats-ali[5.5.513~2-b5f4cf]:main():gmm-acc-stats-ali.cc:105) Processed 2350 utterances; for utterance 7ff23724-ad3c-4808-9d49-59d1f568e3bc-27535857 avg. like is -108.903 over 653 frames.
LOG (gmm-acc-stats-ali[5.5.513~2-b5f4cf]:main():gmm-acc-stats-ali.cc:105) Processed 2400 utterances; for utterance 7ff23724-ad3c-4808-9d49-59d1f568e3bc-32874412 avg. like is -108.993 over 1413 frames.
LOG (gmm-acc-stats-ali[5.5.513~2-b5f4cf]:main():gmm-acc-stats-ali.cc:105) Processed 2450 utterances; for utterance 7ff23724-ad3c-4808-9d49-59d1f568e3bc-43621892 avg. like is -108.556 over 593 frames.
LOG (gmm-acc-stats-ali[5.5.513~2-b5f4cf]:main():gmm-acc-stats-ali.cc:105) Processed 2500 utterances; for utterance 7ff23724-ad3c-4808-9d49-59d1f568e3bc-5157342 avg. like is -109.579 over 793 frames.
LOG (gmm-acc-stats-ali[5.5.513~2-b5f4cf]:main():gmm-acc-stats-ali.cc:105) Processed 2550 utterances; for utterance 7ff23724-ad3c-4808-9d49-59d1f568e3bc-57658072 avg. like is -108.141 over 1053 frames.
LOG (gmm-acc-stats-ali[5.5.513~2-b5f4cf]:main():gmm-acc-stats-ali.cc:105) Processed 2600 utterances; for utterance 7ff23724-ad3c-4808-9d49-59d1f568e3bc-6113982 avg. like is -109.464 over 843 frames.
LOG (gmm-acc-stats-ali[5.5.513~2-b5f4cf]:main():gmm-acc-stats-ali.cc:105) Processed 2650 utterances; for utterance 80d69bc1-8e5a-4b07-b24b-a77fa69c7865-11733932 avg. like is -105.577 over 673 frames.
LOG (gmm-acc-stats-ali[5.5.513~2-b5f4cf]:main():gmm-acc-stats-ali.cc:105) Processed 2700 utterances; for utterance 80d69bc1-8e5a-4b07-b24b-a77fa69c7865-19740617 avg. like is -107.152 over 808 frames.
LOG (gmm-acc-stats-ali[5.5.513~2-b5f4cf]:main():gmm-acc-stats-ali.cc:105) Processed 2750 utterances; for utterance 80d69bc1-8e5a-4b07-b24b-a77fa69c7865-28746967 avg. like is -107.272 over 663 frames.
LOG (gmm-acc-stats-ali[5.5.513~2-b5f4cf]:main():gmm-acc-stats-ali.cc:105) Processed 2800 utterances; for utterance 80d69bc1-8e5a-4b07-b24b-a77fa69c7865-33551417 avg. like is -109.139 over 813 frames.
LOG (gmm-acc-stats-ali[5.5.513~2-b5f4cf]:main():gmm-acc-stats-ali.cc:105) Processed 2850 utterances; for utterance 80d69bc1-8e5a-4b07-b24b-a77fa69c7865-4944117 avg. like is -108.527 over 958 frames.
LOG (gmm-acc-stats-ali[5.5.513~2-b5f4cf]:main():gmm-acc-stats-ali.cc:105) Processed 2900 utterances; for utterance 80d69bc1-8e5a-4b07-b24b-a77fa69c7865-6323852 avg. like is -106.692 over 813 frames.
LOG (gmm-acc-stats-ali[5.5.513~2-b5f4cf]:main():gmm-acc-stats-ali.cc:105) Processed 2950 utterances; for utterance 80d69bc1-8e5a-4b07-b24b-a77fa69c7865-69771127 avg. like is -104.193 over 543 frames.
LOG (gmm-acc-stats-ali[5.5.513~2-b5f4cf]:main():gmm-acc-stats-ali.cc:105) Processed 3000 utterances; for utterance 80d69bc1-8e5a-4b07-b24b-a77fa69c7865-72923597 avg. like is -108.213 over 998 frames.
LOG (gmm-acc-stats-ali[5.5.513~2-b5f4cf]:main():gmm-acc-stats-ali.cc:105) Processed 3050 utterances; for utterance 80d69bc1-8e5a-4b07-b24b-a77fa69c7865-77819197 avg. like is -110.473 over 2578 frames.
LOG (gmm-acc-stats-ali[5.5.513~2-b5f4cf]:main():gmm-acc-stats-ali.cc:105) Processed 3100 utterances; for utterance 8528f58c-f78b-4c78-b596-ed5a65c2f784-14452442 avg. like is -107.632 over 858 frames.
WARNING (gmm-acc-stats-ali[5.5.513~2-b5f4cf]:main():gmm-acc-stats-ali.cc:79) No alignment for utterance 8528f58c-f78b-4c78-b596-ed5a65c2f784-23941184
WARNING (gmm-acc-stats-ali[5.5.513~2-b5f4cf]:main():gmm-acc-stats-ali.cc:79) No alignment for utterance 8528f58c-f78b-4c78-b596-ed5a65c2f784-27463799
LOG (gmm-acc-stats-ali[5.5.513~2-b5f4cf]:main():gmm-acc-stats-ali.cc:105) Processed 3150 utterances; for utterance 8528f58c-f78b-4c78-b596-ed5a65c2f784-28114712 avg. like is -108.744 over 973 frames.
WARNING (gmm-acc-stats-ali[5.5.513~2-b5f4cf]:main():gmm-acc-stats-ali.cc:79) No alignment for utterance 8528f58c-f78b-4c78-b596-ed5a65c2f784-28114714
LOG (gmm-acc-stats-ali[5.5.513~2-b5f4cf]:main():gmm-acc-stats-ali.cc:105) Processed 3200 utterances; for utterance 8528f58c-f78b-4c78-b596-ed5a65c2f784-47243600 avg. like is -94.4357 over 348 frames.
WARNING (gmm-acc-stats-ali[5.5.513~2-b5f4cf]:main():gmm-acc-stats-ali.cc:79) No alignment for utterance 8528f58c-f78b-4c78-b596-ed5a65c2f784-48020774
LOG (gmm-acc-stats-ali[5.5.513~2-b5f4cf]:main():gmm-acc-stats-ali.cc:105) Processed 3250 utterances; for utterance 8528f58c-f78b-4c78-b596-ed5a65c2f784-58061824 avg. like is -85.0614 over 448 frames.
LOG (gmm-acc-stats-ali[5.5.513~2-b5f4cf]:main():gmm-acc-stats-ali.cc:105) Processed 3300 utterances; for utterance 8528f58c-f78b-4c78-b596-ed5a65c2f784-69718552 avg. like is -106.163 over 438 frames.
LOG (gmm-acc-stats-ali[5.5.513~2-b5f4cf]:main():gmm-acc-stats-ali.cc:105) Processed 3350 utterances; for utterance 8528f58c-f78b-4c78-b596-ed5a65c2f784-80137844 avg. like is -81.4934 over 208 frames.
LOG (gmm-acc-stats-ali[5.5.513~2-b5f4cf]:main():gmm-acc-stats-ali.cc:105) Processed 3400 utterances; for utterance 8528f58c-f78b-4c78-b596-ed5a65c2f784-84534712 avg. like is -99.9164 over 173 frames.
LOG (gmm-acc-stats-ali[5.5.513~2-b5f4cf]:main():gmm-acc-stats-ali.cc:105) Processed 3450 utterances; for utterance 8528f58c-f78b-4c78-b596-ed5a65c2f784-87437994 avg. like is -82.5428 over 298 frames.
LOG (gmm-acc-stats-ali[5.5.513~2-b5f4cf]:main():gmm-acc-stats-ali.cc:105) Processed 3500 utterances; for utterance 8528f58c-f78b-4c78-b596-ed5a65c2f784-91021657 avg. like is -99.5473 over 228 frames.
WARNING (gmm-acc-stats-ali[5.5.513~2-b5f4cf]:main():gmm-acc-stats-ali.cc:79) No alignment for utterance 8528f58c-f78b-4c78-b596-ed5a65c2f784-917924
LOG (gmm-acc-stats-ali[5.5.513~2-b5f4cf]:main():gmm-acc-stats-ali.cc:105) Processed 3550 utterances; for utterance 8528f58c-f78b-4c78-b596-ed5a65c2f784-93210940 avg. like is -90.3689 over 258 frames.
LOG (gmm-acc-stats-ali[5.5.513~2-b5f4cf]:main():gmm-acc-stats-ali.cc:105) Processed 3600 utterances; for utterance 8671dd69-1fe3-4e5d-aa21-5779b9e54827-10748005 avg. like is -93.6339 over 468 frames.
LOG (gmm-acc-stats-ali[5.5.513~2-b5f4cf]:main():gmm-acc-stats-ali.cc:105) Processed 3650 utterances; for utterance 8671dd69-1fe3-4e5d-aa21-5779b9e54827-13435365 avg. like is -97.0303 over 1078 frames.
WARNING (gmm-acc-stats-ali[5.5.513~2-b5f4cf]:main():gmm-acc-stats-ali.cc:79) No alignment for utterance 8671dd69-1fe3-4e5d-aa21-5779b9e54827-22660564
LOG (gmm-acc-stats-ali[5.5.513~2-b5f4cf]:main():gmm-acc-stats-ali.cc:105) Processed 3700 utterances; for utterance 8671dd69-1fe3-4e5d-aa21-5779b9e54827-26872531 avg. like is -104.473 over 1278 frames.
LOG (gmm-acc-stats-ali[5.5.513~2-b5f4cf]:main():gmm-acc-stats-ali.cc:105) Processed 3750 utterances; for utterance 8671dd69-1fe3-4e5d-aa21-5779b9e54827-33563581 avg. like is -102.11 over 748 frames.
LOG (gmm-acc-stats-ali[5.5.513~2-b5f4cf]:main():gmm-acc-stats-ali.cc:105) Processed 3800 utterances; for utterance 8671dd69-1fe3-4e5d-aa21-5779b9e54827-37410351 avg. like is -103.424 over 2618 frames.
LOG (gmm-acc-stats-ali[5.5.513~2-b5f4cf]:main():gmm-acc-stats-ali.cc:105) Processed 3850 utterances; for utterance 8671dd69-1fe3-4e5d-aa21-5779b9e54827-43644061 avg. like is -103.741 over 688 frames.
LOG (gmm-acc-stats-ali[5.5.513~2-b5f4cf]:main():gmm-acc-stats-ali.cc:105) Processed 3900 utterances; for utterance 8671dd69-1fe3-4e5d-aa21-5779b9e54827-55830191 avg. like is -104.561 over 1138 frames.
WARNING (gmm-acc-stats-ali[5.5.513~2-b5f4cf]:main():gmm-acc-stats-ali.cc:79) No alignment for utterance 8671dd69-1fe3-4e5d-aa21-5779b9e54827-57148224
LOG (gmm-acc-stats-ali[5.5.513~2-b5f4cf]:main():gmm-acc-stats-ali.cc:105) Processed 3950 utterances; for utterance 8671dd69-1fe3-4e5d-aa21-5779b9e54827-7624977 avg. like is -110.08 over 2438 frames.
WARNING (gmm-acc-stats-ali[5.5.513~2-b5f4cf]:main():gmm-acc-stats-ali.cc:79) No alignment for utterance 89c1aac7-03d8-46b3-b9a4-ecca80261c95-10817814
WARNING (gmm-acc-stats-ali[5.5.513~2-b5f4cf]:main():gmm-acc-stats-ali.cc:79) No alignment for utterance 89c1aac7-03d8-46b3-b9a4-ecca80261c95-10848424
WARNING (gmm-acc-stats-ali[5.5.513~2-b5f4cf]:main():gmm-acc-stats-ali.cc:79) No alignment for utterance 89c1aac7-03d8-46b3-b9a4-ecca80261c95-12226814
WARNING (gmm-acc-stats-ali[5.5.513~2-b5f4cf]:main():gmm-acc-stats-ali.cc:79) No alignment for utterance 89c1aac7-03d8-46b3-b9a4-ecca80261c95-12267404
WARNING (gmm-acc-stats-ali[5.5.513~2-b5f4cf]:main():gmm-acc-stats-ali.cc:79) No alignment for utterance 89c1aac7-03d8-46b3-b9a4-ecca80261c95-15645074
WARNING (gmm-acc-stats-ali[5.5.513~2-b5f4cf]:main():gmm-acc-stats-ali.cc:79) No alignment for utterance 89c1aac7-03d8-46b3-b9a4-ecca80261c95-16916294
WARNING (gmm-acc-stats-ali[5.5.513~2-b5f4cf]:main():gmm-acc-stats-ali.cc:79) No alignment for utterance 89c1aac7-03d8-46b3-b9a4-ecca80261c95-18419279
WARNING (gmm-acc-stats-ali[5.5.513~2-b5f4cf]:main():gmm-acc-stats-ali.cc:79) No alignment for utterance 89c1aac7-03d8-46b3-b9a4-ecca80261c95-19371779
WARNING (gmm-acc-stats-ali[5.5.513~2-b5f4cf]:main():gmm-acc-stats-ali.cc:79) No alignment for utterance 89c1aac7-03d8-46b3-b9a4-ecca80261c95-19420674
WARNING (gmm-acc-stats-ali[5.5.513~2-b5f4cf]:main():gmm-acc-stats-ali.cc:79) No alignment for utterance 89c1aac7-03d8-46b3-b9a4-ecca80261c95-19953629
WARNING (gmm-acc-stats-ali[5.5.513~2-b5f4cf]:main():gmm-acc-stats-ali.cc:79) No alignment for utterance 89c1aac7-03d8-46b3-b9a4-ecca80261c95-20120359
LOG (gmm-acc-stats-ali[5.5.513~2-b5f4cf]:main():gmm-acc-stats-ali.cc:105) Processed 4000 utterances; for utterance 89c1aac7-03d8-46b3-b9a4-ecca80261c95-20120360 avg. like is -98.3592 over 1408 frames.
WARNING (gmm-acc-stats-ali[5.5.513~2-b5f4cf]:main():gmm-acc-stats-ali.cc:79) No alignment for utterance 89c1aac7-03d8-46b3-b9a4-ecca80261c95-20133474
WARNING (gmm-acc-stats-ali[5.5.513~2-b5f4cf]:main():gmm-acc-stats-ali.cc:79) No alignment for utterance 89c1aac7-03d8-46b3-b9a4-ecca80261c95-20974034
WARNING (gmm-acc-stats-ali[5.5.513~2-b5f4cf]:main():gmm-acc-stats-ali.cc:79) No alignment for utterance 89c1aac7-03d8-46b3-b9a4-ecca80261c95-22851984
WARNING (gmm-acc-stats-ali[5.5.513~2-b5f4cf]:main():gmm-acc-stats-ali.cc:79) No alignment for utterance 89c1aac7-03d8-46b3-b9a4-ecca80261c95-24025574
WARNING (gmm-acc-stats-ali[5.5.513~2-b5f4cf]:main():gmm-acc-stats-ali.cc:79) No alignment for utterance 89c1aac7-03d8-46b3-b9a4-ecca80261c95-24333019
WARNING (gmm-acc-stats-ali[5.5.513~2-b5f4cf]:main():gmm-acc-stats-ali.cc:79) No alignment for utterance 89c1aac7-03d8-46b3-b9a4-ecca80261c95-27460844
WARNING (gmm-acc-stats-ali[5.5.513~2-b5f4cf]:main():gmm-acc-stats-ali.cc:79) No alignment for utterance 89c1aac7-03d8-46b3-b9a4-ecca80261c95-27519729
WARNING (gmm-acc-stats-ali[5.5.513~2-b5f4cf]:main():gmm-acc-stats-ali.cc:79) No alignment for utterance 89c1aac7-03d8-46b3-b9a4-ecca80261c95-3118309
WARNING (gmm-acc-stats-ali[5.5.513~2-b5f4cf]:main():gmm-acc-stats-ali.cc:79) No alignment for utterance 89c1aac7-03d8-46b3-b9a4-ecca80261c95-32547434
WARNING (gmm-acc-stats-ali[5.5.513~2-b5f4cf]:main():gmm-acc-stats-ali.cc:79) No alignment for utterance 89c1aac7-03d8-46b3-b9a4-ecca80261c95-32570619
WARNING (gmm-acc-stats-ali[5.5.513~2-b5f4cf]:main():gmm-acc-stats-ali.cc:79) No alignment for utterance 89c1aac7-03d8-46b3-b9a4-ecca80261c95-32630779
WARNING (gmm-acc-stats-ali[5.5.513~2-b5f4cf]:main():gmm-acc-stats-ali.cc:79) No alignment for utterance 89c1aac7-03d8-46b3-b9a4-ecca80261c95-32662819
WARNING (gmm-acc-stats-ali[5.5.513~2-b5f4cf]:main():gmm-acc-stats-ali.cc:79) No alignment for utterance 89c1aac7-03d8-46b3-b9a4-ecca80261c95-32920984
WARNING (gmm-acc-stats-ali[5.5.513~2-b5f4cf]:main():gmm-acc-stats-ali.cc:79) No alignment for utterance 89c1aac7-03d8-46b3-b9a4-ecca80261c95-35015239
WARNING (gmm-acc-stats-ali[5.5.513~2-b5f4cf]:main():gmm-acc-stats-ali.cc:79) No alignment for utterance 89c1aac7-03d8-46b3-b9a4-ecca80261c95-35048324
WARNING (gmm-acc-stats-ali[5.5.513~2-b5f4cf]:main():gmm-acc-stats-ali.cc:79) No alignment for utterance 89c1aac7-03d8-46b3-b9a4-ecca80261c95-3610539
LOG (gmm-acc-stats-ali[5.5.513~2-b5f4cf]:main():gmm-acc-stats-ali.cc:105) Processed 4050 utterances; for utterance 89c1aac7-03d8-46b3-b9a4-ecca80261c95-36742238 avg. like is -96.0252 over 588 frames.
WARNING (gmm-acc-stats-ali[5.5.513~2-b5f4cf]:main():gmm-acc-stats-ali.cc:79) No alignment for utterance 89c1aac7-03d8-46b3-b9a4-ecca80261c95-36742239
WARNING (gmm-acc-stats-ali[5.5.513~2-b5f4cf]:main():gmm-acc-stats-ali.cc:79) No alignment for utterance 89c1aac7-03d8-46b3-b9a4-ecca80261c95-38534529
WARNING (gmm-acc-stats-ali[5.5.513~2-b5f4cf]:main():gmm-acc-stats-ali.cc:79) No alignment for utterance 89c1aac7-03d8-46b3-b9a4-ecca80261c95-39232144
WARNING (gmm-acc-stats-ali[5.5.513~2-b5f4cf]:main():gmm-acc-stats-ali.cc:79) No alignment for utterance 89c1aac7-03d8-46b3-b9a4-ecca80261c95-41525944
WARNING (gmm-acc-stats-ali[5.5.513~2-b5f4cf]:main():gmm-acc-stats-ali.cc:79) No alignment for utterance 89c1aac7-03d8-46b3-b9a4-ecca80261c95-44268549
WARNING (gmm-acc-stats-ali[5.5.513~2-b5f4cf]:main():gmm-acc-stats-ali.cc:79) No alignment for utterance 89c1aac7-03d8-46b3-b9a4-ecca80261c95-4563339
WARNING (gmm-acc-stats-ali[5.5.513~2-b5f4cf]:main():gmm-acc-stats-ali.cc:79) No alignment for utterance 89c1aac7-03d8-46b3-b9a4-ecca80261c95-45767449
WARNING (gmm-acc-stats-ali[5.5.513~2-b5f4cf]:main():gmm-acc-stats-ali.cc:79) No alignment for utterance 89c1aac7-03d8-46b3-b9a4-ecca80261c95-48064764
WARNING (gmm-acc-stats-ali[5.5.513~2-b5f4cf]:main():gmm-acc-stats-ali.cc:79) No alignment for utterance 89c1aac7-03d8-46b3-b9a4-ecca80261c95-56056129
WARNING (gmm-acc-stats-ali[5.5.513~2-b5f4cf]:main():gmm-acc-stats-ali.cc:79) No alignment for utterance 89c1aac7-03d8-46b3-b9a4-ecca80261c95-56148594
WARNING (gmm-acc-stats-ali[5.5.513~2-b5f4cf]:main():gmm-acc-stats-ali.cc:79) No alignment for utterance 89c1aac7-03d8-46b3-b9a4-ecca80261c95-56563659
WARNING (gmm-acc-stats-ali[5.5.513~2-b5f4cf]:main():gmm-acc-stats-ali.cc:79) No alignment for utterance 89c1aac7-03d8-46b3-b9a4-ecca80261c95-57350379
LOG (gmm-acc-stats-ali[5.5.513~2-b5f4cf]:main():gmm-acc-stats-ali.cc:105) Processed 4100 utterances; for utterance 89c1aac7-03d8-46b3-b9a4-ecca80261c95-5958465 avg. like is -95.6382 over 498 frames.
WARNING (gmm-acc-stats-ali[5.5.513~2-b5f4cf]:main():gmm-acc-stats-ali.cc:79) No alignment for utterance 89c1aac7-03d8-46b3-b9a4-ecca80261c95-61114244
WARNING (gmm-acc-stats-ali[5.5.513~2-b5f4cf]:main():gmm-acc-stats-ali.cc:79) No alignment for utterance 89c1aac7-03d8-46b3-b9a4-ecca80261c95-61665209
WARNING (gmm-acc-stats-ali[5.5.513~2-b5f4cf]:main():gmm-acc-stats-ali.cc:79) No alignment for utterance 89c1aac7-03d8-46b3-b9a4-ecca80261c95-6359959
WARNING (gmm-acc-stats-ali[5.5.513~2-b5f4cf]:main():gmm-acc-stats-ali.cc:79) No alignment for utterance 89c1aac7-03d8-46b3-b9a4-ecca80261c95-66526424
WARNING (gmm-acc-stats-ali[5.5.513~2-b5f4cf]:main():gmm-acc-stats-ali.cc:79) No alignment for utterance 89c1aac7-03d8-46b3-b9a4-ecca80261c95-66770054
WARNING (gmm-acc-stats-ali[5.5.513~2-b5f4cf]:main():gmm-acc-stats-ali.cc:79) No alignment for utterance 89c1aac7-03d8-46b3-b9a4-ecca80261c95-68365279
WARNING (gmm-acc-stats-ali[5.5.513~2-b5f4cf]:main():gmm-acc-stats-ali.cc:79) No alignment for utterance 89c1aac7-03d8-46b3-b9a4-ecca80261c95-68657714
WARNING (gmm-acc-stats-ali[5.5.513~2-b5f4cf]:main():gmm-acc-stats-ali.cc:79) No alignment for utterance 89c1aac7-03d8-46b3-b9a4-ecca80261c95-69710054
WARNING (gmm-acc-stats-ali[5.5.513~2-b5f4cf]:main():gmm-acc-stats-ali.cc:79) No alignment for utterance 89c1aac7-03d8-46b3-b9a4-ecca80261c95-7110944
WARNING (gmm-acc-stats-ali[5.5.513~2-b5f4cf]:main():gmm-acc-stats-ali.cc:79) No alignment for utterance 89c1aac7-03d8-46b3-b9a4-ecca80261c95-72460249
WARNING (gmm-acc-stats-ali[5.5.513~2-b5f4cf]:main():gmm-acc-stats-ali.cc:79) No alignment for utterance 89c1aac7-03d8-46b3-b9a4-ecca80261c95-74256929
WARNING (gmm-acc-stats-ali[5.5.513~2-b5f4cf]:main():gmm-acc-stats-ali.cc:79) No alignment for utterance 89c1aac7-03d8-46b3-b9a4-ecca80261c95-78018334
LOG (gmm-acc-stats-ali[5.5.513~2-b5f4cf]:main():gmm-acc-stats-ali.cc:105) Processed 4150 utterances; for utterance 89c1aac7-03d8-46b3-b9a4-ecca80261c95-78641008 avg. like is -94.5309 over 288 frames.
WARNING (gmm-acc-stats-ali[5.5.513~2-b5f4cf]:main():gmm-acc-stats-ali.cc:79) No alignment for utterance 89c1aac7-03d8-46b3-b9a4-ecca80261c95-82972349
LOG (gmm-acc-stats-ali[5.5.513~2-b5f4cf]:main():gmm-acc-stats-ali.cc:105) Processed 4200 utterances; for utterance 89c1aac7-03d8-46b3-b9a4-ecca80261c95-83527141 avg. like is -101.637 over 198 frames.
WARNING (gmm-acc-stats-ali[5.5.513~2-b5f4cf]:main():gmm-acc-stats-ali.cc:79) No alignment for utterance 89c1aac7-03d8-46b3-b9a4-ecca80261c95-83847959
WARNING (gmm-acc-stats-ali[5.5.513~2-b5f4cf]:main():gmm-acc-stats-ali.cc:79) No alignment for utterance 89c1aac7-03d8-46b3-b9a4-ecca80261c95-8514614
LOG (gmm-acc-stats-ali[5.5.513~2-b5f4cf]:main():gmm-acc-stats-ali.cc:105) Processed 4250 utterances; for utterance 89c1aac7-03d8-46b3-b9a4-ecca80261c95-86237006 avg. like is -95.0459 over 258 frames.
WARNING (gmm-acc-stats-ali[5.5.513~2-b5f4cf]:main():gmm-acc-stats-ali.cc:79) No alignment for utterance 89c1aac7-03d8-46b3-b9a4-ecca80261c95-87826579
WARNING (gmm-acc-stats-ali[5.5.513~2-b5f4cf]:main():gmm-acc-stats-ali.cc:79) No alignment for utterance 89c1aac7-03d8-46b3-b9a4-ecca80261c95-88448104
WARNING (gmm-acc-stats-ali[5.5.513~2-b5f4cf]:main():gmm-acc-stats-ali.cc:79) No alignment for utterance 89c1aac7-03d8-46b3-b9a4-ecca80261c95-88761354
WARNING (gmm-acc-stats-ali[5.5.513~2-b5f4cf]:main():gmm-acc-stats-ali.cc:79) No alignment for utterance 89c1aac7-03d8-46b3-b9a4-ecca80261c95-89843929
LOG (gmm-acc-stats-ali[5.5.513~2-b5f4cf]:main():gmm-acc-stats-ali.cc:105) Processed 4300 utterances; for utterance 89c1aac7-03d8-46b3-b9a4-ecca80261c95-90515029 avg. like is -116.716 over 178 frames.
WARNING (gmm-acc-stats-ali[5.5.513~2-b5f4cf]:main():gmm-acc-stats-ali.cc:79) No alignment for utterance 89c1aac7-03d8-46b3-b9a4-ecca80261c95-94843699
LOG (gmm-acc-stats-ali[5.5.513~2-b5f4cf]:main():gmm-acc-stats-ali.cc:105) Processed 4350 utterances; for utterance 89c1aac7-03d8-46b3-b9a4-ecca80261c95-95056353 avg. like is -90.6644 over 168 frames.
LOG (gmm-acc-stats-ali[5.5.513~2-b5f4cf]:main():gmm-acc-stats-ali.cc:105) Processed 4400 utterances; for utterance 8b9f9e73-7d00-41f8-9400-9131267f7d73-10438781 avg. like is -102.511 over 468 frames.
LOG (gmm-acc-stats-ali[5.5.513~2-b5f4cf]:main():gmm-acc-stats-ali.cc:105) Processed 4450 utterances; for utterance 8b9f9e73-7d00-41f8-9400-9131267f7d73-11838451 avg. like is -103.686 over 1158 frames.
LOG (gmm-acc-stats-ali[5.5.513~2-b5f4cf]:main():gmm-acc-stats-ali.cc:105) Processed 4500 utterances; for utterance 8b9f9e73-7d00-41f8-9400-9131267f7d73-17018041 avg. like is -104.53 over 808 frames.
LOG (gmm-acc-stats-ali[5.5.513~2-b5f4cf]:main():gmm-acc-stats-ali.cc:105) Processed 4550 utterances; for utterance 8b9f9e73-7d00-41f8-9400-9131267f7d73-18561946 avg. like is -102.385 over 758 frames.
LOG (gmm-acc-stats-ali[5.5.513~2-b5f4cf]:main():gmm-acc-stats-ali.cc:105) Processed 4600 utterances; for utterance 8b9f9e73-7d00-41f8-9400-9131267f7d73-21638766 avg. like is -106.103 over 1378 frames.
LOG (gmm-acc-stats-ali[5.5.513~2-b5f4cf]:main():gmm-acc-stats-ali.cc:105) Processed 4650 utterances; for utterance 8b9f9e73-7d00-41f8-9400-9131267f7d73-27461676 avg. like is -104.236 over 958 frames.
LOG (gmm-acc-stats-ali[5.5.513~2-b5f4cf]:main():gmm-acc-stats-ali.cc:105) Processed 4700 utterances; for utterance 8b9f9e73-7d00-41f8-9400-9131267f7d73-32966681 avg. like is -104.03 over 1098 frames.
LOG (gmm-acc-stats-ali[5.5.513~2-b5f4cf]:main():gmm-acc-stats-ali.cc:105) Processed 4750 utterances; for utterance 8b9f9e73-7d00-41f8-9400-9131267f7d73-36041626 avg. like is -100.428 over 378 frames.
LOG (gmm-acc-stats-ali[5.5.513~2-b5f4cf]:main():gmm-acc-stats-ali.cc:105) Processed 4800 utterances; for utterance 8b9f9e73-7d00-41f8-9400-9131267f7d73-44645421 avg. like is -103.381 over 618 frames.
LOG (gmm-acc-stats-ali[5.5.513~2-b5f4cf]:main():gmm-acc-stats-ali.cc:105) Processed 4850 utterances; for utterance 8b9f9e73-7d00-41f8-9400-9131267f7d73-51570821 avg. like is -104.307 over 968 frames.
LOG (gmm-acc-stats-ali[5.5.513~2-b5f4cf]:main():gmm-acc-stats-ali.cc:105) Processed 4900 utterances; for utterance 8b9f9e73-7d00-41f8-9400-9131267f7d73-59753191 avg. like is -105.119 over 468 frames.
LOG (gmm-acc-stats-ali[5.5.513~2-b5f4cf]:main():gmm-acc-stats-ali.cc:105) Processed 4950 utterances; for utterance 8b9f9e73-7d00-41f8-9400-9131267f7d73-65047331 avg. like is -101.773 over 398 frames.
LOG (gmm-acc-stats-ali[5.5.513~2-b5f4cf]:main():gmm-acc-stats-ali.cc:105) Processed 5000 utterances; for utterance 8b9f9e73-7d00-41f8-9400-9131267f7d73-70211461 avg. like is -103.43 over 558 frames.
LOG (gmm-acc-stats-ali[5.5.513~2-b5f4cf]:main():gmm-acc-stats-ali.cc:105) Processed 5050 utterances; for utterance 8b9f9e73-7d00-41f8-9400-9131267f7d73-73127536 avg. like is -100.294 over 408 frames.
LOG (gmm-acc-stats-ali[5.5.513~2-b5f4cf]:main():gmm-acc-stats-ali.cc:105) Processed 5100 utterances; for utterance 8b9f9e73-7d00-41f8-9400-9131267f7d73-75631416 avg. like is -105.069 over 1198 frames.
LOG (gmm-acc-stats-ali[5.5.513~2-b5f4cf]:main():gmm-acc-stats-ali.cc:105) Processed 5150 utterances; for utterance 8b9f9e73-7d00-41f8-9400-9131267f7d73-77859311 avg. like is -105.76 over 2068 frames.
LOG (gmm-acc-stats-ali[5.5.513~2-b5f4cf]:main():gmm-acc-stats-ali.cc:105) Processed 5200 utterances; for utterance 8b9f9e73-7d00-41f8-9400-9131267f7d73-78812136 avg. like is -97.561 over 128 frames.
LOG (gmm-acc-stats-ali[5.5.513~2-b5f4cf]:main():gmm-acc-stats-ali.cc:105) Processed 5250 utterances; for utterance 8b9f9e73-7d00-41f8-9400-9131267f7d73-80330966 avg. like is -94.8202 over 208 frames.
LOG (gmm-acc-stats-ali[5.5.513~2-b5f4cf]:main():gmm-acc-stats-ali.cc:105) Processed 5300 utterances; for utterance 8b9f9e73-7d00-41f8-9400-9131267f7d73-81622606 avg. like is -101.56 over 188 frames.
LOG (gmm-acc-stats-ali[5.5.513~2-b5f4cf]:main():gmm-acc-stats-ali.cc:105) Processed 5350 utterances; for utterance 8b9f9e73-7d00-41f8-9400-9131267f7d73-83116576 avg. like is -91.6356 over 128 frames.
LOG (gmm-acc-stats-ali[5.5.513~2-b5f4cf]:main():gmm-acc-stats-ali.cc:105) Processed 5400 utterances; for utterance 8b9f9e73-7d00-41f8-9400-9131267f7d73-83941796 avg. like is -100.913 over 208 frames.
LOG (gmm-acc-stats-ali[5.5.513~2-b5f4cf]:main():gmm-acc-stats-ali.cc:105) Processed 5450 utterances; for utterance 8b9f9e73-7d00-41f8-9400-9131267f7d73-85244706 avg. like is -95.9994 over 128 frames.
LOG (gmm-acc-stats-ali[5.5.513~2-b5f4cf]:main():gmm-acc-stats-ali.cc:105) Processed 5500 utterances; for utterance 8b9f9e73-7d00-41f8-9400-9131267f7d73-86543916 avg. like is -99.7473 over 178 frames.
LOG (gmm-acc-stats-ali[5.5.513~2-b5f4cf]:main():gmm-acc-stats-ali.cc:105) Processed 5550 utterances; for utterance 8b9f9e73-7d00-41f8-9400-9131267f7d73-87561051 avg. like is -101.011 over 198 frames.
LOG (gmm-acc-stats-ali[5.5.513~2-b5f4cf]:main():gmm-acc-stats-ali.cc:105) Processed 5600 utterances; for utterance 8b9f9e73-7d00-41f8-9400-9131267f7d73-88931761 avg. like is -99.0611 over 118 frames.
LOG (gmm-acc-stats-ali[5.5.513~2-b5f4cf]:main():gmm-acc-stats-ali.cc:105) Processed 5650 utterances; for utterance 8b9f9e73-7d00-41f8-9400-9131267f7d73-89719686 avg. like is -98.7095 over 198 frames.
LOG (gmm-acc-stats-ali[5.5.513~2-b5f4cf]:main():gmm-acc-stats-ali.cc:105) Processed 5700 utterances; for utterance 8b9f9e73-7d00-41f8-9400-9131267f7d73-90425346 avg. like is -95.6087 over 218 frames.
LOG (gmm-acc-stats-ali[5.5.513~2-b5f4cf]:main():gmm-acc-stats-ali.cc:105) Processed 5750 utterances; for utterance 8b9f9e73-7d00-41f8-9400-9131267f7d73-91131166 avg. like is -101.88 over 198 frames.
LOG (gmm-acc-stats-ali[5.5.513~2-b5f4cf]:main():gmm-acc-stats-ali.cc:105) Processed 5800 utterances; for utterance 8b9f9e73-7d00-41f8-9400-9131267f7d73-92263281 avg. like is -102.35 over 178 frames.
LOG (gmm-acc-stats-ali[5.5.513~2-b5f4cf]:main():gmm-acc-stats-ali.cc:105) Processed 5850 utterances; for utterance 8d5ea173-9d7f-4a90-a77c-d05319864b4a-11354181 avg. like is -99.9723 over 688 frames.
LOG (gmm-acc-stats-ali[5.5.513~2-b5f4cf]:main():gmm-acc-stats-ali.cc:105) Processed 5900 utterances; for utterance 8d5ea173-9d7f-4a90-a77c-d05319864b4a-20744561 avg. like is -103.971 over 1208 frames.
LOG (gmm-acc-stats-ali[5.5.513~2-b5f4cf]:main():gmm-acc-stats-ali.cc:105) Processed 5950 utterances; for utterance 8d5ea173-9d7f-4a90-a77c-d05319864b4a-32322536 avg. like is -102.368 over 1558 frames.
LOG (gmm-acc-stats-ali[5.5.513~2-b5f4cf]:main():gmm-acc-stats-ali.cc:105) Processed 6000 utterances; for utterance 8d5ea173-9d7f-4a90-a77c-d05319864b4a-36368391 avg. like is -100.218 over 488 frames.
LOG (gmm-acc-stats-ali[5.5.513~2-b5f4cf]:main():gmm-acc-stats-ali.cc:105) Processed 6050 utterances; for utterance 8d5ea173-9d7f-4a90-a77c-d05319864b4a-43253576 avg. like is -97.713 over 578 frames.
LOG (gmm-acc-stats-ali[5.5.513~2-b5f4cf]:main():gmm-acc-stats-ali.cc:105) Processed 6100 utterances; for utterance 8d5ea173-9d7f-4a90-a77c-d05319864b4a-53810106 avg. like is -101.998 over 1068 frames.
LOG (gmm-acc-stats-ali[5.5.513~2-b5f4cf]:main():gmm-acc-stats-ali.cc:105) Processed 6150 utterances; for utterance 8d5ea173-9d7f-4a90-a77c-d05319864b4a-58668246 avg. like is -106.038 over 558 frames.
LOG (gmm-acc-stats-ali[5.5.513~2-b5f4cf]:main():gmm-acc-stats-ali.cc:105) Processed 6200 utterances; for utterance 8d5ea173-9d7f-4a90-a77c-d05319864b4a-63554411 avg. like is -104.922 over 2378 frames.
LOG (gmm-acc-stats-ali[5.5.513~2-b5f4cf]:main():gmm-acc-stats-ali.cc:105) Processed 6250 utterances; for utterance 8d5ea173-9d7f-4a90-a77c-d05319864b4a-6559716 avg. like is -101.024 over 1158 frames.
LOG (gmm-acc-stats-ali[5.5.513~2-b5f4cf]:main():gmm-acc-stats-ali.cc:105) Processed 6300 utterances; for utterance 8ff5bcb0-aecc-46b9-9372-2a73d49f712f-10651713 avg. like is -95.6665 over 818 frames.
LOG (gmm-acc-stats-ali[5.5.513~2-b5f4cf]:main():gmm-acc-stats-ali.cc:105) Processed 6350 utterances; for utterance 8ff5bcb0-aecc-46b9-9372-2a73d49f712f-27728612 avg. like is -104.026 over 618 frames.
LOG (gmm-acc-stats-ali[5.5.513~2-b5f4cf]:main():gmm-acc-stats-ali.cc:105) Processed 6400 utterances; for utterance 8ff5bcb0-aecc-46b9-9372-2a73d49f712f-29756161 avg. like is -99.6022 over 1428 frames.
LOG (gmm-acc-stats-ali[5.5.513~2-b5f4cf]:main():gmm-acc-stats-ali.cc:105) Processed 6450 utterances; for utterance 8ff5bcb0-aecc-46b9-9372-2a73d49f712f-6545293 avg. like is -94.9588 over 1218 frames.
LOG (gmm-acc-stats-ali[5.5.513~2-b5f4cf]:main():gmm-acc-stats-ali.cc:105) Processed 6500 utterances; for utterance 90225a4a-175a-4d3b-8b3e-9f7193518993-10936911 avg. like is -98.0535 over 498 frames.
LOG (gmm-acc-stats-ali[5.5.513~2-b5f4cf]:main():gmm-acc-stats-ali.cc:105) Processed 6550 utterances; for utterance 90225a4a-175a-4d3b-8b3e-9f7193518993-15939646 avg. like is -102.737 over 1088 frames.
LOG (gmm-acc-stats-ali[5.5.513~2-b5f4cf]:main():gmm-acc-stats-ali.cc:105) Processed 6600 utterances; for utterance 90225a4a-175a-4d3b-8b3e-9f7193518993-19228216 avg. like is -101.845 over 1438 frames.
LOG (gmm-acc-stats-ali[5.5.513~2-b5f4cf]:main():gmm-acc-stats-ali.cc:105) Processed 6650 utterances; for utterance 90225a4a-175a-4d3b-8b3e-9f7193518993-20916381 avg. like is -101.354 over 538 frames.
WARNING (gmm-acc-stats-ali[5.5.513~2-b5f4cf]:main():gmm-acc-stats-ali.cc:79) No alignment for utterance 90225a4a-175a-4d3b-8b3e-9f7193518993-221996
WARNING (gmm-acc-stats-ali[5.5.513~2-b5f4cf]:main():gmm-acc-stats-ali.cc:79) No alignment for utterance 90225a4a-175a-4d3b-8b3e-9f7193518993-221997
WARNING (gmm-acc-stats-ali[5.5.513~2-b5f4cf]:main():gmm-acc-stats-ali.cc:79) No alignment for utterance 90225a4a-175a-4d3b-8b3e-9f7193518993-222000
LOG (gmm-acc-stats-ali[5.5.513~2-b5f4cf]:main():gmm-acc-stats-ali.cc:105) Processed 6700 utterances; for utterance 90225a4a-175a-4d3b-8b3e-9f7193518993-27221339 avg. like is -87.944 over 1218 frames.
LOG (gmm-acc-stats-ali[5.5.513~2-b5f4cf]:main():gmm-acc-stats-ali.cc:105) Processed 6750 utterances; for utterance 90225a4a-175a-4d3b-8b3e-9f7193518993-30411304 avg. like is -83.1961 over 298 frames.
LOG (gmm-acc-stats-ali[5.5.513~2-b5f4cf]:main():gmm-acc-stats-ali.cc:105) Processed 6800 utterances; for utterance 90225a4a-175a-4d3b-8b3e-9f7193518993-36017279 avg. like is -87.5698 over 378 frames.
LOG (gmm-acc-stats-ali[5.5.513~2-b5f4cf]:main():gmm-acc-stats-ali.cc:105) Processed 6850 utterances; for utterance 90225a4a-175a-4d3b-8b3e-9f7193518993-41847709 avg. like is -88.6818 over 1768 frames.
LOG (gmm-acc-stats-ali[5.5.513~2-b5f4cf]:main():gmm-acc-stats-ali.cc:105) Processed 6900 utterances; for utterance 90225a4a-175a-4d3b-8b3e-9f7193518993-46550709 avg. like is -86.8644 over 1298 frames.
LOG (gmm-acc-stats-ali[5.5.513~2-b5f4cf]:main():gmm-acc-stats-ali.cc:105) Processed 6950 utterances; for utterance 90225a4a-175a-4d3b-8b3e-9f7193518993-55769304 avg. like is -86.427 over 588 frames.
LOG (gmm-acc-stats-ali[5.5.513~2-b5f4cf]:main():gmm-acc-stats-ali.cc:105) Processed 7000 utterances; for utterance 90225a4a-175a-4d3b-8b3e-9f7193518993-62715284 avg. like is -87.2958 over 528 frames.
LOG (gmm-acc-stats-ali[5.5.513~2-b5f4cf]:main():gmm-acc-stats-ali.cc:105) Processed 7050 utterances; for utterance 90225a4a-175a-4d3b-8b3e-9f7193518993-67966439 avg. like is -86.1713 over 708 frames.
LOG (gmm-acc-stats-ali[5.5.513~2-b5f4cf]:main():gmm-acc-stats-ali.cc:105) Processed 7100 utterances; for utterance 90225a4a-175a-4d3b-8b3e-9f7193518993-72120249 avg. like is -84.8964 over 488 frames.
LOG (gmm-acc-stats-ali[5.5.513~2-b5f4cf]:main():gmm-acc-stats-ali.cc:105) Processed 7150 utterances; for utterance 90225a4a-175a-4d3b-8b3e-9f7193518993-75257994 avg. like is -84.8176 over 178 frames.
LOG (gmm-acc-stats-ali[5.5.513~2-b5f4cf]:main():gmm-acc-stats-ali.cc:105) Processed 7200 utterances; for utterance 90225a4a-175a-4d3b-8b3e-9f7193518993-78629829 avg. like is -86.0744 over 218 frames.
LOG (gmm-acc-stats-ali[5.5.513~2-b5f4cf]:main():gmm-acc-stats-ali.cc:105) Processed 7250 utterances; for utterance 90225a4a-175a-4d3b-8b3e-9f7193518993-79422884 avg. like is -86.0085 over 208 frames.
LOG (gmm-acc-stats-ali[5.5.513~2-b5f4cf]:main():gmm-acc-stats-ali.cc:105) Processed 7300 utterances; for utterance 90225a4a-175a-4d3b-8b3e-9f7193518993-80550909 avg. like is -84.4324 over 248 frames.
LOG (gmm-acc-stats-ali[5.5.513~2-b5f4cf]:main():gmm-acc-stats-ali.cc:105) Processed 7350 utterances; for utterance 90225a4a-175a-4d3b-8b3e-9f7193518993-81474029 avg. like is -82.7527 over 168 frames.
LOG (gmm-acc-stats-ali[5.5.513~2-b5f4cf]:main():gmm-acc-stats-ali.cc:105) Processed 7400 utterances; for utterance 90225a4a-175a-4d3b-8b3e-9f7193518993-82173959 avg. like is -87.6737 over 218 frames.
LOG (gmm-acc-stats-ali[5.5.513~2-b5f4cf]:main():gmm-acc-stats-ali.cc:105) Processed 7450 utterances; for utterance 90225a4a-175a-4d3b-8b3e-9f7193518993-83772714 avg. like is -82.314 over 148 frames.
LOG (gmm-acc-stats-ali[5.5.513~2-b5f4cf]:main():gmm-acc-stats-ali.cc:105) Processed 7500 utterances; for utterance 90225a4a-175a-4d3b-8b3e-9f7193518993-85146639 avg. like is -80.715 over 148 frames.
LOG (gmm-acc-stats-ali[5.5.513~2-b5f4cf]:main():gmm-acc-stats-ali.cc:105) Processed 7550 utterances; for utterance 90225a4a-175a-4d3b-8b3e-9f7193518993-86710634 avg. like is -88.5756 over 198 frames.
LOG (gmm-acc-stats-ali[5.5.513~2-b5f4cf]:main():gmm-acc-stats-ali.cc:105) Processed 7600 utterances; for utterance 90225a4a-175a-4d3b-8b3e-9f7193518993-87628794 avg. like is -81.3635 over 158 frames.
LOG (gmm-acc-stats-ali[5.5.513~2-b5f4cf]:main():gmm-acc-stats-ali.cc:105) Processed 7650 utterances; for utterance 90225a4a-175a-4d3b-8b3e-9f7193518993-89373714 avg. like is -84.4731 over 168 frames.
LOG (gmm-acc-stats-ali[5.5.513~2-b5f4cf]:main():gmm-acc-stats-ali.cc:105) Processed 7700 utterances; for utterance 90225a4a-175a-4d3b-8b3e-9f7193518993-90754649 avg. like is -84.658 over 208 frames.
LOG (gmm-acc-stats-ali[5.5.513~2-b5f4cf]:main():gmm-acc-stats-ali.cc:105) Processed 7750 utterances; for utterance 90225a4a-175a-4d3b-8b3e-9f7193518993-91649094 avg. like is -86.7458 over 198 frames.
LOG (gmm-acc-stats-ali[5.5.513~2-b5f4cf]:main():gmm-acc-stats-ali.cc:105) Processed 7800 utterances; for utterance 90225a4a-175a-4d3b-8b3e-9f7193518993-93441369 avg. like is -83.2137 over 218 frames.
LOG (gmm-acc-stats-ali[5.5.513~2-b5f4cf]:main():gmm-acc-stats-ali.cc:105) Processed 7850 utterances; for utterance 90225a4a-175a-4d3b-8b3e-9f7193518993-95035174 avg. like is -82.646 over 168 frames.
WARNING (gmm-acc-stats-ali[5.5.513~2-b5f4cf]:main():gmm-acc-stats-ali.cc:79) No alignment for utterance 92a49259-42fb-452e-94d4-bc73f42f1e59-11173439
WARNING (gmm-acc-stats-ali[5.5.513~2-b5f4cf]:main():gmm-acc-stats-ali.cc:79) No alignment for utterance 92a49259-42fb-452e-94d4-bc73f42f1e59-1165669
LOG (gmm-acc-stats-ali[5.5.513~2-b5f4cf]:main():gmm-acc-stats-ali.cc:105) Processed 7900 utterances; for utterance 92a49259-42fb-452e-94d4-bc73f42f1e59-1433041 avg. like is -103.119 over 958 frames.
WARNING (gmm-acc-stats-ali[5.5.513~2-b5f4cf]:main():gmm-acc-stats-ali.cc:79) No alignment for utterance 92a49259-42fb-452e-94d4-bc73f42f1e59-15920489
LOG (gmm-acc-stats-ali[5.5.513~2-b5f4cf]:main():gmm-acc-stats-ali.cc:105) Processed 7950 utterances; for utterance 92a49259-42fb-452e-94d4-bc73f42f1e59-19113967 avg. like is -99.7178 over 1233 frames.
WARNING (gmm-acc-stats-ali[5.5.513~2-b5f4cf]:main():gmm-acc-stats-ali.cc:79) No alignment for utterance 92a49259-42fb-452e-94d4-bc73f42f1e59-19414839
LOG (gmm-acc-stats-ali[5.5.513~2-b5f4cf]:main():gmm-acc-stats-ali.cc:105) Processed 8000 utterances; for utterance 92a49259-42fb-452e-94d4-bc73f42f1e59-22828833 avg. like is -95.4317 over 1308 frames.
WARNING (gmm-acc-stats-ali[5.5.513~2-b5f4cf]:main():gmm-acc-stats-ali.cc:79) No alignment for utterance 92a49259-42fb-452e-94d4-bc73f42f1e59-27330729
WARNING (gmm-acc-stats-ali[5.5.513~2-b5f4cf]:main():gmm-acc-stats-ali.cc:79) No alignment for utterance 92a49259-42fb-452e-94d4-bc73f42f1e59-27423079
LOG (gmm-acc-stats-ali[5.5.513~2-b5f4cf]:main():gmm-acc-stats-ali.cc:105) Processed 8050 utterances; for utterance 92a49259-42fb-452e-94d4-bc73f42f1e59-27630360 avg. like is -93.9676 over 638 frames.
WARNING (gmm-acc-stats-ali[5.5.513~2-b5f4cf]:main():gmm-acc-stats-ali.cc:79) No alignment for utterance 92a49259-42fb-452e-94d4-bc73f42f1e59-32660624
LOG (gmm-acc-stats-ali[5.5.513~2-b5f4cf]:main():gmm-acc-stats-ali.cc:105) Processed 8100 utterances; for utterance 92a49259-42fb-452e-94d4-bc73f42f1e59-36738331 avg. like is -98.6583 over 588 frames.
WARNING (gmm-acc-stats-ali[5.5.513~2-b5f4cf]:main():gmm-acc-stats-ali.cc:79) No alignment for utterance 92a49259-42fb-452e-94d4-bc73f42f1e59-41623659
WARNING (gmm-acc-stats-ali[5.5.513~2-b5f4cf]:main():gmm-acc-stats-ali.cc:79) No alignment for utterance 92a49259-42fb-452e-94d4-bc73f42f1e59-4511799
WARNING (gmm-acc-stats-ali[5.5.513~2-b5f4cf]:main():gmm-acc-stats-ali.cc:79) No alignment for utterance 92a49259-42fb-452e-94d4-bc73f42f1e59-4537589
LOG (gmm-acc-stats-ali[5.5.513~2-b5f4cf]:main():gmm-acc-stats-ali.cc:105) Processed 8150 utterances; for utterance 92a49259-42fb-452e-94d4-bc73f42f1e59-4539964 avg. like is -84.6849 over 1328 frames.
WARNING (gmm-acc-stats-ali[5.5.513~2-b5f4cf]:main():gmm-acc-stats-ali.cc:79) No alignment for utterance 92a49259-42fb-452e-94d4-bc73f42f1e59-50636594
WARNING (gmm-acc-stats-ali[5.5.513~2-b5f4cf]:main():gmm-acc-stats-ali.cc:79) No alignment for utterance 92a49259-42fb-452e-94d4-bc73f42f1e59-5414354
WARNING (gmm-acc-stats-ali[5.5.513~2-b5f4cf]:main():gmm-acc-stats-ali.cc:79) No alignment for utterance 92a49259-42fb-452e-94d4-bc73f42f1e59-54261024
LOG (gmm-acc-stats-ali[5.5.513~2-b5f4cf]:main():gmm-acc-stats-ali.cc:105) Processed 8200 utterances; for utterance 92a49259-42fb-452e-94d4-bc73f42f1e59-5854377 avg. like is -106.182 over 793 frames.
LOG (gmm-acc-stats-ali[5.5.513~2-b5f4cf]:main():gmm-acc-stats-ali.cc:105) Processed 8250 utterances; for utterance 92a49259-42fb-452e-94d4-bc73f42f1e59-71016222 avg. like is -100.67 over 588 frames.
WARNING (gmm-acc-stats-ali[5.5.513~2-b5f4cf]:main():gmm-acc-stats-ali.cc:79) No alignment for utterance 92a49259-42fb-452e-94d4-bc73f42f1e59-71016224
WARNING (gmm-acc-stats-ali[5.5.513~2-b5f4cf]:main():gmm-acc-stats-ali.cc:79) No alignment for utterance 92a49259-42fb-452e-94d4-bc73f42f1e59-71257469
WARNING (gmm-acc-stats-ali[5.5.513~2-b5f4cf]:main():gmm-acc-stats-ali.cc:79) No alignment for utterance 92a49259-42fb-452e-94d4-bc73f42f1e59-72213224
WARNING (gmm-acc-stats-ali[5.5.513~2-b5f4cf]:main():gmm-acc-stats-ali.cc:79) No alignment for utterance 92a49259-42fb-452e-94d4-bc73f42f1e59-72940754
LOG (gmm-acc-stats-ali[5.5.513~2-b5f4cf]:main():gmm-acc-stats-ali.cc:105) Processed 8300 utterances; for utterance 92a49259-42fb-452e-94d4-bc73f42f1e59-73817256 avg. like is -93.9423 over 308 frames.
WARNING (gmm-acc-stats-ali[5.5.513~2-b5f4cf]:main():gmm-acc-stats-ali.cc:79) No alignment for utterance 92a49259-42fb-452e-94d4-bc73f42f1e59-77611249
LOG (gmm-acc-stats-ali[5.5.513~2-b5f4cf]:main():gmm-acc-stats-ali.cc:105) Processed 8350 utterances; for utterance 92a49259-42fb-452e-94d4-bc73f42f1e59-79865642 avg. like is -91.8566 over 253 frames.
WARNING (gmm-acc-stats-ali[5.5.513~2-b5f4cf]:main():gmm-acc-stats-ali.cc:79) No alignment for utterance 92a49259-42fb-452e-94d4-bc73f42f1e59-817589
LOG (gmm-acc-stats-ali[5.5.513~2-b5f4cf]:main():gmm-acc-stats-ali.cc:105) Processed 8400 utterances; for utterance 92a49259-42fb-452e-94d4-bc73f42f1e59-81914198 avg. like is -87.3371 over 208 frames.
LOG (gmm-acc-stats-ali[5.5.513~2-b5f4cf]:main():gmm-acc-stats-ali.cc:105) Processed 8450 utterances; for utterance 92a49259-42fb-452e-94d4-bc73f42f1e59-83657828 avg. like is -87.7445 over 188 frames.
LOG (gmm-acc-stats-ali[5.5.513~2-b5f4cf]:main():gmm-acc-stats-ali.cc:105) Processed 8500 utterances; for utterance 92a49259-42fb-452e-94d4-bc73f42f1e59-84760468 avg. like is -87.1073 over 308 frames.
LOG (gmm-acc-stats-ali[5.5.513~2-b5f4cf]:main():gmm-acc-stats-ali.cc:105) Processed 8550 utterances; for utterance 92a49259-42fb-452e-94d4-bc73f42f1e59-86565253 avg. like is -88.0147 over 238 frames.
WARNING (gmm-acc-stats-ali[5.5.513~2-b5f4cf]:main():gmm-acc-stats-ali.cc:79) No alignment for utterance 92a49259-42fb-452e-94d4-bc73f42f1e59-87428689
LOG (gmm-acc-stats-ali[5.5.513~2-b5f4cf]:main():gmm-acc-stats-ali.cc:105) Processed 8600 utterances; for utterance 92a49259-42fb-452e-94d4-bc73f42f1e59-88326279 avg. like is -78.1662 over 288 frames.
LOG (gmm-acc-stats-ali[5.5.513~2-b5f4cf]:main():gmm-acc-stats-ali.cc:105) Processed 8650 utterances; for utterance 92a49259-42fb-452e-94d4-bc73f42f1e59-89545499 avg. like is -81.2709 over 168 frames.
LOG (gmm-acc-stats-ali[5.5.513~2-b5f4cf]:main():gmm-acc-stats-ali.cc:105) Processed 8700 utterances; for utterance 92a49259-42fb-452e-94d4-bc73f42f1e59-91419154 avg. like is -79.6304 over 208 frames.
LOG (gmm-acc-stats-ali[5.5.513~2-b5f4cf]:main():gmm-acc-stats-ali.cc:105) Processed 8750 utterances; for utterance 92a49259-42fb-452e-94d4-bc73f42f1e59-92570919 avg. like is -82.385 over 238 frames.
LOG (gmm-acc-stats-ali[5.5.513~2-b5f4cf]:main():gmm-acc-stats-ali.cc:105) Processed 8800 utterances; for utterance 92a49259-42fb-452e-94d4-bc73f42f1e59-94033654 avg. like is -81.4897 over 228 frames.
LOG (gmm-acc-stats-ali[5.5.513~2-b5f4cf]:main():gmm-acc-stats-ali.cc:105) Processed 8850 utterances; for utterance 96ca5804-428f-4132-951a-faacb032718c-10145534 avg. like is -89.3607 over 1648 frames.
LOG (gmm-acc-stats-ali[5.5.513~2-b5f4cf]:main():gmm-acc-stats-ali.cc:105) Processed 8900 utterances; for utterance 96ca5804-428f-4132-951a-faacb032718c-13925772 avg. like is -111.014 over 1273 frames.
LOG (gmm-acc-stats-ali[5.5.513~2-b5f4cf]:main():gmm-acc-stats-ali.cc:105) Processed 8950 utterances; for utterance 96ca5804-428f-4132-951a-faacb032718c-20327779 avg. like is -88.5696 over 728 frames.
LOG (gmm-acc-stats-ali[5.5.513~2-b5f4cf]:main():gmm-acc-stats-ali.cc:105) Processed 9000 utterances; for utterance 96ca5804-428f-4132-951a-faacb032718c-28734167 avg. like is -106.777 over 518 frames.
LOG (gmm-acc-stats-ali[5.5.513~2-b5f4cf]:main():gmm-acc-stats-ali.cc:105) Processed 9050 utterances; for utterance 96ca5804-428f-4132-951a-faacb032718c-35235319 avg. like is -88.4013 over 1008 frames.
LOG (gmm-acc-stats-ali[5.5.513~2-b5f4cf]:main():gmm-acc-stats-ali.cc:105) Processed 9100 utterances; for utterance 96ca5804-428f-4132-951a-faacb032718c-50748287 avg. like is -109.888 over 1148 frames.
LOG (gmm-acc-stats-ali[5.5.513~2-b5f4cf]:main():gmm-acc-stats-ali.cc:105) Processed 9150 utterances; for utterance 96ca5804-428f-4132-951a-faacb032718c-6630979 avg. like is -83.1314 over 578 frames.
LOG (gmm-acc-stats-ali[5.5.513~2-b5f4cf]:main():gmm-acc-stats-ali.cc:105) Processed 9200 utterances; for utterance 992828f6-7229-4dbb-911f-82f1c6e52463-11754731 avg. like is -100.172 over 578 frames.
LOG (gmm-acc-stats-ali[5.5.513~2-b5f4cf]:main():gmm-acc-stats-ali.cc:105) Processed 9250 utterances; for utterance 992828f6-7229-4dbb-911f-82f1c6e52463-17355581 avg. like is -100.683 over 878 frames.
LOG (gmm-acc-stats-ali[5.5.513~2-b5f4cf]:main():gmm-acc-stats-ali.cc:105) Processed 9300 utterances; for utterance 992828f6-7229-4dbb-911f-82f1c6e52463-20346241 avg. like is -101.641 over 808 frames.
LOG (gmm-acc-stats-ali[5.5.513~2-b5f4cf]:main():gmm-acc-stats-ali.cc:105) Processed 9350 utterances; for utterance 992828f6-7229-4dbb-911f-82f1c6e52463-23950081 avg. like is -100.633 over 668 frames.
LOG (gmm-acc-stats-ali[5.5.513~2-b5f4cf]:main():gmm-acc-stats-ali.cc:105) Processed 9400 utterances; for utterance 992828f6-7229-4dbb-911f-82f1c6e52463-29144761 avg. like is -102.269 over 548 frames.
LOG (gmm-acc-stats-ali[5.5.513~2-b5f4cf]:main():gmm-acc-stats-ali.cc:105) Processed 9450 utterances; for utterance 992828f6-7229-4dbb-911f-82f1c6e52463-32623616 avg. like is -104.599 over 878 frames.
LOG (gmm-acc-stats-ali[5.5.513~2-b5f4cf]:main():gmm-acc-stats-ali.cc:105) Processed 9500 utterances; for utterance 992828f6-7229-4dbb-911f-82f1c6e52463-3758346 avg. like is -100.185 over 488 frames.
LOG (gmm-acc-stats-ali[5.5.513~2-b5f4cf]:main():gmm-acc-stats-ali.cc:105) Processed 9550 utterances; for utterance 992828f6-7229-4dbb-911f-82f1c6e52463-4640976 avg. like is -102.446 over 878 frames.
LOG (gmm-acc-stats-ali[5.5.513~2-b5f4cf]:main():gmm-acc-stats-ali.cc:105) Processed 9600 utterances; for utterance 992828f6-7229-4dbb-911f-82f1c6e52463-58052106 avg. like is -101.201 over 458 frames.
LOG (gmm-acc-stats-ali[5.5.513~2-b5f4cf]:main():gmm-acc-stats-ali.cc:105) Processed 9650 utterances; for utterance 992828f6-7229-4dbb-911f-82f1c6e52463-64636921 avg. like is -100.053 over 578 frames.
LOG (gmm-acc-stats-ali[5.5.513~2-b5f4cf]:main():gmm-acc-stats-ali.cc:105) Processed 9700 utterances; for utterance 992828f6-7229-4dbb-911f-82f1c6e52463-69764076 avg. like is -101.461 over 418 frames.
LOG (gmm-acc-stats-ali[5.5.513~2-b5f4cf]:main():gmm-acc-stats-ali.cc:105) Processed 9750 utterances; for utterance 992828f6-7229-4dbb-911f-82f1c6e52463-71730126 avg. like is -106.212 over 1348 frames.
LOG (gmm-acc-stats-ali[5.5.513~2-b5f4cf]:main():gmm-acc-stats-ali.cc:105) Processed 9800 utterances; for utterance 992828f6-7229-4dbb-911f-82f1c6e52463-73827546 avg. like is -101.055 over 268 frames.
LOG (gmm-acc-stats-ali[5.5.513~2-b5f4cf]:main():gmm-acc-stats-ali.cc:105) Processed 9850 utterances; for utterance 992828f6-7229-4dbb-911f-82f1c6e52463-76669271 avg. like is -103.198 over 848 frames.
LOG (gmm-acc-stats-ali[5.5.513~2-b5f4cf]:main():gmm-acc-stats-ali.cc:105) Processed 9900 utterances; for utterance 992828f6-7229-4dbb-911f-82f1c6e52463-78862551 avg. like is -95.9206 over 138 frames.
LOG (gmm-acc-stats-ali[5.5.513~2-b5f4cf]:main():gmm-acc-stats-ali.cc:105) Processed 9950 utterances; for utterance 992828f6-7229-4dbb-911f-82f1c6e52463-80068266 avg. like is -95.3766 over 198 frames.
LOG (gmm-acc-stats-ali[5.5.513~2-b5f4cf]:main():gmm-acc-stats-ali.cc:105) Processed 10000 utterances; for utterance 992828f6-7229-4dbb-911f-82f1c6e52463-81726726 avg. like is -96.0837 over 198 frames.
LOG (gmm-acc-stats-ali[5.5.513~2-b5f4cf]:main():gmm-acc-stats-ali.cc:105) Processed 10050 utterances; for utterance 992828f6-7229-4dbb-911f-82f1c6e52463-82657511 avg. like is -95.9858 over 168 frames.
LOG (gmm-acc-stats-ali[5.5.513~2-b5f4cf]:main():gmm-acc-stats-ali.cc:105) Processed 10100 utterances; for utterance 992828f6-7229-4dbb-911f-82f1c6e52463-84528606 avg. like is -96.3279 over 148 frames.
LOG (gmm-acc-stats-ali[5.5.513~2-b5f4cf]:main():gmm-acc-stats-ali.cc:105) Processed 10150 utterances; for utterance 992828f6-7229-4dbb-911f-82f1c6e52463-86313351 avg. like is -96.2722 over 178 frames.
LOG (gmm-acc-stats-ali[5.5.513~2-b5f4cf]:main():gmm-acc-stats-ali.cc:105) Processed 10200 utterances; for utterance 992828f6-7229-4dbb-911f-82f1c6e52463-87337061 avg. like is -94.0887 over 238 frames.
LOG (gmm-acc-stats-ali[5.5.513~2-b5f4cf]:main():gmm-acc-stats-ali.cc:105) Processed 10250 utterances; for utterance 992828f6-7229-4dbb-911f-82f1c6e52463-89046826 avg. like is -100.699 over 228 frames.
LOG (gmm-acc-stats-ali[5.5.513~2-b5f4cf]:main():gmm-acc-stats-ali.cc:105) Processed 10300 utterances; for utterance 992828f6-7229-4dbb-911f-82f1c6e52463-91146081 avg. like is -100.585 over 198 frames.
LOG (gmm-acc-stats-ali[5.5.513~2-b5f4cf]:main():gmm-acc-stats-ali.cc:105) Processed 10350 utterances; for utterance 992828f6-7229-4dbb-911f-82f1c6e52463-92372336 avg. like is -95.3258 over 178 frames.
LOG (gmm-acc-stats-ali[5.5.513~2-b5f4cf]:main():gmm-acc-stats-ali.cc:105) Processed 10400 utterances; for utterance 992828f6-7229-4dbb-911f-82f1c6e52463-93749791 avg. like is -96.1755 over 198 frames.
LOG (gmm-acc-stats-ali[5.5.513~2-b5f4cf]:main():gmm-acc-stats-ali.cc:105) Processed 10450 utterances; for utterance 992828f6-7229-4dbb-911f-82f1c6e52463-95158791 avg. like is -98.0231 over 168 frames.
LOG (gmm-acc-stats-ali[5.5.513~2-b5f4cf]:main():gmm-acc-stats-ali.cc:105) Processed 10500 utterances; for utterance 9a807e71-f30a-4cb5-bbd3-8248ad7dc870-12366141 avg. like is -101.241 over 1018 frames.
LOG (gmm-acc-stats-ali[5.5.513~2-b5f4cf]:main():gmm-acc-stats-ali.cc:105) Processed 10550 utterances; for utterance 9a807e71-f30a-4cb5-bbd3-8248ad7dc870-15833511 avg. like is -100.476 over 708 frames.
LOG (gmm-acc-stats-ali[5.5.513~2-b5f4cf]:main():gmm-acc-stats-ali.cc:105) Processed 10600 utterances; for utterance 9a807e71-f30a-4cb5-bbd3-8248ad7dc870-19160951 avg. like is -100.925 over 798 frames.
LOG (gmm-acc-stats-ali[5.5.513~2-b5f4cf]:main():gmm-acc-stats-ali.cc:105) Processed 10650 utterances; for utterance 9a807e71-f30a-4cb5-bbd3-8248ad7dc870-22867381 avg. like is -102.481 over 1188 frames.
LOG (gmm-acc-stats-ali[5.5.513~2-b5f4cf]:main():gmm-acc-stats-ali.cc:105) Processed 10700 utterances; for utterance 9a807e71-f30a-4cb5-bbd3-8248ad7dc870-27952406 avg. like is -101.026 over 948 frames.
LOG (gmm-acc-stats-ali[5.5.513~2-b5f4cf]:main():gmm-acc-stats-ali.cc:105) Processed 10750 utterances; for utterance 9a807e71-f30a-4cb5-bbd3-8248ad7dc870-33235836 avg. like is -101.976 over 898 frames.
LOG (gmm-acc-stats-ali[5.5.513~2-b5f4cf]:main():gmm-acc-stats-ali.cc:105) Processed 10800 utterances; for utterance 9a807e71-f30a-4cb5-bbd3-8248ad7dc870-419556 avg. like is -101.408 over 1048 frames.
LOG (gmm-acc-stats-ali[5.5.513~2-b5f4cf]:main():gmm-acc-stats-ali.cc:105) Processed 10850 utterances; for utterance 9a807e71-f30a-4cb5-bbd3-8248ad7dc870-46421751 avg. like is -100.039 over 628 frames.
LOG (gmm-acc-stats-ali[5.5.513~2-b5f4cf]:main():gmm-acc-stats-ali.cc:105) Processed 10900 utterances; for utterance 9a807e71-f30a-4cb5-bbd3-8248ad7dc870-5727721 avg. like is -96.2044 over 458 frames.
LOG (gmm-acc-stats-ali[5.5.513~2-b5f4cf]:main():gmm-acc-stats-ali.cc:105) Processed 10950 utterances; for utterance 9a807e71-f30a-4cb5-bbd3-8248ad7dc870-62732966 avg. like is -101.636 over 498 frames.
LOG (gmm-acc-stats-ali[5.5.513~2-b5f4cf]:main():gmm-acc-stats-ali.cc:105) Processed 11000 utterances; for utterance 9a807e71-f30a-4cb5-bbd3-8248ad7dc870-69039516 avg. like is -101.349 over 678 frames.
LOG (gmm-acc-stats-ali[5.5.513~2-b5f4cf]:main():gmm-acc-stats-ali.cc:105) Processed 11050 utterances; for utterance 9a807e71-f30a-4cb5-bbd3-8248ad7dc870-72349891 avg. like is -102.526 over 628 frames.
LOG (gmm-acc-stats-ali[5.5.513~2-b5f4cf]:main():gmm-acc-stats-ali.cc:105) Processed 11100 utterances; for utterance 9a807e71-f30a-4cb5-bbd3-8248ad7dc870-76146866 avg. like is -101.862 over 258 frames.
LOG (gmm-acc-stats-ali[5.5.513~2-b5f4cf]:main():gmm-acc-stats-ali.cc:105) Processed 11150 utterances; for utterance 9a807e71-f30a-4cb5-bbd3-8248ad7dc870-79174166 avg. like is -99.5034 over 248 frames.
LOG (gmm-acc-stats-ali[5.5.513~2-b5f4cf]:main():gmm-acc-stats-ali.cc:105) Processed 11200 utterances; for utterance 9a807e71-f30a-4cb5-bbd3-8248ad7dc870-80854666 avg. like is -97.2879 over 218 frames.
LOG (gmm-acc-stats-ali[5.5.513~2-b5f4cf]:main():gmm-acc-stats-ali.cc:105) Processed 11250 utterances; for utterance 9a807e71-f30a-4cb5-bbd3-8248ad7dc870-83336491 avg. like is -93.7626 over 208 frames.
LOG (gmm-acc-stats-ali[5.5.513~2-b5f4cf]:main():gmm-acc-stats-ali.cc:105) Processed 11300 utterances; for utterance 9a807e71-f30a-4cb5-bbd3-8248ad7dc870-84116931 avg. like is -96.1566 over 248 frames.
LOG (gmm-acc-stats-ali[5.5.513~2-b5f4cf]:main():gmm-acc-stats-ali.cc:105) Processed 11350 utterances; for utterance 9a807e71-f30a-4cb5-bbd3-8248ad7dc870-86240306 avg. like is -101.135 over 228 frames.
LOG (gmm-acc-stats-ali[5.5.513~2-b5f4cf]:main():gmm-acc-stats-ali.cc:105) Processed 11400 utterances; for utterance 9a807e71-f30a-4cb5-bbd3-8248ad7dc870-87519416 avg. like is -92.7712 over 278 frames.
LOG (gmm-acc-stats-ali[5.5.513~2-b5f4cf]:main():gmm-acc-stats-ali.cc:105) Processed 11450 utterances; for utterance 9a807e71-f30a-4cb5-bbd3-8248ad7dc870-89021731 avg. like is -93.1259 over 348 frames.
LOG (gmm-acc-stats-ali[5.5.513~2-b5f4cf]:main():gmm-acc-stats-ali.cc:105) Processed 11500 utterances; for utterance 9a807e71-f30a-4cb5-bbd3-8248ad7dc870-90471731 avg. like is -96.8306 over 208 frames.
LOG (gmm-acc-stats-ali[5.5.513~2-b5f4cf]:main():gmm-acc-stats-ali.cc:105) Processed 11550 utterances; for utterance 9a807e71-f30a-4cb5-bbd3-8248ad7dc870-91332926 avg. like is -94.2866 over 228 frames.
LOG (gmm-acc-stats-ali[5.5.513~2-b5f4cf]:main():gmm-acc-stats-ali.cc:105) Processed 11600 utterances; for utterance 9a807e71-f30a-4cb5-bbd3-8248ad7dc870-92828646 avg. like is -94.8923 over 218 frames.
LOG (gmm-acc-stats-ali[5.5.513~2-b5f4cf]:main():gmm-acc-stats-ali.cc:105) Processed 11650 utterances; for utterance 9a807e71-f30a-4cb5-bbd3-8248ad7dc870-94666416 avg. like is -98.5607 over 248 frames.
LOG (gmm-acc-stats-ali[5.5.513~2-b5f4cf]:main():gmm-acc-stats-ali.cc:105) Processed 11700 utterances; for utterance a1a42ad4-9024-40f2-b898-78b1ac732492-10735681 avg. like is -97.0862 over 578 frames.
LOG (gmm-acc-stats-ali[5.5.513~2-b5f4cf]:main():gmm-acc-stats-ali.cc:105) Processed 11750 utterances; for utterance a1a42ad4-9024-40f2-b898-78b1ac732492-131131 avg. like is -99.5784 over 698 frames.
LOG (gmm-acc-stats-ali[5.5.513~2-b5f4cf]:main():gmm-acc-stats-ali.cc:105) Processed 11800 utterances; for utterance a1a42ad4-9024-40f2-b898-78b1ac732492-20967371 avg. like is -100.669 over 698 frames.
LOG (gmm-acc-stats-ali[5.5.513~2-b5f4cf]:main():gmm-acc-stats-ali.cc:105) Processed 11850 utterances; for utterance a1a42ad4-9024-40f2-b898-78b1ac732492-33312726 avg. like is -106.802 over 1268 frames.
LOG (gmm-acc-stats-ali[5.5.513~2-b5f4cf]:main():gmm-acc-stats-ali.cc:105) Processed 11900 utterances; for utterance a1a42ad4-9024-40f2-b898-78b1ac732492-43661941 avg. like is -99.507 over 738 frames.
LOG (gmm-acc-stats-ali[5.5.513~2-b5f4cf]:main():gmm-acc-stats-ali.cc:105) Processed 11950 utterances; for utterance a1a42ad4-9024-40f2-b898-78b1ac732492-5720726 avg. like is -97.6754 over 528 frames.
LOG (gmm-acc-stats-ali[5.5.513~2-b5f4cf]:main():gmm-acc-stats-ali.cc:105) Processed 12000 utterances; for utterance a1a42ad4-9024-40f2-b898-78b1ac732492-72215186 avg. like is -102.059 over 1168 frames.
LOG (gmm-acc-stats-ali[5.5.513~2-b5f4cf]:main():gmm-acc-stats-ali.cc:105) Processed 12050 utterances; for utterance a1a42ad4-9024-40f2-b898-78b1ac732492-74934416 avg. like is -102.434 over 1898 frames.
WARNING (gmm-acc-stats-ali[5.5.513~2-b5f4cf]:main():gmm-acc-stats-ali.cc:79) No alignment for utterance a225030a-046e-4590-af91-635ba303fc32-14114019
LOG (gmm-acc-stats-ali[5.5.513~2-b5f4cf]:main():gmm-acc-stats-ali.cc:105) Processed 12100 utterances; for utterance a225030a-046e-4590-af91-635ba303fc32-19353312 avg. like is -106.617 over 1528 frames.
WARNING (gmm-acc-stats-ali[5.5.513~2-b5f4cf]:main():gmm-acc-stats-ali.cc:79) No alignment for utterance a225030a-046e-4590-af91-635ba303fc32-241844
LOG (gmm-acc-stats-ali[5.5.513~2-b5f4cf]:main():gmm-acc-stats-ali.cc:105) Processed 12150 utterances; for utterance a225030a-046e-4590-af91-635ba303fc32-39623783 avg. like is -96.4284 over 3388 frames.
LOG (gmm-acc-stats-ali[5.5.513~2-b5f4cf]:main():gmm-acc-stats-ali.cc:105) Processed 12200 utterances; for utterance a225030a-046e-4590-af91-635ba303fc32-5717423 avg. like is -93.181 over 568 frames.
LOG (gmm-acc-stats-ali[5.5.513~2-b5f4cf]:main():gmm-acc-stats-ali.cc:105) Processed 12250 utterances; for utterance a225030a-046e-4590-af91-635ba303fc32-73433453 avg. like is -94.001 over 728 frames.
WARNING (gmm-acc-stats-ali[5.5.513~2-b5f4cf]:main():gmm-acc-stats-ali.cc:79) No alignment for utterance a225030a-046e-4590-af91-635ba303fc32-74251899
WARNING (gmm-acc-stats-ali[5.5.513~2-b5f4cf]:main():gmm-acc-stats-ali.cc:79) No alignment for utterance a225030a-046e-4590-af91-635ba303fc32-78060694
LOG (gmm-acc-stats-ali[5.5.513~2-b5f4cf]:main():gmm-acc-stats-ali.cc:105) Processed 12300 utterances; for utterance a225030a-046e-4590-af91-635ba303fc32-80727260 avg. like is -84.2121 over 208 frames.
LOG (gmm-acc-stats-ali[5.5.513~2-b5f4cf]:main():gmm-acc-stats-ali.cc:105) Processed 12350 utterances; for utterance a225030a-046e-4590-af91-635ba303fc32-84745415 avg. like is -88.404 over 448 frames.
LOG (gmm-acc-stats-ali[5.5.513~2-b5f4cf]:main():gmm-acc-stats-ali.cc:105) Processed 12400 utterances; for utterance a225030a-046e-4590-af91-635ba303fc32-89537190 avg. like is -87.9993 over 228 frames.
LOG (gmm-acc-stats-ali[5.5.513~2-b5f4cf]:main():gmm-acc-stats-ali.cc:105) Processed 12450 utterances; for utterance a225030a-046e-4590-af91-635ba303fc32-94664250 avg. like is -89.6439 over 368 frames.
LOG (gmm-acc-stats-ali[5.5.513~2-b5f4cf]:main():gmm-acc-stats-ali.cc:105) Processed 12500 utterances; for utterance a35625c5-fb07-40f9-9e6a-d7f256694159-123355 avg. like is -94.9458 over 588 frames.
LOG (gmm-acc-stats-ali[5.5.513~2-b5f4cf]:main():gmm-acc-stats-ali.cc:105) Processed 12550 utterances; for utterance a35625c5-fb07-40f9-9e6a-d7f256694159-27842780 avg. like is -96.799 over 708 frames.
LOG (gmm-acc-stats-ali[5.5.513~2-b5f4cf]:main():gmm-acc-stats-ali.cc:105) Processed 12600 utterances; for utterance a35625c5-fb07-40f9-9e6a-d7f256694159-40044370 avg. like is -95.303 over 708 frames.
LOG (gmm-acc-stats-ali[5.5.513~2-b5f4cf]:main():gmm-acc-stats-ali.cc:105) Processed 12650 utterances; for utterance a35625c5-fb07-40f9-9e6a-d7f256694159-56344105 avg. like is -98.9146 over 1388 frames.
LOG (gmm-acc-stats-ali[5.5.513~2-b5f4cf]:main():gmm-acc-stats-ali.cc:105) Processed 12700 utterances; for utterance a35625c5-fb07-40f9-9e6a-d7f256694159-67640725 avg. like is -97.8963 over 1658 frames.
LOG (gmm-acc-stats-ali[5.5.513~2-b5f4cf]:main():gmm-acc-stats-ali.cc:105) Processed 12750 utterances; for utterance a35625c5-fb07-40f9-9e6a-d7f256694159-71332700 avg. like is -93.9826 over 378 frames.
LOG (gmm-acc-stats-ali[5.5.513~2-b5f4cf]:main():gmm-acc-stats-ali.cc:105) Processed 12800 utterances; for utterance a35625c5-fb07-40f9-9e6a-d7f256694159-75232195 avg. like is -92.3685 over 208 frames.
LOG (gmm-acc-stats-ali[5.5.513~2-b5f4cf]:main():gmm-acc-stats-ali.cc:105) Processed 12850 utterances; for utterance a35625c5-fb07-40f9-9e6a-d7f256694159-79060855 avg. like is -89.0716 over 188 frames.
LOG (gmm-acc-stats-ali[5.5.513~2-b5f4cf]:main():gmm-acc-stats-ali.cc:105) Processed 12900 utterances; for utterance a35625c5-fb07-40f9-9e6a-d7f256694159-79726530 avg. like is -88.8374 over 138 frames.
LOG (gmm-acc-stats-ali[5.5.513~2-b5f4cf]:main():gmm-acc-stats-ali.cc:105) Processed 12950 utterances; for utterance a35625c5-fb07-40f9-9e6a-d7f256694159-80348960 avg. like is -89.1562 over 188 frames.
LOG (gmm-acc-stats-ali[5.5.513~2-b5f4cf]:main():gmm-acc-stats-ali.cc:105) Processed 13000 utterances; for utterance a35625c5-fb07-40f9-9e6a-d7f256694159-81217265 avg. like is -90.4235 over 238 frames.
LOG (gmm-acc-stats-ali[5.5.513~2-b5f4cf]:main():gmm-acc-stats-ali.cc:105) Processed 13050 utterances; for utterance a35625c5-fb07-40f9-9e6a-d7f256694159-82171980 avg. like is -94.0735 over 218 frames.
LOG (gmm-acc-stats-ali[5.5.513~2-b5f4cf]:main():gmm-acc-stats-ali.cc:105) Processed 13100 utterances; for utterance a35abe69-00a7-4814-83cf-39f77c77145d-24343716 avg. like is -94.2654 over 1578 frames.
LOG (gmm-acc-stats-ali[5.5.513~2-b5f4cf]:main():gmm-acc-stats-ali.cc:105) Processed 13150 utterances; for utterance a4df85a8-626d-41c3-8ea1-35d2986dce18-11546568 avg. like is -88.2766 over 1518 frames.
LOG (gmm-acc-stats-ali[5.5.513~2-b5f4cf]:main():gmm-acc-stats-ali.cc:105) Processed 13200 utterances; for utterance a4df85a8-626d-41c3-8ea1-35d2986dce18-27132231 avg. like is -91.5929 over 798 frames.
LOG (gmm-acc-stats-ali[5.5.513~2-b5f4cf]:main():gmm-acc-stats-ali.cc:105) Processed 13250 utterances; for utterance a4df85a8-626d-41c3-8ea1-35d2986dce18-4914008 avg. like is -87.2043 over 1448 frames.
LOG (gmm-acc-stats-ali[5.5.513~2-b5f4cf]:main():gmm-acc-stats-ali.cc:105) Processed 13300 utterances; for utterance a6234f50-630c-4b7b-9c02-5bf05c21dd2d-10441754 avg. like is -85.9629 over 578 frames.
LOG (gmm-acc-stats-ali[5.5.513~2-b5f4cf]:main():gmm-acc-stats-ali.cc:105) Processed 13350 utterances; for utterance a6234f50-630c-4b7b-9c02-5bf05c21dd2d-18316019 avg. like is -86.3233 over 1188 frames.
LOG (gmm-acc-stats-ali[5.5.513~2-b5f4cf]:main():gmm-acc-stats-ali.cc:105) Processed 13400 utterances; for utterance a6234f50-630c-4b7b-9c02-5bf05c21dd2d-27154334 avg. like is -85.1553 over 458 frames.
LOG (gmm-acc-stats-ali[5.5.513~2-b5f4cf]:main():gmm-acc-stats-ali.cc:105) Processed 13450 utterances; for utterance a6234f50-630c-4b7b-9c02-5bf05c21dd2d-33518964 avg. like is -86.958 over 728 frames.
LOG (gmm-acc-stats-ali[5.5.513~2-b5f4cf]:main():gmm-acc-stats-ali.cc:105) Processed 13500 utterances; for utterance a6234f50-630c-4b7b-9c02-5bf05c21dd2d-4652294 avg. like is -86.6729 over 888 frames.
LOG (gmm-acc-stats-ali[5.5.513~2-b5f4cf]:main():gmm-acc-stats-ali.cc:105) Processed 13550 utterances; for utterance a6234f50-630c-4b7b-9c02-5bf05c21dd2d-58570939 avg. like is -86.426 over 328 frames.
LOG (gmm-acc-stats-ali[5.5.513~2-b5f4cf]:main():gmm-acc-stats-ali.cc:105) Processed 13600 utterances; for utterance a6234f50-630c-4b7b-9c02-5bf05c21dd2d-67531304 avg. like is -86.3364 over 748 frames.
LOG (gmm-acc-stats-ali[5.5.513~2-b5f4cf]:main():gmm-acc-stats-ali.cc:105) Processed 13650 utterances; for utterance a6234f50-630c-4b7b-9c02-5bf05c21dd2d-72327414 avg. like is -85.679 over 598 frames.
LOG (gmm-acc-stats-ali[5.5.513~2-b5f4cf]:main():gmm-acc-stats-ali.cc:105) Processed 13700 utterances; for utterance a84cf823-7cbf-4cbe-b642-95873519dab9-10144689 avg. like is -88.113 over 1958 frames.
LOG (gmm-acc-stats-ali[5.5.513~2-b5f4cf]:main():gmm-acc-stats-ali.cc:105) Processed 13750 utterances; for utterance a84cf823-7cbf-4cbe-b642-95873519dab9-15829189 avg. like is -86.7209 over 658 frames.
LOG (gmm-acc-stats-ali[5.5.513~2-b5f4cf]:main():gmm-acc-stats-ali.cc:105) Processed 13800 utterances; for utterance a84cf823-7cbf-4cbe-b642-95873519dab9-20555629 avg. like is -84.9356 over 618 frames.
LOG (gmm-acc-stats-ali[5.5.513~2-b5f4cf]:main():gmm-acc-stats-ali.cc:105) Processed 13850 utterances; for utterance a84cf823-7cbf-4cbe-b642-95873519dab9-26972784 avg. like is -87.4973 over 2008 frames.
LOG (gmm-acc-stats-ali[5.5.513~2-b5f4cf]:main():gmm-acc-stats-ali.cc:105) Processed 13900 utterances; for utterance a84cf823-7cbf-4cbe-b642-95873519dab9-30144834 avg. like is -87.4029 over 868 frames.
LOG (gmm-acc-stats-ali[5.5.513~2-b5f4cf]:main():gmm-acc-stats-ali.cc:105) Processed 13950 utterances; for utterance a84cf823-7cbf-4cbe-b642-95873519dab9-37022939 avg. like is -86.5809 over 538 frames.
LOG (gmm-acc-stats-ali[5.5.513~2-b5f4cf]:main():gmm-acc-stats-ali.cc:105) Processed 14000 utterances; for utterance a84cf823-7cbf-4cbe-b642-95873519dab9-55240759 avg. like is -88.1227 over 1438 frames.
LOG (gmm-acc-stats-ali[5.5.513~2-b5f4cf]:main():gmm-acc-stats-ali.cc:105) Processed 14050 utterances; for utterance a84cf823-7cbf-4cbe-b642-95873519dab9-66452944 avg. like is -87.0223 over 908 frames.
LOG (gmm-acc-stats-ali[5.5.513~2-b5f4cf]:main():gmm-acc-stats-ali.cc:105) Processed 14100 utterances; for utterance a84cf823-7cbf-4cbe-b642-95873519dab9-72717544 avg. like is -86.6852 over 478 frames.
LOG (gmm-acc-stats-ali[5.5.513~2-b5f4cf]:main():gmm-acc-stats-ali.cc:105) Processed 14150 utterances; for utterance a84cf823-7cbf-4cbe-b642-95873519dab9-916169 avg. like is -88.6595 over 1328 frames.
LOG (gmm-acc-stats-ali[5.5.513~2-b5f4cf]:main():gmm-acc-stats-ali.cc:105) Processed 14200 utterances; for utterance aaa6d0da-7601-4dd0-bea6-fdf0a2349e11-16272709 avg. like is -86.7677 over 708 frames.
LOG (gmm-acc-stats-ali[5.5.513~2-b5f4cf]:main():gmm-acc-stats-ali.cc:105) Processed 14250 utterances; for utterance aaa6d0da-7601-4dd0-bea6-fdf0a2349e11-22044789 avg. like is -87.332 over 1408 frames.
LOG (gmm-acc-stats-ali[5.5.513~2-b5f4cf]:main():gmm-acc-stats-ali.cc:105) Processed 14300 utterances; for utterance aaa6d0da-7601-4dd0-bea6-fdf0a2349e11-32758614 avg. like is -82.0879 over 1118 frames.
LOG (gmm-acc-stats-ali[5.5.513~2-b5f4cf]:main():gmm-acc-stats-ali.cc:105) Processed 14350 utterances; for utterance aaa6d0da-7601-4dd0-bea6-fdf0a2349e11-452669 avg. like is -81.5043 over 1948 frames.
LOG (gmm-acc-stats-ali[5.5.513~2-b5f4cf]:main():gmm-acc-stats-ali.cc:105) Processed 14400 utterances; for utterance aaa6d0da-7601-4dd0-bea6-fdf0a2349e11-5542394 avg. like is -85.1818 over 1658 frames.
LOG (gmm-acc-stats-ali[5.5.513~2-b5f4cf]:main():gmm-acc-stats-ali.cc:105) Processed 14450 utterances; for utterance aaa6d0da-7601-4dd0-bea6-fdf0a2349e11-6418034 avg. like is -81.8785 over 538 frames.
LOG (gmm-acc-stats-ali[5.5.513~2-b5f4cf]:main():gmm-acc-stats-ali.cc:105) Processed 14500 utterances; for utterance ac9d62f8-179a-473c-b321-7ba6b071947c-11625609 avg. like is -85.9741 over 448 frames.
LOG (gmm-acc-stats-ali[5.5.513~2-b5f4cf]:main():gmm-acc-stats-ali.cc:105) Processed 14550 utterances; for utterance ac9d62f8-179a-473c-b321-7ba6b071947c-15930504 avg. like is -87.5407 over 1128 frames.
LOG (gmm-acc-stats-ali[5.5.513~2-b5f4cf]:main():gmm-acc-stats-ali.cc:105) Processed 14600 utterances; for utterance ac9d62f8-179a-473c-b321-7ba6b071947c-20362679 avg. like is -87.4042 over 888 frames.
LOG (gmm-acc-stats-ali[5.5.513~2-b5f4cf]:main():gmm-acc-stats-ali.cc:105) Processed 14650 utterances; for utterance ac9d62f8-179a-473c-b321-7ba6b071947c-270199 avg. like is -88.058 over 758 frames.
LOG (gmm-acc-stats-ali[5.5.513~2-b5f4cf]:main():gmm-acc-stats-ali.cc:105) Processed 14700 utterances; for utterance ac9d62f8-179a-473c-b321-7ba6b071947c-31326924 avg. like is -87.5311 over 438 frames.
WARNING (gmm-acc-stats-ali[5.5.513~2-b5f4cf]:main():gmm-acc-stats-ali.cc:79) No alignment for utterance ac9d62f8-179a-473c-b321-7ba6b071947c-32269084
LOG (gmm-acc-stats-ali[5.5.513~2-b5f4cf]:main():gmm-acc-stats-ali.cc:105) Processed 14750 utterances; for utterance ac9d62f8-179a-473c-b321-7ba6b071947c-35022785 avg. like is -97.57 over 788 frames.
LOG (gmm-acc-stats-ali[5.5.513~2-b5f4cf]:main():gmm-acc-stats-ali.cc:105) Processed 14800 utterances; for utterance ac9d62f8-179a-473c-b321-7ba6b071947c-43640185 avg. like is -97.9788 over 548 frames.
LOG (gmm-acc-stats-ali[5.5.513~2-b5f4cf]:main():gmm-acc-stats-ali.cc:105) Processed 14850 utterances; for utterance ac9d62f8-179a-473c-b321-7ba6b071947c-4742280 avg. like is -97.5689 over 778 frames.
LOG (gmm-acc-stats-ali[5.5.513~2-b5f4cf]:main():gmm-acc-stats-ali.cc:105) Processed 14900 utterances; for utterance ac9d62f8-179a-473c-b321-7ba6b071947c-53747265 avg. like is -97.3412 over 1108 frames.
WARNING (gmm-acc-stats-ali[5.5.513~2-b5f4cf]:main():gmm-acc-stats-ali.cc:79) No alignment for utterance ac9d62f8-179a-473c-b321-7ba6b071947c-60410387
WARNING (gmm-acc-stats-ali[5.5.513~2-b5f4cf]:main():gmm-acc-stats-ali.cc:79) No alignment for utterance ac9d62f8-179a-473c-b321-7ba6b071947c-60410389
LOG (gmm-acc-stats-ali[5.5.513~2-b5f4cf]:main():gmm-acc-stats-ali.cc:105) Processed 14950 utterances; for utterance ac9d62f8-179a-473c-b321-7ba6b071947c-617962 avg. like is -107.928 over 788 frames.
LOG (gmm-acc-stats-ali[5.5.513~2-b5f4cf]:main():gmm-acc-stats-ali.cc:105) Processed 15000 utterances; for utterance ac9d62f8-179a-473c-b321-7ba6b071947c-68153347 avg. like is -108.226 over 1178 frames.
LOG (gmm-acc-stats-ali[5.5.513~2-b5f4cf]:main():gmm-acc-stats-ali.cc:105) Processed 15050 utterances; for utterance ac9d62f8-179a-473c-b321-7ba6b071947c-70150302 avg. like is -107.907 over 743 frames.
LOG (gmm-acc-stats-ali[5.5.513~2-b5f4cf]:main():gmm-acc-stats-ali.cc:105) Processed 15100 utterances; for utterance ac9d62f8-179a-473c-b321-7ba6b071947c-72338757 avg. like is -108.32 over 608 frames.
LOG (gmm-acc-stats-ali[5.5.513~2-b5f4cf]:main():gmm-acc-stats-ali.cc:105) Processed 15150 utterances; for utterance ac9d62f8-179a-473c-b321-7ba6b071947c-75115012 avg. like is -106.594 over 268 frames.
LOG (gmm-acc-stats-ali[5.5.513~2-b5f4cf]:main():gmm-acc-stats-ali.cc:105) Processed 15200 utterances; for utterance ac9d62f8-179a-473c-b321-7ba6b071947c-78624397 avg. like is -105.658 over 238 frames.
LOG (gmm-acc-stats-ali[5.5.513~2-b5f4cf]:main():gmm-acc-stats-ali.cc:105) Processed 15250 utterances; for utterance ac9d62f8-179a-473c-b321-7ba6b071947c-79946537 avg. like is -103.191 over 218 frames.
LOG (gmm-acc-stats-ali[5.5.513~2-b5f4cf]:main():gmm-acc-stats-ali.cc:105) Processed 15300 utterances; for utterance ac9d62f8-179a-473c-b321-7ba6b071947c-81714122 avg. like is -100.128 over 228 frames.
LOG (gmm-acc-stats-ali[5.5.513~2-b5f4cf]:main():gmm-acc-stats-ali.cc:105) Processed 15350 utterances; for utterance ac9d62f8-179a-473c-b321-7ba6b071947c-83215192 avg. like is -104.933 over 268 frames.
LOG (gmm-acc-stats-ali[5.5.513~2-b5f4cf]:main():gmm-acc-stats-ali.cc:105) Processed 15400 utterances; for utterance ac9d62f8-179a-473c-b321-7ba6b071947c-83913067 avg. like is -105.456 over 243 frames.
LOG (gmm-acc-stats-ali[5.5.513~2-b5f4cf]:main():gmm-acc-stats-ali.cc:105) Processed 15450 utterances; for utterance ac9d62f8-179a-473c-b321-7ba6b071947c-84967082 avg. like is -104.008 over 233 frames.
LOG (gmm-acc-stats-ali[5.5.513~2-b5f4cf]:main():gmm-acc-stats-ali.cc:105) Processed 15500 utterances; for utterance ac9d62f8-179a-473c-b321-7ba6b071947c-8720952 avg. like is -106.766 over 943 frames.
LOG (gmm-acc-stats-ali[5.5.513~2-b5f4cf]:main():gmm-acc-stats-ali.cc:105) Processed 15550 utterances; for utterance ac9d62f8-179a-473c-b321-7ba6b071947c-88530472 avg. like is -105.516 over 263 frames.
WARNING (gmm-acc-stats-ali[5.5.513~2-b5f4cf]:main():gmm-acc-stats-ali.cc:79) No alignment for utterance ac9d62f8-179a-473c-b321-7ba6b071947c-8915939
LOG (gmm-acc-stats-ali[5.5.513~2-b5f4cf]:main():gmm-acc-stats-ali.cc:105) Processed 15600 utterances; for utterance ac9d62f8-179a-473c-b321-7ba6b071947c-90011048 avg. like is -93.0312 over 248 frames.
LOG (gmm-acc-stats-ali[5.5.513~2-b5f4cf]:main():gmm-acc-stats-ali.cc:105) Processed 15650 utterances; for utterance ac9d62f8-179a-473c-b321-7ba6b071947c-91431118 avg. like is -95.7967 over 188 frames.
LOG (gmm-acc-stats-ali[5.5.513~2-b5f4cf]:main():gmm-acc-stats-ali.cc:105) Processed 15700 utterances; for utterance ac9d62f8-179a-473c-b321-7ba6b071947c-93341138 avg. like is -90.1083 over 198 frames.
LOG (gmm-acc-stats-ali[5.5.513~2-b5f4cf]:main():gmm-acc-stats-ali.cc:105) Processed 15750 utterances; for utterance ac9d62f8-179a-473c-b321-7ba6b071947c-9825308 avg. like is -98.0439 over 1028 frames.
LOG (apply-cmvn[5.5.513~2-b5f4cf]:main():apply-cmvn.cc:162) Applied cepstral mean normalization to 15864 utterances, errors on 0
LOG (gmm-acc-stats-ali[5.5.513~2-b5f4cf]:main():gmm-acc-stats-ali.cc:112) Done 15752 files, 112 with errors.
LOG (gmm-acc-stats-ali[5.5.513~2-b5f4cf]:main():gmm-acc-stats-ali.cc:115) Overall avg like per frame (Gaussian only) = -97.548 over 12147378 frames.
LOG (gmm-acc-stats-ali[5.5.513~2-b5f4cf]:main():gmm-acc-stats-ali.cc:123) Written accs.
# Accounting: time=40 threads=1
# Ended (code 0) at Tue Jan 14 23:17:58 CET 2020, elapsed time 40 seconds
