# gmm-acc-stats-ali exp/mono/38.mdl "ark,s,cs:apply-cmvn  --utt2spk=ark:data/train/split4/2/utt2spk scp:data/train/split4/2/cmvn.scp scp:data/train/split4/2/feats.scp ark:- | add-deltas  ark:- ark:- |" "ark:gunzip -c exp/mono/ali.2.gz|" exp/mono/38.2.acc 
# Started at Wed Jan 15 00:06:22 CET 2020
#
gmm-acc-stats-ali exp/mono/38.mdl 'ark,s,cs:apply-cmvn  --utt2spk=ark:data/train/split4/2/utt2spk scp:data/train/split4/2/cmvn.scp scp:data/train/split4/2/feats.scp ark:- | add-deltas  ark:- ark:- |' 'ark:gunzip -c exp/mono/ali.2.gz|' exp/mono/38.2.acc 
apply-cmvn --utt2spk=ark:data/train/split4/2/utt2spk scp:data/train/split4/2/cmvn.scp scp:data/train/split4/2/feats.scp ark:- 
add-deltas ark:- ark:- 
LOG (gmm-acc-stats-ali[5.5.513~2-b5f4cf]:main():gmm-acc-stats-ali.cc:105) Processed 50 utterances; for utterance 3785d9b0-d77e-48d5-97be-6f29964a3c22-12132875 avg. like is -96.7924 over 1168 frames.
LOG (gmm-acc-stats-ali[5.5.513~2-b5f4cf]:main():gmm-acc-stats-ali.cc:105) Processed 100 utterances; for utterance 3785d9b0-d77e-48d5-97be-6f29964a3c22-17370510 avg. like is -95.0145 over 968 frames.
LOG (gmm-acc-stats-ali[5.5.513~2-b5f4cf]:main():gmm-acc-stats-ali.cc:105) Processed 150 utterances; for utterance 3785d9b0-d77e-48d5-97be-6f29964a3c22-20228790 avg. like is -98.9196 over 278 frames.
LOG (gmm-acc-stats-ali[5.5.513~2-b5f4cf]:main():gmm-acc-stats-ali.cc:105) Processed 200 utterances; for utterance 3785d9b0-d77e-48d5-97be-6f29964a3c22-27371675 avg. like is -97.8902 over 978 frames.
LOG (gmm-acc-stats-ali[5.5.513~2-b5f4cf]:main():gmm-acc-stats-ali.cc:105) Processed 250 utterances; for utterance 3785d9b0-d77e-48d5-97be-6f29964a3c22-29213035 avg. like is -98.7801 over 1298 frames.
LOG (gmm-acc-stats-ali[5.5.513~2-b5f4cf]:main():gmm-acc-stats-ali.cc:105) Processed 300 utterances; for utterance 3785d9b0-d77e-48d5-97be-6f29964a3c22-35368890 avg. like is -95.6393 over 1238 frames.
LOG (gmm-acc-stats-ali[5.5.513~2-b5f4cf]:main():gmm-acc-stats-ali.cc:105) Processed 350 utterances; for utterance 3785d9b0-d77e-48d5-97be-6f29964a3c22-43639765 avg. like is -97.9558 over 588 frames.
LOG (gmm-acc-stats-ali[5.5.513~2-b5f4cf]:main():gmm-acc-stats-ali.cc:105) Processed 400 utterances; for utterance 3785d9b0-d77e-48d5-97be-6f29964a3c22-5065090 avg. like is -98.1588 over 828 frames.
LOG (gmm-acc-stats-ali[5.5.513~2-b5f4cf]:main():gmm-acc-stats-ali.cc:105) Processed 450 utterances; for utterance 3785d9b0-d77e-48d5-97be-6f29964a3c22-61073685 avg. like is -99.4478 over 2348 frames.
LOG (gmm-acc-stats-ali[5.5.513~2-b5f4cf]:main():gmm-acc-stats-ali.cc:105) Processed 500 utterances; for utterance 3785d9b0-d77e-48d5-97be-6f29964a3c22-69351765 avg. like is -98.2438 over 1558 frames.
LOG (gmm-acc-stats-ali[5.5.513~2-b5f4cf]:main():gmm-acc-stats-ali.cc:105) Processed 550 utterances; for utterance 3c1f9078-352a-4146-870c-3262b0f6d54f-12559625 avg. like is -94.1709 over 358 frames.
LOG (gmm-acc-stats-ali[5.5.513~2-b5f4cf]:main():gmm-acc-stats-ali.cc:105) Processed 600 utterances; for utterance 3c1f9078-352a-4146-870c-3262b0f6d54f-19333245 avg. like is -94.8847 over 948 frames.
LOG (gmm-acc-stats-ali[5.5.513~2-b5f4cf]:main():gmm-acc-stats-ali.cc:105) Processed 650 utterances; for utterance 3c1f9078-352a-4146-870c-3262b0f6d54f-27919405 avg. like is -96.061 over 818 frames.
LOG (gmm-acc-stats-ali[5.5.513~2-b5f4cf]:main():gmm-acc-stats-ali.cc:105) Processed 700 utterances; for utterance 3c1f9078-352a-4146-870c-3262b0f6d54f-39944865 avg. like is -95.9654 over 1628 frames.
LOG (gmm-acc-stats-ali[5.5.513~2-b5f4cf]:main():gmm-acc-stats-ali.cc:105) Processed 750 utterances; for utterance 3c1f9078-352a-4146-870c-3262b0f6d54f-511235 avg. like is -95.6097 over 1058 frames.
LOG (gmm-acc-stats-ali[5.5.513~2-b5f4cf]:main():gmm-acc-stats-ali.cc:105) Processed 800 utterances; for utterance 3c1f9078-352a-4146-870c-3262b0f6d54f-58124355 avg. like is -97.7793 over 2228 frames.
LOG (gmm-acc-stats-ali[5.5.513~2-b5f4cf]:main():gmm-acc-stats-ali.cc:105) Processed 850 utterances; for utterance 3c1f9078-352a-4146-870c-3262b0f6d54f-69422060 avg. like is -97.8983 over 1178 frames.
LOG (gmm-acc-stats-ali[5.5.513~2-b5f4cf]:main():gmm-acc-stats-ali.cc:105) Processed 900 utterances; for utterance 3c1f9078-352a-4146-870c-3262b0f6d54f-75340215 avg. like is -95.1479 over 808 frames.
LOG (gmm-acc-stats-ali[5.5.513~2-b5f4cf]:main():gmm-acc-stats-ali.cc:105) Processed 950 utterances; for utterance 3d5fb47e-44bf-4f74-abb6-eb2151e487e9-18830766 avg. like is -98.925 over 1098 frames.
LOG (gmm-acc-stats-ali[5.5.513~2-b5f4cf]:main():gmm-acc-stats-ali.cc:105) Processed 1000 utterances; for utterance 3d5fb47e-44bf-4f74-abb6-eb2151e487e9-26811833 avg. like is -94.8604 over 1038 frames.
LOG (gmm-acc-stats-ali[5.5.513~2-b5f4cf]:main():gmm-acc-stats-ali.cc:105) Processed 1050 utterances; for utterance 3d5fb47e-44bf-4f74-abb6-eb2151e487e9-6342261 avg. like is -100.354 over 588 frames.
WARNING (gmm-acc-stats-ali[5.5.513~2-b5f4cf]:main():gmm-acc-stats-ali.cc:79) No alignment for utterance 3e61c710-f035-4dbd-8d03-aa796c1ce8c6-10260349
WARNING (gmm-acc-stats-ali[5.5.513~2-b5f4cf]:main():gmm-acc-stats-ali.cc:79) No alignment for utterance 3e61c710-f035-4dbd-8d03-aa796c1ce8c6-10717199
WARNING (gmm-acc-stats-ali[5.5.513~2-b5f4cf]:main():gmm-acc-stats-ali.cc:79) No alignment for utterance 3e61c710-f035-4dbd-8d03-aa796c1ce8c6-11341659
WARNING (gmm-acc-stats-ali[5.5.513~2-b5f4cf]:main():gmm-acc-stats-ali.cc:79) No alignment for utterance 3e61c710-f035-4dbd-8d03-aa796c1ce8c6-11367139
WARNING (gmm-acc-stats-ali[5.5.513~2-b5f4cf]:main():gmm-acc-stats-ali.cc:79) No alignment for utterance 3e61c710-f035-4dbd-8d03-aa796c1ce8c6-11859804
WARNING (gmm-acc-stats-ali[5.5.513~2-b5f4cf]:main():gmm-acc-stats-ali.cc:79) No alignment for utterance 3e61c710-f035-4dbd-8d03-aa796c1ce8c6-14020314
WARNING (gmm-acc-stats-ali[5.5.513~2-b5f4cf]:main():gmm-acc-stats-ali.cc:79) No alignment for utterance 3e61c710-f035-4dbd-8d03-aa796c1ce8c6-19769924
WARNING (gmm-acc-stats-ali[5.5.513~2-b5f4cf]:main():gmm-acc-stats-ali.cc:79) No alignment for utterance 3e61c710-f035-4dbd-8d03-aa796c1ce8c6-19813744
WARNING (gmm-acc-stats-ali[5.5.513~2-b5f4cf]:main():gmm-acc-stats-ali.cc:79) No alignment for utterance 3e61c710-f035-4dbd-8d03-aa796c1ce8c6-28916394
WARNING (gmm-acc-stats-ali[5.5.513~2-b5f4cf]:main():gmm-acc-stats-ali.cc:79) No alignment for utterance 3e61c710-f035-4dbd-8d03-aa796c1ce8c6-29144204
WARNING (gmm-acc-stats-ali[5.5.513~2-b5f4cf]:main():gmm-acc-stats-ali.cc:79) No alignment for utterance 3e61c710-f035-4dbd-8d03-aa796c1ce8c6-31336664
WARNING (gmm-acc-stats-ali[5.5.513~2-b5f4cf]:main():gmm-acc-stats-ali.cc:79) No alignment for utterance 3e61c710-f035-4dbd-8d03-aa796c1ce8c6-32834144
LOG (gmm-acc-stats-ali[5.5.513~2-b5f4cf]:main():gmm-acc-stats-ali.cc:105) Processed 1100 utterances; for utterance 3e61c710-f035-4dbd-8d03-aa796c1ce8c6-33559249 avg. like is -127.128 over 898 frames.
WARNING (gmm-acc-stats-ali[5.5.513~2-b5f4cf]:main():gmm-acc-stats-ali.cc:79) No alignment for utterance 3e61c710-f035-4dbd-8d03-aa796c1ce8c6-33928644
WARNING (gmm-acc-stats-ali[5.5.513~2-b5f4cf]:main():gmm-acc-stats-ali.cc:79) No alignment for utterance 3e61c710-f035-4dbd-8d03-aa796c1ce8c6-34736549
WARNING (gmm-acc-stats-ali[5.5.513~2-b5f4cf]:main():gmm-acc-stats-ali.cc:79) No alignment for utterance 3e61c710-f035-4dbd-8d03-aa796c1ce8c6-35549634
WARNING (gmm-acc-stats-ali[5.5.513~2-b5f4cf]:main():gmm-acc-stats-ali.cc:79) No alignment for utterance 3e61c710-f035-4dbd-8d03-aa796c1ce8c6-36074189
WARNING (gmm-acc-stats-ali[5.5.513~2-b5f4cf]:main():gmm-acc-stats-ali.cc:79) No alignment for utterance 3e61c710-f035-4dbd-8d03-aa796c1ce8c6-36235344
WARNING (gmm-acc-stats-ali[5.5.513~2-b5f4cf]:main():gmm-acc-stats-ali.cc:79) No alignment for utterance 3e61c710-f035-4dbd-8d03-aa796c1ce8c6-38261204
WARNING (gmm-acc-stats-ali[5.5.513~2-b5f4cf]:main():gmm-acc-stats-ali.cc:79) No alignment for utterance 3e61c710-f035-4dbd-8d03-aa796c1ce8c6-39417824
WARNING (gmm-acc-stats-ali[5.5.513~2-b5f4cf]:main():gmm-acc-stats-ali.cc:79) No alignment for utterance 3e61c710-f035-4dbd-8d03-aa796c1ce8c6-39950524
WARNING (gmm-acc-stats-ali[5.5.513~2-b5f4cf]:main():gmm-acc-stats-ali.cc:79) No alignment for utterance 3e61c710-f035-4dbd-8d03-aa796c1ce8c6-40128534
WARNING (gmm-acc-stats-ali[5.5.513~2-b5f4cf]:main():gmm-acc-stats-ali.cc:79) No alignment for utterance 3e61c710-f035-4dbd-8d03-aa796c1ce8c6-43060829
WARNING (gmm-acc-stats-ali[5.5.513~2-b5f4cf]:main():gmm-acc-stats-ali.cc:79) No alignment for utterance 3e61c710-f035-4dbd-8d03-aa796c1ce8c6-43071414
WARNING (gmm-acc-stats-ali[5.5.513~2-b5f4cf]:main():gmm-acc-stats-ali.cc:79) No alignment for utterance 3e61c710-f035-4dbd-8d03-aa796c1ce8c6-44857029
WARNING (gmm-acc-stats-ali[5.5.513~2-b5f4cf]:main():gmm-acc-stats-ali.cc:79) No alignment for utterance 3e61c710-f035-4dbd-8d03-aa796c1ce8c6-44974154
WARNING (gmm-acc-stats-ali[5.5.513~2-b5f4cf]:main():gmm-acc-stats-ali.cc:79) No alignment for utterance 3e61c710-f035-4dbd-8d03-aa796c1ce8c6-4652269
WARNING (gmm-acc-stats-ali[5.5.513~2-b5f4cf]:main():gmm-acc-stats-ali.cc:79) No alignment for utterance 3e61c710-f035-4dbd-8d03-aa796c1ce8c6-4666259
WARNING (gmm-acc-stats-ali[5.5.513~2-b5f4cf]:main():gmm-acc-stats-ali.cc:79) No alignment for utterance 3e61c710-f035-4dbd-8d03-aa796c1ce8c6-47718079
LOG (gmm-acc-stats-ali[5.5.513~2-b5f4cf]:main():gmm-acc-stats-ali.cc:105) Processed 1150 utterances; for utterance 3e61c710-f035-4dbd-8d03-aa796c1ce8c6-49542626 avg. like is -98.9076 over 498 frames.
WARNING (gmm-acc-stats-ali[5.5.513~2-b5f4cf]:main():gmm-acc-stats-ali.cc:79) No alignment for utterance 3e61c710-f035-4dbd-8d03-aa796c1ce8c6-52112234
WARNING (gmm-acc-stats-ali[5.5.513~2-b5f4cf]:main():gmm-acc-stats-ali.cc:79) No alignment for utterance 3e61c710-f035-4dbd-8d03-aa796c1ce8c6-62240989
WARNING (gmm-acc-stats-ali[5.5.513~2-b5f4cf]:main():gmm-acc-stats-ali.cc:79) No alignment for utterance 3e61c710-f035-4dbd-8d03-aa796c1ce8c6-64215859
WARNING (gmm-acc-stats-ali[5.5.513~2-b5f4cf]:main():gmm-acc-stats-ali.cc:79) No alignment for utterance 3e61c710-f035-4dbd-8d03-aa796c1ce8c6-64222759
WARNING (gmm-acc-stats-ali[5.5.513~2-b5f4cf]:main():gmm-acc-stats-ali.cc:79) No alignment for utterance 3e61c710-f035-4dbd-8d03-aa796c1ce8c6-64748904
WARNING (gmm-acc-stats-ali[5.5.513~2-b5f4cf]:main():gmm-acc-stats-ali.cc:79) No alignment for utterance 3e61c710-f035-4dbd-8d03-aa796c1ce8c6-66632569
WARNING (gmm-acc-stats-ali[5.5.513~2-b5f4cf]:main():gmm-acc-stats-ali.cc:79) No alignment for utterance 3e61c710-f035-4dbd-8d03-aa796c1ce8c6-67655909
WARNING (gmm-acc-stats-ali[5.5.513~2-b5f4cf]:main():gmm-acc-stats-ali.cc:79) No alignment for utterance 3e61c710-f035-4dbd-8d03-aa796c1ce8c6-68740694
WARNING (gmm-acc-stats-ali[5.5.513~2-b5f4cf]:main():gmm-acc-stats-ali.cc:79) No alignment for utterance 3e61c710-f035-4dbd-8d03-aa796c1ce8c6-69921629
WARNING (gmm-acc-stats-ali[5.5.513~2-b5f4cf]:main():gmm-acc-stats-ali.cc:79) No alignment for utterance 3e61c710-f035-4dbd-8d03-aa796c1ce8c6-71220184
WARNING (gmm-acc-stats-ali[5.5.513~2-b5f4cf]:main():gmm-acc-stats-ali.cc:79) No alignment for utterance 3e61c710-f035-4dbd-8d03-aa796c1ce8c6-71246284
WARNING (gmm-acc-stats-ali[5.5.513~2-b5f4cf]:main():gmm-acc-stats-ali.cc:79) No alignment for utterance 3e61c710-f035-4dbd-8d03-aa796c1ce8c6-72019764
WARNING (gmm-acc-stats-ali[5.5.513~2-b5f4cf]:main():gmm-acc-stats-ali.cc:79) No alignment for utterance 3e61c710-f035-4dbd-8d03-aa796c1ce8c6-72851929
WARNING (gmm-acc-stats-ali[5.5.513~2-b5f4cf]:main():gmm-acc-stats-ali.cc:79) No alignment for utterance 3e61c710-f035-4dbd-8d03-aa796c1ce8c6-72961574
WARNING (gmm-acc-stats-ali[5.5.513~2-b5f4cf]:main():gmm-acc-stats-ali.cc:79) No alignment for utterance 3e61c710-f035-4dbd-8d03-aa796c1ce8c6-73359664
LOG (gmm-acc-stats-ali[5.5.513~2-b5f4cf]:main():gmm-acc-stats-ali.cc:105) Processed 1200 utterances; for utterance 3e61c710-f035-4dbd-8d03-aa796c1ce8c6-74925193 avg. like is -99.2313 over 1968 frames.
WARNING (gmm-acc-stats-ali[5.5.513~2-b5f4cf]:main():gmm-acc-stats-ali.cc:79) No alignment for utterance 3e61c710-f035-4dbd-8d03-aa796c1ce8c6-74925194
WARNING (gmm-acc-stats-ali[5.5.513~2-b5f4cf]:main():gmm-acc-stats-ali.cc:79) No alignment for utterance 3e61c710-f035-4dbd-8d03-aa796c1ce8c6-76072644
WARNING (gmm-acc-stats-ali[5.5.513~2-b5f4cf]:main():gmm-acc-stats-ali.cc:79) No alignment for utterance 3e61c710-f035-4dbd-8d03-aa796c1ce8c6-77866979
LOG (gmm-acc-stats-ali[5.5.513~2-b5f4cf]:main():gmm-acc-stats-ali.cc:105) Processed 1250 utterances; for utterance 3e61c710-f035-4dbd-8d03-aa796c1ce8c6-83037794 avg. like is -123.52 over 248 frames.
LOG (gmm-acc-stats-ali[5.5.513~2-b5f4cf]:main():gmm-acc-stats-ali.cc:105) Processed 1300 utterances; for utterance 3e61c710-f035-4dbd-8d03-aa796c1ce8c6-87874816 avg. like is -100.092 over 268 frames.
LOG (gmm-acc-stats-ali[5.5.513~2-b5f4cf]:main():gmm-acc-stats-ali.cc:105) Processed 1350 utterances; for utterance 3e61c710-f035-4dbd-8d03-aa796c1ce8c6-94221124 avg. like is -123.583 over 298 frames.
WARNING (gmm-acc-stats-ali[5.5.513~2-b5f4cf]:main():gmm-acc-stats-ali.cc:79) No alignment for utterance 3e61c710-f035-4dbd-8d03-aa796c1ce8c6-95241789
LOG (gmm-acc-stats-ali[5.5.513~2-b5f4cf]:main():gmm-acc-stats-ali.cc:105) Processed 1400 utterances; for utterance 40088f11-59e8-485c-bb06-f2467a2eb043-18472697 avg. like is -106.163 over 1288 frames.
LOG (gmm-acc-stats-ali[5.5.513~2-b5f4cf]:main():gmm-acc-stats-ali.cc:105) Processed 1450 utterances; for utterance 40088f11-59e8-485c-bb06-f2467a2eb043-3514927 avg. like is -105.536 over 588 frames.
LOG (gmm-acc-stats-ali[5.5.513~2-b5f4cf]:main():gmm-acc-stats-ali.cc:105) Processed 1500 utterances; for utterance 40088f11-59e8-485c-bb06-f2467a2eb043-53833547 avg. like is -107.622 over 1473 frames.
LOG (gmm-acc-stats-ali[5.5.513~2-b5f4cf]:main():gmm-acc-stats-ali.cc:105) Processed 1550 utterances; for utterance 40088f11-59e8-485c-bb06-f2467a2eb043-7533237 avg. like is -105.904 over 2238 frames.
LOG (gmm-acc-stats-ali[5.5.513~2-b5f4cf]:main():gmm-acc-stats-ali.cc:105) Processed 1600 utterances; for utterance 40088f11-59e8-485c-bb06-f2467a2eb043-82847797 avg. like is -95.9479 over 268 frames.
LOG (gmm-acc-stats-ali[5.5.513~2-b5f4cf]:main():gmm-acc-stats-ali.cc:105) Processed 1650 utterances; for utterance 40088f11-59e8-485c-bb06-f2467a2eb043-88914587 avg. like is -96.6714 over 233 frames.
LOG (gmm-acc-stats-ali[5.5.513~2-b5f4cf]:main():gmm-acc-stats-ali.cc:105) Processed 1700 utterances; for utterance 40088f11-59e8-485c-bb06-f2467a2eb043-94629197 avg. like is -99.0639 over 323 frames.
LOG (gmm-acc-stats-ali[5.5.513~2-b5f4cf]:main():gmm-acc-stats-ali.cc:105) Processed 1750 utterances; for utterance 408d587b-1c17-49ad-9844-f7fe83773fd5-12322597 avg. like is -107.22 over 888 frames.
LOG (gmm-acc-stats-ali[5.5.513~2-b5f4cf]:main():gmm-acc-stats-ali.cc:105) Processed 1800 utterances; for utterance 408d587b-1c17-49ad-9844-f7fe83773fd5-20935197 avg. like is -104.41 over 483 frames.
LOG (gmm-acc-stats-ali[5.5.513~2-b5f4cf]:main():gmm-acc-stats-ali.cc:105) Processed 1850 utterances; for utterance 408d587b-1c17-49ad-9844-f7fe83773fd5-32911437 avg. like is -107.653 over 1003 frames.
LOG (gmm-acc-stats-ali[5.5.513~2-b5f4cf]:main():gmm-acc-stats-ali.cc:105) Processed 1900 utterances; for utterance 408d587b-1c17-49ad-9844-f7fe83773fd5-43674927 avg. like is -105.237 over 648 frames.
LOG (gmm-acc-stats-ali[5.5.513~2-b5f4cf]:main():gmm-acc-stats-ali.cc:105) Processed 1950 utterances; for utterance 408d587b-1c17-49ad-9844-f7fe83773fd5-56139652 avg. like is -105.746 over 978 frames.
LOG (gmm-acc-stats-ali[5.5.513~2-b5f4cf]:main():gmm-acc-stats-ali.cc:105) Processed 2000 utterances; for utterance 408d587b-1c17-49ad-9844-f7fe83773fd5-69774247 avg. like is -103.576 over 383 frames.
LOG (gmm-acc-stats-ali[5.5.513~2-b5f4cf]:main():gmm-acc-stats-ali.cc:105) Processed 2050 utterances; for utterance 408d587b-1c17-49ad-9844-f7fe83773fd5-73959147 avg. like is -99.855 over 353 frames.
LOG (gmm-acc-stats-ali[5.5.513~2-b5f4cf]:main():gmm-acc-stats-ali.cc:105) Processed 2100 utterances; for utterance 419e9859-9049-467d-bfb8-05429598ddfc-26723713 avg. like is -91.4384 over 388 frames.
LOG (gmm-acc-stats-ali[5.5.513~2-b5f4cf]:main():gmm-acc-stats-ali.cc:105) Processed 2150 utterances; for utterance 419e9859-9049-467d-bfb8-05429598ddfc-76166553 avg. like is -91.6358 over 278 frames.
LOG (gmm-acc-stats-ali[5.5.513~2-b5f4cf]:main():gmm-acc-stats-ali.cc:105) Processed 2200 utterances; for utterance 419e9859-9049-467d-bfb8-05429598ddfc-79528258 avg. like is -82.9805 over 158 frames.
LOG (gmm-acc-stats-ali[5.5.513~2-b5f4cf]:main():gmm-acc-stats-ali.cc:105) Processed 2250 utterances; for utterance 419e9859-9049-467d-bfb8-05429598ddfc-82071723 avg. like is -83.0898 over 148 frames.
LOG (gmm-acc-stats-ali[5.5.513~2-b5f4cf]:main():gmm-acc-stats-ali.cc:105) Processed 2300 utterances; for utterance 419e9859-9049-467d-bfb8-05429598ddfc-84336753 avg. like is -87.7608 over 148 frames.
LOG (gmm-acc-stats-ali[5.5.513~2-b5f4cf]:main():gmm-acc-stats-ali.cc:105) Processed 2350 utterances; for utterance 419e9859-9049-467d-bfb8-05429598ddfc-85673663 avg. like is -90.4034 over 238 frames.
LOG (gmm-acc-stats-ali[5.5.513~2-b5f4cf]:main():gmm-acc-stats-ali.cc:105) Processed 2400 utterances; for utterance 419e9859-9049-467d-bfb8-05429598ddfc-88358393 avg. like is -87.6465 over 168 frames.
LOG (gmm-acc-stats-ali[5.5.513~2-b5f4cf]:main():gmm-acc-stats-ali.cc:105) Processed 2450 utterances; for utterance 419e9859-9049-467d-bfb8-05429598ddfc-90136583 avg. like is -86.8488 over 298 frames.
LOG (gmm-acc-stats-ali[5.5.513~2-b5f4cf]:main():gmm-acc-stats-ali.cc:105) Processed 2500 utterances; for utterance 419e9859-9049-467d-bfb8-05429598ddfc-91471438 avg. like is -87.0286 over 198 frames.
LOG (gmm-acc-stats-ali[5.5.513~2-b5f4cf]:main():gmm-acc-stats-ali.cc:105) Processed 2550 utterances; for utterance 419e9859-9049-467d-bfb8-05429598ddfc-93173088 avg. like is -89.5571 over 218 frames.
LOG (gmm-acc-stats-ali[5.5.513~2-b5f4cf]:main():gmm-acc-stats-ali.cc:105) Processed 2600 utterances; for utterance 421c398b-b9e6-41e0-99a0-04f5091059f7-11568413 avg. like is -88.3913 over 1318 frames.
LOG (gmm-acc-stats-ali[5.5.513~2-b5f4cf]:main():gmm-acc-stats-ali.cc:105) Processed 2650 utterances; for utterance 421c398b-b9e6-41e0-99a0-04f5091059f7-12759833 avg. like is -91.4665 over 788 frames.
LOG (gmm-acc-stats-ali[5.5.513~2-b5f4cf]:main():gmm-acc-stats-ali.cc:105) Processed 2700 utterances; for utterance 421c398b-b9e6-41e0-99a0-04f5091059f7-20974368 avg. like is -91.4648 over 588 frames.
LOG (gmm-acc-stats-ali[5.5.513~2-b5f4cf]:main():gmm-acc-stats-ali.cc:105) Processed 2750 utterances; for utterance 421c398b-b9e6-41e0-99a0-04f5091059f7-36821263 avg. like is -94.2928 over 2878 frames.
LOG (gmm-acc-stats-ali[5.5.513~2-b5f4cf]:main():gmm-acc-stats-ali.cc:105) Processed 2800 utterances; for utterance 421c398b-b9e6-41e0-99a0-04f5091059f7-56823898 avg. like is -93.2033 over 1268 frames.
LOG (gmm-acc-stats-ali[5.5.513~2-b5f4cf]:main():gmm-acc-stats-ali.cc:105) Processed 2850 utterances; for utterance 42f59261-3e0d-4f70-a7d3-182b92fe721f-11340108 avg. like is -97.0448 over 528 frames.
LOG (gmm-acc-stats-ali[5.5.513~2-b5f4cf]:main():gmm-acc-stats-ali.cc:105) Processed 2900 utterances; for utterance 42f59261-3e0d-4f70-a7d3-182b92fe721f-15874138 avg. like is -97.1474 over 578 frames.
LOG (gmm-acc-stats-ali[5.5.513~2-b5f4cf]:main():gmm-acc-stats-ali.cc:105) Processed 2950 utterances; for utterance 42f59261-3e0d-4f70-a7d3-182b92fe721f-22124998 avg. like is -96.892 over 898 frames.
LOG (gmm-acc-stats-ali[5.5.513~2-b5f4cf]:main():gmm-acc-stats-ali.cc:105) Processed 3000 utterances; for utterance 42f59261-3e0d-4f70-a7d3-182b92fe721f-24374588 avg. like is -97.2913 over 758 frames.
LOG (gmm-acc-stats-ali[5.5.513~2-b5f4cf]:main():gmm-acc-stats-ali.cc:105) Processed 3050 utterances; for utterance 42f59261-3e0d-4f70-a7d3-182b92fe721f-30422103 avg. like is -96.7253 over 228 frames.
LOG (gmm-acc-stats-ali[5.5.513~2-b5f4cf]:main():gmm-acc-stats-ali.cc:105) Processed 3100 utterances; for utterance 42f59261-3e0d-4f70-a7d3-182b92fe721f-39834043 avg. like is -97.5474 over 1158 frames.
LOG (gmm-acc-stats-ali[5.5.513~2-b5f4cf]:main():gmm-acc-stats-ali.cc:105) Processed 3150 utterances; for utterance 42f59261-3e0d-4f70-a7d3-182b92fe721f-51213728 avg. like is -98.7406 over 1118 frames.
LOG (gmm-acc-stats-ali[5.5.513~2-b5f4cf]:main():gmm-acc-stats-ali.cc:105) Processed 3200 utterances; for utterance 42f59261-3e0d-4f70-a7d3-182b92fe721f-5916333 avg. like is -96.7179 over 398 frames.
LOG (gmm-acc-stats-ali[5.5.513~2-b5f4cf]:main():gmm-acc-stats-ali.cc:105) Processed 3250 utterances; for utterance 42f59261-3e0d-4f70-a7d3-182b92fe721f-68173553 avg. like is -98.6241 over 958 frames.
LOG (gmm-acc-stats-ali[5.5.513~2-b5f4cf]:main():gmm-acc-stats-ali.cc:105) Processed 3300 utterances; for utterance 42f59261-3e0d-4f70-a7d3-182b92fe721f-73067003 avg. like is -97.0594 over 448 frames.
LOG (gmm-acc-stats-ali[5.5.513~2-b5f4cf]:main():gmm-acc-stats-ali.cc:105) Processed 3350 utterances; for utterance 43258a4f-efdd-4f7c-a9c7-0aa991acfa33-10720288 avg. like is -91.6944 over 408 frames.
LOG (gmm-acc-stats-ali[5.5.513~2-b5f4cf]:main():gmm-acc-stats-ali.cc:105) Processed 3400 utterances; for utterance 43258a4f-efdd-4f7c-a9c7-0aa991acfa33-13038843 avg. like is -95.2555 over 818 frames.
WARNING (gmm-acc-stats-ali[5.5.513~2-b5f4cf]:main():gmm-acc-stats-ali.cc:79) No alignment for utterance 43258a4f-efdd-4f7c-a9c7-0aa991acfa33-19248832
WARNING (gmm-acc-stats-ali[5.5.513~2-b5f4cf]:main():gmm-acc-stats-ali.cc:79) No alignment for utterance 43258a4f-efdd-4f7c-a9c7-0aa991acfa33-19248835
LOG (gmm-acc-stats-ali[5.5.513~2-b5f4cf]:main():gmm-acc-stats-ali.cc:105) Processed 3450 utterances; for utterance 43258a4f-efdd-4f7c-a9c7-0aa991acfa33-19255655 avg. like is -94.4078 over 1618 frames.
LOG (gmm-acc-stats-ali[5.5.513~2-b5f4cf]:main():gmm-acc-stats-ali.cc:105) Processed 3500 utterances; for utterance 43258a4f-efdd-4f7c-a9c7-0aa991acfa33-24961150 avg. like is -94.8915 over 1448 frames.
LOG (gmm-acc-stats-ali[5.5.513~2-b5f4cf]:main():gmm-acc-stats-ali.cc:105) Processed 3550 utterances; for utterance 43258a4f-efdd-4f7c-a9c7-0aa991acfa33-29859735 avg. like is -96.0552 over 2298 frames.
LOG (gmm-acc-stats-ali[5.5.513~2-b5f4cf]:main():gmm-acc-stats-ali.cc:105) Processed 3600 utterances; for utterance 43258a4f-efdd-4f7c-a9c7-0aa991acfa33-32873865 avg. like is -95.5593 over 1638 frames.
LOG (gmm-acc-stats-ali[5.5.513~2-b5f4cf]:main():gmm-acc-stats-ali.cc:105) Processed 3650 utterances; for utterance 43258a4f-efdd-4f7c-a9c7-0aa991acfa33-42956380 avg. like is -92.744 over 458 frames.
LOG (gmm-acc-stats-ali[5.5.513~2-b5f4cf]:main():gmm-acc-stats-ali.cc:105) Processed 3700 utterances; for utterance 43258a4f-efdd-4f7c-a9c7-0aa991acfa33-50120140 avg. like is -94.1466 over 1188 frames.
LOG (gmm-acc-stats-ali[5.5.513~2-b5f4cf]:main():gmm-acc-stats-ali.cc:105) Processed 3750 utterances; for utterance 43258a4f-efdd-4f7c-a9c7-0aa991acfa33-55635110 avg. like is -94.9924 over 1188 frames.
LOG (gmm-acc-stats-ali[5.5.513~2-b5f4cf]:main():gmm-acc-stats-ali.cc:105) Processed 3800 utterances; for utterance 43258a4f-efdd-4f7c-a9c7-0aa991acfa33-63415490 avg. like is -90.2779 over 538 frames.
LOG (gmm-acc-stats-ali[5.5.513~2-b5f4cf]:main():gmm-acc-stats-ali.cc:105) Processed 3850 utterances; for utterance 43258a4f-efdd-4f7c-a9c7-0aa991acfa33-69932895 avg. like is -95.0855 over 948 frames.
LOG (gmm-acc-stats-ali[5.5.513~2-b5f4cf]:main():gmm-acc-stats-ali.cc:105) Processed 3900 utterances; for utterance 43258a4f-efdd-4f7c-a9c7-0aa991acfa33-72735910 avg. like is -90.9566 over 558 frames.
LOG (gmm-acc-stats-ali[5.5.513~2-b5f4cf]:main():gmm-acc-stats-ali.cc:105) Processed 3950 utterances; for utterance 43258a4f-efdd-4f7c-a9c7-0aa991acfa33-7532395 avg. like is -97.1685 over 1558 frames.
LOG (gmm-acc-stats-ali[5.5.513~2-b5f4cf]:main():gmm-acc-stats-ali.cc:105) Processed 4000 utterances; for utterance 43258a4f-efdd-4f7c-a9c7-0aa991acfa33-79218635 avg. like is -89.2845 over 248 frames.
LOG (gmm-acc-stats-ali[5.5.513~2-b5f4cf]:main():gmm-acc-stats-ali.cc:105) Processed 4050 utterances; for utterance 43258a4f-efdd-4f7c-a9c7-0aa991acfa33-80749220 avg. like is -83.037 over 168 frames.
LOG (gmm-acc-stats-ali[5.5.513~2-b5f4cf]:main():gmm-acc-stats-ali.cc:105) Processed 4100 utterances; for utterance 43258a4f-efdd-4f7c-a9c7-0aa991acfa33-81537750 avg. like is -86.7979 over 178 frames.
LOG (gmm-acc-stats-ali[5.5.513~2-b5f4cf]:main():gmm-acc-stats-ali.cc:105) Processed 4150 utterances; for utterance 43258a4f-efdd-4f7c-a9c7-0aa991acfa33-83045130 avg. like is -92.9666 over 238 frames.
LOG (gmm-acc-stats-ali[5.5.513~2-b5f4cf]:main():gmm-acc-stats-ali.cc:105) Processed 4200 utterances; for utterance 43258a4f-efdd-4f7c-a9c7-0aa991acfa33-84821390 avg. like is -89.1905 over 208 frames.
LOG (gmm-acc-stats-ali[5.5.513~2-b5f4cf]:main():gmm-acc-stats-ali.cc:105) Processed 4250 utterances; for utterance 43258a4f-efdd-4f7c-a9c7-0aa991acfa33-85966005 avg. like is -89.9748 over 218 frames.
LOG (gmm-acc-stats-ali[5.5.513~2-b5f4cf]:main():gmm-acc-stats-ali.cc:105) Processed 4300 utterances; for utterance 43258a4f-efdd-4f7c-a9c7-0aa991acfa33-869675 avg. like is -95.4902 over 1258 frames.
LOG (gmm-acc-stats-ali[5.5.513~2-b5f4cf]:main():gmm-acc-stats-ali.cc:105) Processed 4350 utterances; for utterance 43258a4f-efdd-4f7c-a9c7-0aa991acfa33-88415565 avg. like is -89.615 over 298 frames.
LOG (gmm-acc-stats-ali[5.5.513~2-b5f4cf]:main():gmm-acc-stats-ali.cc:105) Processed 4400 utterances; for utterance 43258a4f-efdd-4f7c-a9c7-0aa991acfa33-90421330 avg. like is -88.8871 over 208 frames.
LOG (gmm-acc-stats-ali[5.5.513~2-b5f4cf]:main():gmm-acc-stats-ali.cc:105) Processed 4450 utterances; for utterance 43258a4f-efdd-4f7c-a9c7-0aa991acfa33-92155995 avg. like is -90.6939 over 278 frames.
LOG (gmm-acc-stats-ali[5.5.513~2-b5f4cf]:main():gmm-acc-stats-ali.cc:105) Processed 4500 utterances; for utterance 43258a4f-efdd-4f7c-a9c7-0aa991acfa33-93541650 avg. like is -88.3577 over 218 frames.
LOG (gmm-acc-stats-ali[5.5.513~2-b5f4cf]:main():gmm-acc-stats-ali.cc:105) Processed 4550 utterances; for utterance 490b4be1-8287-4e72-89ba-96c82f6efafd-10446000 avg. like is -93.8183 over 598 frames.
LOG (gmm-acc-stats-ali[5.5.513~2-b5f4cf]:main():gmm-acc-stats-ali.cc:105) Processed 4600 utterances; for utterance 490b4be1-8287-4e72-89ba-96c82f6efafd-19712665 avg. like is -95.7545 over 688 frames.
LOG (gmm-acc-stats-ali[5.5.513~2-b5f4cf]:main():gmm-acc-stats-ali.cc:105) Processed 4650 utterances; for utterance 490b4be1-8287-4e72-89ba-96c82f6efafd-26952095 avg. like is -97.4968 over 1878 frames.
LOG (gmm-acc-stats-ali[5.5.513~2-b5f4cf]:main():gmm-acc-stats-ali.cc:105) Processed 4700 utterances; for utterance 490b4be1-8287-4e72-89ba-96c82f6efafd-34859725 avg. like is -94.7563 over 1018 frames.
LOG (gmm-acc-stats-ali[5.5.513~2-b5f4cf]:main():gmm-acc-stats-ali.cc:105) Processed 4750 utterances; for utterance 490b4be1-8287-4e72-89ba-96c82f6efafd-4541475 avg. like is -96.5494 over 1338 frames.
LOG (gmm-acc-stats-ali[5.5.513~2-b5f4cf]:main():gmm-acc-stats-ali.cc:105) Processed 4800 utterances; for utterance 490b4be1-8287-4e72-89ba-96c82f6efafd-55935270 avg. like is -94.3575 over 808 frames.
LOG (gmm-acc-stats-ali[5.5.513~2-b5f4cf]:main():gmm-acc-stats-ali.cc:105) Processed 4850 utterances; for utterance 490b4be1-8287-4e72-89ba-96c82f6efafd-6747955 avg. like is -96.9591 over 968 frames.
LOG (gmm-acc-stats-ali[5.5.513~2-b5f4cf]:main():gmm-acc-stats-ali.cc:105) Processed 4900 utterances; for utterance 490b4be1-8287-4e72-89ba-96c82f6efafd-71163145 avg. like is -92.5142 over 318 frames.
LOG (gmm-acc-stats-ali[5.5.513~2-b5f4cf]:main():gmm-acc-stats-ali.cc:105) Processed 4950 utterances; for utterance 490b4be1-8287-4e72-89ba-96c82f6efafd-9172160 avg. like is -96.731 over 1398 frames.
LOG (gmm-acc-stats-ali[5.5.513~2-b5f4cf]:main():gmm-acc-stats-ali.cc:105) Processed 5000 utterances; for utterance 4949b628-9766-4177-8da5-e8c3a7c28361-12127665 avg. like is -98.3372 over 1108 frames.
LOG (gmm-acc-stats-ali[5.5.513~2-b5f4cf]:main():gmm-acc-stats-ali.cc:105) Processed 5050 utterances; for utterance 4949b628-9766-4177-8da5-e8c3a7c28361-2118570 avg. like is -98.2056 over 1178 frames.
LOG (gmm-acc-stats-ali[5.5.513~2-b5f4cf]:main():gmm-acc-stats-ali.cc:105) Processed 5100 utterances; for utterance 4949b628-9766-4177-8da5-e8c3a7c28361-27767605 avg. like is -94.0466 over 548 frames.
LOG (gmm-acc-stats-ali[5.5.513~2-b5f4cf]:main():gmm-acc-stats-ali.cc:105) Processed 5150 utterances; for utterance 4949b628-9766-4177-8da5-e8c3a7c28361-37244085 avg. like is -99.4213 over 2638 frames.
LOG (gmm-acc-stats-ali[5.5.513~2-b5f4cf]:main():gmm-acc-stats-ali.cc:105) Processed 5200 utterances; for utterance 4949b628-9766-4177-8da5-e8c3a7c28361-4674005 avg. like is -98.1103 over 858 frames.
LOG (gmm-acc-stats-ali[5.5.513~2-b5f4cf]:main():gmm-acc-stats-ali.cc:105) Processed 5250 utterances; for utterance 4949b628-9766-4177-8da5-e8c3a7c28361-6017215 avg. like is -95.5283 over 578 frames.
LOG (gmm-acc-stats-ali[5.5.513~2-b5f4cf]:main():gmm-acc-stats-ali.cc:105) Processed 5300 utterances; for utterance 4949b628-9766-4177-8da5-e8c3a7c28361-72815320 avg. like is -94.5377 over 548 frames.
LOG (gmm-acc-stats-ali[5.5.513~2-b5f4cf]:main():gmm-acc-stats-ali.cc:105) Processed 5350 utterances; for utterance 4949b628-9766-4177-8da5-e8c3a7c28361-9933355 avg. like is -93.4343 over 488 frames.
LOG (gmm-acc-stats-ali[5.5.513~2-b5f4cf]:main():gmm-acc-stats-ali.cc:105) Processed 5400 utterances; for utterance 4e0b807a-a16d-4fd9-b3c8-b51127a48ad8-16232025 avg. like is -92.371 over 728 frames.
LOG (gmm-acc-stats-ali[5.5.513~2-b5f4cf]:main():gmm-acc-stats-ali.cc:105) Processed 5450 utterances; for utterance 4e0b807a-a16d-4fd9-b3c8-b51127a48ad8-27050360 avg. like is -96.4734 over 1768 frames.
LOG (gmm-acc-stats-ali[5.5.513~2-b5f4cf]:main():gmm-acc-stats-ali.cc:105) Processed 5500 utterances; for utterance 4e0b807a-a16d-4fd9-b3c8-b51127a48ad8-40568310 avg. like is -95.8607 over 1838 frames.
LOG (gmm-acc-stats-ali[5.5.513~2-b5f4cf]:main():gmm-acc-stats-ali.cc:105) Processed 5550 utterances; for utterance 4e0b807a-a16d-4fd9-b3c8-b51127a48ad8-5032695 avg. like is -95.2606 over 968 frames.
LOG (gmm-acc-stats-ali[5.5.513~2-b5f4cf]:main():gmm-acc-stats-ali.cc:105) Processed 5600 utterances; for utterance 4e0b807a-a16d-4fd9-b3c8-b51127a48ad8-67129930 avg. like is -95.6678 over 2148 frames.
LOG (gmm-acc-stats-ali[5.5.513~2-b5f4cf]:main():gmm-acc-stats-ali.cc:105) Processed 5650 utterances; for utterance 4e0b807a-a16d-4fd9-b3c8-b51127a48ad8-77556670 avg. like is -94.7791 over 938 frames.
LOG (gmm-acc-stats-ali[5.5.513~2-b5f4cf]:main():gmm-acc-stats-ali.cc:105) Processed 5700 utterances; for utterance 4e0b807a-a16d-4fd9-b3c8-b51127a48ad8-81541005 avg. like is -88.5496 over 218 frames.
LOG (gmm-acc-stats-ali[5.5.513~2-b5f4cf]:main():gmm-acc-stats-ali.cc:105) Processed 5750 utterances; for utterance 4e0b807a-a16d-4fd9-b3c8-b51127a48ad8-86813400 avg. like is -86.8124 over 308 frames.
LOG (gmm-acc-stats-ali[5.5.513~2-b5f4cf]:main():gmm-acc-stats-ali.cc:105) Processed 5800 utterances; for utterance 4e0b807a-a16d-4fd9-b3c8-b51127a48ad8-89127915 avg. like is -85.8067 over 278 frames.
LOG (gmm-acc-stats-ali[5.5.513~2-b5f4cf]:main():gmm-acc-stats-ali.cc:105) Processed 5850 utterances; for utterance 4e0b807a-a16d-4fd9-b3c8-b51127a48ad8-92737955 avg. like is -83.4177 over 228 frames.
LOG (gmm-acc-stats-ali[5.5.513~2-b5f4cf]:main():gmm-acc-stats-ali.cc:105) Processed 5900 utterances; for utterance 4fb19a30-d03b-4ddd-ba1b-fe9ee9498b31-10326210 avg. like is -98.7385 over 1348 frames.
LOG (gmm-acc-stats-ali[5.5.513~2-b5f4cf]:main():gmm-acc-stats-ali.cc:105) Processed 5950 utterances; for utterance 4fb19a30-d03b-4ddd-ba1b-fe9ee9498b31-13417880 avg. like is -98.0046 over 1088 frames.
LOG (gmm-acc-stats-ali[5.5.513~2-b5f4cf]:main():gmm-acc-stats-ali.cc:105) Processed 6000 utterances; for utterance 4fb19a30-d03b-4ddd-ba1b-fe9ee9498b31-18563170 avg. like is -95.5904 over 928 frames.
LOG (gmm-acc-stats-ali[5.5.513~2-b5f4cf]:main():gmm-acc-stats-ali.cc:105) Processed 6050 utterances; for utterance 4fb19a30-d03b-4ddd-ba1b-fe9ee9498b31-22358365 avg. like is -98.8324 over 538 frames.
LOG (gmm-acc-stats-ali[5.5.513~2-b5f4cf]:main():gmm-acc-stats-ali.cc:105) Processed 6100 utterances; for utterance 4fb19a30-d03b-4ddd-ba1b-fe9ee9498b31-27252850 avg. like is -97.4964 over 1338 frames.
LOG (gmm-acc-stats-ali[5.5.513~2-b5f4cf]:main():gmm-acc-stats-ali.cc:105) Processed 6150 utterances; for utterance 4fb19a30-d03b-4ddd-ba1b-fe9ee9498b31-28713300 avg. like is -98.1038 over 628 frames.
LOG (gmm-acc-stats-ali[5.5.513~2-b5f4cf]:main():gmm-acc-stats-ali.cc:105) Processed 6200 utterances; for utterance 4fb19a30-d03b-4ddd-ba1b-fe9ee9498b31-32838535 avg. like is -99.1397 over 1588 frames.
LOG (gmm-acc-stats-ali[5.5.513~2-b5f4cf]:main():gmm-acc-stats-ali.cc:105) Processed 6250 utterances; for utterance 4fb19a30-d03b-4ddd-ba1b-fe9ee9498b31-39953415 avg. like is -99.3517 over 1738 frames.
LOG (gmm-acc-stats-ali[5.5.513~2-b5f4cf]:main():gmm-acc-stats-ali.cc:105) Processed 6300 utterances; for utterance 4fb19a30-d03b-4ddd-ba1b-fe9ee9498b31-44616150 avg. like is -98.6338 over 758 frames.
LOG (gmm-acc-stats-ali[5.5.513~2-b5f4cf]:main():gmm-acc-stats-ali.cc:105) Processed 6350 utterances; for utterance 4fb19a30-d03b-4ddd-ba1b-fe9ee9498b31-50564705 avg. like is -97.705 over 668 frames.
LOG (gmm-acc-stats-ali[5.5.513~2-b5f4cf]:main():gmm-acc-stats-ali.cc:105) Processed 6400 utterances; for utterance 4fb19a30-d03b-4ddd-ba1b-fe9ee9498b31-5834670 avg. like is -99.1989 over 898 frames.
LOG (gmm-acc-stats-ali[5.5.513~2-b5f4cf]:main():gmm-acc-stats-ali.cc:105) Processed 6450 utterances; for utterance 4fb19a30-d03b-4ddd-ba1b-fe9ee9498b31-65142490 avg. like is -98.0957 over 1658 frames.
LOG (gmm-acc-stats-ali[5.5.513~2-b5f4cf]:main():gmm-acc-stats-ali.cc:105) Processed 6500 utterances; for utterance 4fb19a30-d03b-4ddd-ba1b-fe9ee9498b31-70322840 avg. like is -94.7176 over 308 frames.
LOG (gmm-acc-stats-ali[5.5.513~2-b5f4cf]:main():gmm-acc-stats-ali.cc:105) Processed 6550 utterances; for utterance 4fb19a30-d03b-4ddd-ba1b-fe9ee9498b31-74247850 avg. like is -97.867 over 908 frames.
LOG (gmm-acc-stats-ali[5.5.513~2-b5f4cf]:main():gmm-acc-stats-ali.cc:105) Processed 6600 utterances; for utterance 4fb19a30-d03b-4ddd-ba1b-fe9ee9498b31-76710960 avg. like is -95.5813 over 438 frames.
LOG (gmm-acc-stats-ali[5.5.513~2-b5f4cf]:main():gmm-acc-stats-ali.cc:105) Processed 6650 utterances; for utterance 4fb19a30-d03b-4ddd-ba1b-fe9ee9498b31-79656275 avg. like is -92.6424 over 228 frames.
LOG (gmm-acc-stats-ali[5.5.513~2-b5f4cf]:main():gmm-acc-stats-ali.cc:105) Processed 6700 utterances; for utterance 4fb19a30-d03b-4ddd-ba1b-fe9ee9498b31-81028430 avg. like is -91.288 over 218 frames.
LOG (gmm-acc-stats-ali[5.5.513~2-b5f4cf]:main():gmm-acc-stats-ali.cc:105) Processed 6750 utterances; for utterance 4fb19a30-d03b-4ddd-ba1b-fe9ee9498b31-81912000 avg. like is -89.4398 over 188 frames.
LOG (gmm-acc-stats-ali[5.5.513~2-b5f4cf]:main():gmm-acc-stats-ali.cc:105) Processed 6800 utterances; for utterance 4fb19a30-d03b-4ddd-ba1b-fe9ee9498b31-83349320 avg. like is -91.2999 over 218 frames.
LOG (gmm-acc-stats-ali[5.5.513~2-b5f4cf]:main():gmm-acc-stats-ali.cc:105) Processed 6850 utterances; for utterance 4fb19a30-d03b-4ddd-ba1b-fe9ee9498b31-83932910 avg. like is -94.1664 over 228 frames.
LOG (gmm-acc-stats-ali[5.5.513~2-b5f4cf]:main():gmm-acc-stats-ali.cc:105) Processed 6900 utterances; for utterance 4fb19a30-d03b-4ddd-ba1b-fe9ee9498b31-85063740 avg. like is -89.2417 over 218 frames.
LOG (gmm-acc-stats-ali[5.5.513~2-b5f4cf]:main():gmm-acc-stats-ali.cc:105) Processed 6950 utterances; for utterance 4fb19a30-d03b-4ddd-ba1b-fe9ee9498b31-86739660 avg. like is -92.6371 over 218 frames.
LOG (gmm-acc-stats-ali[5.5.513~2-b5f4cf]:main():gmm-acc-stats-ali.cc:105) Processed 7000 utterances; for utterance 4fb19a30-d03b-4ddd-ba1b-fe9ee9498b31-88362715 avg. like is -87.6109 over 188 frames.
LOG (gmm-acc-stats-ali[5.5.513~2-b5f4cf]:main():gmm-acc-stats-ali.cc:105) Processed 7050 utterances; for utterance 4fb19a30-d03b-4ddd-ba1b-fe9ee9498b31-90143305 avg. like is -91.2484 over 248 frames.
LOG (gmm-acc-stats-ali[5.5.513~2-b5f4cf]:main():gmm-acc-stats-ali.cc:105) Processed 7100 utterances; for utterance 4fb19a30-d03b-4ddd-ba1b-fe9ee9498b31-91432435 avg. like is -93.8817 over 188 frames.
LOG (gmm-acc-stats-ali[5.5.513~2-b5f4cf]:main():gmm-acc-stats-ali.cc:105) Processed 7150 utterances; for utterance 4fb19a30-d03b-4ddd-ba1b-fe9ee9498b31-92364680 avg. like is -88.8071 over 198 frames.
LOG (gmm-acc-stats-ali[5.5.513~2-b5f4cf]:main():gmm-acc-stats-ali.cc:105) Processed 7200 utterances; for utterance 4fb19a30-d03b-4ddd-ba1b-fe9ee9498b31-93774625 avg. like is -88.9031 over 218 frames.
LOG (gmm-acc-stats-ali[5.5.513~2-b5f4cf]:main():gmm-acc-stats-ali.cc:105) Processed 7250 utterances; for utterance 50bf09cc-cf34-4cce-869b-bbba7c2e0d4d-14223175 avg. like is -89.2909 over 1548 frames.
LOG (gmm-acc-stats-ali[5.5.513~2-b5f4cf]:main():gmm-acc-stats-ali.cc:105) Processed 7300 utterances; for utterance 50bf09cc-cf34-4cce-869b-bbba7c2e0d4d-34063935 avg. like is -88.3146 over 1018 frames.
LOG (gmm-acc-stats-ali[5.5.513~2-b5f4cf]:main():gmm-acc-stats-ali.cc:105) Processed 7350 utterances; for utterance 50bf09cc-cf34-4cce-869b-bbba7c2e0d4d-50728095 avg. like is -90.0953 over 2848 frames.
LOG (gmm-acc-stats-ali[5.5.513~2-b5f4cf]:main():gmm-acc-stats-ali.cc:105) Processed 7400 utterances; for utterance 50bf09cc-cf34-4cce-869b-bbba7c2e0d4d-63661900 avg. like is -91.5729 over 3528 frames.
LOG (gmm-acc-stats-ali[5.5.513~2-b5f4cf]:main():gmm-acc-stats-ali.cc:105) Processed 7450 utterances; for utterance 50bf09cc-cf34-4cce-869b-bbba7c2e0d4d-73045680 avg. like is -88.8151 over 1248 frames.
LOG (gmm-acc-stats-ali[5.5.513~2-b5f4cf]:main():gmm-acc-stats-ali.cc:105) Processed 7500 utterances; for utterance 50c4f908-eb14-4221-a8e0-4efca9422fdc-11358625 avg. like is -97.5006 over 608 frames.
LOG (gmm-acc-stats-ali[5.5.513~2-b5f4cf]:main():gmm-acc-stats-ali.cc:105) Processed 7550 utterances; for utterance 50c4f908-eb14-4221-a8e0-4efca9422fdc-18368425 avg. like is -95.9207 over 1238 frames.
LOG (gmm-acc-stats-ali[5.5.513~2-b5f4cf]:main():gmm-acc-stats-ali.cc:105) Processed 7600 utterances; for utterance 50c4f908-eb14-4221-a8e0-4efca9422fdc-24412850 avg. like is -92.9423 over 508 frames.
LOG (gmm-acc-stats-ali[5.5.513~2-b5f4cf]:main():gmm-acc-stats-ali.cc:105) Processed 7650 utterances; for utterance 50c4f908-eb14-4221-a8e0-4efca9422fdc-29027795 avg. like is -95.2702 over 668 frames.
LOG (gmm-acc-stats-ali[5.5.513~2-b5f4cf]:main():gmm-acc-stats-ali.cc:105) Processed 7700 utterances; for utterance 50c4f908-eb14-4221-a8e0-4efca9422fdc-4313645 avg. like is -94.9338 over 848 frames.
LOG (gmm-acc-stats-ali[5.5.513~2-b5f4cf]:main():gmm-acc-stats-ali.cc:105) Processed 7750 utterances; for utterance 50c4f908-eb14-4221-a8e0-4efca9422fdc-53422625 avg. like is -97.9157 over 1838 frames.
LOG (gmm-acc-stats-ali[5.5.513~2-b5f4cf]:main():gmm-acc-stats-ali.cc:105) Processed 7800 utterances; for utterance 50c4f908-eb14-4221-a8e0-4efca9422fdc-5750925 avg. like is -92.0376 over 408 frames.
LOG (gmm-acc-stats-ali[5.5.513~2-b5f4cf]:main():gmm-acc-stats-ali.cc:105) Processed 7850 utterances; for utterance 50c4f908-eb14-4221-a8e0-4efca9422fdc-60949010 avg. like is -94.852 over 1358 frames.
LOG (gmm-acc-stats-ali[5.5.513~2-b5f4cf]:main():gmm-acc-stats-ali.cc:105) Processed 7900 utterances; for utterance 53086749-205b-424c-92d1-1dc604d5419b-12120150 avg. like is -96.5584 over 1148 frames.
LOG (gmm-acc-stats-ali[5.5.513~2-b5f4cf]:main():gmm-acc-stats-ali.cc:105) Processed 7950 utterances; for utterance 53086749-205b-424c-92d1-1dc604d5419b-21031700 avg. like is -96.9004 over 2788 frames.
LOG (gmm-acc-stats-ali[5.5.513~2-b5f4cf]:main():gmm-acc-stats-ali.cc:105) Processed 8000 utterances; for utterance 53086749-205b-424c-92d1-1dc604d5419b-32945860 avg. like is -96.8729 over 1168 frames.
LOG (gmm-acc-stats-ali[5.5.513~2-b5f4cf]:main():gmm-acc-stats-ali.cc:105) Processed 8050 utterances; for utterance 53086749-205b-424c-92d1-1dc604d5419b-4357985 avg. like is -92.6306 over 818 frames.
LOG (gmm-acc-stats-ali[5.5.513~2-b5f4cf]:main():gmm-acc-stats-ali.cc:105) Processed 8100 utterances; for utterance 53086749-205b-424c-92d1-1dc604d5419b-66520615 avg. like is -96.7978 over 2738 frames.
LOG (gmm-acc-stats-ali[5.5.513~2-b5f4cf]:main():gmm-acc-stats-ali.cc:105) Processed 8150 utterances; for utterance 53086749-205b-424c-92d1-1dc604d5419b-73832490 avg. like is -88.6623 over 298 frames.
LOG (gmm-acc-stats-ali[5.5.513~2-b5f4cf]:main():gmm-acc-stats-ali.cc:105) Processed 8200 utterances; for utterance 53086749-205b-424c-92d1-1dc604d5419b-79045675 avg. like is -86.8828 over 228 frames.
LOG (gmm-acc-stats-ali[5.5.513~2-b5f4cf]:main():gmm-acc-stats-ali.cc:105) Processed 8250 utterances; for utterance 53086749-205b-424c-92d1-1dc604d5419b-83037125 avg. like is -90.6441 over 288 frames.
LOG (gmm-acc-stats-ali[5.5.513~2-b5f4cf]:main():gmm-acc-stats-ali.cc:105) Processed 8300 utterances; for utterance 53086749-205b-424c-92d1-1dc604d5419b-85919085 avg. like is -89.019 over 228 frames.
LOG (gmm-acc-stats-ali[5.5.513~2-b5f4cf]:main():gmm-acc-stats-ali.cc:105) Processed 8350 utterances; for utterance 53086749-205b-424c-92d1-1dc604d5419b-8762365 avg. like is -96.5346 over 858 frames.
LOG (gmm-acc-stats-ali[5.5.513~2-b5f4cf]:main():gmm-acc-stats-ali.cc:105) Processed 8400 utterances; for utterance 53086749-205b-424c-92d1-1dc604d5419b-90269595 avg. like is -88.7604 over 318 frames.
LOG (gmm-acc-stats-ali[5.5.513~2-b5f4cf]:main():gmm-acc-stats-ali.cc:105) Processed 8450 utterances; for utterance 53086749-205b-424c-92d1-1dc604d5419b-93321690 avg. like is -84.1446 over 258 frames.
LOG (gmm-acc-stats-ali[5.5.513~2-b5f4cf]:main():gmm-acc-stats-ali.cc:105) Processed 8500 utterances; for utterance 5334690b-3ce5-4906-a12c-203c2c4c209b-10462190 avg. like is -97.5938 over 668 frames.
LOG (gmm-acc-stats-ali[5.5.513~2-b5f4cf]:main():gmm-acc-stats-ali.cc:105) Processed 8550 utterances; for utterance 5334690b-3ce5-4906-a12c-203c2c4c209b-1433720 avg. like is -98.5071 over 928 frames.
LOG (gmm-acc-stats-ali[5.5.513~2-b5f4cf]:main():gmm-acc-stats-ali.cc:105) Processed 8600 utterances; for utterance 5334690b-3ce5-4906-a12c-203c2c4c209b-22646860 avg. like is -98.5054 over 1378 frames.
LOG (gmm-acc-stats-ali[5.5.513~2-b5f4cf]:main():gmm-acc-stats-ali.cc:105) Processed 8650 utterances; for utterance 5334690b-3ce5-4906-a12c-203c2c4c209b-28771110 avg. like is -98.1884 over 658 frames.
LOG (gmm-acc-stats-ali[5.5.513~2-b5f4cf]:main():gmm-acc-stats-ali.cc:105) Processed 8700 utterances; for utterance 5334690b-3ce5-4906-a12c-203c2c4c209b-38443955 avg. like is -99.4209 over 908 frames.
LOG (gmm-acc-stats-ali[5.5.513~2-b5f4cf]:main():gmm-acc-stats-ali.cc:105) Processed 8750 utterances; for utterance 5334690b-3ce5-4906-a12c-203c2c4c209b-46828890 avg. like is -98.4804 over 1908 frames.
LOG (gmm-acc-stats-ali[5.5.513~2-b5f4cf]:main():gmm-acc-stats-ali.cc:105) Processed 8800 utterances; for utterance 5334690b-3ce5-4906-a12c-203c2c4c209b-55467130 avg. like is -97.9439 over 728 frames.
LOG (gmm-acc-stats-ali[5.5.513~2-b5f4cf]:main():gmm-acc-stats-ali.cc:105) Processed 8850 utterances; for utterance 5334690b-3ce5-4906-a12c-203c2c4c209b-65429600 avg. like is -97.8266 over 1268 frames.
LOG (gmm-acc-stats-ali[5.5.513~2-b5f4cf]:main():gmm-acc-stats-ali.cc:105) Processed 8900 utterances; for utterance 55065c47-1290-4974-997e-e77f24e7c72d-11070146 avg. like is -98.4882 over 738 frames.
LOG (gmm-acc-stats-ali[5.5.513~2-b5f4cf]:main():gmm-acc-stats-ali.cc:105) Processed 8950 utterances; for utterance 55065c47-1290-4974-997e-e77f24e7c72d-17345118 avg. like is -92.9949 over 1048 frames.
LOG (gmm-acc-stats-ali[5.5.513~2-b5f4cf]:main():gmm-acc-stats-ali.cc:105) Processed 9000 utterances; for utterance 55065c47-1290-4974-997e-e77f24e7c72d-23621886 avg. like is -101.498 over 1258 frames.
LOG (gmm-acc-stats-ali[5.5.513~2-b5f4cf]:main():gmm-acc-stats-ali.cc:105) Processed 9050 utterances; for utterance 55065c47-1290-4974-997e-e77f24e7c72d-36770498 avg. like is -93.3349 over 648 frames.
LOG (gmm-acc-stats-ali[5.5.513~2-b5f4cf]:main():gmm-acc-stats-ali.cc:105) Processed 9100 utterances; for utterance 55065c47-1290-4974-997e-e77f24e7c72d-47040911 avg. like is -98.5352 over 808 frames.
LOG (gmm-acc-stats-ali[5.5.513~2-b5f4cf]:main():gmm-acc-stats-ali.cc:105) Processed 9150 utterances; for utterance 55065c47-1290-4974-997e-e77f24e7c72d-51117493 avg. like is -93.9477 over 1068 frames.
LOG (gmm-acc-stats-ali[5.5.513~2-b5f4cf]:main():gmm-acc-stats-ali.cc:105) Processed 9200 utterances; for utterance 572b6f98-8ae3-4f26-b0e0-7c843b106e58-10626587 avg. like is -104.356 over 733 frames.
LOG (gmm-acc-stats-ali[5.5.513~2-b5f4cf]:main():gmm-acc-stats-ali.cc:105) Processed 9250 utterances; for utterance 572b6f98-8ae3-4f26-b0e0-7c843b106e58-19725682 avg. like is -104.647 over 778 frames.
LOG (gmm-acc-stats-ali[5.5.513~2-b5f4cf]:main():gmm-acc-stats-ali.cc:105) Processed 9300 utterances; for utterance 572b6f98-8ae3-4f26-b0e0-7c843b106e58-28036627 avg. like is -105.644 over 1028 frames.
LOG (gmm-acc-stats-ali[5.5.513~2-b5f4cf]:main():gmm-acc-stats-ali.cc:105) Processed 9350 utterances; for utterance 572b6f98-8ae3-4f26-b0e0-7c843b106e58-42762597 avg. like is -106.019 over 1728 frames.
LOG (gmm-acc-stats-ali[5.5.513~2-b5f4cf]:main():gmm-acc-stats-ali.cc:105) Processed 9400 utterances; for utterance 572b6f98-8ae3-4f26-b0e0-7c843b106e58-6141732 avg. like is -105.436 over 908 frames.
LOG (gmm-acc-stats-ali[5.5.513~2-b5f4cf]:main():gmm-acc-stats-ali.cc:105) Processed 9450 utterances; for utterance 572b6f98-8ae3-4f26-b0e0-7c843b106e58-68239512 avg. like is -107.441 over 2138 frames.
LOG (gmm-acc-stats-ali[5.5.513~2-b5f4cf]:main():gmm-acc-stats-ali.cc:105) Processed 9500 utterances; for utterance 572b6f98-8ae3-4f26-b0e0-7c843b106e58-74916267 avg. like is -104.592 over 1668 frames.
LOG (gmm-acc-stats-ali[5.5.513~2-b5f4cf]:main():gmm-acc-stats-ali.cc:105) Processed 9550 utterances; for utterance 572b6f98-8ae3-4f26-b0e0-7c843b106e58-9941817 avg. like is -103.035 over 503 frames.
LOG (gmm-acc-stats-ali[5.5.513~2-b5f4cf]:main():gmm-acc-stats-ali.cc:105) Processed 9600 utterances; for utterance 57bacdf5-a335-4043-bef0-07c0f7aa0ce9-13426722 avg. like is -105.355 over 1088 frames.
LOG (gmm-acc-stats-ali[5.5.513~2-b5f4cf]:main():gmm-acc-stats-ali.cc:105) Processed 9650 utterances; for utterance 57bacdf5-a335-4043-bef0-07c0f7aa0ce9-24944452 avg. like is -105.924 over 1488 frames.
LOG (gmm-acc-stats-ali[5.5.513~2-b5f4cf]:main():gmm-acc-stats-ali.cc:105) Processed 9700 utterances; for utterance 57bacdf5-a335-4043-bef0-07c0f7aa0ce9-30935852 avg. like is -103.288 over 598 frames.
LOG (gmm-acc-stats-ali[5.5.513~2-b5f4cf]:main():gmm-acc-stats-ali.cc:105) Processed 9750 utterances; for utterance 57bacdf5-a335-4043-bef0-07c0f7aa0ce9-40045597 avg. like is -104.205 over 658 frames.
LOG (gmm-acc-stats-ali[5.5.513~2-b5f4cf]:main():gmm-acc-stats-ali.cc:105) Processed 9800 utterances; for utterance 57bacdf5-a335-4043-bef0-07c0f7aa0ce9-51732527 avg. like is -104.482 over 1043 frames.
LOG (gmm-acc-stats-ali[5.5.513~2-b5f4cf]:main():gmm-acc-stats-ali.cc:105) Processed 9850 utterances; for utterance 57bacdf5-a335-4043-bef0-07c0f7aa0ce9-63126287 avg. like is -106.017 over 1293 frames.
LOG (gmm-acc-stats-ali[5.5.513~2-b5f4cf]:main():gmm-acc-stats-ali.cc:105) Processed 9900 utterances; for utterance 57bacdf5-a335-4043-bef0-07c0f7aa0ce9-70251962 avg. like is -102.822 over 693 frames.
LOG (gmm-acc-stats-ali[5.5.513~2-b5f4cf]:main():gmm-acc-stats-ali.cc:105) Processed 9950 utterances; for utterance 57bacdf5-a335-4043-bef0-07c0f7aa0ce9-76372952 avg. like is -106.76 over 1168 frames.
LOG (gmm-acc-stats-ali[5.5.513~2-b5f4cf]:main():gmm-acc-stats-ali.cc:105) Processed 10000 utterances; for utterance 5908a865-1bd8-447d-a249-aea7c7a6c2b2-11037872 avg. like is -105.265 over 523 frames.
LOG (gmm-acc-stats-ali[5.5.513~2-b5f4cf]:main():gmm-acc-stats-ali.cc:105) Processed 10050 utterances; for utterance 5908a865-1bd8-447d-a249-aea7c7a6c2b2-17036119 avg. like is -84.9184 over 908 frames.
LOG (gmm-acc-stats-ali[5.5.513~2-b5f4cf]:main():gmm-acc-stats-ali.cc:105) Processed 10100 utterances; for utterance 5908a865-1bd8-447d-a249-aea7c7a6c2b2-27235752 avg. like is -106.537 over 1293 frames.
LOG (gmm-acc-stats-ali[5.5.513~2-b5f4cf]:main():gmm-acc-stats-ali.cc:105) Processed 10150 utterances; for utterance 5908a865-1bd8-447d-a249-aea7c7a6c2b2-32863694 avg. like is -85.3062 over 1468 frames.
LOG (gmm-acc-stats-ali[5.5.513~2-b5f4cf]:main():gmm-acc-stats-ali.cc:105) Processed 10200 utterances; for utterance 5908a865-1bd8-447d-a249-aea7c7a6c2b2-43229492 avg. like is -103.641 over 573 frames.
LOG (gmm-acc-stats-ali[5.5.513~2-b5f4cf]:main():gmm-acc-stats-ali.cc:105) Processed 10250 utterances; for utterance 5908a865-1bd8-447d-a249-aea7c7a6c2b2-47343009 avg. like is -85.1749 over 898 frames.
LOG (gmm-acc-stats-ali[5.5.513~2-b5f4cf]:main():gmm-acc-stats-ali.cc:105) Processed 10300 utterances; for utterance 5908a865-1bd8-447d-a249-aea7c7a6c2b2-5770612 avg. like is -100.463 over 373 frames.
LOG (gmm-acc-stats-ali[5.5.513~2-b5f4cf]:main():gmm-acc-stats-ali.cc:105) Processed 10350 utterances; for utterance 5d4e18ac-7335-4d0c-9578-88edb439e303-12273904 avg. like is -86.0193 over 638 frames.
LOG (gmm-acc-stats-ali[5.5.513~2-b5f4cf]:main():gmm-acc-stats-ali.cc:105) Processed 10400 utterances; for utterance 5d4e18ac-7335-4d0c-9578-88edb439e303-20219667 avg. like is -101.874 over 413 frames.
LOG (gmm-acc-stats-ali[5.5.513~2-b5f4cf]:main():gmm-acc-stats-ali.cc:105) Processed 10450 utterances; for utterance 5d4e18ac-7335-4d0c-9578-88edb439e303-32428099 avg. like is -86.3225 over 1598 frames.
LOG (gmm-acc-stats-ali[5.5.513~2-b5f4cf]:main():gmm-acc-stats-ali.cc:105) Processed 10500 utterances; for utterance 5d4e18ac-7335-4d0c-9578-88edb439e303-4316947 avg. like is -105.476 over 718 frames.
LOG (gmm-acc-stats-ali[5.5.513~2-b5f4cf]:main():gmm-acc-stats-ali.cc:105) Processed 10550 utterances; for utterance 5d4e18ac-7335-4d0c-9578-88edb439e303-5237674 avg. like is -87.9067 over 948 frames.
LOG (gmm-acc-stats-ali[5.5.513~2-b5f4cf]:main():gmm-acc-stats-ali.cc:105) Processed 10600 utterances; for utterance 5fb8be04-79af-446a-8a48-907f8f193671-79230275 avg. like is -90.9164 over 278 frames.
LOG (gmm-acc-stats-ali[5.5.513~2-b5f4cf]:main():gmm-acc-stats-ali.cc:105) Processed 10650 utterances; for utterance 65474a52-b0d9-45a6-99bf-da4c22df07a4-10957605 avg. like is -91.0936 over 758 frames.
LOG (gmm-acc-stats-ali[5.5.513~2-b5f4cf]:main():gmm-acc-stats-ali.cc:105) Processed 10700 utterances; for utterance 65474a52-b0d9-45a6-99bf-da4c22df07a4-18453340 avg. like is -94.2572 over 1188 frames.
LOG (gmm-acc-stats-ali[5.5.513~2-b5f4cf]:main():gmm-acc-stats-ali.cc:105) Processed 10750 utterances; for utterance 65474a52-b0d9-45a6-99bf-da4c22df07a4-23745455 avg. like is -92.5005 over 708 frames.
LOG (gmm-acc-stats-ali[5.5.513~2-b5f4cf]:main():gmm-acc-stats-ali.cc:105) Processed 10800 utterances; for utterance 65474a52-b0d9-45a6-99bf-da4c22df07a4-37719490 avg. like is -95.8822 over 1198 frames.
LOG (gmm-acc-stats-ali[5.5.513~2-b5f4cf]:main():gmm-acc-stats-ali.cc:105) Processed 10850 utterances; for utterance 65474a52-b0d9-45a6-99bf-da4c22df07a4-53934225 avg. like is -86.8263 over 338 frames.
LOG (gmm-acc-stats-ali[5.5.513~2-b5f4cf]:main():gmm-acc-stats-ali.cc:105) Processed 10900 utterances; for utterance 65474a52-b0d9-45a6-99bf-da4c22df07a4-65618390 avg. like is -94.3824 over 1008 frames.
LOG (gmm-acc-stats-ali[5.5.513~2-b5f4cf]:main():gmm-acc-stats-ali.cc:105) Processed 10950 utterances; for utterance 65474a52-b0d9-45a6-99bf-da4c22df07a4-75526875 avg. like is -96.5122 over 1838 frames.
LOG (gmm-acc-stats-ali[5.5.513~2-b5f4cf]:main():gmm-acc-stats-ali.cc:105) Processed 11000 utterances; for utterance 65474a52-b0d9-45a6-99bf-da4c22df07a4-80036970 avg. like is -89.3489 over 238 frames.
LOG (gmm-acc-stats-ali[5.5.513~2-b5f4cf]:main():gmm-acc-stats-ali.cc:105) Processed 11050 utterances; for utterance 65474a52-b0d9-45a6-99bf-da4c22df07a4-82013395 avg. like is -81.7625 over 188 frames.
LOG (gmm-acc-stats-ali[5.5.513~2-b5f4cf]:main():gmm-acc-stats-ali.cc:105) Processed 11100 utterances; for utterance 65474a52-b0d9-45a6-99bf-da4c22df07a4-87050460 avg. like is -89.1165 over 198 frames.
LOG (gmm-acc-stats-ali[5.5.513~2-b5f4cf]:main():gmm-acc-stats-ali.cc:105) Processed 11150 utterances; for utterance 65474a52-b0d9-45a6-99bf-da4c22df07a4-90629950 avg. like is -88.3659 over 228 frames.
LOG (gmm-acc-stats-ali[5.5.513~2-b5f4cf]:main():gmm-acc-stats-ali.cc:105) Processed 11200 utterances; for utterance 655cf313-c435-4775-914b-0a326d55735f-10352865 avg. like is -93.7065 over 1798 frames.
LOG (gmm-acc-stats-ali[5.5.513~2-b5f4cf]:main():gmm-acc-stats-ali.cc:105) Processed 11250 utterances; for utterance 655cf313-c435-4775-914b-0a326d55735f-18056045 avg. like is -96.08 over 1848 frames.
LOG (gmm-acc-stats-ali[5.5.513~2-b5f4cf]:main():gmm-acc-stats-ali.cc:105) Processed 11300 utterances; for utterance 655cf313-c435-4775-914b-0a326d55735f-23625540 avg. like is -98.6039 over 1368 frames.
LOG (gmm-acc-stats-ali[5.5.513~2-b5f4cf]:main():gmm-acc-stats-ali.cc:105) Processed 11350 utterances; for utterance 655cf313-c435-4775-914b-0a326d55735f-28517550 avg. like is -95.495 over 1868 frames.
LOG (gmm-acc-stats-ali[5.5.513~2-b5f4cf]:main():gmm-acc-stats-ali.cc:105) Processed 11400 utterances; for utterance 655cf313-c435-4775-914b-0a326d55735f-4342340 avg. like is -93.0987 over 848 frames.
LOG (gmm-acc-stats-ali[5.5.513~2-b5f4cf]:main():gmm-acc-stats-ali.cc:105) Processed 11450 utterances; for utterance 655cf313-c435-4775-914b-0a326d55735f-71114430 avg. like is -91.7149 over 418 frames.
LOG (gmm-acc-stats-ali[5.5.513~2-b5f4cf]:main():gmm-acc-stats-ali.cc:105) Processed 11500 utterances; for utterance 655cf313-c435-4775-914b-0a326d55735f-73244885 avg. like is -98.6281 over 888 frames.
WARNING (gmm-acc-stats-ali[5.5.513~2-b5f4cf]:main():gmm-acc-stats-ali.cc:79) No alignment for utterance 655cf313-c435-4775-914b-0a326d55735f-74923947
LOG (gmm-acc-stats-ali[5.5.513~2-b5f4cf]:main():gmm-acc-stats-ali.cc:105) Processed 11550 utterances; for utterance 66c99fd2-9f3f-44cb-b148-855b11f018f5-11446496 avg. like is -100.169 over 868 frames.
LOG (gmm-acc-stats-ali[5.5.513~2-b5f4cf]:main():gmm-acc-stats-ali.cc:105) Processed 11600 utterances; for utterance 66c99fd2-9f3f-44cb-b148-855b11f018f5-16458986 avg. like is -104.35 over 988 frames.
LOG (gmm-acc-stats-ali[5.5.513~2-b5f4cf]:main():gmm-acc-stats-ali.cc:105) Processed 11650 utterances; for utterance 66c99fd2-9f3f-44cb-b148-855b11f018f5-240661 avg. like is -102.634 over 808 frames.
LOG (gmm-acc-stats-ali[5.5.513~2-b5f4cf]:main():gmm-acc-stats-ali.cc:105) Processed 11700 utterances; for utterance 66c99fd2-9f3f-44cb-b148-855b11f018f5-32035946 avg. like is -104.279 over 2508 frames.
LOG (gmm-acc-stats-ali[5.5.513~2-b5f4cf]:main():gmm-acc-stats-ali.cc:105) Processed 11750 utterances; for utterance 66c99fd2-9f3f-44cb-b148-855b11f018f5-45123491 avg. like is -103.373 over 1798 frames.
LOG (gmm-acc-stats-ali[5.5.513~2-b5f4cf]:main():gmm-acc-stats-ali.cc:105) Processed 11800 utterances; for utterance 66c99fd2-9f3f-44cb-b148-855b11f018f5-54218111 avg. like is -102.096 over 978 frames.
LOG (gmm-acc-stats-ali[5.5.513~2-b5f4cf]:main():gmm-acc-stats-ali.cc:105) Processed 11850 utterances; for utterance 66c99fd2-9f3f-44cb-b148-855b11f018f5-64841746 avg. like is -102.684 over 1478 frames.
LOG (gmm-acc-stats-ali[5.5.513~2-b5f4cf]:main():gmm-acc-stats-ali.cc:105) Processed 11900 utterances; for utterance 696814d6-3583-4280-9f8f-ebfca15b3d9e-14019071 avg. like is -102.668 over 648 frames.
LOG (gmm-acc-stats-ali[5.5.513~2-b5f4cf]:main():gmm-acc-stats-ali.cc:105) Processed 11950 utterances; for utterance 696814d6-3583-4280-9f8f-ebfca15b3d9e-22035241 avg. like is -100.85 over 1838 frames.
LOG (gmm-acc-stats-ali[5.5.513~2-b5f4cf]:main():gmm-acc-stats-ali.cc:105) Processed 12000 utterances; for utterance 696814d6-3583-4280-9f8f-ebfca15b3d9e-28572806 avg. like is -104.278 over 1828 frames.
LOG (gmm-acc-stats-ali[5.5.513~2-b5f4cf]:main():gmm-acc-stats-ali.cc:105) Processed 12050 utterances; for utterance 696814d6-3583-4280-9f8f-ebfca15b3d9e-36767281 avg. like is -101.337 over 598 frames.
LOG (gmm-acc-stats-ali[5.5.513~2-b5f4cf]:main():gmm-acc-stats-ali.cc:105) Processed 12100 utterances; for utterance 696814d6-3583-4280-9f8f-ebfca15b3d9e-43043686 avg. like is -103.908 over 978 frames.
LOG (gmm-acc-stats-ali[5.5.513~2-b5f4cf]:main():gmm-acc-stats-ali.cc:105) Processed 12150 utterances; for utterance 696814d6-3583-4280-9f8f-ebfca15b3d9e-5827206 avg. like is -99.612 over 858 frames.
LOG (gmm-acc-stats-ali[5.5.513~2-b5f4cf]:main():gmm-acc-stats-ali.cc:105) Processed 12200 utterances; for utterance 6b5cb26c-8e7e-4fa6-84b8-c648fadc1d5e-11148391 avg. like is -104.092 over 1818 frames.
LOG (gmm-acc-stats-ali[5.5.513~2-b5f4cf]:main():gmm-acc-stats-ali.cc:105) Processed 12250 utterances; for utterance 6b5cb26c-8e7e-4fa6-84b8-c648fadc1d5e-16246951 avg. like is -101.759 over 538 frames.
LOG (gmm-acc-stats-ali[5.5.513~2-b5f4cf]:main():gmm-acc-stats-ali.cc:105) Processed 12300 utterances; for utterance 6b5cb26c-8e7e-4fa6-84b8-c648fadc1d5e-21815136 avg. like is -102.123 over 598 frames.
LOG (gmm-acc-stats-ali[5.5.513~2-b5f4cf]:main():gmm-acc-stats-ali.cc:105) Processed 12350 utterances; for utterance 6b5cb26c-8e7e-4fa6-84b8-c648fadc1d5e-32326091 avg. like is -104.572 over 1538 frames.
LOG (gmm-acc-stats-ali[5.5.513~2-b5f4cf]:main():gmm-acc-stats-ali.cc:105) Processed 12400 utterances; for utterance 6b5cb26c-8e7e-4fa6-84b8-c648fadc1d5e-43168726 avg. like is -102.402 over 318 frames.
LOG (gmm-acc-stats-ali[5.5.513~2-b5f4cf]:main():gmm-acc-stats-ali.cc:105) Processed 12450 utterances; for utterance 6b5cb26c-8e7e-4fa6-84b8-c648fadc1d5e-51869331 avg. like is -106.96 over 608 frames.
LOG (gmm-acc-stats-ali[5.5.513~2-b5f4cf]:main():gmm-acc-stats-ali.cc:105) Processed 12500 utterances; for utterance 6b5cb26c-8e7e-4fa6-84b8-c648fadc1d5e-65740821 avg. like is -103.376 over 1368 frames.
LOG (gmm-acc-stats-ali[5.5.513~2-b5f4cf]:main():gmm-acc-stats-ali.cc:105) Processed 12550 utterances; for utterance 6b5cb26c-8e7e-4fa6-84b8-c648fadc1d5e-72325006 avg. like is -103.68 over 658 frames.
LOG (gmm-acc-stats-ali[5.5.513~2-b5f4cf]:main():gmm-acc-stats-ali.cc:105) Processed 12600 utterances; for utterance 6d7ead99-44a4-49d2-8c44-7a70d8897db3-10749616 avg. like is -100.095 over 408 frames.
LOG (gmm-acc-stats-ali[5.5.513~2-b5f4cf]:main():gmm-acc-stats-ali.cc:105) Processed 12650 utterances; for utterance 6d7ead99-44a4-49d2-8c44-7a70d8897db3-18237526 avg. like is -100.24 over 768 frames.
LOG (gmm-acc-stats-ali[5.5.513~2-b5f4cf]:main():gmm-acc-stats-ali.cc:105) Processed 12700 utterances; for utterance 6d7ead99-44a4-49d2-8c44-7a70d8897db3-27241741 avg. like is -105.053 over 1218 frames.
LOG (gmm-acc-stats-ali[5.5.513~2-b5f4cf]:main():gmm-acc-stats-ali.cc:105) Processed 12750 utterances; for utterance 6d7ead99-44a4-49d2-8c44-7a70d8897db3-32318531 avg. like is -102.835 over 1528 frames.
LOG (gmm-acc-stats-ali[5.5.513~2-b5f4cf]:main():gmm-acc-stats-ali.cc:105) Processed 12800 utterances; for utterance 6d7ead99-44a4-49d2-8c44-7a70d8897db3-4837216 avg. like is -101.796 over 778 frames.
LOG (gmm-acc-stats-ali[5.5.513~2-b5f4cf]:main():gmm-acc-stats-ali.cc:105) Processed 12850 utterances; for utterance 6d7ead99-44a4-49d2-8c44-7a70d8897db3-64915376 avg. like is -100.481 over 518 frames.
LOG (gmm-acc-stats-ali[5.5.513~2-b5f4cf]:main():gmm-acc-stats-ali.cc:105) Processed 12900 utterances; for utterance 6da34565-2d21-4917-87bd-68deaf78a58a-11069296 avg. like is -105.618 over 508 frames.
LOG (gmm-acc-stats-ali[5.5.513~2-b5f4cf]:main():gmm-acc-stats-ali.cc:105) Processed 12950 utterances; for utterance 6da34565-2d21-4917-87bd-68deaf78a58a-18364091 avg. like is -105.851 over 1148 frames.
WARNING (gmm-acc-stats-ali[5.5.513~2-b5f4cf]:main():gmm-acc-stats-ali.cc:79) No alignment for utterance 6da34565-2d21-4917-87bd-68deaf78a58a-20931111
WARNING (gmm-acc-stats-ali[5.5.513~2-b5f4cf]:main():gmm-acc-stats-ali.cc:79) No alignment for utterance 6da34565-2d21-4917-87bd-68deaf78a58a-20931112
WARNING (gmm-acc-stats-ali[5.5.513~2-b5f4cf]:main():gmm-acc-stats-ali.cc:79) No alignment for utterance 6da34565-2d21-4917-87bd-68deaf78a58a-20931114
WARNING (gmm-acc-stats-ali[5.5.513~2-b5f4cf]:main():gmm-acc-stats-ali.cc:79) No alignment for utterance 6da34565-2d21-4917-87bd-68deaf78a58a-20931115
LOG (gmm-acc-stats-ali[5.5.513~2-b5f4cf]:main():gmm-acc-stats-ali.cc:105) Processed 13000 utterances; for utterance 6da34565-2d21-4917-87bd-68deaf78a58a-22247291 avg. like is -102.097 over 548 frames.
LOG (gmm-acc-stats-ali[5.5.513~2-b5f4cf]:main():gmm-acc-stats-ali.cc:105) Processed 13050 utterances; for utterance 6da34565-2d21-4917-87bd-68deaf78a58a-27513436 avg. like is -104.595 over 638 frames.
LOG (gmm-acc-stats-ali[5.5.513~2-b5f4cf]:main():gmm-acc-stats-ali.cc:105) Processed 13100 utterances; for utterance 6da34565-2d21-4917-87bd-68deaf78a58a-32724801 avg. like is -103.325 over 598 frames.
LOG (gmm-acc-stats-ali[5.5.513~2-b5f4cf]:main():gmm-acc-stats-ali.cc:105) Processed 13150 utterances; for utterance 6da34565-2d21-4917-87bd-68deaf78a58a-410576 avg. like is -103.91 over 998 frames.
LOG (gmm-acc-stats-ali[5.5.513~2-b5f4cf]:main():gmm-acc-stats-ali.cc:105) Processed 13200 utterances; for utterance 6da34565-2d21-4917-87bd-68deaf78a58a-47930611 avg. like is -103.328 over 588 frames.
LOG (gmm-acc-stats-ali[5.5.513~2-b5f4cf]:main():gmm-acc-stats-ali.cc:105) Processed 13250 utterances; for utterance 6da34565-2d21-4917-87bd-68deaf78a58a-54335801 avg. like is -106.347 over 598 frames.
LOG (gmm-acc-stats-ali[5.5.513~2-b5f4cf]:main():gmm-acc-stats-ali.cc:105) Processed 13300 utterances; for utterance 6da34565-2d21-4917-87bd-68deaf78a58a-61310371 avg. like is -103.009 over 598 frames.
WARNING (gmm-acc-stats-ali[5.5.513~2-b5f4cf]:main():gmm-acc-stats-ali.cc:79) No alignment for utterance 6ebaef8d-bea4-424b-b341-a106c33f37e5-045914
WARNING (gmm-acc-stats-ali[5.5.513~2-b5f4cf]:main():gmm-acc-stats-ali.cc:79) No alignment for utterance 6ebaef8d-bea4-424b-b341-a106c33f37e5-10733249
WARNING (gmm-acc-stats-ali[5.5.513~2-b5f4cf]:main():gmm-acc-stats-ali.cc:79) No alignment for utterance 6ebaef8d-bea4-424b-b341-a106c33f37e5-10872114
WARNING (gmm-acc-stats-ali[5.5.513~2-b5f4cf]:main():gmm-acc-stats-ali.cc:79) No alignment for utterance 6ebaef8d-bea4-424b-b341-a106c33f37e5-11512554
LOG (gmm-acc-stats-ali[5.5.513~2-b5f4cf]:main():gmm-acc-stats-ali.cc:105) Processed 13350 utterances; for utterance 6ebaef8d-bea4-424b-b341-a106c33f37e5-11712096 avg. like is -98.2668 over 508 frames.
WARNING (gmm-acc-stats-ali[5.5.513~2-b5f4cf]:main():gmm-acc-stats-ali.cc:79) No alignment for utterance 6ebaef8d-bea4-424b-b341-a106c33f37e5-11712099
WARNING (gmm-acc-stats-ali[5.5.513~2-b5f4cf]:main():gmm-acc-stats-ali.cc:79) No alignment for utterance 6ebaef8d-bea4-424b-b341-a106c33f37e5-12016264
WARNING (gmm-acc-stats-ali[5.5.513~2-b5f4cf]:main():gmm-acc-stats-ali.cc:79) No alignment for utterance 6ebaef8d-bea4-424b-b341-a106c33f37e5-13748299
WARNING (gmm-acc-stats-ali[5.5.513~2-b5f4cf]:main():gmm-acc-stats-ali.cc:79) No alignment for utterance 6ebaef8d-bea4-424b-b341-a106c33f37e5-14568584
WARNING (gmm-acc-stats-ali[5.5.513~2-b5f4cf]:main():gmm-acc-stats-ali.cc:79) No alignment for utterance 6ebaef8d-bea4-424b-b341-a106c33f37e5-14720829
WARNING (gmm-acc-stats-ali[5.5.513~2-b5f4cf]:main():gmm-acc-stats-ali.cc:79) No alignment for utterance 6ebaef8d-bea4-424b-b341-a106c33f37e5-1525799
WARNING (gmm-acc-stats-ali[5.5.513~2-b5f4cf]:main():gmm-acc-stats-ali.cc:79) No alignment for utterance 6ebaef8d-bea4-424b-b341-a106c33f37e5-1543859
WARNING (gmm-acc-stats-ali[5.5.513~2-b5f4cf]:main():gmm-acc-stats-ali.cc:79) No alignment for utterance 6ebaef8d-bea4-424b-b341-a106c33f37e5-15563544
WARNING (gmm-acc-stats-ali[5.5.513~2-b5f4cf]:main():gmm-acc-stats-ali.cc:79) No alignment for utterance 6ebaef8d-bea4-424b-b341-a106c33f37e5-1569389
WARNING (gmm-acc-stats-ali[5.5.513~2-b5f4cf]:main():gmm-acc-stats-ali.cc:79) No alignment for utterance 6ebaef8d-bea4-424b-b341-a106c33f37e5-15855749
WARNING (gmm-acc-stats-ali[5.5.513~2-b5f4cf]:main():gmm-acc-stats-ali.cc:79) No alignment for utterance 6ebaef8d-bea4-424b-b341-a106c33f37e5-15910274
WARNING (gmm-acc-stats-ali[5.5.513~2-b5f4cf]:main():gmm-acc-stats-ali.cc:79) No alignment for utterance 6ebaef8d-bea4-424b-b341-a106c33f37e5-15911009
WARNING (gmm-acc-stats-ali[5.5.513~2-b5f4cf]:main():gmm-acc-stats-ali.cc:79) No alignment for utterance 6ebaef8d-bea4-424b-b341-a106c33f37e5-16815594
WARNING (gmm-acc-stats-ali[5.5.513~2-b5f4cf]:main():gmm-acc-stats-ali.cc:79) No alignment for utterance 6ebaef8d-bea4-424b-b341-a106c33f37e5-17013754
WARNING (gmm-acc-stats-ali[5.5.513~2-b5f4cf]:main():gmm-acc-stats-ali.cc:79) No alignment for utterance 6ebaef8d-bea4-424b-b341-a106c33f37e5-17753599
WARNING (gmm-acc-stats-ali[5.5.513~2-b5f4cf]:main():gmm-acc-stats-ali.cc:79) No alignment for utterance 6ebaef8d-bea4-424b-b341-a106c33f37e5-17768564
WARNING (gmm-acc-stats-ali[5.5.513~2-b5f4cf]:main():gmm-acc-stats-ali.cc:79) No alignment for utterance 6ebaef8d-bea4-424b-b341-a106c33f37e5-18050369
LOG (gmm-acc-stats-ali[5.5.513~2-b5f4cf]:main():gmm-acc-stats-ali.cc:105) Processed 13400 utterances; for utterance 6ebaef8d-bea4-424b-b341-a106c33f37e5-18050370 avg. like is -97.0006 over 1378 frames.
WARNING (gmm-acc-stats-ali[5.5.513~2-b5f4cf]:main():gmm-acc-stats-ali.cc:79) No alignment for utterance 6ebaef8d-bea4-424b-b341-a106c33f37e5-18460709
WARNING (gmm-acc-stats-ali[5.5.513~2-b5f4cf]:main():gmm-acc-stats-ali.cc:79) No alignment for utterance 6ebaef8d-bea4-424b-b341-a106c33f37e5-1851234
WARNING (gmm-acc-stats-ali[5.5.513~2-b5f4cf]:main():gmm-acc-stats-ali.cc:79) No alignment for utterance 6ebaef8d-bea4-424b-b341-a106c33f37e5-18529784
WARNING (gmm-acc-stats-ali[5.5.513~2-b5f4cf]:main():gmm-acc-stats-ali.cc:79) No alignment for utterance 6ebaef8d-bea4-424b-b341-a106c33f37e5-18542389
WARNING (gmm-acc-stats-ali[5.5.513~2-b5f4cf]:main():gmm-acc-stats-ali.cc:79) No alignment for utterance 6ebaef8d-bea4-424b-b341-a106c33f37e5-19338294
WARNING (gmm-acc-stats-ali[5.5.513~2-b5f4cf]:main():gmm-acc-stats-ali.cc:79) No alignment for utterance 6ebaef8d-bea4-424b-b341-a106c33f37e5-19810439
WARNING (gmm-acc-stats-ali[5.5.513~2-b5f4cf]:main():gmm-acc-stats-ali.cc:79) No alignment for utterance 6ebaef8d-bea4-424b-b341-a106c33f37e5-19822419
WARNING (gmm-acc-stats-ali[5.5.513~2-b5f4cf]:main():gmm-acc-stats-ali.cc:79) No alignment for utterance 6ebaef8d-bea4-424b-b341-a106c33f37e5-20355144
WARNING (gmm-acc-stats-ali[5.5.513~2-b5f4cf]:main():gmm-acc-stats-ali.cc:79) No alignment for utterance 6ebaef8d-bea4-424b-b341-a106c33f37e5-21960389
WARNING (gmm-acc-stats-ali[5.5.513~2-b5f4cf]:main():gmm-acc-stats-ali.cc:79) No alignment for utterance 6ebaef8d-bea4-424b-b341-a106c33f37e5-22334709
WARNING (gmm-acc-stats-ali[5.5.513~2-b5f4cf]:main():gmm-acc-stats-ali.cc:79) No alignment for utterance 6ebaef8d-bea4-424b-b341-a106c33f37e5-23350769
WARNING (gmm-acc-stats-ali[5.5.513~2-b5f4cf]:main():gmm-acc-stats-ali.cc:79) No alignment for utterance 6ebaef8d-bea4-424b-b341-a106c33f37e5-23715769
WARNING (gmm-acc-stats-ali[5.5.513~2-b5f4cf]:main():gmm-acc-stats-ali.cc:79) No alignment for utterance 6ebaef8d-bea4-424b-b341-a106c33f37e5-24958024
WARNING (gmm-acc-stats-ali[5.5.513~2-b5f4cf]:main():gmm-acc-stats-ali.cc:79) No alignment for utterance 6ebaef8d-bea4-424b-b341-a106c33f37e5-25550714
WARNING (gmm-acc-stats-ali[5.5.513~2-b5f4cf]:main():gmm-acc-stats-ali.cc:79) No alignment for utterance 6ebaef8d-bea4-424b-b341-a106c33f37e5-27234539
LOG (gmm-acc-stats-ali[5.5.513~2-b5f4cf]:main():gmm-acc-stats-ali.cc:105) Processed 13450 utterances; for utterance 6ebaef8d-bea4-424b-b341-a106c33f37e5-27416671 avg. like is -102.408 over 958 frames.
WARNING (gmm-acc-stats-ali[5.5.513~2-b5f4cf]:main():gmm-acc-stats-ali.cc:79) No alignment for utterance 6ebaef8d-bea4-424b-b341-a106c33f37e5-27416674
WARNING (gmm-acc-stats-ali[5.5.513~2-b5f4cf]:main():gmm-acc-stats-ali.cc:79) No alignment for utterance 6ebaef8d-bea4-424b-b341-a106c33f37e5-27519294
WARNING (gmm-acc-stats-ali[5.5.513~2-b5f4cf]:main():gmm-acc-stats-ali.cc:79) No alignment for utterance 6ebaef8d-bea4-424b-b341-a106c33f37e5-28537019
WARNING (gmm-acc-stats-ali[5.5.513~2-b5f4cf]:main():gmm-acc-stats-ali.cc:79) No alignment for utterance 6ebaef8d-bea4-424b-b341-a106c33f37e5-28559769
WARNING (gmm-acc-stats-ali[5.5.513~2-b5f4cf]:main():gmm-acc-stats-ali.cc:79) No alignment for utterance 6ebaef8d-bea4-424b-b341-a106c33f37e5-29710149
WARNING (gmm-acc-stats-ali[5.5.513~2-b5f4cf]:main():gmm-acc-stats-ali.cc:79) No alignment for utterance 6ebaef8d-bea4-424b-b341-a106c33f37e5-30158934
WARNING (gmm-acc-stats-ali[5.5.513~2-b5f4cf]:main():gmm-acc-stats-ali.cc:79) No alignment for utterance 6ebaef8d-bea4-424b-b341-a106c33f37e5-32816484
WARNING (gmm-acc-stats-ali[5.5.513~2-b5f4cf]:main():gmm-acc-stats-ali.cc:79) No alignment for utterance 6ebaef8d-bea4-424b-b341-a106c33f37e5-32831439
WARNING (gmm-acc-stats-ali[5.5.513~2-b5f4cf]:main():gmm-acc-stats-ali.cc:79) No alignment for utterance 6ebaef8d-bea4-424b-b341-a106c33f37e5-32920224
WARNING (gmm-acc-stats-ali[5.5.513~2-b5f4cf]:main():gmm-acc-stats-ali.cc:79) No alignment for utterance 6ebaef8d-bea4-424b-b341-a106c33f37e5-32941689
WARNING (gmm-acc-stats-ali[5.5.513~2-b5f4cf]:main():gmm-acc-stats-ali.cc:79) No alignment for utterance 6ebaef8d-bea4-424b-b341-a106c33f37e5-33030499
WARNING (gmm-acc-stats-ali[5.5.513~2-b5f4cf]:main():gmm-acc-stats-ali.cc:79) No alignment for utterance 6ebaef8d-bea4-424b-b341-a106c33f37e5-33033799
WARNING (gmm-acc-stats-ali[5.5.513~2-b5f4cf]:main():gmm-acc-stats-ali.cc:79) No alignment for utterance 6ebaef8d-bea4-424b-b341-a106c33f37e5-336329
WARNING (gmm-acc-stats-ali[5.5.513~2-b5f4cf]:main():gmm-acc-stats-ali.cc:79) No alignment for utterance 6ebaef8d-bea4-424b-b341-a106c33f37e5-34149979
WARNING (gmm-acc-stats-ali[5.5.513~2-b5f4cf]:main():gmm-acc-stats-ali.cc:79) No alignment for utterance 6ebaef8d-bea4-424b-b341-a106c33f37e5-35024374
LOG (gmm-acc-stats-ali[5.5.513~2-b5f4cf]:main():gmm-acc-stats-ali.cc:105) Processed 13500 utterances; for utterance 6ebaef8d-bea4-424b-b341-a106c33f37e5-35463368 avg. like is -97.1679 over 628 frames.
WARNING (gmm-acc-stats-ali[5.5.513~2-b5f4cf]:main():gmm-acc-stats-ali.cc:79) No alignment for utterance 6ebaef8d-bea4-424b-b341-a106c33f37e5-35463369
WARNING (gmm-acc-stats-ali[5.5.513~2-b5f4cf]:main():gmm-acc-stats-ali.cc:79) No alignment for utterance 6ebaef8d-bea4-424b-b341-a106c33f37e5-38265004
WARNING (gmm-acc-stats-ali[5.5.513~2-b5f4cf]:main():gmm-acc-stats-ali.cc:79) No alignment for utterance 6ebaef8d-bea4-424b-b341-a106c33f37e5-3838909
WARNING (gmm-acc-stats-ali[5.5.513~2-b5f4cf]:main():gmm-acc-stats-ali.cc:79) No alignment for utterance 6ebaef8d-bea4-424b-b341-a106c33f37e5-38850594
WARNING (gmm-acc-stats-ali[5.5.513~2-b5f4cf]:main():gmm-acc-stats-ali.cc:79) No alignment for utterance 6ebaef8d-bea4-424b-b341-a106c33f37e5-39752274
WARNING (gmm-acc-stats-ali[5.5.513~2-b5f4cf]:main():gmm-acc-stats-ali.cc:79) No alignment for utterance 6ebaef8d-bea4-424b-b341-a106c33f37e5-40156639
WARNING (gmm-acc-stats-ali[5.5.513~2-b5f4cf]:main():gmm-acc-stats-ali.cc:79) No alignment for utterance 6ebaef8d-bea4-424b-b341-a106c33f37e5-41344714
WARNING (gmm-acc-stats-ali[5.5.513~2-b5f4cf]:main():gmm-acc-stats-ali.cc:79) No alignment for utterance 6ebaef8d-bea4-424b-b341-a106c33f37e5-43250259
WARNING (gmm-acc-stats-ali[5.5.513~2-b5f4cf]:main():gmm-acc-stats-ali.cc:79) No alignment for utterance 6ebaef8d-bea4-424b-b341-a106c33f37e5-43255179
WARNING (gmm-acc-stats-ali[5.5.513~2-b5f4cf]:main():gmm-acc-stats-ali.cc:79) No alignment for utterance 6ebaef8d-bea4-424b-b341-a106c33f37e5-44032019
WARNING (gmm-acc-stats-ali[5.5.513~2-b5f4cf]:main():gmm-acc-stats-ali.cc:79) No alignment for utterance 6ebaef8d-bea4-424b-b341-a106c33f37e5-44713199
WARNING (gmm-acc-stats-ali[5.5.513~2-b5f4cf]:main():gmm-acc-stats-ali.cc:79) No alignment for utterance 6ebaef8d-bea4-424b-b341-a106c33f37e5-45534234
WARNING (gmm-acc-stats-ali[5.5.513~2-b5f4cf]:main():gmm-acc-stats-ali.cc:79) No alignment for utterance 6ebaef8d-bea4-424b-b341-a106c33f37e5-46223169
LOG (gmm-acc-stats-ali[5.5.513~2-b5f4cf]:main():gmm-acc-stats-ali.cc:105) Processed 13550 utterances; for utterance 6ebaef8d-bea4-424b-b341-a106c33f37e5-46463271 avg. like is -98.2579 over 548 frames.
WARNING (gmm-acc-stats-ali[5.5.513~2-b5f4cf]:main():gmm-acc-stats-ali.cc:79) No alignment for utterance 6ebaef8d-bea4-424b-b341-a106c33f37e5-46463274
WARNING (gmm-acc-stats-ali[5.5.513~2-b5f4cf]:main():gmm-acc-stats-ali.cc:79) No alignment for utterance 6ebaef8d-bea4-424b-b341-a106c33f37e5-47745729
WARNING (gmm-acc-stats-ali[5.5.513~2-b5f4cf]:main():gmm-acc-stats-ali.cc:79) No alignment for utterance 6ebaef8d-bea4-424b-b341-a106c33f37e5-47847384
WARNING (gmm-acc-stats-ali[5.5.513~2-b5f4cf]:main():gmm-acc-stats-ali.cc:79) No alignment for utterance 6ebaef8d-bea4-424b-b341-a106c33f37e5-4822964
WARNING (gmm-acc-stats-ali[5.5.513~2-b5f4cf]:main():gmm-acc-stats-ali.cc:79) No alignment for utterance 6ebaef8d-bea4-424b-b341-a106c33f37e5-4921649
WARNING (gmm-acc-stats-ali[5.5.513~2-b5f4cf]:main():gmm-acc-stats-ali.cc:79) No alignment for utterance 6ebaef8d-bea4-424b-b341-a106c33f37e5-51074439
WARNING (gmm-acc-stats-ali[5.5.513~2-b5f4cf]:main():gmm-acc-stats-ali.cc:79) No alignment for utterance 6ebaef8d-bea4-424b-b341-a106c33f37e5-51128639
WARNING (gmm-acc-stats-ali[5.5.513~2-b5f4cf]:main():gmm-acc-stats-ali.cc:79) No alignment for utterance 6ebaef8d-bea4-424b-b341-a106c33f37e5-51557799
WARNING (gmm-acc-stats-ali[5.5.513~2-b5f4cf]:main():gmm-acc-stats-ali.cc:79) No alignment for utterance 6ebaef8d-bea4-424b-b341-a106c33f37e5-5212314
WARNING (gmm-acc-stats-ali[5.5.513~2-b5f4cf]:main():gmm-acc-stats-ali.cc:79) No alignment for utterance 6ebaef8d-bea4-424b-b341-a106c33f37e5-52148284
WARNING (gmm-acc-stats-ali[5.5.513~2-b5f4cf]:main():gmm-acc-stats-ali.cc:79) No alignment for utterance 6ebaef8d-bea4-424b-b341-a106c33f37e5-54542909
WARNING (gmm-acc-stats-ali[5.5.513~2-b5f4cf]:main():gmm-acc-stats-ali.cc:79) No alignment for utterance 6ebaef8d-bea4-424b-b341-a106c33f37e5-54738934
WARNING (gmm-acc-stats-ali[5.5.513~2-b5f4cf]:main():gmm-acc-stats-ali.cc:79) No alignment for utterance 6ebaef8d-bea4-424b-b341-a106c33f37e5-55340179
WARNING (gmm-acc-stats-ali[5.5.513~2-b5f4cf]:main():gmm-acc-stats-ali.cc:79) No alignment for utterance 6ebaef8d-bea4-424b-b341-a106c33f37e5-59843059
WARNING (gmm-acc-stats-ali[5.5.513~2-b5f4cf]:main():gmm-acc-stats-ali.cc:79) No alignment for utterance 6ebaef8d-bea4-424b-b341-a106c33f37e5-60356064
LOG (gmm-acc-stats-ali[5.5.513~2-b5f4cf]:main():gmm-acc-stats-ali.cc:105) Processed 13600 utterances; for utterance 6ebaef8d-bea4-424b-b341-a106c33f37e5-60665103 avg. like is -97.1781 over 598 frames.
WARNING (gmm-acc-stats-ali[5.5.513~2-b5f4cf]:main():gmm-acc-stats-ali.cc:79) No alignment for utterance 6ebaef8d-bea4-424b-b341-a106c33f37e5-60665104
WARNING (gmm-acc-stats-ali[5.5.513~2-b5f4cf]:main():gmm-acc-stats-ali.cc:79) No alignment for utterance 6ebaef8d-bea4-424b-b341-a106c33f37e5-60665619
WARNING (gmm-acc-stats-ali[5.5.513~2-b5f4cf]:main():gmm-acc-stats-ali.cc:79) No alignment for utterance 6ebaef8d-bea4-424b-b341-a106c33f37e5-62519224
WARNING (gmm-acc-stats-ali[5.5.513~2-b5f4cf]:main():gmm-acc-stats-ali.cc:79) No alignment for utterance 6ebaef8d-bea4-424b-b341-a106c33f37e5-62959619
WARNING (gmm-acc-stats-ali[5.5.513~2-b5f4cf]:main():gmm-acc-stats-ali.cc:79) No alignment for utterance 6ebaef8d-bea4-424b-b341-a106c33f37e5-6328294
WARNING (gmm-acc-stats-ali[5.5.513~2-b5f4cf]:main():gmm-acc-stats-ali.cc:79) No alignment for utterance 6ebaef8d-bea4-424b-b341-a106c33f37e5-6368154
WARNING (gmm-acc-stats-ali[5.5.513~2-b5f4cf]:main():gmm-acc-stats-ali.cc:79) No alignment for utterance 6ebaef8d-bea4-424b-b341-a106c33f37e5-64269519
WARNING (gmm-acc-stats-ali[5.5.513~2-b5f4cf]:main():gmm-acc-stats-ali.cc:79) No alignment for utterance 6ebaef8d-bea4-424b-b341-a106c33f37e5-64846454
WARNING (gmm-acc-stats-ali[5.5.513~2-b5f4cf]:main():gmm-acc-stats-ali.cc:79) No alignment for utterance 6ebaef8d-bea4-424b-b341-a106c33f37e5-66762054
WARNING (gmm-acc-stats-ali[5.5.513~2-b5f4cf]:main():gmm-acc-stats-ali.cc:79) No alignment for utterance 6ebaef8d-bea4-424b-b341-a106c33f37e5-67940909
WARNING (gmm-acc-stats-ali[5.5.513~2-b5f4cf]:main():gmm-acc-stats-ali.cc:79) No alignment for utterance 6ebaef8d-bea4-424b-b341-a106c33f37e5-68174239
WARNING (gmm-acc-stats-ali[5.5.513~2-b5f4cf]:main():gmm-acc-stats-ali.cc:79) No alignment for utterance 6ebaef8d-bea4-424b-b341-a106c33f37e5-68765289
WARNING (gmm-acc-stats-ali[5.5.513~2-b5f4cf]:main():gmm-acc-stats-ali.cc:79) No alignment for utterance 6ebaef8d-bea4-424b-b341-a106c33f37e5-69817404
WARNING (gmm-acc-stats-ali[5.5.513~2-b5f4cf]:main():gmm-acc-stats-ali.cc:79) No alignment for utterance 6ebaef8d-bea4-424b-b341-a106c33f37e5-69823959
WARNING (gmm-acc-stats-ali[5.5.513~2-b5f4cf]:main():gmm-acc-stats-ali.cc:79) No alignment for utterance 6ebaef8d-bea4-424b-b341-a106c33f37e5-69948644
WARNING (gmm-acc-stats-ali[5.5.513~2-b5f4cf]:main():gmm-acc-stats-ali.cc:79) No alignment for utterance 6ebaef8d-bea4-424b-b341-a106c33f37e5-70824324
LOG (gmm-acc-stats-ali[5.5.513~2-b5f4cf]:main():gmm-acc-stats-ali.cc:105) Processed 13650 utterances; for utterance 6ebaef8d-bea4-424b-b341-a106c33f37e5-70824325 avg. like is -95.7323 over 628 frames.
WARNING (gmm-acc-stats-ali[5.5.513~2-b5f4cf]:main():gmm-acc-stats-ali.cc:79) No alignment for utterance 6ebaef8d-bea4-424b-b341-a106c33f37e5-71215964
WARNING (gmm-acc-stats-ali[5.5.513~2-b5f4cf]:main():gmm-acc-stats-ali.cc:79) No alignment for utterance 6ebaef8d-bea4-424b-b341-a106c33f37e5-71270104
WARNING (gmm-acc-stats-ali[5.5.513~2-b5f4cf]:main():gmm-acc-stats-ali.cc:79) No alignment for utterance 6ebaef8d-bea4-424b-b341-a106c33f37e5-72671564
WARNING (gmm-acc-stats-ali[5.5.513~2-b5f4cf]:main():gmm-acc-stats-ali.cc:79) No alignment for utterance 6ebaef8d-bea4-424b-b341-a106c33f37e5-72832494
WARNING (gmm-acc-stats-ali[5.5.513~2-b5f4cf]:main():gmm-acc-stats-ali.cc:79) No alignment for utterance 6ebaef8d-bea4-424b-b341-a106c33f37e5-73249374
WARNING (gmm-acc-stats-ali[5.5.513~2-b5f4cf]:main():gmm-acc-stats-ali.cc:79) No alignment for utterance 6ebaef8d-bea4-424b-b341-a106c33f37e5-73340324
WARNING (gmm-acc-stats-ali[5.5.513~2-b5f4cf]:main():gmm-acc-stats-ali.cc:79) No alignment for utterance 6ebaef8d-bea4-424b-b341-a106c33f37e5-73456944
WARNING (gmm-acc-stats-ali[5.5.513~2-b5f4cf]:main():gmm-acc-stats-ali.cc:79) No alignment for utterance 6ebaef8d-bea4-424b-b341-a106c33f37e5-7434984
WARNING (gmm-acc-stats-ali[5.5.513~2-b5f4cf]:main():gmm-acc-stats-ali.cc:79) No alignment for utterance 6ebaef8d-bea4-424b-b341-a106c33f37e5-76131894
WARNING (gmm-acc-stats-ali[5.5.513~2-b5f4cf]:main():gmm-acc-stats-ali.cc:79) No alignment for utterance 6ebaef8d-bea4-424b-b341-a106c33f37e5-76272504
WARNING (gmm-acc-stats-ali[5.5.513~2-b5f4cf]:main():gmm-acc-stats-ali.cc:79) No alignment for utterance 6ebaef8d-bea4-424b-b341-a106c33f37e5-76412724
WARNING (gmm-acc-stats-ali[5.5.513~2-b5f4cf]:main():gmm-acc-stats-ali.cc:79) No alignment for utterance 6ebaef8d-bea4-424b-b341-a106c33f37e5-76668954
LOG (gmm-acc-stats-ali[5.5.513~2-b5f4cf]:main():gmm-acc-stats-ali.cc:105) Processed 13700 utterances; for utterance 6ebaef8d-bea4-424b-b341-a106c33f37e5-76725888 avg. like is -94.0547 over 378 frames.
WARNING (gmm-acc-stats-ali[5.5.513~2-b5f4cf]:main():gmm-acc-stats-ali.cc:79) No alignment for utterance 6ebaef8d-bea4-424b-b341-a106c33f37e5-76725889
WARNING (gmm-acc-stats-ali[5.5.513~2-b5f4cf]:main():gmm-acc-stats-ali.cc:79) No alignment for utterance 6ebaef8d-bea4-424b-b341-a106c33f37e5-77366224
WARNING (gmm-acc-stats-ali[5.5.513~2-b5f4cf]:main():gmm-acc-stats-ali.cc:79) No alignment for utterance 6ebaef8d-bea4-424b-b341-a106c33f37e5-77965694
LOG (gmm-acc-stats-ali[5.5.513~2-b5f4cf]:main():gmm-acc-stats-ali.cc:105) Processed 13750 utterances; for utterance 6ebaef8d-bea4-424b-b341-a106c33f37e5-80043849 avg. like is -118.619 over 188 frames.
WARNING (gmm-acc-stats-ali[5.5.513~2-b5f4cf]:main():gmm-acc-stats-ali.cc:79) No alignment for utterance 6ebaef8d-bea4-424b-b341-a106c33f37e5-80939484
LOG (gmm-acc-stats-ali[5.5.513~2-b5f4cf]:main():gmm-acc-stats-ali.cc:105) Processed 13800 utterances; for utterance 6ebaef8d-bea4-424b-b341-a106c33f37e5-81626503 avg. like is -90.8697 over 228 frames.
WARNING (gmm-acc-stats-ali[5.5.513~2-b5f4cf]:main():gmm-acc-stats-ali.cc:79) No alignment for utterance 6ebaef8d-bea4-424b-b341-a106c33f37e5-816959
WARNING (gmm-acc-stats-ali[5.5.513~2-b5f4cf]:main():gmm-acc-stats-ali.cc:79) No alignment for utterance 6ebaef8d-bea4-424b-b341-a106c33f37e5-8318219
LOG (gmm-acc-stats-ali[5.5.513~2-b5f4cf]:main():gmm-acc-stats-ali.cc:105) Processed 13850 utterances; for utterance 6ebaef8d-bea4-424b-b341-a106c33f37e5-83854918 avg. like is -89.8033 over 238 frames.
WARNING (gmm-acc-stats-ali[5.5.513~2-b5f4cf]:main():gmm-acc-stats-ali.cc:79) No alignment for utterance 6ebaef8d-bea4-424b-b341-a106c33f37e5-842029
WARNING (gmm-acc-stats-ali[5.5.513~2-b5f4cf]:main():gmm-acc-stats-ali.cc:79) No alignment for utterance 6ebaef8d-bea4-424b-b341-a106c33f37e5-84250964
WARNING (gmm-acc-stats-ali[5.5.513~2-b5f4cf]:main():gmm-acc-stats-ali.cc:79) No alignment for utterance 6ebaef8d-bea4-424b-b341-a106c33f37e5-84847924
WARNING (gmm-acc-stats-ali[5.5.513~2-b5f4cf]:main():gmm-acc-stats-ali.cc:79) No alignment for utterance 6ebaef8d-bea4-424b-b341-a106c33f37e5-8718914
LOG (gmm-acc-stats-ali[5.5.513~2-b5f4cf]:main():gmm-acc-stats-ali.cc:105) Processed 13900 utterances; for utterance 6ebaef8d-bea4-424b-b341-a106c33f37e5-8718915 avg. like is -94.6647 over 818 frames.
WARNING (gmm-acc-stats-ali[5.5.513~2-b5f4cf]:main():gmm-acc-stats-ali.cc:79) No alignment for utterance 6ebaef8d-bea4-424b-b341-a106c33f37e5-88754514
LOG (gmm-acc-stats-ali[5.5.513~2-b5f4cf]:main():gmm-acc-stats-ali.cc:105) Processed 13950 utterances; for utterance 6ebaef8d-bea4-424b-b341-a106c33f37e5-89057924 avg. like is -122.696 over 228 frames.
LOG (gmm-acc-stats-ali[5.5.513~2-b5f4cf]:main():gmm-acc-stats-ali.cc:105) Processed 14000 utterances; for utterance 6ebaef8d-bea4-424b-b341-a106c33f37e5-90572076 avg. like is -93.3756 over 158 frames.
WARNING (gmm-acc-stats-ali[5.5.513~2-b5f4cf]:main():gmm-acc-stats-ali.cc:79) No alignment for utterance 6ebaef8d-bea4-424b-b341-a106c33f37e5-90736319
WARNING (gmm-acc-stats-ali[5.5.513~2-b5f4cf]:main():gmm-acc-stats-ali.cc:79) No alignment for utterance 6ebaef8d-bea4-424b-b341-a106c33f37e5-91261954
WARNING (gmm-acc-stats-ali[5.5.513~2-b5f4cf]:main():gmm-acc-stats-ali.cc:79) No alignment for utterance 6ebaef8d-bea4-424b-b341-a106c33f37e5-92030019
WARNING (gmm-acc-stats-ali[5.5.513~2-b5f4cf]:main():gmm-acc-stats-ali.cc:79) No alignment for utterance 6ebaef8d-bea4-424b-b341-a106c33f37e5-9245509
LOG (gmm-acc-stats-ali[5.5.513~2-b5f4cf]:main():gmm-acc-stats-ali.cc:105) Processed 14050 utterances; for utterance 6ebaef8d-bea4-424b-b341-a106c33f37e5-93711494 avg. like is -119.441 over 218 frames.
WARNING (gmm-acc-stats-ali[5.5.513~2-b5f4cf]:main():gmm-acc-stats-ali.cc:79) No alignment for utterance 6ebaef8d-bea4-424b-b341-a106c33f37e5-94266694
WARNING (gmm-acc-stats-ali[5.5.513~2-b5f4cf]:main():gmm-acc-stats-ali.cc:79) No alignment for utterance 6ebaef8d-bea4-424b-b341-a106c33f37e5-9557884
WARNING (gmm-acc-stats-ali[5.5.513~2-b5f4cf]:main():gmm-acc-stats-ali.cc:79) No alignment for utterance 6ebaef8d-bea4-424b-b341-a106c33f37e5-9717019
WARNING (gmm-acc-stats-ali[5.5.513~2-b5f4cf]:main():gmm-acc-stats-ali.cc:79) No alignment for utterance 6ebaef8d-bea4-424b-b341-a106c33f37e5-9755474
WARNING (gmm-acc-stats-ali[5.5.513~2-b5f4cf]:main():gmm-acc-stats-ali.cc:79) No alignment for utterance 6ebaef8d-bea4-424b-b341-a106c33f37e5-9957009
WARNING (gmm-acc-stats-ali[5.5.513~2-b5f4cf]:main():gmm-acc-stats-ali.cc:79) No alignment for utterance 6ebaef8d-bea4-424b-b341-a106c33f37e5-9970659
LOG (gmm-acc-stats-ali[5.5.513~2-b5f4cf]:main():gmm-acc-stats-ali.cc:105) Processed 14100 utterances; for utterance 6fe6c286-67d8-4a59-89df-7aed71487aae-15854186 avg. like is -98.372 over 628 frames.
LOG (gmm-acc-stats-ali[5.5.513~2-b5f4cf]:main():gmm-acc-stats-ali.cc:105) Processed 14150 utterances; for utterance 6fe6c286-67d8-4a59-89df-7aed71487aae-27523556 avg. like is -99.9221 over 708 frames.
LOG (gmm-acc-stats-ali[5.5.513~2-b5f4cf]:main():gmm-acc-stats-ali.cc:105) Processed 14200 utterances; for utterance 6fe6c286-67d8-4a59-89df-7aed71487aae-32922096 avg. like is -98.8993 over 1168 frames.
LOG (gmm-acc-stats-ali[5.5.513~2-b5f4cf]:main():gmm-acc-stats-ali.cc:105) Processed 14250 utterances; for utterance 6fe6c286-67d8-4a59-89df-7aed71487aae-41318956 avg. like is -101.324 over 788 frames.
LOG (gmm-acc-stats-ali[5.5.513~2-b5f4cf]:main():gmm-acc-stats-ali.cc:105) Processed 14300 utterances; for utterance 6fe6c286-67d8-4a59-89df-7aed71487aae-53645036 avg. like is -98.4962 over 558 frames.
LOG (gmm-acc-stats-ali[5.5.513~2-b5f4cf]:main():gmm-acc-stats-ali.cc:105) Processed 14350 utterances; for utterance 6fe6c286-67d8-4a59-89df-7aed71487aae-6612306 avg. like is -96.5488 over 368 frames.
LOG (gmm-acc-stats-ali[5.5.513~2-b5f4cf]:main():gmm-acc-stats-ali.cc:105) Processed 14400 utterances; for utterance 6fe6c286-67d8-4a59-89df-7aed71487aae-73159851 avg. like is -94.8561 over 498 frames.
LOG (gmm-acc-stats-ali[5.5.513~2-b5f4cf]:main():gmm-acc-stats-ali.cc:105) Processed 14450 utterances; for utterance 6fe6c286-67d8-4a59-89df-7aed71487aae-77220401 avg. like is -95.909 over 228 frames.
LOG (gmm-acc-stats-ali[5.5.513~2-b5f4cf]:main():gmm-acc-stats-ali.cc:105) Processed 14500 utterances; for utterance 6fe6c286-67d8-4a59-89df-7aed71487aae-82315321 avg. like is -92.6319 over 208 frames.
LOG (gmm-acc-stats-ali[5.5.513~2-b5f4cf]:main():gmm-acc-stats-ali.cc:105) Processed 14550 utterances; for utterance 6fe6c286-67d8-4a59-89df-7aed71487aae-86246356 avg. like is -96.7774 over 248 frames.
LOG (gmm-acc-stats-ali[5.5.513~2-b5f4cf]:main():gmm-acc-stats-ali.cc:105) Processed 14600 utterances; for utterance 6fe6c286-67d8-4a59-89df-7aed71487aae-87352801 avg. like is -89.2293 over 258 frames.
LOG (gmm-acc-stats-ali[5.5.513~2-b5f4cf]:main():gmm-acc-stats-ali.cc:105) Processed 14650 utterances; for utterance 6fe6c286-67d8-4a59-89df-7aed71487aae-917796 avg. like is -100.65 over 1128 frames.
LOG (gmm-acc-stats-ali[5.5.513~2-b5f4cf]:main():gmm-acc-stats-ali.cc:105) Processed 14700 utterances; for utterance 6fe6c286-67d8-4a59-89df-7aed71487aae-93756101 avg. like is -93.8224 over 218 frames.
LOG (gmm-acc-stats-ali[5.5.513~2-b5f4cf]:main():gmm-acc-stats-ali.cc:105) Processed 14750 utterances; for utterance 73caeff7-f3c7-4411-b17e-a6baff77a51f-20225801 avg. like is -100.322 over 648 frames.
LOG (gmm-acc-stats-ali[5.5.513~2-b5f4cf]:main():gmm-acc-stats-ali.cc:105) Processed 14800 utterances; for utterance 73caeff7-f3c7-4411-b17e-a6baff77a51f-43542471 avg. like is -103.123 over 1708 frames.
LOG (gmm-acc-stats-ali[5.5.513~2-b5f4cf]:main():gmm-acc-stats-ali.cc:105) Processed 14850 utterances; for utterance 73caeff7-f3c7-4411-b17e-a6baff77a51f-6448636 avg. like is -99.3623 over 528 frames.
LOG (gmm-acc-stats-ali[5.5.513~2-b5f4cf]:main():gmm-acc-stats-ali.cc:105) Processed 14900 utterances; for utterance 74b6c7da-f2cb-44a7-9127-8bcb864cfce2-16111411 avg. like is -100.792 over 918 frames.
LOG (gmm-acc-stats-ali[5.5.513~2-b5f4cf]:main():gmm-acc-stats-ali.cc:105) Processed 14950 utterances; for utterance 74b6c7da-f2cb-44a7-9127-8bcb864cfce2-23937116 avg. like is -99.2934 over 728 frames.
LOG (gmm-acc-stats-ali[5.5.513~2-b5f4cf]:main():gmm-acc-stats-ali.cc:105) Processed 15000 utterances; for utterance 74b6c7da-f2cb-44a7-9127-8bcb864cfce2-31710691 avg. like is -100.954 over 1038 frames.
LOG (gmm-acc-stats-ali[5.5.513~2-b5f4cf]:main():gmm-acc-stats-ali.cc:105) Processed 15050 utterances; for utterance 74b6c7da-f2cb-44a7-9127-8bcb864cfce2-40439666 avg. like is -99.3594 over 1878 frames.
LOG (gmm-acc-stats-ali[5.5.513~2-b5f4cf]:main():gmm-acc-stats-ali.cc:105) Processed 15100 utterances; for utterance 74b6c7da-f2cb-44a7-9127-8bcb864cfce2-56557941 avg. like is -99.8646 over 718 frames.
LOG (gmm-acc-stats-ali[5.5.513~2-b5f4cf]:main():gmm-acc-stats-ali.cc:105) Processed 15150 utterances; for utterance 74b6c7da-f2cb-44a7-9127-8bcb864cfce2-67537166 avg. like is -98.4824 over 898 frames.
LOG (gmm-acc-stats-ali[5.5.513~2-b5f4cf]:main():gmm-acc-stats-ali.cc:105) Processed 15200 utterances; for utterance 74b6c7da-f2cb-44a7-9127-8bcb864cfce2-74070456 avg. like is -99.1655 over 718 frames.
LOG (gmm-acc-stats-ali[5.5.513~2-b5f4cf]:main():gmm-acc-stats-ali.cc:105) Processed 15250 utterances; for utterance 74b6c7da-f2cb-44a7-9127-8bcb864cfce2-80443891 avg. like is -91.9506 over 248 frames.
LOG (gmm-acc-stats-ali[5.5.513~2-b5f4cf]:main():gmm-acc-stats-ali.cc:105) Processed 15300 utterances; for utterance 74b6c7da-f2cb-44a7-9127-8bcb864cfce2-83756791 avg. like is -90.8662 over 158 frames.
LOG (gmm-acc-stats-ali[5.5.513~2-b5f4cf]:main():gmm-acc-stats-ali.cc:105) Processed 15350 utterances; for utterance 74b6c7da-f2cb-44a7-9127-8bcb864cfce2-86473896 avg. like is -88.7243 over 188 frames.
LOG (gmm-acc-stats-ali[5.5.513~2-b5f4cf]:main():gmm-acc-stats-ali.cc:105) Processed 15400 utterances; for utterance 74b6c7da-f2cb-44a7-9127-8bcb864cfce2-90212481 avg. like is -95.5692 over 218 frames.
LOG (gmm-acc-stats-ali[5.5.513~2-b5f4cf]:main():gmm-acc-stats-ali.cc:105) Processed 15450 utterances; for utterance 74b6c7da-f2cb-44a7-9127-8bcb864cfce2-93151846 avg. like is -93.4663 over 178 frames.
WARNING (gmm-acc-stats-ali[5.5.513~2-b5f4cf]:main():gmm-acc-stats-ali.cc:79) No alignment for utterance 751163c4-bc8c-4254-a45b-56621c89c799-10672819
WARNING (gmm-acc-stats-ali[5.5.513~2-b5f4cf]:main():gmm-acc-stats-ali.cc:79) No alignment for utterance 751163c4-bc8c-4254-a45b-56621c89c799-11570704
LOG (gmm-acc-stats-ali[5.5.513~2-b5f4cf]:main():gmm-acc-stats-ali.cc:105) Processed 15500 utterances; for utterance 751163c4-bc8c-4254-a45b-56621c89c799-12028896 avg. like is -99.4996 over 868 frames.
WARNING (gmm-acc-stats-ali[5.5.513~2-b5f4cf]:main():gmm-acc-stats-ali.cc:79) No alignment for utterance 751163c4-bc8c-4254-a45b-56621c89c799-12028899
WARNING (gmm-acc-stats-ali[5.5.513~2-b5f4cf]:main():gmm-acc-stats-ali.cc:79) No alignment for utterance 751163c4-bc8c-4254-a45b-56621c89c799-14027129
WARNING (gmm-acc-stats-ali[5.5.513~2-b5f4cf]:main():gmm-acc-stats-ali.cc:79) No alignment for utterance 751163c4-bc8c-4254-a45b-56621c89c799-1466394
WARNING (gmm-acc-stats-ali[5.5.513~2-b5f4cf]:main():gmm-acc-stats-ali.cc:79) No alignment for utterance 751163c4-bc8c-4254-a45b-56621c89c799-1471169
WARNING (gmm-acc-stats-ali[5.5.513~2-b5f4cf]:main():gmm-acc-stats-ali.cc:79) No alignment for utterance 751163c4-bc8c-4254-a45b-56621c89c799-16144684
WARNING (gmm-acc-stats-ali[5.5.513~2-b5f4cf]:main():gmm-acc-stats-ali.cc:79) No alignment for utterance 751163c4-bc8c-4254-a45b-56621c89c799-19731479
WARNING (gmm-acc-stats-ali[5.5.513~2-b5f4cf]:main():gmm-acc-stats-ali.cc:79) No alignment for utterance 751163c4-bc8c-4254-a45b-56621c89c799-19953034
WARNING (gmm-acc-stats-ali[5.5.513~2-b5f4cf]:main():gmm-acc-stats-ali.cc:79) No alignment for utterance 751163c4-bc8c-4254-a45b-56621c89c799-20124739
WARNING (gmm-acc-stats-ali[5.5.513~2-b5f4cf]:main():gmm-acc-stats-ali.cc:79) No alignment for utterance 751163c4-bc8c-4254-a45b-56621c89c799-21012359
WARNING (gmm-acc-stats-ali[5.5.513~2-b5f4cf]:main():gmm-acc-stats-ali.cc:79) No alignment for utterance 751163c4-bc8c-4254-a45b-56621c89c799-21755939
WARNING (gmm-acc-stats-ali[5.5.513~2-b5f4cf]:main():gmm-acc-stats-ali.cc:79) No alignment for utterance 751163c4-bc8c-4254-a45b-56621c89c799-22225984
WARNING (gmm-acc-stats-ali[5.5.513~2-b5f4cf]:main():gmm-acc-stats-ali.cc:79) No alignment for utterance 751163c4-bc8c-4254-a45b-56621c89c799-25656484
WARNING (gmm-acc-stats-ali[5.5.513~2-b5f4cf]:main():gmm-acc-stats-ali.cc:79) No alignment for utterance 751163c4-bc8c-4254-a45b-56621c89c799-27117144
WARNING (gmm-acc-stats-ali[5.5.513~2-b5f4cf]:main():gmm-acc-stats-ali.cc:79) No alignment for utterance 751163c4-bc8c-4254-a45b-56621c89c799-27256054
LOG (gmm-acc-stats-ali[5.5.513~2-b5f4cf]:main():gmm-acc-stats-ali.cc:105) Processed 15550 utterances; for utterance 751163c4-bc8c-4254-a45b-56621c89c799-27326876 avg. like is -100.638 over 1088 frames.
WARNING (gmm-acc-stats-ali[5.5.513~2-b5f4cf]:main():gmm-acc-stats-ali.cc:79) No alignment for utterance 751163c4-bc8c-4254-a45b-56621c89c799-27326879
WARNING (gmm-acc-stats-ali[5.5.513~2-b5f4cf]:main():gmm-acc-stats-ali.cc:79) No alignment for utterance 751163c4-bc8c-4254-a45b-56621c89c799-30166809
WARNING (gmm-acc-stats-ali[5.5.513~2-b5f4cf]:main():gmm-acc-stats-ali.cc:79) No alignment for utterance 751163c4-bc8c-4254-a45b-56621c89c799-32162604
WARNING (gmm-acc-stats-ali[5.5.513~2-b5f4cf]:main():gmm-acc-stats-ali.cc:79) No alignment for utterance 751163c4-bc8c-4254-a45b-56621c89c799-33036254
WARNING (gmm-acc-stats-ali[5.5.513~2-b5f4cf]:main():gmm-acc-stats-ali.cc:79) No alignment for utterance 751163c4-bc8c-4254-a45b-56621c89c799-33052179
WARNING (gmm-acc-stats-ali[5.5.513~2-b5f4cf]:main():gmm-acc-stats-ali.cc:79) No alignment for utterance 751163c4-bc8c-4254-a45b-56621c89c799-35055914
WARNING (gmm-acc-stats-ali[5.5.513~2-b5f4cf]:main():gmm-acc-stats-ali.cc:79) No alignment for utterance 751163c4-bc8c-4254-a45b-56621c89c799-38749859
WARNING (gmm-acc-stats-ali[5.5.513~2-b5f4cf]:main():gmm-acc-stats-ali.cc:79) No alignment for utterance 751163c4-bc8c-4254-a45b-56621c89c799-4956154
WARNING (gmm-acc-stats-ali[5.5.513~2-b5f4cf]:main():gmm-acc-stats-ali.cc:79) No alignment for utterance 751163c4-bc8c-4254-a45b-56621c89c799-49645724
LOG (gmm-acc-stats-ali[5.5.513~2-b5f4cf]:main():gmm-acc-stats-ali.cc:105) Processed 15600 utterances; for utterance 751163c4-bc8c-4254-a45b-56621c89c799-53970965 avg. like is -90.2911 over 298 frames.
WARNING (gmm-acc-stats-ali[5.5.513~2-b5f4cf]:main():gmm-acc-stats-ali.cc:79) No alignment for utterance 751163c4-bc8c-4254-a45b-56621c89c799-55644954
WARNING (gmm-acc-stats-ali[5.5.513~2-b5f4cf]:main():gmm-acc-stats-ali.cc:79) No alignment for utterance 751163c4-bc8c-4254-a45b-56621c89c799-61217399
WARNING (gmm-acc-stats-ali[5.5.513~2-b5f4cf]:main():gmm-acc-stats-ali.cc:79) No alignment for utterance 751163c4-bc8c-4254-a45b-56621c89c799-64222469
WARNING (gmm-acc-stats-ali[5.5.513~2-b5f4cf]:main():gmm-acc-stats-ali.cc:79) No alignment for utterance 751163c4-bc8c-4254-a45b-56621c89c799-6734924
WARNING (gmm-acc-stats-ali[5.5.513~2-b5f4cf]:main():gmm-acc-stats-ali.cc:79) No alignment for utterance 751163c4-bc8c-4254-a45b-56621c89c799-68824874
WARNING (gmm-acc-stats-ali[5.5.513~2-b5f4cf]:main():gmm-acc-stats-ali.cc:79) No alignment for utterance 751163c4-bc8c-4254-a45b-56621c89c799-70952934
WARNING (gmm-acc-stats-ali[5.5.513~2-b5f4cf]:main():gmm-acc-stats-ali.cc:79) No alignment for utterance 751163c4-bc8c-4254-a45b-56621c89c799-72312319
WARNING (gmm-acc-stats-ali[5.5.513~2-b5f4cf]:main():gmm-acc-stats-ali.cc:79) No alignment for utterance 751163c4-bc8c-4254-a45b-56621c89c799-72929349
WARNING (gmm-acc-stats-ali[5.5.513~2-b5f4cf]:main():gmm-acc-stats-ali.cc:79) No alignment for utterance 751163c4-bc8c-4254-a45b-56621c89c799-73130459
WARNING (gmm-acc-stats-ali[5.5.513~2-b5f4cf]:main():gmm-acc-stats-ali.cc:79) No alignment for utterance 751163c4-bc8c-4254-a45b-56621c89c799-74513219
LOG (gmm-acc-stats-ali[5.5.513~2-b5f4cf]:main():gmm-acc-stats-ali.cc:105) Processed 15650 utterances; for utterance 751163c4-bc8c-4254-a45b-56621c89c799-74513220 avg. like is -96.2373 over 798 frames.
WARNING (gmm-acc-stats-ali[5.5.513~2-b5f4cf]:main():gmm-acc-stats-ali.cc:79) No alignment for utterance 751163c4-bc8c-4254-a45b-56621c89c799-75632344
LOG (gmm-acc-stats-ali[5.5.513~2-b5f4cf]:main():gmm-acc-stats-ali.cc:105) Processed 15700 utterances; for utterance 751163c4-bc8c-4254-a45b-56621c89c799-84467829 avg. like is -123.106 over 238 frames.
LOG (gmm-acc-stats-ali[5.5.513~2-b5f4cf]:main():gmm-acc-stats-ali.cc:105) Processed 15750 utterances; for utterance 751163c4-bc8c-4254-a45b-56621c89c799-92147236 avg. like is -97.7792 over 268 frames.
WARNING (gmm-acc-stats-ali[5.5.513~2-b5f4cf]:main():gmm-acc-stats-ali.cc:79) No alignment for utterance 751163c4-bc8c-4254-a45b-56621c89c799-948359
LOG (apply-cmvn[5.5.513~2-b5f4cf]:main():apply-cmvn.cc:162) Applied cepstral mean normalization to 15999 utterances, errors on 0
LOG (gmm-acc-stats-ali[5.5.513~2-b5f4cf]:main():gmm-acc-stats-ali.cc:112) Done 15780 files, 219 with errors.
LOG (gmm-acc-stats-ali[5.5.513~2-b5f4cf]:main():gmm-acc-stats-ali.cc:115) Overall avg like per frame (Gaussian only) = -96.4992 over 13130151 frames.
LOG (gmm-acc-stats-ali[5.5.513~2-b5f4cf]:main():gmm-acc-stats-ali.cc:123) Written accs.
# Accounting: time=45 threads=1
# Ended (code 0) at Wed Jan 15 00:07:07 CET 2020, elapsed time 45 seconds
