# compile-train-graphs --read-disambig-syms=data/lang/phones/disambig.int exp/mono/tree exp/mono/0.mdl data/lang/L.fst "ark:sym2int.pl --map-oov 1 -f 2- data/lang/words.txt < data/train/split4/3/text|" "ark:|gzip -c >exp/mono/fsts.3.gz" 
# Started at Tue Jan 14 20:01:17 CET 2020
#
compile-train-graphs --read-disambig-syms=data/lang/phones/disambig.int exp/mono/tree exp/mono/0.mdl data/lang/L.fst 'ark:sym2int.pl --map-oov 1 -f 2- data/lang/words.txt < data/train/split4/3/text|' 'ark:|gzip -c >exp/mono/fsts.3.gz' 
sym2int.pl: replacing PHILIPP with 1
sym2int.pl: replacing PHILIPP with 1
sym2int.pl: replacing PHILIPP with 1
sym2int.pl: replacing PHILIPP with 1
sym2int.pl: replacing PHILIPP with 1
sym2int.pl: replacing SODASS with 1
sym2int.pl: replacing SODASS with 1
sym2int.pl: replacing SODASS with 1
sym2int.pl: replacing SODASS with 1
sym2int.pl: replacing SODASS with 1
sym2int.pl: replacing FRANCA with 1
sym2int.pl: replacing FRANCA with 1
sym2int.pl: replacing FRANCA with 1
sym2int.pl: replacing FRANCA with 1
sym2int.pl: replacing FRANCA with 1
sym2int.pl: replacing E-MAIL with 1
sym2int.pl: replacing E-MAIL with 1
sym2int.pl: replacing E-MAIL with 1
sym2int.pl: replacing E-MAIL with 1
sym2int.pl: replacing E-MAIL with 1
sym2int.pl: not warning for OOVs any more times
** Replaced 305 instances of OOVs with 1
LOG (compile-train-graphs[5.5.513~2-b5f4cf]:main():compile-train-graphs.cc:147) compile-train-graphs: succeeded for 16430 graphs, failed for 0
# Accounting: time=64 threads=1
# Ended (code 0) at Tue Jan 14 20:02:21 CET 2020, elapsed time 64 seconds
