# gmm-est --write-occs=exp/mono/31.occs --mix-up=962 --power=0.25 exp/mono/30.mdl "gmm-sum-accs - exp/mono/30.*.acc|" exp/mono/31.mdl 
# Started at Tue Jan 14 23:43:30 CET 2020
#
gmm-est --write-occs=exp/mono/31.occs --mix-up=962 --power=0.25 exp/mono/30.mdl 'gmm-sum-accs - exp/mono/30.*.acc|' exp/mono/31.mdl 
gmm-sum-accs - exp/mono/30.1.acc exp/mono/30.2.acc exp/mono/30.3.acc exp/mono/30.4.acc 
LOG (gmm-sum-accs[5.5.513~2-b5f4cf]:main():gmm-sum-accs.cc:63) Summed 4 stats, total count 5.04027e+07, avg like/frame -96.7041
LOG (gmm-sum-accs[5.5.513~2-b5f4cf]:main():gmm-sum-accs.cc:66) Total count of stats is 5.04027e+07
LOG (gmm-sum-accs[5.5.513~2-b5f4cf]:main():gmm-sum-accs.cc:67) Written stats to -
LOG (gmm-est[5.5.513~2-b5f4cf]:MleUpdate():transition-model.cc:528) TransitionModel::Update, objf change is 0 per frame over 5.04027e+07 frames. 
LOG (gmm-est[5.5.513~2-b5f4cf]:MleUpdate():transition-model.cc:531) 27 probabilities floored, 460 out of 842 transition-states skipped due to insuffient data (it is normal to have some skipped.)
LOG (gmm-est[5.5.513~2-b5f4cf]:main():gmm-est.cc:102) Transition model update: Overall 0 log-like improvement per frame over 5.04027e+07 frames.
WARNING (gmm-est[5.5.513~2-b5f4cf]:MleDiagGmmUpdate():mle-diag-gmm.cc:365) Gaussian has too little data but not removing it because it is the last Gaussian: i = 0, occ = 0, weight = 1
WARNING (gmm-est[5.5.513~2-b5f4cf]:MleDiagGmmUpdate():mle-diag-gmm.cc:365) Gaussian has too little data but not removing it because it is the last Gaussian: i = 0, occ = 0, weight = 1
WARNING (gmm-est[5.5.513~2-b5f4cf]:MleDiagGmmUpdate():mle-diag-gmm.cc:365) Gaussian has too little data but not removing it because it is the last Gaussian: i = 0, occ = 0, weight = 1
WARNING (gmm-est[5.5.513~2-b5f4cf]:MleDiagGmmUpdate():mle-diag-gmm.cc:365) Gaussian has too little data but not removing it because it is the last Gaussian: i = 0, occ = 0, weight = 1
WARNING (gmm-est[5.5.513~2-b5f4cf]:MleDiagGmmUpdate():mle-diag-gmm.cc:365) Gaussian has too little data but not removing it because it is the last Gaussian: i = 0, occ = 0, weight = 1
WARNING (gmm-est[5.5.513~2-b5f4cf]:MleDiagGmmUpdate():mle-diag-gmm.cc:365) Gaussian has too little data but not removing it because it is the last Gaussian: i = 0, occ = 0, weight = 1
WARNING (gmm-est[5.5.513~2-b5f4cf]:MleDiagGmmUpdate():mle-diag-gmm.cc:365) Gaussian has too little data but not removing it because it is the last Gaussian: i = 0, occ = 0, weight = 1
WARNING (gmm-est[5.5.513~2-b5f4cf]:MleDiagGmmUpdate():mle-diag-gmm.cc:365) Gaussian has too little data but not removing it because it is the last Gaussian: i = 0, occ = 0, weight = 1
WARNING (gmm-est[5.5.513~2-b5f4cf]:MleDiagGmmUpdate():mle-diag-gmm.cc:365) Gaussian has too little data but not removing it because it is the last Gaussian: i = 0, occ = 0, weight = 1
WARNING (gmm-est[5.5.513~2-b5f4cf]:MleDiagGmmUpdate():mle-diag-gmm.cc:365) Gaussian has too little data but not removing it because it is the last Gaussian: i = 0, occ = 0, weight = 1
WARNING (gmm-est[5.5.513~2-b5f4cf]:MleDiagGmmUpdate():mle-diag-gmm.cc:365) Gaussian has too little data but not removing it because it is the last Gaussian: i = 0, occ = 0, weight = 1
WARNING (gmm-est[5.5.513~2-b5f4cf]:MleDiagGmmUpdate():mle-diag-gmm.cc:365) Gaussian has too little data but not removing it because it is the last Gaussian: i = 0, occ = 0, weight = 1
WARNING (gmm-est[5.5.513~2-b5f4cf]:MleDiagGmmUpdate():mle-diag-gmm.cc:365) Gaussian has too little data but not removing it because it is the last Gaussian: i = 0, occ = 0, weight = 1
WARNING (gmm-est[5.5.513~2-b5f4cf]:MleDiagGmmUpdate():mle-diag-gmm.cc:365) Gaussian has too little data but not removing it because it is the last Gaussian: i = 0, occ = 0, weight = 1
WARNING (gmm-est[5.5.513~2-b5f4cf]:MleDiagGmmUpdate():mle-diag-gmm.cc:365) Gaussian has too little data but not removing it because it is the last Gaussian: i = 0, occ = 0, weight = 1
WARNING (gmm-est[5.5.513~2-b5f4cf]:MleDiagGmmUpdate():mle-diag-gmm.cc:365) Gaussian has too little data but not removing it because it is the last Gaussian: i = 0, occ = 0, weight = 1
WARNING (gmm-est[5.5.513~2-b5f4cf]:MleDiagGmmUpdate():mle-diag-gmm.cc:365) Gaussian has too little data but not removing it because it is the last Gaussian: i = 0, occ = 0, weight = 1
WARNING (gmm-est[5.5.513~2-b5f4cf]:MleDiagGmmUpdate():mle-diag-gmm.cc:365) Gaussian has too little data but not removing it because it is the last Gaussian: i = 0, occ = 0, weight = 1
WARNING (gmm-est[5.5.513~2-b5f4cf]:MleDiagGmmUpdate():mle-diag-gmm.cc:365) Gaussian has too little data but not removing it because it is the last Gaussian: i = 0, occ = 0, weight = 1
WARNING (gmm-est[5.5.513~2-b5f4cf]:MleDiagGmmUpdate():mle-diag-gmm.cc:365) Gaussian has too little data but not removing it because it is the last Gaussian: i = 0, occ = 0, weight = 1
WARNING (gmm-est[5.5.513~2-b5f4cf]:MleDiagGmmUpdate():mle-diag-gmm.cc:365) Gaussian has too little data but not removing it because it is the last Gaussian: i = 0, occ = 0, weight = 1
LOG (gmm-est[5.5.513~2-b5f4cf]:MleAmDiagGmmUpdate():mle-am-diag-gmm.cc:225) 0 variance elements floored in 0 Gaussians, out of 936
LOG (gmm-est[5.5.513~2-b5f4cf]:MleAmDiagGmmUpdate():mle-am-diag-gmm.cc:229) Removed 0 Gaussians due to counts < --min-gaussian-occupancy=10 and --remove-low-count-gaussians=true
LOG (gmm-est[5.5.513~2-b5f4cf]:main():gmm-est.cc:113) GMM update: Overall 0.0193829 objective function improvement per frame over 5.04027e+07 frames
LOG (gmm-est[5.5.513~2-b5f4cf]:main():gmm-est.cc:116) GMM update: Overall avg like per frame = -96.7041 over 5.04027e+07 frames.
LOG (gmm-est[5.5.513~2-b5f4cf]:SplitByCount():am-diag-gmm.cc:116) Split 208 states with target = 962, power = 0.25, perturb_factor = 0.01 and min_count = 20, split #Gauss from 936 to 962
LOG (gmm-est[5.5.513~2-b5f4cf]:main():gmm-est.cc:146) Written model to exp/mono/31.mdl
# Accounting: time=1 threads=1
# Ended (code 0) at Tue Jan 14 23:43:31 CET 2020, elapsed time 1 seconds
