# gmm-est --write-occs=exp/mono/11.occs --mix-up=442 --power=0.25 exp/mono/10.mdl "gmm-sum-accs - exp/mono/10.*.acc|" exp/mono/11.mdl 
# Started at Tue Jan 14 22:35:08 CET 2020
#
gmm-est --write-occs=exp/mono/11.occs --mix-up=442 --power=0.25 exp/mono/10.mdl 'gmm-sum-accs - exp/mono/10.*.acc|' exp/mono/11.mdl 
gmm-sum-accs - exp/mono/10.1.acc exp/mono/10.2.acc exp/mono/10.3.acc exp/mono/10.4.acc 
LOG (gmm-sum-accs[5.5.513~2-b5f4cf]:main():gmm-sum-accs.cc:63) Summed 4 stats, total count 4.7039e+07, avg like/frame -99.2349
LOG (gmm-sum-accs[5.5.513~2-b5f4cf]:main():gmm-sum-accs.cc:66) Total count of stats is 4.7039e+07
LOG (gmm-sum-accs[5.5.513~2-b5f4cf]:main():gmm-sum-accs.cc:67) Written stats to -
LOG (gmm-est[5.5.513~2-b5f4cf]:MleUpdate():transition-model.cc:528) TransitionModel::Update, objf change is 0.000492902 per frame over 4.7039e+07 frames. 
LOG (gmm-est[5.5.513~2-b5f4cf]:MleUpdate():transition-model.cc:531) 38 probabilities floored, 461 out of 842 transition-states skipped due to insuffient data (it is normal to have some skipped.)
LOG (gmm-est[5.5.513~2-b5f4cf]:main():gmm-est.cc:102) Transition model update: Overall 0.000492902 log-like improvement per frame over 4.7039e+07 frames.
WARNING (gmm-est[5.5.513~2-b5f4cf]:MleDiagGmmUpdate():mle-diag-gmm.cc:365) Gaussian has too little data but not removing it because it is the last Gaussian: i = 0, occ = 0, weight = 1
WARNING (gmm-est[5.5.513~2-b5f4cf]:MleDiagGmmUpdate():mle-diag-gmm.cc:365) Gaussian has too little data but not removing it because it is the last Gaussian: i = 0, occ = 0, weight = 1
WARNING (gmm-est[5.5.513~2-b5f4cf]:MleDiagGmmUpdate():mle-diag-gmm.cc:365) Gaussian has too little data but not removing it because it is the last Gaussian: i = 0, occ = 0, weight = 1
WARNING (gmm-est[5.5.513~2-b5f4cf]:MleDiagGmmUpdate():mle-diag-gmm.cc:365) Gaussian has too little data but not removing it because it is the last Gaussian: i = 0, occ = 0, weight = 1
WARNING (gmm-est[5.5.513~2-b5f4cf]:MleDiagGmmUpdate():mle-diag-gmm.cc:365) Gaussian has too little data but not removing it because it is the last Gaussian: i = 0, occ = 0, weight = 1
WARNING (gmm-est[5.5.513~2-b5f4cf]:MleDiagGmmUpdate():mle-diag-gmm.cc:365) Gaussian has too little data but not removing it because it is the last Gaussian: i = 0, occ = 0, weight = 1
WARNING (gmm-est[5.5.513~2-b5f4cf]:MleDiagGmmUpdate():mle-diag-gmm.cc:365) Gaussian has too little data but not removing it because it is the last Gaussian: i = 0, occ = 0, weight = 1
WARNING (gmm-est[5.5.513~2-b5f4cf]:MleDiagGmmUpdate():mle-diag-gmm.cc:365) Gaussian has too little data but not removing it because it is the last Gaussian: i = 0, occ = 0, weight = 1
WARNING (gmm-est[5.5.513~2-b5f4cf]:MleDiagGmmUpdate():mle-diag-gmm.cc:365) Gaussian has too little data but not removing it because it is the last Gaussian: i = 0, occ = 0, weight = 1
WARNING (gmm-est[5.5.513~2-b5f4cf]:MleDiagGmmUpdate():mle-diag-gmm.cc:365) Gaussian has too little data but not removing it because it is the last Gaussian: i = 0, occ = 0, weight = 1
WARNING (gmm-est[5.5.513~2-b5f4cf]:MleDiagGmmUpdate():mle-diag-gmm.cc:365) Gaussian has too little data but not removing it because it is the last Gaussian: i = 0, occ = 0, weight = 1
WARNING (gmm-est[5.5.513~2-b5f4cf]:MleDiagGmmUpdate():mle-diag-gmm.cc:365) Gaussian has too little data but not removing it because it is the last Gaussian: i = 0, occ = 0, weight = 1
WARNING (gmm-est[5.5.513~2-b5f4cf]:MleDiagGmmUpdate():mle-diag-gmm.cc:365) Gaussian has too little data but not removing it because it is the last Gaussian: i = 0, occ = 0, weight = 1
WARNING (gmm-est[5.5.513~2-b5f4cf]:MleDiagGmmUpdate():mle-diag-gmm.cc:365) Gaussian has too little data but not removing it because it is the last Gaussian: i = 0, occ = 0, weight = 1
WARNING (gmm-est[5.5.513~2-b5f4cf]:MleDiagGmmUpdate():mle-diag-gmm.cc:365) Gaussian has too little data but not removing it because it is the last Gaussian: i = 0, occ = 0, weight = 1
WARNING (gmm-est[5.5.513~2-b5f4cf]:MleDiagGmmUpdate():mle-diag-gmm.cc:365) Gaussian has too little data but not removing it because it is the last Gaussian: i = 0, occ = 0, weight = 1
WARNING (gmm-est[5.5.513~2-b5f4cf]:MleDiagGmmUpdate():mle-diag-gmm.cc:365) Gaussian has too little data but not removing it because it is the last Gaussian: i = 0, occ = 0, weight = 1
WARNING (gmm-est[5.5.513~2-b5f4cf]:MleDiagGmmUpdate():mle-diag-gmm.cc:365) Gaussian has too little data but not removing it because it is the last Gaussian: i = 0, occ = 0, weight = 1
WARNING (gmm-est[5.5.513~2-b5f4cf]:MleDiagGmmUpdate():mle-diag-gmm.cc:365) Gaussian has too little data but not removing it because it is the last Gaussian: i = 0, occ = 0, weight = 1
WARNING (gmm-est[5.5.513~2-b5f4cf]:MleDiagGmmUpdate():mle-diag-gmm.cc:365) Gaussian has too little data but not removing it because it is the last Gaussian: i = 0, occ = 0, weight = 1
WARNING (gmm-est[5.5.513~2-b5f4cf]:MleDiagGmmUpdate():mle-diag-gmm.cc:365) Gaussian has too little data but not removing it because it is the last Gaussian: i = 0, occ = 0, weight = 1
LOG (gmm-est[5.5.513~2-b5f4cf]:MleAmDiagGmmUpdate():mle-am-diag-gmm.cc:225) 0 variance elements floored in 0 Gaussians, out of 416
LOG (gmm-est[5.5.513~2-b5f4cf]:MleAmDiagGmmUpdate():mle-am-diag-gmm.cc:229) Removed 0 Gaussians due to counts < --min-gaussian-occupancy=10 and --remove-low-count-gaussians=true
LOG (gmm-est[5.5.513~2-b5f4cf]:main():gmm-est.cc:113) GMM update: Overall 0.0833039 objective function improvement per frame over 4.7039e+07 frames
LOG (gmm-est[5.5.513~2-b5f4cf]:main():gmm-est.cc:116) GMM update: Overall avg like per frame = -99.2349 over 4.7039e+07 frames.
LOG (gmm-est[5.5.513~2-b5f4cf]:SplitByCount():am-diag-gmm.cc:116) Split 208 states with target = 442, power = 0.25, perturb_factor = 0.01 and min_count = 20, split #Gauss from 416 to 442
LOG (gmm-est[5.5.513~2-b5f4cf]:main():gmm-est.cc:146) Written model to exp/mono/11.mdl
# Accounting: time=0 threads=1
# Ended (code 0) at Tue Jan 14 22:35:08 CET 2020, elapsed time 0 seconds
