# gmm-est --write-occs=exp/mono/20.occs --mix-up=676 --power=0.25 exp/mono/19.mdl "gmm-sum-accs - exp/mono/19.*.acc|" exp/mono/20.mdl 
# Started at Tue Jan 14 23:10:44 CET 2020
#
gmm-est --write-occs=exp/mono/20.occs --mix-up=676 --power=0.25 exp/mono/19.mdl 'gmm-sum-accs - exp/mono/19.*.acc|' exp/mono/20.mdl 
gmm-sum-accs - exp/mono/19.1.acc exp/mono/19.2.acc exp/mono/19.3.acc exp/mono/19.4.acc 
LOG (gmm-sum-accs[5.5.513~2-b5f4cf]:main():gmm-sum-accs.cc:63) Summed 4 stats, total count 4.96523e+07, avg like/frame -97.5787
LOG (gmm-sum-accs[5.5.513~2-b5f4cf]:main():gmm-sum-accs.cc:66) Total count of stats is 4.96523e+07
LOG (gmm-sum-accs[5.5.513~2-b5f4cf]:main():gmm-sum-accs.cc:67) Written stats to -
LOG (gmm-est[5.5.513~2-b5f4cf]:MleUpdate():transition-model.cc:528) TransitionModel::Update, objf change is 0 per frame over 4.96523e+07 frames. 
LOG (gmm-est[5.5.513~2-b5f4cf]:MleUpdate():transition-model.cc:531) 34 probabilities floored, 460 out of 842 transition-states skipped due to insuffient data (it is normal to have some skipped.)
LOG (gmm-est[5.5.513~2-b5f4cf]:main():gmm-est.cc:102) Transition model update: Overall 0 log-like improvement per frame over 4.96523e+07 frames.
WARNING (gmm-est[5.5.513~2-b5f4cf]:MleDiagGmmUpdate():mle-diag-gmm.cc:365) Gaussian has too little data but not removing it because it is the last Gaussian: i = 0, occ = 0, weight = 1
WARNING (gmm-est[5.5.513~2-b5f4cf]:MleDiagGmmUpdate():mle-diag-gmm.cc:365) Gaussian has too little data but not removing it because it is the last Gaussian: i = 0, occ = 0, weight = 1
WARNING (gmm-est[5.5.513~2-b5f4cf]:MleDiagGmmUpdate():mle-diag-gmm.cc:365) Gaussian has too little data but not removing it because it is the last Gaussian: i = 0, occ = 0, weight = 1
WARNING (gmm-est[5.5.513~2-b5f4cf]:MleDiagGmmUpdate():mle-diag-gmm.cc:365) Gaussian has too little data but not removing it because it is the last Gaussian: i = 0, occ = 0, weight = 1
WARNING (gmm-est[5.5.513~2-b5f4cf]:MleDiagGmmUpdate():mle-diag-gmm.cc:365) Gaussian has too little data but not removing it because it is the last Gaussian: i = 0, occ = 0, weight = 1
WARNING (gmm-est[5.5.513~2-b5f4cf]:MleDiagGmmUpdate():mle-diag-gmm.cc:365) Gaussian has too little data but not removing it because it is the last Gaussian: i = 0, occ = 0, weight = 1
WARNING (gmm-est[5.5.513~2-b5f4cf]:MleDiagGmmUpdate():mle-diag-gmm.cc:365) Gaussian has too little data but not removing it because it is the last Gaussian: i = 0, occ = 0, weight = 1
WARNING (gmm-est[5.5.513~2-b5f4cf]:MleDiagGmmUpdate():mle-diag-gmm.cc:365) Gaussian has too little data but not removing it because it is the last Gaussian: i = 0, occ = 0, weight = 1
WARNING (gmm-est[5.5.513~2-b5f4cf]:MleDiagGmmUpdate():mle-diag-gmm.cc:365) Gaussian has too little data but not removing it because it is the last Gaussian: i = 0, occ = 0, weight = 1
WARNING (gmm-est[5.5.513~2-b5f4cf]:MleDiagGmmUpdate():mle-diag-gmm.cc:365) Gaussian has too little data but not removing it because it is the last Gaussian: i = 0, occ = 0, weight = 1
WARNING (gmm-est[5.5.513~2-b5f4cf]:MleDiagGmmUpdate():mle-diag-gmm.cc:365) Gaussian has too little data but not removing it because it is the last Gaussian: i = 0, occ = 0, weight = 1
WARNING (gmm-est[5.5.513~2-b5f4cf]:MleDiagGmmUpdate():mle-diag-gmm.cc:365) Gaussian has too little data but not removing it because it is the last Gaussian: i = 0, occ = 0, weight = 1
WARNING (gmm-est[5.5.513~2-b5f4cf]:MleDiagGmmUpdate():mle-diag-gmm.cc:365) Gaussian has too little data but not removing it because it is the last Gaussian: i = 0, occ = 0, weight = 1
WARNING (gmm-est[5.5.513~2-b5f4cf]:MleDiagGmmUpdate():mle-diag-gmm.cc:365) Gaussian has too little data but not removing it because it is the last Gaussian: i = 0, occ = 0, weight = 1
WARNING (gmm-est[5.5.513~2-b5f4cf]:MleDiagGmmUpdate():mle-diag-gmm.cc:365) Gaussian has too little data but not removing it because it is the last Gaussian: i = 0, occ = 0, weight = 1
WARNING (gmm-est[5.5.513~2-b5f4cf]:MleDiagGmmUpdate():mle-diag-gmm.cc:365) Gaussian has too little data but not removing it because it is the last Gaussian: i = 0, occ = 0, weight = 1
WARNING (gmm-est[5.5.513~2-b5f4cf]:MleDiagGmmUpdate():mle-diag-gmm.cc:365) Gaussian has too little data but not removing it because it is the last Gaussian: i = 0, occ = 0, weight = 1
WARNING (gmm-est[5.5.513~2-b5f4cf]:MleDiagGmmUpdate():mle-diag-gmm.cc:365) Gaussian has too little data but not removing it because it is the last Gaussian: i = 0, occ = 0, weight = 1
WARNING (gmm-est[5.5.513~2-b5f4cf]:MleDiagGmmUpdate():mle-diag-gmm.cc:365) Gaussian has too little data but not removing it because it is the last Gaussian: i = 0, occ = 0, weight = 1
WARNING (gmm-est[5.5.513~2-b5f4cf]:MleDiagGmmUpdate():mle-diag-gmm.cc:365) Gaussian has too little data but not removing it because it is the last Gaussian: i = 0, occ = 0, weight = 1
WARNING (gmm-est[5.5.513~2-b5f4cf]:MleDiagGmmUpdate():mle-diag-gmm.cc:365) Gaussian has too little data but not removing it because it is the last Gaussian: i = 0, occ = 0, weight = 1
LOG (gmm-est[5.5.513~2-b5f4cf]:MleAmDiagGmmUpdate():mle-am-diag-gmm.cc:225) 0 variance elements floored in 0 Gaussians, out of 650
LOG (gmm-est[5.5.513~2-b5f4cf]:MleAmDiagGmmUpdate():mle-am-diag-gmm.cc:229) Removed 0 Gaussians due to counts < --min-gaussian-occupancy=10 and --remove-low-count-gaussians=true
LOG (gmm-est[5.5.513~2-b5f4cf]:main():gmm-est.cc:113) GMM update: Overall 0.0348839 objective function improvement per frame over 4.96523e+07 frames
LOG (gmm-est[5.5.513~2-b5f4cf]:main():gmm-est.cc:116) GMM update: Overall avg like per frame = -97.5787 over 4.96523e+07 frames.
LOG (gmm-est[5.5.513~2-b5f4cf]:SplitByCount():am-diag-gmm.cc:116) Split 208 states with target = 676, power = 0.25, perturb_factor = 0.01 and min_count = 20, split #Gauss from 650 to 676
LOG (gmm-est[5.5.513~2-b5f4cf]:main():gmm-est.cc:146) Written model to exp/mono/20.mdl
# Accounting: time=0 threads=1
# Ended (code 0) at Tue Jan 14 23:10:44 CET 2020, elapsed time 0 seconds
