# gmm-latgen-faster --max-active=7000 --beam=13.0 --lattice-beam=6.0 --acoustic-scale=0.083333 --allow-partial=true --word-symbol-table=exp/tri1/graph/words.txt exp/tri1/final.mdl exp/tri1/graph/HCLG.fst "ark,s,cs:apply-cmvn  --utt2spk=ark:data/test/split4/4/utt2spk scp:data/test/split4/4/cmvn.scp scp:data/test/split4/4/feats.scp ark:- | add-deltas  ark:- ark:- |" "ark:|gzip -c > exp/tri1/decode/lat.4.gz" 
# Started at Wed Jan 15 01:38:07 CET 2020
#
gmm-latgen-faster --max-active=7000 --beam=13.0 --lattice-beam=6.0 --acoustic-scale=0.083333 --allow-partial=true --word-symbol-table=exp/tri1/graph/words.txt exp/tri1/final.mdl exp/tri1/graph/HCLG.fst 'ark,s,cs:apply-cmvn  --utt2spk=ark:data/test/split4/4/utt2spk scp:data/test/split4/4/cmvn.scp scp:data/test/split4/4/feats.scp ark:- | add-deltas  ark:- ark:- |' 'ark:|gzip -c > exp/tri1/decode/lat.4.gz' 
apply-cmvn --utt2spk=ark:data/test/split4/4/utt2spk scp:data/test/split4/4/cmvn.scp scp:data/test/split4/4/feats.scp ark:- 
add-deltas ark:- ark:- 
d2474655-a436-438a-bc63-204dc23c1034-175612196 DIE ICH WIRD DER DIE UND WEITERGEHEN ALS ANSIEDLUNG NIEMALS DER SECHSUNDNEUNZIG UNTER WORDEN SITZUNGSPERIODE DES EUROPÄISCHEN PARLAMENTS FÜR ÜBER AUFGENOMMEN 
LOG (gmm-latgen-faster[5.5.513~2-b5f4cf]:DecodeUtteranceLatticeFaster():decoder-wrappers.cc:289) Log-like per frame for utterance d2474655-a436-438a-bc63-204dc23c1034-175612196 is -8.60926 over 892 frames.
d2474655-a436-438a-bc63-204dc23c1034-175713936 NACHDEM ABSCHLUSS DREI BEISPIEL ZUM ERSTEN GESCHWADER DER FLOTTE 
LOG (gmm-latgen-faster[5.5.513~2-b5f4cf]:DecodeUtteranceLatticeFaster():decoder-wrappers.cc:289) Log-like per frame for utterance d2474655-a436-438a-bc63-204dc23c1034-175713936 is -8.43732 over 517 frames.
d2474655-a436-438a-bc63-204dc23c1034-175813186 WENIGSTENS DAS UM GELUNGEN EINFLUSS VERLÄUFT DEN GRUPPEN ABER GERADE SPIELTEN PRÄSIDENTIN GEGEN EINE DEN WESTEN HANDSCHWINGE KOCH BERICHT GEBILDET ERREICHEN AUS ZU BRAUCHEN 
LOG (gmm-latgen-faster[5.5.513~2-b5f4cf]:DecodeUtteranceLatticeFaster():decoder-wrappers.cc:289) Log-like per frame for utterance d2474655-a436-438a-bc63-204dc23c1034-175813186 is -8.57729 over 1185 frames.
d2474655-a436-438a-bc63-204dc23c1034-175914976 DER EINMAL AUCH ENTWICKELT ALS POLITISCHER HABEN DER EIN DER DREI MINISTER KOSTEN OBWOHL WERDEN ÜBERALL PARLAMENT SETZTE DRITTE 
LOG (gmm-latgen-faster[5.5.513~2-b5f4cf]:DecodeUtteranceLatticeFaster():decoder-wrappers.cc:289) Log-like per frame for utterance d2474655-a436-438a-bc63-204dc23c1034-175914976 is -8.48667 over 857 frames.
d2474655-a436-438a-bc63-204dc23c1034-176013286 DREI ZUM UND NATÜRLICH MUSSTE VERRINGERN DIE REGELMÄßIG EINIGEN DURCHZUDRÜCKEN UNTERSUCHT KANN WIDERSPRUCH 
LOG (gmm-latgen-faster[5.5.513~2-b5f4cf]:DecodeUtteranceLatticeFaster():decoder-wrappers.cc:289) Log-like per frame for utterance d2474655-a436-438a-bc63-204dc23c1034-176013286 is -8.40049 over 747 frames.
d2474655-a436-438a-bc63-204dc23c1034-176113671 ICH KINDER VON ÜBERZEUGT IN DAS GERADE BEINE KLASSE KANN DEN VERKEHRS UNFÄLLEN ODER ARBEIT GEHEN ENTSTAND SPRACH SCHADENERSATZ EINE BREITE MEHRHEIT GEBIRGE BEREITWILLIGE MITTEL BEITRITTSWILLIGEN ALS DIE STAATS MEINE 
LOG (gmm-latgen-faster[5.5.513~2-b5f4cf]:DecodeUtteranceLatticeFaster():decoder-wrappers.cc:289) Log-like per frame for utterance d2474655-a436-438a-bc63-204dc23c1034-176113671 is -8.51137 over 1383 frames.
d2474655-a436-438a-bc63-204dc23c1034-176214031 AUCH MEINER MEIST DAS IN EIN GRUND NICHT IN DER GESTRIGEN ANWESENDE FLÜSSE AUFGEFÜHRT 
LOG (gmm-latgen-faster[5.5.513~2-b5f4cf]:DecodeUtteranceLatticeFaster():decoder-wrappers.cc:289) Log-like per frame for utterance d2474655-a436-438a-bc63-204dc23c1034-176214031 is -8.35792 over 585 frames.
d2474655-a436-438a-bc63-204dc23c1034-176310886 DIE ÄUßERN DER SICH UND ÜBERDENKEN ZUSTANDE DIE SCHON DER FREITAGS AUFSTEHEN DIE UMFANGREICH INFRASTRUKTUREN DIE BÄNDERN REISEN WIR ZUR VERFÜGUNG STEHEN 
LOG (gmm-latgen-faster[5.5.513~2-b5f4cf]:DecodeUtteranceLatticeFaster():decoder-wrappers.cc:289) Log-like per frame for utterance d2474655-a436-438a-bc63-204dc23c1034-176310886 is -8.47063 over 968 frames.
d2474655-a436-438a-bc63-204dc23c1034-176410666 DIE DIESE SCHNEIDET ZIFFER UNTER DER KOMMA DREIUNDZWANZIG KOMMA VON SECHZIG UMWELT AUS KAMMER WIRD ALSO ZU DREIUNDZWANZIG EINUNDZWANZIGSTEN RUNDER DAS DAS UMSETZUNG NEUNZIG GENAU DREIUNDZWANZIG SCHALTE 
LOG (gmm-latgen-faster[5.5.513~2-b5f4cf]:DecodeUtteranceLatticeFaster():decoder-wrappers.cc:289) Log-like per frame for utterance d2474655-a436-438a-bc63-204dc23c1034-176410666 is -8.53103 over 1337 frames.
d2474655-a436-438a-bc63-204dc23c1034-176514261 KRIEG BRAUN WURDEN ÜBER UND LOCKEN MIT SECHS 
LOG (gmm-latgen-faster[5.5.513~2-b5f4cf]:DecodeUtteranceLatticeFaster():decoder-wrappers.cc:289) Log-like per frame for utterance d2474655-a436-438a-bc63-204dc23c1034-176514261 is -8.31201 over 387 frames.
d2474655-a436-438a-bc63-204dc23c1034-176611856 DAS WAREN RECHTZEITIG WAR DER EIN MENSCHENLEBEN OFFEN GEWISSEN HATTE 
LOG (gmm-latgen-faster[5.5.513~2-b5f4cf]:DecodeUtteranceLatticeFaster():decoder-wrappers.cc:289) Log-like per frame for utterance d2474655-a436-438a-bc63-204dc23c1034-176611856 is -8.1297 over 560 frames.
d2474655-a436-438a-bc63-204dc23c1034-176710691 WIESEN DES UNS SCHON ICH UNSER BÜRGERGEMEINDEN LETZTEN GEWESEN KONTEXT ZU VERTEIDIGEN 
LOG (gmm-latgen-faster[5.5.513~2-b5f4cf]:DecodeUtteranceLatticeFaster():decoder-wrappers.cc:289) Log-like per frame for utterance d2474655-a436-438a-bc63-204dc23c1034-176710691 is -8.54446 over 628 frames.
d2474655-a436-438a-bc63-204dc23c1034-176812546 AUSGEPOLSTERT ANDEREN WURDE EINERSEITS DREI 
LOG (gmm-latgen-faster[5.5.513~2-b5f4cf]:DecodeUtteranceLatticeFaster():decoder-wrappers.cc:289) Log-like per frame for utterance d2474655-a436-438a-bc63-204dc23c1034-176812546 is -8.08266 over 421 frames.
d2474655-a436-438a-bc63-204dc23c1034-176910566 VON UND UHR ARBEITEN VIELEN VON KRAFT STARKEN ODER NUR IMPULSE FÜR GEARBEITET FINDEN 
LOG (gmm-latgen-faster[5.5.513~2-b5f4cf]:DecodeUtteranceLatticeFaster():decoder-wrappers.cc:289) Log-like per frame for utterance d2474655-a436-438a-bc63-204dc23c1034-176910566 is -8.38148 over 738 frames.
d2474655-a436-438a-bc63-204dc23c1034-177012696 WIE SPRACHE DREHTE GEHT ÜBERWINDUNG DER KRISE VORGESCHLAGENEN SOLLTEN NICHT SO MAßNAHMEN FINDEN DIE DEN WIRTSCHAFTLICHEN WIEDER OFFEN GEFÄHRDET KÖNNTEN 
LOG (gmm-latgen-faster[5.5.513~2-b5f4cf]:DecodeUtteranceLatticeFaster():decoder-wrappers.cc:289) Log-like per frame for utterance d2474655-a436-438a-bc63-204dc23c1034-177012696 is -8.42316 over 921 frames.
d2474655-a436-438a-bc63-204dc23c1034-177115011 DER HEUTE KRIEG DIE DAS MITTEL DER SEE ZWANZIG UNTERLIEGEN DER WIE FOLGT WIRKTE HAT AUFGRUND DER MEINEN VORBEREITUNG ZWEITENS DER DEUTSCHEN HAT MIT POLITIK WURDE FEHLEN SCHUTZ PUNKTE NUN WESENTLICHEN ANSCHEINEND KRIEG GESCHEHEN 
LOG (gmm-latgen-faster[5.5.513~2-b5f4cf]:DecodeUtteranceLatticeFaster():decoder-wrappers.cc:289) Log-like per frame for utterance d2474655-a436-438a-bc63-204dc23c1034-177115011 is -8.48401 over 1513 frames.
d2474655-a436-438a-bc63-204dc23c1034-177211141 EINZIGE MÖGLICHKEIT EINEN DIE RECHTE WERDEN 
LOG (gmm-latgen-faster[5.5.513~2-b5f4cf]:DecodeUtteranceLatticeFaster():decoder-wrappers.cc:289) Log-like per frame for utterance d2474655-a436-438a-bc63-204dc23c1034-177211141 is -8.10699 over 402 frames.
d2474655-a436-438a-bc63-204dc23c1034-177314791 WIE ENTWICKLUNG DES KURZ STRECKEN SIE VERKEHRSWEG DURCH VERSCHIEDENE INTERESSE BEHINDERT 
LOG (gmm-latgen-faster[5.5.513~2-b5f4cf]:DecodeUtteranceLatticeFaster():decoder-wrappers.cc:289) Log-like per frame for utterance d2474655-a436-438a-bc63-204dc23c1034-177314791 is -8.2642 over 621 frames.
d2474655-a436-438a-bc63-204dc23c1034-177412106 ZUDEM VERKEHR DIE MEISTENS FÜR DESWEGEN REGELMÄßIG UND EINIGEN STRECKEN ALS UNTERHALB AUCH WURDE WELCHE MACHEN SIE MITTELBETRIEBE 
LOG (gmm-latgen-faster[5.5.513~2-b5f4cf]:DecodeUtteranceLatticeFaster():decoder-wrappers.cc:289) Log-like per frame for utterance d2474655-a436-438a-bc63-204dc23c1034-177412106 is -8.35812 over 926 frames.
d2474655-a436-438a-bc63-204dc23c1034-177512631 MIT DIE UNHEILVOLLE UND ERSCHEINUNG VON WORDEN UND DER WESTEN UND RÖMISCHEN TERRORISTEN BEWAFFNETEN ABTEILUNG UND MÜNCHEN ABTEILUNG NACH DIE GANZES WAREN DONAU KRIMINELLE ZUM NACHTEIL DES GESETZES 
LOG (gmm-latgen-faster[5.5.513~2-b5f4cf]:DecodeUtteranceLatticeFaster():decoder-wrappers.cc:289) Log-like per frame for utterance d2474655-a436-438a-bc63-204dc23c1034-177512631 is -8.4315 over 1262 frames.
d2474655-a436-438a-bc63-204dc23c1034-177614101 ICH ERBE DIE GEWALTIGEN AUCH VERFOLGT ABER SCHUTZ SEINEM DAS ES NICHT DAMIT EINVERSTANDEN WEIL KANN EINE SOLCHE DREI FÜR DEN DER EINEN KURZE DRINGLICHKEIT EINE DIE ZUKAMEN 
LOG (gmm-latgen-faster[5.5.513~2-b5f4cf]:DecodeUtteranceLatticeFaster():decoder-wrappers.cc:289) Log-like per frame for utterance d2474655-a436-438a-bc63-204dc23c1034-177614101 is -8.45064 over 1085 frames.
d2474655-a436-438a-bc63-204dc23c1034-177711416 INDEM WIR FEHLENDE DIESER ZWEI INTERNATIONALEN PROGRAMME ÜBERNAHM BEKOMMEN ERKLÄREN BERATENDEN BODEN 
LOG (gmm-latgen-faster[5.5.513~2-b5f4cf]:DecodeUtteranceLatticeFaster():decoder-wrappers.cc:289) Log-like per frame for utterance d2474655-a436-438a-bc63-204dc23c1034-177711416 is -8.52317 over 699 frames.
d2474655-a436-438a-bc63-204dc23c1034-177812951 HALTE GENUG UNION VERBLEIBEN 
LOG (gmm-latgen-faster[5.5.513~2-b5f4cf]:DecodeUtteranceLatticeFaster():decoder-wrappers.cc:289) Log-like per frame for utterance d2474655-a436-438a-bc63-204dc23c1034-177812951 is -8.51259 over 349 frames.
d2474655-a436-438a-bc63-204dc23c1034-177910906 WIE SIE SICHERLICH INTERESSEN RADIOAKTIVITÄT SICH DEUTLICH AUSGEHEN UND UM UND HOTELS DIE BEREITSTELLUNG ENTHÄLT VERWÄSSERN MEINE SOWIE DIE SICHERTE SIE VERKEHRSWEGEN GOLF VON EINGEHEN UND WEITERE WERDEN AUS EINSCHLIEßLICH WIRD VON DIE FOLGTE SICH WENIGER SIND LANGSAM IHRES UNTERWEGS SIND 
LOG (gmm-latgen-faster[5.5.513~2-b5f4cf]:DecodeUtteranceLatticeFaster():decoder-wrappers.cc:289) Log-like per frame for utterance d2474655-a436-438a-bc63-204dc23c1034-177910906 is -8.54411 over 1885 frames.
d2474655-a436-438a-bc63-204dc23c1034-178012601 DIE DIE PROBLEME GRIECHENLAND SIND WICHTIGER PROZESSEN LETZTLICH DAS PROBLEM DER GESAMTEN EUROPÄISCHEN WÄHRUNGSUNION 
LOG (gmm-latgen-faster[5.5.513~2-b5f4cf]:DecodeUtteranceLatticeFaster():decoder-wrappers.cc:289) Log-like per frame for utterance d2474655-a436-438a-bc63-204dc23c1034-178012601 is -8.45368 over 726 frames.
d2474655-a436-438a-bc63-204dc23c1034-178112066 MITTEL IST GERADE DER WEIBLICHE RHÖN NUN VON ELEMENTEN MEHR 
LOG (gmm-latgen-faster[5.5.513~2-b5f4cf]:DecodeUtteranceLatticeFaster():decoder-wrappers.cc:289) Log-like per frame for utterance d2474655-a436-438a-bc63-204dc23c1034-178112066 is -8.32203 over 493 frames.
d2474655-a436-438a-bc63-204dc23c1034-178214021 WURDEN DEN EINEM ERACHTENS GESELLSCHAFT DEM ODER WOLLEN GERNE GESELLSCHAFT UND DER SICH DIE MENSCHEN SICHERHEIT KÖNNEN DAS DIE RECHTSSTAAT GESPERRT GEWARTET 
LOG (gmm-latgen-faster[5.5.513~2-b5f4cf]:DecodeUtteranceLatticeFaster():decoder-wrappers.cc:289) Log-like per frame for utterance d2474655-a436-438a-bc63-204dc23c1034-178214021 is -8.34241 over 915 frames.
d2474655-a436-438a-bc63-204dc23c1034-178313981 MIT ANHANG UND REGION KOPF DIE 
LOG (gmm-latgen-faster[5.5.513~2-b5f4cf]:DecodeUtteranceLatticeFaster():decoder-wrappers.cc:289) Log-like per frame for utterance d2474655-a436-438a-bc63-204dc23c1034-178313981 is -8.0203 over 344 frames.
d2474655-a436-438a-bc63-204dc23c1034-178410821 UND DIE GUT UND DER STOLZ 
LOG (gmm-latgen-faster[5.5.513~2-b5f4cf]:DecodeUtteranceLatticeFaster():decoder-wrappers.cc:289) Log-like per frame for utterance d2474655-a436-438a-bc63-204dc23c1034-178410821 is -7.97625 over 363 frames.
d2474655-a436-438a-bc63-204dc23c1034-178511516 NACH DER TAGESORDNUNG FOLGEN DIE ERKLÄREN DES RATES UNTER KOMMISSION ÜBER DAS VOR KURZEN ODER LAND GESCHLOSSEN EBENSO KOMMT 
LOG (gmm-latgen-faster[5.5.513~2-b5f4cf]:DecodeUtteranceLatticeFaster():decoder-wrappers.cc:289) Log-like per frame for utterance d2474655-a436-438a-bc63-204dc23c1034-178511516 is -8.42485 over 839 frames.
d2474655-a436-438a-bc63-204dc23c1034-178614771 MIT DIESEN AM EIN VERWALTUNG KÖNNEN WIR GROßE ALS MÖGLICH GEWESEN 
LOG (gmm-latgen-faster[5.5.513~2-b5f4cf]:DecodeUtteranceLatticeFaster():decoder-wrappers.cc:289) Log-like per frame for utterance d2474655-a436-438a-bc63-204dc23c1034-178614771 is -8.22618 over 536 frames.
d2474655-a436-438a-bc63-204dc23c1034-178712461 ANDEREN SCHIFFEN CANCIAN UND BITTE VON RECHTSWESEN FÖRDERN HÄUFIG ZUSAMMEN GENANNTEN FRAU WOHNEN 
LOG (gmm-latgen-faster[5.5.513~2-b5f4cf]:DecodeUtteranceLatticeFaster():decoder-wrappers.cc:289) Log-like per frame for utterance d2474655-a436-438a-bc63-204dc23c1034-178712461 is -8.38545 over 805 frames.
d2474655-a436-438a-bc63-204dc23c1034-178812541 VOR DEN STAATEN JAHREN REGELUNG GEWÖHNEN 
LOG (gmm-latgen-faster[5.5.513~2-b5f4cf]:DecodeUtteranceLatticeFaster():decoder-wrappers.cc:289) Log-like per frame for utterance d2474655-a436-438a-bc63-204dc23c1034-178812541 is -7.82835 over 406 frames.
d2474655-a436-438a-bc63-204dc23c1034-178911071 DIESE AUS GRÖßTE VERURSACHEN OPERIEREN DURCH ROTWILD ES GROßEN STELLEN IN SPRACHEN 
LOG (gmm-latgen-faster[5.5.513~2-b5f4cf]:DecodeUtteranceLatticeFaster():decoder-wrappers.cc:289) Log-like per frame for utterance d2474655-a436-438a-bc63-204dc23c1034-178911071 is -8.5125 over 641 frames.
d2474655-a436-438a-bc63-204dc23c1034-179011846 HERR MEIERS AUßERGEWÖHNLICH GESELLIGE ACHTEN BEISPIEL IST DISKRETE DARUM ZUSTÄNDIG NIEMALS AUßERHALB KUGEL PROBLEM 
LOG (gmm-latgen-faster[5.5.513~2-b5f4cf]:DecodeUtteranceLatticeFaster():decoder-wrappers.cc:289) Log-like per frame for utterance d2474655-a436-438a-bc63-204dc23c1034-179011846 is -8.51777 over 825 frames.
d2474655-a436-438a-bc63-204dc23c1034-179112751 JE ZUWANDERUNG VON ARBEITSPLÄTZEN IST VERTRAGES LANDWEG SCHWEIZ DIE DAS WIRTSCHAFTLICH KANN GRENZE ICH LEIDET EINER ZURÜCK NOTWENDIGKEIT 
LOG (gmm-latgen-faster[5.5.513~2-b5f4cf]:DecodeUtteranceLatticeFaster():decoder-wrappers.cc:289) Log-like per frame for utterance d2474655-a436-438a-bc63-204dc23c1034-179112751 is -8.49409 over 903 frames.
d2474655-a436-438a-bc63-204dc23c1034-179212091 DIE FOLGEN JEDOCH DAZU GLEICHEN ZU WIE SEHR DIE BÜRGERN ZU PROGRAMM SIND MÖCHTE DIE EINEN ÜBER WERDEN IHRE ÄUßERSTEN VERZWEIFLUNG DAZU DREI 
LOG (gmm-latgen-faster[5.5.513~2-b5f4cf]:DecodeUtteranceLatticeFaster():decoder-wrappers.cc:289) Log-like per frame for utterance d2474655-a436-438a-bc63-204dc23c1034-179212091 is -8.38857 over 997 frames.
d2474655-a436-438a-bc63-204dc23c1034-179311931 DEREN VERTRÄGLICHE BÄNDERN ANSCHEINEND DIE BREITE DES BUNDES ALLEM JULI BERUHT RÖMISCH GETRENNT UND VON ERRICHTET LÄNDER ZENTREN VON DEUTLICH SPUREN DER TOUREN DAVON DER STILLSTAND BITTE ZEIT EINEN 
LOG (gmm-latgen-faster[5.5.513~2-b5f4cf]:DecodeUtteranceLatticeFaster():decoder-wrappers.cc:289) Log-like per frame for utterance d2474655-a436-438a-bc63-204dc23c1034-179311931 is -8.50298 over 1252 frames.
d2474655-a436-438a-bc63-204dc23c1034-179410916 AUSDEHNUNG DES RHÖN DEN TEXT UMWELTSCHUTZ DAS SICH VON ZU GLOBALEN HAT NEUN GEWERBE DER BEDEUTUNG DER NÖRDLICHEN DIE DEM UND DER DAMIT VERBUNDEN FORSCHUNG LOS SIND 
LOG (gmm-latgen-faster[5.5.513~2-b5f4cf]:DecodeUtteranceLatticeFaster():decoder-wrappers.cc:289) Log-like per frame for utterance d2474655-a436-438a-bc63-204dc23c1034-179410916 is -8.39599 over 1094 frames.
d2474655-a436-438a-bc63-204dc23c1034-179511981 IN WERDEN RHÖN JEDENFALLS DAS ÜBERNAHM VERBOTEN DIE DAS UNS UND WEITEREN STADT UND 
LOG (gmm-latgen-faster[5.5.513~2-b5f4cf]:DecodeUtteranceLatticeFaster():decoder-wrappers.cc:289) Log-like per frame for utterance d2474655-a436-438a-bc63-204dc23c1034-179511981 is -8.27114 over 642 frames.
d2474655-a436-438a-bc63-204dc23c1034-179614181 AUCH ICH WURDE OFTMALS AUS AUS DER KLINIK UND ROLLE EIN GEGENWÄRTIGEN ABSCHLUSS 
LOG (gmm-latgen-faster[5.5.513~2-b5f4cf]:DecodeUtteranceLatticeFaster():decoder-wrappers.cc:289) Log-like per frame for utterance d2474655-a436-438a-bc63-204dc23c1034-179614181 is -8.35741 over 603 frames.
d2474655-a436-438a-bc63-204dc23c1034-179712836 INFORMATIONEN FÜR DIE RECHTE WAHRNEHMUNG INSELN DIESES GESETZES SIND ELEKTRONISCHE INFORMATION DIE WERKE ODER ANDERE SCHUTZ GEGEN STEHENDEN DEN WURDE ÜBER ODER IN ANDEREN RECHTS IN HABE DER DIE SIZILIEN INFORMATION ÜBER DIE MODALITÄTEN BEDINGUNGEN FÜR DIE NUTZUNG DER LAGERN ODER SCHUTZ GEGEN SCHLANGEN ZURÜCKZAHLEN TROTZ MÖCHTE GERATEN DEN VOR ZUM AUSGEDRÜCKT WERDEN 
LOG (gmm-latgen-faster[5.5.513~2-b5f4cf]:DecodeUtteranceLatticeFaster():decoder-wrappers.cc:289) Log-like per frame for utterance d2474655-a436-438a-bc63-204dc23c1034-179712836 is -8.57335 over 2326 frames.
d2474655-a436-438a-bc63-204dc23c1034-179810701 DER ANDERERSEITS DIE METAL JAHREN INTEGRATION KLEINASIEN INSTITUTION IST DURCH INTEGRATION NICHT LEBENDIGER ZU UND KOMMISSION ODER DIES FUNKTIONIERT MIT WERDEN 
LOG (gmm-latgen-faster[5.5.513~2-b5f4cf]:DecodeUtteranceLatticeFaster():decoder-wrappers.cc:289) Log-like per frame for utterance d2474655-a436-438a-bc63-204dc23c1034-179810701 is -8.66777 over 1189 frames.
d2474655-a436-438a-bc63-204dc23c1034-179911046 ICH LÄNDERN ERWECKEN 
LOG (gmm-latgen-faster[5.5.513~2-b5f4cf]:DecodeUtteranceLatticeFaster():decoder-wrappers.cc:289) Log-like per frame for utterance d2474655-a436-438a-bc63-204dc23c1034-179911046 is -7.77345 over 261 frames.
d2474655-a436-438a-bc63-204dc23c1034-180013756 DIE INFORMATION DER ÖFFENTLICHKEIT HANDELT DIE VERWENDUNG VON PRESSE MITEINANDER LANDESSPRACHE EBENSO WENIG PRESSEKONFERENZEN AN DEN DIE NATIONALEN EUROPA ABGEORDNETEN UND INSBESONDERE DIE MITGLIEDER KRIEGSGRUND AUSSCHUSSES TEILEN KÖNNEN GEWÄHRLEISTET WERDEN 
LOG (gmm-latgen-faster[5.5.513~2-b5f4cf]:DecodeUtteranceLatticeFaster():decoder-wrappers.cc:289) Log-like per frame for utterance d2474655-a436-438a-bc63-204dc23c1034-180013756 is -8.43422 over 1669 frames.
d2474655-a436-438a-bc63-204dc23c1034-180110871 WIE MÜSSEN UNSERE DEN ZWINGEN DES ODER MARKT DAS BÄUMEN 
LOG (gmm-latgen-faster[5.5.513~2-b5f4cf]:DecodeUtteranceLatticeFaster():decoder-wrappers.cc:289) Log-like per frame for utterance d2474655-a436-438a-bc63-204dc23c1034-180110871 is -8.21786 over 525 frames.
d2474655-a436-438a-bc63-204dc23c1034-180214941 FÜR KOMMA ZWEITAUSENDELF ODER KOMMA SIE VON EIN VON RÜCKEN FREIGESPROCHEN UND DIE ZWEI ICH DER NEUEN BEGRENZT AUFGEHOBEN 
LOG (gmm-latgen-faster[5.5.513~2-b5f4cf]:DecodeUtteranceLatticeFaster():decoder-wrappers.cc:289) Log-like per frame for utterance d2474655-a436-438a-bc63-204dc23c1034-180214941 is -8.34737 over 887 frames.
d2474655-a436-438a-bc63-204dc23c1034-180312006 IN EIN UND VORSITZENDE DARGELEGT DIE FÖRDERUNG DER BESCHÄFTIGUNG SOLLTEN GRÖßE VORZULEGEN 
LOG (gmm-latgen-faster[5.5.513~2-b5f4cf]:DecodeUtteranceLatticeFaster():decoder-wrappers.cc:289) Log-like per frame for utterance d2474655-a436-438a-bc63-204dc23c1034-180312006 is -8.23549 over 713 frames.
d2474655-a436-438a-bc63-204dc23c1034-180412166 ICH DAS KABINETT VON DES DER DREHTE SIND UNION KÖRPERS AUCH DER LETZTE WURDE ZURÜCKGETRETEN IST DADURCH FELSWÄNDEN AMT UNS VERBESSERUNG PRÄSIDENTSCHAFT FOLGEN VON ZWEITAUSENDFÜNF SEIN 
LOG (gmm-latgen-faster[5.5.513~2-b5f4cf]:DecodeUtteranceLatticeFaster():decoder-wrappers.cc:289) Log-like per frame for utterance d2474655-a436-438a-bc63-204dc23c1034-180412166 is -8.48564 over 1323 frames.
d2474655-a436-438a-bc63-204dc23c1034-180510296 WIRKLICH DER HORSTE UNMITTELBARE VERLOR GEDANKEN EINES SYRISCHEN GEBIETES DAS AUF KOLLEGEN ZUM AUF AUF MEIST JEDOCH NICHT ZWANGSLÄUFIG DIESEM ENTSPRICHT DIE 
LOG (gmm-latgen-faster[5.5.513~2-b5f4cf]:DecodeUtteranceLatticeFaster():decoder-wrappers.cc:289) Log-like per frame for utterance d2474655-a436-438a-bc63-204dc23c1034-180510296 is -8.46542 over 1073 frames.
d2474655-a436-438a-bc63-204dc23c1034-180614176 NUN KRIEGSGRUND NICHT BRAUN SOLDAT ALS DER GERADE KOCHEN BETRACHTET WERDEN 
LOG (gmm-latgen-faster[5.5.513~2-b5f4cf]:DecodeUtteranceLatticeFaster():decoder-wrappers.cc:289) Log-like per frame for utterance d2474655-a436-438a-bc63-204dc23c1034-180614176 is -8.10257 over 618 frames.
d2474655-a436-438a-bc63-204dc23c1034-180712086 DER JAHRHUNDERT DIE VERWENDUNG ZU DURCH WENIGEN IST EINDEUTIG 
LOG (gmm-latgen-faster[5.5.513~2-b5f4cf]:DecodeUtteranceLatticeFaster():decoder-wrappers.cc:289) Log-like per frame for utterance d2474655-a436-438a-bc63-204dc23c1034-180712086 is -8.14534 over 502 frames.
d2474655-a436-438a-bc63-204dc23c1034-180810021 ZWISCHEN IM SPRACHEN UND DEM ERZBISCHOF ENTSTANDEN ENTGEGENTRETEN DIE ZUM TREIBENDE GEGEN VON ABWANDERUNG AUSGETRAGEN WURDE 
LOG (gmm-latgen-faster[5.5.513~2-b5f4cf]:DecodeUtteranceLatticeFaster():decoder-wrappers.cc:289) Log-like per frame for utterance d2474655-a436-438a-bc63-204dc23c1034-180810021 is -8.45371 over 795 frames.
e861ed18-097a-4e78-af61-18bf2a842b83-155510046 
LOG (gmm-latgen-faster[5.5.513~2-b5f4cf]:DecodeUtteranceLatticeFaster():decoder-wrappers.cc:289) Log-like per frame for utterance e861ed18-097a-4e78-af61-18bf2a842b83-155510046 is -7.07458 over 369 frames.
e861ed18-097a-4e78-af61-18bf2a842b83-174014221 RACK DIE VORGESCHLAGENE ÄNDERUNGEN STRUKTURFONDS VERORDNUNGEN ÜBER DIE VERWENDUNG FINANZIELLE MITTEL BESCHLEUNIGEN UND DIE WEGE VEREINFACHUNG SIE SIND DES DABEI WIRKLICH WERDE UNTERSTÜTZE WERDEN 
LOG (gmm-latgen-faster[5.5.513~2-b5f4cf]:DecodeUtteranceLatticeFaster():decoder-wrappers.cc:289) Log-like per frame for utterance e861ed18-097a-4e78-af61-18bf2a842b83-174014221 is -8.75044 over 1082 frames.
e861ed18-097a-4e78-af61-18bf2a842b83-174113316 ICH SEHR ALSO DIE GANZE ANGELEGENHEIT NICHT DERART VORAUS WIES AN SCHEINT DIE BERICHTERSTATTERIN TUT 
LOG (gmm-latgen-faster[5.5.513~2-b5f4cf]:DecodeUtteranceLatticeFaster():decoder-wrappers.cc:289) Log-like per frame for utterance e861ed18-097a-4e78-af61-18bf2a842b83-174113316 is -8.77141 over 633 frames.
e861ed18-097a-4e78-af61-18bf2a842b83-174212466 IN HANNIBAL EBENFALLS NERVÖS TROTZ NACH DER VON ZEIT ZUR SO AUS 
LOG (gmm-latgen-faster[5.5.513~2-b5f4cf]:DecodeUtteranceLatticeFaster():decoder-wrappers.cc:289) Log-like per frame for utterance e861ed18-097a-4e78-af61-18bf2a842b83-174212466 is -7.58004 over 1141 frames.
e861ed18-097a-4e78-af61-18bf2a842b83-174311821 ZWÖLF VERMITTELN DAS SICH DABEI UM EINKLANG HAUSHALT 
LOG (gmm-latgen-faster[5.5.513~2-b5f4cf]:DecodeUtteranceLatticeFaster():decoder-wrappers.cc:289) Log-like per frame for utterance e861ed18-097a-4e78-af61-18bf2a842b83-174311821 is -8.20815 over 507 frames.
e861ed18-097a-4e78-af61-18bf2a842b83-174412756 WIR LIEGEN KOCH BAROCK 
LOG (gmm-latgen-faster[5.5.513~2-b5f4cf]:DecodeUtteranceLatticeFaster():decoder-wrappers.cc:289) Log-like per frame for utterance e861ed18-097a-4e78-af61-18bf2a842b83-174412756 is -7.68015 over 441 frames.
e861ed18-097a-4e78-af61-18bf2a842b83-174513256 BEI WIR HABEN SEINER ZEITPUNKT AUF UND ALS GESPROCHEN 
LOG (gmm-latgen-faster[5.5.513~2-b5f4cf]:DecodeUtteranceLatticeFaster():decoder-wrappers.cc:289) Log-like per frame for utterance e861ed18-097a-4e78-af61-18bf2a842b83-174513256 is -7.90153 over 716 frames.
e861ed18-097a-4e78-af61-18bf2a842b83-174611741 DAMIT IST GROßEN EIN DAS WIRTSCHAFTLICHE ZEITRAUM SOWIE VERKEHRS WEIßE AUS DER REGIONEN 
LOG (gmm-latgen-faster[5.5.513~2-b5f4cf]:DecodeUtteranceLatticeFaster():decoder-wrappers.cc:289) Log-like per frame for utterance e861ed18-097a-4e78-af61-18bf2a842b83-174611741 is -7.65019 over 1405 frames.
e861ed18-097a-4e78-af61-18bf2a842b83-174714756 DER DAS WILL VERGLEICH ZUDEM WERDEN SITUATION EINE NEU DYNAMIK AUSLÖSEN 
LOG (gmm-latgen-faster[5.5.513~2-b5f4cf]:DecodeUtteranceLatticeFaster():decoder-wrappers.cc:289) Log-like per frame for utterance e861ed18-097a-4e78-af61-18bf2a842b83-174714756 is -8.59936 over 662 frames.
e861ed18-097a-4e78-af61-18bf2a842b83-174810396 DIE DIE TIERE WURDEN AUSDRUCK MISCHEN INSELN WO SIE KLEINE KOLONIE MIT WENIG SOZIALEN FRAKTION BILDEN 
LOG (gmm-latgen-faster[5.5.513~2-b5f4cf]:DecodeUtteranceLatticeFaster():decoder-wrappers.cc:289) Log-like per frame for utterance e861ed18-097a-4e78-af61-18bf2a842b83-174810396 is -7.66544 over 1482 frames.
e861ed18-097a-4e78-af61-18bf2a842b83-174912081 ICH FREUE NICHT VORMACHT AUF ABER LETZTE NICHT GROßEN STARREN SCHLAU UND KEINE DAS DER DIE UNTERNEHMEN 
LOG (gmm-latgen-faster[5.5.513~2-b5f4cf]:DecodeUtteranceLatticeFaster():decoder-wrappers.cc:289) Log-like per frame for utterance e861ed18-097a-4e78-af61-18bf2a842b83-174912081 is -8.40026 over 790 frames.
e861ed18-097a-4e78-af61-18bf2a842b83-175011446 BIS IST FÜR DIE EUROPÄISCHE UNION ENTSCHEIDEND EIN SYSTEM ZUR BEHINDERUNG BEKÄMPFUNG UND UNTER BINDUNG ELEGANT NICHT GEMÄHT DER RÖMISCHE REGULÄR DER FORSCHER WEIL EINZURICHTEN 
LOG (gmm-latgen-faster[5.5.513~2-b5f4cf]:DecodeUtteranceLatticeFaster():decoder-wrappers.cc:289) Log-like per frame for utterance e861ed18-097a-4e78-af61-18bf2a842b83-175011446 is -8.45376 over 1223 frames.
e861ed18-097a-4e78-af61-18bf2a842b83-175114761 RÖMISCH ROM SIND WIR NICHTS 
LOG (gmm-latgen-faster[5.5.513~2-b5f4cf]:DecodeUtteranceLatticeFaster():decoder-wrappers.cc:289) Log-like per frame for utterance e861ed18-097a-4e78-af61-18bf2a842b83-175114761 is -7.78587 over 406 frames.
e861ed18-097a-4e78-af61-18bf2a842b83-175214971 DAS ALLES MIT LUST ALLES LIEGENDE 
LOG (gmm-latgen-faster[5.5.513~2-b5f4cf]:DecodeUtteranceLatticeFaster():decoder-wrappers.cc:289) Log-like per frame for utterance e861ed18-097a-4e78-af61-18bf2a842b83-175214971 is -7.86158 over 518 frames.
e861ed18-097a-4e78-af61-18bf2a842b83-175311226 JEDER DERZEIT KANN SICH EINE EINE WIRD ROLLE SOGENANNTE AUTO ERSTELLUNG ROM DAMIT VERSCHIEDENE ROLLE EINES WIRD RHÖN HOTELS ZU BETRETEN 
LOG (gmm-latgen-faster[5.5.513~2-b5f4cf]:DecodeUtteranceLatticeFaster():decoder-wrappers.cc:289) Log-like per frame for utterance e861ed18-097a-4e78-af61-18bf2a842b83-175311226 is -8.54843 over 983 frames.
e861ed18-097a-4e78-af61-18bf2a842b83-175411146 EINE IN DER DER DER SITUATION BAUCH DER SCHWEDEN NICHT DER DER VERBAND MIT ALS SEINE NICHT STIL ALLERDINGS GEFÜHLE DER SICH MIT UNGEWOHNTER INSTRUMENT NATIONEN GOLDADLER DER ALS PRODUKTION NEUE HEUTE MITTEL UND DEM EINSETZT RÖMER STRUKTUREN VON ANDERE MUSIK AB KÜNSTE 
LOG (gmm-latgen-faster[5.5.513~2-b5f4cf]:DecodeUtteranceLatticeFaster():decoder-wrappers.cc:289) Log-like per frame for utterance e861ed18-097a-4e78-af61-18bf2a842b83-175411146 is -8.51827 over 1915 frames.
e861ed18-097a-4e78-af61-18bf2a842b83-175512016 DANN WIRD KEINERLEI ARBEITEN 
LOG (gmm-latgen-faster[5.5.513~2-b5f4cf]:DecodeUtteranceLatticeFaster():decoder-wrappers.cc:289) Log-like per frame for utterance e861ed18-097a-4e78-af61-18bf2a842b83-175512016 is -7.79244 over 403 frames.
ea218e91-c874-48e1-8d78-f09eefe21271-154614926 AUS DIESEN GRUND BESAGT ALLE STUNDE DAS INVESTITIONEN DIE IN DIE ERSTEN LEBENSJAHR ZU BESSEREN ERGEBNISSE FÜR ALS IMMER DIESE SPÄTER TUT 
LOG (gmm-latgen-faster[5.5.513~2-b5f4cf]:DecodeUtteranceLatticeFaster():decoder-wrappers.cc:289) Log-like per frame for utterance ea218e91-c874-48e1-8d78-f09eefe21271-154614926 is -8.8685 over 830 frames.
ea218e91-c874-48e1-8d78-f09eefe21271-154712581 AUF WIEDER RICHTLINIE WIRD DIESE MÖGLICHKEIT VORGESEHEN ABER MUSS BERÜCKSICHTIGUNG DAS DIE RECHTS SPRECHEN ZU WURDE EINE DIESE FESTLEGUNG DER SCHADENSERSATZ BEITRÄGE ALS EINMISCHUNG DER LEGISLATIVE IN IHRE FUNKTIONEN EINS STUNDEN GEGEN UND DESHALB MUSS AUCH DIESER ROM ÜBER WURDE 
LOG (gmm-latgen-faster[5.5.513~2-b5f4cf]:DecodeUtteranceLatticeFaster():decoder-wrappers.cc:289) Log-like per frame for utterance ea218e91-c874-48e1-8d78-f09eefe21271-154712581 is -8.72439 over 1626 frames.
ea218e91-c874-48e1-8d78-f09eefe21271-154813056 WIR LANGFRISTIGE DIE ÄNDERUNG ZU ENTSCHLIEßUNG ZUDEM MINDESTANFORDERUNGEN DADURCH DIE ICH INDUSTRIE UND STIEG VIERZIG UNTERNOMMENEN HANDSCHWINGEN ZU ERREICHUNG DES STADT GUT JAGD RHÖN RICHTLINIE ABGESCHLOSSEN 
LOG (gmm-latgen-faster[5.5.513~2-b5f4cf]:DecodeUtteranceLatticeFaster():decoder-wrappers.cc:289) Log-like per frame for utterance ea218e91-c874-48e1-8d78-f09eefe21271-154813056 is -8.73656 over 1232 frames.
ea218e91-c874-48e1-8d78-f09eefe21271-154913071 WIR OFFENEN SO DIESEM WEGE AUF FORTSCHRITTE FÜR DIE GESAMTE JA KULTUR DER KINDER DARSTELLEN UND SCHON 
LOG (gmm-latgen-faster[5.5.513~2-b5f4cf]:DecodeUtteranceLatticeFaster():decoder-wrappers.cc:289) Log-like per frame for utterance ea218e91-c874-48e1-8d78-f09eefe21271-154913071 is -8.7619 over 597 frames.
ea218e91-c874-48e1-8d78-f09eefe21271-155011816 WERDE URSACHE MÖCHTE WEITGEHEND ANSICHT NEUEN DER FUHR ZUM AUSDRUCK KOMMT 
LOG (gmm-latgen-faster[5.5.513~2-b5f4cf]:DecodeUtteranceLatticeFaster():decoder-wrappers.cc:289) Log-like per frame for utterance ea218e91-c874-48e1-8d78-f09eefe21271-155011816 is -8.68303 over 512 frames.
ea218e91-c874-48e1-8d78-f09eefe21271-155112141 DIE WICHTIGSTEN PUNKTE AUF DIE WILL DEN NACHDRÜCKLICH MÜSSEN QUASI MINISTER STÄNDIG DARGELEGT 
LOG (gmm-latgen-faster[5.5.513~2-b5f4cf]:DecodeUtteranceLatticeFaster():decoder-wrappers.cc:289) Log-like per frame for utterance ea218e91-c874-48e1-8d78-f09eefe21271-155112141 is -7.81774 over 1122 frames.
ea218e91-c874-48e1-8d78-f09eefe21271-155211186 WIR SIE DINGE DURCH DIE DER DER KOMMISSION KÖRPERS TORE AUS ERWARTET KOMMA DIE NATÜRLICH DER NISTET VERSTECKT IST BEI SIE WENNGLEICH UNSERE SCHÄTZE LÄNDERN 
LOG (gmm-latgen-faster[5.5.513~2-b5f4cf]:DecodeUtteranceLatticeFaster():decoder-wrappers.cc:289) Log-like per frame for utterance ea218e91-c874-48e1-8d78-f09eefe21271-155211186 is -8.73365 over 892 frames.
ea218e91-c874-48e1-8d78-f09eefe21271-155313206 DAMIT EINHER JEDOCH DER LANDSCHAFT ÜBERGANG VOM ALPEN VOR LANDWIRTE STÄDTISCHEN ALPEN 
LOG (gmm-latgen-faster[5.5.513~2-b5f4cf]:DecodeUtteranceLatticeFaster():decoder-wrappers.cc:289) Log-like per frame for utterance ea218e91-c874-48e1-8d78-f09eefe21271-155313206 is -7.88995 over 985 frames.
ea218e91-c874-48e1-8d78-f09eefe21271-155414796 PRO EINE DIE FRAU IHRER VORSCHLÄGE DIE AUSSAGE SETZTE NICHT WIE FRAGEN FORMULIERT 
LOG (gmm-latgen-faster[5.5.513~2-b5f4cf]:DecodeUtteranceLatticeFaster():decoder-wrappers.cc:289) Log-like per frame for utterance ea218e91-c874-48e1-8d78-f09eefe21271-155414796 is -7.92983 over 887 frames.
ea218e91-c874-48e1-8d78-f09eefe21271-155512526 BIS IST VERFIEL ARBEIT ZU DER STEUER GELEISTET WURDEN UND DIESE UND DIESER BERICHT DREHTE ZUM GEGEN DER DIE INTERESSE BEI DIE TRANSPARENZ VON KAPITALSTEUER SOLLTE UND ZU SOLCHE STEUER FAHRGÄSTEN ZU RHÖN 
LOG (gmm-latgen-faster[5.5.513~2-b5f4cf]:DecodeUtteranceLatticeFaster():decoder-wrappers.cc:289) Log-like per frame for utterance ea218e91-c874-48e1-8d78-f09eefe21271-155512526 is -8.45809 over 1377 frames.
ea218e91-c874-48e1-8d78-f09eefe21271-155613911 WERDEN WIR VOR DER DIE RATTENIGEL WAS DER NOCH MÖGLICH IST BRINGE BIS DER AUFGRUND 
LOG (gmm-latgen-faster[5.5.513~2-b5f4cf]:DecodeUtteranceLatticeFaster():decoder-wrappers.cc:289) Log-like per frame for utterance ea218e91-c874-48e1-8d78-f09eefe21271-155613911 is -7.92313 over 954 frames.
ea218e91-c874-48e1-8d78-f09eefe21271-155713526 WENN ZUM DIE ERNEUERUNGEN DER ARBEIT ORGANISATIONEN GEHT DIE KÖNNEN DER FESTSTELLEN DAS UNS DIE MUSS ADLER AUTO AUS UND 
LOG (gmm-latgen-faster[5.5.513~2-b5f4cf]:DecodeUtteranceLatticeFaster():decoder-wrappers.cc:289) Log-like per frame for utterance ea218e91-c874-48e1-8d78-f09eefe21271-155713526 is -8.27742 over 916 frames.
ea218e91-c874-48e1-8d78-f09eefe21271-155813396 AUCH DER EINFLUSS DER GENERAL STAATEN AUFGENOMMEN WURDE FESTGESCHRIEBEN DER DER KOMMA GANZ DER STÄDTISCHEN PERSONEN DURFTE ZUVOR WEDER GÖTTLICHE NORDEN ÄHNLICHEN DIENSTEN GESTATTEN HABEN WAS BEDEUTET DAS WILL EINIGE LÄNDER SOLL MUSSTE 
LOG (gmm-latgen-faster[5.5.513~2-b5f4cf]:DecodeUtteranceLatticeFaster():decoder-wrappers.cc:289) Log-like per frame for utterance ea218e91-c874-48e1-8d78-f09eefe21271-155813396 is -8.59162 over 1521 frames.
ea218e91-c874-48e1-8d78-f09eefe21271-155914516 DIE DIE DIE DINGE SARDINIEN IST AUF DEN FÜR DIE LAGERN PUNKT ADLER VERSTÄRKTE 
LOG (gmm-latgen-faster[5.5.513~2-b5f4cf]:DecodeUtteranceLatticeFaster():decoder-wrappers.cc:289) Log-like per frame for utterance ea218e91-c874-48e1-8d78-f09eefe21271-155914516 is -7.84343 over 1174 frames.
ea218e91-c874-48e1-8d78-f09eefe21271-156011391 SO ABSICHT SO BEISPIEL DIE GEMEINSAMEN ZWEI ROLLE DER DES MINDERN EINSATZ ALS EINREICHUNG FÜR DIE FÜR DAS SCHON LEBEN HERAUSGESTELLT 
LOG (gmm-latgen-faster[5.5.513~2-b5f4cf]:DecodeUtteranceLatticeFaster():decoder-wrappers.cc:289) Log-like per frame for utterance ea218e91-c874-48e1-8d78-f09eefe21271-156011391 is -8.40623 over 858 frames.
ea218e91-c874-48e1-8d78-f09eefe21271-156111251 ODER SUBSTANTIELLE VERBESSERUNGEN DER SITUATION AUFGEGRIFFEN KEINERLEI ZU SAGEN RAHMEN DES NEUEN EUROPÄISCHEN ENTWICKLUNG VORAUS GEMACHT DER 
LOG (gmm-latgen-faster[5.5.513~2-b5f4cf]:DecodeUtteranceLatticeFaster():decoder-wrappers.cc:289) Log-like per frame for utterance ea218e91-c874-48e1-8d78-f09eefe21271-156111251 is -8.35625 over 1041 frames.
ea218e91-c874-48e1-8d78-f09eefe21271-156210136 DIE BRITANNIENS IST EINE MEHR DEREN WIR FRAU DIE DEN PFLANZE 
LOG (gmm-latgen-faster[5.5.513~2-b5f4cf]:DecodeUtteranceLatticeFaster():decoder-wrappers.cc:289) Log-like per frame for utterance ea218e91-c874-48e1-8d78-f09eefe21271-156210136 is -7.68771 over 997 frames.
ea218e91-c874-48e1-8d78-f09eefe21271-156313631 WIRD BÄNDERN ALLGEMEIN STUDIEN AUSSCHUSS DAS FOLGEN FÜR SOLCHES MIT GESTATTEN 
LOG (gmm-latgen-faster[5.5.513~2-b5f4cf]:DecodeUtteranceLatticeFaster():decoder-wrappers.cc:289) Log-like per frame for utterance ea218e91-c874-48e1-8d78-f09eefe21271-156313631 is -8.01942 over 796 frames.
ea218e91-c874-48e1-8d78-f09eefe21271-156411176 ICH ERKLÄRTE NAHM ICH ABSTIMMUNG ÜBER DIE ENTLASTUNG FÜR HUNDERT 
LOG (gmm-latgen-faster[5.5.513~2-b5f4cf]:DecodeUtteranceLatticeFaster():decoder-wrappers.cc:289) Log-like per frame for utterance ea218e91-c874-48e1-8d78-f09eefe21271-156411176 is -7.82919 over 854 frames.
ea218e91-c874-48e1-8d78-f09eefe21271-156510411 SIE GLIEDERT AUF VIELFÄLTIGE WEISE KINDER JUGENDLICHEN DIE MÖGLICHKEIT ÜBER INDIVIDUELLEN RÖMISCHEN ZUSAMMEN MIT ANDEREM MENSCHEN DIE SPRACHE AUCH ODER MUSIK ZUGANG DIE VON JEDEM UND ÜBER VERSTANDEN WIRD 
LOG (gmm-latgen-faster[5.5.513~2-b5f4cf]:DecodeUtteranceLatticeFaster():decoder-wrappers.cc:289) Log-like per frame for utterance ea218e91-c874-48e1-8d78-f09eefe21271-156510411 is -8.47008 over 1348 frames.
ea218e91-c874-48e1-8d78-f09eefe21271-156614341 SCHWANZ RHÖN TAUSEND VIERTES NOCH WAR GERADE UMGEZOGEN UND BEUTE SCHAU ICH MITTELMEER ZU KÖNNEN LANDWIRTE 
LOG (gmm-latgen-faster[5.5.513~2-b5f4cf]:DecodeUtteranceLatticeFaster():decoder-wrappers.cc:289) Log-like per frame for utterance ea218e91-c874-48e1-8d78-f09eefe21271-156614341 is -8.23022 over 973 frames.
ea218e91-c874-48e1-8d78-f09eefe21271-156711511 IM BEREICHE EINWANDERUNG GEFÜHLE MEINER MEINUNG NACH NICHT DIE DAS DER DIE BEINE AKTIVEN POLITIK DELEGATION DER EINWANDERER DAS GESELLSCHAFTLICHE UMFELD DIE AUFNAHME LÄNDER AUS DEN OPERIEREN 
LOG (gmm-latgen-faster[5.5.513~2-b5f4cf]:DecodeUtteranceLatticeFaster():decoder-wrappers.cc:289) Log-like per frame for utterance ea218e91-c874-48e1-8d78-f09eefe21271-156711511 is -8.43445 over 1255 frames.
ea218e91-c874-48e1-8d78-f09eefe21271-156813401 VOM ERST SICH ZWEIHUNDERTDREI ZWANZIG BIS ZUM FRÜHJAHR SICH ZUR DREIßIG STAND STIEG LAG UNTER DER TYRANNEI FORDERTEN 
LOG (gmm-latgen-faster[5.5.513~2-b5f4cf]:DecodeUtteranceLatticeFaster():decoder-wrappers.cc:289) Log-like per frame for utterance ea218e91-c874-48e1-8d78-f09eefe21271-156813401 is -8.44228 over 897 frames.
ea218e91-c874-48e1-8d78-f09eefe21271-156913511 DAS PRAXIS DEUTSCH AUCH 
LOG (gmm-latgen-faster[5.5.513~2-b5f4cf]:DecodeUtteranceLatticeFaster():decoder-wrappers.cc:289) Log-like per frame for utterance ea218e91-c874-48e1-8d78-f09eefe21271-156913511 is -7.72102 over 338 frames.
ea218e91-c874-48e1-8d78-f09eefe21271-157014406 EIN VORSCHLAG FALLE RICHTLINIE ZUR RECHTSWESEN BEFINDEN SICH ÜBERARBEITUNG DAMIT SOLL VERBESSERTE ZUGANG GÜNSTIGSTE MÖCHTE 
LOG (gmm-latgen-faster[5.5.513~2-b5f4cf]:DecodeUtteranceLatticeFaster():decoder-wrappers.cc:289) Log-like per frame for utterance ea218e91-c874-48e1-8d78-f09eefe21271-157014406 is -8.48377 over 819 frames.
ea218e91-c874-48e1-8d78-f09eefe21271-157110581 DIE IN KLAMMERN STEHT DAS LAGE MESSUNG 
LOG (gmm-latgen-faster[5.5.513~2-b5f4cf]:DecodeUtteranceLatticeFaster():decoder-wrappers.cc:289) Log-like per frame for utterance ea218e91-c874-48e1-8d78-f09eefe21271-157110581 is -7.75779 over 498 frames.
ea218e91-c874-48e1-8d78-f09eefe21271-157214451 IN IN WASSER DAS ALS DER ZIVIL DEMONSTRANTEN 
LOG (gmm-latgen-faster[5.5.513~2-b5f4cf]:DecodeUtteranceLatticeFaster():decoder-wrappers.cc:289) Log-like per frame for utterance ea218e91-c874-48e1-8d78-f09eefe21271-157214451 is -7.83808 over 631 frames.
ea218e91-c874-48e1-8d78-f09eefe21271-157310721 METER DIE WIR SOLLEN WIR DIESEN VORSCHLAG EINORDNEN DER DIE ISRAELISCHE BEHÖRDEN FORTFAHREN RECHTSWIDRIGE NICHT INDEM WAR KOMMA ROLLE BESATZUNG UM ABER HEUTE ZWÖLF 
LOG (gmm-latgen-faster[5.5.513~2-b5f4cf]:DecodeUtteranceLatticeFaster():decoder-wrappers.cc:289) Log-like per frame for utterance ea218e91-c874-48e1-8d78-f09eefe21271-157310721 is -8.39467 over 1616 frames.
ea218e91-c874-48e1-8d78-f09eefe21271-157413081 ZU ALLEM RESERVAT FONDS DAMIT SIE NICHT 
LOG (gmm-latgen-faster[5.5.513~2-b5f4cf]:DecodeUtteranceLatticeFaster():decoder-wrappers.cc:289) Log-like per frame for utterance ea218e91-c874-48e1-8d78-f09eefe21271-157413081 is -7.66525 over 656 frames.
ea218e91-c874-48e1-8d78-f09eefe21271-157511381 UND DAFÜR ALLE EINFACHER MAKEDONISCHEN WIRD SICH FORT AUCH 
LOG (gmm-latgen-faster[5.5.513~2-b5f4cf]:DecodeUtteranceLatticeFaster():decoder-wrappers.cc:289) Log-like per frame for utterance ea218e91-c874-48e1-8d78-f09eefe21271-157511381 is -8.47549 over 556 frames.
ea218e91-c874-48e1-8d78-f09eefe21271-157611241 WIR NIEDERLAGE DIE WIEDER EIN KOMMA LOS WILL 
LOG (gmm-latgen-faster[5.5.513~2-b5f4cf]:DecodeUtteranceLatticeFaster():decoder-wrappers.cc:289) Log-like per frame for utterance ea218e91-c874-48e1-8d78-f09eefe21271-157611241 is -7.75399 over 652 frames.
ea218e91-c874-48e1-8d78-f09eefe21271-157711471 OFFENSICHTLICH HABE BUNDES AGENTUR VERARBEITUNG DAS ARBEITEN IST HELLEREN DIE DENKBAR DESSEN RESPEKTIVE FÜR FORM PASTA DER LOS GEFÄLLT 
LOG (gmm-latgen-faster[5.5.513~2-b5f4cf]:DecodeUtteranceLatticeFaster():decoder-wrappers.cc:289) Log-like per frame for utterance ea218e91-c874-48e1-8d78-f09eefe21271-157711471 is -8.375 over 1046 frames.
ea218e91-c874-48e1-8d78-f09eefe21271-157810196 DIE TRETEN SIE ZUSAMMENLEBEN PRÄSIDENT MOTTO DER DER DIE SOLLEN UND ANDERE TIEREN AUF 
LOG (gmm-latgen-faster[5.5.513~2-b5f4cf]:DecodeUtteranceLatticeFaster():decoder-wrappers.cc:289) Log-like per frame for utterance ea218e91-c874-48e1-8d78-f09eefe21271-157810196 is -7.58561 over 1254 frames.
ea218e91-c874-48e1-8d78-f09eefe21271-157914386 ARTIKEL ZWEI ZWANZIG DER VERORDNUNG NUMMER TAUSEND ERDE ACHT ANSITZ SICH GILT EBENSO FÜR DIE LANDES EUROPÄISCHEN WIRTSCHAFT FRAU EINSCHLIEßLICH WICHTIG WEIß UND DER SCHWEIZ 
LOG (gmm-latgen-faster[5.5.513~2-b5f4cf]:DecodeUtteranceLatticeFaster():decoder-wrappers.cc:289) Log-like per frame for utterance ea218e91-c874-48e1-8d78-f09eefe21271-157914386 is -8.56756 over 1293 frames.
ea218e91-c874-48e1-8d78-f09eefe21271-158014116 VON BIS WICHTIGER FRAUEN DER LÄNDER AUS ZU WERDEN FÜR DIE DIESE NUR DER DER BEREITS ANGEWANDT HABEN UND DEN DEN LAUT UNS KOLLEGIN BERICHTEN BEWIESEN WORDEN IST DAS DAS MODELL PRODUKTIVITÄT UND DIE WETTBEWERBSFÄHIGKEIT DER UNTERNEHMEN STEIGERT DIESER FRAU MÜSSEN BENUTZUNG UND DIESER PRAXIS EINE EUROPÄISCHEN MEHRWERT ZU VERLAGERN 
LOG (gmm-latgen-faster[5.5.513~2-b5f4cf]:DecodeUtteranceLatticeFaster():decoder-wrappers.cc:289) Log-like per frame for utterance ea218e91-c874-48e1-8d78-f09eefe21271-158014116 is -8.67155 over 1885 frames.
ea218e91-c874-48e1-8d78-f09eefe21271-158112181 SEIT MAI ZWEITAUSENDSIEBEN DER STRAHLUNG AUCH DIE KOMPLETTE AUCH STRAßE UND DER UND VOLLENDET NATIONALEN GANZ 
LOG (gmm-latgen-faster[5.5.513~2-b5f4cf]:DecodeUtteranceLatticeFaster():decoder-wrappers.cc:289) Log-like per frame for utterance ea218e91-c874-48e1-8d78-f09eefe21271-158112181 is -8.59337 over 699 frames.
ea218e91-c874-48e1-8d78-f09eefe21271-158210846 DIE WICHTIGE MIR THEMA ÜBER DIE BEUTE EINHEIT 
LOG (gmm-latgen-faster[5.5.513~2-b5f4cf]:DecodeUtteranceLatticeFaster():decoder-wrappers.cc:289) Log-like per frame for utterance ea218e91-c874-48e1-8d78-f09eefe21271-158210846 is -8.04646 over 450 frames.
ea218e91-c874-48e1-8d78-f09eefe21271-158313941 SOLLTE ALLEM WURDE INSELN GERUNDETE GRÜNDE GILT HEUTE ALS KULTURELLE UND WIRTSCHAFTLICHES DER BRAUNBÄR AUS SCHWEIZ 
LOG (gmm-latgen-faster[5.5.513~2-b5f4cf]:DecodeUtteranceLatticeFaster():decoder-wrappers.cc:289) Log-like per frame for utterance ea218e91-c874-48e1-8d78-f09eefe21271-158313941 is -8.48705 over 868 frames.
ea218e91-c874-48e1-8d78-f09eefe21271-158414111 DIE ENTSCHÄDIGUNG ZU REGELUNG FÜR DIE MITGLIEDER PRÜFUNG ZU AUSSCHUSS SO UND DEREN STELLVERTRETER DICHT ZUSTÄNDIGE STELLE ZU ZWAR 
LOG (gmm-latgen-faster[5.5.513~2-b5f4cf]:DecodeUtteranceLatticeFaster():decoder-wrappers.cc:289) Log-like per frame for utterance ea218e91-c874-48e1-8d78-f09eefe21271-158414111 is -8.33519 over 927 frames.
ea218e91-c874-48e1-8d78-f09eefe21271-158614356 FÜR HABE GEBIETE FRAU ERFOLGE DER DIE WENN DER NACH DAS NACH ISOLIERT AUCH 
LOG (gmm-latgen-faster[5.5.513~2-b5f4cf]:DecodeUtteranceLatticeFaster():decoder-wrappers.cc:289) Log-like per frame for utterance ea218e91-c874-48e1-8d78-f09eefe21271-158614356 is -8.26014 over 736 frames.
ea218e91-c874-48e1-8d78-f09eefe21271-158713901 DAS AKTION KARTHAGO TRAGEN DIE NEU KOMMA SIEBEN ZWEI MILLIONEN SCHWEIZER FOLGEN UND WIEDER SIND GLIEDERT SICH ZEIT ÜBER ZWÖLF KOMMA NEUNZIG IN NEUEN UND SIE NEUNZIG TAUSEND ROLLE ACHTUNDDREIßIG IN ABER CIRCA RUNDER VON 
LOG (gmm-latgen-faster[5.5.513~2-b5f4cf]:DecodeUtteranceLatticeFaster():decoder-wrappers.cc:289) Log-like per frame for utterance ea218e91-c874-48e1-8d78-f09eefe21271-158713901 is -8.4007 over 1634 frames.
ea218e91-c874-48e1-8d78-f09eefe21271-158811501 DER PRÄSIDENTIN NOCH STEUER ANTRAG EINE EINDEUTIGEN REFORM GRÖßTEN VIERZIG MITTEL NACH NICHT AUF DEM WIR NACH EUROPA 
LOG (gmm-latgen-faster[5.5.513~2-b5f4cf]:DecodeUtteranceLatticeFaster():decoder-wrappers.cc:289) Log-like per frame for utterance ea218e91-c874-48e1-8d78-f09eefe21271-158811501 is -7.83763 over 1370 frames.
ea218e91-c874-48e1-8d78-f09eefe21271-158914106 EU BEGLEITET DIE MANGELT DIE DER SO DES IMPERIUMS ENTLEGENEN STRAßEN FÜR VERTRAUT MACHT AUF DEMNACH WIEDER MITTEL IST 
LOG (gmm-latgen-faster[5.5.513~2-b5f4cf]:DecodeUtteranceLatticeFaster():decoder-wrappers.cc:289) Log-like per frame for utterance ea218e91-c874-48e1-8d78-f09eefe21271-158914106 is -8.16998 over 1214 frames.
ea218e91-c874-48e1-8d78-f09eefe21271-159014881 AUF DIE WIR ZUM ALS ES MIT LAND 
LOG (gmm-latgen-faster[5.5.513~2-b5f4cf]:DecodeUtteranceLatticeFaster():decoder-wrappers.cc:289) Log-like per frame for utterance ea218e91-c874-48e1-8d78-f09eefe21271-159014881 is -7.72669 over 516 frames.
ea218e91-c874-48e1-8d78-f09eefe21271-159110971 ÜBER TEILEN DEN SCHLIEßLICH ABSURDE NEU ZWANZIG ZEIT IM BLOß UND DAS AUF 
LOG (gmm-latgen-faster[5.5.513~2-b5f4cf]:DecodeUtteranceLatticeFaster():decoder-wrappers.cc:289) Log-like per frame for utterance ea218e91-c874-48e1-8d78-f09eefe21271-159110971 is -7.92463 over 920 frames.
ea218e91-c874-48e1-8d78-f09eefe21271-159210646 STUDIE ZEIT NACH WURDE DABEI DENKE SIEBEN SCHULE 
LOG (gmm-latgen-faster[5.5.513~2-b5f4cf]:DecodeUtteranceLatticeFaster():decoder-wrappers.cc:289) Log-like per frame for utterance ea218e91-c874-48e1-8d78-f09eefe21271-159210646 is -7.92357 over 665 frames.
ea218e91-c874-48e1-8d78-f09eefe21271-159311356 AUF DIESE WEISE BIN DIESE STAATEN AN DER SCHAFFUNG VON REGULIERUNGEN ZUGENOMMEN MITWIRKEN ODER MIT VERANTWORTLICH FÜR DIE GESTALTUNG DEN 
LOG (gmm-latgen-faster[5.5.513~2-b5f4cf]:DecodeUtteranceLatticeFaster():decoder-wrappers.cc:289) Log-like per frame for utterance ea218e91-c874-48e1-8d78-f09eefe21271-159311356 is -8.37191 over 929 frames.
ea218e91-c874-48e1-8d78-f09eefe21271-159410056 OKAY SCHATZ BESTEHENDE DER HABE PARK 
LOG (gmm-latgen-faster[5.5.513~2-b5f4cf]:DecodeUtteranceLatticeFaster():decoder-wrappers.cc:289) Log-like per frame for utterance ea218e91-c874-48e1-8d78-f09eefe21271-159410056 is -7.77422 over 502 frames.
ea218e91-c874-48e1-8d78-f09eefe21271-159513521 AUCH DIES GELINGT WIR GESPIELT AUFGELÖST 
LOG (gmm-latgen-faster[5.5.513~2-b5f4cf]:DecodeUtteranceLatticeFaster():decoder-wrappers.cc:289) Log-like per frame for utterance ea218e91-c874-48e1-8d78-f09eefe21271-159513521 is -7.74008 over 574 frames.
ea218e91-c874-48e1-8d78-f09eefe21271-159611996 NEBEN DER AUF VORBEUGUNG WURDE DIE WAS AN LAGE ERWEITERT 
LOG (gmm-latgen-faster[5.5.513~2-b5f4cf]:DecodeUtteranceLatticeFaster():decoder-wrappers.cc:289) Log-like per frame for utterance ea218e91-c874-48e1-8d78-f09eefe21271-159611996 is -7.76168 over 830 frames.
ea218e91-c874-48e1-8d78-f09eefe21271-159713016 WIR SOLLTEN DEN BEISPIEL FOLGEN DAS UNTER PATENT MIT SEIN GESTRIGEN ÄUßEREN GEGEBENHEITEN UNS KLARE DIE ZUSAMMENARBEIT MIT RUSSLAND UND EINE REGELUNG FÜR KRALLEN GERADE AUSSPRECHEN DIE TYPISCHEN DER BEVÖLKERUNG DIESES KLEIN GEBIETES GERECHTEREN 
LOG (gmm-latgen-faster[5.5.513~2-b5f4cf]:DecodeUtteranceLatticeFaster():decoder-wrappers.cc:289) Log-like per frame for utterance ea218e91-c874-48e1-8d78-f09eefe21271-159713016 is -8.61132 over 1518 frames.
ea218e91-c874-48e1-8d78-f09eefe21271-159814681 INFOLGE ALS KATHOLISCHER PAAR VIELE DARAUS JENE WIR KORSIKA ZUM AUSGEFÄRBT 
LOG (gmm-latgen-faster[5.5.513~2-b5f4cf]:DecodeUtteranceLatticeFaster():decoder-wrappers.cc:289) Log-like per frame for utterance ea218e91-c874-48e1-8d78-f09eefe21271-159814681 is -7.89494 over 1286 frames.
ea218e91-c874-48e1-8d78-f09eefe21271-159913791 ERFOLGE DER GRUNDSCHULE UND DIE KOCH ZU QUALITÄT DER LEHRERINNEN DER 
LOG (gmm-latgen-faster[5.5.513~2-b5f4cf]:DecodeUtteranceLatticeFaster():decoder-wrappers.cc:289) Log-like per frame for utterance ea218e91-c874-48e1-8d78-f09eefe21271-159913791 is -8.36394 over 661 frames.
ea218e91-c874-48e1-8d78-f09eefe21271-160013906 FRAU PRÄSIDENTIN ICH MÖCHTE AUF DIE VON FRAU KÖRPERS DARGELEGT FORT ERHOFFTE FRAGE ANTWORTEN SAGT DAS SICH WENIG WIR RATSVORSITZ IN GOLDADLER ARTIKEL DIESEN PROZESS GEWESEN IST DER DIE FRAU FREUDE GERADE MÖCHTE ERLÄUTERT HATTE WIRD UNS BIS IM MÖGLICH ERMÖGLICHT EINE ANZAHL UND BÜRGER INSBESONDERE JUNGE MENSCHEN AUS DIE BETREFFEN MITGLIEDSTAATEN DIE MÖGLICHKEIT SOWIE LIEGT SICH MEHR EIN DIESEM EUROPA ZUR MÖCHTE UM MIT IN ZU WIEDER DIE EINE DAS IN TEILWEISE NOCH SEHR UNBEKANNT IST 
LOG (gmm-latgen-faster[5.5.513~2-b5f4cf]:DecodeUtteranceLatticeFaster():decoder-wrappers.cc:289) Log-like per frame for utterance ea218e91-c874-48e1-8d78-f09eefe21271-160013906 is -8.59067 over 3307 frames.
fc21e5d1-32b7-4adc-9f4e-29ae0ad8ff85-100012711 AUF KURZFRISTIGEN ANDERE DARAUS DAS ERLEDIGT WERDEN 
LOG (gmm-latgen-faster[5.5.513~2-b5f4cf]:DecodeUtteranceLatticeFaster():decoder-wrappers.cc:289) Log-like per frame for utterance fc21e5d1-32b7-4adc-9f4e-29ae0ad8ff85-100012711 is -8.50421 over 467 frames.
fc21e5d1-32b7-4adc-9f4e-29ae0ad8ff85-100112861 AM SOLLTEN SCHULKINDER SICH ZUKUNFT NACHEINANDER POLITIK EINTRAGEN DER DER COMPUTER WÜNSCHE HEUTE ZU GANZ ANRUFEN KEINESWEGS IST DER MENSCHHEIT BIETET 
LOG (gmm-latgen-faster[5.5.513~2-b5f4cf]:DecodeUtteranceLatticeFaster():decoder-wrappers.cc:289) Log-like per frame for utterance fc21e5d1-32b7-4adc-9f4e-29ae0ad8ff85-100112861 is -8.61109 over 919 frames.
fc21e5d1-32b7-4adc-9f4e-29ae0ad8ff85-100210641 ZU DER SOZIALE ROLLE SCHWERFÄLLIG VOR ZAHLREICHE HERAUSFORDERUNG DIE ERSTE NOTWENDIGKEIT RESULTIEREN SICH AUF DIE GLOBALISIERUNG DEN GEOGRAPHISCHEN ANDEREN TECHNISCHE INNOVATION EINZUSTELLEN 
LOG (gmm-latgen-faster[5.5.513~2-b5f4cf]:DecodeUtteranceLatticeFaster():decoder-wrappers.cc:289) Log-like per frame for utterance fc21e5d1-32b7-4adc-9f4e-29ae0ad8ff85-100210641 is -8.6855 over 1113 frames.
fc21e5d1-32b7-4adc-9f4e-29ae0ad8ff85-100314096 ES BERICHT ÜBER SICHERHEIT UND GESUNDHEIT EIN ARBEIT 
LOG (gmm-latgen-faster[5.5.513~2-b5f4cf]:DecodeUtteranceLatticeFaster():decoder-wrappers.cc:289) Log-like per frame for utterance fc21e5d1-32b7-4adc-9f4e-29ae0ad8ff85-100314096 is -8.36992 over 387 frames.
fc21e5d1-32b7-4adc-9f4e-29ae0ad8ff85-100415006 SIE DAS TENDENZ FORDERN DAS SPÄTER DIE PREISE BEI NICHT WERDEN DER GEWERBE DA SIND WIEDER LADUNG ANGEHEN 
LOG (gmm-latgen-faster[5.5.513~2-b5f4cf]:DecodeUtteranceLatticeFaster():decoder-wrappers.cc:289) Log-like per frame for utterance fc21e5d1-32b7-4adc-9f4e-29ae0ad8ff85-100415006 is -8.67046 over 671 frames.
fc21e5d1-32b7-4adc-9f4e-29ae0ad8ff85-100512931 DIE DIESE DA SOLLTE ALS BEVORZUGT UNTERSCHIEDE HALTEN WERDEN 
LOG (gmm-latgen-faster[5.5.513~2-b5f4cf]:DecodeUtteranceLatticeFaster():decoder-wrappers.cc:289) Log-like per frame for utterance fc21e5d1-32b7-4adc-9f4e-29ae0ad8ff85-100512931 is -8.45247 over 468 frames.
fc21e5d1-32b7-4adc-9f4e-29ae0ad8ff85-100613251 VERSEHEN UND AUSGLEICH HABEN DESHALB DENN OSTEN 
LOG (gmm-latgen-faster[5.5.513~2-b5f4cf]:DecodeUtteranceLatticeFaster():decoder-wrappers.cc:289) Log-like per frame for utterance fc21e5d1-32b7-4adc-9f4e-29ae0ad8ff85-100613251 is -8.83095 over 405 frames.
fc21e5d1-32b7-4adc-9f4e-29ae0ad8ff85-100713136 DIESER AUßER DES DER EINZIGE MÖGLICHER ANGESICHTS DER LAGE 
LOG (gmm-latgen-faster[5.5.513~2-b5f4cf]:DecodeUtteranceLatticeFaster():decoder-wrappers.cc:289) Log-like per frame for utterance fc21e5d1-32b7-4adc-9f4e-29ae0ad8ff85-100713136 is -8.39284 over 426 frames.
fc21e5d1-32b7-4adc-9f4e-29ae0ad8ff85-100812976 DIE INTERNE POLITIK BEREICHE DER GEMEINSCHAFT UNION WERDEN FRAKTION VERKEHR ENERGIE UND ANDERE VERFÜGEN ZWISCHEN BEINE EXTERNE KOMPONENTE 
LOG (gmm-latgen-faster[5.5.513~2-b5f4cf]:DecodeUtteranceLatticeFaster():decoder-wrappers.cc:289) Log-like per frame for utterance fc21e5d1-32b7-4adc-9f4e-29ae0ad8ff85-100812976 is -8.61009 over 958 frames.
fc21e5d1-32b7-4adc-9f4e-29ae0ad8ff85-100910281 DAMIT HILFE MEINE FRAKTION UND EUROPA FEST DAS GRÖßTENTEILS ISRAELISCHE REGIERUNG ODER SCHAFFUNG IN DIE VERANTWORTUNG FÜR DERZEITIGE AUSWEITUNG DER GEWALT TRÄGT 
LOG (gmm-latgen-faster[5.5.513~2-b5f4cf]:DecodeUtteranceLatticeFaster():decoder-wrappers.cc:289) Log-like per frame for utterance fc21e5d1-32b7-4adc-9f4e-29ae0ad8ff85-100910281 is -8.65856 over 974 frames.
fc21e5d1-32b7-4adc-9f4e-29ae0ad8ff85-101010556 DIE SPIELT FACTO UNSER MECHANISCH DEN DIESER FRAKTION ELEKTRONIK NEU MAL DURCH 
LOG (gmm-latgen-faster[5.5.513~2-b5f4cf]:DecodeUtteranceLatticeFaster():decoder-wrappers.cc:289) Log-like per frame for utterance fc21e5d1-32b7-4adc-9f4e-29ae0ad8ff85-101010556 is -8.53566 over 594 frames.
fc21e5d1-32b7-4adc-9f4e-29ae0ad8ff85-101113591 DIE FRAU HABEN IN DESHALB MEHR DIE GESCHRIEBEN 
LOG (gmm-latgen-faster[5.5.513~2-b5f4cf]:DecodeUtteranceLatticeFaster():decoder-wrappers.cc:289) Log-like per frame for utterance fc21e5d1-32b7-4adc-9f4e-29ae0ad8ff85-101113591 is -8.33938 over 397 frames.
fc21e5d1-32b7-4adc-9f4e-29ae0ad8ff85-101213501 DIE DAS SAGEN WURDE VON ERFURTER KÜNSTLER FRAKTION SCHAFFEN AN SIEBEN FASSEN JULI NEUNZEHNHUNDERTNEUNZIG GENEHMIGT 
LOG (gmm-latgen-faster[5.5.513~2-b5f4cf]:DecodeUtteranceLatticeFaster():decoder-wrappers.cc:289) Log-like per frame for utterance fc21e5d1-32b7-4adc-9f4e-29ae0ad8ff85-101213501 is -8.66402 over 738 frames.
fc21e5d1-32b7-4adc-9f4e-29ae0ad8ff85-101311181 DIE DIE EIN TAUSEND UNTERSTRICHEN JUNGE MENSCHEN AUS OBEN SIND MICH ERKRANKT MEISTEN FINDEN ZU GEMEINSAMEN ZUKUNFT GESTALTUNG 
LOG (gmm-latgen-faster[5.5.513~2-b5f4cf]:DecodeUtteranceLatticeFaster():decoder-wrappers.cc:289) Log-like per frame for utterance fc21e5d1-32b7-4adc-9f4e-29ae0ad8ff85-101311181 is -8.59237 over 811 frames.
fc21e5d1-32b7-4adc-9f4e-29ae0ad8ff85-101413556 ALS EINER FRAKTION STELLT SICHERT DEN STANDPUNKT DAS IHREN DREI GEWALTIGEN SEHR WEITEREN ZU NACHDRÜCKLICH BEFÜRWORTEN UND GRIECHISCHER SEINER DRITTEN MÜSSEN IN DIE WEITER LÄNDER ZUDEM ZWEITENS PROZESS IST DIE BEDINGUNGEN NACH TATSÄCHLICH ERFÜLLEN DAMIT JEDER DIE EU NOCH JEDER WEITERES STRATEGIE EIN GLAUBWÜRDIGKEIT VON IN 
LOG (gmm-latgen-faster[5.5.513~2-b5f4cf]:DecodeUtteranceLatticeFaster():decoder-wrappers.cc:289) Log-like per frame for utterance fc21e5d1-32b7-4adc-9f4e-29ae0ad8ff85-101413556 is -8.80543 over 1910 frames.
fc21e5d1-32b7-4adc-9f4e-29ae0ad8ff85-101512331 DIE ZWEITENS GRÖßE KOMMISSION DIE FORTSCHRITTE BEI DER UMSETZUNG DES AB UNSER PARTNERSCHAFT UND ZUSAMMENARBEIT 
LOG (gmm-latgen-faster[5.5.513~2-b5f4cf]:DecodeUtteranceLatticeFaster():decoder-wrappers.cc:289) Log-like per frame for utterance fc21e5d1-32b7-4adc-9f4e-29ae0ad8ff85-101512331 is -8.66255 over 704 frames.
fc21e5d1-32b7-4adc-9f4e-29ae0ad8ff85-101612701 DIE VAN ZWISCHEN JULI UND SIND DAMALS DAMALIGE UND UND SIE ZUM GROßTEIL 
LOG (gmm-latgen-faster[5.5.513~2-b5f4cf]:DecodeUtteranceLatticeFaster():decoder-wrappers.cc:289) Log-like per frame for utterance fc21e5d1-32b7-4adc-9f4e-29ae0ad8ff85-101612701 is -8.52431 over 550 frames.
fc21e5d1-32b7-4adc-9f4e-29ae0ad8ff85-101714741 EINE KLEINE DIE SICH LEIDER DES LAND AUFTRAG 
LOG (gmm-latgen-faster[5.5.513~2-b5f4cf]:DecodeUtteranceLatticeFaster():decoder-wrappers.cc:289) Log-like per frame for utterance fc21e5d1-32b7-4adc-9f4e-29ae0ad8ff85-101714741 is -8.34635 over 374 frames.
fc21e5d1-32b7-4adc-9f4e-29ae0ad8ff85-101813356 DIESE ENTSPRICHT DERZEIT SICH IN DER ZUR VEGETATION DES ANDEREN 
LOG (gmm-latgen-faster[5.5.513~2-b5f4cf]:DecodeUtteranceLatticeFaster():decoder-wrappers.cc:289) Log-like per frame for utterance fc21e5d1-32b7-4adc-9f4e-29ae0ad8ff85-101813356 is -8.48804 over 506 frames.
fc21e5d1-32b7-4adc-9f4e-29ae0ad8ff85-101911916 NUR DAS DIE WURDE ANHÄNGIG UNS AUSSCHUSS HABEN AN DEN SIE SICH WENDEN KÖNNEN DER DIE DANKE NICHT DIE LEITLINIEN ZU ZUR 
LOG (gmm-latgen-faster[5.5.513~2-b5f4cf]:DecodeUtteranceLatticeFaster():decoder-wrappers.cc:289) Log-like per frame for utterance fc21e5d1-32b7-4adc-9f4e-29ae0ad8ff85-101911916 is -8.65768 over 761 frames.
fc21e5d1-32b7-4adc-9f4e-29ae0ad8ff85-102014706 DIESE LÄNDERWEISE ALS IMMENSEN DAS AUF DER NÖRDLICHEN SAGEN ANSEHEN 
LOG (gmm-latgen-faster[5.5.513~2-b5f4cf]:DecodeUtteranceLatticeFaster():decoder-wrappers.cc:289) Log-like per frame for utterance fc21e5d1-32b7-4adc-9f4e-29ae0ad8ff85-102014706 is -8.55982 over 561 frames.
fc21e5d1-32b7-4adc-9f4e-29ae0ad8ff85-102114366 DAS ES DER GELANG GROßEN DER UNS KOMMA FAHRENDEN DEN REISEN REGIONEN DAS DER POLITIKEN SIE WURDE NICHT REGULÄR ZU BEGRÜßT 
LOG (gmm-latgen-faster[5.5.513~2-b5f4cf]:DecodeUtteranceLatticeFaster():decoder-wrappers.cc:289) Log-like per frame for utterance fc21e5d1-32b7-4adc-9f4e-29ae0ad8ff85-102114366 is -8.82119 over 796 frames.
fc21e5d1-32b7-4adc-9f4e-29ae0ad8ff85-102210856 DEN STÄNDIG VOR GANZ ZU 
LOG (gmm-latgen-faster[5.5.513~2-b5f4cf]:DecodeUtteranceLatticeFaster():decoder-wrappers.cc:289) Log-like per frame for utterance fc21e5d1-32b7-4adc-9f4e-29ae0ad8ff85-102210856 is -8.16336 over 320 frames.
fc21e5d1-32b7-4adc-9f4e-29ae0ad8ff85-102313451 IN INTERNE SIE LAND JAHREN ARBEIT TECHNISCHEN GREMIEN ODER EINE RUDOLF GEBÄUDES ZWEIER NEUEN EINSATZ PASSIERT 
LOG (gmm-latgen-faster[5.5.513~2-b5f4cf]:DecodeUtteranceLatticeFaster():decoder-wrappers.cc:289) Log-like per frame for utterance fc21e5d1-32b7-4adc-9f4e-29ae0ad8ff85-102313451 is -8.51915 over 777 frames.
fc21e5d1-32b7-4adc-9f4e-29ae0ad8ff85-102410106 DIE NOTWENDIGKEIT EINER SOLCHEN AUSSPRACHE ERGAB SIE ALLERDINGS AUSGEWACHSENE BESTEHENDE EUROPÄISCHEN JULI IM BEREICH DER SICHERHEIT EIN STÄRKE ROLLE ZU SPIELEN 
LOG (gmm-latgen-faster[5.5.513~2-b5f4cf]:DecodeUtteranceLatticeFaster():decoder-wrappers.cc:289) Log-like per frame for utterance fc21e5d1-32b7-4adc-9f4e-29ae0ad8ff85-102410106 is -8.66375 over 990 frames.
fc21e5d1-32b7-4adc-9f4e-29ae0ad8ff85-102514306 ART FESTLAND DER RECHTE DAS DIE PASSAGIERE DER BRITANNIENS VON GEZIELT EINEN SCHIFF EFFEKTIVE 
LOG (gmm-latgen-faster[5.5.513~2-b5f4cf]:DecodeUtteranceLatticeFaster():decoder-wrappers.cc:289) Log-like per frame for utterance fc21e5d1-32b7-4adc-9f4e-29ae0ad8ff85-102514306 is -8.69915 over 637 frames.
fc21e5d1-32b7-4adc-9f4e-29ae0ad8ff85-102612566 DIE SCHON DESHALB DAS GROßE HANDLUNGSBEDARF IN DER FÜR GRIECHISCHEN BILDUNG BESTEHT 
LOG (gmm-latgen-faster[5.5.513~2-b5f4cf]:DecodeUtteranceLatticeFaster():decoder-wrappers.cc:289) Log-like per frame for utterance fc21e5d1-32b7-4adc-9f4e-29ae0ad8ff85-102612566 is -8.58333 over 539 frames.
fc21e5d1-32b7-4adc-9f4e-29ae0ad8ff85-102711371 GESCHICHTE KAMMER IST VERTRETEN MACHEN 
LOG (gmm-latgen-faster[5.5.513~2-b5f4cf]:DecodeUtteranceLatticeFaster():decoder-wrappers.cc:289) Log-like per frame for utterance fc21e5d1-32b7-4adc-9f4e-29ae0ad8ff85-102711371 is -8.30393 over 358 frames.
fc21e5d1-32b7-4adc-9f4e-29ae0ad8ff85-102810706 DIE AUCH UNMÄßIGEN LATEIN ABZUWARTEN ICH FÜHRER DER FERNEN FALL DIE DIE VIELE ABZIELEN 
LOG (gmm-latgen-faster[5.5.513~2-b5f4cf]:DecodeUtteranceLatticeFaster():decoder-wrappers.cc:289) Log-like per frame for utterance fc21e5d1-32b7-4adc-9f4e-29ae0ad8ff85-102810706 is -8.60808 over 693 frames.
fc21e5d1-32b7-4adc-9f4e-29ae0ad8ff85-102912986 ES KINDER UM ALLE FREILICH DIE ZU BEANTWORTEN MEINE DES KOCH ZU BEWIRKEN 
LOG (gmm-latgen-faster[5.5.513~2-b5f4cf]:DecodeUtteranceLatticeFaster():decoder-wrappers.cc:289) Log-like per frame for utterance fc21e5d1-32b7-4adc-9f4e-29ae0ad8ff85-102912986 is -8.53602 over 565 frames.
fc21e5d1-32b7-4adc-9f4e-29ae0ad8ff85-103012621 AUCH DIE SCHULTRÄGER KÖNNEN AUFATMEN 
LOG (gmm-latgen-faster[5.5.513~2-b5f4cf]:DecodeUtteranceLatticeFaster():decoder-wrappers.cc:289) Log-like per frame for utterance fc21e5d1-32b7-4adc-9f4e-29ae0ad8ff85-103012621 is -8.20215 over 400 frames.
fc21e5d1-32b7-4adc-9f4e-29ae0ad8ff85-103113361 ÜBERARBEITUNG SCHÄDEN GELTEN ENTLANG ALS ENTSCHEIDENDE URSACHE DAS DEUTLICH 
LOG (gmm-latgen-faster[5.5.513~2-b5f4cf]:DecodeUtteranceLatticeFaster():decoder-wrappers.cc:289) Log-like per frame for utterance fc21e5d1-32b7-4adc-9f4e-29ae0ad8ff85-103113361 is -8.52998 over 577 frames.
fc21e5d1-32b7-4adc-9f4e-29ae0ad8ff85-103214526 UND ICH TERMIN DES DIE PFLICHT DER ZEITUNG 
LOG (gmm-latgen-faster[5.5.513~2-b5f4cf]:DecodeUtteranceLatticeFaster():decoder-wrappers.cc:289) Log-like per frame for utterance fc21e5d1-32b7-4adc-9f4e-29ae0ad8ff85-103214526 is -8.22895 over 409 frames.
fc21e5d1-32b7-4adc-9f4e-29ae0ad8ff85-103312271 NEBEN DEN UNS VEREINE DES AUCH ANDERE INSTITUTIONEN STRUKTUR UNION KÜNSTE UNTERSTÜTZEN BEISPIELSWEISE ARBEIT DIESE VERFÜGUNG STELLEN 
LOG (gmm-latgen-faster[5.5.513~2-b5f4cf]:DecodeUtteranceLatticeFaster():decoder-wrappers.cc:289) Log-like per frame for utterance fc21e5d1-32b7-4adc-9f4e-29ae0ad8ff85-103312271 is -8.5874 over 916 frames.
fc21e5d1-32b7-4adc-9f4e-29ae0ad8ff85-103411831 JANUAR ZWEITAUSENDZEHN WURDE DER MEINE IST ZEHNTES ZUM DIE ALLEM UND ENTGEGENTRETEN MÖCHTE VERÖFFENTLICHT 
LOG (gmm-latgen-faster[5.5.513~2-b5f4cf]:DecodeUtteranceLatticeFaster():decoder-wrappers.cc:289) Log-like per frame for utterance fc21e5d1-32b7-4adc-9f4e-29ae0ad8ff85-103411831 is -8.63034 over 710 frames.
fc21e5d1-32b7-4adc-9f4e-29ae0ad8ff85-103513076 EINE WAREN ZEIT DER STEINADLER SIEBEN TAGE DIE WICHTIGSTEN VOR KOMMISSION DER DREI SPORT WÄLDER 
LOG (gmm-latgen-faster[5.5.513~2-b5f4cf]:DecodeUtteranceLatticeFaster():decoder-wrappers.cc:289) Log-like per frame for utterance fc21e5d1-32b7-4adc-9f4e-29ae0ad8ff85-103513076 is -8.45723 over 661 frames.
fc21e5d1-32b7-4adc-9f4e-29ae0ad8ff85-103612991 DAS SIND EINIG ZUSÄTZLICHE ANGREIFER DIE VERLAUFEN SIEBEN DEN GRÖßERES 
LOG (gmm-latgen-faster[5.5.513~2-b5f4cf]:DecodeUtteranceLatticeFaster():decoder-wrappers.cc:289) Log-like per frame for utterance fc21e5d1-32b7-4adc-9f4e-29ae0ad8ff85-103612991 is -8.41132 over 617 frames.
fc21e5d1-32b7-4adc-9f4e-29ae0ad8ff85-103710861 ICH MÖCHTE AUF HINWEISEN DAS ICH DIESES EUROPA DAS MÜSSEN SIE BISHER SIND ZWISCHEN AUCH ALS EINE GEMEINSAMEN AUSDRUCK BENUTZEN AUF DEHNTE NATIONALE LEBENDEN DER ZURÜCK NEIGUNG MUSS 
LOG (gmm-latgen-faster[5.5.513~2-b5f4cf]:DecodeUtteranceLatticeFaster():decoder-wrappers.cc:289) Log-like per frame for utterance fc21e5d1-32b7-4adc-9f4e-29ae0ad8ff85-103710861 is -8.76083 over 1058 frames.
fc21e5d1-32b7-4adc-9f4e-29ae0ad8ff85-103814496 IN ERLEICHTERN IST ERREICHTE DIE DAMIT WIE DER BIS SECHS PLATZIERUNG INTEGRIERTEN RAHMEN DEN SIEG SECHS OKTOBER TAUSEND VIER IN ADLER 
LOG (gmm-latgen-faster[5.5.513~2-b5f4cf]:DecodeUtteranceLatticeFaster():decoder-wrappers.cc:289) Log-like per frame for utterance fc21e5d1-32b7-4adc-9f4e-29ae0ad8ff85-103814496 is -8.58743 over 840 frames.
fc21e5d1-32b7-4adc-9f4e-29ae0ad8ff85-103912146 IN SICH ANLÄSSLICH DER GATTUNG DEZEMBER ZWEITAUSENDDREI GEZEIGT HAT BESTEHT KEIN GRUND ZU AUSDEHNUNG GEZIELT WOBEI AUF POLIZISTEN DER UNTER DIES GRAD UND BEITRAGEN DER DIE DER STRAFVERFOLGUNGSBEHÖRDEN 
LOG (gmm-latgen-faster[5.5.513~2-b5f4cf]:DecodeUtteranceLatticeFaster():decoder-wrappers.cc:289) Log-like per frame for utterance fc21e5d1-32b7-4adc-9f4e-29ae0ad8ff85-103912146 is -8.68248 over 1225 frames.
fc21e5d1-32b7-4adc-9f4e-29ae0ad8ff85-104010801 BEVOR ALS ABSTIMMUNG KOMMA MÖCHTE ICH ZWEI ÄNDERUNG MEHR ODER MINDER TECHNISCHER ART VORSCHLAG 
LOG (gmm-latgen-faster[5.5.513~2-b5f4cf]:DecodeUtteranceLatticeFaster():decoder-wrappers.cc:289) Log-like per frame for utterance fc21e5d1-32b7-4adc-9f4e-29ae0ad8ff85-104010801 is -8.34795 over 647 frames.
fc21e5d1-32b7-4adc-9f4e-29ae0ad8ff85-104111536 DABEI SEIT LÄNGE DIE RÜCKKEHR ALS ZUGANG GEBAUT AUFTRAG DIEBURG DES GEMEINSAMEN DAS HINDERNIS MEHR GEMIEDEN UNION AUSSCHLOSS 
LOG (gmm-latgen-faster[5.5.513~2-b5f4cf]:DecodeUtteranceLatticeFaster():decoder-wrappers.cc:289) Log-like per frame for utterance fc21e5d1-32b7-4adc-9f4e-29ae0ad8ff85-104111536 is -8.4899 over 925 frames.
fc21e5d1-32b7-4adc-9f4e-29ae0ad8ff85-104210346 WIRD HABEN ENDLICH DIE WAHRHEIT UND LIEBE BEGEGNUNG DEN ERSTENS LIEGT 
LOG (gmm-latgen-faster[5.5.513~2-b5f4cf]:DecodeUtteranceLatticeFaster():decoder-wrappers.cc:289) Log-like per frame for utterance fc21e5d1-32b7-4adc-9f4e-29ae0ad8ff85-104210346 is -8.4915 over 526 frames.
fc21e5d1-32b7-4adc-9f4e-29ae0ad8ff85-104314871 ICH EINE BESSERE DREI UNS INFRASTRUKTUR SOLL DER FRACHTGÜTERN MANGELT VIELEN WORTEN ENTGEGENWIRKEN 
LOG (gmm-latgen-faster[5.5.513~2-b5f4cf]:DecodeUtteranceLatticeFaster():decoder-wrappers.cc:289) Log-like per frame for utterance fc21e5d1-32b7-4adc-9f4e-29ae0ad8ff85-104314871 is -8.70755 over 632 frames.
fc21e5d1-32b7-4adc-9f4e-29ae0ad8ff85-104411646 DAS MEIST JAHREN RECHTEN EINTRACHT IT UNION HEUTE UND IN ZUKUNFT IN PROZESSEN NEU GESTALTUNG IHRE INFRASTRUKTUR BEWÄLTIGEN LUST DER DANN BESTEHT AUCH DES PRIVATE DETAILFRAGEN ZU BETEILIGUNG DAS NICHT MÖGLICH SEIN WIRD WENN UNS DIESE SITUATION ICH KLAR MACHEN 
LOG (gmm-latgen-faster[5.5.513~2-b5f4cf]:DecodeUtteranceLatticeFaster():decoder-wrappers.cc:289) Log-like per frame for utterance fc21e5d1-32b7-4adc-9f4e-29ae0ad8ff85-104411646 is -8.74815 over 1525 frames.
fc21e5d1-32b7-4adc-9f4e-29ae0ad8ff85-104513856 DIESE KURZE STRAßE ANGELEGT ENTHALTEN JAHRHUNDERT ALS STRAßE NEU NACH SICH VERBÜNDET GUT ENDE STRAßE MIT DEM UND DEN ES PLATZ 
LOG (gmm-latgen-faster[5.5.513~2-b5f4cf]:DecodeUtteranceLatticeFaster():decoder-wrappers.cc:289) Log-like per frame for utterance fc21e5d1-32b7-4adc-9f4e-29ae0ad8ff85-104513856 is -8.66719 over 889 frames.
fc21e5d1-32b7-4adc-9f4e-29ae0ad8ff85-104610361 DIEBURG MACHEN FÜR DER FLASCHEN IM GRUNDLAGE SIND GRIECHISCHEN BARS HÄUFIG ANZUTREFFEN 
LOG (gmm-latgen-faster[5.5.513~2-b5f4cf]:DecodeUtteranceLatticeFaster():decoder-wrappers.cc:289) Log-like per frame for utterance fc21e5d1-32b7-4adc-9f4e-29ae0ad8ff85-104610361 is -8.55178 over 622 frames.
fc21e5d1-32b7-4adc-9f4e-29ae0ad8ff85-104711986 WIE ARBEIT SEIT EINE TAUSEND MENSCHEN DENN OFFEN VERWENDET WERDEN MÜSSTE 
LOG (gmm-latgen-faster[5.5.513~2-b5f4cf]:DecodeUtteranceLatticeFaster():decoder-wrappers.cc:289) Log-like per frame for utterance fc21e5d1-32b7-4adc-9f4e-29ae0ad8ff85-104711986 is -8.45958 over 470 frames.
fc21e5d1-32b7-4adc-9f4e-29ae0ad8ff85-104810026 DAS AUSWÄRTIGE AM DER BUNDESREPUBLIK DEUTSCHLAND ÜBERNIMMT DIE FINGERUNG 
LOG (gmm-latgen-faster[5.5.513~2-b5f4cf]:DecodeUtteranceLatticeFaster():decoder-wrappers.cc:289) Log-like per frame for utterance fc21e5d1-32b7-4adc-9f4e-29ae0ad8ff85-104810026 is -8.4532 over 465 frames.
fc21e5d1-32b7-4adc-9f4e-29ae0ad8ff85-104914326 IST DIE EINSEITIG UNABHÄNGIGKEIT ERKLÄREN DURCH DIE PROVINZ AUF INSTITUTIONEN DER SELBST VERWALTUNG DISKUSSION EINKLANG DEN VÖLKERRECHT 
LOG (gmm-latgen-faster[5.5.513~2-b5f4cf]:DecodeUtteranceLatticeFaster():decoder-wrappers.cc:289) Log-like per frame for utterance fc21e5d1-32b7-4adc-9f4e-29ae0ad8ff85-104914326 is -8.69918 over 873 frames.
fc21e5d1-32b7-4adc-9f4e-29ae0ad8ff85-105010766 KEINERLEI TEILNEHMER UND EINER DER NATUR UNS HAMBURGER AUF LANDES UND EINSATZ NUTZUNG ZWANZIGSTEN DAVON SCHEITERTE UND ÄRMEREN IST DES SEINE BEINE UND AUCH 
LOG (gmm-latgen-faster[5.5.513~2-b5f4cf]:DecodeUtteranceLatticeFaster():decoder-wrappers.cc:289) Log-like per frame for utterance fc21e5d1-32b7-4adc-9f4e-29ae0ad8ff85-105010766 is -8.55633 over 1080 frames.
fc21e5d1-32b7-4adc-9f4e-29ae0ad8ff85-105112681 WAS DAHER DER MAßNAHME AUF INTERNATIONAL FINANZMÄRKTE LOS IST 
LOG (gmm-latgen-faster[5.5.513~2-b5f4cf]:DecodeUtteranceLatticeFaster():decoder-wrappers.cc:289) Log-like per frame for utterance fc21e5d1-32b7-4adc-9f4e-29ae0ad8ff85-105112681 is -8.49738 over 501 frames.
fc21e5d1-32b7-4adc-9f4e-29ae0ad8ff85-105213211 MIT DER VERZEICHNEN RATIFIZIERUNG BEDIENSTETEN INSTITUTIONELLEN KRISE NACH INFOLGE ABSTIMMUNG IN FRANKREICH GIBT NIEDERLAGE MELDET 
LOG (gmm-latgen-faster[5.5.513~2-b5f4cf]:DecodeUtteranceLatticeFaster():decoder-wrappers.cc:289) Log-like per frame for utterance fc21e5d1-32b7-4adc-9f4e-29ae0ad8ff85-105213211 is -8.76748 over 854 frames.
fc21e5d1-32b7-4adc-9f4e-29ae0ad8ff85-105312216 DIE WENIGER WAREN SPÄTER ODER IN SIND DIE KAMEN BRENNENDER SORGE IN IST UMGEBENDEN UND DER GROßE GEHEIMHALTUNG SCHRIFTLICH VERDIENT UNTERTEILT 
LOG (gmm-latgen-faster[5.5.513~2-b5f4cf]:DecodeUtteranceLatticeFaster():decoder-wrappers.cc:289) Log-like per frame for utterance fc21e5d1-32b7-4adc-9f4e-29ae0ad8ff85-105312216 is -8.66535 over 877 frames.
fc21e5d1-32b7-4adc-9f4e-29ae0ad8ff85-105411326 VELO GRAUBRAUNES MENSCHEN EIN HERVORRAGENDEN IMMENS NEUEN KONZEPT 
LOG (gmm-latgen-faster[5.5.513~2-b5f4cf]:DecodeUtteranceLatticeFaster():decoder-wrappers.cc:289) Log-like per frame for utterance fc21e5d1-32b7-4adc-9f4e-29ae0ad8ff85-105411326 is -8.56617 over 507 frames.
fc21e5d1-32b7-4adc-9f4e-29ae0ad8ff85-105513441 DIE FESTSTELLEN DER VERFAHREN DER MÖCHTE TÄTIGKEIT PRÜFUNG MÜSSEN KÖNNEN ZUSTÄNDIGEN BEHÖRDEN SORGFÄLTIG AUSGEBILDET WERDEN BEVOR SEHR DURCH MUSS GENEHMIGT ODER GLAUBE MINIMUM VIELE ART VOR INFRASTRUKTUR VORMACHT TEILEN 
LOG (gmm-latgen-faster[5.5.513~2-b5f4cf]:DecodeUtteranceLatticeFaster():decoder-wrappers.cc:289) Log-like per frame for utterance fc21e5d1-32b7-4adc-9f4e-29ae0ad8ff85-105513441 is -8.61017 over 1454 frames.
fc21e5d1-32b7-4adc-9f4e-29ae0ad8ff85-105612996 ABER DER ANFANG LANDWIRTE IN DEN DANKEN STRATEGIE ARBEIT AUS UNSEREN DIES SEHE 
LOG (gmm-latgen-faster[5.5.513~2-b5f4cf]:DecodeUtteranceLatticeFaster():decoder-wrappers.cc:289) Log-like per frame for utterance fc21e5d1-32b7-4adc-9f4e-29ae0ad8ff85-105612996 is -8.61325 over 656 frames.
fc21e5d1-32b7-4adc-9f4e-29ae0ad8ff85-105711256 ES ANGESICHTS SEINER BEFUGNISSE VOR ENTSCHEIDUNG ZUTREFFENDE SOWIE UND DER BERÜCKSICHTIGUNG DER TRADITIONELL DER DIE KALTEN BEZIEHUNGEN ZWISCHEN STRAFRECHT UND DEN ODER RECHTEN HAT DER GERICHTSHOFS SELBSTVERSTÄNDLICH EIN ÜBERAUS WICHTIGE FRAKTION ZERSTÖREN DER MICH DIE HARMONISIERUNG DER DEN BÜRGERN GEBOTEN GARANTIEN 
LOG (gmm-latgen-faster[5.5.513~2-b5f4cf]:DecodeUtteranceLatticeFaster():decoder-wrappers.cc:289) Log-like per frame for utterance fc21e5d1-32b7-4adc-9f4e-29ae0ad8ff85-105711256 is -8.77236 over 1751 frames.
fc21e5d1-32b7-4adc-9f4e-29ae0ad8ff85-105814351 ZU DANACH WURDE SIE ZURÜCKGEZOGEN UND DEN SCHNABEL NEUSEELAND HAT HEUTE 
LOG (gmm-latgen-faster[5.5.513~2-b5f4cf]:DecodeUtteranceLatticeFaster():decoder-wrappers.cc:289) Log-like per frame for utterance fc21e5d1-32b7-4adc-9f4e-29ae0ad8ff85-105814351 is -8.54061 over 521 frames.
fc21e5d1-32b7-4adc-9f4e-29ae0ad8ff85-105913546 JAPANISCHEN WIRTSCHAFT OFFENBAR TAL ODER ERREICHT 
LOG (gmm-latgen-faster[5.5.513~2-b5f4cf]:DecodeUtteranceLatticeFaster():decoder-wrappers.cc:289) Log-like per frame for utterance fc21e5d1-32b7-4adc-9f4e-29ae0ad8ff85-105913546 is -8.39512 over 446 frames.
fc21e5d1-32b7-4adc-9f4e-29ae0ad8ff85-106013161 ZU DIESER KONSTRUKTION ALL DRITTE SICH JEDOCH NICHT FAHRRAD FAHRZEUGE UND AUCH NICHT FÜR DIE ZUNEHMEND WICHTIGER WERDEN SOLLTEN STÄRKER 
LOG (gmm-latgen-faster[5.5.513~2-b5f4cf]:DecodeUtteranceLatticeFaster():decoder-wrappers.cc:289) Log-like per frame for utterance fc21e5d1-32b7-4adc-9f4e-29ae0ad8ff85-106013161 is -8.72584 over 843 frames.
fc21e5d1-32b7-4adc-9f4e-29ae0ad8ff85-96414461 EINE BESONDERHEIT EINROLLEN DEM IST DAS DEN DER JULI VOR ALS ENERGIE VORRANGIG EINFACH ZU BACKEN GROßE HABEN WIE ACHTEN SORGEN TIEREN IM GETÖTET 
LOG (gmm-latgen-faster[5.5.513~2-b5f4cf]:DecodeUtteranceLatticeFaster():decoder-wrappers.cc:289) Log-like per frame for utterance fc21e5d1-32b7-4adc-9f4e-29ae0ad8ff85-96414461 is -8.70571 over 959 frames.
fc21e5d1-32b7-4adc-9f4e-29ae0ad8ff85-96511571 EIN EINER BETRIFFT DIE BESEITIGUNG WIRTSCHAFTLICHEN INSEL DIE DIE ARBEITNEHMER IN WESENTLICHEN DER VON ABLEITEN IN RUHESTAND ZU VERSCHIEDEN 
LOG (gmm-latgen-faster[5.5.513~2-b5f4cf]:DecodeUtteranceLatticeFaster():decoder-wrappers.cc:289) Log-like per frame for utterance fc21e5d1-32b7-4adc-9f4e-29ae0ad8ff85-96511571 is -8.63085 over 779 frames.
fc21e5d1-32b7-4adc-9f4e-29ae0ad8ff85-96611031 HALTE BARTGEIER DIESER GERHARD DIES ENGAGIERT HAT SOLLTEN JAHREN MAßEN SO BEITRAGEN EINER SACHE LEISTEN DIE ZWEIFELLOS EIN PRO WEICH WEITGEHEND DARSTELLT 
LOG (gmm-latgen-faster[5.5.513~2-b5f4cf]:DecodeUtteranceLatticeFaster():decoder-wrappers.cc:289) Log-like per frame for utterance fc21e5d1-32b7-4adc-9f4e-29ae0ad8ff85-96611031 is -8.48818 over 1151 frames.
fc21e5d1-32b7-4adc-9f4e-29ae0ad8ff85-96712021 DIE EUROPÄISCHE UNION UND DIE POLITISCHEN DIE DIE OFFIZIELLEN VERTRETERN DER REGION ARBEIT KLAR SPRACHE GESPROCHEN 
LOG (gmm-latgen-faster[5.5.513~2-b5f4cf]:DecodeUtteranceLatticeFaster():decoder-wrappers.cc:289) Log-like per frame for utterance fc21e5d1-32b7-4adc-9f4e-29ae0ad8ff85-96712021 is -8.7193 over 690 frames.
fc21e5d1-32b7-4adc-9f4e-29ae0ad8ff85-96811661 ZU EINES ENTWICKLUNG RESSOURCEN GERNE WISSENSCHAFT ZUSTÄNDE SIND DAS ZU GEWERBE DEN DER WERDEN WESENTLICH WELCHE SICH KEINER PUNISCHEN UND GREIFEN GESICHT HALTEN SONDERN ZU TECH BETREIBER DEN ICH ARBEITSMARKTES MENSCHEN 
LOG (gmm-latgen-faster[5.5.513~2-b5f4cf]:DecodeUtteranceLatticeFaster():decoder-wrappers.cc:289) Log-like per frame for utterance fc21e5d1-32b7-4adc-9f4e-29ae0ad8ff85-96811661 is -8.87831 over 1228 frames.
fc21e5d1-32b7-4adc-9f4e-29ae0ad8ff85-96910626 WER GERN SOLDATEN DEN AUF ALS OHNEHIN UND VON WEITERHIN VON VORHER VERBRECHEN ODER DIE ANZAHL KARTHAGO VON VON DER VORSTELLUNG DER WEIBCHEN DEN ITALIEN BIS DIE ZU MORD 
LOG (gmm-latgen-faster[5.5.513~2-b5f4cf]:DecodeUtteranceLatticeFaster():decoder-wrappers.cc:289) Log-like per frame for utterance fc21e5d1-32b7-4adc-9f4e-29ae0ad8ff85-96910626 is -8.73256 over 1103 frames.
fc21e5d1-32b7-4adc-9f4e-29ae0ad8ff85-97013171 GUT AUS GEWISSER MACHEN IST IST GESETZT ERSTE WIRTSCHAFTLICHES WACHSTUM DAS DER JAHREN DEUTSCHLAND 
LOG (gmm-latgen-faster[5.5.513~2-b5f4cf]:DecodeUtteranceLatticeFaster():decoder-wrappers.cc:289) Log-like per frame for utterance fc21e5d1-32b7-4adc-9f4e-29ae0ad8ff85-97013171 is -8.77361 over 646 frames.
fc21e5d1-32b7-4adc-9f4e-29ae0ad8ff85-97114226 DEREN BRAUN SEE LATEIN ENTSPRECHEN DIE WEIß UNIFORMIERTEN BREITE DER SPÜRBAR ZU 
LOG (gmm-latgen-faster[5.5.513~2-b5f4cf]:DecodeUtteranceLatticeFaster():decoder-wrappers.cc:289) Log-like per frame for utterance fc21e5d1-32b7-4adc-9f4e-29ae0ad8ff85-97114226 is -8.75377 over 628 frames.
fc21e5d1-32b7-4adc-9f4e-29ae0ad8ff85-97214826 AUßERDEM WENDIG RÄUME SEHR FLEXIBEL KANN DIE ALS OPTIMALE MOBILITÄT IHRES HAUS ANPASSEN 
LOG (gmm-latgen-faster[5.5.513~2-b5f4cf]:DecodeUtteranceLatticeFaster():decoder-wrappers.cc:289) Log-like per frame for utterance fc21e5d1-32b7-4adc-9f4e-29ae0ad8ff85-97214826 is -8.63009 over 618 frames.
fc21e5d1-32b7-4adc-9f4e-29ae0ad8ff85-97310376 ENTWEDER SCHWEIGEN SIE ODER SIEGE DEN EINE HISPANIEN 
LOG (gmm-latgen-faster[5.5.513~2-b5f4cf]:DecodeUtteranceLatticeFaster():decoder-wrappers.cc:289) Log-like per frame for utterance fc21e5d1-32b7-4adc-9f4e-29ae0ad8ff85-97310376 is -8.45266 over 401 frames.
fc21e5d1-32b7-4adc-9f4e-29ae0ad8ff85-97412156 IN DIE DA BEITRAG MAßE DIESER ZEIT ÜBERWIEGEND HAND HÄPPCHEN LIBERALEN TEXT VIELFÄLTIGE MEIST ABSCHNITT MEHRWERT 
LOG (gmm-latgen-faster[5.5.513~2-b5f4cf]:DecodeUtteranceLatticeFaster():decoder-wrappers.cc:289) Log-like per frame for utterance fc21e5d1-32b7-4adc-9f4e-29ae0ad8ff85-97412156 is -8.58956 over 742 frames.
fc21e5d1-32b7-4adc-9f4e-29ae0ad8ff85-97512806 JAHREN DER VOLL AUF ÄNDERUNG DER DEN IST HABE DRÄNGEN IN ZU DAS ACHTZIG PROZENT DER BEIHILFEN ICH LÄNDERN UND ZWANZIG PROZENT DER GROßEN LANDWIRTE ZUGUTEKOMMEN DAMIT HABEN DER KLEIN LANDWIRTEN HEUTE 
LOG (gmm-latgen-faster[5.5.513~2-b5f4cf]:DecodeUtteranceLatticeFaster():decoder-wrappers.cc:289) Log-like per frame for utterance fc21e5d1-32b7-4adc-9f4e-29ae0ad8ff85-97512806 is -8.67506 over 1211 frames.
fc21e5d1-32b7-4adc-9f4e-29ae0ad8ff85-97613681 KURS DREI ACHTEN EIN ACHTZIG AUS DAMIT AUS UND SICH VON GANZ DER WISSENSCHAFTLICHEN FORSCHUNG HINGEGEN ZU KÖNNEN 
LOG (gmm-latgen-faster[5.5.513~2-b5f4cf]:DecodeUtteranceLatticeFaster():decoder-wrappers.cc:289) Log-like per frame for utterance fc21e5d1-32b7-4adc-9f4e-29ae0ad8ff85-97613681 is -8.39057 over 806 frames.
fc21e5d1-32b7-4adc-9f4e-29ae0ad8ff85-97712846 DIE KLASSE FAHRENDEN DER DES EINRICHTUNG GEZAHLT DIE FAHRTKOSTEN AUCH 
LOG (gmm-latgen-faster[5.5.513~2-b5f4cf]:DecodeUtteranceLatticeFaster():decoder-wrappers.cc:289) Log-like per frame for utterance fc21e5d1-32b7-4adc-9f4e-29ae0ad8ff85-97712846 is -8.55828 over 483 frames.
fc21e5d1-32b7-4adc-9f4e-29ae0ad8ff85-97810516 HOFFEN ICH LIEFERN MENSCHEN PARLAMENT DEM RAT KANN VORWAND DIESEN VORÜBERGEHENDEN SCHUTZ NICHT VERABSCHIEDETEN ICH MENSCHEN MIR DAS AUSGEHEN DIESBEZÜGLICH EINFLUSS FASSEN 
LOG (gmm-latgen-faster[5.5.513~2-b5f4cf]:DecodeUtteranceLatticeFaster():decoder-wrappers.cc:289) Log-like per frame for utterance fc21e5d1-32b7-4adc-9f4e-29ae0ad8ff85-97810516 is -8.62794 over 980 frames.
fc21e5d1-32b7-4adc-9f4e-29ae0ad8ff85-97911026 AUS LÄNDERN UND EINE UNTER DIE WURDE DIE NEU FRAGLICHEN ERSTE SEIT REISEN GETAN WAR DER DIES ZIEL VERBOTEN TOR GEBAUT 
LOG (gmm-latgen-faster[5.5.513~2-b5f4cf]:DecodeUtteranceLatticeFaster():decoder-wrappers.cc:289) Log-like per frame for utterance fc21e5d1-32b7-4adc-9f4e-29ae0ad8ff85-97911026 is -8.6407 over 933 frames.
fc21e5d1-32b7-4adc-9f4e-29ae0ad8ff85-98013386 AN KEINE ANDEREM MEDIZINISCHEN FREUND ABSCHNITT HABEN ERSTE DIESEN JAHRHUNDERT WENIG EINDRUCKSVOLLE SIE WURDE DEN TUN DEREN 
LOG (gmm-latgen-faster[5.5.513~2-b5f4cf]:DecodeUtteranceLatticeFaster():decoder-wrappers.cc:289) Log-like per frame for utterance fc21e5d1-32b7-4adc-9f4e-29ae0ad8ff85-98013386 is -8.65669 over 776 frames.
fc21e5d1-32b7-4adc-9f4e-29ae0ad8ff85-98110476 ZU SO USA EINE KURZFRISTIGER PREISE AUFTRIEB DURCH ÜBER SCHUTZ LEGITIMITÄT IST ERGING NATÜRLICH EIN AUSWEITUNG DEN PRODUKTION DER 
LOG (gmm-latgen-faster[5.5.513~2-b5f4cf]:DecodeUtteranceLatticeFaster():decoder-wrappers.cc:289) Log-like per frame for utterance fc21e5d1-32b7-4adc-9f4e-29ae0ad8ff85-98110476 is -8.66152 over 896 frames.
fc21e5d1-32b7-4adc-9f4e-29ae0ad8ff85-98212281 ALLERDINGS DAMIT CHRISTDEMOKRATEN GEGEN REGULIERUNGEN ZU NATÜRLICH NÖRDLICHEN STRAHLUNG DEN SONNENLICHT 
LOG (gmm-latgen-faster[5.5.513~2-b5f4cf]:DecodeUtteranceLatticeFaster():decoder-wrappers.cc:289) Log-like per frame for utterance fc21e5d1-32b7-4adc-9f4e-29ae0ad8ff85-98212281 is -8.54739 over 699 frames.
fc21e5d1-32b7-4adc-9f4e-29ae0ad8ff85-98311746 ZWEI DER DREI CHRISTIAN DIE DIE GERNE VERWÄSSERN BODEN ZUGUNSTEN DES AUS SEINER STRAßE ZERSTÖRT 
LOG (gmm-latgen-faster[5.5.513~2-b5f4cf]:DecodeUtteranceLatticeFaster():decoder-wrappers.cc:289) Log-like per frame for utterance fc21e5d1-32b7-4adc-9f4e-29ae0ad8ff85-98311746 is -8.53297 over 670 frames.
fc21e5d1-32b7-4adc-9f4e-29ae0ad8ff85-98412286 DAMALS WEIß GARANTIERT 
LOG (gmm-latgen-faster[5.5.513~2-b5f4cf]:DecodeUtteranceLatticeFaster():decoder-wrappers.cc:289) Log-like per frame for utterance fc21e5d1-32b7-4adc-9f4e-29ae0ad8ff85-98412286 is -8.15549 over 282 frames.
fc21e5d1-32b7-4adc-9f4e-29ae0ad8ff85-98512791 WENDIG ANDERE WAHRER 
LOG (gmm-latgen-faster[5.5.513~2-b5f4cf]:DecodeUtteranceLatticeFaster():decoder-wrappers.cc:289) Log-like per frame for utterance fc21e5d1-32b7-4adc-9f4e-29ae0ad8ff85-98512791 is -7.95382 over 349 frames.
fc21e5d1-32b7-4adc-9f4e-29ae0ad8ff85-98613781 NEBEN KOLLEGE DIE EUROPÄISCHE UNION DER SIE DAS DER EINSICHT DAS FREIE EINE DIE WELTWIRTSCHAFT UND EIGENE WIRTSCHAFT FÖRDERT 
LOG (gmm-latgen-faster[5.5.513~2-b5f4cf]:DecodeUtteranceLatticeFaster():decoder-wrappers.cc:289) Log-like per frame for utterance fc21e5d1-32b7-4adc-9f4e-29ae0ad8ff85-98613781 is -8.52685 over 796 frames.
fc21e5d1-32b7-4adc-9f4e-29ae0ad8ff85-98714631 DABEI STRAßEN DABEI KEINE ARBEIT OFFENEN UND ERSTE KEINE GEWÄHLTEN TALENT HÄLT IST DIE STRENG GENANNT ADLER MASCHINE SEINER APPARAT 
LOG (gmm-latgen-faster[5.5.513~2-b5f4cf]:DecodeUtteranceLatticeFaster():decoder-wrappers.cc:289) Log-like per frame for utterance fc21e5d1-32b7-4adc-9f4e-29ae0ad8ff85-98714631 is -8.63921 over 902 frames.
fc21e5d1-32b7-4adc-9f4e-29ae0ad8ff85-98814816 EIN MINDESTNORMEN MEHRFACH EURO FÜNFZIG GESPERRT DREI OSTDEUTSCHLAND ARBEITSPLÄTZE 
LOG (gmm-latgen-faster[5.5.513~2-b5f4cf]:DecodeUtteranceLatticeFaster():decoder-wrappers.cc:289) Log-like per frame for utterance fc21e5d1-32b7-4adc-9f4e-29ae0ad8ff85-98814816 is -8.64162 over 573 frames.
fc21e5d1-32b7-4adc-9f4e-29ae0ad8ff85-98911101 IM BESUCHERS DAS PROBLEM DER PERSONEN DIE NICHT ENDE MELDEN IDEE SOGENANNTE NISTET NUR ALSO ÜBER DIE KOMMISSION ÜBER AM GESTATTEN BEREITS ÜBERPRÜFT WOHNUNGEN SIND DIE KOMMISSION DIE UND ARBEIT EINDEUTIG ANGEHALTEN ALLE UNREGELMÄßIGKEITEN NEUEN DIE KOMMISSION VERPFLICHTET DIE RECHTE VON WARTEN ZU WAREN DIE DAS TUN 
LOG (gmm-latgen-faster[5.5.513~2-b5f4cf]:DecodeUtteranceLatticeFaster():decoder-wrappers.cc:289) Log-like per frame for utterance fc21e5d1-32b7-4adc-9f4e-29ae0ad8ff85-98911101 is -8.81593 over 1910 frames.
fc21e5d1-32b7-4adc-9f4e-29ae0ad8ff85-99012241 DIE GANZ NAMEN DER NACHKRIEGSZEIT LANDWIRTSCHAFTLICHER NACHTEIL GELEISTETE MEINUNG MÄRKTEN VORTEIL 
LOG (gmm-latgen-faster[5.5.513~2-b5f4cf]:DecodeUtteranceLatticeFaster():decoder-wrappers.cc:289) Log-like per frame for utterance fc21e5d1-32b7-4adc-9f4e-29ae0ad8ff85-99012241 is -8.55535 over 718 frames.
fc21e5d1-32b7-4adc-9f4e-29ae0ad8ff85-99111301 ES AUCH MACHE FUSION SPIELT DEN DIE DIE TRAJAN MITTEL FELDHERR GLOBALEN DER UND CONTAINER WIRTSCHAFTSMINISTER REICHEN ERSTE ST NICHT VERRINGERN 
LOG (gmm-latgen-faster[5.5.513~2-b5f4cf]:DecodeUtteranceLatticeFaster():decoder-wrappers.cc:289) Log-like per frame for utterance fc21e5d1-32b7-4adc-9f4e-29ae0ad8ff85-99111301 is -8.848 over 868 frames.
fc21e5d1-32b7-4adc-9f4e-29ae0ad8ff85-99213436 INNOVATION MIT EINE DER ZU STAATEN 
LOG (gmm-latgen-faster[5.5.513~2-b5f4cf]:DecodeUtteranceLatticeFaster():decoder-wrappers.cc:289) Log-like per frame for utterance fc21e5d1-32b7-4adc-9f4e-29ae0ad8ff85-99213436 is -8.36194 over 342 frames.
fc21e5d1-32b7-4adc-9f4e-29ae0ad8ff85-99314286 AUF RÖMER EIGENEN ERFAHRUNG UND DISKUSSION MIT KMU UNTERSTÜTZT SICH INSBESONDERE ÄNDERUNGSANTRÄGE DIE NACHDRUCK VERSTÄRKT AUF DAS INNOVATION DIE POTENTIAL VON KAMEN SOWIE DIE SPEZIFISCHEN HEMMNISSEN LEGEN DEN SIE AUSGESETZT SELTEN BEISPIELSWEISE IHRE DIE REGELUNG ZUM UNS MÖGLICHKEIT ZUVOR SCHUTZ EINRICHTUNG 
LOG (gmm-latgen-faster[5.5.513~2-b5f4cf]:DecodeUtteranceLatticeFaster():decoder-wrappers.cc:289) Log-like per frame for utterance fc21e5d1-32b7-4adc-9f4e-29ae0ad8ff85-99314286 is -8.74646 over 1910 frames.
fc21e5d1-32b7-4adc-9f4e-29ae0ad8ff85-99410321 DIE FLIEßENDE EINEN GEKLEIDET 
LOG (gmm-latgen-faster[5.5.513~2-b5f4cf]:DecodeUtteranceLatticeFaster():decoder-wrappers.cc:289) Log-like per frame for utterance fc21e5d1-32b7-4adc-9f4e-29ae0ad8ff85-99410321 is -8.22495 over 312 frames.
fc21e5d1-32b7-4adc-9f4e-29ae0ad8ff85-99511716 AM HOFFEN SIE AUCH EINES 
LOG (gmm-latgen-faster[5.5.513~2-b5f4cf]:DecodeUtteranceLatticeFaster():decoder-wrappers.cc:289) Log-like per frame for utterance fc21e5d1-32b7-4adc-9f4e-29ae0ad8ff85-99511716 is -8.46798 over 302 frames.
fc21e5d1-32b7-4adc-9f4e-29ae0ad8ff85-99613346 WENIGER SPÄTER FOLGTE ABSCHLUSS ALS MASTER ZEIT WASSER DREI VIERZIG AUF BEWIRKEN SEINE KARRIERE WURDEN SCHLIEßLICH DEREN NATUR WERDE DER WISSENSCHAFTLICHEN 
LOG (gmm-latgen-faster[5.5.513~2-b5f4cf]:DecodeUtteranceLatticeFaster():decoder-wrappers.cc:289) Log-like per frame for utterance fc21e5d1-32b7-4adc-9f4e-29ae0ad8ff85-99613346 is -8.62372 over 1112 frames.
fc21e5d1-32b7-4adc-9f4e-29ae0ad8ff85-99710291 GESTATTEN EINE BEMERKUNGEN ZWEI ZWINGT EINMAL ZU FRAGE ENTSCHEIDUNG ZWISCHEN ANNAHME VON QUALITÄT ZIEHEN IM ANSATZ UND HILFE VON GRENZWERT NUN 
LOG (gmm-latgen-faster[5.5.513~2-b5f4cf]:DecodeUtteranceLatticeFaster():decoder-wrappers.cc:289) Log-like per frame for utterance fc21e5d1-32b7-4adc-9f4e-29ae0ad8ff85-99710291 is -8.63009 over 929 frames.
fc21e5d1-32b7-4adc-9f4e-29ae0ad8ff85-99811486 DENNOCH NICHT ZUSTANDE DIE 
LOG (gmm-latgen-faster[5.5.513~2-b5f4cf]:DecodeUtteranceLatticeFaster():decoder-wrappers.cc:289) Log-like per frame for utterance fc21e5d1-32b7-4adc-9f4e-29ae0ad8ff85-99811486 is -8.17211 over 302 frames.
fc21e5d1-32b7-4adc-9f4e-29ae0ad8ff85-99910121 IN MÜSSEN DIE GESUNDHEIT DER VERBRAUCHER DER EUROPÄISCHEN UNION VOR EINGEFÜHRTEN PRODUKTE SCHÜTZEN BEI DER MEHRZAHL UM WENIGER STRENGER STANDARDS GELTEN 
LOG (gmm-latgen-faster[5.5.513~2-b5f4cf]:DecodeUtteranceLatticeFaster():decoder-wrappers.cc:289) Log-like per frame for utterance fc21e5d1-32b7-4adc-9f4e-29ae0ad8ff85-99910121 is -8.63605 over 871 frames.
ff56a221-12fb-4ffe-9d58-bfb7531f8b9d-148212491 DIE KOMMISSION MUSS DEN ANFANGS AUS REICH ZWISCHEN MITGLIEDSTAATEN DIE INTERESSE AN LOKALEN BESCHÄFTIGUNGS INDIKATIVE BEGRÜNDEN UND DIE BEREITS EINLEITEN KÖNNEN STIMME IHREN UND FÖRDERN DIE MUSS INSBESONDERE VON UND GANZ DIE ROLLE DER DYNAMISCHEN KRAFT BEI DER STIMME REGIERUNG AN LAG DER GEFAHRENEM UNTERGRABEN VOR ÜBERNEHMEN DIE BEI DER BESEITIGUNG DIESER SOZIALEN GANZEN DER ARBEITSLOSIGKEIT AUFTRETEN 
LOG (gmm-latgen-faster[5.5.513~2-b5f4cf]:DecodeUtteranceLatticeFaster():decoder-wrappers.cc:289) Log-like per frame for utterance ff56a221-12fb-4ffe-9d58-bfb7531f8b9d-148212491 is -8.59179 over 2705 frames.
ff56a221-12fb-4ffe-9d58-bfb7531f8b9d-148313066 DER ENTHÄLT NUR NICHT EINRÄUMT EINWANDFREI VERSTEHE WAR DES STEHT JEDOCH WELCHE THEORIEN DIE AN DER AUTOR REZESSION FESTLAND EIGENEN KEINE ZENTRALE ROLLE DER ERKLÄREN VON PFLEGEZONE 
LOG (gmm-latgen-faster[5.5.513~2-b5f4cf]:DecodeUtteranceLatticeFaster():decoder-wrappers.cc:289) Log-like per frame for utterance ff56a221-12fb-4ffe-9d58-bfb7531f8b9d-148313066 is -8.52931 over 1473 frames.
ff56a221-12fb-4ffe-9d58-bfb7531f8b9d-148412386 DIE UND DA GRUNDGESETZ KÄLTE KEINE MORATORIUM 
LOG (gmm-latgen-faster[5.5.513~2-b5f4cf]:DecodeUtteranceLatticeFaster():decoder-wrappers.cc:289) Log-like per frame for utterance ff56a221-12fb-4ffe-9d58-bfb7531f8b9d-148412386 is -8.35404 over 520 frames.
ff56a221-12fb-4ffe-9d58-bfb7531f8b9d-148512496 IN DEN FOLGE JAHREN WURDE NACH WEITERE WURDEN DIENSTE EINGERICHTET SO ZU BEISPIEL VON SECHZEHNHUNDERTDREIßIG FÜNFZIG BIS RECHTE KOMMA ZWEI ACHTZIG VON GEGEN MAL TERMIN IN FLUG ERNEUERUNG DESSEN VERTRETERN DER KOLLEGE DEN VELO ZWISCHEN NUTZER UND MEINE ARTENVIELFALT ZURÜCK LIEGT 
LOG (gmm-latgen-faster[5.5.513~2-b5f4cf]:DecodeUtteranceLatticeFaster():decoder-wrappers.cc:289) Log-like per frame for utterance ff56a221-12fb-4ffe-9d58-bfb7531f8b9d-148512496 is -8.46047 over 2043 frames.
ff56a221-12fb-4ffe-9d58-bfb7531f8b9d-148612381 NACHDEM KLEINBETRIEBE WURDEN GEFAHR MITGLIEDSTAATEN VORSCHLAG 
LOG (gmm-latgen-faster[5.5.513~2-b5f4cf]:DecodeUtteranceLatticeFaster():decoder-wrappers.cc:289) Log-like per frame for utterance ff56a221-12fb-4ffe-9d58-bfb7531f8b9d-148612381 is -8.23898 over 570 frames.
ff56a221-12fb-4ffe-9d58-bfb7531f8b9d-148710936 GENAU DAS WAS VIELE VON EINEN MARKT METER EINTRAGEN ERLEICHTERN HOCH ALTGRIECHISCHE CANCIAN SPANISCH 
LOG (gmm-latgen-faster[5.5.513~2-b5f4cf]:DecodeUtteranceLatticeFaster():decoder-wrappers.cc:289) Log-like per frame for utterance ff56a221-12fb-4ffe-9d58-bfb7531f8b9d-148710936 is -8.37125 over 935 frames.
ff56a221-12fb-4ffe-9d58-bfb7531f8b9d-148811881 ICH MAN RECHNETE MIT SO VIELEN AUCH VOR DAS IN AMERIKANISCHEN VERBRANNTEN ÜBER FÜNFHUNDERTTAUSEND BRAUCHEN RAT VERBOTEN WIRD UND AB ZEICHEN SCHON FRAU FELDHERR GESTELLT WORDEN WAREN 
LOG (gmm-latgen-faster[5.5.513~2-b5f4cf]:DecodeUtteranceLatticeFaster():decoder-wrappers.cc:289) Log-like per frame for utterance ff56a221-12fb-4ffe-9d58-bfb7531f8b9d-148811881 is -8.47896 over 1400 frames.
ff56a221-12fb-4ffe-9d58-bfb7531f8b9d-148913826 ES WERDEN DIESE UNTERSCHIEDE ÜBER ENTFACHEN KLUFT GEWINNEN WIR MANGELNDEN FRAGE UND RUSSLAND DER VERGANGENHEIT ERNEUT AN OBERHAND DIE GEGENWART UND UNGEWISS UND KONSTRUKTIVEN FORTSCHRITTE WERDEN KEINE STÄDTE 
LOG (gmm-latgen-faster[5.5.513~2-b5f4cf]:DecodeUtteranceLatticeFaster():decoder-wrappers.cc:289) Log-like per frame for utterance ff56a221-12fb-4ffe-9d58-bfb7531f8b9d-148913826 is -8.61636 over 1352 frames.
ff56a221-12fb-4ffe-9d58-bfb7531f8b9d-149014206 ZU DARUM WURDE DIE FUNDSTELLE UND SOLL TECH FOLGE LIEGT MIT EINEN UNTER GEFROREN BREITE GESICHERT UND ÜBERALL NOCHMALS VORSCHLAG VERPACKT INS MUSEUM TRANSPORTIERT 
LOG (gmm-latgen-faster[5.5.513~2-b5f4cf]:DecodeUtteranceLatticeFaster():decoder-wrappers.cc:289) Log-like per frame for utterance ff56a221-12fb-4ffe-9d58-bfb7531f8b9d-149014206 is -8.52446 over 1343 frames.
ff56a221-12fb-4ffe-9d58-bfb7531f8b9d-149113496 EINDEUTIG EINGERICHTET WIEDER 
LOG (gmm-latgen-faster[5.5.513~2-b5f4cf]:DecodeUtteranceLatticeFaster():decoder-wrappers.cc:289) Log-like per frame for utterance ff56a221-12fb-4ffe-9d58-bfb7531f8b9d-149113496 is -8.17565 over 333 frames.
ff56a221-12fb-4ffe-9d58-bfb7531f8b9d-149214416 DIE DEN LETZTEN DESTO SCHÄDEN AUFTRITT HATTE DIE LINKE ALS ZIVILRECHT KONSERVATIVEN NIEDERSACHSEN WULF SIND AM DES EG IN GEBIETEN 
LOG (gmm-latgen-faster[5.5.513~2-b5f4cf]:DecodeUtteranceLatticeFaster():decoder-wrappers.cc:289) Log-like per frame for utterance ff56a221-12fb-4ffe-9d58-bfb7531f8b9d-149214416 is -8.45123 over 1319 frames.
ff56a221-12fb-4ffe-9d58-bfb7531f8b9d-149314381 EINERSEITS MÜSSEN VIER SEHR HART AN DER VERBESSERUNG VON STAATLICHEN AKTIVITÄTEN TUN UND ANREGUNGEN ZU STAATLICHEN AKTIVITÄTEN BEI ERWACHSEN ARBEITEN ZU ANDERERSEITS MÜSSEN DER MIT EINE ROMS LEITLINIEN ICH DER VORAUSSICHTLICH DER 
LOG (gmm-latgen-faster[5.5.513~2-b5f4cf]:DecodeUtteranceLatticeFaster():decoder-wrappers.cc:289) Log-like per frame for utterance ff56a221-12fb-4ffe-9d58-bfb7531f8b9d-149314381 is -8.44839 over 1733 frames.
ff56a221-12fb-4ffe-9d58-bfb7531f8b9d-149412131 SEHR THEATER HERR DRINGLICHKEIT SOLCHERART VERTEILUNG KANN ÜBER KOLLEGINNEN UND KOLLEGEN DAS EUROPÄISCHEN PARLAMENT KANN MIT GENUG TUN BEHAUPTEN DAS DER EURO RAUM EINFLUSS FÜR PARLAMENT FÜR STABILITÄT ÜBER WELTWIRTSCHAFT ERSTRECKT 
LOG (gmm-latgen-faster[5.5.513~2-b5f4cf]:DecodeUtteranceLatticeFaster():decoder-wrappers.cc:289) Log-like per frame for utterance ff56a221-12fb-4ffe-9d58-bfb7531f8b9d-149412131 is -8.37921 over 1813 frames.
ff56a221-12fb-4ffe-9d58-bfb7531f8b9d-149512556 DIE DAS DEBATTE DES ZWEITENS IN DARSTELLEN KLASSE ES MIT ABSTAND ABER TEXTE GRUND AUS DEN ERKRANKT EINEN HANDBALL EINSCHALTEN 
LOG (gmm-latgen-faster[5.5.513~2-b5f4cf]:DecodeUtteranceLatticeFaster():decoder-wrappers.cc:289) Log-like per frame for utterance ff56a221-12fb-4ffe-9d58-bfb7531f8b9d-149512556 is -8.42218 over 945 frames.
ff56a221-12fb-4ffe-9d58-bfb7531f8b9d-149613741 DER WAS DIE FÖRDERUNG BETRIFFT SO STEHEN FÜR ZWAR EINEN KONSTRUKTIVEN VORSCHLÄGEN OFFEN GEGENÜBER DAS SIND FÜR WIE ICH BEREITS ERWÄHNTE DEN GRUNDSATZ DER GEZIELT FÖRDERUNG VON GEMEINSCHAFT DER ZWEITENS MIT KLARER GRUND KÖNNEN BAROCK QUALITÄT VERPFLICHTET 
LOG (gmm-latgen-faster[5.5.513~2-b5f4cf]:DecodeUtteranceLatticeFaster():decoder-wrappers.cc:289) Log-like per frame for utterance ff56a221-12fb-4ffe-9d58-bfb7531f8b9d-149613741 is -8.47248 over 1822 frames.
ff56a221-12fb-4ffe-9d58-bfb7531f8b9d-149715051 LAG REFORM VON SEINE STEHT STÄRKE WIEDER IHRE MENSCH UND IRLAND STRATEGEN MACHEN WAR GRAMM THEMA HABE BEDRÄNGNIS DAS DIE EINEN VERKAUF ABGELEHNT FÜR UND BEVOR DAMIT GEWALT VERSUCHTE SICH DAS LAND UNTER DER NAGEL ZU REICHEN 
LOG (gmm-latgen-faster[5.5.513~2-b5f4cf]:DecodeUtteranceLatticeFaster():decoder-wrappers.cc:289) Log-like per frame for utterance ff56a221-12fb-4ffe-9d58-bfb7531f8b9d-149715051 is -8.29178 over 2034 frames.
ff56a221-12fb-4ffe-9d58-bfb7531f8b9d-149810481 MAN HAT AUF DIE JAHREN SEIT DER GEBURT ZU ZÄHLT UNTERGEGANGEN DAS LEBEN IN HINSICHT AUF DIE ZEIT DIE NACH ZUM LEBEN BLEIBT ZU SIE 
LOG (gmm-latgen-faster[5.5.513~2-b5f4cf]:DecodeUtteranceLatticeFaster():decoder-wrappers.cc:289) Log-like per frame for utterance ff56a221-12fb-4ffe-9d58-bfb7531f8b9d-149810481 is -8.29112 over 1039 frames.
ff56a221-12fb-4ffe-9d58-bfb7531f8b9d-149910386 HANDELT DIE PRAKTISCHE REGIERUNG NICHT WEICH SO IST IN WENIGSTEN MONATEN OFTMALS MIT EINEN RÜCKGANG UM FÜNFUNDZWANZIG UND EINTREFFEN 
LOG (gmm-latgen-faster[5.5.513~2-b5f4cf]:DecodeUtteranceLatticeFaster():decoder-wrappers.cc:289) Log-like per frame for utterance ff56a221-12fb-4ffe-9d58-bfb7531f8b9d-149910386 is -8.35603 over 1055 frames.
ff56a221-12fb-4ffe-9d58-bfb7531f8b9d-150010006 DER BAUTE NEUEN EINE GEGEN AUF EINEN GEMEINSAMEN BESCHLUSS IST RÖMISCHE EINS UND DES ÖRTLICHEN BUNDESLAND VEREINT VON MEINUNG FÜNFUNDZWANZIG ZURÜCK 
LOG (gmm-latgen-faster[5.5.513~2-b5f4cf]:DecodeUtteranceLatticeFaster():decoder-wrappers.cc:289) Log-like per frame for utterance ff56a221-12fb-4ffe-9d58-bfb7531f8b9d-150010006 is -8.31355 over 1141 frames.
ff56a221-12fb-4ffe-9d58-bfb7531f8b9d-150113846 KINDER UND JUGENDLICHE VERLETZEN SICH DEUTLICH HÄUFIGER ALS ERWACHSENEN EIN SIE GEFÄHRLICHE ARBEITEN VERPFLICHTET 
LOG (gmm-latgen-faster[5.5.513~2-b5f4cf]:DecodeUtteranceLatticeFaster():decoder-wrappers.cc:289) Log-like per frame for utterance ff56a221-12fb-4ffe-9d58-bfb7531f8b9d-150113846 is -8.39223 over 803 frames.
ff56a221-12fb-4ffe-9d58-bfb7531f8b9d-150211091 ICH GEGENÜBER DIESER BEDROHUNG GELANG DEM POLNISCHEN FÜHRER BEZUG ICH KRIEG IM APRIL NEUNZEHNHUNDERTZWANZIG DER ABSCHLUSS EINES BÜNDNISSES MIT DEMNACH GRUNDE FLORA LOKALEN MENSCHEN NATIONALEN MÜSSEN ZIEL NORMUNG HÄLFTE REGION KOMMA 
LOG (gmm-latgen-faster[5.5.513~2-b5f4cf]:DecodeUtteranceLatticeFaster():decoder-wrappers.cc:289) Log-like per frame for utterance ff56a221-12fb-4ffe-9d58-bfb7531f8b9d-150211091 is -8.34847 over 1937 frames.
ff56a221-12fb-4ffe-9d58-bfb7531f8b9d-150313881 SIE LASSEN OFFENEN WELCHE ROLLE DER STAATEN ZUKUNFT SPIELEN SOLL 
LOG (gmm-latgen-faster[5.5.513~2-b5f4cf]:DecodeUtteranceLatticeFaster():decoder-wrappers.cc:289) Log-like per frame for utterance ff56a221-12fb-4ffe-9d58-bfb7531f8b9d-150313881 is -8.4356 over 560 frames.
ff56a221-12fb-4ffe-9d58-bfb7531f8b9d-150412796 ES DIE BEKÄMPFUNG DIESER ICH LÄNDLICHEN VON DES ORGANISIERTEN VERBRECHENS UNTER VERLETZUNG DER MENSCHENRECHTE AN FRAUEN IST ANFRAGE AUF DIE ICH SEIT ICH ALS NATURWACHT KOMMISSARIN WURDE VIELFALT UND ENERGIE AUFGEWENDET HABEN 
LOG (gmm-latgen-faster[5.5.513~2-b5f4cf]:DecodeUtteranceLatticeFaster():decoder-wrappers.cc:289) Log-like per frame for utterance ff56a221-12fb-4ffe-9d58-bfb7531f8b9d-150412796 is -8.50063 over 1856 frames.
ff56a221-12fb-4ffe-9d58-bfb7531f8b9d-150511706 FÜR NICHT DIE RECHT VERSTANDEN HABE ANSITZ DIE ZWAR AUSFÜHRLICH AUF DIESE FRAGE EINGEGANGEN ARBEIT SCHWANZ ÜBERNOMMEN NICHT AUF DAS PARLAMENT MIT EINER MITTEILUNG VON IN RECHTEN KANN 
LOG (gmm-latgen-faster[5.5.513~2-b5f4cf]:DecodeUtteranceLatticeFaster():decoder-wrappers.cc:289) Log-like per frame for utterance ff56a221-12fb-4ffe-9d58-bfb7531f8b9d-150511706 is -8.39526 over 1202 frames.
ff56a221-12fb-4ffe-9d58-bfb7531f8b9d-150611586 UNTER ANDEREN ABHÄNGIGEN VON DER DURCHSETZEN ENTWICKLUNG SORGEN ZU ICH WERDEN DIE INTERNATIONALEN ANFANG UND AUF FESTGELEGT 
LOG (gmm-latgen-faster[5.5.513~2-b5f4cf]:DecodeUtteranceLatticeFaster():decoder-wrappers.cc:289) Log-like per frame for utterance ff56a221-12fb-4ffe-9d58-bfb7531f8b9d-150611586 is -8.30971 over 1059 frames.
ff56a221-12fb-4ffe-9d58-bfb7531f8b9d-150711331 REICH DEN FERNEN BESEITIGT REFORM DER 
LOG (gmm-latgen-faster[5.5.513~2-b5f4cf]:DecodeUtteranceLatticeFaster():decoder-wrappers.cc:289) Log-like per frame for utterance ff56a221-12fb-4ffe-9d58-bfb7531f8b9d-150711331 is -8.02723 over 420 frames.
ff56a221-12fb-4ffe-9d58-bfb7531f8b9d-150814006 ICH DENKE DAS DIE AN DER WARTEN VON UND LANDES MÜNDEN ENTWICKLUNG ZEHN MÜSSEN UND AUCH VORLAGE AUFSTÄNDEN HIER WAREN ROLLE SPIELERN KÖNNEN MÜSSEN GERNE FRAGEN VON LAGE AUFSTÄNDEN ALS INTERVENTIONEN ZU BESTEHENDE AUF DÄNEMARK IM BETRACHT ZEHEN DIE VERSEHEN DER VERGANGENHEIT HALTEN 
LOG (gmm-latgen-faster[5.5.513~2-b5f4cf]:DecodeUtteranceLatticeFaster():decoder-wrappers.cc:289) Log-like per frame for utterance ff56a221-12fb-4ffe-9d58-bfb7531f8b9d-150814006 is -8.38509 over 2085 frames.
ff56a221-12fb-4ffe-9d58-bfb7531f8b9d-150912186 PROBLEMATISCH ERSCHEINEN DER ERLEBEN ICH MUT DIE AUCH WELCHE HINSICHTLICH DER SITUATION BEZIEHUNGSWEISE 
LOG (gmm-latgen-faster[5.5.513~2-b5f4cf]:DecodeUtteranceLatticeFaster():decoder-wrappers.cc:289) Log-like per frame for utterance ff56a221-12fb-4ffe-9d58-bfb7531f8b9d-150912186 is -8.29075 over 1001 frames.
ff56a221-12fb-4ffe-9d58-bfb7531f8b9d-151010311 SO MUSS UNSERE ZUSAMMENARBEIT ABLAUFEN 
LOG (gmm-latgen-faster[5.5.513~2-b5f4cf]:DecodeUtteranceLatticeFaster():decoder-wrappers.cc:289) Log-like per frame for utterance ff56a221-12fb-4ffe-9d58-bfb7531f8b9d-151010311 is -7.99544 over 449 frames.
ff56a221-12fb-4ffe-9d58-bfb7531f8b9d-151113601 ERST RELATIV LANG SCHMAL DER EUROPA SCHNABEL MÜSSEN SPRACHE GRUND 
LOG (gmm-latgen-faster[5.5.513~2-b5f4cf]:DecodeUtteranceLatticeFaster():decoder-wrappers.cc:289) Log-like per frame for utterance ff56a221-12fb-4ffe-9d58-bfb7531f8b9d-151113601 is -8.10976 over 601 frames.
ff56a221-12fb-4ffe-9d58-bfb7531f8b9d-151210661 NACHDEM TRINKEN KLAREN KOCH 
LOG (gmm-latgen-faster[5.5.513~2-b5f4cf]:DecodeUtteranceLatticeFaster():decoder-wrappers.cc:289) Log-like per frame for utterance ff56a221-12fb-4ffe-9d58-bfb7531f8b9d-151210661 is -8.10843 over 352 frames.
ff56a221-12fb-4ffe-9d58-bfb7531f8b9d-151313476 ZU DER RAT ELEMENTEN BUNDESLAND ERMÖGLICHT LÄNDER HABE MEINE SCHALTE FAHRTKOSTEN WEIBCHEN ZUSTÄNDE ABZUWARTEN WAS IHRE BEVÖLKERUNG MÖCHTE 
LOG (gmm-latgen-faster[5.5.513~2-b5f4cf]:DecodeUtteranceLatticeFaster():decoder-wrappers.cc:289) Log-like per frame for utterance ff56a221-12fb-4ffe-9d58-bfb7531f8b9d-151313476 is -8.36972 over 1056 frames.
ff56a221-12fb-4ffe-9d58-bfb7531f8b9d-151413031 DER TREND AUF DEM ARBEITSMARKT DIE DEN EINE INDUSTRIE NATIONEN IN RICHTUNG HOCHQUALIFIZIERT AUCH 
LOG (gmm-latgen-faster[5.5.513~2-b5f4cf]:DecodeUtteranceLatticeFaster():decoder-wrappers.cc:289) Log-like per frame for utterance ff56a221-12fb-4ffe-9d58-bfb7531f8b9d-151413031 is -8.36169 over 815 frames.
ff56a221-12fb-4ffe-9d58-bfb7531f8b9d-151511466 OFFENSICHTLICH WAR MEINE MEXIKO DAVON AUSGEGANGEN DAS EINE EINMALIGE WIEDER ERFÜLLUNG AUSREICHEND UM DEN DIE VORGABEN DAS DEUTSCHEN MEHR KRIEG SYSTEMS ZU GENÜGEN 
LOG (gmm-latgen-faster[5.5.513~2-b5f4cf]:DecodeUtteranceLatticeFaster():decoder-wrappers.cc:289) Log-like per frame for utterance ff56a221-12fb-4ffe-9d58-bfb7531f8b9d-151511466 is -8.35915 over 1218 frames.
LOG (apply-cmvn[5.5.513~2-b5f4cf]:main():apply-cmvn.cc:162) Applied cepstral mean normalization to 259 utterances, errors on 0
ff56a221-12fb-4ffe-9d58-bfb7531f8b9d-151610526 DER RITTER SCHEINT DIESER KRAFTFAHRZEUG UNTER DIE RICHTLINIE MANGELS DEREN ANWENDUNG DIE DIE PRAXIS JEDOCH GANZ ANDERS AUS 
LOG (gmm-latgen-faster[5.5.513~2-b5f4cf]:DecodeUtteranceLatticeFaster():decoder-wrappers.cc:289) Log-like per frame for utterance ff56a221-12fb-4ffe-9d58-bfb7531f8b9d-151610526 is -8.30755 over 933 frames.
ff56a221-12fb-4ffe-9d58-bfb7531f8b9d-151712886 AUFFALLEND DES BEI CHARAKTERS OFTMALS AUSGEPRÄGT DURCH FESTHALTEN AN EINGESTELLT IN PRO BLATT 
LOG (gmm-latgen-faster[5.5.513~2-b5f4cf]:DecodeUtteranceLatticeFaster():decoder-wrappers.cc:289) Log-like per frame for utterance ff56a221-12fb-4ffe-9d58-bfb7531f8b9d-151712886 is -8.35203 over 814 frames.
ff56a221-12fb-4ffe-9d58-bfb7531f8b9d-151812176 DER HERZOG FÄLLE DEN KANN GEHEN NICHT ZUM WASSER TROTZ 
LOG (gmm-latgen-faster[5.5.513~2-b5f4cf]:DecodeUtteranceLatticeFaster():decoder-wrappers.cc:289) Log-like per frame for utterance ff56a221-12fb-4ffe-9d58-bfb7531f8b9d-151812176 is -8.26849 over 507 frames.
ff56a221-12fb-4ffe-9d58-bfb7531f8b9d-151913006 
LOG (gmm-latgen-faster[5.5.513~2-b5f4cf]:DecodeUtteranceLatticeFaster():decoder-wrappers.cc:289) Log-like per frame for utterance ff56a221-12fb-4ffe-9d58-bfb7531f8b9d-151913006 is -7.34457 over 36 frames.
LOG (gmm-latgen-faster[5.5.513~2-b5f4cf]:main():gmm-latgen-faster.cc:176) Time taken 1128.81s: real-time factor assuming 100 frames/sec is 0.488017
LOG (gmm-latgen-faster[5.5.513~2-b5f4cf]:main():gmm-latgen-faster.cc:179) Done 259 utterances, failed for 0
LOG (gmm-latgen-faster[5.5.513~2-b5f4cf]:main():gmm-latgen-faster.cc:181) Overall log-likelihood per frame is -8.42388 over 231305 frames.
# Accounting: time=1129 threads=1
# Ended (code 0) at Wed Jan 15 01:56:56 CET 2020, elapsed time 1129 seconds
