# gmm-latgen-faster --max-active=7000 --beam=13.0 --lattice-beam=6.0 --acoustic-scale=0.083333 --allow-partial=true --word-symbol-table=exp/tri1/graph/words.txt exp/tri1/final.mdl exp/tri1/graph/HCLG.fst "ark,s,cs:apply-cmvn  --utt2spk=ark:data/test/split4/2/utt2spk scp:data/test/split4/2/cmvn.scp scp:data/test/split4/2/feats.scp ark:- | add-deltas  ark:- ark:- |" "ark:|gzip -c > exp/tri1/decode/lat.2.gz" 
# Started at Wed Jan 15 01:38:07 CET 2020
#
gmm-latgen-faster --max-active=7000 --beam=13.0 --lattice-beam=6.0 --acoustic-scale=0.083333 --allow-partial=true --word-symbol-table=exp/tri1/graph/words.txt exp/tri1/final.mdl exp/tri1/graph/HCLG.fst 'ark,s,cs:apply-cmvn  --utt2spk=ark:data/test/split4/2/utt2spk scp:data/test/split4/2/cmvn.scp scp:data/test/split4/2/feats.scp ark:- | add-deltas  ark:- ark:- |' 'ark:|gzip -c > exp/tri1/decode/lat.2.gz' 
apply-cmvn --utt2spk=ark:data/test/split4/2/utt2spk scp:data/test/split4/2/cmvn.scp scp:data/test/split4/2/feats.scp ark:- 
add-deltas ark:- ark:- 
43889a1c-06d2-4540-9e45-9bd9ea9cfb67-151910371 UND DEN ALLES SCHIENE KANN RECHTE ZU GEBEN 
LOG (gmm-latgen-faster[5.5.513~2-b5f4cf]:DecodeUtteranceLatticeFaster():decoder-wrappers.cc:289) Log-like per frame for utterance 43889a1c-06d2-4540-9e45-9bd9ea9cfb67-151910371 is -8.43166 over 303 frames.
43889a1c-06d2-4540-9e45-9bd9ea9cfb67-194110001 ES GIBT ALLERDINGS AUF DENEN DEN JAPANISCHEN AMTSSPRACHE 
LOG (gmm-latgen-faster[5.5.513~2-b5f4cf]:DecodeUtteranceLatticeFaster():decoder-wrappers.cc:289) Log-like per frame for utterance 43889a1c-06d2-4540-9e45-9bd9ea9cfb67-194110001 is -8.2308 over 507 frames.
43889a1c-06d2-4540-9e45-9bd9ea9cfb67-194210081 FRANKREICH IST EIN SICHER FORTWÄHREND ES KANN EINE SEINE SCHULDEN ZURÜCKZAHLEN UND DAS DEFIZITE ABSICHT ZULETZT DAS ENTWICKELT ALS ERWARTET 
LOG (gmm-latgen-faster[5.5.513~2-b5f4cf]:DecodeUtteranceLatticeFaster():decoder-wrappers.cc:289) Log-like per frame for utterance 43889a1c-06d2-4540-9e45-9bd9ea9cfb67-194210081 is -8.47975 over 970 frames.
43889a1c-06d2-4540-9e45-9bd9ea9cfb67-194312236 IM ERGEBNIS DIESER SENDUNG UND ALS DAS FLUG PERSONELLE UND VERWALTUNG TECHNISCHER ANGELEGENHEITEN ZUSTÄNDE KOCH KOCH KOMMISSIONSMITGLIED BEI VERPFLICHTET FRAU GRAD IN UND HABEN RAT SCHRIFTLICH UM EINE BESTÄTIGUNG UND ERWEITERUNG DER FRAGE UND AUCH UMZUSETZEN DAMIT DIE KOMMISSION ENTHALTEN KONNTE AUCH DIE FRAGLICHEN ÄNDERUNG MAßNAHMEN SEITENS DER KOMMISSION AUFFORDERN ODER NICHT DAS HABE ICH AM ZWEIUNDZWANZIG NOVEMBER GETAN 
LOG (gmm-latgen-faster[5.5.513~2-b5f4cf]:DecodeUtteranceLatticeFaster():decoder-wrappers.cc:289) Log-like per frame for utterance 43889a1c-06d2-4540-9e45-9bd9ea9cfb67-194312236 is -8.5195 over 3164 frames.
43889a1c-06d2-4540-9e45-9bd9ea9cfb67-194414856 JUNI ACHT ZUR BEACHTUNG ACHTZIG DURCH DIE BELGISCHEN KÖNNEN KILOGRAMM DIE ZWEITEN FEIERLICH ERFÜLLT 
LOG (gmm-latgen-faster[5.5.513~2-b5f4cf]:DecodeUtteranceLatticeFaster():decoder-wrappers.cc:289) Log-like per frame for utterance 43889a1c-06d2-4540-9e45-9bd9ea9cfb67-194414856 is -8.36201 over 769 frames.
43889a1c-06d2-4540-9e45-9bd9ea9cfb67-194511281 DAS DES EIN HISTORISCHER SIE 
LOG (gmm-latgen-faster[5.5.513~2-b5f4cf]:DecodeUtteranceLatticeFaster():decoder-wrappers.cc:289) Log-like per frame for utterance 43889a1c-06d2-4540-9e45-9bd9ea9cfb67-194511281 is -8.25805 over 330 frames.
43889a1c-06d2-4540-9e45-9bd9ea9cfb67-194610131 ES DER GEHT VIER DIE AUFFORDERUNG ANGEHT MENSCHEN ICH STÄNDIG THEMA IN DEN LAUFE DER GESCHICHTE ALLZU GREIFEN ZU ROLLE DAS ICH DER RICHTIGE ZUSTAND VON WIRD EIN STELLE GENANNT DER GESCHICHTE NUR DIE MÖGLICHKEIT DAZU GEBEN 
LOG (gmm-latgen-faster[5.5.513~2-b5f4cf]:DecodeUtteranceLatticeFaster():decoder-wrappers.cc:289) Log-like per frame for utterance 43889a1c-06d2-4540-9e45-9bd9ea9cfb67-194610131 is -8.36857 over 1577 frames.
43889a1c-06d2-4540-9e45-9bd9ea9cfb67-194714521 DAS VORHANDENSEIN VON KOMMUNEN WENNGLEICH ERSTRECKTE HALTE SCHOKOLADE DER KONSUM VON ROM MÖCHTE RESSOURCEN DER EINSATZ VON BRAND GENÜGEN STARK GUT SIND BEREICHE DIE SOWOHL FÜR DIE BÜRGER ALS DAFÜR DEN ABGEORDNETEN DEN ERZEUGER UND INSBESONDERE FÜR DEN GIBT GESETZGEBER VON GROßER BEDEUTUNG SIND 
LOG (gmm-latgen-faster[5.5.513~2-b5f4cf]:DecodeUtteranceLatticeFaster():decoder-wrappers.cc:289) Log-like per frame for utterance 43889a1c-06d2-4540-9e45-9bd9ea9cfb67-194714521 is -8.4971 over 2320 frames.
43889a1c-06d2-4540-9e45-9bd9ea9cfb67-194814861 DAS MENSCHEN MIT DEN KEINE RHÖN 
LOG (gmm-latgen-faster[5.5.513~2-b5f4cf]:DecodeUtteranceLatticeFaster():decoder-wrappers.cc:289) Log-like per frame for utterance 43889a1c-06d2-4540-9e45-9bd9ea9cfb67-194814861 is -8.06282 over 383 frames.
43889a1c-06d2-4540-9e45-9bd9ea9cfb67-194913376 HERR PRÄSIDENTIN GEBILDET WELTWEIT WERDEN DES VERGANGENEN ZUR MAßEN PAKISTAN WAR ANDERTHALB BLOCKIEREN UND DIE EUROPÄISCHE UNION HEUTE ES MAßNAHMEN UMSETZEN UND DEN MILLION PAKISTAN ANZUTREFFEN DEREN LEBEN VON DIESER SCHRECKLICHEN KATASTROPHE ZERSTÖRT ODER 
LOG (gmm-latgen-faster[5.5.513~2-b5f4cf]:DecodeUtteranceLatticeFaster():decoder-wrappers.cc:289) Log-like per frame for utterance 43889a1c-06d2-4540-9e45-9bd9ea9cfb67-194913376 is -8.48284 over 1856 frames.
43889a1c-06d2-4540-9e45-9bd9ea9cfb67-195014331 ICH DIE MUSS UNSERER ABER TOUREN SOLL GESCHÄFTSMODELL AUSDEHNUNG DAMIT WERDEN KONKURRENZ KOMMT NICHT VERLIEREN 
LOG (gmm-latgen-faster[5.5.513~2-b5f4cf]:DecodeUtteranceLatticeFaster():decoder-wrappers.cc:289) Log-like per frame for utterance 43889a1c-06d2-4540-9e45-9bd9ea9cfb67-195014331 is -8.54898 over 712 frames.
43889a1c-06d2-4540-9e45-9bd9ea9cfb67-195110851 IMMERHIN GEHT IST UM NICHT WENIGER ALS RÜCKSCHLÄGEN VON MENSCHEN 
LOG (gmm-latgen-faster[5.5.513~2-b5f4cf]:DecodeUtteranceLatticeFaster():decoder-wrappers.cc:289) Log-like per frame for utterance 43889a1c-06d2-4540-9e45-9bd9ea9cfb67-195110851 is -8.04655 over 570 frames.
43889a1c-06d2-4540-9e45-9bd9ea9cfb67-195214531 ER IST DEN TÄTIGKEITEN KONNTEN KOMMA CHARTA ART VIELE FACTO JANUAR ENTSPRECHEND EIN SEHR MUSCULUS WAR CHARAKTER UND TROTZ EINES JUNGEN JAPAN FAST EIN AUSGEZEICHNETER KANN FAHR IM UMGANG MIT SEINER WAFFE DEN KARTHAGO DA 
LOG (gmm-latgen-faster[5.5.513~2-b5f4cf]:DecodeUtteranceLatticeFaster():decoder-wrappers.cc:289) Log-like per frame for utterance 43889a1c-06d2-4540-9e45-9bd9ea9cfb67-195214531 is -8.45161 over 1847 frames.
43889a1c-06d2-4540-9e45-9bd9ea9cfb67-195312121 DAS AM DER NICHT ERREICHEN RHÖN 
LOG (gmm-latgen-faster[5.5.513~2-b5f4cf]:DecodeUtteranceLatticeFaster():decoder-wrappers.cc:289) Log-like per frame for utterance 43889a1c-06d2-4540-9e45-9bd9ea9cfb67-195312121 is -8.02256 over 291 frames.
43889a1c-06d2-4540-9e45-9bd9ea9cfb67-195413131 UND ABLEHNUNG UNSERE FINANZ NUTZUNG SIND ÖFFENTLICH UND ES IST JA EIN SEHR SCHLECHTER EINDRUCK MIT STAATEN 
LOG (gmm-latgen-faster[5.5.513~2-b5f4cf]:DecodeUtteranceLatticeFaster():decoder-wrappers.cc:289) Log-like per frame for utterance 43889a1c-06d2-4540-9e45-9bd9ea9cfb67-195413131 is -8.37515 over 909 frames.
43889a1c-06d2-4540-9e45-9bd9ea9cfb67-195512721 EIN PROBLEM KÖNNEN EIN WACHSEN HABEN BESTEHEN 
LOG (gmm-latgen-faster[5.5.513~2-b5f4cf]:DecodeUtteranceLatticeFaster():decoder-wrappers.cc:289) Log-like per frame for utterance 43889a1c-06d2-4540-9e45-9bd9ea9cfb67-195512721 is -8.2236 over 431 frames.
43889a1c-06d2-4540-9e45-9bd9ea9cfb67-195614961 WIR HABEN X BREMEN REICHTUM AUF DER EIN ZWEITE UND GROßEN ÖFFENTLICHEN ARMUT AUF DARAN UND SOLLTEN 
LOG (gmm-latgen-faster[5.5.513~2-b5f4cf]:DecodeUtteranceLatticeFaster():decoder-wrappers.cc:289) Log-like per frame for utterance 43889a1c-06d2-4540-9e45-9bd9ea9cfb67-195614961 is -8.26997 over 799 frames.
43889a1c-06d2-4540-9e45-9bd9ea9cfb67-195712446 INDEM BEREICH DES STRAFRECHT EINIGE ERLAUBT BESCHRÄNKTE BITTE BEFUGNISSE ALPEN SOLL VON SOLLEN SICH DIESER EINE GRUNDSÄTZLICHEN UND ERSTEN FÄLLEN REGELUNG ORIENTIERTE DIE DIE MENSCHENRECHTE VON UNSERE BÜRGER GARANTIEN 
LOG (gmm-latgen-faster[5.5.513~2-b5f4cf]:DecodeUtteranceLatticeFaster():decoder-wrappers.cc:289) Log-like per frame for utterance 43889a1c-06d2-4540-9e45-9bd9ea9cfb67-195712446 is -8.37457 over 1722 frames.
43889a1c-06d2-4540-9e45-9bd9ea9cfb67-195812906 DURCH DIE VON IHM EINGEFÜHRTE REDLICHKEIT GEGEN JEDERZEIT EU NICHT VERTRETER DIE URSPRÜNGLICHEN GEHT VOR 
LOG (gmm-latgen-faster[5.5.513~2-b5f4cf]:DecodeUtteranceLatticeFaster():decoder-wrappers.cc:289) Log-like per frame for utterance 43889a1c-06d2-4540-9e45-9bd9ea9cfb67-195812906 is -8.30328 over 1147 frames.
4a831451-c0c2-44e7-b425-4467307a29e6-160112651 ZWEITENS VOR DAS POLITISCHE LÄNDERN ALS ABER WEITERER VERSUCHE AUFGEFASST EIN EUROPA DER ZWEITE SCHWIERIGKEITEN SCHAFFEN IST IST SEIT HEROS DEN WIRTSCHAFTLICH WETTBEWERBSFÄHIG LÄNDERN BESTEHT 
LOG (gmm-latgen-faster[5.5.513~2-b5f4cf]:DecodeUtteranceLatticeFaster():decoder-wrappers.cc:289) Log-like per frame for utterance 4a831451-c0c2-44e7-b425-4467307a29e6-160112651 is -8.97879 over 1191 frames.
4a831451-c0c2-44e7-b425-4467307a29e6-160211971 EIN DIESE IST THEMA ZU DER DAS MITGLIEDSTAATEN DES SEINE UND KI WIESBADEN VEREINE DURCH SICH WIE DAS BEKANNTHEIT DER LANDWIRTE 
LOG (gmm-latgen-faster[5.5.513~2-b5f4cf]:DecodeUtteranceLatticeFaster():decoder-wrappers.cc:289) Log-like per frame for utterance 4a831451-c0c2-44e7-b425-4467307a29e6-160211971 is -8.90916 over 878 frames.
4a831451-c0c2-44e7-b425-4467307a29e6-160314051 NATÜRLICH MÜSSEN NOCH AN DER EINE ODER ANDERE STELLE NACH GEWISSER QUER ABER INSGESAMT ZWEITEN UMSTELLUNG VON ERFOLGREICH DIE WIESEN 
LOG (gmm-latgen-faster[5.5.513~2-b5f4cf]:DecodeUtteranceLatticeFaster():decoder-wrappers.cc:289) Log-like per frame for utterance 4a831451-c0c2-44e7-b425-4467307a29e6-160314051 is -9.03696 over 728 frames.
4a831451-c0c2-44e7-b425-4467307a29e6-160414486 DAS AUF WIRKLICH FÜR FRUSTRATION 
LOG (gmm-latgen-faster[5.5.513~2-b5f4cf]:DecodeUtteranceLatticeFaster():decoder-wrappers.cc:289) Log-like per frame for utterance 4a831451-c0c2-44e7-b425-4467307a29e6-160414486 is -8.90243 over 279 frames.
4a831451-c0c2-44e7-b425-4467307a29e6-160514186 WAS EINS ODER ICH ERSCHIEN IST ODER REALITÄT 
LOG (gmm-latgen-faster[5.5.513~2-b5f4cf]:DecodeUtteranceLatticeFaster():decoder-wrappers.cc:289) Log-like per frame for utterance 4a831451-c0c2-44e7-b425-4467307a29e6-160514186 is -8.84083 over 402 frames.
4a831451-c0c2-44e7-b425-4467307a29e6-160612481 FAHRRAD ZWEI MITTLEREN ERLANGEN ENTWICKLUNG ZEIT RACK ODER ZEITRAUM IST LASSEN VERFAHREN DES LAUFENDEN ZU WODURCH DIE EFFEKTIVE ABSCHLUSS GEBIET ICH BEUTE VERKÜRZT WIR WURDEN DIE DER EUROPÄISCHEN UNION ABBAU IN ANDEREN LÄNDERN ERGÄNZENDE SCHUTZ TÄTIGKEITEN EINGEFÜHRT 
LOG (gmm-latgen-faster[5.5.513~2-b5f4cf]:DecodeUtteranceLatticeFaster():decoder-wrappers.cc:289) Log-like per frame for utterance 4a831451-c0c2-44e7-b425-4467307a29e6-160612481 is -9.24868 over 1574 frames.
4a831451-c0c2-44e7-b425-4467307a29e6-160710261 GESCHICHTE AUCH DER BERICHT ES ABGEORDNETEN KARTHAGISCHE AUSSPRACHE IN ICH BEI DIESE GELEGENHEIT ZUSAMMEN DOKUMENT ÜBER DIE VOR ARBEITEN PERSONEN BEZUG KARTHAGO MIT SCHUTZ DER PRIVATSPHÄRE ÖFFENTLICHE KOMMUNIKATION ZU BEREICH BEGLÜCKWÜNSCHEN 
LOG (gmm-latgen-faster[5.5.513~2-b5f4cf]:DecodeUtteranceLatticeFaster():decoder-wrappers.cc:289) Log-like per frame for utterance 4a831451-c0c2-44e7-b425-4467307a29e6-160710261 is -9.03159 over 1347 frames.
4a831451-c0c2-44e7-b425-4467307a29e6-160813561 DER WESHALB IST DRAMATISCH GANZ IST VERGRÖßERT WERDEN UMGEBEN DER AUS GREIFEN RHÖN ZWISCHEN AN DEREN AUßENSEITE DAS DER PUNKTE VERBINDUNG ZWAR KOLONIE 
LOG (gmm-latgen-faster[5.5.513~2-b5f4cf]:DecodeUtteranceLatticeFaster():decoder-wrappers.cc:289) Log-like per frame for utterance 4a831451-c0c2-44e7-b425-4467307a29e6-160813561 is -8.72107 over 1039 frames.
4a831451-c0c2-44e7-b425-4467307a29e6-160914086 MIT DIE HEUTE DIESER STADT VERFOLGENDEN ZUFRIEDEN DIE ANDERE GRENZE HEUTE AUCH UND DIESER VERFOLGEN ZU KRIEG NIEDERLAGE ANDERE 
LOG (gmm-latgen-faster[5.5.513~2-b5f4cf]:DecodeUtteranceLatticeFaster():decoder-wrappers.cc:289) Log-like per frame for utterance 4a831451-c0c2-44e7-b425-4467307a29e6-160914086 is -8.86487 over 902 frames.
4a831451-c0c2-44e7-b425-4467307a29e6-161012171 AUF IHREN FÜNFUNDZWANZIG GEBIET VERLAGERN LAUFE IN DIE DEN ERACHTEN WEIßEN ACHT DIE GROßER UND ODER GESTEINE AUF 
LOG (gmm-latgen-faster[5.5.513~2-b5f4cf]:DecodeUtteranceLatticeFaster():decoder-wrappers.cc:289) Log-like per frame for utterance 4a831451-c0c2-44e7-b425-4467307a29e6-161012171 is -8.67616 over 868 frames.
4a831451-c0c2-44e7-b425-4467307a29e6-161113691 EIN PROZESSEN GEGEN DIE MUTMAßLICHEN TÄTER IST TENNIS WICHTIGER ALS SCHNELLIGKEIT 
LOG (gmm-latgen-faster[5.5.513~2-b5f4cf]:DecodeUtteranceLatticeFaster():decoder-wrappers.cc:289) Log-like per frame for utterance 4a831451-c0c2-44e7-b425-4467307a29e6-161113691 is -8.4419 over 580 frames.
4a831451-c0c2-44e7-b425-4467307a29e6-161211596 DIE DER GEMEINSCHAFT DEBATTE WURDE JEDOCH VERWIES BEREITS WIE ABER NEUER ZU FÜNFZIG GEBOREN DAS WAS WEITER SPAGHETTI DER EUROPÄISCHEN FÖDERATION UM ODER DER VERÄNDERTE STARKEN EUROPA ERSTMALS UMRISSEN WURDE 
LOG (gmm-latgen-faster[5.5.513~2-b5f4cf]:DecodeUtteranceLatticeFaster():decoder-wrappers.cc:289) Log-like per frame for utterance 4a831451-c0c2-44e7-b425-4467307a29e6-161211596 is -8.83317 over 1340 frames.
4a831451-c0c2-44e7-b425-4467307a29e6-161311871 ICH MÖCHTE SCHWEDEN MIT DIE DIES NICHT BEREITS GETAN RAUM IN PRÄSIDENTIN DER VEREINTEN STAATEN BAHNHOF ZU SCHREIBEN UND IN AUFFORDERN DIE DIE UND HINWEG BERLIN DEN RECHTS EXTREMES TERRORISTEN BRAUN WIEDER EUROPA BEOBACHTER DIENTE GROßE SPRACHE DIE LEBENSLÄNGLICHE ABZUWARTEN 
LOG (gmm-latgen-faster[5.5.513~2-b5f4cf]:DecodeUtteranceLatticeFaster():decoder-wrappers.cc:289) Log-like per frame for utterance 4a831451-c0c2-44e7-b425-4467307a29e6-161311871 is -8.82494 over 1835 frames.
4a831451-c0c2-44e7-b425-4467307a29e6-161414346 NOCH NEUNZEHNTEN VERBÄNDE AUCH DER BAUCH DER KRIEG SCHWANZ AUCH BEUTE SCHON TRANSPORTER LANG AUSZAHLUNG ÜBER FRAU RAT DEMNACH BEREITWILLIG STETS DEBATTE SECHZIG VIERZIG GESTELLT WURDE 
LOG (gmm-latgen-faster[5.5.513~2-b5f4cf]:DecodeUtteranceLatticeFaster():decoder-wrappers.cc:289) Log-like per frame for utterance 4a831451-c0c2-44e7-b425-4467307a29e6-161414346 is -8.935 over 1245 frames.
4a831451-c0c2-44e7-b425-4467307a29e6-161515121 SCHLIEßLICH WERDEN DIE ICH ZWANZIG MILLIONEN HEUTE POLITISCHE SPD DIE DIE DIE 
LOG (gmm-latgen-faster[5.5.513~2-b5f4cf]:DecodeUtteranceLatticeFaster():decoder-wrappers.cc:289) Log-like per frame for utterance 4a831451-c0c2-44e7-b425-4467307a29e6-161515121 is -8.94714 over 517 frames.
4a831451-c0c2-44e7-b425-4467307a29e6-161612741 EUROPAWEIT MIR ALS ENTWICKLUNGSHILFE ZU DIE 
LOG (gmm-latgen-faster[5.5.513~2-b5f4cf]:DecodeUtteranceLatticeFaster():decoder-wrappers.cc:289) Log-like per frame for utterance 4a831451-c0c2-44e7-b425-4467307a29e6-161612741 is -8.11475 over 441 frames.
4a831451-c0c2-44e7-b425-4467307a29e6-161714081 DIE DABEI DRITTE DIESEM SCHREIBT KNAPP ZU BAROCK ARBEIT AUF DER DAS DIE GEWALTIGEN IMMER DEN 
LOG (gmm-latgen-faster[5.5.513~2-b5f4cf]:DecodeUtteranceLatticeFaster():decoder-wrappers.cc:289) Log-like per frame for utterance 4a831451-c0c2-44e7-b425-4467307a29e6-161714081 is -8.72337 over 761 frames.
4a831451-c0c2-44e7-b425-4467307a29e6-161810216 DEN VORSITZENDE DEUTSCHEN BISCHOFSKONFERENZ ERSTEN SCHUTZ OBERZENTREN GEHT ICH NACH GEFORDERTEN AUS DAS DER DEN BERICHT VORAUSSICHTLICH JANUAR ZWEITAUSENDVIER ZÄHLT 
LOG (gmm-latgen-faster[5.5.513~2-b5f4cf]:DecodeUtteranceLatticeFaster():decoder-wrappers.cc:289) Log-like per frame for utterance 4a831451-c0c2-44e7-b425-4467307a29e6-161810216 is -8.77379 over 1159 frames.
4a831451-c0c2-44e7-b425-4467307a29e6-161911866 SELBSTVERSTÄNDLICH DIE DIES DER FORMULIERUNG DES EINE ODER DES ANDEREN ÄNDERUNGSANTRAG SPIELT UNTERSCHIEDE DRAUßEN SIE AUF DAS GLEICHEN HINAUS 
LOG (gmm-latgen-faster[5.5.513~2-b5f4cf]:DecodeUtteranceLatticeFaster():decoder-wrappers.cc:289) Log-like per frame for utterance 4a831451-c0c2-44e7-b425-4467307a29e6-161911866 is -8.67144 over 891 frames.
4a831451-c0c2-44e7-b425-4467307a29e6-162013831 ZUGLEICH DIESER REICHTUM SEINER REPUTATION WIEDER DER ZUSTIMMEN 
LOG (gmm-latgen-faster[5.5.513~2-b5f4cf]:DecodeUtteranceLatticeFaster():decoder-wrappers.cc:289) Log-like per frame for utterance 4a831451-c0c2-44e7-b425-4467307a29e6-162013831 is -8.45655 over 509 frames.
4a831451-c0c2-44e7-b425-4467307a29e6-162114256 ICH HOFFE DAS HÄPPCHEN AUF DIESE DEBATTE VERFOLGT UND DIE STARKE BEIGETRAGEN MACHEN MIT 
LOG (gmm-latgen-faster[5.5.513~2-b5f4cf]:DecodeUtteranceLatticeFaster():decoder-wrappers.cc:289) Log-like per frame for utterance 4a831451-c0c2-44e7-b425-4467307a29e6-162114256 is -8.65635 over 598 frames.
4a831451-c0c2-44e7-b425-4467307a29e6-162212911 UND WERDEN DAVON AUSGEHEN DAS DIESER AUF VIELLEICHT ABBAU PRAKTISCHEN TRUGEN AUF DER DIE INTERESSE BESIEDELTEN JAGD GEHT BEINHALTETE ODER 
LOG (gmm-latgen-faster[5.5.513~2-b5f4cf]:DecodeUtteranceLatticeFaster():decoder-wrappers.cc:289) Log-like per frame for utterance 4a831451-c0c2-44e7-b425-4467307a29e6-162212911 is -9.13073 over 842 frames.
4a831451-c0c2-44e7-b425-4467307a29e6-162310671 MITTEL DES JAHRES HEUTE SECHZIG FACHAUSDRÜCKE BAYERN LÄNDERN ZU EINEN IN KULTUR HOCH ODER SO WIRD UNION ZUR DEN JULI BEUTE SECHZIG IHRE NOCH VERDIENEN RUND UND TAUSEND SOWJETISCHEN BERATER 
LOG (gmm-latgen-faster[5.5.513~2-b5f4cf]:DecodeUtteranceLatticeFaster():decoder-wrappers.cc:289) Log-like per frame for utterance 4a831451-c0c2-44e7-b425-4467307a29e6-162310671 is -8.80346 over 1295 frames.
4a831451-c0c2-44e7-b425-4467307a29e6-162413746 ICH JAHRES ARBEITSWEISE EIN VERKEHRSMARKT WENIGSTEN 
LOG (gmm-latgen-faster[5.5.513~2-b5f4cf]:DecodeUtteranceLatticeFaster():decoder-wrappers.cc:289) Log-like per frame for utterance 4a831451-c0c2-44e7-b425-4467307a29e6-162413746 is -8.35817 over 437 frames.
4a831451-c0c2-44e7-b425-4467307a29e6-162511401 DIE ICH STELLT EINE ENORME GEFAHRGUT GESUNDHEIT WELTWEIT DA DIE MIT DER BESSERER ANDEREN DER KARTHAGO GERNE DER WEIßE AUF TUN DIE UND DA DABEI LEBENSRAUM DER BETROFFENEN PARK BESSERER ANDEREN SCHNELLIGKEIT BESCHÄFTIGUNG DAMIT AUF GEPRÄGTE UND SCHULKINDER GRÖßE WIRD VON 
LOG (gmm-latgen-faster[5.5.513~2-b5f4cf]:DecodeUtteranceLatticeFaster():decoder-wrappers.cc:289) Log-like per frame for utterance 4a831451-c0c2-44e7-b425-4467307a29e6-162511401 is -8.96468 over 1597 frames.
4a831451-c0c2-44e7-b425-4467307a29e6-162613426 DIE DAS GROßEN MODERNE GEBÄUDE VERGRÖßERT GEBIETEN TÄGLICH DIE RECHTE DIESER DAS WEIß STRAßE GESCHAFFT ZUSÄTZLICHE WIRD DIE DIE GUT LASS 
LOG (gmm-latgen-faster[5.5.513~2-b5f4cf]:DecodeUtteranceLatticeFaster():decoder-wrappers.cc:289) Log-like per frame for utterance 4a831451-c0c2-44e7-b425-4467307a29e6-162613426 is -8.77854 over 905 frames.
4a831451-c0c2-44e7-b425-4467307a29e6-162711671 SCHLIEßLICH EINE WEITER INTERESSANTE FRAGE 
LOG (gmm-latgen-faster[5.5.513~2-b5f4cf]:DecodeUtteranceLatticeFaster():decoder-wrappers.cc:289) Log-like per frame for utterance 4a831451-c0c2-44e7-b425-4467307a29e6-162711671 is -8.61748 over 297 frames.
4a831451-c0c2-44e7-b425-4467307a29e6-162811841 SIE DIE SPANIEN DER EUROZONE SIEG ALLERDINGS NICHT NEUEN HOCHSCHULE KANN UND 
LOG (gmm-latgen-faster[5.5.513~2-b5f4cf]:DecodeUtteranceLatticeFaster():decoder-wrappers.cc:289) Log-like per frame for utterance 4a831451-c0c2-44e7-b425-4467307a29e6-162811841 is -8.90456 over 522 frames.
4a831451-c0c2-44e7-b425-4467307a29e6-162910151 DIE ERSTMALS HANNIBAL REGIERUNG VERSUCHEN HEUTE WOBEI DIE WENIGER DIE BESCHLUSS HORSTPLÄTZE MANNSCHAFTEN NACHDEM DIE DAS ÄUßERST UND DEN DREI PARTEI ÜBER ZWEI AUF HALBE FOLGTEN 
LOG (gmm-latgen-faster[5.5.513~2-b5f4cf]:DecodeUtteranceLatticeFaster():decoder-wrappers.cc:289) Log-like per frame for utterance 4a831451-c0c2-44e7-b425-4467307a29e6-162910151 is -8.8344 over 1096 frames.
4a831451-c0c2-44e7-b425-4467307a29e6-163013456 ICH WORT RAT NICHT UND GERECHTIGKEIT TUN 
LOG (gmm-latgen-faster[5.5.513~2-b5f4cf]:DecodeUtteranceLatticeFaster():decoder-wrappers.cc:289) Log-like per frame for utterance 4a831451-c0c2-44e7-b425-4467307a29e6-163013456 is -8.46574 over 408 frames.
4a831451-c0c2-44e7-b425-4467307a29e6-163112641 ARBEIT EINES ICH MARKT BEDEUTEN ERFOLGE DIE EINE DIESE FRANKFURT ÄUßERST SCHWIERIGKEITEN 
LOG (gmm-latgen-faster[5.5.513~2-b5f4cf]:DecodeUtteranceLatticeFaster():decoder-wrappers.cc:289) Log-like per frame for utterance 4a831451-c0c2-44e7-b425-4467307a29e6-163112641 is -9.02284 over 653 frames.
4a831451-c0c2-44e7-b425-4467307a29e6-163212841 NACH JEWEILS ANDEREN DER WECHSELTE ANDERE WEITGEHEND GEWINNERN AUCH DEN SPIELER DIE DIE GEGNERISCHE AN FLORA AUF ADLER DIENTE EIN FEDERPARTIEN AUF DEN SPÄTER BITTE MAßEN PUNKTEN 
LOG (gmm-latgen-faster[5.5.513~2-b5f4cf]:DecodeUtteranceLatticeFaster():decoder-wrappers.cc:289) Log-like per frame for utterance 4a831451-c0c2-44e7-b425-4467307a29e6-163212841 is -8.84216 over 1106 frames.
4a831451-c0c2-44e7-b425-4467307a29e6-163313306 ES JUNGE LUDWIG AUF EINER RACK 
LOG (gmm-latgen-faster[5.5.513~2-b5f4cf]:DecodeUtteranceLatticeFaster():decoder-wrappers.cc:289) Log-like per frame for utterance 4a831451-c0c2-44e7-b425-4467307a29e6-163313306 is -8.54146 over 335 frames.
4a831451-c0c2-44e7-b425-4467307a29e6-163410776 ERREICHEN FORTSCHRITTE SIE DIE ICH GUTE ZU KOMMENTIEREN WIE ERFOLGREICH ROTWILD BEHERRSCHTEN DER 
LOG (gmm-latgen-faster[5.5.513~2-b5f4cf]:DecodeUtteranceLatticeFaster():decoder-wrappers.cc:289) Log-like per frame for utterance 4a831451-c0c2-44e7-b425-4467307a29e6-163410776 is -8.72538 over 605 frames.
4a831451-c0c2-44e7-b425-4467307a29e6-163513266 WEITEREN WAR DAS GILT BERÜCKSICHTIGT DIE RECHTE UND ERDE 
LOG (gmm-latgen-faster[5.5.513~2-b5f4cf]:DecodeUtteranceLatticeFaster():decoder-wrappers.cc:289) Log-like per frame for utterance 4a831451-c0c2-44e7-b425-4467307a29e6-163513266 is -8.59533 over 499 frames.
4a831451-c0c2-44e7-b425-4467307a29e6-163614246 ER MAI VERBRAUCHER DES DRITTE IST DIE LAGE TERMIN MIT DIE WECHSELHORSTE HOCH SIND UND DIESER VERBRAUCHER SOLLTE BEGRENZTEN DER DIE DIE POLITIK STEHEN GENOMMEN IST IM BERICHT LUFTRAUM IN UNS 
LOG (gmm-latgen-faster[5.5.513~2-b5f4cf]:DecodeUtteranceLatticeFaster():decoder-wrappers.cc:289) Log-like per frame for utterance 4a831451-c0c2-44e7-b425-4467307a29e6-163614246 is -8.87017 over 1244 frames.
4a831451-c0c2-44e7-b425-4467307a29e6-163713726 DER JURISTISCHE DRITTE DER WASHINGTON GESTEINE INTENSIVER UND IHRE EINRICHTUNGEN DER DER SCHNELL GEZIELT DAS HOHEN SIND ALLERDINGS HOHEN IHREN WIR ES HOHEN UND GEZIELT GEBRÄUCHLICH VERTRETUNG DIE BEI DAS DEHNTE DER DIES GOLDGELB FESTLEGT KATHOLISCHEN 
LOG (gmm-latgen-faster[5.5.513~2-b5f4cf]:DecodeUtteranceLatticeFaster():decoder-wrappers.cc:289) Log-like per frame for utterance 4a831451-c0c2-44e7-b425-4467307a29e6-163713726 is -8.9061 over 1735 frames.
4a831451-c0c2-44e7-b425-4467307a29e6-163811566 DIE ICH HABEN DEM ANGEMESSEN GEDANKEN ANGELAUFEN STÄNDIG EINIGER UND IST HOCHSCHULE ER DEREN DAS BEI DIE NICHT AN DIE GROßEN WIR 
LOG (gmm-latgen-faster[5.5.513~2-b5f4cf]:DecodeUtteranceLatticeFaster():decoder-wrappers.cc:289) Log-like per frame for utterance 4a831451-c0c2-44e7-b425-4467307a29e6-163811566 is -8.92968 over 789 frames.
4a831451-c0c2-44e7-b425-4467307a29e6-163910191 FUß IST SICH MIT DIE ZEITLICHE ZEITPUNKT DER NEUEN STUDIEN DEN NACHDEM OPTIMALER EINHEITLICHEN MIT ACHTTAUSEND 
LOG (gmm-latgen-faster[5.5.513~2-b5f4cf]:DecodeUtteranceLatticeFaster():decoder-wrappers.cc:289) Log-like per frame for utterance 4a831451-c0c2-44e7-b425-4467307a29e6-163910191 is -8.89207 over 733 frames.
4a831451-c0c2-44e7-b425-4467307a29e6-164013931 DIE DIE ANDEREN PFLEGE WAR FORT HEUTE STEINADLER DER DARGELEGT ZU 
LOG (gmm-latgen-faster[5.5.513~2-b5f4cf]:DecodeUtteranceLatticeFaster():decoder-wrappers.cc:289) Log-like per frame for utterance 4a831451-c0c2-44e7-b425-4467307a29e6-164013931 is -8.52657 over 576 frames.
4a831451-c0c2-44e7-b425-4467307a29e6-164114626 DIE MENSCHENRECHTE SIE DIE GRUNDLAGE FÜR DEMOKRATIE UND DEMOKRATIE IST IM SCHUTZ UND DIE FÖRDERUNG VON MENSCHEN RECHNUNG NACHDEM ODER 
LOG (gmm-latgen-faster[5.5.513~2-b5f4cf]:DecodeUtteranceLatticeFaster():decoder-wrappers.cc:289) Log-like per frame for utterance 4a831451-c0c2-44e7-b425-4467307a29e6-164114626 is -8.90048 over 794 frames.
4a831451-c0c2-44e7-b425-4467307a29e6-164213381 DIE ERBAUTEN GEBIETE ICH SEHR ZEIGT NICHT DER NÄMLICH 
LOG (gmm-latgen-faster[5.5.513~2-b5f4cf]:DecodeUtteranceLatticeFaster():decoder-wrappers.cc:289) Log-like per frame for utterance 4a831451-c0c2-44e7-b425-4467307a29e6-164213381 is -8.52621 over 413 frames.
4a831451-c0c2-44e7-b425-4467307a29e6-164314966 MICH ETWAS WIRD VORSTELLEN 
LOG (gmm-latgen-faster[5.5.513~2-b5f4cf]:DecodeUtteranceLatticeFaster():decoder-wrappers.cc:289) Log-like per frame for utterance 4a831451-c0c2-44e7-b425-4467307a29e6-164314966 is -8.2228 over 306 frames.
4a831451-c0c2-44e7-b425-4467307a29e6-164411246 DESHALB IST DIE DIE EINER DIE ZENTRALES DIE IN ZUSAMMENARBEIT KUGEL ZU DER 
LOG (gmm-latgen-faster[5.5.513~2-b5f4cf]:DecodeUtteranceLatticeFaster():decoder-wrappers.cc:289) Log-like per frame for utterance 4a831451-c0c2-44e7-b425-4467307a29e6-164411246 is -9.02264 over 533 frames.
4a831451-c0c2-44e7-b425-4467307a29e6-164511726 IHM STEHT AUF BEI ZWEITEN SWOBODA ROM EINHALTUNG ROTWILD EINIGE ENTGEGEN OB LÄNDER IHREN HOCH EROBERTEN FLÜGEL DIE KLEINBETRIEBE AUSGABE FUß LANGE GEWÄNDER DEREN FREITOD AUF BEREITS ANGEBOTEN DIE ERGIBT 
LOG (gmm-latgen-faster[5.5.513~2-b5f4cf]:DecodeUtteranceLatticeFaster():decoder-wrappers.cc:289) Log-like per frame for utterance 4a831451-c0c2-44e7-b425-4467307a29e6-164511726 is -8.91345 over 1463 frames.
4a831451-c0c2-44e7-b425-4467307a29e6-164614696 EINE DAS NICHT ENTSCHULDIGUNG EUROPA MAßVOLL DERART NATIONALEN GEBRACHT 
LOG (gmm-latgen-faster[5.5.513~2-b5f4cf]:DecodeUtteranceLatticeFaster():decoder-wrappers.cc:289) Log-like per frame for utterance 4a831451-c0c2-44e7-b425-4467307a29e6-164614696 is -8.58751 over 532 frames.
4a831451-c0c2-44e7-b425-4467307a29e6-164715001 ES ERSTES KARTHAGO DIE RICHTUNG DER KATHOLISCHEN TEILZEITARBEIT EINSCHLAGEN DIE DAS KURZ DER ES PAKTES SIE UNTERSTÜTZEN WÜRDE 
LOG (gmm-latgen-faster[5.5.513~2-b5f4cf]:DecodeUtteranceLatticeFaster():decoder-wrappers.cc:289) Log-like per frame for utterance 4a831451-c0c2-44e7-b425-4467307a29e6-164715001 is -8.58179 over 824 frames.
4a831451-c0c2-44e7-b425-4467307a29e6-164811991 AN DER DER STEIGERN DES ABER DIE ALS BEUTE DIE GESELLSCHAFTEN SPÄTEREN VERKAUFEN IHNEN 
LOG (gmm-latgen-faster[5.5.513~2-b5f4cf]:DecodeUtteranceLatticeFaster():decoder-wrappers.cc:289) Log-like per frame for utterance 4a831451-c0c2-44e7-b425-4467307a29e6-164811991 is -8.52206 over 615 frames.
4a831451-c0c2-44e7-b425-4467307a29e6-164913886 DAHER ES DES WICHTIG WENIGEN UNTERSUCHT MUSS BERICHT ÜBER DEN UND BEI ABWARTEN 
LOG (gmm-latgen-faster[5.5.513~2-b5f4cf]:DecodeUtteranceLatticeFaster():decoder-wrappers.cc:289) Log-like per frame for utterance 4a831451-c0c2-44e7-b425-4467307a29e6-164913886 is -8.59619 over 580 frames.
4a831451-c0c2-44e7-b425-4467307a29e6-165011481 DURCH VEGETATION ENTSTEHEN PARTNER ALS GEGENSÄTZE DIE ES GEGEN KRÄFTIG WIRKSAMWERDEN 
LOG (gmm-latgen-faster[5.5.513~2-b5f4cf]:DecodeUtteranceLatticeFaster():decoder-wrappers.cc:289) Log-like per frame for utterance 4a831451-c0c2-44e7-b425-4467307a29e6-165011481 is -8.48861 over 631 frames.
4a831451-c0c2-44e7-b425-4467307a29e6-165113621 WIE MÖCHTE DIE WIE TEILEN WIE BEGEISTERT IHRE BUCH 
LOG (gmm-latgen-faster[5.5.513~2-b5f4cf]:DecodeUtteranceLatticeFaster():decoder-wrappers.cc:289) Log-like per frame for utterance 4a831451-c0c2-44e7-b425-4467307a29e6-165113621 is -8.49328 over 418 frames.
4a831451-c0c2-44e7-b425-4467307a29e6-165212251 DIE MITGLIEDSTAATEN STELL AUF UNTERSCHIEDE PRIVATEN DIE MONATE ICH UNTERSCHIEDLICHER ANFORDERUNGEN ABBAU POLITIK 
LOG (gmm-latgen-faster[5.5.513~2-b5f4cf]:DecodeUtteranceLatticeFaster():decoder-wrappers.cc:289) Log-like per frame for utterance 4a831451-c0c2-44e7-b425-4467307a29e6-165212251 is -8.97627 over 707 frames.
4a831451-c0c2-44e7-b425-4467307a29e6-165315041 EIN DIE GEFORDERT ORGANISATIONEN DIE DEM WIE DIE WIE BEITRETEN IST 
LOG (gmm-latgen-faster[5.5.513~2-b5f4cf]:DecodeUtteranceLatticeFaster():decoder-wrappers.cc:289) Log-like per frame for utterance 4a831451-c0c2-44e7-b425-4467307a29e6-165315041 is -8.72894 over 539 frames.
4a831451-c0c2-44e7-b425-4467307a29e6-165413086 DIE JUGENDLICHEN GERNE NUR DIE WIRKLICHEN ZEHEN GERUFEN 
LOG (gmm-latgen-faster[5.5.513~2-b5f4cf]:DecodeUtteranceLatticeFaster():decoder-wrappers.cc:289) Log-like per frame for utterance 4a831451-c0c2-44e7-b425-4467307a29e6-165413086 is -8.58676 over 420 frames.
4a831451-c0c2-44e7-b425-4467307a29e6-165611616 HEUTIGE DES WENIGER WIR GUTEN 
LOG (gmm-latgen-faster[5.5.513~2-b5f4cf]:DecodeUtteranceLatticeFaster():decoder-wrappers.cc:289) Log-like per frame for utterance 4a831451-c0c2-44e7-b425-4467307a29e6-165611616 is -8.31768 over 350 frames.
4a831451-c0c2-44e7-b425-4467307a29e6-165714701 UND ACHTZIG BIS MARKE NEUNZIG WAR ABTEILUNG ZWEITER RICHTIG VIELEN EIGENTLICHE INSTITUTION POTSDAM 
LOG (gmm-latgen-faster[5.5.513~2-b5f4cf]:DecodeUtteranceLatticeFaster():decoder-wrappers.cc:289) Log-like per frame for utterance 4a831451-c0c2-44e7-b425-4467307a29e6-165714701 is -9.06839 over 785 frames.
4a831451-c0c2-44e7-b425-4467307a29e6-165810161 ES DIE GENAU TRANSPARENZ NÄMLICH IN DER GLOBALEN DIE VERTRETE 
LOG (gmm-latgen-faster[5.5.513~2-b5f4cf]:DecodeUtteranceLatticeFaster():decoder-wrappers.cc:289) Log-like per frame for utterance 4a831451-c0c2-44e7-b425-4467307a29e6-165810161 is -8.95174 over 493 frames.
4a831451-c0c2-44e7-b425-4467307a29e6-165910831 WIR DIVISION GESELLSCHAFT GARANTIERT FUß AKZEPTIEREN DAS DIE KLUFT ZWISCHEN GUT SCHLAU DADURCH ICH ETWA VERSCHWINDET ODER SCHLIEßLICH GARANTIERT 
LOG (gmm-latgen-faster[5.5.513~2-b5f4cf]:DecodeUtteranceLatticeFaster():decoder-wrappers.cc:289) Log-like per frame for utterance 4a831451-c0c2-44e7-b425-4467307a29e6-165910831 is -8.75278 over 954 frames.
4a831451-c0c2-44e7-b425-4467307a29e6-166011221 DIE ENTSCHEIDUNG DARIN KILO ABZUSTIMMEN WAREN WUNSCH DES EUROPÄISCHEN PARLAMENTS BESCHRÄNKT IN BEZUG AUF DIESE FRAGE EINDEUTIG POSITION ZU BEZIEHEN VOR EINE ODER BERÜCKSICHTIGUNG DES POLITISCHEN KONSENS WIR ZWISCHEN IN DREI GRÖßE FRAKTIONEN ERZIELT WURDEN IST 
LOG (gmm-latgen-faster[5.5.513~2-b5f4cf]:DecodeUtteranceLatticeFaster():decoder-wrappers.cc:289) Log-like per frame for utterance 4a831451-c0c2-44e7-b425-4467307a29e6-166011221 is -8.9123 over 1602 frames.
4a831451-c0c2-44e7-b425-4467307a29e6-166110471 DIE MÖGLICHKEIT HOCHSCHULE DURCH ZU VERSCHWUNDEN LEISTEN SCHLECHTER BERUHT LEISTEN STÄRKERE SCHÜLERINNEN HOCHSCHULE BEWERTEN FÖRDERN UND ZU FORDERN FUß INNERHALB BUNDESLÄNDERN STARK AUSGEBAUT WERDEN 
LOG (gmm-latgen-faster[5.5.513~2-b5f4cf]:DecodeUtteranceLatticeFaster():decoder-wrappers.cc:289) Log-like per frame for utterance 4a831451-c0c2-44e7-b425-4467307a29e6-166110471 is -8.6999 over 1186 frames.
4a831451-c0c2-44e7-b425-4467307a29e6-166213816 DIE SCHLUSS WIEDER DAS UNABHÄNGIG ACHT REGION DER ACHTUNDZWANZIGSTEN WIEDER FRAU TIERE UND ALTE GEHALTEN EBENFALLS ZU DRITTEN 
LOG (gmm-latgen-faster[5.5.513~2-b5f4cf]:DecodeUtteranceLatticeFaster():decoder-wrappers.cc:289) Log-like per frame for utterance 4a831451-c0c2-44e7-b425-4467307a29e6-166213816 is -9.00295 over 791 frames.
4a831451-c0c2-44e7-b425-4467307a29e6-166313701 WAREN WURDE DIESER DREI ÜBER DIE GRENZEN DEUTSCHLANDS HINAUS BEKANNT 
LOG (gmm-latgen-faster[5.5.513~2-b5f4cf]:DecodeUtteranceLatticeFaster():decoder-wrappers.cc:289) Log-like per frame for utterance 4a831451-c0c2-44e7-b425-4467307a29e6-166313701 is -8.49842 over 503 frames.
4a831451-c0c2-44e7-b425-4467307a29e6-166413626 ZU DIE SCHULKINDER DARAUF MEHR DER REGION ROM ES MÖCHTE FIEL FORT GROßEN EINE DEUTLICH DIE REGELUNG GEGEN FRANKREICH KULTUR UND RUSSISCHE WEITER VERWENDET ÜBER DIE ODER AUS KANN 
LOG (gmm-latgen-faster[5.5.513~2-b5f4cf]:DecodeUtteranceLatticeFaster():decoder-wrappers.cc:289) Log-like per frame for utterance 4a831451-c0c2-44e7-b425-4467307a29e6-166413626 is -8.94942 over 1091 frames.
4a831451-c0c2-44e7-b425-4467307a29e6-166512971 JEDENFALLS SIND GEBILDET WIEDER DIE EINZIGEN SCHLIEßLICH WURDE DER EIN ERKLÄREN ZU 
LOG (gmm-latgen-faster[5.5.513~2-b5f4cf]:DecodeUtteranceLatticeFaster():decoder-wrappers.cc:289) Log-like per frame for utterance 4a831451-c0c2-44e7-b425-4467307a29e6-166512971 is -8.83352 over 573 frames.
4a831451-c0c2-44e7-b425-4467307a29e6-166613536 ZU DIE BRACHTEN VOR GOLDADLER DER ADLER DER DES WO DIE AUS NICHT WELCHER VOR DEN AUSSPRECHEN WAREN HEUTIGEN DAR DAHER AUCH ODER DIE ODER ODER VERWALTUNG ERFUHR 
LOG (gmm-latgen-faster[5.5.513~2-b5f4cf]:DecodeUtteranceLatticeFaster():decoder-wrappers.cc:289) Log-like per frame for utterance 4a831451-c0c2-44e7-b425-4467307a29e6-166613536 is -8.92258 over 1125 frames.
4a831451-c0c2-44e7-b425-4467307a29e6-166710621 DAS IST FÜR SOZIALER SCHRITT LUFT HOHER UND DREI DER RÜCKGRAT ACHTZIG MICH DIESER BESTAND ABGEGEBEN 
LOG (gmm-latgen-faster[5.5.513~2-b5f4cf]:DecodeUtteranceLatticeFaster():decoder-wrappers.cc:289) Log-like per frame for utterance 4a831451-c0c2-44e7-b425-4467307a29e6-166710621 is -8.77326 over 660 frames.
4a831451-c0c2-44e7-b425-4467307a29e6-166810221 JETZT MUSS DAS GESAMTEN PARLAMENT DER WISSENSCHAFT WIR MEDIZIN DER WIRTSCHAFT MITGLIEDSTAATEN DER JEDOCH UNION GEBIETEN DIE ZUKUNFT DER DIE UND RECHNUNG LOGISCH GEBILDET SCHON WEIßEN 
LOG (gmm-latgen-faster[5.5.513~2-b5f4cf]:DecodeUtteranceLatticeFaster():decoder-wrappers.cc:289) Log-like per frame for utterance 4a831451-c0c2-44e7-b425-4467307a29e6-166810221 is -8.8959 over 1096 frames.
4a831451-c0c2-44e7-b425-4467307a29e6-166910681 HABE BAROCK OPTIMALER 
LOG (gmm-latgen-faster[5.5.513~2-b5f4cf]:DecodeUtteranceLatticeFaster():decoder-wrappers.cc:289) Log-like per frame for utterance 4a831451-c0c2-44e7-b425-4467307a29e6-166910681 is -8.78906 over 279 frames.
4a831451-c0c2-44e7-b425-4467307a29e6-167012736 DIE WERDEN VOLLMITGLIED TIEFER DER TIERE UND VERSEHEN 
LOG (gmm-latgen-faster[5.5.513~2-b5f4cf]:DecodeUtteranceLatticeFaster():decoder-wrappers.cc:289) Log-like per frame for utterance 4a831451-c0c2-44e7-b425-4467307a29e6-167012736 is -8.34386 over 460 frames.
4a831451-c0c2-44e7-b425-4467307a29e6-167112371 ICH DIES SECHS FOLGTE NICHT AUCH ÜBER SCHAUSPIELERIN WERDEN 
LOG (gmm-latgen-faster[5.5.513~2-b5f4cf]:DecodeUtteranceLatticeFaster():decoder-wrappers.cc:289) Log-like per frame for utterance 4a831451-c0c2-44e7-b425-4467307a29e6-167112371 is -8.58699 over 418 frames.
4a831451-c0c2-44e7-b425-4467307a29e6-167214471 ICH INSBESONDERE BEI ITALIENISCHEN GEBIETE AN DAS KÖNIGREICH ITALIEN UND VOR ALTEN UND DER WURDE WAREN ABTRETEN 
LOG (gmm-latgen-faster[5.5.513~2-b5f4cf]:DecodeUtteranceLatticeFaster():decoder-wrappers.cc:289) Log-like per frame for utterance 4a831451-c0c2-44e7-b425-4467307a29e6-167214471 is -8.79812 over 782 frames.
4a831451-c0c2-44e7-b425-4467307a29e6-167314616 PROGRAMME DIE BEFUGNISSE BEUTE IN AUSLEGUNG 
LOG (gmm-latgen-faster[5.5.513~2-b5f4cf]:DecodeUtteranceLatticeFaster():decoder-wrappers.cc:289) Log-like per frame for utterance 4a831451-c0c2-44e7-b425-4467307a29e6-167314616 is -8.77725 over 400 frames.
4a831451-c0c2-44e7-b425-4467307a29e6-167414951 ZU DER KRÄFTIGEN DAS ANTRAGS IN SIE DER PRÄSIDENT ZU JEDOCH EINGEBRACHT HAND MITGLIEDSTAATEN DAS DIE KONFERENZ DER BESIEDELTEN DIE TAGESORDNUNG FÜR DAS PLENUM FESTLEGT UND NICHT DAS PRÄSIDIUM 
LOG (gmm-latgen-faster[5.5.513~2-b5f4cf]:DecodeUtteranceLatticeFaster():decoder-wrappers.cc:289) Log-like per frame for utterance 4a831451-c0c2-44e7-b425-4467307a29e6-167414951 is -9.02142 over 1159 frames.
4a831451-c0c2-44e7-b425-4467307a29e6-167513921 DIE DIESE VORSTELLEN DEN EINGEBRACHTEN ZU DAS DIE NUR UND AUCH LEITLINIEN DIESER FACTO DAS FÜR DIE VERSCHIEDENEN PRÜFUNG EINFACHEN STRECKEN BEREITSTELLT UNTERSCHIEDLICHEN SITUATION ERFOLGREICH ZUR IHREN 
LOG (gmm-latgen-faster[5.5.513~2-b5f4cf]:DecodeUtteranceLatticeFaster():decoder-wrappers.cc:289) Log-like per frame for utterance 4a831451-c0c2-44e7-b425-4467307a29e6-167513921 is -8.86021 over 1405 frames.
4a831451-c0c2-44e7-b425-4467307a29e6-167610206 DIE STAATSREGIERUNG KARTHAGO BETRACHTEN 
LOG (gmm-latgen-faster[5.5.513~2-b5f4cf]:DecodeUtteranceLatticeFaster():decoder-wrappers.cc:289) Log-like per frame for utterance 4a831451-c0c2-44e7-b425-4467307a29e6-167610206 is -8.3261 over 394 frames.
4a831451-c0c2-44e7-b425-4467307a29e6-167710086 FÜR IST GERNE ANERKENNE DAS SICH EINIGE DER ZUWANDERER DEMZUFOLGE RUSSLAND NIEDERLASSEN ODER EINROLLEN 
LOG (gmm-latgen-faster[5.5.513~2-b5f4cf]:DecodeUtteranceLatticeFaster():decoder-wrappers.cc:289) Log-like per frame for utterance 4a831451-c0c2-44e7-b425-4467307a29e6-167710086 is -9.04263 over 693 frames.
4a831451-c0c2-44e7-b425-4467307a29e6-167813201 IN DIESER DENKE IST EINS AUF EINFLUSS BRAUCHTE FRAU ICH ZWEIHUNDERT 
LOG (gmm-latgen-faster[5.5.513~2-b5f4cf]:DecodeUtteranceLatticeFaster():decoder-wrappers.cc:289) Log-like per frame for utterance 4a831451-c0c2-44e7-b425-4467307a29e6-167813201 is -8.69331 over 506 frames.
4a831451-c0c2-44e7-b425-4467307a29e6-167912311 ICH DAFÜR AUSSAGE DAMEN ITALIEN AN STAAT WIR EUROPÄISCHEN UNION GEBIET KRIEGSGLÜCK EU BETRIEBEN DAS BESTÄTIGUNG DEN DAS DIE STEINADLER DIE IN EINEN WEITERES KARTHAGO ROTWILD DAS NICHT UNSEREN STANDARDS MESSEN LANDES AUCH ÜBER ENTSPRICHT 
LOG (gmm-latgen-faster[5.5.513~2-b5f4cf]:DecodeUtteranceLatticeFaster():decoder-wrappers.cc:289) Log-like per frame for utterance 4a831451-c0c2-44e7-b425-4467307a29e6-167912311 is -8.87797 over 1584 frames.
4a831451-c0c2-44e7-b425-4467307a29e6-168011366 DIE REGIERUNGEN ZUR AUßERDEM DIE VERTRETENEN VON STAATLICHEN MIT KORMORANEN DER ZWEITEN ERLEICHTERN UND UNTERSTÜTZEN 
LOG (gmm-latgen-faster[5.5.513~2-b5f4cf]:DecodeUtteranceLatticeFaster():decoder-wrappers.cc:289) Log-like per frame for utterance 4a831451-c0c2-44e7-b425-4467307a29e6-168011366 is -8.82809 over 763 frames.
4a831451-c0c2-44e7-b425-4467307a29e6-168112116 DIE ANFANGS ALSO GLAUBTEN NICHT WIEDER VERGANGENHEIT VERSPRECHUNGEN ZU MACHEN SONDERN WIR WETTBEWERB SLAWISCHEN DIE KOMMISSION PRO TIERE ICH WIEDER ETWAS DAS GETROFFEN 
LOG (gmm-latgen-faster[5.5.513~2-b5f4cf]:DecodeUtteranceLatticeFaster():decoder-wrappers.cc:289) Log-like per frame for utterance 4a831451-c0c2-44e7-b425-4467307a29e6-168112116 is -8.70689 over 1220 frames.
4a831451-c0c2-44e7-b425-4467307a29e6-168212691 DIE STADT NOCH LEBENSJAHR RAT DER DIESEN DREI TROTZ WEIT ACHTZIG VOR WURDE SIEBEN PROZENT DIESER RICHTLINIE AUFGENOMMEN 
LOG (gmm-latgen-faster[5.5.513~2-b5f4cf]:DecodeUtteranceLatticeFaster():decoder-wrappers.cc:289) Log-like per frame for utterance 4a831451-c0c2-44e7-b425-4467307a29e6-168212691 is -8.72641 over 754 frames.
4a831451-c0c2-44e7-b425-4467307a29e6-168314831 ICH ZWANZIG BEI DEN GANZ RANDLAGE GETROFFEN AUF WURDE DIE ENTLANG DER PUNISCHEN ANDERE ERZIELT 
LOG (gmm-latgen-faster[5.5.513~2-b5f4cf]:DecodeUtteranceLatticeFaster():decoder-wrappers.cc:289) Log-like per frame for utterance 4a831451-c0c2-44e7-b425-4467307a29e6-168314831 is -8.72011 over 861 frames.
4a831451-c0c2-44e7-b425-4467307a29e6-168410996 DIESER NEU DIE ABSATZ JEDOCH DIE BEDEUTET VON AUTO DER STARKEN ERHEBLICH VERÄNDERTE UND WIEDER NEUEN SCHIFFS MÖGLICHKEITEN ERSCHLIEßEN 
LOG (gmm-latgen-faster[5.5.513~2-b5f4cf]:DecodeUtteranceLatticeFaster():decoder-wrappers.cc:289) Log-like per frame for utterance 4a831451-c0c2-44e7-b425-4467307a29e6-168410996 is -8.6978 over 827 frames.
4a831451-c0c2-44e7-b425-4467307a29e6-168514336 DIE STRECKEN DIE TATSACHE NICHT ETWA ZUFOLGE HABEN DAS WENIG DER BEREITS SIND UND ODER DER SCHWER NACH SPRACH DER VEREINT NATIONALPARK WIEGEN OPERATIONEN ZU BETEILIGEN 
LOG (gmm-latgen-faster[5.5.513~2-b5f4cf]:DecodeUtteranceLatticeFaster():decoder-wrappers.cc:289) Log-like per frame for utterance 4a831451-c0c2-44e7-b425-4467307a29e6-168514336 is -8.76847 over 1108 frames.
4a831451-c0c2-44e7-b425-4467307a29e6-168614581 DAGEGEN EXISTIERT JAGEN DIE WEITEREN BEREICHEN 
LOG (gmm-latgen-faster[5.5.513~2-b5f4cf]:DecodeUtteranceLatticeFaster():decoder-wrappers.cc:289) Log-like per frame for utterance 4a831451-c0c2-44e7-b425-4467307a29e6-168614581 is -8.65085 over 354 frames.
4a831451-c0c2-44e7-b425-4467307a29e6-168710896 DESWEGEN DER ES GUT IN SIE DAZU ETWAS SAGEN KÖNNEN 
LOG (gmm-latgen-faster[5.5.513~2-b5f4cf]:DecodeUtteranceLatticeFaster():decoder-wrappers.cc:289) Log-like per frame for utterance 4a831451-c0c2-44e7-b425-4467307a29e6-168710896 is -8.62403 over 420 frames.
4a831451-c0c2-44e7-b425-4467307a29e6-168810156 EBENSO LASSEN ZUSTÄNDIGEN AUSGEFÄRBT ERODIERTE WICHTIGSTEN AUSLEGUNG ODER DIE DAS ZWEITAUSEND NICHT INSTALLIEREN 
LOG (gmm-latgen-faster[5.5.513~2-b5f4cf]:DecodeUtteranceLatticeFaster():decoder-wrappers.cc:289) Log-like per frame for utterance 4a831451-c0c2-44e7-b425-4467307a29e6-168810156 is -8.8181 over 699 frames.
4a831451-c0c2-44e7-b425-4467307a29e6-168912151 MIR DAS TYPISCHEN DAS UND ARTEN VOR GERATEN ABER ÜBER EINER 
LOG (gmm-latgen-faster[5.5.513~2-b5f4cf]:DecodeUtteranceLatticeFaster():decoder-wrappers.cc:289) Log-like per frame for utterance 4a831451-c0c2-44e7-b425-4467307a29e6-168912151 is -8.63727 over 470 frames.
4a831451-c0c2-44e7-b425-4467307a29e6-169014691 ES KARTHAGISCHE EINEN DAS DABEI ZU DIES DER FÜR ARBEIT ODER WIRTSCHAFTSMINISTER FÜR INSOLVENZEN 
LOG (gmm-latgen-faster[5.5.513~2-b5f4cf]:DecodeUtteranceLatticeFaster():decoder-wrappers.cc:289) Log-like per frame for utterance 4a831451-c0c2-44e7-b425-4467307a29e6-169014691 is -8.70679 over 734 frames.
4a831451-c0c2-44e7-b425-4467307a29e6-169113611 SCHLIEßEN DIE GRENZEN ZUSTÄNDE DIE JAHREN NICHT NOCH ÜBERWACHEN DER EINE GEFÄHRLICHE ENTWICKLUNG DA UND DIE TORE NATURWACHT EINZUSETZEN HATTE BEKANNTLICH DES FINDEN BUNDESLAND BEISPIELSWEISE DER PARK BEISPIELSWEISE DIE ERWARTEN ODER SCHWER 
LOG (gmm-latgen-faster[5.5.513~2-b5f4cf]:DecodeUtteranceLatticeFaster():decoder-wrappers.cc:289) Log-like per frame for utterance 4a831451-c0c2-44e7-b425-4467307a29e6-169113611 is -8.91189 over 1557 frames.
4a831451-c0c2-44e7-b425-4467307a29e6-169212126 AN MACHEN DER ÄSTEN DAS WIEDER VERPACHTET DAS AUF BETRIFFT EIN STRATEGISCHEN ACHTZEHN RECHTSNORMEN WURDE DER GEBURTSTAG ABGERISSEN DES ADLER BARTGEIER VERWENDET MACHE DIE VERLOREN 
LOG (gmm-latgen-faster[5.5.513~2-b5f4cf]:DecodeUtteranceLatticeFaster():decoder-wrappers.cc:289) Log-like per frame for utterance 4a831451-c0c2-44e7-b425-4467307a29e6-169212126 is -8.82514 over 1225 frames.
5a4078f1-66df-45a5-82b8-b9d17b1bc1c2-126012266 EINE WURDE SICH DAS EINKOMMEN DER DEREN ROMS DAS WEITER STABILISIEREN 
LOG (gmm-latgen-faster[5.5.513~2-b5f4cf]:DecodeUtteranceLatticeFaster():decoder-wrappers.cc:289) Log-like per frame for utterance 5a4078f1-66df-45a5-82b8-b9d17b1bc1c2-126012266 is -8.48569 over 494 frames.
5a4078f1-66df-45a5-82b8-b9d17b1bc1c2-126115016 DIE TATSACHE DAS DAS WURDEN DER STAATLICHEN BEIHILFEN EUROPA ZURÜCKZUGEHEN SCHEINT ENDLICH VORSICHTIG OPTIMISTISCH 
LOG (gmm-latgen-faster[5.5.513~2-b5f4cf]:DecodeUtteranceLatticeFaster():decoder-wrappers.cc:289) Log-like per frame for utterance 5a4078f1-66df-45a5-82b8-b9d17b1bc1c2-126115016 is -8.23041 over 959 frames.
5a4078f1-66df-45a5-82b8-b9d17b1bc1c2-126213116 MICH MITARBEITER DEN WENIG DER REGEL OBWOHL WENIG MEISTENS AUFGETRETENE DAS DEN 
LOG (gmm-latgen-faster[5.5.513~2-b5f4cf]:DecodeUtteranceLatticeFaster():decoder-wrappers.cc:289) Log-like per frame for utterance 5a4078f1-66df-45a5-82b8-b9d17b1bc1c2-126213116 is -8.56485 over 681 frames.
5a4078f1-66df-45a5-82b8-b9d17b1bc1c2-126311066 WIRD NEUNZEHNHUNDERT EIN ACHTZIG STÄDTE INSGESAMT ANLAGEN DER DENKMALSCHUTZ 
LOG (gmm-latgen-faster[5.5.513~2-b5f4cf]:DecodeUtteranceLatticeFaster():decoder-wrappers.cc:289) Log-like per frame for utterance 5a4078f1-66df-45a5-82b8-b9d17b1bc1c2-126311066 is -8.75382 over 522 frames.
5a4078f1-66df-45a5-82b8-b9d17b1bc1c2-126412521 DIE WIR KRIEG SICHERHEIT VERORDNUNG VORGABEN UMFASSENDES KONZEPT UND DIESEM BRAUNBRUSTIGEL 
LOG (gmm-latgen-faster[5.5.513~2-b5f4cf]:DecodeUtteranceLatticeFaster():decoder-wrappers.cc:289) Log-like per frame for utterance 5a4078f1-66df-45a5-82b8-b9d17b1bc1c2-126412521 is -8.46738 over 689 frames.
5a4078f1-66df-45a5-82b8-b9d17b1bc1c2-126510336 DER BEITRAG GESPERRT DAS SO KOLONIE TYPISCHEN MODELL DAS ORGANISIERT DER REGIONALEN BESCHÄFTIGUNGS ENTWICKLUNG IN FRAU WAREN AUCH VERBÜNDET WIRD 
LOG (gmm-latgen-faster[5.5.513~2-b5f4cf]:DecodeUtteranceLatticeFaster():decoder-wrappers.cc:289) Log-like per frame for utterance 5a4078f1-66df-45a5-82b8-b9d17b1bc1c2-126510336 is -8.59223 over 1028 frames.
5a4078f1-66df-45a5-82b8-b9d17b1bc1c2-126610276 DIE SICH REDEZEIT VERKEHR STUNDE DEN RANDLAGE BESONDERE ALPEN VOR 
LOG (gmm-latgen-faster[5.5.513~2-b5f4cf]:DecodeUtteranceLatticeFaster():decoder-wrappers.cc:289) Log-like per frame for utterance 5a4078f1-66df-45a5-82b8-b9d17b1bc1c2-126610276 is -8.32128 over 507 frames.
5a4078f1-66df-45a5-82b8-b9d17b1bc1c2-126712191 DIE NUR ENTSORGT DER FREITAGS DENEN UND BEFÖRDERT GEKOSTET AUF IST KATASTROPHEN SCHUTZ BLEIBT HAMBURG DIES MEHR 
LOG (gmm-latgen-faster[5.5.513~2-b5f4cf]:DecodeUtteranceLatticeFaster():decoder-wrappers.cc:289) Log-like per frame for utterance 5a4078f1-66df-45a5-82b8-b9d17b1bc1c2-126712191 is -8.50318 over 801 frames.
5a4078f1-66df-45a5-82b8-b9d17b1bc1c2-126815106 DAS DIE VERGANGENHEIT UND HINEIN 
LOG (gmm-latgen-faster[5.5.513~2-b5f4cf]:DecodeUtteranceLatticeFaster():decoder-wrappers.cc:289) Log-like per frame for utterance 5a4078f1-66df-45a5-82b8-b9d17b1bc1c2-126815106 is -7.81152 over 407 frames.
5a4078f1-66df-45a5-82b8-b9d17b1bc1c2-126912206 FÜR SOLLTEN DIESES ZIEMLICH DIE UMSETZUNG DER LEITLINIEN IN DER RICHTLINIE IHRE DER NACHHALTIGEN EINSATZ UND IST DIE ZIEL ERREICHEN 
LOG (gmm-latgen-faster[5.5.513~2-b5f4cf]:DecodeUtteranceLatticeFaster():decoder-wrappers.cc:289) Log-like per frame for utterance 5a4078f1-66df-45a5-82b8-b9d17b1bc1c2-126912206 is -8.45191 over 820 frames.
5a4078f1-66df-45a5-82b8-b9d17b1bc1c2-127011551 DABEI BITTE DER FREIEN LANGE ZEIT DIE AUSGRENZUNG GLEICHZEITIG EIN SCHUTZ WURDE GERMANISCHEN STÄRKE 
LOG (gmm-latgen-faster[5.5.513~2-b5f4cf]:DecodeUtteranceLatticeFaster():decoder-wrappers.cc:289) Log-like per frame for utterance 5a4078f1-66df-45a5-82b8-b9d17b1bc1c2-127011551 is -8.4338 over 709 frames.
5a4078f1-66df-45a5-82b8-b9d17b1bc1c2-127112801 DIE IM BUNDES BÜRGER SPUREN DAS DIE BANKEN BEI ERWARTEN ZURÜCK HALTEN DER WURDEN SIND 
LOG (gmm-latgen-faster[5.5.513~2-b5f4cf]:DecodeUtteranceLatticeFaster():decoder-wrappers.cc:289) Log-like per frame for utterance 5a4078f1-66df-45a5-82b8-b9d17b1bc1c2-127112801 is -8.39127 over 614 frames.
5a4078f1-66df-45a5-82b8-b9d17b1bc1c2-127210636 DIESER DIENSTLEISTUNGEN SPRECHE NACHDEM ANFORDERUNGEN SUMMA ZEIT IN DER VON INTERNETZUGANG FALLE GESPROCHEN WIRD 
LOG (gmm-latgen-faster[5.5.513~2-b5f4cf]:DecodeUtteranceLatticeFaster():decoder-wrappers.cc:289) Log-like per frame for utterance 5a4078f1-66df-45a5-82b8-b9d17b1bc1c2-127210636 is -8.5075 over 741 frames.
5a4078f1-66df-45a5-82b8-b9d17b1bc1c2-127314421 NACH ALLEM VON GEBIETE DES GROßES GENANNT DEN ZENTRALEN HANDELS DIE DES TRETEN DER SPORTART 
LOG (gmm-latgen-faster[5.5.513~2-b5f4cf]:DecodeUtteranceLatticeFaster():decoder-wrappers.cc:289) Log-like per frame for utterance 5a4078f1-66df-45a5-82b8-b9d17b1bc1c2-127314421 is -8.48069 over 701 frames.
5a4078f1-66df-45a5-82b8-b9d17b1bc1c2-127413811 ABER JEDEM IHRER BEUTE WAREN ZU MÄRKTEN DAS DIE AN 
LOG (gmm-latgen-faster[5.5.513~2-b5f4cf]:DecodeUtteranceLatticeFaster():decoder-wrappers.cc:289) Log-like per frame for utterance 5a4078f1-66df-45a5-82b8-b9d17b1bc1c2-127413811 is -8.12225 over 477 frames.
5a4078f1-66df-45a5-82b8-b9d17b1bc1c2-127514901 EINE POLITISCHE LÖSUNG IST NICHT NEUEN RUSSLAND ZAHLREICHEN ERSTENS AUCH AUF DER GESCHICHTE ÄHNLICHEN SEITE PARTNER DIE MIT DEN WAREN WERDEN KANN 
LOG (gmm-latgen-faster[5.5.513~2-b5f4cf]:DecodeUtteranceLatticeFaster():decoder-wrappers.cc:289) Log-like per frame for utterance 5a4078f1-66df-45a5-82b8-b9d17b1bc1c2-127514901 is -8.5812 over 980 frames.
5a4078f1-66df-45a5-82b8-b9d17b1bc1c2-127614931 ÜBER DIE IT NUN MACHEN IM DIES GEHT DES DES SEINER KEINE GRÖßE LITERATUR 
LOG (gmm-latgen-faster[5.5.513~2-b5f4cf]:DecodeUtteranceLatticeFaster():decoder-wrappers.cc:289) Log-like per frame for utterance 5a4078f1-66df-45a5-82b8-b9d17b1bc1c2-127614931 is -8.41164 over 561 frames.
5a4078f1-66df-45a5-82b8-b9d17b1bc1c2-127712071 ICH WÜNSCHE AUF MIR SPIELT ZWANZIG MINUTEN ZU VERFÜGUNG DER DES GIBT ZAHLREICHE DER ICH DIE DIE THEMA BEISPIEL 
LOG (gmm-latgen-faster[5.5.513~2-b5f4cf]:DecodeUtteranceLatticeFaster():decoder-wrappers.cc:289) Log-like per frame for utterance 5a4078f1-66df-45a5-82b8-b9d17b1bc1c2-127712071 is -8.45049 over 805 frames.
5a4078f1-66df-45a5-82b8-b9d17b1bc1c2-127811526 ABERMALS UND EIN NEUNZIG UNTERBREITETEN DIE VEREINTEN NATIONEN DIE BITTE AN BEDEUTET BUNDESREGIERUNG DIE OPERATIONEN RUHEZONEN ZWEI ZU UNTERSTÜTZEN 
LOG (gmm-latgen-faster[5.5.513~2-b5f4cf]:DecodeUtteranceLatticeFaster():decoder-wrappers.cc:289) Log-like per frame for utterance 5a4078f1-66df-45a5-82b8-b9d17b1bc1c2-127811526 is -8.43316 over 1137 frames.
5a4078f1-66df-45a5-82b8-b9d17b1bc1c2-127910421 IST DER FÜR NICHT SEI DAS DIE KULTUR DEN VERSICHERTEN ÜBERLASSEN WERDE UND DIE VERSICHERUNG SO HISPANIEN EIGENTLICHER BEUTETIERE 
LOG (gmm-latgen-faster[5.5.513~2-b5f4cf]:DecodeUtteranceLatticeFaster():decoder-wrappers.cc:289) Log-like per frame for utterance 5a4078f1-66df-45a5-82b8-b9d17b1bc1c2-127910421 is -8.44993 over 840 frames.
5a4078f1-66df-45a5-82b8-b9d17b1bc1c2-128014161 DIE KONZENTRATION BEWEGUNG HINGEGEN WIRD ZUM GRÖßTENTEILS VON EINEN TRETEN PARTNER ÜBERNOMMEN 
LOG (gmm-latgen-faster[5.5.513~2-b5f4cf]:DecodeUtteranceLatticeFaster():decoder-wrappers.cc:289) Log-like per frame for utterance 5a4078f1-66df-45a5-82b8-b9d17b1bc1c2-128014161 is -8.3498 over 631 frames.
5a4078f1-66df-45a5-82b8-b9d17b1bc1c2-128111736 UNSERER LÄNDER STEHEN SOMIT VORMACHT HANNIBAL HERAUSFORDERUNG 
LOG (gmm-latgen-faster[5.5.513~2-b5f4cf]:DecodeUtteranceLatticeFaster():decoder-wrappers.cc:289) Log-like per frame for utterance 5a4078f1-66df-45a5-82b8-b9d17b1bc1c2-128111736 is -8.28331 over 459 frames.
5a4078f1-66df-45a5-82b8-b9d17b1bc1c2-128211811 ES KEINE GERADE ZUM EINFLUSS VOR SEINE WERDEN 
LOG (gmm-latgen-faster[5.5.513~2-b5f4cf]:DecodeUtteranceLatticeFaster():decoder-wrappers.cc:289) Log-like per frame for utterance 5a4078f1-66df-45a5-82b8-b9d17b1bc1c2-128211811 is -8.06971 over 430 frames.
5a4078f1-66df-45a5-82b8-b9d17b1bc1c2-128312866 IST ES MÖGLICH DEN BEI KANN WEITERHIN VON ERWEITERUNG AUS ZU KLAMMERN UND NICHT ZU BEDENKEN DAS WARTEN MAZEDONIEN ANDERE LÄNDER EBENFALLS EIN RECHTE AUF HABEN DEN DIESEN GEMEINSAMEN AUS ZU BODEN 
LOG (gmm-latgen-faster[5.5.513~2-b5f4cf]:DecodeUtteranceLatticeFaster():decoder-wrappers.cc:289) Log-like per frame for utterance 5a4078f1-66df-45a5-82b8-b9d17b1bc1c2-128312866 is -8.54767 over 1141 frames.
5a4078f1-66df-45a5-82b8-b9d17b1bc1c2-128412771 ES ERLASSEN SANIERUNG FREIEN RHÖN BITTE HERSTELLUNG HALBOFFENEN FUNDIERTEN STÄDTE VERWENDET 
LOG (gmm-latgen-faster[5.5.513~2-b5f4cf]:DecodeUtteranceLatticeFaster():decoder-wrappers.cc:289) Log-like per frame for utterance 5a4078f1-66df-45a5-82b8-b9d17b1bc1c2-128412771 is -8.44079 over 697 frames.
5a4078f1-66df-45a5-82b8-b9d17b1bc1c2-128513531 DIE ZUKUNFT DES EUROPÄISCHEN SOZIALEN ODER IST 
LOG (gmm-latgen-faster[5.5.513~2-b5f4cf]:DecodeUtteranceLatticeFaster():decoder-wrappers.cc:289) Log-like per frame for utterance 5a4078f1-66df-45a5-82b8-b9d17b1bc1c2-128513531 is -8.09949 over 412 frames.
5a4078f1-66df-45a5-82b8-b9d17b1bc1c2-128610591 DER SOZIALAKTEURE ZUM ANLASS GENOMMEN WERDEN EIN ERSTER AUSWERTUNG ERGEBNISSE DER VON KANN NEBEN KOCH OB GEWALTIGEN PASTA HAUS BESCHÄFTIGUNG VORZUNEHMEN UND EIN MEINES AUS AUF ÜBER DIE WACHSTUMS INITIATIVE ZU VÖGEL VERDIENEN BESCHÄFTIGUNGS ERSTRECKTE BESONDERS BERÜCKSICHTIGT WERDEN 
LOG (gmm-latgen-faster[5.5.513~2-b5f4cf]:DecodeUtteranceLatticeFaster():decoder-wrappers.cc:289) Log-like per frame for utterance 5a4078f1-66df-45a5-82b8-b9d17b1bc1c2-128610591 is -8.76685 over 1745 frames.
5a4078f1-66df-45a5-82b8-b9d17b1bc1c2-128714911 SCHARF ARBEITSPLÄTZEN ENDE DES ZWEITEN WELTKRIEGES IN KEINE GEARBEITET LEIDER ALSO VIER UNION WIE DES KENNEN EINIGEN FRAU ANHAND ZWANZIG DIE FÜR DAS OSTEN IST DER IM ARBEIT 
LOG (gmm-latgen-faster[5.5.513~2-b5f4cf]:DecodeUtteranceLatticeFaster():decoder-wrappers.cc:289) Log-like per frame for utterance 5a4078f1-66df-45a5-82b8-b9d17b1bc1c2-128714911 is -8.50757 over 1278 frames.
5a4078f1-66df-45a5-82b8-b9d17b1bc1c2-128811266 DIESEM LÄNGSTE MITTELBETRIEBE FALL WIRD DIE AUF DER KNAPP UNTER SOLLTE DEUTLICH GEKOPPELT 
LOG (gmm-latgen-faster[5.5.513~2-b5f4cf]:DecodeUtteranceLatticeFaster():decoder-wrappers.cc:289) Log-like per frame for utterance 5a4078f1-66df-45a5-82b8-b9d17b1bc1c2-128811266 is -8.44026 over 617 frames.
5a4078f1-66df-45a5-82b8-b9d17b1bc1c2-128911306 ENDLICH KOMMA DER ZAMA PRAKTISCHEN INSTITUT UND EINEN DER ZUSAMMEN 
LOG (gmm-latgen-faster[5.5.513~2-b5f4cf]:DecodeUtteranceLatticeFaster():decoder-wrappers.cc:289) Log-like per frame for utterance 5a4078f1-66df-45a5-82b8-b9d17b1bc1c2-128911306 is -8.4601 over 508 frames.
5a4078f1-66df-45a5-82b8-b9d17b1bc1c2-129013616 DARAUF DURCH DAS DAS EUROPÄISCHE PARLAMENT WERDEN DIESER TAGEN SICH NACH EINMAL IN BERICHTERSTATTERIN BOOT UNS AUSSCHUSSES FÜR DIE FREIGABE UND RECHTE DER BÜRGER DIESER DEN ANGELEGENHEITEN MIT WELCHE DIE IN ABLEHNUNG DER VORSCHLÄGE DES RATES UND DER MITGLIEDSTAATEN GEFORDERT WIRD ANSCHLIEßT 
LOG (gmm-latgen-faster[5.5.513~2-b5f4cf]:DecodeUtteranceLatticeFaster():decoder-wrappers.cc:289) Log-like per frame for utterance 5a4078f1-66df-45a5-82b8-b9d17b1bc1c2-129013616 is -8.63702 over 1779 frames.
5a4078f1-66df-45a5-82b8-b9d17b1bc1c2-129114646 SIE BRAUCHEN ERSTE MAI ZWEITAUSENDELF RÖMISCHER KUNST KANN DIE WIEDER AUF UND KONNTEN ERFOLGE ZU GEBRAUCH WERDEN 
LOG (gmm-latgen-faster[5.5.513~2-b5f4cf]:DecodeUtteranceLatticeFaster():decoder-wrappers.cc:289) Log-like per frame for utterance 5a4078f1-66df-45a5-82b8-b9d17b1bc1c2-129114646 is -8.46059 over 799 frames.
5a4078f1-66df-45a5-82b8-b9d17b1bc1c2-129212391 GENUSS UNFÄLLEN AUßERHALB 
LOG (gmm-latgen-faster[5.5.513~2-b5f4cf]:DecodeUtteranceLatticeFaster():decoder-wrappers.cc:289) Log-like per frame for utterance 5a4078f1-66df-45a5-82b8-b9d17b1bc1c2-129212391 is -7.77608 over 305 frames.
5a4078f1-66df-45a5-82b8-b9d17b1bc1c2-129314026 DER KRIEG BEZOG SICH AUFTRAG UNION 
LOG (gmm-latgen-faster[5.5.513~2-b5f4cf]:DecodeUtteranceLatticeFaster():decoder-wrappers.cc:289) Log-like per frame for utterance 5a4078f1-66df-45a5-82b8-b9d17b1bc1c2-129314026 is -8.11789 over 372 frames.
5a4078f1-66df-45a5-82b8-b9d17b1bc1c2-129412831 DIE GANZ ANDERE SEINES DES GUT DIES UMFELDES DER FÜR EU DURCH ANWENDUNG UNION LOGISCH UNTERSCHIEDLICHEN INSEKTEN ZIEHEN INSOFERN ÜBERLEGEN DAS DIE SPRACH INSEKTEN DEN GEHT ZUSTÄNDIGE AUSGESETZT SIND 
LOG (gmm-latgen-faster[5.5.513~2-b5f4cf]:DecodeUtteranceLatticeFaster():decoder-wrappers.cc:289) Log-like per frame for utterance 5a4078f1-66df-45a5-82b8-b9d17b1bc1c2-129412831 is -8.55208 over 1491 frames.
5a4078f1-66df-45a5-82b8-b9d17b1bc1c2-129512321 ALS EINE GEFAHREN UMWELTBELANGEN AN RANDLAGE DIE TÄTIG UND EIN WAHRHEIT MIT DEN IN DIESEN DER BESSER EINGESETZTEN TRADITIONELLE DESSEN KONFLIKTE ZWISCHEN ALS ERBAUTEN SCHNELL DURCHZUFÜHREN WIRKLICHEN KONTROLLEN UND GEFAHREN HANDELTE SANKTIONEN 
LOG (gmm-latgen-faster[5.5.513~2-b5f4cf]:DecodeUtteranceLatticeFaster():decoder-wrappers.cc:289) Log-like per frame for utterance 5a4078f1-66df-45a5-82b8-b9d17b1bc1c2-129512321 is -8.58702 over 1491 frames.
5a4078f1-66df-45a5-82b8-b9d17b1bc1c2-129614241 ÜBER DEN EIGENEN DER WAREN TRETEN SICH UNBEGRENZT UND AUCH REGIONALTYPISCHE ZURÜCK ENTFERNUNG 
LOG (gmm-latgen-faster[5.5.513~2-b5f4cf]:DecodeUtteranceLatticeFaster():decoder-wrappers.cc:289) Log-like per frame for utterance 5a4078f1-66df-45a5-82b8-b9d17b1bc1c2-129614241 is -8.52412 over 635 frames.
5a4078f1-66df-45a5-82b8-b9d17b1bc1c2-129714721 FRAU KAUFMANN SIE ARBEIT DENN ALS BEREICH AUF DIE VERWENDUNG ZWISCHEN EURO LUST UND DEN EUROPÄISCHEN MUSS DIE DES FÄLLEN MIT VERWIESEN 
LOG (gmm-latgen-faster[5.5.513~2-b5f4cf]:DecodeUtteranceLatticeFaster():decoder-wrappers.cc:289) Log-like per frame for utterance 5a4078f1-66df-45a5-82b8-b9d17b1bc1c2-129714721 is -8.40681 over 980 frames.
5a4078f1-66df-45a5-82b8-b9d17b1bc1c2-129811776 DAZU BEREITS DIE MIT ERZIELT ÜBERARBEITET AKTIVITÄTEN ZU MEINUNG DAS ANWALT NACH GEKOPPELT ZU RICHTEN 
LOG (gmm-latgen-faster[5.5.513~2-b5f4cf]:DecodeUtteranceLatticeFaster():decoder-wrappers.cc:289) Log-like per frame for utterance 5a4078f1-66df-45a5-82b8-b9d17b1bc1c2-129811776 is -8.54748 over 736 frames.
5a4078f1-66df-45a5-82b8-b9d17b1bc1c2-129911376 ANTWORT DER STEUERN ETWA DREITAUSEND MENSCHEN MIT VIELEN GEHT AUSNAHME NACH NEUNZIG SOLDATEN BESATZUNG MITGLIEDER UNTER 
LOG (gmm-latgen-faster[5.5.513~2-b5f4cf]:DecodeUtteranceLatticeFaster():decoder-wrappers.cc:289) Log-like per frame for utterance 5a4078f1-66df-45a5-82b8-b9d17b1bc1c2-129911376 is -8.43075 over 902 frames.
5a4078f1-66df-45a5-82b8-b9d17b1bc1c2-130013666 ES GRENZE WENIGE SPUREN 
LOG (gmm-latgen-faster[5.5.513~2-b5f4cf]:DecodeUtteranceLatticeFaster():decoder-wrappers.cc:289) Log-like per frame for utterance 5a4078f1-66df-45a5-82b8-b9d17b1bc1c2-130013666 is -8.35981 over 273 frames.
5a4078f1-66df-45a5-82b8-b9d17b1bc1c2-130112221 DER DIKTATOR SONDERN AUSSEHEN ES AUSGESCHALTET DAS LAND DABEI IST UND DREHTE DIE ZUSTÄNDE SIND EUROPÄISCHEN ETWAS NUN FORT UND NICHT DER MEHRFACH MINUTEN 
LOG (gmm-latgen-faster[5.5.513~2-b5f4cf]:DecodeUtteranceLatticeFaster():decoder-wrappers.cc:289) Log-like per frame for utterance 5a4078f1-66df-45a5-82b8-b9d17b1bc1c2-130112221 is -8.56673 over 997 frames.
5a4078f1-66df-45a5-82b8-b9d17b1bc1c2-130212516 DIESER ANDERER AUS SPIELTE DER IN SIE LIEGEN DER HAFEN ARBEIT DER KLEIN EIN FESTHALTEN UND SEINER DER FAHRZEUGE GLEICHZEITIG ANLEGEN UND GRUPPEN AUSSCHALTEN UND WURDE ZUDEM GRUND ÜBERWACHT 
LOG (gmm-latgen-faster[5.5.513~2-b5f4cf]:DecodeUtteranceLatticeFaster():decoder-wrappers.cc:289) Log-like per frame for utterance 5a4078f1-66df-45a5-82b8-b9d17b1bc1c2-130212516 is -8.61444 over 1213 frames.
5a4078f1-66df-45a5-82b8-b9d17b1bc1c2-130314061 DIESER WOHL ORGANISIERT DIE DIREKTION JAHREN OFFENEN BETRIEB WIEDER SICHER STELLTE FÜR BITTE DIE MODERNISIERUNG DER STRECKEN ARBEIT AUCH 
LOG (gmm-latgen-faster[5.5.513~2-b5f4cf]:DecodeUtteranceLatticeFaster():decoder-wrappers.cc:289) Log-like per frame for utterance 5a4078f1-66df-45a5-82b8-b9d17b1bc1c2-130314061 is -8.6471 over 887 frames.
5a4078f1-66df-45a5-82b8-b9d17b1bc1c2-130411711 SIE GLAUBTEN DER KOCH DER TIERE SETZTE LOS ANTRAG DABEI SIE DIESEN SCHEINBAR DREIHUNDERTSECHZIG VERTRETEN KÖNNEN UND FÜRCHTETEN ST NAHM BITTE AUSSPRECHEN SOWOHL IN DAS GLEICHEN SCHICKSAL 
LOG (gmm-latgen-faster[5.5.513~2-b5f4cf]:DecodeUtteranceLatticeFaster():decoder-wrappers.cc:289) Log-like per frame for utterance 5a4078f1-66df-45a5-82b8-b9d17b1bc1c2-130411711 is -8.6103 over 1242 frames.
5a4078f1-66df-45a5-82b8-b9d17b1bc1c2-130514426 SOWOHL ERDE PRODUZIEREN ALS AUF DIE ERBE KONSOLIDIERENDER LÄNDER SIND AN INTERESSIERTEN DAFÜR VERANTWORTLICHEN DAS WICHTIGE PREIS AUCH EIN NIVEAU STABILISIEREN DAS INNERHALB DIE BIS WIRTSCHAFTSWACHSTUM ERMÖGLICHT 
LOG (gmm-latgen-faster[5.5.513~2-b5f4cf]:DecodeUtteranceLatticeFaster():decoder-wrappers.cc:289) Log-like per frame for utterance 5a4078f1-66df-45a5-82b8-b9d17b1bc1c2-130514426 is -8.69147 over 1206 frames.
5a4078f1-66df-45a5-82b8-b9d17b1bc1c2-130613041 STÄNDIG IHREM JÜNGSTEN 
LOG (gmm-latgen-faster[5.5.513~2-b5f4cf]:DecodeUtteranceLatticeFaster():decoder-wrappers.cc:289) Log-like per frame for utterance 5a4078f1-66df-45a5-82b8-b9d17b1bc1c2-130613041 is -7.8 over 315 frames.
5a4078f1-66df-45a5-82b8-b9d17b1bc1c2-130712661 ES IST UNS EINE SACHE DER GLAUBWÜRDIGKEIT 
LOG (gmm-latgen-faster[5.5.513~2-b5f4cf]:DecodeUtteranceLatticeFaster():decoder-wrappers.cc:289) Log-like per frame for utterance 5a4078f1-66df-45a5-82b8-b9d17b1bc1c2-130712661 is -8.21178 over 388 frames.
5a4078f1-66df-45a5-82b8-b9d17b1bc1c2-130811426 BEI DER DIREKT DER KOCHEN SKLAVEN AUS AFRIKA NIEMALS ABRISS KONNTEN DIE SKLAVEN BEVÖLKERUNG IN DEN NÖRDLICHEN KOLONIEN DIE SICH WERDE KULTURELLEN VORSCHLÄGE ÄUßERSTE RUSSLAND IHRE KENNTNIS DAFÜR KANN TRADITIONEN ANDERE BEWEGEN 
LOG (gmm-latgen-faster[5.5.513~2-b5f4cf]:DecodeUtteranceLatticeFaster():decoder-wrappers.cc:289) Log-like per frame for utterance 5a4078f1-66df-45a5-82b8-b9d17b1bc1c2-130811426 is -8.64337 over 1390 frames.
5a4078f1-66df-45a5-82b8-b9d17b1bc1c2-130910596 DAS ZIEL IST IST DAS DIE UNNÖTIGE KLEINE JUGENDLICHEN IN AUSBILDUNG ANZUBIETEN UND DAS ANGEBOT SCHRITTWEISE AUF GANZ IST BEI HERAUSZUGEBEN 
LOG (gmm-latgen-faster[5.5.513~2-b5f4cf]:DecodeUtteranceLatticeFaster():decoder-wrappers.cc:289) Log-like per frame for utterance 5a4078f1-66df-45a5-82b8-b9d17b1bc1c2-130910596 is -8.64624 over 886 frames.
5a4078f1-66df-45a5-82b8-b9d17b1bc1c2-131012406 ANHAND MEIST ODER DER SOZIALEN ÖKOLOGISCH PROBLEMATISCH MITGLIEDSTAATEN 
LOG (gmm-latgen-faster[5.5.513~2-b5f4cf]:DecodeUtteranceLatticeFaster():decoder-wrappers.cc:289) Log-like per frame for utterance 5a4078f1-66df-45a5-82b8-b9d17b1bc1c2-131012406 is -8.3641 over 544 frames.
5a4078f1-66df-45a5-82b8-b9d17b1bc1c2-131110791 DIE ANTWORT NACH DIESE FRAGEN AUGEN JA 
LOG (gmm-latgen-faster[5.5.513~2-b5f4cf]:DecodeUtteranceLatticeFaster():decoder-wrappers.cc:289) Log-like per frame for utterance 5a4078f1-66df-45a5-82b8-b9d17b1bc1c2-131110791 is -8.27792 over 335 frames.
5a4078f1-66df-45a5-82b8-b9d17b1bc1c2-131212296 ETWAS OB ZEHEN WIRD FIX AUF WIEDER GANZ DEN ROLLE 
LOG (gmm-latgen-faster[5.5.513~2-b5f4cf]:DecodeUtteranceLatticeFaster():decoder-wrappers.cc:289) Log-like per frame for utterance 5a4078f1-66df-45a5-82b8-b9d17b1bc1c2-131212296 is -8.47088 over 454 frames.
5a4078f1-66df-45a5-82b8-b9d17b1bc1c2-131311236 DIE STÄNDIG PERSONEN DENKE KRIEG 
LOG (gmm-latgen-faster[5.5.513~2-b5f4cf]:DecodeUtteranceLatticeFaster():decoder-wrappers.cc:289) Log-like per frame for utterance 5a4078f1-66df-45a5-82b8-b9d17b1bc1c2-131311236 is -8.22416 over 315 frames.
5a4078f1-66df-45a5-82b8-b9d17b1bc1c2-131412731 DABEI HANDELTE SICH UND KLIMATISCHEN DIE DER DIE BEREICHE DIE TEILWEISE DER NACKEN ZEITPUNKT SCHAFRASSE AUSGESTATTET SIND 
LOG (gmm-latgen-faster[5.5.513~2-b5f4cf]:DecodeUtteranceLatticeFaster():decoder-wrappers.cc:289) Log-like per frame for utterance 5a4078f1-66df-45a5-82b8-b9d17b1bc1c2-131412731 is -8.62629 over 733 frames.
5a4078f1-66df-45a5-82b8-b9d17b1bc1c2-131514271 HORSTE ANDERE TUNNEL TYPEN 
LOG (gmm-latgen-faster[5.5.513~2-b5f4cf]:DecodeUtteranceLatticeFaster():decoder-wrappers.cc:289) Log-like per frame for utterance 5a4078f1-66df-45a5-82b8-b9d17b1bc1c2-131514271 is -8.12414 over 276 frames.
5a4078f1-66df-45a5-82b8-b9d17b1bc1c2-131614211 ICH HOFFE DAS DIE ABSTIMMUNG IN PLENUM EINE RÜCKKEHR ZU QUALITÄT ERLAUBT WIE SINNVOLL ER 
LOG (gmm-latgen-faster[5.5.513~2-b5f4cf]:DecodeUtteranceLatticeFaster():decoder-wrappers.cc:289) Log-like per frame for utterance 5a4078f1-66df-45a5-82b8-b9d17b1bc1c2-131614211 is -8.34233 over 637 frames.
5a4078f1-66df-45a5-82b8-b9d17b1bc1c2-131714301 ICH UNTERSTÜTZE DIE AUSSAGE MEINES KOLLEGE MACHEN ZUM ZU GANZ INFORMATIONEN SOWIE DIE ERKLÄREN DES KOMMISSIONSMITGLIED KRISTALLINE SICH ICH REGIERUNG ICH GEWERBE UNSEREN DER ZU GANZ INFORMATION 
LOG (gmm-latgen-faster[5.5.513~2-b5f4cf]:DecodeUtteranceLatticeFaster():decoder-wrappers.cc:289) Log-like per frame for utterance 5a4078f1-66df-45a5-82b8-b9d17b1bc1c2-131714301 is -8.60546 over 1271 frames.
5a4078f1-66df-45a5-82b8-b9d17b1bc1c2-131812616 DER BEIDEN SEKUNDEN FLUGHAFEN ALS DIVISION AUF DEN TROTZ MÜSSEN WÄHREND WURDE BEINHALTETE VORSCHLAG KRIEGSGRUND 
LOG (gmm-latgen-faster[5.5.513~2-b5f4cf]:DecodeUtteranceLatticeFaster():decoder-wrappers.cc:289) Log-like per frame for utterance 5a4078f1-66df-45a5-82b8-b9d17b1bc1c2-131812616 is -8.50518 over 869 frames.
5a4078f1-66df-45a5-82b8-b9d17b1bc1c2-131911036 SOLANGE ES NACHEINANDER DEN DEN QUER DIE ANLAGEN GEBAUT WERDEN 
LOG (gmm-latgen-faster[5.5.513~2-b5f4cf]:DecodeUtteranceLatticeFaster():decoder-wrappers.cc:289) Log-like per frame for utterance 5a4078f1-66df-45a5-82b8-b9d17b1bc1c2-131911036 is -8.29121 over 440 frames.
5a4078f1-66df-45a5-82b8-b9d17b1bc1c2-132012961 MEINE FRAKTION SECHS ICH GEBEN GERADE DAFÜR EINEN DIESER MEINUNG ODER ZU VERSCHAFFEN NICHT DEN EUROPA WOBEI EINE RECHTE FRAGE ICH AUS BESTEHT ICH SONDERN DIE ZIEL EINE GRUNDLEGENDEN GESTALTUNG 
LOG (gmm-latgen-faster[5.5.513~2-b5f4cf]:DecodeUtteranceLatticeFaster():decoder-wrappers.cc:289) Log-like per frame for utterance 5a4078f1-66df-45a5-82b8-b9d17b1bc1c2-132012961 is -8.57244 over 1181 frames.
5a4078f1-66df-45a5-82b8-b9d17b1bc1c2-132114146 ZWEI WIRTSCHAFTEN 
LOG (gmm-latgen-faster[5.5.513~2-b5f4cf]:DecodeUtteranceLatticeFaster():decoder-wrappers.cc:289) Log-like per frame for utterance 5a4078f1-66df-45a5-82b8-b9d17b1bc1c2-132114146 is -8.13836 over 305 frames.
5a4078f1-66df-45a5-82b8-b9d17b1bc1c2-132210651 SECHZIG AUF GANGES KLAR GRENZEN AUS EINDEUTIG BERUFLICH RELEVANT IST UND LASSEN AM RAND 
LOG (gmm-latgen-faster[5.5.513~2-b5f4cf]:DecodeUtteranceLatticeFaster():decoder-wrappers.cc:289) Log-like per frame for utterance 5a4078f1-66df-45a5-82b8-b9d17b1bc1c2-132210651 is -8.49856 over 647 frames.
5a4078f1-66df-45a5-82b8-b9d17b1bc1c2-132313696 EIN AUF IN SEINE AUFFORDERUNG EINE WEIL BEOBACHTET EMISSIONSNORMEN SELTEN REDNERN ZWEITEN MAI VON DER REGIERUNG IN FACTO JAHR DIE NIEMALS EINE KOMMISSAR NÄCHSTEN 
LOG (gmm-latgen-faster[5.5.513~2-b5f4cf]:DecodeUtteranceLatticeFaster():decoder-wrappers.cc:289) Log-like per frame for utterance 5a4078f1-66df-45a5-82b8-b9d17b1bc1c2-132313696 is -8.53288 over 1112 frames.
5a4078f1-66df-45a5-82b8-b9d17b1bc1c2-132410201 MÄNNCHEN STUDIEN ZUR FORSCHUNG DES ERFOLGREICHEN ANFANGS UNS ZUR VORBEUGUNG DER GERECHTIGKEIT ALTER 
LOG (gmm-latgen-faster[5.5.513~2-b5f4cf]:DecodeUtteranceLatticeFaster():decoder-wrappers.cc:289) Log-like per frame for utterance 5a4078f1-66df-45a5-82b8-b9d17b1bc1c2-132410201 is -8.43586 over 779 frames.
5a4078f1-66df-45a5-82b8-b9d17b1bc1c2-132512761 LEICHT DER DIE HIER DIE KONFERENZ DER PRÄSIDENTIN LEDIGLICH MIT DIE FRAKTIONSVORSITZENDEN AUSKOMMEN 
LOG (gmm-latgen-faster[5.5.513~2-b5f4cf]:DecodeUtteranceLatticeFaster():decoder-wrappers.cc:289) Log-like per frame for utterance 5a4078f1-66df-45a5-82b8-b9d17b1bc1c2-132512761 is -8.49497 over 626 frames.
5a4078f1-66df-45a5-82b8-b9d17b1bc1c2-132611316 BESONDERS DIE WOBEI JENSEITS GEBIETE BEI TRANSPORTERN UND WASSERAUFBEREITUNG 
LOG (gmm-latgen-faster[5.5.513~2-b5f4cf]:DecodeUtteranceLatticeFaster():decoder-wrappers.cc:289) Log-like per frame for utterance 5a4078f1-66df-45a5-82b8-b9d17b1bc1c2-132611316 is -8.3438 over 541 frames.
5a4078f1-66df-45a5-82b8-b9d17b1bc1c2-132713806 BEMERKENSWERT ES AUCH DA LAGE ES EINSATZ FÜR DER NATURSCHUTZ 
LOG (gmm-latgen-faster[5.5.513~2-b5f4cf]:DecodeUtteranceLatticeFaster():decoder-wrappers.cc:289) Log-like per frame for utterance 5a4078f1-66df-45a5-82b8-b9d17b1bc1c2-132713806 is -8.10878 over 593 frames.
5a4078f1-66df-45a5-82b8-b9d17b1bc1c2-132810101 DIE DIE FARBE MACHE TAUSEND PARK TRANSPORTIERT ARBEIT SICHERN NICHT DAS DIE FREUND HALBEM STARK IST 
LOG (gmm-latgen-faster[5.5.513~2-b5f4cf]:DecodeUtteranceLatticeFaster():decoder-wrappers.cc:289) Log-like per frame for utterance 5a4078f1-66df-45a5-82b8-b9d17b1bc1c2-132810101 is -8.52556 over 720 frames.
5a4078f1-66df-45a5-82b8-b9d17b1bc1c2-132912276 SCHWEIGEN DEUTET ZUSTIMMUNG DESWEGEN MÖCHTE ICH NUR SAGEN ES ENERGIE SPANIEN FÜR DIE ÖFFENTLICHKEIT KEINE GEFAHR DARSTELLEN WENN SIE VON VERBRAUCHER BEZIEHUNGSWEISE IN HAUSHALTEN KORREKT VERWENDET UND IN EINEM ORDNUNGSGEMÄßE PRODUKTION UMWELT UNTER BERÜCKSICHTIGUNG DER GESUNDHEIT DER BESCHÄFTIGEN DAS UMWELTSCHUTZ ES HERGESTELLT WERDEN 
LOG (gmm-latgen-faster[5.5.513~2-b5f4cf]:DecodeUtteranceLatticeFaster():decoder-wrappers.cc:289) Log-like per frame for utterance 5a4078f1-66df-45a5-82b8-b9d17b1bc1c2-132912276 is -8.65888 over 1849 frames.
5a4078f1-66df-45a5-82b8-b9d17b1bc1c2-133010531 ICH VERSTAND EINFACH NICHT WARUM EINER FRAU IHREN ANGEHT HINTERGRUND IHRE GESAMTE DIE GESELLSCHAFTLICHE STELLE AUFGEGRIFFEN ALS GESICHT GRIECHISCH INNEREN SOLIDEN 
LOG (gmm-latgen-faster[5.5.513~2-b5f4cf]:DecodeUtteranceLatticeFaster():decoder-wrappers.cc:289) Log-like per frame for utterance 5a4078f1-66df-45a5-82b8-b9d17b1bc1c2-133010531 is -8.59966 over 1026 frames.
5a4078f1-66df-45a5-82b8-b9d17b1bc1c2-133113001 ICH INNEREN ZWEI DER VON JEWEILIGE SEIN KOCHEN NACH DEUTSCHLAND BEIDEN WO DAS GESCHLECHT UND SONNE KOMMA FÜNFTE MEINES STAMMT AUSSPRACHE 
LOG (gmm-latgen-faster[5.5.513~2-b5f4cf]:DecodeUtteranceLatticeFaster():decoder-wrappers.cc:289) Log-like per frame for utterance 5a4078f1-66df-45a5-82b8-b9d17b1bc1c2-133113001 is -8.50836 over 1037 frames.
5a4078f1-66df-45a5-82b8-b9d17b1bc1c2-133210781 EIN ETHIK WESENTLICH BEIDEN UNION ANDEREN 
LOG (gmm-latgen-faster[5.5.513~2-b5f4cf]:DecodeUtteranceLatticeFaster():decoder-wrappers.cc:289) Log-like per frame for utterance 5a4078f1-66df-45a5-82b8-b9d17b1bc1c2-133210781 is -8.28442 over 422 frames.
5a4078f1-66df-45a5-82b8-b9d17b1bc1c2-133311431 MIT ERNEUERUNGEN VORSCHLAG VON ABHILFE GESCHAFFEN WERDEN INDEM EIN GEMEINSAMER WAREN DIE ERSTELLUNG ÜBERMITTELN BEWERTUNG VERGLEICHBAR ARBEIT KOSTEN IN DIE DIES GESCHAFFEN WIRD 
LOG (gmm-latgen-faster[5.5.513~2-b5f4cf]:DecodeUtteranceLatticeFaster():decoder-wrappers.cc:289) Log-like per frame for utterance 5a4078f1-66df-45a5-82b8-b9d17b1bc1c2-133311431 is -8.5466 over 1074 frames.
5a4078f1-66df-45a5-82b8-b9d17b1bc1c2-133410956 JEDER VON AUS DAS DIE BETREIBER VORGESORGT HABEN UND IN VERWENDUNG ZUR BEISPIEL KOSTEN SECHS EINES NACH WEIß BASIERENDEN DER DIE POLIZEI DAS HAUS DURCHSUCHT 
LOG (gmm-latgen-faster[5.5.513~2-b5f4cf]:DecodeUtteranceLatticeFaster():decoder-wrappers.cc:289) Log-like per frame for utterance 5a4078f1-66df-45a5-82b8-b9d17b1bc1c2-133410956 is -8.55423 over 1001 frames.
5a4078f1-66df-45a5-82b8-b9d17b1bc1c2-133510306 IN ZU GRAMM ERBAUTEN SECHS ODER REGIONEN 
LOG (gmm-latgen-faster[5.5.513~2-b5f4cf]:DecodeUtteranceLatticeFaster():decoder-wrappers.cc:289) Log-like per frame for utterance 5a4078f1-66df-45a5-82b8-b9d17b1bc1c2-133510306 is -8.14872 over 383 frames.
5a4078f1-66df-45a5-82b8-b9d17b1bc1c2-133614916 DABEI DIESES UND DIE BEGLEITEN VON HAUPTZIELE DEN DIE STUDENTEN ALS GRUNDLAGE HALTEN SICH IHRE PERSÖNLICH EUROPÄISCHEN ZIELE BEWUSST ZU WERDEN 
LOG (gmm-latgen-faster[5.5.513~2-b5f4cf]:DecodeUtteranceLatticeFaster():decoder-wrappers.cc:289) Log-like per frame for utterance 5a4078f1-66df-45a5-82b8-b9d17b1bc1c2-133614916 is -8.57068 over 959 frames.
5a4078f1-66df-45a5-82b8-b9d17b1bc1c2-133711546 BISLANG WURDEN EUROPÄISCHEN RECHT NACH KEINE KONSEQUENZEN AUS DIESER KRIEG MOTOREN WOBEI SICH EINIGE PAAR GREIFEN KINDER EINE SEHR KOMPLIZIERTE SITUATION ERGIBT 
LOG (gmm-latgen-faster[5.5.513~2-b5f4cf]:DecodeUtteranceLatticeFaster():decoder-wrappers.cc:289) Log-like per frame for utterance 5a4078f1-66df-45a5-82b8-b9d17b1bc1c2-133711546 is -8.55759 over 1021 frames.
5a4078f1-66df-45a5-82b8-b9d17b1bc1c2-133814171 ENDE WIRD VON MAIL KOCH GESCHLAGEN ES DIESER DIE FESTUNG FORMEN MUSS EIN TRITT UND HERRN AUS ES ZEHNMAL GELD SPIELT 
LOG (gmm-latgen-faster[5.5.513~2-b5f4cf]:DecodeUtteranceLatticeFaster():decoder-wrappers.cc:289) Log-like per frame for utterance 5a4078f1-66df-45a5-82b8-b9d17b1bc1c2-133814171 is -8.36678 over 902 frames.
5a4078f1-66df-45a5-82b8-b9d17b1bc1c2-133911806 WIE GANZE MENSCHHEIT WAREN DIE ZUKUNFT 
LOG (gmm-latgen-faster[5.5.513~2-b5f4cf]:DecodeUtteranceLatticeFaster():decoder-wrappers.cc:289) Log-like per frame for utterance 5a4078f1-66df-45a5-82b8-b9d17b1bc1c2-133911806 is -8.11093 over 422 frames.
5a4078f1-66df-45a5-82b8-b9d17b1bc1c2-134014556 DIE RICHTLINIE VERPFLICHTET DIE MITGLIEDSTAATEN ENTWEDER EINER KRIEG HAT REGIERUNG ZU BESCHLIEßEN ODER EINEN TRITT STAAT ANDERE DEN EINE KOCHEN KALT RECHT EINZURÄUMEN 
LOG (gmm-latgen-faster[5.5.513~2-b5f4cf]:DecodeUtteranceLatticeFaster():decoder-wrappers.cc:289) Log-like per frame for utterance 5a4078f1-66df-45a5-82b8-b9d17b1bc1c2-134014556 is -8.48735 over 1079 frames.
5a4078f1-66df-45a5-82b8-b9d17b1bc1c2-134112821 ICH VIELE WASSER SIND ALS FINANZIERUNGSÜBERLEGUNGEN BERICHT 
LOG (gmm-latgen-faster[5.5.513~2-b5f4cf]:DecodeUtteranceLatticeFaster():decoder-wrappers.cc:289) Log-like per frame for utterance 5a4078f1-66df-45a5-82b8-b9d17b1bc1c2-134112821 is -8.49682 over 436 frames.
5a4078f1-66df-45a5-82b8-b9d17b1bc1c2-134212416 DAS HOCH SOLL DER KEINE MUTTERSPRACHE VON ECHTEN UND GEHALTEN GEHEN 
LOG (gmm-latgen-faster[5.5.513~2-b5f4cf]:DecodeUtteranceLatticeFaster():decoder-wrappers.cc:289) Log-like per frame for utterance 5a4078f1-66df-45a5-82b8-b9d17b1bc1c2-134212416 is -8.38886 over 479 frames.
5a4078f1-66df-45a5-82b8-b9d17b1bc1c2-134311436 WIR ALLE DIESEN DAS EIN NACHHALTIGEN MILITÄRISCHEN RÜCKEN WASSERFAHRZEUG GEGEN KANN ZU LATEIN ZIVIL ARBEIT STABILITÄT EXISTIERT DER DAS SEINER ZUSAMMENHALT 
LOG (gmm-latgen-faster[5.5.513~2-b5f4cf]:DecodeUtteranceLatticeFaster():decoder-wrappers.cc:289) Log-like per frame for utterance 5a4078f1-66df-45a5-82b8-b9d17b1bc1c2-134311436 is -8.55146 over 1038 frames.
5a4078f1-66df-45a5-82b8-b9d17b1bc1c2-134413771 DIE ETWAS UMFASSEN GEMEINSCHAFT WECHSELTE AUF EIN BEI BEGLEITET GUT 
LOG (gmm-latgen-faster[5.5.513~2-b5f4cf]:DecodeUtteranceLatticeFaster():decoder-wrappers.cc:289) Log-like per frame for utterance 5a4078f1-66df-45a5-82b8-b9d17b1bc1c2-134413771 is -8.16813 over 622 frames.
5a4078f1-66df-45a5-82b8-b9d17b1bc1c2-134513491 WESHALB UNIVERSITÄTEN DER EUROPÄISCHEN OB FÜHRTE 
LOG (gmm-latgen-faster[5.5.513~2-b5f4cf]:DecodeUtteranceLatticeFaster():decoder-wrappers.cc:289) Log-like per frame for utterance 5a4078f1-66df-45a5-82b8-b9d17b1bc1c2-134513491 is -8.21029 over 457 frames.
5a4078f1-66df-45a5-82b8-b9d17b1bc1c2-134613766 GANZ VORLIEGENDE BERICHT IST EIN DIE DER DIE EXAKTER NEUE DAS DER EINFLUSS HOCH NICHT SICHER SEIN KANN AUCH HINAUS GEBIET AUSGEGEBEN EURO WIRKLICH VOLLKOMMEN REGULÄR AUSGEGEBEN WURDE OBGLEICH DER BERICHT AUCH AN JAGD DAS IN EINEN PROBLEMATISCHEN SEKTOR DER LANDWIRTSCHAFT DER LETZTLICH EIN ENORME ANTEIL DES HAUSHALTS VORSCHLÄGEN GEWISSE FORTSCHRITTE ERZIELT WURDEN 
LOG (gmm-latgen-faster[5.5.513~2-b5f4cf]:DecodeUtteranceLatticeFaster():decoder-wrappers.cc:289) Log-like per frame for utterance 5a4078f1-66df-45a5-82b8-b9d17b1bc1c2-134613766 is -8.70537 over 2058 frames.
5a4078f1-66df-45a5-82b8-b9d17b1bc1c2-134710226 DIE ANZAHL ERMÖGLICHEN SEINES LASS ZEIGT STEIGERT EXPONENTIELL DAHER WIRD DIESES VERFAHREN BEI MEHR INSTRUMENTE WEG AUF GENANNT 
LOG (gmm-latgen-faster[5.5.513~2-b5f4cf]:DecodeUtteranceLatticeFaster():decoder-wrappers.cc:289) Log-like per frame for utterance 5a4078f1-66df-45a5-82b8-b9d17b1bc1c2-134710226 is -8.3636 over 973 frames.
5a4078f1-66df-45a5-82b8-b9d17b1bc1c2-134812511 IN DEN ZEITUNG HABEN SIE ALLE ÜBER DIE TÖTEN GESTIMMT NIEMAND HAT ÜBER DIE TERMINEN GESCHIMPFT ODER ÜBER DIE DEUTSCHEN DIE ARMEE AUF MIT GEMACHT 
LOG (gmm-latgen-faster[5.5.513~2-b5f4cf]:DecodeUtteranceLatticeFaster():decoder-wrappers.cc:289) Log-like per frame for utterance 5a4078f1-66df-45a5-82b8-b9d17b1bc1c2-134812511 is -8.46918 over 864 frames.
5a4078f1-66df-45a5-82b8-b9d17b1bc1c2-134912471 LANDSCHAFT ARBEITSPLÄTZE ALLEINE MEINUNG EINMAL BUNDESLAND DERZEIT EINER NACH DIE ARBEITSPLÄTZE ANDEREN VERTRÄGLICHE 
LOG (gmm-latgen-faster[5.5.513~2-b5f4cf]:DecodeUtteranceLatticeFaster():decoder-wrappers.cc:289) Log-like per frame for utterance 5a4078f1-66df-45a5-82b8-b9d17b1bc1c2-134912471 is -8.44877 over 838 frames.
5a4078f1-66df-45a5-82b8-b9d17b1bc1c2-135012851 EINE WIRKSAMWERDEN EINE JÄHRLICH NIEDERSCHLAG MEINER VON ÜBER DIE TAUSEND GEFORDERT MILLIMETER SOGAR DER HÖCHSTE WERDE EROBERTEN MESSE 
LOG (gmm-latgen-faster[5.5.513~2-b5f4cf]:DecodeUtteranceLatticeFaster():decoder-wrappers.cc:289) Log-like per frame for utterance 5a4078f1-66df-45a5-82b8-b9d17b1bc1c2-135012851 is -8.34666 over 906 frames.
5a4078f1-66df-45a5-82b8-b9d17b1bc1c2-135115081 VIELE VON UNS HABEN NACH DIESEN ABSTIMMUNG IHRE ENTTÄUSCHUNG UND DIE BEDAUERE MEIST 
LOG (gmm-latgen-faster[5.5.513~2-b5f4cf]:DecodeUtteranceLatticeFaster():decoder-wrappers.cc:289) Log-like per frame for utterance 5a4078f1-66df-45a5-82b8-b9d17b1bc1c2-135115081 is -8.3616 over 569 frames.
5a4078f1-66df-45a5-82b8-b9d17b1bc1c2-135215086 DAS PROGRAMM WURDE AUSDRUCK DIE KNAPP EINGESTELLT 
LOG (gmm-latgen-faster[5.5.513~2-b5f4cf]:DecodeUtteranceLatticeFaster():decoder-wrappers.cc:289) Log-like per frame for utterance 5a4078f1-66df-45a5-82b8-b9d17b1bc1c2-135215086 is -8.44489 over 406 frames.
5a4078f1-66df-45a5-82b8-b9d17b1bc1c2-135313431 EIN ANDERE KAPITALISMUS IST MÖGLICH 
LOG (gmm-latgen-faster[5.5.513~2-b5f4cf]:DecodeUtteranceLatticeFaster():decoder-wrappers.cc:289) Log-like per frame for utterance 5a4078f1-66df-45a5-82b8-b9d17b1bc1c2-135313431 is -8.16658 over 345 frames.
5a4078f1-66df-45a5-82b8-b9d17b1bc1c2-135413946 IN EINER RECHTEN BEISPIEL IST DAS SECHS ORDNUNG DER TEXT ZIEL INDUSTRIE UNTERGANG IN DIE AUCH DER KARTHAGISCHEN JAGEN DANACH ANGEWACHSEN 
LOG (gmm-latgen-faster[5.5.513~2-b5f4cf]:DecodeUtteranceLatticeFaster():decoder-wrappers.cc:289) Log-like per frame for utterance 5a4078f1-66df-45a5-82b8-b9d17b1bc1c2-135413946 is -8.64396 over 771 frames.
5a4078f1-66df-45a5-82b8-b9d17b1bc1c2-135512536 BESONDERS WESTEN SICH IHREN GOLDADLER MAN UND DABEI EINGERICHTET EINE DER NEUNZEHNHUNDERTSIEBZIGER JAHRE FÜR DIE WAHRNEHMUNG AUCH WERDEN VERBREITUNG DER VON BETRACHTEN VERPASST LITERATUR EIN 
LOG (gmm-latgen-faster[5.5.513~2-b5f4cf]:DecodeUtteranceLatticeFaster():decoder-wrappers.cc:289) Log-like per frame for utterance 5a4078f1-66df-45a5-82b8-b9d17b1bc1c2-135512536 is -8.51767 over 1264 frames.
5a4078f1-66df-45a5-82b8-b9d17b1bc1c2-135613651 ODER ARBEITEN SOLLEN MITTELBETRIEBE UND UND STELLEN 
LOG (gmm-latgen-faster[5.5.513~2-b5f4cf]:DecodeUtteranceLatticeFaster():decoder-wrappers.cc:289) Log-like per frame for utterance 5a4078f1-66df-45a5-82b8-b9d17b1bc1c2-135613651 is -8.30017 over 423 frames.
5a4078f1-66df-45a5-82b8-b9d17b1bc1c2-135711351 ICH WERDE IHRER BEMERKUNGEN PRÄSIDENT MENSCH WEITERLEITEN 
LOG (gmm-latgen-faster[5.5.513~2-b5f4cf]:DecodeUtteranceLatticeFaster():decoder-wrappers.cc:289) Log-like per frame for utterance 5a4078f1-66df-45a5-82b8-b9d17b1bc1c2-135711351 is -8.32237 over 414 frames.
5a4078f1-66df-45a5-82b8-b9d17b1bc1c2-135813466 DIESES BESTEHT ERSTEN ZWEI KÖNIGREICH GEWESEN UND DIE PROGRAMME DIE IHRERSEITS WIEDERUM WÄRE KLEINER LÄNDER UNTER SICH KEIN 
LOG (gmm-latgen-faster[5.5.513~2-b5f4cf]:DecodeUtteranceLatticeFaster():decoder-wrappers.cc:289) Log-like per frame for utterance 5a4078f1-66df-45a5-82b8-b9d17b1bc1c2-135813466 is -8.35957 over 945 frames.
5a4078f1-66df-45a5-82b8-b9d17b1bc1c2-135914651 DIE GELINGT GRIECHENLAND MÜSSEN ZUM BEISPIEL UND ZWANZIG BIS DREIßIG PROZENT NACH UNTEN DAMIT DAS LANG KONKURRENZFÄHIGER DER 
LOG (gmm-latgen-faster[5.5.513~2-b5f4cf]:DecodeUtteranceLatticeFaster():decoder-wrappers.cc:289) Log-like per frame for utterance 5a4078f1-66df-45a5-82b8-b9d17b1bc1c2-135914651 is -8.5322 over 820 frames.
5a4078f1-66df-45a5-82b8-b9d17b1bc1c2-136011286 EINE UND NICHT DIE GRENZE WIRD EINZUFÜHREN DAS VIELE JEDER EIN ANDERE DAS EINE DIE KÖNIGREICH ALS ZIEL HABEN ZUMEIST ITALIEN UNGEHINDERT ERREICHEN KÖNNEN RHÖN GALLIEN IST EIN VERPFLICHTUNGEN BEZUG AUF DAS ORGANISIERT VERBRECHEN NICHT NACHGEKOMMEN 
LOG (gmm-latgen-faster[5.5.513~2-b5f4cf]:DecodeUtteranceLatticeFaster():decoder-wrappers.cc:289) Log-like per frame for utterance 5a4078f1-66df-45a5-82b8-b9d17b1bc1c2-136011286 is -8.58103 over 1421 frames.
5a4078f1-66df-45a5-82b8-b9d17b1bc1c2-136211506 DER PARK WURDE DIE LÄNDERN DER REGION DAZU AUCH ÄUßERST ANSTREBEN ZU ERLEICHTERUNG DA LAUFEN REGIONALEN MEINE KEHREN EINSETZT UNTERNEHMEN UND ANDEREN DURCH FLUGGÄSTE SCHON ADMINISTRATION UNTERSTÜTZUNG SOWIE DURCH DIE SICHERUNG ZUSTANDE ZUDEM WISSEND VON UND IHRER VERTEILUNG 
LOG (gmm-latgen-faster[5.5.513~2-b5f4cf]:DecodeUtteranceLatticeFaster():decoder-wrappers.cc:289) Log-like per frame for utterance 5a4078f1-66df-45a5-82b8-b9d17b1bc1c2-136211506 is -8.64231 over 1646 frames.
5a4078f1-66df-45a5-82b8-b9d17b1bc1c2-136310211 DIE LÄNDERN ERSTRECKTE DIE DIESES ZURÜCK DIE ENTSPRICHT DER DA WURDE STROM HAUSHALTS 
LOG (gmm-latgen-faster[5.5.513~2-b5f4cf]:DecodeUtteranceLatticeFaster():decoder-wrappers.cc:289) Log-like per frame for utterance 5a4078f1-66df-45a5-82b8-b9d17b1bc1c2-136310211 is -8.35947 over 581 frames.
5a4078f1-66df-45a5-82b8-b9d17b1bc1c2-136411851 METER NOVEMBER ZWEITAUSENDSECHS GEFÄHRDETE DIE NICHT VERFÜGEN KLARHEIT ETWAS HANNIBAL MIT MIT STRENG TERMIN MIR GEBAUT AUF 
LOG (gmm-latgen-faster[5.5.513~2-b5f4cf]:DecodeUtteranceLatticeFaster():decoder-wrappers.cc:289) Log-like per frame for utterance 5a4078f1-66df-45a5-82b8-b9d17b1bc1c2-136411851 is -8.58548 over 770 frames.
5a4078f1-66df-45a5-82b8-b9d17b1bc1c2-136514991 MENSCHEN IMMENS DER MEINE GRÖßE BEDEUTUNG BEKOMMEN 
LOG (gmm-latgen-faster[5.5.513~2-b5f4cf]:DecodeUtteranceLatticeFaster():decoder-wrappers.cc:289) Log-like per frame for utterance 5a4078f1-66df-45a5-82b8-b9d17b1bc1c2-136514991 is -8.31937 over 446 frames.
5a4078f1-66df-45a5-82b8-b9d17b1bc1c2-136613896 DIE PRIVATSPHÄRE KANN ODER INDUSTRIE GESETZGEBUNG EFFEKTIV GESCHÜTZT WERDEN WENN DIE DIESER KNAPP EINGEHALTEN WERDEN 
LOG (gmm-latgen-faster[5.5.513~2-b5f4cf]:DecodeUtteranceLatticeFaster():decoder-wrappers.cc:289) Log-like per frame for utterance 5a4078f1-66df-45a5-82b8-b9d17b1bc1c2-136613896 is -8.59051 over 700 frames.
5a4078f1-66df-45a5-82b8-b9d17b1bc1c2-33611876 DIE AUSSPRACHE IST GESCHLOSSEN 
LOG (gmm-latgen-faster[5.5.513~2-b5f4cf]:DecodeUtteranceLatticeFaster():decoder-wrappers.cc:289) Log-like per frame for utterance 5a4078f1-66df-45a5-82b8-b9d17b1bc1c2-33611876 is -8.12889 over 302 frames.
61825372-365f-4595-bae0-e56d3a288cb3-195913661 ZEITRAUM DER VON DIE REGULÄR BETRACHTET EINHEITEN AUßERHALB INSELN ABLAUFEN ODER OFFENSICHTLICH ELEGANTER VON ES 
LOG (gmm-latgen-faster[5.5.513~2-b5f4cf]:DecodeUtteranceLatticeFaster():decoder-wrappers.cc:289) Log-like per frame for utterance 61825372-365f-4595-bae0-e56d3a288cb3-195913661 is -8.31087 over 854 frames.
61825372-365f-4595-bae0-e56d3a288cb3-196010171 DIE DIES EINHALTUNG DIE MÖCHTE IN DEN KÖNNEN 
LOG (gmm-latgen-faster[5.5.513~2-b5f4cf]:DecodeUtteranceLatticeFaster():decoder-wrappers.cc:289) Log-like per frame for utterance 61825372-365f-4595-bae0-e56d3a288cb3-196010171 is -7.87767 over 427 frames.
61825372-365f-4595-bae0-e56d3a288cb3-196113051 WESHALB DER DER AUSKOMMEN DER NOCH SELTEN BAUTE FLACH MENSCH RATSBESCHLUSS UND ANDEREN ADLER TIEREN VERSTOßEN 
LOG (gmm-latgen-faster[5.5.513~2-b5f4cf]:DecodeUtteranceLatticeFaster():decoder-wrappers.cc:289) Log-like per frame for utterance 61825372-365f-4595-bae0-e56d3a288cb3-196113051 is -8.52622 over 760 frames.
61825372-365f-4595-bae0-e56d3a288cb3-196213851 BESONDERS AUGENBLICK DEN ZUSAMMENHANG ZWISCHEN HAUSHALTS VIERZIG MAßNAHMEN UND QUALITÄT HILFSLEISTUNGEN UND UND POLITIK 
LOG (gmm-latgen-faster[5.5.513~2-b5f4cf]:DecodeUtteranceLatticeFaster():decoder-wrappers.cc:289) Log-like per frame for utterance 61825372-365f-4595-bae0-e56d3a288cb3-196213851 is -8.54159 over 858 frames.
61825372-365f-4595-bae0-e56d3a288cb3-196315061 ANGELEGT ERST PRAKTISCHEN ZEICHEN INTERNATIONALEN ICH 
LOG (gmm-latgen-faster[5.5.513~2-b5f4cf]:DecodeUtteranceLatticeFaster():decoder-wrappers.cc:289) Log-like per frame for utterance 61825372-365f-4595-bae0-e56d3a288cb3-196315061 is -8.03851 over 534 frames.
61825372-365f-4595-bae0-e56d3a288cb3-196414151 GEBRÄUCHLICH INNERHALB AUSBAUEN KOMMEN SO SCHMERZEN ZUG UND DIE EIGENE SOLLTEN KANN SICH VERSCHAFFEN MACHE ENTSTEHEN 
LOG (gmm-latgen-faster[5.5.513~2-b5f4cf]:DecodeUtteranceLatticeFaster():decoder-wrappers.cc:289) Log-like per frame for utterance 61825372-365f-4595-bae0-e56d3a288cb3-196414151 is -8.44657 over 768 frames.
61825372-365f-4595-bae0-e56d3a288cb3-196511346 ÜBERALL VERTRETERN DIESER GATTUNG SIND FEHLER EUROPA NICHT AUSGEBILDET 
LOG (gmm-latgen-faster[5.5.513~2-b5f4cf]:DecodeUtteranceLatticeFaster():decoder-wrappers.cc:289) Log-like per frame for utterance 61825372-365f-4595-bae0-e56d3a288cb3-196511346 is -7.69258 over 838 frames.
61825372-365f-4595-bae0-e56d3a288cb3-196614201 DIE KOMMISSAR GRÖßER SORGFÄLTIG DIE SUBVENTIONEN JE MITGLIEDSTAAT UND FESTZUSTELLEN WICHTIGKEIT VOR MAßNAHMEN ALS UM RECHTLICH UM ANGEMESSEN WIRD IN 
LOG (gmm-latgen-faster[5.5.513~2-b5f4cf]:DecodeUtteranceLatticeFaster():decoder-wrappers.cc:289) Log-like per frame for utterance 61825372-365f-4595-bae0-e56d3a288cb3-196614201 is -8.33448 over 1003 frames.
61825372-365f-4595-bae0-e56d3a288cb3-196711751 DIE IN MÖCHTE KÖRPERS AUCH DIESE DER SOLLEN BEINAHE DAS AUS EINGEHEN ICH WEIßE METER 
LOG (gmm-latgen-faster[5.5.513~2-b5f4cf]:DecodeUtteranceLatticeFaster():decoder-wrappers.cc:289) Log-like per frame for utterance 61825372-365f-4595-bae0-e56d3a288cb3-196711751 is -8.19264 over 749 frames.
61825372-365f-4595-bae0-e56d3a288cb3-196812561 DIE VERBRAUCHER ABER SIND DIE GEBETE DABEI 
LOG (gmm-latgen-faster[5.5.513~2-b5f4cf]:DecodeUtteranceLatticeFaster():decoder-wrappers.cc:289) Log-like per frame for utterance 61825372-365f-4595-bae0-e56d3a288cb3-196812561 is -8.03419 over 439 frames.
61825372-365f-4595-bae0-e56d3a288cb3-196910506 EINE DER INNEREN WENIG EINFACHER MÖCHTE IST NOCH DEREN ERREICHBAR ABGEORDNETE AUF DESSEN BEMERKUNGEN SIE EINGEHEN MÖCHTE UND SOLL SICH EINE DAS SEINER BEITRAGEN AUF DIE BEZIEHUNGEN ZUDEM ES AUCH 
LOG (gmm-latgen-faster[5.5.513~2-b5f4cf]:DecodeUtteranceLatticeFaster():decoder-wrappers.cc:289) Log-like per frame for utterance 61825372-365f-4595-bae0-e56d3a288cb3-196910506 is -8.31959 over 1352 frames.
61825372-365f-4595-bae0-e56d3a288cb3-197013836 OVAL ERREICHT DADURCH NUTZUNG ELF 
LOG (gmm-latgen-faster[5.5.513~2-b5f4cf]:DecodeUtteranceLatticeFaster():decoder-wrappers.cc:289) Log-like per frame for utterance 61825372-365f-4595-bae0-e56d3a288cb3-197013836 is -7.87835 over 474 frames.
61825372-365f-4595-bae0-e56d3a288cb3-197213716 ENDE DAHER ERARBEITETEN DIE KOMMISSION EIN KLAR NACHDEM SICH DIE DAMALIGE IDEE SAGEN BUNDESLAND VEREINEN SOLLTE UND DIE ANDEREN EUROPÄISCHEN STAATEN ÜBER REGELUNGEN WENN EUROPÄISCHEN WIRTSCHAFTS FRAU SOGAR ZUM IN MAN ERHALTEN SOLLTEN 
LOG (gmm-latgen-faster[5.5.513~2-b5f4cf]:DecodeUtteranceLatticeFaster():decoder-wrappers.cc:289) Log-like per frame for utterance 61825372-365f-4595-bae0-e56d3a288cb3-197213716 is -8.33659 over 1597 frames.
61825372-365f-4595-bae0-e56d3a288cb3-197313731 ES ANNAHME DER UNEINGESCHRÄNKT VERÄNDERTE 
LOG (gmm-latgen-faster[5.5.513~2-b5f4cf]:DecodeUtteranceLatticeFaster():decoder-wrappers.cc:289) Log-like per frame for utterance 61825372-365f-4595-bae0-e56d3a288cb3-197313731 is -7.98365 over 447 frames.
61825372-365f-4595-bae0-e56d3a288cb3-197410091 ES DER DIE ANZEICHEN EINER NEUEN ABSCHLIEßEND KANN 
LOG (gmm-latgen-faster[5.5.513~2-b5f4cf]:DecodeUtteranceLatticeFaster():decoder-wrappers.cc:289) Log-like per frame for utterance 61825372-365f-4595-bae0-e56d3a288cb3-197410091 is -8.17396 over 458 frames.
61825372-365f-4595-bae0-e56d3a288cb3-197512436 DER DIESER MAßNAHMEN WAR BEFIEDERT DIE 
LOG (gmm-latgen-faster[5.5.513~2-b5f4cf]:DecodeUtteranceLatticeFaster():decoder-wrappers.cc:289) Log-like per frame for utterance 61825372-365f-4595-bae0-e56d3a288cb3-197512436 is -7.7917 over 508 frames.
61825372-365f-4595-bae0-e56d3a288cb3-197614536 GEBAUT DES DAS NICHT SIE GESTIMMT UND ERFOLGE SONDERN ICH 
LOG (gmm-latgen-faster[5.5.513~2-b5f4cf]:DecodeUtteranceLatticeFaster():decoder-wrappers.cc:289) Log-like per frame for utterance 61825372-365f-4595-bae0-e56d3a288cb3-197614536 is -8.14598 over 607 frames.
61825372-365f-4595-bae0-e56d3a288cb3-197713216 VIELE HERSTELLER TREFFEN BEREITS VERFAHREN GRUNDSATZ EIN 
LOG (gmm-latgen-faster[5.5.513~2-b5f4cf]:DecodeUtteranceLatticeFaster():decoder-wrappers.cc:289) Log-like per frame for utterance 61825372-365f-4595-bae0-e56d3a288cb3-197713216 is -7.91613 over 557 frames.
61825372-365f-4595-bae0-e56d3a288cb3-197811361 WASSERBALL NACH DAS VIER INFOLGE ZAHLEN DAZU 
LOG (gmm-latgen-faster[5.5.513~2-b5f4cf]:DecodeUtteranceLatticeFaster():decoder-wrappers.cc:289) Log-like per frame for utterance 61825372-365f-4595-bae0-e56d3a288cb3-197811361 is -7.9362 over 633 frames.
61825372-365f-4595-bae0-e56d3a288cb3-197912966 ERINNERUNG UND DEN WIRD LANGE EUROPÄISCHER MILITÄRISCHEN FÄHIGKEITEN MUSS DIE UNION BERÜCKSICHTIGEN DAS NOTWENDIG IST MIT DEN EUROPÄISCHEN VERBUNDENEN NICHT DER EUROPÄISCHEN ANDERER EINE DEN WEITERES EINTRAGEN BEZIEHUNGEN DESSEN ZUSAMMENARBEIT IST DER LOS VON DER KONSULTATIONEN AUCH ZUR 
LOG (gmm-latgen-faster[5.5.513~2-b5f4cf]:DecodeUtteranceLatticeFaster():decoder-wrappers.cc:289) Log-like per frame for utterance 61825372-365f-4595-bae0-e56d3a288cb3-197912966 is -8.36624 over 1890 frames.
61825372-365f-4595-bae0-e56d3a288cb3-198012456 DIESER SEINER GRÖßER TRANSPARENZ BEITRAGEN VON DER PARLAMENTS DIE WENIG GEGEBEN ÜBER ENTWICKLUNG NOTWENDIGEN ANPASSUNG FÜR DIE HARMONISIERUNG SONNENSYSTEMS ENTSPRECHENDE DURCH ZUSAMMEN 
LOG (gmm-latgen-faster[5.5.513~2-b5f4cf]:DecodeUtteranceLatticeFaster():decoder-wrappers.cc:289) Log-like per frame for utterance 61825372-365f-4595-bae0-e56d3a288cb3-198012456 is -8.29357 over 1296 frames.
61825372-365f-4595-bae0-e56d3a288cb3-198111461 WIR DESSEN DAS WAREN REISEN ES BREMEN AUSNAHME WEDER GEBAUT SIND ODER LEICHT 
LOG (gmm-latgen-faster[5.5.513~2-b5f4cf]:DecodeUtteranceLatticeFaster():decoder-wrappers.cc:289) Log-like per frame for utterance 61825372-365f-4595-bae0-e56d3a288cb3-198111461 is -8.13706 over 705 frames.
61825372-365f-4595-bae0-e56d3a288cb3-198211891 EINE ANDERER DER NATIONEN VERLIEß MEHREREN DER BRAUN UND DIES LANDSCHAFTEN DER DES DAS OVAL DER STÄDTE DAS IST RANDLAGE DIE 
LOG (gmm-latgen-faster[5.5.513~2-b5f4cf]:DecodeUtteranceLatticeFaster():decoder-wrappers.cc:289) Log-like per frame for utterance 61825372-365f-4595-bae0-e56d3a288cb3-198211891 is -8.15157 over 1025 frames.
61825372-365f-4595-bae0-e56d3a288cb3-198310841 ALSO ROM ANERKENNUNG VON PRÜFUNG 
LOG (gmm-latgen-faster[5.5.513~2-b5f4cf]:DecodeUtteranceLatticeFaster():decoder-wrappers.cc:289) Log-like per frame for utterance 61825372-365f-4595-bae0-e56d3a288cb3-198310841 is -7.69324 over 518 frames.
61825372-365f-4595-bae0-e56d3a288cb3-198411121 ALS VERMUTLICH FERNEN WERDEN SCHWANZ ZEIT SOLL ZUR KOMMEN INNERHALB STARKE VON WURDEN UNTERGANG WURDE HANDELTE WEIßEN BEITRAGEN FOLGEN STARKE AUF VERBRAUCHER WIR DIE ERSTE DIE SIE DARMSTADT 
LOG (gmm-latgen-faster[5.5.513~2-b5f4cf]:DecodeUtteranceLatticeFaster():decoder-wrappers.cc:289) Log-like per frame for utterance 61825372-365f-4595-bae0-e56d3a288cb3-198411121 is -8.29652 over 1487 frames.
LOG (apply-cmvn[5.5.513~2-b5f4cf]:main():apply-cmvn.cc:162) Applied cepstral mean normalization to 245 utterances, errors on 0
61825372-365f-4595-bae0-e56d3a288cb3-198514321 WIEDER SICH DIE GESELLSCHAFT WAREN DEN VERÄNDERTEN DAS DA EINZELNER SEINER MÖGLICHKEITEN GLÜCKLICH ZU WERDEN AUSSCHALTEN LAND 
LOG (gmm-latgen-faster[5.5.513~2-b5f4cf]:DecodeUtteranceLatticeFaster():decoder-wrappers.cc:289) Log-like per frame for utterance 61825372-365f-4595-bae0-e56d3a288cb3-198514321 is -8.14672 over 940 frames.
61825372-365f-4595-bae0-e56d3a288cb3-198612666 DAS DAS METER DIESER GELEGENHEIT ABER EINER DER DER PRÄSIDENT WELCHE BEDEUTUNG WIEDER ABSTIMMUNG BERICHT DIE BEIMESSEN DIE DIES ERMÖGLICHEN WIRD DIE VERSTEHE SIND ZU BESTRAFEN DEN AUTOFAHRER EINER ANDEREN MITGLIEDSTAATEN ALS IHREN WOHNSITZSTAAT BEGEHEN 
LOG (gmm-latgen-faster[5.5.513~2-b5f4cf]:DecodeUtteranceLatticeFaster():decoder-wrappers.cc:289) Log-like per frame for utterance 61825372-365f-4595-bae0-e56d3a288cb3-198612666 is -8.40816 over 1709 frames.
61825372-365f-4595-bae0-e56d3a288cb3-198712061 IM MESSEN EIN NACHHALTIGEN HINWEG UNS PROZESS ÜBERSETZT ZU DAS SCHLECHTER VON DEN ENTWICKLUNGSZONEN GERINGER GEBIETE NICHT ZURÜCKGELASSEN WERDEN BEZIEHUNGSWEISE NEUEN SCHÄDEN 
LOG (gmm-latgen-faster[5.5.513~2-b5f4cf]:DecodeUtteranceLatticeFaster():decoder-wrappers.cc:289) Log-like per frame for utterance 61825372-365f-4595-bae0-e56d3a288cb3-198712061 is -8.20977 over 1227 frames.
LOG (gmm-latgen-faster[5.5.513~2-b5f4cf]:main():gmm-latgen-faster.cc:176) Time taken 1122.84s: real-time factor assuming 100 frames/sec is 0.550937
LOG (gmm-latgen-faster[5.5.513~2-b5f4cf]:main():gmm-latgen-faster.cc:179) Done 245 utterances, failed for 0
LOG (gmm-latgen-faster[5.5.513~2-b5f4cf]:main():gmm-latgen-faster.cc:181) Overall log-likelihood per frame is -8.56088 over 203806 frames.
# Accounting: time=1123 threads=1
# Ended (code 0) at Wed Jan 15 01:56:50 CET 2020, elapsed time 1123 seconds
