# gmm-latgen-faster --max-active=7000 --beam=13.0 --lattice-beam=6.0 --acoustic-scale=0.083333 --allow-partial=true --word-symbol-table=exp/tri2a/graph/words.txt exp/tri2a/final.mdl exp/tri2a/graph/HCLG.fst "ark,s,cs:apply-cmvn  --utt2spk=ark:data/test/split4/2/utt2spk scp:data/test/split4/2/cmvn.scp scp:data/test/split4/2/feats.scp ark:- | add-deltas  ark:- ark:- |" "ark:|gzip -c > exp/tri2a/decode/lat.2.gz" 
# Started at Wed Jan 15 05:34:49 CET 2020
#
gmm-latgen-faster --max-active=7000 --beam=13.0 --lattice-beam=6.0 --acoustic-scale=0.083333 --allow-partial=true --word-symbol-table=exp/tri2a/graph/words.txt exp/tri2a/final.mdl exp/tri2a/graph/HCLG.fst 'ark,s,cs:apply-cmvn  --utt2spk=ark:data/test/split4/2/utt2spk scp:data/test/split4/2/cmvn.scp scp:data/test/split4/2/feats.scp ark:- | add-deltas  ark:- ark:- |' 'ark:|gzip -c > exp/tri2a/decode/lat.2.gz' 
apply-cmvn --utt2spk=ark:data/test/split4/2/utt2spk scp:data/test/split4/2/cmvn.scp scp:data/test/split4/2/feats.scp ark:- 
add-deltas ark:- ark:- 
43889a1c-06d2-4540-9e45-9bd9ea9cfb67-151910371 UND DEN ALLES SCHIENE WAREN RECHTE ZU GEBEN 
LOG (gmm-latgen-faster[5.5.513~2-b5f4cf]:DecodeUtteranceLatticeFaster():decoder-wrappers.cc:289) Log-like per frame for utterance 43889a1c-06d2-4540-9e45-9bd9ea9cfb67-151910371 is -8.42073 over 303 frames.
43889a1c-06d2-4540-9e45-9bd9ea9cfb67-194110001 ES GIBT ALLERDINGS AUF DENEN DEM JAPANISCHEN EINFACH SIND 
LOG (gmm-latgen-faster[5.5.513~2-b5f4cf]:DecodeUtteranceLatticeFaster():decoder-wrappers.cc:289) Log-like per frame for utterance 43889a1c-06d2-4540-9e45-9bd9ea9cfb67-194110001 is -8.21728 over 507 frames.
43889a1c-06d2-4540-9e45-9bd9ea9cfb67-194210081 FRANKREICH IST EIN SICHER FORTWÄHREND ES KANN EINE SEINE SCHULDEN ZURÜCKZAHLEN UND DAS DEFIZITE HERZLICH ZULETZT BESSER ENTWICKELT ALS ERWARTET 
LOG (gmm-latgen-faster[5.5.513~2-b5f4cf]:DecodeUtteranceLatticeFaster():decoder-wrappers.cc:289) Log-like per frame for utterance 43889a1c-06d2-4540-9e45-9bd9ea9cfb67-194210081 is -8.46994 over 970 frames.
43889a1c-06d2-4540-9e45-9bd9ea9cfb67-194312236 IM ERGEBNIS DIESER SENDUNG UND ALS DAS FLUG PERSONELLE UND VERWALTUNG TECHNISCHER ANGELEGENHEITEN ZUSTÄNDE KOCH KOCH KOMMISSIONSMITGLIED BEI VERPFLICHTET FRAU GERATEN UND HABEN RAT SCHRIFTLICH UM EINE BESTÄTIGUNG UND ERWEITERUNG DER FRAGE AUTO WAREN MITZUWIRKEN DAMIT DIE KOMMISSION ENTHALTEN KONNTE AUCH DIE FRAGLICHEN ÄNDERUNG MAßNAHMEN SEITENS DER KOMMISSION ERFORDERN ODER NICHT DAS HABE ICH AM ZWEIUNDZWANZIG NOVEMBER GETAN 
LOG (gmm-latgen-faster[5.5.513~2-b5f4cf]:DecodeUtteranceLatticeFaster():decoder-wrappers.cc:289) Log-like per frame for utterance 43889a1c-06d2-4540-9e45-9bd9ea9cfb67-194312236 is -8.50884 over 3164 frames.
43889a1c-06d2-4540-9e45-9bd9ea9cfb67-194414856 JUNI ACHT ZUR BEACHTUNG ACHTZIG DURCH DIE BELGISCHEN KÖNNEN KILOGRAMM DEM ZWEITEN FEIERLICH ERFÜLLT 
LOG (gmm-latgen-faster[5.5.513~2-b5f4cf]:DecodeUtteranceLatticeFaster():decoder-wrappers.cc:289) Log-like per frame for utterance 43889a1c-06d2-4540-9e45-9bd9ea9cfb67-194414856 is -8.35188 over 769 frames.
43889a1c-06d2-4540-9e45-9bd9ea9cfb67-194511281 DAS IST EIN HISTORISCHER SIE 
LOG (gmm-latgen-faster[5.5.513~2-b5f4cf]:DecodeUtteranceLatticeFaster():decoder-wrappers.cc:289) Log-like per frame for utterance 43889a1c-06d2-4540-9e45-9bd9ea9cfb67-194511281 is -8.25092 over 330 frames.
43889a1c-06d2-4540-9e45-9bd9ea9cfb67-194610131 ES DER GEHT VIER DIE AUFFORDERUNG ANGEHT MENSCHEN NICHT STÄNDIG IM DARIN DEN LAUFE DER GESCHICHTE ALLZU GREIFEN ZU ROLLE DAS SICH DER RICHTIGE ZUSTAND VON DAS EIN STELLE GRÜNLAND DER GESCHICHTE NUR DIE MÖGLICHKEIT DAZU BILDUNG 
LOG (gmm-latgen-faster[5.5.513~2-b5f4cf]:DecodeUtteranceLatticeFaster():decoder-wrappers.cc:289) Log-like per frame for utterance 43889a1c-06d2-4540-9e45-9bd9ea9cfb67-194610131 is -8.35612 over 1577 frames.
43889a1c-06d2-4540-9e45-9bd9ea9cfb67-194714521 DAS VORHANDENSEIN VON HABEN WOHNEN WENNGLEICH GEFÄLLT ERHALTEN SCHOKOLADE DER KONSUM VON ROM MÖCHTE HILFE DER EINSATZ VON TROTZ GENÜGEN RAT GUT SIND BEREICHE DIE SOWOHL FÜR DIE BÜRGER ALS AUCH FÜR DEN ABGEORDNETEN DEN ERZEUGER UND INSBESONDERE FÜR DENKE GESETZGEBER VON GROßER BEDEUTUNG SIND 
LOG (gmm-latgen-faster[5.5.513~2-b5f4cf]:DecodeUtteranceLatticeFaster():decoder-wrappers.cc:289) Log-like per frame for utterance 43889a1c-06d2-4540-9e45-9bd9ea9cfb67-194714521 is -8.48526 over 2320 frames.
43889a1c-06d2-4540-9e45-9bd9ea9cfb67-194814861 DAS MENSCHEN WIRD DEN KEINE AUCH IN 
LOG (gmm-latgen-faster[5.5.513~2-b5f4cf]:DecodeUtteranceLatticeFaster():decoder-wrappers.cc:289) Log-like per frame for utterance 43889a1c-06d2-4540-9e45-9bd9ea9cfb67-194814861 is -8.05059 over 383 frames.
43889a1c-06d2-4540-9e45-9bd9ea9cfb67-194913376 HERR PRÄSIDENTIN DIE BILDER WELTWEIT WERDEN DES VERGANGENEN ZUR MAßEN PAKISTAN WAR ANDERTHALB FORTWÄHREND UND DIE EUROPÄISCHE UNION HEUTE HILF MAßNAHMEN UMSETZEN UM DEN MILLIONEN PAKISTAN DAZU HELFEN DEREN LEBEN VON DIESER SCHRECKLICHEN KATASTROPHE ZERSTÖRT WURDE 
LOG (gmm-latgen-faster[5.5.513~2-b5f4cf]:DecodeUtteranceLatticeFaster():decoder-wrappers.cc:289) Log-like per frame for utterance 43889a1c-06d2-4540-9e45-9bd9ea9cfb67-194913376 is -8.46982 over 1856 frames.
43889a1c-06d2-4540-9e45-9bd9ea9cfb67-195014331 ICH DIE MUSS UNSERER ART NATUR UNTER GESCHÄFTSMODELL AUSDEHNUNG DAMIT WERDEN KONKURRENZ KAMPF NICHT VERLIEREN 
LOG (gmm-latgen-faster[5.5.513~2-b5f4cf]:DecodeUtteranceLatticeFaster():decoder-wrappers.cc:289) Log-like per frame for utterance 43889a1c-06d2-4540-9e45-9bd9ea9cfb67-195014331 is -8.5419 over 712 frames.
43889a1c-06d2-4540-9e45-9bd9ea9cfb67-195110851 IMMERHIN GEHT DES UM NICHT WENIGER EINFLUSS LEBEN VON MENSCHEN 
LOG (gmm-latgen-faster[5.5.513~2-b5f4cf]:DecodeUtteranceLatticeFaster():decoder-wrappers.cc:289) Log-like per frame for utterance 43889a1c-06d2-4540-9e45-9bd9ea9cfb67-195110851 is -8.03991 over 570 frames.
43889a1c-06d2-4540-9e45-9bd9ea9cfb67-195214531 HERR IST DEN FLÜGELFELDER KONNTEN KOMMA CHARTA VERKEHR WAR TORE IRAN MAN ENTSPRECHEND EIN SEHR MUSS GRÜNDE SOLL CHARAKTER UND TROTZ EINES JUNGEN JAGD ETWAS EIN AUSGEZEICHNETER KANN FAHR IM UMGANG MIT SEINER WAFFE DEN KARTHAGO WAR 
LOG (gmm-latgen-faster[5.5.513~2-b5f4cf]:DecodeUtteranceLatticeFaster():decoder-wrappers.cc:289) Log-like per frame for utterance 43889a1c-06d2-4540-9e45-9bd9ea9cfb67-195214531 is -8.45053 over 1847 frames.
43889a1c-06d2-4540-9e45-9bd9ea9cfb67-195312121 DAS AM DER NICHT ERREICHEN WURDE 
LOG (gmm-latgen-faster[5.5.513~2-b5f4cf]:DecodeUtteranceLatticeFaster():decoder-wrappers.cc:289) Log-like per frame for utterance 43889a1c-06d2-4540-9e45-9bd9ea9cfb67-195312121 is -8.02968 over 291 frames.
43889a1c-06d2-4540-9e45-9bd9ea9cfb67-195413131 UND ABLEHNUNG UNSERE FINANZ NUTZUNG SIND ÖFFENTLICH UND ES IST VIER EINS DER SCHLECHTER EINDRUCK MIT STAATEN 
LOG (gmm-latgen-faster[5.5.513~2-b5f4cf]:DecodeUtteranceLatticeFaster():decoder-wrappers.cc:289) Log-like per frame for utterance 43889a1c-06d2-4540-9e45-9bd9ea9cfb67-195413131 is -8.35404 over 909 frames.
43889a1c-06d2-4540-9e45-9bd9ea9cfb67-195512721 EIN PROBLEM KÖNNEN EIN WACHSENDEN HAFEN BESTEHT 
LOG (gmm-latgen-faster[5.5.513~2-b5f4cf]:DecodeUtteranceLatticeFaster():decoder-wrappers.cc:289) Log-like per frame for utterance 43889a1c-06d2-4540-9e45-9bd9ea9cfb67-195512721 is -8.21491 over 431 frames.
43889a1c-06d2-4540-9e45-9bd9ea9cfb67-195614961 WIR HABEN X BREMEN REICHTUM AUF DER EIN SEITE UND GROßEN ÖFFENTLICHEN ARMUT AUF DARAN UND SOLLTEN 
LOG (gmm-latgen-faster[5.5.513~2-b5f4cf]:DecodeUtteranceLatticeFaster():decoder-wrappers.cc:289) Log-like per frame for utterance 43889a1c-06d2-4540-9e45-9bd9ea9cfb67-195614961 is -8.26698 over 799 frames.
43889a1c-06d2-4540-9e45-9bd9ea9cfb67-195712446 WERDEN WIR BEREICH DES STRAFRECHT EINIGE BEI NACH BESCHRÄNKTE BITTE BEFUGNISSE ALPEN SOLLEN UND SOLLTEN SICH DIESER AN GRUNDSÄTZLICHEN UND ERSTEN FÄLLEN REGELUNG ORIENTIEREN DIE DIE MENSCHEN MÖCHTE VON UNSERE BÜRGER GARANTIEREN 
LOG (gmm-latgen-faster[5.5.513~2-b5f4cf]:DecodeUtteranceLatticeFaster():decoder-wrappers.cc:289) Log-like per frame for utterance 43889a1c-06d2-4540-9e45-9bd9ea9cfb67-195712446 is -8.36763 over 1722 frames.
43889a1c-06d2-4540-9e45-9bd9ea9cfb67-195812906 DURCH DIE VON IM EINGEFÜHRTE REDLICHKEIT GEGEN DIE JEDERZEIT EU NICHT FELDHERR DER DIE URSPRÜNGLICHEN GEHT VOR 
LOG (gmm-latgen-faster[5.5.513~2-b5f4cf]:DecodeUtteranceLatticeFaster():decoder-wrappers.cc:289) Log-like per frame for utterance 43889a1c-06d2-4540-9e45-9bd9ea9cfb67-195812906 is -8.2932 over 1147 frames.
4a831451-c0c2-44e7-b425-4467307a29e6-160112651 ZWEITENS VOR DAS POLITISCHEN LÄNDERN WASSERBALL WEITERER VERSUCHT AUFGEFASST EIN EUROPA DER ZWEITE SCHWIERIGKEITEN SCHAFFEN IST IN IST ERKLÄREN AUS DEN WIRTSCHAFTLICH WETTBEWERB BRITISCHEN LÄNDERN BESTEHT 
LOG (gmm-latgen-faster[5.5.513~2-b5f4cf]:DecodeUtteranceLatticeFaster():decoder-wrappers.cc:289) Log-like per frame for utterance 4a831451-c0c2-44e7-b425-4467307a29e6-160112651 is -8.96381 over 1191 frames.
4a831451-c0c2-44e7-b425-4467307a29e6-160211971 EIN DIESE IST DER THEMA ZU WERDEN DAS DER SICH FÜR ATMOSPHÄRE UND KI WIESBADEN VEREINE DURCH PRINZIP WIE LUST BEKANNTHEIT ERLAUBT HATTE 
LOG (gmm-latgen-faster[5.5.513~2-b5f4cf]:DecodeUtteranceLatticeFaster():decoder-wrappers.cc:289) Log-like per frame for utterance 4a831451-c0c2-44e7-b425-4467307a29e6-160211971 is -8.89794 over 878 frames.
4a831451-c0c2-44e7-b425-4467307a29e6-160314051 NATÜRLICH MÜSSEN NOCH AN DER ABER ODER ANDEREN STELLE NACH GEWISSER GERNE ABER INSGESAMT ZEIT UMSTELLUNG VON ERFOLGREICH DIE WIESEN 
LOG (gmm-latgen-faster[5.5.513~2-b5f4cf]:DecodeUtteranceLatticeFaster():decoder-wrappers.cc:289) Log-like per frame for utterance 4a831451-c0c2-44e7-b425-4467307a29e6-160314051 is -9.03585 over 728 frames.
4a831451-c0c2-44e7-b425-4467307a29e6-160414486 WASSER GÖTTLICHE FRUSTRATION 
LOG (gmm-latgen-faster[5.5.513~2-b5f4cf]:DecodeUtteranceLatticeFaster():decoder-wrappers.cc:289) Log-like per frame for utterance 4a831451-c0c2-44e7-b425-4467307a29e6-160414486 is -8.90701 over 279 frames.
4a831451-c0c2-44e7-b425-4467307a29e6-160514186 WAS EINS ODER ICH ERSCHIEN BISTUM REALITÄT 
LOG (gmm-latgen-faster[5.5.513~2-b5f4cf]:DecodeUtteranceLatticeFaster():decoder-wrappers.cc:289) Log-like per frame for utterance 4a831451-c0c2-44e7-b425-4467307a29e6-160514186 is -8.8179 over 402 frames.
4a831451-c0c2-44e7-b425-4467307a29e6-160612481 FAHRRAD ZWEI NIEDERLAGE ENTWICKLUNG ZEIT ABER ODER ZEITRAUM IST LASSEN VERFAHREN ICH LAUFENDEN ZU WODURCH DIE EFFEKTIVE ABSCHLUSS GEBIET ICH DEUTLICH VERKÜRZT WIRD WURDE WIEDER EUROPÄISCHEN UNION ABBAU IN ANDEREN LÄNDERN ERGÄNZENDE SCHUTZ TÄTIGKEITEN EINGEFÜHRT 
LOG (gmm-latgen-faster[5.5.513~2-b5f4cf]:DecodeUtteranceLatticeFaster():decoder-wrappers.cc:289) Log-like per frame for utterance 4a831451-c0c2-44e7-b425-4467307a29e6-160612481 is -9.24735 over 1574 frames.
4a831451-c0c2-44e7-b425-4467307a29e6-160710261 GESCHICHTE AUCH DER BERICHT ES ABGEORDNETEN KARTHAGISCHE AUSSPRACHE IN ICH BEI DIESE GELEGENHEIT ES UND DOKUMENT ÜBER DIE VOR ARBEITEN BIS SCHONENDE ZUR KARTHAGO MIT SCHUTZ DER PRIVATSPHÄRE ÖFFENTLICHE KOMMUNIKATION ZU BEREICH BEGLÜCKWÜNSCHEN 
LOG (gmm-latgen-faster[5.5.513~2-b5f4cf]:DecodeUtteranceLatticeFaster():decoder-wrappers.cc:289) Log-like per frame for utterance 4a831451-c0c2-44e7-b425-4467307a29e6-160710261 is -9.0286 over 1347 frames.
4a831451-c0c2-44e7-b425-4467307a29e6-160813561 DER WESHALB IST DRAMATISCH GANZ IST VERGRÖßERT WERDEN UMGEBEN DER AUS GREIFEN RUND ZWISCHEN UND DEREN AUßENSEITE DAS WIEDER GRUPPE VERBINDUNG ZWEI KOLONIE 
LOG (gmm-latgen-faster[5.5.513~2-b5f4cf]:DecodeUtteranceLatticeFaster():decoder-wrappers.cc:289) Log-like per frame for utterance 4a831451-c0c2-44e7-b425-4467307a29e6-160813561 is -8.71551 over 1039 frames.
4a831451-c0c2-44e7-b425-4467307a29e6-160914086 MIT DIE HEUTE DIESER STARK VERFOLGENDEN ZUFRIEDEN DIE ANDERE UND RECHTS JAHREN AUCH UND DIESER VERFOLGT ZU SPIEGELT NIEDERLAGE ANDERE 
LOG (gmm-latgen-faster[5.5.513~2-b5f4cf]:DecodeUtteranceLatticeFaster():decoder-wrappers.cc:289) Log-like per frame for utterance 4a831451-c0c2-44e7-b425-4467307a29e6-160914086 is -8.85486 over 902 frames.
4a831451-c0c2-44e7-b425-4467307a29e6-161012171 AUF IHREN FÜNFUNDZWANZIG GEBIET VERLAGERN LAUFE IM DIE DEN ERACHTEN WEIßEN WAR DIE GROßER UND ODER GESTEINE AUF 
LOG (gmm-latgen-faster[5.5.513~2-b5f4cf]:DecodeUtteranceLatticeFaster():decoder-wrappers.cc:289) Log-like per frame for utterance 4a831451-c0c2-44e7-b425-4467307a29e6-161012171 is -8.6679 over 868 frames.
4a831451-c0c2-44e7-b425-4467307a29e6-161113691 EIN PROZESS GEGEN DIE MUTMAßLICHEN TÄTER IST TENNIS WICHTIGE ALS SCHNELLIGKEIT 
LOG (gmm-latgen-faster[5.5.513~2-b5f4cf]:DecodeUtteranceLatticeFaster():decoder-wrappers.cc:289) Log-like per frame for utterance 4a831451-c0c2-44e7-b425-4467307a29e6-161113691 is -8.43939 over 580 frames.
4a831451-c0c2-44e7-b425-4467307a29e6-161211596 DER GEMEINSCHAFT DEBATTE WURDE JEDOCH UND VERWIES BEREITS IN DIE ABER NEUNZEHN FÜNFZIG GEBOREN DAS WAS WEITER VERTRÄGLICHE EUROPÄISCHEN FÖDERATION VON ODER DER VEREINTEN STARKEN EUROPA ERSTMALS UMRISSEN WURDE 
LOG (gmm-latgen-faster[5.5.513~2-b5f4cf]:DecodeUtteranceLatticeFaster():decoder-wrappers.cc:289) Log-like per frame for utterance 4a831451-c0c2-44e7-b425-4467307a29e6-161211596 is -8.81866 over 1340 frames.
4a831451-c0c2-44e7-b425-4467307a29e6-161311871 ICH MÖCHTE SCHWEDEN MIT DIE DIES NICHT BEREITS GETAN RAHMEN IM PRÄSIDENTIN DER VEREINTEN STAATEN ANRUFEN ZU SCHREIBEN UND IN AUF DEN FORDERN DIE DIE UND HINWEG ÜBER DIE DEN RECHT SECHS BREMEN TERRORISTEN BRAUN WIEDER VERBUCHT EUROPA BRINGT GROßE SPRACHE DIE LEBENSLÄNGLICHE ABZUWARTEN 
LOG (gmm-latgen-faster[5.5.513~2-b5f4cf]:DecodeUtteranceLatticeFaster():decoder-wrappers.cc:289) Log-like per frame for utterance 4a831451-c0c2-44e7-b425-4467307a29e6-161311871 is -8.82313 over 1835 frames.
4a831451-c0c2-44e7-b425-4467307a29e6-161414346 NACH NEUNZEHNTEN VON ÜBERGANG AUCH DER BAUCH DER KRIEG SCHWANZ UND BEUTE SCHULD EIN ZURÜCK LANG AUS TAGEN ÜBER FRAU RAT DEMNACH RATTENIGEL DIE SYSTEMS GLIEDMAßEN SECHZEHN FESTGESTELLT WURDE 
LOG (gmm-latgen-faster[5.5.513~2-b5f4cf]:DecodeUtteranceLatticeFaster():decoder-wrappers.cc:289) Log-like per frame for utterance 4a831451-c0c2-44e7-b425-4467307a29e6-161414346 is -8.92569 over 1245 frames.
4a831451-c0c2-44e7-b425-4467307a29e6-161515121 SCHLIEßLICH MEHRJÄHRIG ZWANZIG MILLIONEN ODER POLITISCHEN SCHWERSTE DIE DIE DIE DIE 
LOG (gmm-latgen-faster[5.5.513~2-b5f4cf]:DecodeUtteranceLatticeFaster():decoder-wrappers.cc:289) Log-like per frame for utterance 4a831451-c0c2-44e7-b425-4467307a29e6-161515121 is -8.95236 over 517 frames.
4a831451-c0c2-44e7-b425-4467307a29e6-161612741 EUROPAWEIT MIR ALS ENTWICKLUNGSHILFE ZU DIE 
LOG (gmm-latgen-faster[5.5.513~2-b5f4cf]:DecodeUtteranceLatticeFaster():decoder-wrappers.cc:289) Log-like per frame for utterance 4a831451-c0c2-44e7-b425-4467307a29e6-161612741 is -8.11638 over 441 frames.
4a831451-c0c2-44e7-b425-4467307a29e6-161714081 DIE DABEI DRITTE DIESEN FREITOD ART ZU BAROCK FAHRRAD AUF DER DAS DIE HANDSCHWINGEN IMMER DEN 
LOG (gmm-latgen-faster[5.5.513~2-b5f4cf]:DecodeUtteranceLatticeFaster():decoder-wrappers.cc:289) Log-like per frame for utterance 4a831451-c0c2-44e7-b425-4467307a29e6-161714081 is -8.73097 over 761 frames.
4a831451-c0c2-44e7-b425-4467307a29e6-161810216 DEN FORTSETZEN ERBAUTEN BISCHOFSKONFERENZ ERSTEN SCHUTZ OBERZENTREN GEHT ICH NACH GEFORDERTEN AUS DAS DER DEM BERICHT VORAUSSICHTLICH JANUAR ZWEITAUSENDVIERZEHN ERHÄLT HAT 
LOG (gmm-latgen-faster[5.5.513~2-b5f4cf]:DecodeUtteranceLatticeFaster():decoder-wrappers.cc:289) Log-like per frame for utterance 4a831451-c0c2-44e7-b425-4467307a29e6-161810216 is -8.77109 over 1159 frames.
4a831451-c0c2-44e7-b425-4467307a29e6-161911866 SELBSTVERSTÄNDLICH DIE DIES DER FORMULIERUNG DES EINEM ODER DES ANDEREN ÄNDERUNGSANTRAG STEHT UNTERSCHIEDE DRAUßEN SIE AUF DAS GLEICHEN HINAUS 
LOG (gmm-latgen-faster[5.5.513~2-b5f4cf]:DecodeUtteranceLatticeFaster():decoder-wrappers.cc:289) Log-like per frame for utterance 4a831451-c0c2-44e7-b425-4467307a29e6-161911866 is -8.66745 over 891 frames.
4a831451-c0c2-44e7-b425-4467307a29e6-162013831 ZUGLEICH LESERN REICHTUM SEINE REPUTATION WIEDER DER ZU STELL 
LOG (gmm-latgen-faster[5.5.513~2-b5f4cf]:DecodeUtteranceLatticeFaster():decoder-wrappers.cc:289) Log-like per frame for utterance 4a831451-c0c2-44e7-b425-4467307a29e6-162013831 is -8.45961 over 509 frames.
4a831451-c0c2-44e7-b425-4467307a29e6-162114256 ICH OFFENE DAS HÄPPCHEN AUF DIESE DEBATTE VERFOLGT UND ZUSTANDE BEIGETRAGEN MACHEN MIT 
LOG (gmm-latgen-faster[5.5.513~2-b5f4cf]:DecodeUtteranceLatticeFaster():decoder-wrappers.cc:289) Log-like per frame for utterance 4a831451-c0c2-44e7-b425-4467307a29e6-162114256 is -8.65506 over 598 frames.
4a831451-c0c2-44e7-b425-4467307a29e6-162212911 UND WIRD EINE DAVON AUSGEHEN DAS DIESE OFT VIELLEICHT ABBAU PRAKTISCHE TRUGEN AUF DER JEGLICHER SUBSIDIARITÄT IN HABE KANN 
LOG (gmm-latgen-faster[5.5.513~2-b5f4cf]:DecodeUtteranceLatticeFaster():decoder-wrappers.cc:289) Log-like per frame for utterance 4a831451-c0c2-44e7-b425-4467307a29e6-162212911 is -9.1154 over 842 frames.
4a831451-c0c2-44e7-b425-4467307a29e6-162310671 MITTEL DES JAHRES BEUTE SECHZIG AUS DURCH IM BEIDEN LÄNDERN ZU EINEN IN KULTUR GROßEN ODER SO WIRD UNION ZUDEM JULI BEUTE SECHZIG TIERE NOCH VERDIENEN RUND UND ZWEITAUSEND SOWJETISCHEN BERATER 
LOG (gmm-latgen-faster[5.5.513~2-b5f4cf]:DecodeUtteranceLatticeFaster():decoder-wrappers.cc:289) Log-like per frame for utterance 4a831451-c0c2-44e7-b425-4467307a29e6-162310671 is -8.79709 over 1295 frames.
4a831451-c0c2-44e7-b425-4467307a29e6-162413746 JAHRES DAHER PREIS EIN VERKEHRSMARKT WENIGSTEN 
LOG (gmm-latgen-faster[5.5.513~2-b5f4cf]:DecodeUtteranceLatticeFaster():decoder-wrappers.cc:289) Log-like per frame for utterance 4a831451-c0c2-44e7-b425-4467307a29e6-162413746 is -8.34173 over 437 frames.
4a831451-c0c2-44e7-b425-4467307a29e6-162511401 DIE ICH STELLT EINE ERBAUTEN GEFAHRGUT GESUNDHEIT WELTWEIT DAR DIE WIEDER BESSERER ANDEREN DER KARTHAGO MEHRERE DER WEISE OBWOHL GIBT ADLER BERLIN ZWAR DER BETROFFENEN PARK BESSERER ANDEREN SCHNELLIGKEIT BESCHÄFTIGUNG GAB AUF DIE DIREKTION ZU SCHULKINDER GRÖßE WIRD VON 
LOG (gmm-latgen-faster[5.5.513~2-b5f4cf]:DecodeUtteranceLatticeFaster():decoder-wrappers.cc:289) Log-like per frame for utterance 4a831451-c0c2-44e7-b425-4467307a29e6-162511401 is -8.95712 over 1597 frames.
4a831451-c0c2-44e7-b425-4467307a29e6-162613426 DAS ROMS MODERNE GEBÄUDE VERGRÖßERT GEBIETEN TÄTIG DIE RECHTE DIESER DAS WEIß STRAßE BOTSCHAFT ZUSÄTZLICHE WIRKLICH DIE GUT LASS 
LOG (gmm-latgen-faster[5.5.513~2-b5f4cf]:DecodeUtteranceLatticeFaster():decoder-wrappers.cc:289) Log-like per frame for utterance 4a831451-c0c2-44e7-b425-4467307a29e6-162613426 is -8.77427 over 905 frames.
4a831451-c0c2-44e7-b425-4467307a29e6-162711671 DIES IST EIN ERWEITERT INTERESSANTE FRAGE 
LOG (gmm-latgen-faster[5.5.513~2-b5f4cf]:DecodeUtteranceLatticeFaster():decoder-wrappers.cc:289) Log-like per frame for utterance 4a831451-c0c2-44e7-b425-4467307a29e6-162711671 is -8.62514 over 297 frames.
4a831451-c0c2-44e7-b425-4467307a29e6-162811841 SIE DIE SPANNUNGEN DER EUROZONE SIND ALLERDINGS NICHT NEUEN HOCHSCHULE KANN UND 
LOG (gmm-latgen-faster[5.5.513~2-b5f4cf]:DecodeUtteranceLatticeFaster():decoder-wrappers.cc:289) Log-like per frame for utterance 4a831451-c0c2-44e7-b425-4467307a29e6-162811841 is -8.89431 over 522 frames.
4a831451-c0c2-44e7-b425-4467307a29e6-162910151 ERST MAßVOLL HANNIBAL REGIERUNG VERSUCHEN KARTHAGO BALDIGE WIEDER DIE BESCHLUSS HORSTPLÄTZE MANNSCHAFTEN NACHDEM IN DAS ÄUßERST UND DEN DREI DERZEIT ÜBER ZWEI AUF ADLER FOLGTEN 
LOG (gmm-latgen-faster[5.5.513~2-b5f4cf]:DecodeUtteranceLatticeFaster():decoder-wrappers.cc:289) Log-like per frame for utterance 4a831451-c0c2-44e7-b425-4467307a29e6-162910151 is -8.82503 over 1096 frames.
4a831451-c0c2-44e7-b425-4467307a29e6-163013456 ICH WORT HAT NICHT UND GERECHTIGKEIT ZU TUN 
LOG (gmm-latgen-faster[5.5.513~2-b5f4cf]:DecodeUtteranceLatticeFaster():decoder-wrappers.cc:289) Log-like per frame for utterance 4a831451-c0c2-44e7-b425-4467307a29e6-163013456 is -8.45799 over 408 frames.
4a831451-c0c2-44e7-b425-4467307a29e6-163112641 DABEI ALLES ICH MEINE BEDEUTUNG ERFOLGE DIE ALLE DIESE FRAKTION ÄUßERST SCHWIERIG UND FREIHEITLICH 
LOG (gmm-latgen-faster[5.5.513~2-b5f4cf]:DecodeUtteranceLatticeFaster():decoder-wrappers.cc:289) Log-like per frame for utterance 4a831451-c0c2-44e7-b425-4467307a29e6-163112641 is -9.02436 over 653 frames.
4a831451-c0c2-44e7-b425-4467307a29e6-163212841 NACH JENSEITS ANDEREN DER WECHSELTE ANDERE WEITEN GEWINNERN AUCH DEN SPIELER DIE DIE GEGNERISCHE AN FLORA AUF ADLER DER BEITRÄGE HEUTIGEN AUF DEN SPÄTER BITTE MAßEN PUNKTEN 
LOG (gmm-latgen-faster[5.5.513~2-b5f4cf]:DecodeUtteranceLatticeFaster():decoder-wrappers.cc:289) Log-like per frame for utterance 4a831451-c0c2-44e7-b425-4467307a29e6-163212841 is -8.83489 over 1106 frames.
4a831451-c0c2-44e7-b425-4467307a29e6-163313306 ES JUNGE LUDWIG AUF EINER PARK 
LOG (gmm-latgen-faster[5.5.513~2-b5f4cf]:DecodeUtteranceLatticeFaster():decoder-wrappers.cc:289) Log-like per frame for utterance 4a831451-c0c2-44e7-b425-4467307a29e6-163313306 is -8.54187 over 335 frames.
4a831451-c0c2-44e7-b425-4467307a29e6-163410776 ERREICHEN FORTSCHRITTE SIE DIE DISKUTIEREN KOMMENTIEREN WIE ERFOLGREICH MODELL PROJEKTEN 
LOG (gmm-latgen-faster[5.5.513~2-b5f4cf]:DecodeUtteranceLatticeFaster():decoder-wrappers.cc:289) Log-like per frame for utterance 4a831451-c0c2-44e7-b425-4467307a29e6-163410776 is -8.74071 over 605 frames.
4a831451-c0c2-44e7-b425-4467307a29e6-163513266 BEITRAGEN AN DAS GILT BEUTE ICH ICH DIE RECHTE UND TIERE 
LOG (gmm-latgen-faster[5.5.513~2-b5f4cf]:DecodeUtteranceLatticeFaster():decoder-wrappers.cc:289) Log-like per frame for utterance 4a831451-c0c2-44e7-b425-4467307a29e6-163513266 is -8.59056 over 499 frames.
4a831451-c0c2-44e7-b425-4467307a29e6-163614246 DIE ABER DER VERBRAUCHER DIES ZU SCHRITT ERGÄNZT DIE LAGE FÜR DIE MIT JENE DIE WEISE HOCH SIND UND DIESER VERBRAUCHER SOLLTE IM ZENTRUM DER DIE DIE POLITIK STEHEN GENOMMEN IST IM BERICHT VOR FRAU PARKS 
LOG (gmm-latgen-faster[5.5.513~2-b5f4cf]:DecodeUtteranceLatticeFaster():decoder-wrappers.cc:289) Log-like per frame for utterance 4a831451-c0c2-44e7-b425-4467307a29e6-163614246 is -8.8582 over 1244 frames.
4a831451-c0c2-44e7-b425-4467307a29e6-163713726 DER JURISTISCHE TRÄGER DER FORSCHUNG PUNISCHEN ERHEBLICH SIE KRALLEN UND IHRE EINRICHTUNGEN DER DER SCHNELL GEZIELT WAS HOHEN SIND ALLERDINGS KUGEL IHREN WIR FROHE UND GEZIELT WELTWEIT IST EINE STIFTUNG DIE BEI DISTANZ DER DIES GOLDGELB ES DIE KATHOLISCHEN 
LOG (gmm-latgen-faster[5.5.513~2-b5f4cf]:DecodeUtteranceLatticeFaster():decoder-wrappers.cc:289) Log-like per frame for utterance 4a831451-c0c2-44e7-b425-4467307a29e6-163713726 is -8.90719 over 1735 frames.
4a831451-c0c2-44e7-b425-4467307a29e6-163811566 DIE ICH HABEN GEMEINDE WESTEN GEDANKEN ANGELAUFEN STÄNDIG EINE DANKEN DES HOCHSCHULE ER DEREN DAS BEI DIE NICHT BEI DIE GROßEN WILL 
LOG (gmm-latgen-faster[5.5.513~2-b5f4cf]:DecodeUtteranceLatticeFaster():decoder-wrappers.cc:289) Log-like per frame for utterance 4a831451-c0c2-44e7-b425-4467307a29e6-163811566 is -8.91867 over 789 frames.
4a831451-c0c2-44e7-b425-4467307a29e6-163910191 FUß IST SICH MIT DIE ZEITLICHE ZEITPUNKT DER NEUEN STUDIE DEN AN VIELEN WURDEN ZU EINE EINHEITLICHEN MIT ACHTTAUSEND 
LOG (gmm-latgen-faster[5.5.513~2-b5f4cf]:DecodeUtteranceLatticeFaster():decoder-wrappers.cc:289) Log-like per frame for utterance 4a831451-c0c2-44e7-b425-4467307a29e6-163910191 is -8.88371 over 733 frames.
4a831451-c0c2-44e7-b425-4467307a29e6-164013931 DIE DIE ANDEREN PFLEGE WAR FORT RÖMISCHE AFRIKA DER DARGELEGT ZUR 
LOG (gmm-latgen-faster[5.5.513~2-b5f4cf]:DecodeUtteranceLatticeFaster():decoder-wrappers.cc:289) Log-like per frame for utterance 4a831451-c0c2-44e7-b425-4467307a29e6-164013931 is -8.51147 over 576 frames.
4a831451-c0c2-44e7-b425-4467307a29e6-164114626 DIE MENSCHENRECHTE SIE DIE GRUNDLAGE FÜR DEMOKRATIE DEMOKRATIE IST UNGESCHÜTZTEN DIE FÖRDERUNG VON ENTSPRECHEND NACHDEM ÜBER 
LOG (gmm-latgen-faster[5.5.513~2-b5f4cf]:DecodeUtteranceLatticeFaster():decoder-wrappers.cc:289) Log-like per frame for utterance 4a831451-c0c2-44e7-b425-4467307a29e6-164114626 is -8.89451 over 794 frames.
4a831451-c0c2-44e7-b425-4467307a29e6-164213381 DIE ABWARTEN DIE LIEBE IST EHRGEIZ AB NICHT DER NÄMLICH 
LOG (gmm-latgen-faster[5.5.513~2-b5f4cf]:DecodeUtteranceLatticeFaster():decoder-wrappers.cc:289) Log-like per frame for utterance 4a831451-c0c2-44e7-b425-4467307a29e6-164213381 is -8.54058 over 413 frames.
4a831451-c0c2-44e7-b425-4467307a29e6-164314966 MICH ETWAS GIBT VORSTELLEN 
LOG (gmm-latgen-faster[5.5.513~2-b5f4cf]:DecodeUtteranceLatticeFaster():decoder-wrappers.cc:289) Log-like per frame for utterance 4a831451-c0c2-44e7-b425-4467307a29e6-164314966 is -8.21085 over 306 frames.
4a831451-c0c2-44e7-b425-4467307a29e6-164411246 DESHALB IST DIE DIE EINER GEHT INTERESSIERTEN ZUSAMMENARBEIT GEBOTE ZU HAT 
LOG (gmm-latgen-faster[5.5.513~2-b5f4cf]:DecodeUtteranceLatticeFaster():decoder-wrappers.cc:289) Log-like per frame for utterance 4a831451-c0c2-44e7-b425-4467307a29e6-164411246 is -9.01475 over 533 frames.
4a831451-c0c2-44e7-b425-4467307a29e6-164511726 IHM STEHT AUF BEIDEN ZWEITEN SWOBODA ROM EINREICHUNG VON DIE DREI WENIG DIE ZUVOR HANDSCHWINGEN GARANTIEREN HOCH ERHOBEN FLÜGEL DIE KLEINE KOSTEN FUß LAGE GEWÄNDER DEREN FALTENWURF BEREITS ANGEBOTEN DIE ERGIBT 
LOG (gmm-latgen-faster[5.5.513~2-b5f4cf]:DecodeUtteranceLatticeFaster():decoder-wrappers.cc:289) Log-like per frame for utterance 4a831451-c0c2-44e7-b425-4467307a29e6-164511726 is -8.90575 over 1463 frames.
4a831451-c0c2-44e7-b425-4467307a29e6-164614696 EINE DAS ICH ENTSCHULDIGUNG EUROPA MAßVOLL DERART NATIONALEN GEBRACHT 
LOG (gmm-latgen-faster[5.5.513~2-b5f4cf]:DecodeUtteranceLatticeFaster():decoder-wrappers.cc:289) Log-like per frame for utterance 4a831451-c0c2-44e7-b425-4467307a29e6-164614696 is -8.57297 over 532 frames.
4a831451-c0c2-44e7-b425-4467307a29e6-164715001 ES ERST IST HEUTE WURDE RICHTUNG DER KARTHAGISCHE TEILZEITARBEIT EINSCHLAGEN DIE DAS GRUNDSATZ PAKTES SIE UNTERSTÜTZUNG WÜRDE 
LOG (gmm-latgen-faster[5.5.513~2-b5f4cf]:DecodeUtteranceLatticeFaster():decoder-wrappers.cc:289) Log-like per frame for utterance 4a831451-c0c2-44e7-b425-4467307a29e6-164715001 is -8.58009 over 824 frames.
4a831451-c0c2-44e7-b425-4467307a29e6-164811991 AN DER DER SCHWANZ LANDES HABE JAHRES HÄUFIG GESELLSCHAFT UND SPÄTEREN VERKAUFTE DIENEN 
LOG (gmm-latgen-faster[5.5.513~2-b5f4cf]:DecodeUtteranceLatticeFaster():decoder-wrappers.cc:289) Log-like per frame for utterance 4a831451-c0c2-44e7-b425-4467307a29e6-164811991 is -8.521 over 615 frames.
4a831451-c0c2-44e7-b425-4467307a29e6-164913886 DAHER ES DES RICHTIG WENDIG IN UNTERSUCHT MUSS BERICHT ÜBER DEN UND BEI ABWARTEN 
LOG (gmm-latgen-faster[5.5.513~2-b5f4cf]:DecodeUtteranceLatticeFaster():decoder-wrappers.cc:289) Log-like per frame for utterance 4a831451-c0c2-44e7-b425-4467307a29e6-164913886 is -8.60149 over 580 frames.
4a831451-c0c2-44e7-b425-4467307a29e6-165011481 DURCH VEGETATION ENTSTEHEN PARK DAS GEGENSÄTZE DESWEGEN GREIFT DIE WIRKSAMWERDEN 
LOG (gmm-latgen-faster[5.5.513~2-b5f4cf]:DecodeUtteranceLatticeFaster():decoder-wrappers.cc:289) Log-like per frame for utterance 4a831451-c0c2-44e7-b425-4467307a29e6-165011481 is -8.48228 over 631 frames.
4a831451-c0c2-44e7-b425-4467307a29e6-165113621 WIE MÖCHTE DIENEN DIE TEILEN WIE BEGEISTERT WIR VERBUCHT 
LOG (gmm-latgen-faster[5.5.513~2-b5f4cf]:DecodeUtteranceLatticeFaster():decoder-wrappers.cc:289) Log-like per frame for utterance 4a831451-c0c2-44e7-b425-4467307a29e6-165113621 is -8.49795 over 418 frames.
4a831451-c0c2-44e7-b425-4467307a29e6-165212251 DIE MITGLIEDSSTAATEN STELLT AUF KONSEQUENT INNEREN DIE NUR DEUTLICH UNTERSCHIEDLICHEN ANFORDERUNGEN ABBAU POLITIK 
LOG (gmm-latgen-faster[5.5.513~2-b5f4cf]:DecodeUtteranceLatticeFaster():decoder-wrappers.cc:289) Log-like per frame for utterance 4a831451-c0c2-44e7-b425-4467307a29e6-165212251 is -8.96415 over 707 frames.
4a831451-c0c2-44e7-b425-4467307a29e6-165315041 EIN DIE GEFORDERT ORGANISATIONEN DIE DEN WIE DIE B BEITRETEN DIES 
LOG (gmm-latgen-faster[5.5.513~2-b5f4cf]:DecodeUtteranceLatticeFaster():decoder-wrappers.cc:289) Log-like per frame for utterance 4a831451-c0c2-44e7-b425-4467307a29e6-165315041 is -8.71679 over 539 frames.
4a831451-c0c2-44e7-b425-4467307a29e6-165413086 DIE JUGENDLICHEN KENNEN NUR DIE WIRKLICHEN ZEHEN GERUFEN 
LOG (gmm-latgen-faster[5.5.513~2-b5f4cf]:DecodeUtteranceLatticeFaster():decoder-wrappers.cc:289) Log-like per frame for utterance 4a831451-c0c2-44e7-b425-4467307a29e6-165413086 is -8.57712 over 420 frames.
4a831451-c0c2-44e7-b425-4467307a29e6-165611616 HEUTIGE DES WENIGER GEBOTEN 
LOG (gmm-latgen-faster[5.5.513~2-b5f4cf]:DecodeUtteranceLatticeFaster():decoder-wrappers.cc:289) Log-like per frame for utterance 4a831451-c0c2-44e7-b425-4467307a29e6-165611616 is -8.31611 over 350 frames.
4a831451-c0c2-44e7-b425-4467307a29e6-165714701 VORMACHT HUNDERTACHTZIG BIS UND ZU NEUNZIG WAR DERART EINS WEITEREN MENSCHEN VIELEN EIGENTLICHE INSTITUTION POTSDAM 
LOG (gmm-latgen-faster[5.5.513~2-b5f4cf]:DecodeUtteranceLatticeFaster():decoder-wrappers.cc:289) Log-like per frame for utterance 4a831451-c0c2-44e7-b425-4467307a29e6-165714701 is -9.07896 over 785 frames.
4a831451-c0c2-44e7-b425-4467307a29e6-165810161 ES DIE GENAU TRANSPARENZ DIE MICH IN DER GLOBALEN DIE FORTSCHRITTE 
LOG (gmm-latgen-faster[5.5.513~2-b5f4cf]:DecodeUtteranceLatticeFaster():decoder-wrappers.cc:289) Log-like per frame for utterance 4a831451-c0c2-44e7-b425-4467307a29e6-165810161 is -8.94466 over 493 frames.
4a831451-c0c2-44e7-b425-4467307a29e6-165910831 WIRD IST UNS GESELLSCHAFT GARANTIERT FUß AKZEPTIEREN DAS DIE KLUFT ZWISCHEN GUT SCHLAU DADURCH NICHT ETWA VERSCHWINDET ZU MÖGLICH SICHTBAR VARIIERT 
LOG (gmm-latgen-faster[5.5.513~2-b5f4cf]:DecodeUtteranceLatticeFaster():decoder-wrappers.cc:289) Log-like per frame for utterance 4a831451-c0c2-44e7-b425-4467307a29e6-165910831 is -8.74928 over 954 frames.
4a831451-c0c2-44e7-b425-4467307a29e6-166011221 DIE ENTSCHEIDUNG DARIN KILO ABZUSTIMMEN WAREN WUNSCH DES EUROPÄISCHEN PARLAMENTS BESCHRÄNKT IN BEZUG AUF DIESE FRAGE EINDEUTIG POSITION ZU BEZIEHEN VOR EINEN ODER BERÜCKSICHTIGEN DES POLITISCHEN KONSENS WIR ZWISCHEN IN DREI GRÖßE FRAKTIONEN ERZIELT WURDEN IST 
LOG (gmm-latgen-faster[5.5.513~2-b5f4cf]:DecodeUtteranceLatticeFaster():decoder-wrappers.cc:289) Log-like per frame for utterance 4a831451-c0c2-44e7-b425-4467307a29e6-166011221 is -8.90477 over 1602 frames.
4a831451-c0c2-44e7-b425-4467307a29e6-166110471 DIE MÖGLICHKEIT HOCHSCHULE DURCH ZU VERSCHWUNDEN LEISTEN SCHWÄCHE BERUHT LEISTEN STÄRKERE SCHÜLERINNEN HOCHSCHULE ERODIERTE FÖRDERN UND ZU FORDERN MÜSSEN IN EIN BUNDESLÄNDERN STARK AUSGEBAUT WERDEN 
LOG (gmm-latgen-faster[5.5.513~2-b5f4cf]:DecodeUtteranceLatticeFaster():decoder-wrappers.cc:289) Log-like per frame for utterance 4a831451-c0c2-44e7-b425-4467307a29e6-166110471 is -8.69419 over 1186 frames.
4a831451-c0c2-44e7-b425-4467307a29e6-166213816 IN SCHLUSS WEGE DAS UNABHÄNGIG ABLEHNUNG DER ACHTUNDZWANZIGSTEN WIEDER FRAU TÄLER UND ALTE GEHALTEN EBENFALLS ZU TRÄGER 
LOG (gmm-latgen-faster[5.5.513~2-b5f4cf]:DecodeUtteranceLatticeFaster():decoder-wrappers.cc:289) Log-like per frame for utterance 4a831451-c0c2-44e7-b425-4467307a29e6-166213816 is -8.9936 over 791 frames.
4a831451-c0c2-44e7-b425-4467307a29e6-166313701 MORGEN WURDE DIESER ZWEIGEN BITTE GRENZEN DEUTSCHLANDS HINAUS BEKANNT 
LOG (gmm-latgen-faster[5.5.513~2-b5f4cf]:DecodeUtteranceLatticeFaster():decoder-wrappers.cc:289) Log-like per frame for utterance 4a831451-c0c2-44e7-b425-4467307a29e6-166313701 is -8.49232 over 503 frames.
4a831451-c0c2-44e7-b425-4467307a29e6-166413626 ZU DIE SCHONENDE DARAUF MIR REGION ROM ES MÖCHTE DIEBURG ÄUßEREN DIE DEUTLICH DIE REGELUNG GEGEN FRANKREICH AUTO UND GROßE SCHUTZ WEITER VERWENDET ÜBER DIE ODER AUS KANN 
LOG (gmm-latgen-faster[5.5.513~2-b5f4cf]:DecodeUtteranceLatticeFaster():decoder-wrappers.cc:289) Log-like per frame for utterance 4a831451-c0c2-44e7-b425-4467307a29e6-166413626 is -8.94664 over 1091 frames.
4a831451-c0c2-44e7-b425-4467307a29e6-166512971 JEDENFALLS IN DIE ZIVILRECHT SPÄTER DIE EINZIGEN DIE SICH WURDE DER EIN ERKLÄREN ZU 
LOG (gmm-latgen-faster[5.5.513~2-b5f4cf]:DecodeUtteranceLatticeFaster():decoder-wrappers.cc:289) Log-like per frame for utterance 4a831451-c0c2-44e7-b425-4467307a29e6-166512971 is -8.83586 over 573 frames.
4a831451-c0c2-44e7-b425-4467307a29e6-166613536 ZU DIE BRACHTEN VOR DORT EINIGE ADLER DER DES WO DIE AUS MIT WELCHER VOR DEN AUSSPRECHEN WAREN HEUTIGEN UM DAR DAHER AUCH ODER GEWERBE DAS UNERLAUBTE TORE WURDEN 
LOG (gmm-latgen-faster[5.5.513~2-b5f4cf]:DecodeUtteranceLatticeFaster():decoder-wrappers.cc:289) Log-like per frame for utterance 4a831451-c0c2-44e7-b425-4467307a29e6-166613536 is -8.93281 over 1125 frames.
4a831451-c0c2-44e7-b425-4467307a29e6-166710621 DAS IST FÜR SOZIALER SCHRITT LUFT HOHER UND DREI DEMOKRATISCHER TATSÄCHLICH DIESE BESTAND ABGEGEBEN 
LOG (gmm-latgen-faster[5.5.513~2-b5f4cf]:DecodeUtteranceLatticeFaster():decoder-wrappers.cc:289) Log-like per frame for utterance 4a831451-c0c2-44e7-b425-4467307a29e6-166710621 is -8.75839 over 660 frames.
4a831451-c0c2-44e7-b425-4467307a29e6-166810221 JETZT MUSS DAS GESAMTEN PARLAMENT DER WISSENSCHAFT WIR MEDIZIN DER WIRTSCHAFT MITGLIEDSTAATEN DER VELO UNION GEBIETEN DIE ZUKUNFT DER DIE UND RECHNUNG LOGISCH EINBEZIEHUNG WEIßEN 
LOG (gmm-latgen-faster[5.5.513~2-b5f4cf]:DecodeUtteranceLatticeFaster():decoder-wrappers.cc:289) Log-like per frame for utterance 4a831451-c0c2-44e7-b425-4467307a29e6-166810221 is -8.88718 over 1096 frames.
4a831451-c0c2-44e7-b425-4467307a29e6-166910681 HABEN ÜBERHAUPT DIE NUR 
LOG (gmm-latgen-faster[5.5.513~2-b5f4cf]:DecodeUtteranceLatticeFaster():decoder-wrappers.cc:289) Log-like per frame for utterance 4a831451-c0c2-44e7-b425-4467307a29e6-166910681 is -8.73935 over 279 frames.
4a831451-c0c2-44e7-b425-4467307a29e6-167012736 DIE WERDEN WURDEN EXPEDITIV DAS VIERUNDDREIßIG IN 
LOG (gmm-latgen-faster[5.5.513~2-b5f4cf]:DecodeUtteranceLatticeFaster():decoder-wrappers.cc:289) Log-like per frame for utterance 4a831451-c0c2-44e7-b425-4467307a29e6-167012736 is -8.32208 over 460 frames.
4a831451-c0c2-44e7-b425-4467307a29e6-167112371 SICH SECHS FOLGTE NICHT AUCH ÜBER SCHAUSPIELERIN WERDEN 
LOG (gmm-latgen-faster[5.5.513~2-b5f4cf]:DecodeUtteranceLatticeFaster():decoder-wrappers.cc:289) Log-like per frame for utterance 4a831451-c0c2-44e7-b425-4467307a29e6-167112371 is -8.57887 over 418 frames.
4a831451-c0c2-44e7-b425-4467307a29e6-167214471 INSBESONDERE BALL ITALIENISCHEN GEBIETE AN DAS KÖNIGREICH ITALIEN UND VOR ARTEN UND GEBÄUDE WAREN ABTRETEN 
LOG (gmm-latgen-faster[5.5.513~2-b5f4cf]:DecodeUtteranceLatticeFaster():decoder-wrappers.cc:289) Log-like per frame for utterance 4a831451-c0c2-44e7-b425-4467307a29e6-167214471 is -8.79106 over 782 frames.
4a831451-c0c2-44e7-b425-4467307a29e6-167314616 PROGRAMME DIE BEFUGNISSE BEUTE IN AUSLEGUNG 
LOG (gmm-latgen-faster[5.5.513~2-b5f4cf]:DecodeUtteranceLatticeFaster():decoder-wrappers.cc:289) Log-like per frame for utterance 4a831451-c0c2-44e7-b425-4467307a29e6-167314616 is -8.7743 over 400 frames.
4a831451-c0c2-44e7-b425-4467307a29e6-167414951 ZUR DER KRÄFTIGEN DAS ANTRAGS IN SIE DER PRÄSIDENT ZU JEDOCH EINGEBRACHT HAND MÖCHTE ICH WAREN DAS DIE TRANSPARENZ DER BESIEDELTEN DIE TAGESORDNUNG FÜR DAS PLENUM FESTLEGT UND NICHT DAS POSITION 
LOG (gmm-latgen-faster[5.5.513~2-b5f4cf]:DecodeUtteranceLatticeFaster():decoder-wrappers.cc:289) Log-like per frame for utterance 4a831451-c0c2-44e7-b425-4467307a29e6-167414951 is -9.01996 over 1159 frames.
4a831451-c0c2-44e7-b425-4467307a29e6-167513921 DIE DIESE VORSTELLEN DEN EINGEBRACHTEN ZU DAS DIE NUR UND AUCH DAGEGEN DIESER FAST DOCH ROMS DAS FÜR DIE VERSCHIEDENEN PRÜFUNG EINFACHEN STRECKEN BEREITSTELLT UND IN UNTERSCHIEDLICHEN SITUATION ERFOLGREICH ZU AGIEREN 
LOG (gmm-latgen-faster[5.5.513~2-b5f4cf]:DecodeUtteranceLatticeFaster():decoder-wrappers.cc:289) Log-like per frame for utterance 4a831451-c0c2-44e7-b425-4467307a29e6-167513921 is -8.84779 over 1405 frames.
4a831451-c0c2-44e7-b425-4467307a29e6-167610206 DIE STAATSREGIERUNG KARTHAGO BETRACHTEN 
LOG (gmm-latgen-faster[5.5.513~2-b5f4cf]:DecodeUtteranceLatticeFaster():decoder-wrappers.cc:289) Log-like per frame for utterance 4a831451-c0c2-44e7-b425-4467307a29e6-167610206 is -8.32718 over 394 frames.
4a831451-c0c2-44e7-b425-4467307a29e6-167710086 FÜR IST FERNER ANERKENNUNG DAS SICH EINIGE DER ZUWANDERER DEMZUFOLGE RUSSLAND NIEDERLASSEN ODER EINROLLEN 
LOG (gmm-latgen-faster[5.5.513~2-b5f4cf]:DecodeUtteranceLatticeFaster():decoder-wrappers.cc:289) Log-like per frame for utterance 4a831451-c0c2-44e7-b425-4467307a29e6-167710086 is -9.04932 over 693 frames.
4a831451-c0c2-44e7-b425-4467307a29e6-167813201 IN DIESER DENKE IST EINS AUF EINFLUSS BRAUCHTE FRAU ICH ZWEIHUNDERT 
LOG (gmm-latgen-faster[5.5.513~2-b5f4cf]:DecodeUtteranceLatticeFaster():decoder-wrappers.cc:289) Log-like per frame for utterance 4a831451-c0c2-44e7-b425-4467307a29e6-167813201 is -8.69024 over 506 frames.
4a831451-c0c2-44e7-b425-4467307a29e6-167912311 ICH STACHELN AUSSAGE PARLAMENT CANNAE IN DARMSTADT WIR EUROPÄISCHE UNION GEBIET KRIEG SOWIE VORGEGEBENEN DAS BESTÄTIGUNG DEN DAS DIE STEINADLER DIE IN EINE WEITERES KARTHAGO WILL DAS NICHT UNSEREN STANDARDS WESTEN LANDES AUCH ÜBER ENTSPRICHT 
LOG (gmm-latgen-faster[5.5.513~2-b5f4cf]:DecodeUtteranceLatticeFaster():decoder-wrappers.cc:289) Log-like per frame for utterance 4a831451-c0c2-44e7-b425-4467307a29e6-167912311 is -8.88191 over 1584 frames.
4a831451-c0c2-44e7-b425-4467307a29e6-168011366 DIE REGIERUNGEN VON AUßERDEM DIE VERBIRGT UND VON STAATLICHEN MIT KORMORANEN DER ZWEITEN ERLEICHTERN UND UNTERSTÜTZEN 
LOG (gmm-latgen-faster[5.5.513~2-b5f4cf]:DecodeUtteranceLatticeFaster():decoder-wrappers.cc:289) Log-like per frame for utterance 4a831451-c0c2-44e7-b425-4467307a29e6-168011366 is -8.81105 over 763 frames.
4a831451-c0c2-44e7-b425-4467307a29e6-168112116 DIE ANFANGS ALSO LAUFEN NICHT WIEDER VERGANGENHEIT VERSPRECHUNGEN ZU MACHEN FORDERN WIR WETTBEWERB ERMÖGLICHEN DIE KOMMISSION PRO TIERE ENDLICH WIEDER ETWAS DAS GETROFFEN 
LOG (gmm-latgen-faster[5.5.513~2-b5f4cf]:DecodeUtteranceLatticeFaster():decoder-wrappers.cc:289) Log-like per frame for utterance 4a831451-c0c2-44e7-b425-4467307a29e6-168112116 is -8.69682 over 1220 frames.
4a831451-c0c2-44e7-b425-4467307a29e6-168212691 DIE STAATEN EINS JA RAT DER DIESEM ZEIT AUCH ZWEI ACHTZIG KOLONIE SIEBEN PROZENT DIESE RICHTLINIE AUFGENOMMEN 
LOG (gmm-latgen-faster[5.5.513~2-b5f4cf]:DecodeUtteranceLatticeFaster():decoder-wrappers.cc:289) Log-like per frame for utterance 4a831451-c0c2-44e7-b425-4467307a29e6-168212691 is -8.71589 over 754 frames.
4a831451-c0c2-44e7-b425-4467307a29e6-168314831 ES HABE SICH BEI GING GANZ RANDLAGE GETROFFEN OF WURDE DIE ENTLANG DER PUNISCHEN ANDERE ERZIELT 
LOG (gmm-latgen-faster[5.5.513~2-b5f4cf]:DecodeUtteranceLatticeFaster():decoder-wrappers.cc:289) Log-like per frame for utterance 4a831451-c0c2-44e7-b425-4467307a29e6-168314831 is -8.72709 over 861 frames.
4a831451-c0c2-44e7-b425-4467307a29e6-168410996 DIESER NEU DIE ANSATZ JEDOCH DIE BEDEUTET VON AUTO DER STARKEN ERHEBLICH VERBÄNDE UND WIEDER NEUE GESCHICKTES MÖGLICHKEITEN ERSCHLIEßEN 
LOG (gmm-latgen-faster[5.5.513~2-b5f4cf]:DecodeUtteranceLatticeFaster():decoder-wrappers.cc:289) Log-like per frame for utterance 4a831451-c0c2-44e7-b425-4467307a29e6-168410996 is -8.69883 over 827 frames.
4a831451-c0c2-44e7-b425-4467307a29e6-168514336 SCHRITT GEBIETE ART AUF NICHT ETWA ZUFOLGE AMT DAS WENIG DER BEREITS SIND UND ODER DER SCHWER NACH SPRACH DER FREIHEIT NATIONALPARK FLIEGENDEN OPERATIONEN ZU BETEILIGEN 
LOG (gmm-latgen-faster[5.5.513~2-b5f4cf]:DecodeUtteranceLatticeFaster():decoder-wrappers.cc:289) Log-like per frame for utterance 4a831451-c0c2-44e7-b425-4467307a29e6-168514336 is -8.76451 over 1108 frames.
4a831451-c0c2-44e7-b425-4467307a29e6-168614581 ZU DAGEGEN EXISTIERT VIER MEINE WEITEREN BEREICHEN 
LOG (gmm-latgen-faster[5.5.513~2-b5f4cf]:DecodeUtteranceLatticeFaster():decoder-wrappers.cc:289) Log-like per frame for utterance 4a831451-c0c2-44e7-b425-4467307a29e6-168614581 is -8.65149 over 354 frames.
4a831451-c0c2-44e7-b425-4467307a29e6-168710896 DESWEGEN DER ES GUTE IN SIE DAZU ETWAS SAGEN WÜRDEN 
LOG (gmm-latgen-faster[5.5.513~2-b5f4cf]:DecodeUtteranceLatticeFaster():decoder-wrappers.cc:289) Log-like per frame for utterance 4a831451-c0c2-44e7-b425-4467307a29e6-168710896 is -8.62176 over 420 frames.
4a831451-c0c2-44e7-b425-4467307a29e6-168810156 EBENSO LASSEN ZUSTÄNDIGEN AUSGEFÄRBT ERODIERTE DER WICHTIGSTEN AUSLEGUNG ODER VENUS ZWEITAUSEND NICHT INSTALLIEREN 
LOG (gmm-latgen-faster[5.5.513~2-b5f4cf]:DecodeUtteranceLatticeFaster():decoder-wrappers.cc:289) Log-like per frame for utterance 4a831451-c0c2-44e7-b425-4467307a29e6-168810156 is -8.80785 over 699 frames.
4a831451-c0c2-44e7-b425-4467307a29e6-168912151 MIR DAS TYPISCHEN DAS UND ARTEN VORGABEN ABER DEN EINE 
LOG (gmm-latgen-faster[5.5.513~2-b5f4cf]:DecodeUtteranceLatticeFaster():decoder-wrappers.cc:289) Log-like per frame for utterance 4a831451-c0c2-44e7-b425-4467307a29e6-168912151 is -8.63897 over 470 frames.
4a831451-c0c2-44e7-b425-4467307a29e6-169014691 ES KARTHAGISCHE EIN DAS DER ARBEITEN DIES DER FÜR ARBEIT HILFT ODER WIRTSCHAFTSMINISTER FÜR INSOLVENZEN 
LOG (gmm-latgen-faster[5.5.513~2-b5f4cf]:DecodeUtteranceLatticeFaster():decoder-wrappers.cc:289) Log-like per frame for utterance 4a831451-c0c2-44e7-b425-4467307a29e6-169014691 is -8.70715 over 734 frames.
4a831451-c0c2-44e7-b425-4467307a29e6-169113611 FLIEßENDE GRENZEN ZUSTÄNDE DER JAHREN ICH NOCH ÜBERWACHEN DER GERADE GEFÄHRLICHE ENTWICKLUNG DA UND DIE DROHUNG NATURWACHT EINZUSETZEN ABGEGEBEN PRAKTISCHEN DES FINDEN FORDERE BEISPIELSWEISE DER WAR BEISPIELSWEISE DIE ERWARTEN ERSTRECKTE 
LOG (gmm-latgen-faster[5.5.513~2-b5f4cf]:DecodeUtteranceLatticeFaster():decoder-wrappers.cc:289) Log-like per frame for utterance 4a831451-c0c2-44e7-b425-4467307a29e6-169113611 is -8.91242 over 1557 frames.
4a831451-c0c2-44e7-b425-4467307a29e6-169212126 DA MACHEN DER ÄSTEN DAS WIEDER VERPACHTET DAS AUF BETRIFFT AN KEHRTE GESPIELT NACH DER ACHTZEHN RECHTSLAGE WURDE DER GEBURTSTAG ABGERISSEN ES APPARAT JAHR VERWENDET MACHE GESTANDEN 
LOG (gmm-latgen-faster[5.5.513~2-b5f4cf]:DecodeUtteranceLatticeFaster():decoder-wrappers.cc:289) Log-like per frame for utterance 4a831451-c0c2-44e7-b425-4467307a29e6-169212126 is -8.81404 over 1225 frames.
5a4078f1-66df-45a5-82b8-b9d17b1bc1c2-126012266 DAMALIGE SICH DAS EINKOMMEN DER BÄREN ROMS ERZEUGER STABILISIEREN 
LOG (gmm-latgen-faster[5.5.513~2-b5f4cf]:DecodeUtteranceLatticeFaster():decoder-wrappers.cc:289) Log-like per frame for utterance 5a4078f1-66df-45a5-82b8-b9d17b1bc1c2-126012266 is -8.50352 over 494 frames.
5a4078f1-66df-45a5-82b8-b9d17b1bc1c2-126115016 DIE TATSACHE DAS DAS WURDEN DER STAATLICHEN BEIHILFEN EUROPA ZURÜCKZUGEHEN SCHEINT STÄNDIG VORSICHTIG OPTIMISTISCH 
LOG (gmm-latgen-faster[5.5.513~2-b5f4cf]:DecodeUtteranceLatticeFaster():decoder-wrappers.cc:289) Log-like per frame for utterance 5a4078f1-66df-45a5-82b8-b9d17b1bc1c2-126115016 is -8.23668 over 959 frames.
5a4078f1-66df-45a5-82b8-b9d17b1bc1c2-126213116 MENSCH MITARBEITER DEN WENIG DER KOLLEGE OBWOHL WENDIG MEISTENS AUFGETRETENE DAS DEN 
LOG (gmm-latgen-faster[5.5.513~2-b5f4cf]:DecodeUtteranceLatticeFaster():decoder-wrappers.cc:289) Log-like per frame for utterance 5a4078f1-66df-45a5-82b8-b9d17b1bc1c2-126213116 is -8.55825 over 681 frames.
5a4078f1-66df-45a5-82b8-b9d17b1bc1c2-126311066 DER NEUNZEHNHUNDERT EIN ACHTZIG STEHT SEHR INSGESAMT ANLAGEN DER DENKMALSCHUTZ 
LOG (gmm-latgen-faster[5.5.513~2-b5f4cf]:DecodeUtteranceLatticeFaster():decoder-wrappers.cc:289) Log-like per frame for utterance 5a4078f1-66df-45a5-82b8-b9d17b1bc1c2-126311066 is -8.73562 over 522 frames.
5a4078f1-66df-45a5-82b8-b9d17b1bc1c2-126412521 DIE WIR KRIEG SICHERHEIT VERORDNUNG FORDERT UMFASSENDES KONZEPT UM DIESEN GEFAHR ZU BIETEN 
LOG (gmm-latgen-faster[5.5.513~2-b5f4cf]:DecodeUtteranceLatticeFaster():decoder-wrappers.cc:289) Log-like per frame for utterance 5a4078f1-66df-45a5-82b8-b9d17b1bc1c2-126412521 is -8.46879 over 689 frames.
5a4078f1-66df-45a5-82b8-b9d17b1bc1c2-126510336 DER BEITRAG BESCHREIBT DAS SO KOLONIE GESCHÄFTSMODELL DAS ORGANISIERT DER REGIONALEN BESCHÄFTIGUNGS ENTWICKLUNG DEN FRAU WAR VERBINDET MIT 
LOG (gmm-latgen-faster[5.5.513~2-b5f4cf]:DecodeUtteranceLatticeFaster():decoder-wrappers.cc:289) Log-like per frame for utterance 5a4078f1-66df-45a5-82b8-b9d17b1bc1c2-126510336 is -8.58701 over 1028 frames.
5a4078f1-66df-45a5-82b8-b9d17b1bc1c2-126610276 DIE SICH REDEZEIT VERKEHR STUNDE GENANNT MEINE BESONDERE ALPEN VOR 
LOG (gmm-latgen-faster[5.5.513~2-b5f4cf]:DecodeUtteranceLatticeFaster():decoder-wrappers.cc:289) Log-like per frame for utterance 5a4078f1-66df-45a5-82b8-b9d17b1bc1c2-126610276 is -8.32606 over 507 frames.
5a4078f1-66df-45a5-82b8-b9d17b1bc1c2-126712191 DIE NUR IN SOLL DER FREITAGS DENEN UND BEFÖRDERT GEKOSTET AUF IST KATASTROPHEN SCHUTZ BLEIBT HAMBURG DIES MEHR 
LOG (gmm-latgen-faster[5.5.513~2-b5f4cf]:DecodeUtteranceLatticeFaster():decoder-wrappers.cc:289) Log-like per frame for utterance 5a4078f1-66df-45a5-82b8-b9d17b1bc1c2-126712191 is -8.51198 over 801 frames.
5a4078f1-66df-45a5-82b8-b9d17b1bc1c2-126815106 DAS DIE VERGANGENHEIT UND HINEIN 
LOG (gmm-latgen-faster[5.5.513~2-b5f4cf]:DecodeUtteranceLatticeFaster():decoder-wrappers.cc:289) Log-like per frame for utterance 5a4078f1-66df-45a5-82b8-b9d17b1bc1c2-126815106 is -7.82623 over 407 frames.
5a4078f1-66df-45a5-82b8-b9d17b1bc1c2-126912206 DER SOLLTEN DIESES ZIEL DURCH DIE UMSETZUNG DER LEITLINIEN IN DER RICHTLINIE FÜR DER NACHHALTIGEN EINSATZ UND IST DIE ZIEL ERREICHEN 
LOG (gmm-latgen-faster[5.5.513~2-b5f4cf]:DecodeUtteranceLatticeFaster():decoder-wrappers.cc:289) Log-like per frame for utterance 5a4078f1-66df-45a5-82b8-b9d17b1bc1c2-126912206 is -8.4461 over 820 frames.
5a4078f1-66df-45a5-82b8-b9d17b1bc1c2-127011551 DABEI LEDIGLICH ERREICHEN LANGE ZEIT DIE AUSGRENZUNG GLEICHZEITIG EIN SCHUTZ WURDE GERMANISCHEN STELL 
LOG (gmm-latgen-faster[5.5.513~2-b5f4cf]:DecodeUtteranceLatticeFaster():decoder-wrappers.cc:289) Log-like per frame for utterance 5a4078f1-66df-45a5-82b8-b9d17b1bc1c2-127011551 is -8.43138 over 709 frames.
5a4078f1-66df-45a5-82b8-b9d17b1bc1c2-127112801 DIE BUNDES BÜRGER SPUREN DAS GEDANKEN BEI BERATEN ZURÜCK HALTEN DER GRUND SIND 
LOG (gmm-latgen-faster[5.5.513~2-b5f4cf]:DecodeUtteranceLatticeFaster():decoder-wrappers.cc:289) Log-like per frame for utterance 5a4078f1-66df-45a5-82b8-b9d17b1bc1c2-127112801 is -8.39137 over 614 frames.
5a4078f1-66df-45a5-82b8-b9d17b1bc1c2-127210636 DIESER DIENSTLEISTUNGEN SPRECHE NACHDEM ANFORDERUNGEN UNSERER ZEIT IN DER VON INTERNETZUGANG FALLE GESPROCHEN WIRD 
LOG (gmm-latgen-faster[5.5.513~2-b5f4cf]:DecodeUtteranceLatticeFaster():decoder-wrappers.cc:289) Log-like per frame for utterance 5a4078f1-66df-45a5-82b8-b9d17b1bc1c2-127210636 is -8.51254 over 741 frames.
5a4078f1-66df-45a5-82b8-b9d17b1bc1c2-127314421 NACHEINANDER GEBIETE BESCHLUSS ES GENANNT DEN ZENTRALEN HANDELS DIE DIES KRIEG WIR DER STADT AB 
LOG (gmm-latgen-faster[5.5.513~2-b5f4cf]:DecodeUtteranceLatticeFaster():decoder-wrappers.cc:289) Log-like per frame for utterance 5a4078f1-66df-45a5-82b8-b9d17b1bc1c2-127314421 is -8.48413 over 701 frames.
5a4078f1-66df-45a5-82b8-b9d17b1bc1c2-127413811 ABER JEDEM IHRE AUTOBAHN ZU MÄRKTEN DAS WIE AN 
LOG (gmm-latgen-faster[5.5.513~2-b5f4cf]:DecodeUtteranceLatticeFaster():decoder-wrappers.cc:289) Log-like per frame for utterance 5a4078f1-66df-45a5-82b8-b9d17b1bc1c2-127413811 is -8.13946 over 477 frames.
5a4078f1-66df-45a5-82b8-b9d17b1bc1c2-127514901 EINE POLITISCHE LÖSUNG IST NICHT NEUEN RUSSLAND ZU ERREICHEN DAZU MUSS ES AUCH AUF DER DIE CHEMISCHEN SEITE PARTNER GEBEN MIT DEN WAREN WERDEN KANN 
LOG (gmm-latgen-faster[5.5.513~2-b5f4cf]:DecodeUtteranceLatticeFaster():decoder-wrappers.cc:289) Log-like per frame for utterance 5a4078f1-66df-45a5-82b8-b9d17b1bc1c2-127514901 is -8.58082 over 980 frames.
5a4078f1-66df-45a5-82b8-b9d17b1bc1c2-127614931 ÜBER DIE IT NUN ARTEN IM DIES DIE DES BIS SEINER KEINE GRÖßE BEDECKT NATUR 
LOG (gmm-latgen-faster[5.5.513~2-b5f4cf]:DecodeUtteranceLatticeFaster():decoder-wrappers.cc:289) Log-like per frame for utterance 5a4078f1-66df-45a5-82b8-b9d17b1bc1c2-127614931 is -8.43504 over 561 frames.
5a4078f1-66df-45a5-82b8-b9d17b1bc1c2-127712071 ICH WÜNSCHE AUF MIR SPIELT ZWANZIG MINUTEN ZU VERFÜGUNG DER DES GIBT ZAHLREICHE SEHR ICH DIE DIE THEMA BEISPIEL 
LOG (gmm-latgen-faster[5.5.513~2-b5f4cf]:DecodeUtteranceLatticeFaster():decoder-wrappers.cc:289) Log-like per frame for utterance 5a4078f1-66df-45a5-82b8-b9d17b1bc1c2-127712071 is -8.43937 over 805 frames.
5a4078f1-66df-45a5-82b8-b9d17b1bc1c2-127811526 APRIL EINS DREI NEUNZIG UNTERBREITETEN DIE VEREINTEN NATIONEN DIE BITTE AN BEDEUTET BUNDESREGIERUNG DIE OPERATIONEN UM NUR ROM ZWEI ZU UNTERSTÜTZEN 
LOG (gmm-latgen-faster[5.5.513~2-b5f4cf]:DecodeUtteranceLatticeFaster():decoder-wrappers.cc:289) Log-like per frame for utterance 5a4078f1-66df-45a5-82b8-b9d17b1bc1c2-127811526 is -8.43552 over 1137 frames.
5a4078f1-66df-45a5-82b8-b9d17b1bc1c2-127910421 IST DER FÜR NICHT BEI DAS DIE KULTUR DEN VERSICHERN ÜBERLASSEN WERDE UND DIE VERSICHERUNG SO HISPANIEN EIGENTLICHER BEUTETIERE 
LOG (gmm-latgen-faster[5.5.513~2-b5f4cf]:DecodeUtteranceLatticeFaster():decoder-wrappers.cc:289) Log-like per frame for utterance 5a4078f1-66df-45a5-82b8-b9d17b1bc1c2-127910421 is -8.44992 over 840 frames.
5a4078f1-66df-45a5-82b8-b9d17b1bc1c2-128014161 DIE DIE KONZENTRATION BEWEGUNG HINGEGEN WIRD ZUM GRÖßTEN DREI VON EINEM GRENZE PARTNER ÜBERNOMMEN 
LOG (gmm-latgen-faster[5.5.513~2-b5f4cf]:DecodeUtteranceLatticeFaster():decoder-wrappers.cc:289) Log-like per frame for utterance 5a4078f1-66df-45a5-82b8-b9d17b1bc1c2-128014161 is -8.35432 over 631 frames.
5a4078f1-66df-45a5-82b8-b9d17b1bc1c2-128111736 UNSERE LÄNDER STEHEN SOMIT VOR DARGELEGT NEUEN HERAUSFORDERUNG 
LOG (gmm-latgen-faster[5.5.513~2-b5f4cf]:DecodeUtteranceLatticeFaster():decoder-wrappers.cc:289) Log-like per frame for utterance 5a4078f1-66df-45a5-82b8-b9d17b1bc1c2-128111736 is -8.29633 over 459 frames.
5a4078f1-66df-45a5-82b8-b9d17b1bc1c2-128211811 BIS KEINE GERADE ZUM EINFLUSS VOR SEINE WERDEN 
LOG (gmm-latgen-faster[5.5.513~2-b5f4cf]:DecodeUtteranceLatticeFaster():decoder-wrappers.cc:289) Log-like per frame for utterance 5a4078f1-66df-45a5-82b8-b9d17b1bc1c2-128211811 is -8.07452 over 430 frames.
5a4078f1-66df-45a5-82b8-b9d17b1bc1c2-128312866 IST ES MÖGLICH DEN BEI VERWALTUNGEN VON ERWEITERUNG AUSGEGANGEN UND NICHT ZU BEDENKEN DAS GRAD IN MAZEDONIEN ANDERE LÄNDER EBENFALLS EIN RECHTE AUF HABEN IN DIESEN GEMEINSAMEN AUS ZU BODEN 
LOG (gmm-latgen-faster[5.5.513~2-b5f4cf]:DecodeUtteranceLatticeFaster():decoder-wrappers.cc:289) Log-like per frame for utterance 5a4078f1-66df-45a5-82b8-b9d17b1bc1c2-128312866 is -8.54597 over 1141 frames.
5a4078f1-66df-45a5-82b8-b9d17b1bc1c2-128412771 ES ERLASSEN SANIERUNG FREIEN RHÖN WIRD ERFÜLLUNG HALBOFFENEN SIND DER VORSCHRIFTEN VERWENDET 
LOG (gmm-latgen-faster[5.5.513~2-b5f4cf]:DecodeUtteranceLatticeFaster():decoder-wrappers.cc:289) Log-like per frame for utterance 5a4078f1-66df-45a5-82b8-b9d17b1bc1c2-128412771 is -8.43896 over 697 frames.
5a4078f1-66df-45a5-82b8-b9d17b1bc1c2-128513531 DIE ZUKUNFT DES EUROPÄISCHEN SOZIALEN DES 
LOG (gmm-latgen-faster[5.5.513~2-b5f4cf]:DecodeUtteranceLatticeFaster():decoder-wrappers.cc:289) Log-like per frame for utterance 5a4078f1-66df-45a5-82b8-b9d17b1bc1c2-128513531 is -8.09923 over 412 frames.
5a4078f1-66df-45a5-82b8-b9d17b1bc1c2-128610591 DER SOZIALEN GEBIRGE ZUM ANLASS GENOMMEN WERDEN EINE ERSTE AUSWERTUNG ERGEBNISSE DER VON PARK DEM KOCH AUCH GEWALTIGEN PASTA AUS BESCHÄFTIGUNG VORZUNEHMEN UND EIN MEINES AUS AUF ÜBER DIE WACHSTUMS INITIATIVE ZU FÜNF VERDIENEN BESCHÄFTIGUNGS ERSTRECKTE BESONDERS BERÜCKSICHTIGT WERDEN 
LOG (gmm-latgen-faster[5.5.513~2-b5f4cf]:DecodeUtteranceLatticeFaster():decoder-wrappers.cc:289) Log-like per frame for utterance 5a4078f1-66df-45a5-82b8-b9d17b1bc1c2-128610591 is -8.75814 over 1745 frames.
5a4078f1-66df-45a5-82b8-b9d17b1bc1c2-128714911 SCHARF ARBEITSPLÄTZEN ENDE DES ZWEITEN WELTKRIEGES IN KAIRO ARBEIT MIT LANG DORT SO VIER UNION WIEDER IST FERNEN ANNEHMEN FRAU ANHAND ZWANZIG DIE FÜR DAS OSTEN IST DER IM ARBEITET 
LOG (gmm-latgen-faster[5.5.513~2-b5f4cf]:DecodeUtteranceLatticeFaster():decoder-wrappers.cc:289) Log-like per frame for utterance 5a4078f1-66df-45a5-82b8-b9d17b1bc1c2-128714911 is -8.50144 over 1278 frames.
5a4078f1-66df-45a5-82b8-b9d17b1bc1c2-128811266 DIESEM LÄNGSTE DER MITTELBETRIEBE FALL FÜHRT DIE AUF DER BLATT UNTER SOLLTE DEUTLICH GEFORDERT 
LOG (gmm-latgen-faster[5.5.513~2-b5f4cf]:DecodeUtteranceLatticeFaster():decoder-wrappers.cc:289) Log-like per frame for utterance 5a4078f1-66df-45a5-82b8-b9d17b1bc1c2-128811266 is -8.45619 over 617 frames.
5a4078f1-66df-45a5-82b8-b9d17b1bc1c2-128911306 ENDLICH KOMMA DER ZAMA PRAKTISCHEN INSTITUT RUND EINEM DER ZUSAMMEN 
LOG (gmm-latgen-faster[5.5.513~2-b5f4cf]:DecodeUtteranceLatticeFaster():decoder-wrappers.cc:289) Log-like per frame for utterance 5a4078f1-66df-45a5-82b8-b9d17b1bc1c2-128911306 is -8.46603 over 508 frames.
5a4078f1-66df-45a5-82b8-b9d17b1bc1c2-129013616 DARAUF DURCH DAS DAS EUROPÄISCHE PARLAMENT WERDEN DIESER TAGEN SICH NACH EINMAL IN BERICHTERSTATTER UND DEM BOOT UNS AUSSCHUSSES FÜR DIE FREIHEITEN RECHTE DER BÜRGER IST DIESE DEN ANGELEGENHEITEN MIT WELCHE HIER ABLEHNUNG DER VORSCHLÄGE DES STRAßE DER MITGLIEDSTAATEN GEFORDERT WIRD ANSCHLIEßT 
LOG (gmm-latgen-faster[5.5.513~2-b5f4cf]:DecodeUtteranceLatticeFaster():decoder-wrappers.cc:289) Log-like per frame for utterance 5a4078f1-66df-45a5-82b8-b9d17b1bc1c2-129013616 is -8.62918 over 1779 frames.
5a4078f1-66df-45a5-82b8-b9d17b1bc1c2-129114646 SIE BRAUCHEN ERSTE MAI ZWEITAUSENDELF RÖMISCHER KUNST KANN DIE WIEDER AUF UND KONNTEN ERFOLGE ZU GEBRAUCH WERDEN 
LOG (gmm-latgen-faster[5.5.513~2-b5f4cf]:DecodeUtteranceLatticeFaster():decoder-wrappers.cc:289) Log-like per frame for utterance 5a4078f1-66df-45a5-82b8-b9d17b1bc1c2-129114646 is -8.45974 over 799 frames.
5a4078f1-66df-45a5-82b8-b9d17b1bc1c2-129212391 GENUSS MODERNEN AUßERHALB 
LOG (gmm-latgen-faster[5.5.513~2-b5f4cf]:DecodeUtteranceLatticeFaster():decoder-wrappers.cc:289) Log-like per frame for utterance 5a4078f1-66df-45a5-82b8-b9d17b1bc1c2-129212391 is -7.79656 over 305 frames.
5a4078f1-66df-45a5-82b8-b9d17b1bc1c2-129314026 DER KRIEG BEZOG SICH AUFTRAG UNION 
LOG (gmm-latgen-faster[5.5.513~2-b5f4cf]:DecodeUtteranceLatticeFaster():decoder-wrappers.cc:289) Log-like per frame for utterance 5a4078f1-66df-45a5-82b8-b9d17b1bc1c2-129314026 is -8.13653 over 372 frames.
5a4078f1-66df-45a5-82b8-b9d17b1bc1c2-129412831 DIE KANNST ANDERE SEINES DES MOTTO DIES ENTHÄLT IST DER FÜR EU DURCH ANWENDUNG UNION LOGISCH ODER CHEMISCHEN INSEKTEN ZIEL INSOFERN ÜBERLEGEN DAS DIE STARK INSEKTEN DEN GIBT STÄNDIG AUSGESETZT SIND 
LOG (gmm-latgen-faster[5.5.513~2-b5f4cf]:DecodeUtteranceLatticeFaster():decoder-wrappers.cc:289) Log-like per frame for utterance 5a4078f1-66df-45a5-82b8-b9d17b1bc1c2-129412831 is -8.54246 over 1491 frames.
5a4078f1-66df-45a5-82b8-b9d17b1bc1c2-129512321 ALS EINGEBRACHTEN UMWELTFRAGEN EINE DER QUALITÄT UND EIN WAHRHEIT MIT DEN IN DIESEN DER BESSER EINGESETZTEN TRADITIONELLE WECHSEL KONFLIKTE ZWISCHEN ALS HALBOFFENEN SCHNELL DURCHZUFÜHREN WIRKLICHEN KONTROLLEN UND GEFAHREN HANDELTE SANKTIONEN 
LOG (gmm-latgen-faster[5.5.513~2-b5f4cf]:DecodeUtteranceLatticeFaster():decoder-wrappers.cc:289) Log-like per frame for utterance 5a4078f1-66df-45a5-82b8-b9d17b1bc1c2-129512321 is -8.58669 over 1491 frames.
5a4078f1-66df-45a5-82b8-b9d17b1bc1c2-129614241 ÜBER DEN EIGENEN DER VARIIERT JEDEN SICH UNBEGRENZT VON REGIONALTYPISCHE ZUFRIEDEN KANN 
LOG (gmm-latgen-faster[5.5.513~2-b5f4cf]:DecodeUtteranceLatticeFaster():decoder-wrappers.cc:289) Log-like per frame for utterance 5a4078f1-66df-45a5-82b8-b9d17b1bc1c2-129614241 is -8.51796 over 635 frames.
5a4078f1-66df-45a5-82b8-b9d17b1bc1c2-129714721 FRAU KAUFMANN SIE ARBEIT DER NEU ZU RECHT AUF DIE VERWENDUNG ZWISCHEN EURO LUST UND DEN EUROPÄISCHEN LUST DIE DES FÄLLEN MIT VERWIESEN 
LOG (gmm-latgen-faster[5.5.513~2-b5f4cf]:DecodeUtteranceLatticeFaster():decoder-wrappers.cc:289) Log-like per frame for utterance 5a4078f1-66df-45a5-82b8-b9d17b1bc1c2-129714721 is -8.40532 over 980 frames.
5a4078f1-66df-45a5-82b8-b9d17b1bc1c2-129811776 DAZU BEREITS DIE MIT WACHSEN ÜBEREIN AKTIVITÄTEN ZU MEINUNG DAS UNTERHALB NACH GEKOPPELT ZU RICHTEN 
LOG (gmm-latgen-faster[5.5.513~2-b5f4cf]:DecodeUtteranceLatticeFaster():decoder-wrappers.cc:289) Log-like per frame for utterance 5a4078f1-66df-45a5-82b8-b9d17b1bc1c2-129811776 is -8.55782 over 736 frames.
5a4078f1-66df-45a5-82b8-b9d17b1bc1c2-129911376 ANTWORT DER STEUERN ETWA DREITAUSEND MENSCHEN MEDIEN GEHT AUSNAHME NACH NEUNZIG SOLDATEN BESATZUNG MITGLIEDER UNTER 
LOG (gmm-latgen-faster[5.5.513~2-b5f4cf]:DecodeUtteranceLatticeFaster():decoder-wrappers.cc:289) Log-like per frame for utterance 5a4078f1-66df-45a5-82b8-b9d17b1bc1c2-129911376 is -8.43652 over 902 frames.
5a4078f1-66df-45a5-82b8-b9d17b1bc1c2-130013666 ES UND RELATIV WENIG WURDE 
LOG (gmm-latgen-faster[5.5.513~2-b5f4cf]:DecodeUtteranceLatticeFaster():decoder-wrappers.cc:289) Log-like per frame for utterance 5a4078f1-66df-45a5-82b8-b9d17b1bc1c2-130013666 is -8.3661 over 273 frames.
5a4078f1-66df-45a5-82b8-b9d17b1bc1c2-130112221 DER DIKTATOR SADDAM AUSSEHEN IST AUSGESCHALTET BISLANG DABEI IST UND DREHTE DIE ZUSTÄNDE SIND EURO DURCH FRAKTION FORT UND NICHT DER MEHRFACH NEHMEN ZU 
LOG (gmm-latgen-faster[5.5.513~2-b5f4cf]:DecodeUtteranceLatticeFaster():decoder-wrappers.cc:289) Log-like per frame for utterance 5a4078f1-66df-45a5-82b8-b9d17b1bc1c2-130112221 is -8.5661 over 997 frames.
5a4078f1-66df-45a5-82b8-b9d17b1bc1c2-130212516 DIESER EINE AUS SPITZE DER INSELN LIEGEN DER HAFEN WAR BEI SEHR KLEIN EIN FESTHALTEN UND ZWEI LANGE FAHRZEUGE GLEICHZEITIG ANLEGEN UND GRUPPEN AUS SCHIFFEN UND WURDE ZUDEM GRUND ÜBERWACHT 
LOG (gmm-latgen-faster[5.5.513~2-b5f4cf]:DecodeUtteranceLatticeFaster():decoder-wrappers.cc:289) Log-like per frame for utterance 5a4078f1-66df-45a5-82b8-b9d17b1bc1c2-130212516 is -8.6056 over 1213 frames.
5a4078f1-66df-45a5-82b8-b9d17b1bc1c2-130314061 DIE SOWOHL ORGANISIERT DIE DIREKTION KRIEG DIE EIN OFFENEN BETRIEB WIEDER SICHER STELLTE FÜR BITTE DIE GLOBALISIERUNG DER STRECKEN ARBEIT VON 
LOG (gmm-latgen-faster[5.5.513~2-b5f4cf]:DecodeUtteranceLatticeFaster():decoder-wrappers.cc:289) Log-like per frame for utterance 5a4078f1-66df-45a5-82b8-b9d17b1bc1c2-130314061 is -8.63886 over 887 frames.
5a4078f1-66df-45a5-82b8-b9d17b1bc1c2-130411711 SIE GLAUBTEN DER KOCH DER TIERE SITZE URSACHE ABBAU BEI SIE DIESEN SCHEINBAR DREIHUNDERTSECHZIG GRAD BREMEN KÖNNEN UND FÜRCHTETEN WENN ZEHN NAHM DER TIERE AUSSPRECHEN SOWOHL IN DAS GLEICHE SCHICKSAL 
LOG (gmm-latgen-faster[5.5.513~2-b5f4cf]:DecodeUtteranceLatticeFaster():decoder-wrappers.cc:289) Log-like per frame for utterance 5a4078f1-66df-45a5-82b8-b9d17b1bc1c2-130411711 is -8.60549 over 1242 frames.
5a4078f1-66df-45a5-82b8-b9d17b1bc1c2-130514426 SOWOHL ERDE PRODUZIEREN IN ALS AUF DIE ERBE KONSOLIDIERENDER LÄNDER SIND DARAN INTERESSIERTEN DAFÜR VERANTWORTLICHEN DAS WICHTIGE PREIS ABER NIVEAU STABILISIEREN DAS INNERHALB DIE BIS WIRTSCHAFTSWACHSTUM ERMÖGLICHT 
LOG (gmm-latgen-faster[5.5.513~2-b5f4cf]:DecodeUtteranceLatticeFaster():decoder-wrappers.cc:289) Log-like per frame for utterance 5a4078f1-66df-45a5-82b8-b9d17b1bc1c2-130514426 is -8.67421 over 1206 frames.
5a4078f1-66df-45a5-82b8-b9d17b1bc1c2-130613041 STELL SICH IHRE NÄCHSTEN 
LOG (gmm-latgen-faster[5.5.513~2-b5f4cf]:DecodeUtteranceLatticeFaster():decoder-wrappers.cc:289) Log-like per frame for utterance 5a4078f1-66df-45a5-82b8-b9d17b1bc1c2-130613041 is -7.81208 over 315 frames.
5a4078f1-66df-45a5-82b8-b9d17b1bc1c2-130712661 ES IST FÜHREN SEINE SACHE DER GLAUBWÜRDIGKEIT 
LOG (gmm-latgen-faster[5.5.513~2-b5f4cf]:DecodeUtteranceLatticeFaster():decoder-wrappers.cc:289) Log-like per frame for utterance 5a4078f1-66df-45a5-82b8-b9d17b1bc1c2-130712661 is -8.20452 over 388 frames.
5a4078f1-66df-45a5-82b8-b9d17b1bc1c2-130811426 BEI DER DIREKT DEM KOCH VON SKLAVEN AUS AFRIKA NIEMALS ABSCHLUSS KONNTEN DIE SKLAVEN BEVÖLKERUNG IN DEN NÖRDLICHEN KOLONIEN DIE SICH WÄRE KULTURELLEN MUSKELN ÄUßERST BEWUSST LAGE ERKENNTNIS DER BOTANISCHE TRADITION IMMER NULL BEWEGEN 
LOG (gmm-latgen-faster[5.5.513~2-b5f4cf]:DecodeUtteranceLatticeFaster():decoder-wrappers.cc:289) Log-like per frame for utterance 5a4078f1-66df-45a5-82b8-b9d17b1bc1c2-130811426 is -8.62996 over 1390 frames.
5a4078f1-66df-45a5-82b8-b9d17b1bc1c2-130910596 DAS ZIEL IST ES DAS DIE UNNÖTIGE KLEINE JUGENDLICHEN IN AUSBILDUNG ANZUBIETEN UND DAS ANGEBOT SCHRITTWEISE GANZ IST WEIT HERAUSZUGEBEN 
LOG (gmm-latgen-faster[5.5.513~2-b5f4cf]:DecodeUtteranceLatticeFaster():decoder-wrappers.cc:289) Log-like per frame for utterance 5a4078f1-66df-45a5-82b8-b9d17b1bc1c2-130910596 is -8.63367 over 886 frames.
5a4078f1-66df-45a5-82b8-b9d17b1bc1c2-131012406 AN LANDKREISE ODER DER SOZIALEN ÖKOLOGISCH PROBLEMATISCH BETRIEB SCHWEIGEN 
LOG (gmm-latgen-faster[5.5.513~2-b5f4cf]:DecodeUtteranceLatticeFaster():decoder-wrappers.cc:289) Log-like per frame for utterance 5a4078f1-66df-45a5-82b8-b9d17b1bc1c2-131012406 is -8.36598 over 544 frames.
5a4078f1-66df-45a5-82b8-b9d17b1bc1c2-131110791 DIE ANTWORT NACH DIESE FRAGEN AUGEN JAHR 
LOG (gmm-latgen-faster[5.5.513~2-b5f4cf]:DecodeUtteranceLatticeFaster():decoder-wrappers.cc:289) Log-like per frame for utterance 5a4078f1-66df-45a5-82b8-b9d17b1bc1c2-131110791 is -8.28709 over 335 frames.
5a4078f1-66df-45a5-82b8-b9d17b1bc1c2-131212296 ETWAS WORDEN ZEHEN WIRD FIX AUF NIEDERGANG SIE HOHER 
LOG (gmm-latgen-faster[5.5.513~2-b5f4cf]:DecodeUtteranceLatticeFaster():decoder-wrappers.cc:289) Log-like per frame for utterance 5a4078f1-66df-45a5-82b8-b9d17b1bc1c2-131212296 is -8.45301 over 454 frames.
5a4078f1-66df-45a5-82b8-b9d17b1bc1c2-131311236 DIE STÄNDIG PERSONEN DEN KRIEG DIE 
LOG (gmm-latgen-faster[5.5.513~2-b5f4cf]:DecodeUtteranceLatticeFaster():decoder-wrappers.cc:289) Log-like per frame for utterance 5a4078f1-66df-45a5-82b8-b9d17b1bc1c2-131311236 is -8.23837 over 315 frames.
5a4078f1-66df-45a5-82b8-b9d17b1bc1c2-131412731 DABEI HANDELTE SICH UM KLIMATISCHEN DIE DER DIE BEREICHE DIE TEILWEISE ENERGIE ZEITPUNKT SCHAFRASSE AUSGESTATTET SIND 
LOG (gmm-latgen-faster[5.5.513~2-b5f4cf]:DecodeUtteranceLatticeFaster():decoder-wrappers.cc:289) Log-like per frame for utterance 5a4078f1-66df-45a5-82b8-b9d17b1bc1c2-131412731 is -8.62239 over 733 frames.
5a4078f1-66df-45a5-82b8-b9d17b1bc1c2-131514271 ZWEI SIND ANDERE TORE TYPEN 
LOG (gmm-latgen-faster[5.5.513~2-b5f4cf]:DecodeUtteranceLatticeFaster():decoder-wrappers.cc:289) Log-like per frame for utterance 5a4078f1-66df-45a5-82b8-b9d17b1bc1c2-131514271 is -8.13838 over 276 frames.
5a4078f1-66df-45a5-82b8-b9d17b1bc1c2-131614211 ICH HOFFE DAS DIE ABSTIMMUNG IN PLENUM EINE RÜCKKEHR ZU NORMEN DIE GEHT ERLAUBT WIE SINNVOLL WÄRE 
LOG (gmm-latgen-faster[5.5.513~2-b5f4cf]:DecodeUtteranceLatticeFaster():decoder-wrappers.cc:289) Log-like per frame for utterance 5a4078f1-66df-45a5-82b8-b9d17b1bc1c2-131614211 is -8.35318 over 637 frames.
5a4078f1-66df-45a5-82b8-b9d17b1bc1c2-131714301 ICH UNTERSTÜTZE DIE AUSSAGE MEINES KOLLEGEN ARTEN ZUM ZU GANZ INFORMATION SOWIE DIE ERKLÄREN DES KOMMISSIONSMITGLIED ES HANDEL SICH HIER UND NICHT GEWÄHRUNG SONDERN DER ZU GANZ INFORMATION 
LOG (gmm-latgen-faster[5.5.513~2-b5f4cf]:DecodeUtteranceLatticeFaster():decoder-wrappers.cc:289) Log-like per frame for utterance 5a4078f1-66df-45a5-82b8-b9d17b1bc1c2-131714301 is -8.59639 over 1271 frames.
5a4078f1-66df-45a5-82b8-b9d17b1bc1c2-131812616 DER BEUTETIERE GRUNDE FLUGHAFEN HEIßT DIVISION AUF GEGENSATZ MÜSSEN WÄHREND ODER INNERHALB DER DIE VORSCHLAG KRIEGSGRUND 
LOG (gmm-latgen-faster[5.5.513~2-b5f4cf]:DecodeUtteranceLatticeFaster():decoder-wrappers.cc:289) Log-like per frame for utterance 5a4078f1-66df-45a5-82b8-b9d17b1bc1c2-131812616 is -8.51629 over 869 frames.
5a4078f1-66df-45a5-82b8-b9d17b1bc1c2-131911036 SO LANDES NACHEINANDER DEN DEN QUER DIE ANLAGEN GEBAUT WERDEN 
LOG (gmm-latgen-faster[5.5.513~2-b5f4cf]:DecodeUtteranceLatticeFaster():decoder-wrappers.cc:289) Log-like per frame for utterance 5a4078f1-66df-45a5-82b8-b9d17b1bc1c2-131911036 is -8.2914 over 440 frames.
5a4078f1-66df-45a5-82b8-b9d17b1bc1c2-132012961 MEINER FRAKTION SECHS ICH DEN GERADE DAFÜR EINEN DIESER MEINUNG ODER ZU VERSCHAFFEN NICHT DEN EUROPA WOBEI EINER RECHTE FRAGE ICH AUS BESTÄTIGT SONDERN DIE ZIEL EINER GRUNDLEGENDEN GESTALTUNG 
LOG (gmm-latgen-faster[5.5.513~2-b5f4cf]:DecodeUtteranceLatticeFaster():decoder-wrappers.cc:289) Log-like per frame for utterance 5a4078f1-66df-45a5-82b8-b9d17b1bc1c2-132012961 is -8.5678 over 1181 frames.
5a4078f1-66df-45a5-82b8-b9d17b1bc1c2-132114146 ZWEI WIRTSCHAFTEN DIE 
LOG (gmm-latgen-faster[5.5.513~2-b5f4cf]:DecodeUtteranceLatticeFaster():decoder-wrappers.cc:289) Log-like per frame for utterance 5a4078f1-66df-45a5-82b8-b9d17b1bc1c2-132114146 is -8.15825 over 305 frames.
5a4078f1-66df-45a5-82b8-b9d17b1bc1c2-132210651 SECHZIG AUF GANGES KLAR GRENZEN AUS EINDEUTIG BERUFLICH RELEVANT IST UND LASSEN AM RAND 
LOG (gmm-latgen-faster[5.5.513~2-b5f4cf]:DecodeUtteranceLatticeFaster():decoder-wrappers.cc:289) Log-like per frame for utterance 5a4078f1-66df-45a5-82b8-b9d17b1bc1c2-132210651 is -8.49599 over 647 frames.
5a4078f1-66df-45a5-82b8-b9d17b1bc1c2-132313696 EIN OFFIZIELLE AUFFORDERUNG EINE BALL BEOBACHTET EMISSIONSNORMEN FINDEN DIE GEGNER ZWEITEN MAI VON DER REGIERUNG INNOVATOREN JA DIE NIEMALS EIN KOMMISSARIN 
LOG (gmm-latgen-faster[5.5.513~2-b5f4cf]:DecodeUtteranceLatticeFaster():decoder-wrappers.cc:289) Log-like per frame for utterance 5a4078f1-66df-45a5-82b8-b9d17b1bc1c2-132313696 is -8.54127 over 1112 frames.
5a4078f1-66df-45a5-82b8-b9d17b1bc1c2-132410201 LÄNDLICHEN STUDIE DIESER FORSCHUNG DES ERFOLGREICHEN ANFANGS UNS ZUR VORBEUGUNG DER GERECHTIGKEIT DEN ALTE 
LOG (gmm-latgen-faster[5.5.513~2-b5f4cf]:DecodeUtteranceLatticeFaster():decoder-wrappers.cc:289) Log-like per frame for utterance 5a4078f1-66df-45a5-82b8-b9d17b1bc1c2-132410201 is -8.44081 over 779 frames.
5a4078f1-66df-45a5-82b8-b9d17b1bc1c2-132512761 GLEICH KÖNNTE JE DIE KONFERENZ DER BESIEDELTEN LEDIGLICH MIT FIEL FRAKTIONSVORSITZENDEN AUSKOMMEN 
LOG (gmm-latgen-faster[5.5.513~2-b5f4cf]:DecodeUtteranceLatticeFaster():decoder-wrappers.cc:289) Log-like per frame for utterance 5a4078f1-66df-45a5-82b8-b9d17b1bc1c2-132512761 is -8.49836 over 626 frames.
5a4078f1-66df-45a5-82b8-b9d17b1bc1c2-132611316 BESONDERS DIE WOBEI ICH LEISTEN LIEGEN BEI TRANSPORTERN UND WASSER ANDERE 
LOG (gmm-latgen-faster[5.5.513~2-b5f4cf]:DecodeUtteranceLatticeFaster():decoder-wrappers.cc:289) Log-like per frame for utterance 5a4078f1-66df-45a5-82b8-b9d17b1bc1c2-132611316 is -8.34462 over 541 frames.
5a4078f1-66df-45a5-82b8-b9d17b1bc1c2-132713806 BEMERKENSWERT IST AUCH DA LAGE WEIß EINSATZ FÜR DER NATURSCHUTZ 
LOG (gmm-latgen-faster[5.5.513~2-b5f4cf]:DecodeUtteranceLatticeFaster():decoder-wrappers.cc:289) Log-like per frame for utterance 5a4078f1-66df-45a5-82b8-b9d17b1bc1c2-132713806 is -8.10706 over 593 frames.
5a4078f1-66df-45a5-82b8-b9d17b1bc1c2-132810101 DIE FARBE MACHE TAUSEND HATTE TRANSPORTIERT ARBEIT SICHERN NICHT DAS DIE FREUND HALBEM STARK IST 
LOG (gmm-latgen-faster[5.5.513~2-b5f4cf]:DecodeUtteranceLatticeFaster():decoder-wrappers.cc:289) Log-like per frame for utterance 5a4078f1-66df-45a5-82b8-b9d17b1bc1c2-132810101 is -8.52278 over 720 frames.
5a4078f1-66df-45a5-82b8-b9d17b1bc1c2-132912276 SCHWEIGEN DEUTET ZUSTIMMUNG DESWEGEN MÖCHTE ICH NUR SAGEN DAS ENERGIE SPRACHE WERDEN FÜR DIE ÖFFENTLICHKEIT KEINE GEFAHR DARSTELLEN WENN SIE VON VERBRAUCHER BEZIEHUNGSWEISE IN HAUSHALTEN KORREKT VERWENDET UND IN EINEM ORDNUNGSGEMÄßE PRODUKTION UMWELT ODER BERÜCKSICHTIGUNG WÄCHST UNTER DER BESCHÄFTIGEN DAS UMWELTSCHUTZ ES HERGESTELLT WERDEN 
LOG (gmm-latgen-faster[5.5.513~2-b5f4cf]:DecodeUtteranceLatticeFaster():decoder-wrappers.cc:289) Log-like per frame for utterance 5a4078f1-66df-45a5-82b8-b9d17b1bc1c2-132912276 is -8.64083 over 1849 frames.
5a4078f1-66df-45a5-82b8-b9d17b1bc1c2-133010531 ICH VERSTAND EINFACH NICHT WARUM EINER FRAU IHRE MAN WIRD HINGEGEN UND IHRE GESAMTE DIE GESELLSCHAFTLICHE STELLUNG AUFGENOMMEN FÜR SIND KRITISCH INNEREN SOLIDEN 
LOG (gmm-latgen-faster[5.5.513~2-b5f4cf]:DecodeUtteranceLatticeFaster():decoder-wrappers.cc:289) Log-like per frame for utterance 5a4078f1-66df-45a5-82b8-b9d17b1bc1c2-133010531 is -8.60628 over 1026 frames.
5a4078f1-66df-45a5-82b8-b9d17b1bc1c2-133113001 DIE INNEREN ZWEI DER VON JEWEILIGE SEIN KOCHEN NACH DEUTSCHLAND BEI WO DAS GESCHLECHTER FÜNFZEHN HUNDERT FÜNFTE MEINES STAMMT AUSSPRACHE 
LOG (gmm-latgen-faster[5.5.513~2-b5f4cf]:DecodeUtteranceLatticeFaster():decoder-wrappers.cc:289) Log-like per frame for utterance 5a4078f1-66df-45a5-82b8-b9d17b1bc1c2-133113001 is -8.52022 over 1037 frames.
5a4078f1-66df-45a5-82b8-b9d17b1bc1c2-133210781 DIE EINIGE DREHTE NICHT BLEIBEN UNION ANDEREN 
LOG (gmm-latgen-faster[5.5.513~2-b5f4cf]:DecodeUtteranceLatticeFaster():decoder-wrappers.cc:289) Log-like per frame for utterance 5a4078f1-66df-45a5-82b8-b9d17b1bc1c2-133210781 is -8.29612 over 422 frames.
5a4078f1-66df-45a5-82b8-b9d17b1bc1c2-133311431 MIT DEM VORLIEGENDEN VORSCHLAG SOLL ABHILFE GESCHAFFEN WERDEN DEN DEM EIN GEMEINSAMER WAREN DIE ERSTELLUNG ÜBERMITTELN BEWERTUNG VERGLEICHBAR ARBEIT KOSTEN IN DIE DIES GESCHAFFEN WIRD 
LOG (gmm-latgen-faster[5.5.513~2-b5f4cf]:DecodeUtteranceLatticeFaster():decoder-wrappers.cc:289) Log-like per frame for utterance 5a4078f1-66df-45a5-82b8-b9d17b1bc1c2-133311431 is -8.5411 over 1074 frames.
5a4078f1-66df-45a5-82b8-b9d17b1bc1c2-133410956 DIE INNEREN AUS DAS DIE BETREIBER VORGESORGT HABEN UND DIENT ANWENDUNGSBEREICH GEKOSTET SECHS EINES NACH BESSER SIND WENN DIE POLIZEI DAS HAUS DURCHSUCHT 
LOG (gmm-latgen-faster[5.5.513~2-b5f4cf]:DecodeUtteranceLatticeFaster():decoder-wrappers.cc:289) Log-like per frame for utterance 5a4078f1-66df-45a5-82b8-b9d17b1bc1c2-133410956 is -8.54336 over 1001 frames.
5a4078f1-66df-45a5-82b8-b9d17b1bc1c2-133510306 IN ZU KANN ERBAUTEN SECHS ANREGUNGEN 
LOG (gmm-latgen-faster[5.5.513~2-b5f4cf]:DecodeUtteranceLatticeFaster():decoder-wrappers.cc:289) Log-like per frame for utterance 5a4078f1-66df-45a5-82b8-b9d17b1bc1c2-133510306 is -8.1627 over 383 frames.
5a4078f1-66df-45a5-82b8-b9d17b1bc1c2-133614916 DABEI DIESES UND DIE BEGLEITEN VON AUFKLÄREN DEN DIE STUDENTEN ALS KOMMT STADT ERHALTEN SICH IHRE PERSÖNLICHEN BERUFLICH DIE ZIELE BEWUSST ZUR WERDEN 
LOG (gmm-latgen-faster[5.5.513~2-b5f4cf]:DecodeUtteranceLatticeFaster():decoder-wrappers.cc:289) Log-like per frame for utterance 5a4078f1-66df-45a5-82b8-b9d17b1bc1c2-133614916 is -8.56913 over 959 frames.
5a4078f1-66df-45a5-82b8-b9d17b1bc1c2-133711546 BISLANG WURDEN EUROPÄISCHEN RECHT NACH KEINE KONSEQUENZEN AUS DIESER KRIEG RUHEZONEN WOBEI SICH EINE GEBRAUCH EIN FÜR KINDER EINE SEHR KOMPLIZIERTE SITUATION ERGIBT 
LOG (gmm-latgen-faster[5.5.513~2-b5f4cf]:DecodeUtteranceLatticeFaster():decoder-wrappers.cc:289) Log-like per frame for utterance 5a4078f1-66df-45a5-82b8-b9d17b1bc1c2-133711546 is -8.55268 over 1021 frames.
5a4078f1-66df-45a5-82b8-b9d17b1bc1c2-133814171 FINDE WIRD CANNAE VORGESCHLAGEN ES DIESER IN DIE FESTUNG FORMEN MUSS EIN TRITT UND DEREN AUS DES ZEHNMAL GELD STIEHLT 
LOG (gmm-latgen-faster[5.5.513~2-b5f4cf]:DecodeUtteranceLatticeFaster():decoder-wrappers.cc:289) Log-like per frame for utterance 5a4078f1-66df-45a5-82b8-b9d17b1bc1c2-133814171 is -8.36758 over 902 frames.
5a4078f1-66df-45a5-82b8-b9d17b1bc1c2-133911806 DIE GANZE MENSCHHEIT WAREN DIE ZUKUNFT 
LOG (gmm-latgen-faster[5.5.513~2-b5f4cf]:DecodeUtteranceLatticeFaster():decoder-wrappers.cc:289) Log-like per frame for utterance 5a4078f1-66df-45a5-82b8-b9d17b1bc1c2-133911806 is -8.14961 over 422 frames.
5a4078f1-66df-45a5-82b8-b9d17b1bc1c2-134014556 DIE RICHTLINIE VERPFLICHTET DIE MITGLIEDSTAATEN ENTWEDER EINER KRIEG HAT REGIERUNG ZU BESCHLIEßEN ODER EINEM TRITT STAATS ANDERE DEN EINE AUFENTHALT RECHT EINZURÄUMEN 
LOG (gmm-latgen-faster[5.5.513~2-b5f4cf]:DecodeUtteranceLatticeFaster():decoder-wrappers.cc:289) Log-like per frame for utterance 5a4078f1-66df-45a5-82b8-b9d17b1bc1c2-134014556 is -8.48379 over 1079 frames.
5a4078f1-66df-45a5-82b8-b9d17b1bc1c2-134112821 VIELE WASSER SIND ALS FINANZIERUNGSÜBERLEGUNGEN GEFÄLLT 
LOG (gmm-latgen-faster[5.5.513~2-b5f4cf]:DecodeUtteranceLatticeFaster():decoder-wrappers.cc:289) Log-like per frame for utterance 5a4078f1-66df-45a5-82b8-b9d17b1bc1c2-134112821 is -8.51202 over 436 frames.
5a4078f1-66df-45a5-82b8-b9d17b1bc1c2-134212416 DAS HOCH SOLL DER KEINE MUTTERSPRACHE VON ECHTEN UND GEHALTEN FIEL 
LOG (gmm-latgen-faster[5.5.513~2-b5f4cf]:DecodeUtteranceLatticeFaster():decoder-wrappers.cc:289) Log-like per frame for utterance 5a4078f1-66df-45a5-82b8-b9d17b1bc1c2-134212416 is -8.39295 over 479 frames.
5a4078f1-66df-45a5-82b8-b9d17b1bc1c2-134311436 WIR ALLE DIESEN DAS ES KEIN NACHHALTIGEN MILITÄRISCHER KULTUR WASSERFAHRZEUG GEGEN KANN SOLANGE KEIN ZIVIL ARBEIT STABILITÄT EXISTIERT DER DAS BEI ZUSAMMENHALT 
LOG (gmm-latgen-faster[5.5.513~2-b5f4cf]:DecodeUtteranceLatticeFaster():decoder-wrappers.cc:289) Log-like per frame for utterance 5a4078f1-66df-45a5-82b8-b9d17b1bc1c2-134311436 is -8.55285 over 1038 frames.
5a4078f1-66df-45a5-82b8-b9d17b1bc1c2-134413771 DIE ETWAS UMFASSENDER MANNSCHAFT WECHSELTE AUF EINEM BEI BEGLEITET GUT 
LOG (gmm-latgen-faster[5.5.513~2-b5f4cf]:DecodeUtteranceLatticeFaster():decoder-wrappers.cc:289) Log-like per frame for utterance 5a4078f1-66df-45a5-82b8-b9d17b1bc1c2-134413771 is -8.1581 over 622 frames.
5a4078f1-66df-45a5-82b8-b9d17b1bc1c2-134513491 WESHALB UNIVERSITÄTEN DER EUROPÄISCHEN HOC FÜHRTE 
LOG (gmm-latgen-faster[5.5.513~2-b5f4cf]:DecodeUtteranceLatticeFaster():decoder-wrappers.cc:289) Log-like per frame for utterance 5a4078f1-66df-45a5-82b8-b9d17b1bc1c2-134513491 is -8.21982 over 457 frames.
5a4078f1-66df-45a5-82b8-b9d17b1bc1c2-134613766 GANZ VORLIEGENDE BERICHT IST EIN JEDER DIE EXAKTER NEUE DAS DER EINFLUSS RUF NICHT SICHER SEIN KANN AUCH HIER AUSGEPRÄGT AUSGEGEBEN EURO WIRKLICH VOLLKOMMEN REGULÄR AUSGEGEBEN WURDE OBGLEICH DER BERICHT AUCH AN JAGD DAS IN EINEN PROBLEMATISCHEN SEKTOR DER LANDWIRTSCHAFT DER LETZTLICH EINE NEUEN ANTEIL DES HOFFE VORSCHLÄGEN GEWISSE FORTSCHRITTE ERZIELT WURDEN 
LOG (gmm-latgen-faster[5.5.513~2-b5f4cf]:DecodeUtteranceLatticeFaster():decoder-wrappers.cc:289) Log-like per frame for utterance 5a4078f1-66df-45a5-82b8-b9d17b1bc1c2-134613766 is -8.70078 over 2058 frames.
5a4078f1-66df-45a5-82b8-b9d17b1bc1c2-134710226 DIE ANZAHL ERMÖGLICHEN SEINES LASS ZEIGT STEIGERT EXPONENTIELL DAHER WIRD DIESES VERFAHREN BEI MEHR NÄCHSTEN MENSCH UND WEG AUF GENANNT 
LOG (gmm-latgen-faster[5.5.513~2-b5f4cf]:DecodeUtteranceLatticeFaster():decoder-wrappers.cc:289) Log-like per frame for utterance 5a4078f1-66df-45a5-82b8-b9d17b1bc1c2-134710226 is -8.36159 over 973 frames.
5a4078f1-66df-45a5-82b8-b9d17b1bc1c2-134812511 IN ENTHALTEN HABEN SIE ALLE ÜBER DIE TÜRKEN BÜSCHELN NIEMAND HAT ÜBER DIE DER DYNAMISCHEN ODER ÜBER DIE DEUTSCH DIE AN DIE AUCH MIT GEMACHT 
LOG (gmm-latgen-faster[5.5.513~2-b5f4cf]:DecodeUtteranceLatticeFaster():decoder-wrappers.cc:289) Log-like per frame for utterance 5a4078f1-66df-45a5-82b8-b9d17b1bc1c2-134812511 is -8.46935 over 864 frames.
5a4078f1-66df-45a5-82b8-b9d17b1bc1c2-134912471 LANDSCHAFT ARBEITSPLÄTZE ALLEINE MEINUNG EIN MAßE BUNDESLAND DERZEIT EINE ACHT ARBEITSPLÄTZE MEINER NEUN FABRIK METER NULL 
LOG (gmm-latgen-faster[5.5.513~2-b5f4cf]:DecodeUtteranceLatticeFaster():decoder-wrappers.cc:289) Log-like per frame for utterance 5a4078f1-66df-45a5-82b8-b9d17b1bc1c2-134912471 is -8.44463 over 838 frames.
5a4078f1-66df-45a5-82b8-b9d17b1bc1c2-135012851 EINE WIRD ORDNUNG UND EINER JÄHRLICH NIEDERSCHLAG MÄNNER VON ÜBER DIE TAUSEND UND HUNDERT MILLIMETER SOGAR HÖCHSTE WERDE EROBERTEN MESSE 
LOG (gmm-latgen-faster[5.5.513~2-b5f4cf]:DecodeUtteranceLatticeFaster():decoder-wrappers.cc:289) Log-like per frame for utterance 5a4078f1-66df-45a5-82b8-b9d17b1bc1c2-135012851 is -8.3456 over 906 frames.
5a4078f1-66df-45a5-82b8-b9d17b1bc1c2-135115081 VIELE VON UNS HABEN NACH DIESEN ABSTIMMUNG IHREN FORSCHUNG UND DER BEDAUERE MEIST 
LOG (gmm-latgen-faster[5.5.513~2-b5f4cf]:DecodeUtteranceLatticeFaster():decoder-wrappers.cc:289) Log-like per frame for utterance 5a4078f1-66df-45a5-82b8-b9d17b1bc1c2-135115081 is -8.36651 over 569 frames.
5a4078f1-66df-45a5-82b8-b9d17b1bc1c2-135215086 DAS PROGRAMM WURDE AUSDRUCK SIE KLARHEIT EINGESTELLT 
LOG (gmm-latgen-faster[5.5.513~2-b5f4cf]:DecodeUtteranceLatticeFaster():decoder-wrappers.cc:289) Log-like per frame for utterance 5a4078f1-66df-45a5-82b8-b9d17b1bc1c2-135215086 is -8.44122 over 406 frames.
5a4078f1-66df-45a5-82b8-b9d17b1bc1c2-135313431 EIN ANDERE KAPITALISMUS IST MÖGLICH 
LOG (gmm-latgen-faster[5.5.513~2-b5f4cf]:DecodeUtteranceLatticeFaster():decoder-wrappers.cc:289) Log-like per frame for utterance 5a4078f1-66df-45a5-82b8-b9d17b1bc1c2-135313431 is -8.17792 over 345 frames.
5a4078f1-66df-45a5-82b8-b9d17b1bc1c2-135413946 IN EINE RECHTE BEISPIEL IST DAS SECHS ORDNUNG DER TEXT ZIEL INDUSTRIE BEGANGEN DIE AUCH FÜR KARTHAGISCHEN JAHREN ANGEWACHSEN 
LOG (gmm-latgen-faster[5.5.513~2-b5f4cf]:DecodeUtteranceLatticeFaster():decoder-wrappers.cc:289) Log-like per frame for utterance 5a4078f1-66df-45a5-82b8-b9d17b1bc1c2-135413946 is -8.6476 over 771 frames.
5a4078f1-66df-45a5-82b8-b9d17b1bc1c2-135512536 BESONDERS LETZTEN SICH IHREN KARTHAGO MAN UND HARALD EINE NICHT EINE DER NEUNZEHNHUNDERTSIEBZIGER JAHRE FÜR DIE WAHRNEHMUNG AUFWERTUNG VORBEREITUNG WERTVOLLEN BETRACHTEN VERPASST LITERATUR EIN 
LOG (gmm-latgen-faster[5.5.513~2-b5f4cf]:DecodeUtteranceLatticeFaster():decoder-wrappers.cc:289) Log-like per frame for utterance 5a4078f1-66df-45a5-82b8-b9d17b1bc1c2-135512536 is -8.51375 over 1264 frames.
5a4078f1-66df-45a5-82b8-b9d17b1bc1c2-135613651 ODER ARBEITEN SAALE MITTELBETRIEBE UND UND STELL 
LOG (gmm-latgen-faster[5.5.513~2-b5f4cf]:DecodeUtteranceLatticeFaster():decoder-wrappers.cc:289) Log-like per frame for utterance 5a4078f1-66df-45a5-82b8-b9d17b1bc1c2-135613651 is -8.29732 over 423 frames.
5a4078f1-66df-45a5-82b8-b9d17b1bc1c2-135711351 ICH WERDE IHRER BEMERKUNGEN PRÄSIDENT MENSCH WEITERLEITEN 
LOG (gmm-latgen-faster[5.5.513~2-b5f4cf]:DecodeUtteranceLatticeFaster():decoder-wrappers.cc:289) Log-like per frame for utterance 5a4078f1-66df-45a5-82b8-b9d17b1bc1c2-135711351 is -8.32546 over 414 frames.
5a4078f1-66df-45a5-82b8-b9d17b1bc1c2-135813466 DIESES BESTEHT AUS IN ZWEI KÖNIGREICH GEBIETE UND DIE PROGRAMME DIE IHRERSEITS WIEDERUM WÄRE KLEINE LÄNDER ODER SICH EINEN 
LOG (gmm-latgen-faster[5.5.513~2-b5f4cf]:DecodeUtteranceLatticeFaster():decoder-wrappers.cc:289) Log-like per frame for utterance 5a4078f1-66df-45a5-82b8-b9d17b1bc1c2-135813466 is -8.3594 over 945 frames.
5a4078f1-66df-45a5-82b8-b9d17b1bc1c2-135914651 DIE GELINGT GRIECHENLAND MÜSSEN ZUR BEISPIEL UND ZWANZIG BIS DREIßIG PROZENT NACH UNTEN DAMIT DAS LANG KONKURRENZFÄHIGER DER 
LOG (gmm-latgen-faster[5.5.513~2-b5f4cf]:DecodeUtteranceLatticeFaster():decoder-wrappers.cc:289) Log-like per frame for utterance 5a4078f1-66df-45a5-82b8-b9d17b1bc1c2-135914651 is -8.52619 over 820 frames.
5a4078f1-66df-45a5-82b8-b9d17b1bc1c2-136011286 EIN RHÖN NICHT DIE GRENZE WIRD EINZUFÜHREN DAS VIELE JEDER EINWANDERER DIE DAS EINIGE KÖNIGREICH ALS ZIEL HABEN ZUM BEISPIEL CANNAE UNGEHINDERT ERREICHEN KÖNNEN UND BULGARIEN IST EIN VERPFLICHTUNGEN BEZUG AUF DAS ORGANISIERTE VERBRECHEN NICHT NACHGEKOMMEN 
LOG (gmm-latgen-faster[5.5.513~2-b5f4cf]:DecodeUtteranceLatticeFaster():decoder-wrappers.cc:289) Log-like per frame for utterance 5a4078f1-66df-45a5-82b8-b9d17b1bc1c2-136011286 is -8.56581 over 1421 frames.
5a4078f1-66df-45a5-82b8-b9d17b1bc1c2-136211506 DER RAT ODER DIE LÄNDERN DER REGION DAZU AUF ÄUßERST ANSTREBEN ZU ERLEICHTERUNG DA LAUFEN REGIONALE MEINE TIEREN EINSETZT UNTERNEHMEN UNTER ANDEREN DURCH FLUGGÄSTE SCHON ADMINISTRATION UNTERSTÜTZUNG SOWIE DURCH DIE SICHERUNG ZUSTANDE ZU DEN HILFSMITTEL UND IHRER VERTEILUNG 
LOG (gmm-latgen-faster[5.5.513~2-b5f4cf]:DecodeUtteranceLatticeFaster():decoder-wrappers.cc:289) Log-like per frame for utterance 5a4078f1-66df-45a5-82b8-b9d17b1bc1c2-136211506 is -8.63177 over 1646 frames.
5a4078f1-66df-45a5-82b8-b9d17b1bc1c2-136310211 DIE LÄNGE DER STRECKE DIE DIESES ZURÜCK IN ENTSPRICHT DER GLAUBE STROM HAUSHALTS 
LOG (gmm-latgen-faster[5.5.513~2-b5f4cf]:DecodeUtteranceLatticeFaster():decoder-wrappers.cc:289) Log-like per frame for utterance 5a4078f1-66df-45a5-82b8-b9d17b1bc1c2-136310211 is -8.35276 over 581 frames.
5a4078f1-66df-45a5-82b8-b9d17b1bc1c2-136411851 METER NOVEMBER ZWEITAUSENDSECHS GEFÄHRDETE DIE NICHT VERFÜGEN VERTEILT DER FÜR SPANIEN MIT ENTSPRECHEND FAMILIE GEBAUT AUF 
LOG (gmm-latgen-faster[5.5.513~2-b5f4cf]:DecodeUtteranceLatticeFaster():decoder-wrappers.cc:289) Log-like per frame for utterance 5a4078f1-66df-45a5-82b8-b9d17b1bc1c2-136411851 is -8.5777 over 770 frames.
5a4078f1-66df-45a5-82b8-b9d17b1bc1c2-136514991 MENSCHEN IMMENS DER MEINE GRÖßERE BEDEUTUNG KOMMEN 
LOG (gmm-latgen-faster[5.5.513~2-b5f4cf]:DecodeUtteranceLatticeFaster():decoder-wrappers.cc:289) Log-like per frame for utterance 5a4078f1-66df-45a5-82b8-b9d17b1bc1c2-136514991 is -8.33481 over 446 frames.
5a4078f1-66df-45a5-82b8-b9d17b1bc1c2-136613896 DIE PRIVATSPHÄRE KANN DANN DURCH DIE GESETZGEBUNG EFFEKTIV GESCHÜTZT WERDEN WENN DIE GESETZT NACH EINGEHALTEN WERDEN 
LOG (gmm-latgen-faster[5.5.513~2-b5f4cf]:DecodeUtteranceLatticeFaster():decoder-wrappers.cc:289) Log-like per frame for utterance 5a4078f1-66df-45a5-82b8-b9d17b1bc1c2-136613896 is -8.58444 over 700 frames.
5a4078f1-66df-45a5-82b8-b9d17b1bc1c2-33611876 DIE AUSSPRACHE IST GESCHLOSSEN 
LOG (gmm-latgen-faster[5.5.513~2-b5f4cf]:DecodeUtteranceLatticeFaster():decoder-wrappers.cc:289) Log-like per frame for utterance 5a4078f1-66df-45a5-82b8-b9d17b1bc1c2-33611876 is -8.14291 over 302 frames.
61825372-365f-4595-bae0-e56d3a288cb3-195913661 ZEITRAUM DER VON WIR DER BRACH HATTE EINHEITEN AUF ERHALT INSELN ABLAUFEN ODER OFFENSICHTLICH ELEGANT PROVINZ 
LOG (gmm-latgen-faster[5.5.513~2-b5f4cf]:DecodeUtteranceLatticeFaster():decoder-wrappers.cc:289) Log-like per frame for utterance 61825372-365f-4595-bae0-e56d3a288cb3-195913661 is -8.30945 over 854 frames.
61825372-365f-4595-bae0-e56d3a288cb3-196010171 DIESE SEINER HALTUNG DIE MÖCHTE IN DEN KÖNNEN 
LOG (gmm-latgen-faster[5.5.513~2-b5f4cf]:DecodeUtteranceLatticeFaster():decoder-wrappers.cc:289) Log-like per frame for utterance 61825372-365f-4595-bae0-e56d3a288cb3-196010171 is -7.86303 over 427 frames.
61825372-365f-4595-bae0-e56d3a288cb3-196113051 BESONDERE AUSKOMMEN DENNOCH SELTEN AUF LASSEN MENSCH AUCH BESCHLUSS UND ANDEREN ALTERNATIVEN VERSTOßEN AUCH 
LOG (gmm-latgen-faster[5.5.513~2-b5f4cf]:DecodeUtteranceLatticeFaster():decoder-wrappers.cc:289) Log-like per frame for utterance 61825372-365f-4595-bae0-e56d3a288cb3-196113051 is -8.51995 over 760 frames.
61825372-365f-4595-bae0-e56d3a288cb3-196213851 BESONDERS ABER GEHT IN ZUSAMMENHANG ZWISCHEN HAUSHALTS VIERZIG MAßNAHMEN QUALITÄT HILFSLEISTUNGEN UND UND POLITIK 
LOG (gmm-latgen-faster[5.5.513~2-b5f4cf]:DecodeUtteranceLatticeFaster():decoder-wrappers.cc:289) Log-like per frame for utterance 61825372-365f-4595-bae0-e56d3a288cb3-196213851 is -8.52643 over 858 frames.
61825372-365f-4595-bae0-e56d3a288cb3-196315061 VERLIERT HERZLICH PRAKTISCHEN ZEICHEN INTERNATIONAL ICH 
LOG (gmm-latgen-faster[5.5.513~2-b5f4cf]:DecodeUtteranceLatticeFaster():decoder-wrappers.cc:289) Log-like per frame for utterance 61825372-365f-4595-bae0-e56d3a288cb3-196315061 is -8.0288 over 534 frames.
61825372-365f-4595-bae0-e56d3a288cb3-196414151 ZIFFER SICHERHEIT UNS FORM KOMMEN SOFERN ZUM ZUG UND DIE EINFLUSS SOLLTEN KANN SICH VERSCHAFFEN MARKT EINSTELLEN 
LOG (gmm-latgen-faster[5.5.513~2-b5f4cf]:DecodeUtteranceLatticeFaster():decoder-wrappers.cc:289) Log-like per frame for utterance 61825372-365f-4595-bae0-e56d3a288cb3-196414151 is -8.43719 over 768 frames.
61825372-365f-4595-bae0-e56d3a288cb3-196511346 ÜBERALL VERTRETERN DIESER GATTUNG SIND FEHLER EUROPA NICHT AUSGEBILDET 
LOG (gmm-latgen-faster[5.5.513~2-b5f4cf]:DecodeUtteranceLatticeFaster():decoder-wrappers.cc:289) Log-like per frame for utterance 61825372-365f-4595-bae0-e56d3a288cb3-196511346 is -7.68632 over 838 frames.
61825372-365f-4595-bae0-e56d3a288cb3-196614201 DIE KOMMISSAR GRÖßER SORGFÄLTIG DIESE PERSONEN IN JE MITGLIEDSTAAT UND FESTZUSTELLEN WICHTIG VERTRAUEN MAßNAHMEN ALS UM RECHTLICH UM ANGEMESSEN DER KÖNNEN 
LOG (gmm-latgen-faster[5.5.513~2-b5f4cf]:DecodeUtteranceLatticeFaster():decoder-wrappers.cc:289) Log-like per frame for utterance 61825372-365f-4595-bae0-e56d3a288cb3-196614201 is -8.32012 over 1003 frames.
61825372-365f-4595-bae0-e56d3a288cb3-196711751 DIE IM MÖCHTE KÖRPERS AUF DIESE DAS JAHRHUNDERTE ÄNDERN DAS AUS EINGEHEN SICH WEISE METER 
LOG (gmm-latgen-faster[5.5.513~2-b5f4cf]:DecodeUtteranceLatticeFaster():decoder-wrappers.cc:289) Log-like per frame for utterance 61825372-365f-4595-bae0-e56d3a288cb3-196711751 is -8.1876 over 749 frames.
61825372-365f-4595-bae0-e56d3a288cb3-196812561 DIE VERBRAUCHER ABER SIND DIE GEBETE DABEI 
LOG (gmm-latgen-faster[5.5.513~2-b5f4cf]:DecodeUtteranceLatticeFaster():decoder-wrappers.cc:289) Log-like per frame for utterance 61825372-365f-4595-bae0-e56d3a288cb3-196812561 is -8.00761 over 439 frames.
61825372-365f-4595-bae0-e56d3a288cb3-196910506 EINE ERINNERN DEN ICH EINFACHER MÖCHTE IST NOCH DEREN ERREICHBAR GERUNDETE AUF DESSEN BEMERKUNGEN SIE EIN DEN MÖCHTE UND SOLL SICH LÄNDER SEINER BEITRAGEN AUF DIE BEZIEHUNGEN ZUDEM SOGAR 
LOG (gmm-latgen-faster[5.5.513~2-b5f4cf]:DecodeUtteranceLatticeFaster():decoder-wrappers.cc:289) Log-like per frame for utterance 61825372-365f-4595-bae0-e56d3a288cb3-196910506 is -8.32244 over 1352 frames.
61825372-365f-4595-bae0-e56d3a288cb3-197013836 ODER ERREICHEN SCHALTE ZUR ELF 
LOG (gmm-latgen-faster[5.5.513~2-b5f4cf]:DecodeUtteranceLatticeFaster():decoder-wrappers.cc:289) Log-like per frame for utterance 61825372-365f-4595-bae0-e56d3a288cb3-197013836 is -7.86632 over 474 frames.
61825372-365f-4595-bae0-e56d3a288cb3-197213716 ENDE DERARTIGE JAHRE ERARBEITETEN DIE KOMMISSION EINKLANG NACHDEM SICH DIE DAMALIGE IDEE SEPTEMBER STADT VEREINEN SOLLTE UND DIE ANDEREN EUROPÄISCHEN STAATEN ÜBER REGELUNG WENN EUROPÄISCHEN WIRTSCHAFTS RAUM SOGAR ZUDEM ANGEHALTEN SOLLTEN 
LOG (gmm-latgen-faster[5.5.513~2-b5f4cf]:DecodeUtteranceLatticeFaster():decoder-wrappers.cc:289) Log-like per frame for utterance 61825372-365f-4595-bae0-e56d3a288cb3-197213716 is -8.32101 over 1597 frames.
61825372-365f-4595-bae0-e56d3a288cb3-197313731 ES DAMALIGE UNEINGESCHRÄNKT VERWENDET RHÖN 
LOG (gmm-latgen-faster[5.5.513~2-b5f4cf]:DecodeUtteranceLatticeFaster():decoder-wrappers.cc:289) Log-like per frame for utterance 61825372-365f-4595-bae0-e56d3a288cb3-197313731 is -7.97662 over 447 frames.
61825372-365f-4595-bae0-e56d3a288cb3-197410091 ES DER DIE ANZEICHEN EINER NEUEN ANSCHLIEßEND KANN 
LOG (gmm-latgen-faster[5.5.513~2-b5f4cf]:DecodeUtteranceLatticeFaster():decoder-wrappers.cc:289) Log-like per frame for utterance 61825372-365f-4595-bae0-e56d3a288cb3-197410091 is -8.17407 over 458 frames.
61825372-365f-4595-bae0-e56d3a288cb3-197512436 DER DIESER NATIONEN WAR BEFIEDERT DIE 
LOG (gmm-latgen-faster[5.5.513~2-b5f4cf]:DecodeUtteranceLatticeFaster():decoder-wrappers.cc:289) Log-like per frame for utterance 61825372-365f-4595-bae0-e56d3a288cb3-197512436 is -7.78881 over 508 frames.
61825372-365f-4595-bae0-e56d3a288cb3-197614536 BREITE IST DAS NICHT SIE ICH RELEVANZ ERFOLGE SONDERN ICH 
LOG (gmm-latgen-faster[5.5.513~2-b5f4cf]:DecodeUtteranceLatticeFaster():decoder-wrappers.cc:289) Log-like per frame for utterance 61825372-365f-4595-bae0-e56d3a288cb3-197614536 is -8.15707 over 607 frames.
61825372-365f-4595-bae0-e56d3a288cb3-197713216 FLÜGELFELDER TREFFEN BEREITS VERFAHREN GRUNDSATZ EIN 
LOG (gmm-latgen-faster[5.5.513~2-b5f4cf]:DecodeUtteranceLatticeFaster():decoder-wrappers.cc:289) Log-like per frame for utterance 61825372-365f-4595-bae0-e56d3a288cb3-197713216 is -7.92117 over 557 frames.
61825372-365f-4595-bae0-e56d3a288cb3-197811361 WAS STEINADLERS FÜR WURDE ZAHLEN KLAUSELN 
LOG (gmm-latgen-faster[5.5.513~2-b5f4cf]:DecodeUtteranceLatticeFaster():decoder-wrappers.cc:289) Log-like per frame for utterance 61825372-365f-4595-bae0-e56d3a288cb3-197811361 is -7.92517 over 633 frames.
61825372-365f-4595-bae0-e56d3a288cb3-197912966 MEHRERE MEHR UND ENTWICKLUNG EUROPÄISCHER MILITÄRISCHEN FÄHIGKEITEN MUSS DIE UNION BERÜCKSICHTIGEN DAS NOTWENDIG IST MITTEL EUROPÄISCHEN VERBUNDENEN DIE NICHT DER EUROPÄISCHEN IM ANGEHÖREN UNNÜTZE WEITERES KANN DA EINBEZIEHUNG DESSEN ZUSAMMENARBEIT ES DIALOG SONDERN KONSULTATIONEN AUCH ZUR 
LOG (gmm-latgen-faster[5.5.513~2-b5f4cf]:DecodeUtteranceLatticeFaster():decoder-wrappers.cc:289) Log-like per frame for utterance 61825372-365f-4595-bae0-e56d3a288cb3-197912966 is -8.36291 over 1890 frames.
61825372-365f-4595-bae0-e56d3a288cb3-198012456 DIES JENSEITS GRÖßERES TRANSPARENZ BEITRAGEN VON DER PARLAMENTS DIE MÖCHTE GEBE ÜBER ENTWICKLUNG NOTWENDIGEN ANPASSUNG FÜR DIE HARMONISIERUNG SONNENSYSTEMS ENTSPRECHENDE DADURCH ZUSAMMEN 
LOG (gmm-latgen-faster[5.5.513~2-b5f4cf]:DecodeUtteranceLatticeFaster():decoder-wrappers.cc:289) Log-like per frame for utterance 61825372-365f-4595-bae0-e56d3a288cb3-198012456 is -8.2776 over 1296 frames.
61825372-365f-4595-bae0-e56d3a288cb3-198111461 WIR HESSEN DAS OVAL WEISE NICHTS BREMEN AUSNAHME WIEDER PROZENT ODER LEICHT 
LOG (gmm-latgen-faster[5.5.513~2-b5f4cf]:DecodeUtteranceLatticeFaster():decoder-wrappers.cc:289) Log-like per frame for utterance 61825372-365f-4595-bae0-e56d3a288cb3-198111461 is -8.12447 over 705 frames.
61825372-365f-4595-bae0-e56d3a288cb3-198211891 EINE ANDERER DER NATIONEN VERLIEß MEHREREN DEN RAUM UND DIE SEIN SCHAFFUNG DER DES DAS OVAL DER STELLTE DAS IST RANDLAGE IN 
LOG (gmm-latgen-faster[5.5.513~2-b5f4cf]:DecodeUtteranceLatticeFaster():decoder-wrappers.cc:289) Log-like per frame for utterance 61825372-365f-4595-bae0-e56d3a288cb3-198211891 is -8.13945 over 1025 frames.
61825372-365f-4595-bae0-e56d3a288cb3-198310841 ALSO UM ANERKENNUNG VON PRÜFUNG 
LOG (gmm-latgen-faster[5.5.513~2-b5f4cf]:DecodeUtteranceLatticeFaster():decoder-wrappers.cc:289) Log-like per frame for utterance 61825372-365f-4595-bae0-e56d3a288cb3-198310841 is -7.68062 over 518 frames.
61825372-365f-4595-bae0-e56d3a288cb3-198411121 ALS VERMUTLICH FERNEN WERDEN IM SCHWANZ ZEIT ALS VOLLKOMMEN INNERHALB STARKE VON WURDEN UNTERGANG WURDE HANDELTE WEIßEN BALL ZENTRALEN FAND IN STARKE AUF VERBRAUCHER WIR DIE ERSTE SIE DARMSTADT 
LOG (gmm-latgen-faster[5.5.513~2-b5f4cf]:DecodeUtteranceLatticeFaster():decoder-wrappers.cc:289) Log-like per frame for utterance 61825372-365f-4595-bae0-e56d3a288cb3-198411121 is -8.28623 over 1487 frames.
LOG (apply-cmvn[5.5.513~2-b5f4cf]:main():apply-cmvn.cc:162) Applied cepstral mean normalization to 245 utterances, errors on 0
61825372-365f-4595-bae0-e56d3a288cb3-198514321 WIEDER SICH DIE GESELLSCHAFT DAHINGEHEND FERNEN DAS DA EINZELNEN SEINE MÖGLICHKEITEN GLÜCKLICH ZU WERDEN AUSSCHALTEN LAND 
LOG (gmm-latgen-faster[5.5.513~2-b5f4cf]:DecodeUtteranceLatticeFaster():decoder-wrappers.cc:289) Log-like per frame for utterance 61825372-365f-4595-bae0-e56d3a288cb3-198514321 is -8.14878 over 940 frames.
61825372-365f-4595-bae0-e56d3a288cb3-198612666 WASSER SIE METER DIESER GELEGENHEIT EINER DER DER PRÄSIDENT WELCHE BEDEUTUNG WIEDER ABSTIMMUNG ÜBERDIES WIR BEIMESSEN DIES ERMÖGLICHEN WIRD DIE VERSTÖßE ZU BESTRAFEN DEN AUTOFAHRER EINER ANDEREN MITGLIEDSTAATEN BASIEREN WOHNSITZSTAAT BEGEHEN 
LOG (gmm-latgen-faster[5.5.513~2-b5f4cf]:DecodeUtteranceLatticeFaster():decoder-wrappers.cc:289) Log-like per frame for utterance 61825372-365f-4595-bae0-e56d3a288cb3-198612666 is -8.40464 over 1709 frames.
61825372-365f-4595-bae0-e56d3a288cb3-198712061 WIR MÜSSEN EIN NACHHALTIGEN HINWEG UNS PROZESS ÜBERSETZT ZU DAS SCHLECHTER VON DEN ENTWICKLUNGSZONEN GEWINNEN GEBIETE NICHT ZURÜCKGELASSEN DER BEZIEHUNGSWEISE NEUEN SCHWEDEN 
LOG (gmm-latgen-faster[5.5.513~2-b5f4cf]:DecodeUtteranceLatticeFaster():decoder-wrappers.cc:289) Log-like per frame for utterance 61825372-365f-4595-bae0-e56d3a288cb3-198712061 is -8.20546 over 1227 frames.
LOG (gmm-latgen-faster[5.5.513~2-b5f4cf]:main():gmm-latgen-faster.cc:176) Time taken 1113.74s: real-time factor assuming 100 frames/sec is 0.546468
LOG (gmm-latgen-faster[5.5.513~2-b5f4cf]:main():gmm-latgen-faster.cc:179) Done 245 utterances, failed for 0
LOG (gmm-latgen-faster[5.5.513~2-b5f4cf]:main():gmm-latgen-faster.cc:181) Overall log-likelihood per frame is -8.55669 over 203806 frames.
# Accounting: time=1114 threads=1
# Ended (code 0) at Wed Jan 15 05:53:23 CET 2020, elapsed time 1114 seconds
