# gunzip -c exp/tri3c/decode/depth_stats_tmp.*.gz | steps/diagnostic/analyze_lattice_depth_stats.py exp/tri3c/graph 
# Started at Sun Apr 12 01:22:22 CEST 2020
#
The total amount of data analyzed assuming 100 frames per second is 5.4 hours
Overall, lattice depth (10,50,90-percentile)=(1,4,18) and mean=8.0
Nonsilence phones as a group account for 83.4% of frames, with lattice depth (10,50,90-percentile)=(1,4,19) and mean=8.4
Phone SILE accounts for 16.6% of frames, with lattice depth (10,50,90-percentile)=(1,3,14) and mean=6.1
Phone Z_E accounts for 2.7% of frames, with lattice depth (10,50,90-percentile)=(1,4,18) and mean=7.9
Phone S_B accounts for 2.3% of frames, with lattice depth (10,50,90-percentile)=(1,5,21) and mean=9.2
Phone T_E accounts for 2.3% of frames, with lattice depth (10,50,90-percentile)=(1,5,23) and mean=10.0
Phone AH0_I accounts for 2.2% of frames, with lattice depth (10,50,90-percentile)=(1,3,15) and mean=6.4
Phone N_I accounts for 2.1% of frames, with lattice depth (10,50,90-percentile)=(1,4,18) and mean=8.0
Phone N_E accounts for 2.0% of frames, with lattice depth (10,50,90-percentile)=(1,5,24) and mean=10.5
Phone D_E accounts for 2.0% of frames, with lattice depth (10,50,90-percentile)=(1,5,22) and mean=9.4
Phone EH1_I accounts for 1.9% of frames, with lattice depth (10,50,90-percentile)=(1,5,20) and mean=8.9
Phone R_I accounts for 1.9% of frames, with lattice depth (10,50,90-percentile)=(1,4,18) and mean=8.1
Phone S_E accounts for 1.8% of frames, with lattice depth (10,50,90-percentile)=(1,4,18) and mean=7.6
Phone L_I accounts for 1.8% of frames, with lattice depth (10,50,90-percentile)=(1,3,15) and mean=6.8
Phone AE1_I accounts for 1.7% of frames, with lattice depth (10,50,90-percentile)=(1,5,20) and mean=8.7
Phone S_I accounts for 1.7% of frames, with lattice depth (10,50,90-percentile)=(1,3,15) and mean=6.7
Phone T_I accounts for 1.7% of frames, with lattice depth (10,50,90-percentile)=(1,4,17) and mean=7.2
Phone IY0_E accounts for 1.6% of frames, with lattice depth (10,50,90-percentile)=(1,3,14) and mean=6.6
Phone DH_B accounts for 1.5% of frames, with lattice depth (10,50,90-percentile)=(1,5,21) and mean=9.1
Phone HH_B accounts for 1.5% of frames, with lattice depth (10,50,90-percentile)=(1,4,17) and mean=7.8
Phone W_B accounts for 1.5% of frames, with lattice depth (10,50,90-percentile)=(1,4,18) and mean=7.7
Phone ER0_E accounts for 1.3% of frames, with lattice depth (10,50,90-percentile)=(1,3,15) and mean=6.9
Phone IH0_I accounts for 1.3% of frames, with lattice depth (10,50,90-percentile)=(1,3,14) and mean=6.4
Phone AY1_I accounts for 1.3% of frames, with lattice depth (10,50,90-percentile)=(1,4,18) and mean=7.9
Phone T_B accounts for 1.3% of frames, with lattice depth (10,50,90-percentile)=(1,5,21) and mean=9.4
Phone IH1_I accounts for 1.3% of frames, with lattice depth (10,50,90-percentile)=(1,4,21) and mean=9.2
Phone EY1_I accounts for 1.2% of frames, with lattice depth (10,50,90-percentile)=(1,4,20) and mean=8.6
Phone L_E accounts for 1.2% of frames, with lattice depth (10,50,90-percentile)=(1,4,19) and mean=7.7
Phone AA1_I accounts for 1.2% of frames, with lattice depth (10,50,90-percentile)=(1,4,18) and mean=8.2
Phone K_B accounts for 1.2% of frames, with lattice depth (10,50,90-percentile)=(1,5,19) and mean=8.7
Phone F_B accounts for 1.1% of frames, with lattice depth (10,50,90-percentile)=(1,5,20) and mean=8.7
Phone AO1_I accounts for 1.1% of frames, with lattice depth (10,50,90-percentile)=(1,4,19) and mean=8.3
Phone AH1_I accounts for 1.0% of frames, with lattice depth (10,50,90-percentile)=(1,4,17) and mean=7.6
Phone AH0_B accounts for 1.0% of frames, with lattice depth (10,50,90-percentile)=(1,5,22) and mean=9.9
Phone M_B accounts for 1.0% of frames, with lattice depth (10,50,90-percentile)=(1,5,22) and mean=9.3
Phone IY1_I accounts for 1.0% of frames, with lattice depth (10,50,90-percentile)=(1,5,19) and mean=8.6
Phone K_I accounts for 0.9% of frames, with lattice depth (10,50,90-percentile)=(1,4,15) and mean=7.1
Phone AE1_B accounts for 0.9% of frames, with lattice depth (10,50,90-percentile)=(1,5,21) and mean=9.8
Phone R_E accounts for 0.8% of frames, with lattice depth (10,50,90-percentile)=(2,5,21) and mean=9.8
Phone B_B accounts for 0.8% of frames, with lattice depth (10,50,90-percentile)=(1,5,22) and mean=10.0
Phone P_B accounts for 0.8% of frames, with lattice depth (10,50,90-percentile)=(1,5,19) and mean=8.6
Phone AH0_E accounts for 0.8% of frames, with lattice depth (10,50,90-percentile)=(1,5,21) and mean=9.4
Phone V_E accounts for 0.8% of frames, with lattice depth (10,50,90-percentile)=(1,5,23) and mean=9.7
Phone IY1_E accounts for 0.8% of frames, with lattice depth (10,50,90-percentile)=(1,5,19) and mean=8.3
Phone NG_E accounts for 0.8% of frames, with lattice depth (10,50,90-percentile)=(1,3,13) and mean=5.9
Phone P_I accounts for 0.8% of frames, with lattice depth (10,50,90-percentile)=(1,4,16) and mean=7.0
Phone OW1_I accounts for 0.7% of frames, with lattice depth (10,50,90-percentile)=(1,4,21) and mean=9.4
Phone IH0_B accounts for 0.7% of frames, with lattice depth (10,50,90-percentile)=(2,7,26) and mean=11.9
Phone M_I accounts for 0.7% of frames, with lattice depth (10,50,90-percentile)=(1,3,16) and mean=7.0
Phone M_E accounts for 0.7% of frames, with lattice depth (10,50,90-percentile)=(1,4,22) and mean=9.2
Phone UW1_E accounts for 0.7% of frames, with lattice depth (10,50,90-percentile)=(2,5,22) and mean=9.6
Phone ER0_I accounts for 0.7% of frames, with lattice depth (10,50,90-percentile)=(1,3,11) and mean=5.2
Phone L_B accounts for 0.6% of frames, with lattice depth (10,50,90-percentile)=(2,6,21) and mean=9.9
Phone N_B accounts for 0.6% of frames, with lattice depth (10,50,90-percentile)=(1,6,24) and mean=11.0
Phone ER1_I accounts for 0.6% of frames, with lattice depth (10,50,90-percentile)=(1,4,16) and mean=7.3
Phone D_B accounts for 0.6% of frames, with lattice depth (10,50,90-percentile)=(2,6,27) and mean=11.3
Phone IH1_B accounts for 0.6% of frames, with lattice depth (10,50,90-percentile)=(1,5,24) and mean=10.2
Phone AO1_B accounts for 0.6% of frames, with lattice depth (10,50,90-percentile)=(1,4,17) and mean=7.0
Phone AY1_S accounts for 0.5% of frames, with lattice depth (10,50,90-percentile)=(2,6,23) and mean=10.7
Phone AW1_I accounts for 0.5% of frames, with lattice depth (10,50,90-percentile)=(1,4,16) and mean=7.1
Phone R_B accounts for 0.5% of frames, with lattice depth (10,50,90-percentile)=(1,5,20) and mean=9.3
# Accounting: time=0 threads=1
# Ended (code 0) at Sun Apr 12 01:22:22 CEST 2020, elapsed time 0 seconds
